[2023-03-23 22:57:13,648] {processor.py:153} INFO - Started process (PID=1810) to work on /Users/gabrielroger/Documents/projects/weather-data/.venv/lib/python3.9/site-packages/airflow/example_dags/plugins/workday.py
[2023-03-23 22:57:13,648] {processor.py:641} INFO - Processing file /Users/gabrielroger/Documents/projects/weather-data/.venv/lib/python3.9/site-packages/airflow/example_dags/plugins/workday.py for tasks to queue
[2023-03-23 22:57:13,648] {logging_mixin.py:115} INFO - [2023-03-23 22:57:13,648] {dagbag.py:507} INFO - Filling up the DagBag from /Users/gabrielroger/Documents/projects/weather-data/.venv/lib/python3.9/site-packages/airflow/example_dags/plugins/workday.py
[2023-03-23 22:57:13,648] {processor.py:653} WARNING - No viable dags retrieved from /Users/gabrielroger/Documents/projects/weather-data/.venv/lib/python3.9/site-packages/airflow/example_dags/plugins/workday.py
[2023-03-23 22:57:13,667] {processor.py:161} INFO - Processing /Users/gabrielroger/Documents/projects/weather-data/.venv/lib/python3.9/site-packages/airflow/example_dags/plugins/workday.py took 0.020 seconds
[2023-03-23 22:58:05,957] {processor.py:153} INFO - Started process (PID=1850) to work on /Users/gabrielroger/Documents/projects/weather-data/.venv/lib/python3.9/site-packages/airflow/example_dags/plugins/workday.py
[2023-03-23 22:58:05,958] {processor.py:641} INFO - Processing file /Users/gabrielroger/Documents/projects/weather-data/.venv/lib/python3.9/site-packages/airflow/example_dags/plugins/workday.py for tasks to queue
[2023-03-23 22:58:05,958] {logging_mixin.py:115} INFO - [2023-03-23 22:58:05,958] {dagbag.py:507} INFO - Filling up the DagBag from /Users/gabrielroger/Documents/projects/weather-data/.venv/lib/python3.9/site-packages/airflow/example_dags/plugins/workday.py
[2023-03-23 22:58:05,959] {processor.py:653} WARNING - No viable dags retrieved from /Users/gabrielroger/Documents/projects/weather-data/.venv/lib/python3.9/site-packages/airflow/example_dags/plugins/workday.py
[2023-03-23 22:58:05,978] {processor.py:161} INFO - Processing /Users/gabrielroger/Documents/projects/weather-data/.venv/lib/python3.9/site-packages/airflow/example_dags/plugins/workday.py took 0.021 seconds
[2023-03-23 22:58:45,462] {processor.py:153} INFO - Started process (PID=1879) to work on /Users/gabrielroger/Documents/projects/weather-data/.venv/lib/python3.9/site-packages/airflow/example_dags/plugins/workday.py
[2023-03-23 22:58:45,463] {processor.py:641} INFO - Processing file /Users/gabrielroger/Documents/projects/weather-data/.venv/lib/python3.9/site-packages/airflow/example_dags/plugins/workday.py for tasks to queue
[2023-03-23 22:58:45,463] {logging_mixin.py:115} INFO - [2023-03-23 22:58:45,463] {dagbag.py:507} INFO - Filling up the DagBag from /Users/gabrielroger/Documents/projects/weather-data/.venv/lib/python3.9/site-packages/airflow/example_dags/plugins/workday.py
[2023-03-23 22:58:45,464] {processor.py:653} WARNING - No viable dags retrieved from /Users/gabrielroger/Documents/projects/weather-data/.venv/lib/python3.9/site-packages/airflow/example_dags/plugins/workday.py
[2023-03-23 22:58:45,483] {processor.py:161} INFO - Processing /Users/gabrielroger/Documents/projects/weather-data/.venv/lib/python3.9/site-packages/airflow/example_dags/plugins/workday.py took 0.021 seconds
[2023-03-23 22:59:25,929] {processor.py:153} INFO - Started process (PID=1915) to work on /Users/gabrielroger/Documents/projects/weather-data/.venv/lib/python3.9/site-packages/airflow/example_dags/plugins/workday.py
[2023-03-23 22:59:25,930] {processor.py:641} INFO - Processing file /Users/gabrielroger/Documents/projects/weather-data/.venv/lib/python3.9/site-packages/airflow/example_dags/plugins/workday.py for tasks to queue
[2023-03-23 22:59:25,931] {logging_mixin.py:115} INFO - [2023-03-23 22:59:25,930] {dagbag.py:507} INFO - Filling up the DagBag from /Users/gabrielroger/Documents/projects/weather-data/.venv/lib/python3.9/site-packages/airflow/example_dags/plugins/workday.py
[2023-03-23 22:59:25,931] {processor.py:653} WARNING - No viable dags retrieved from /Users/gabrielroger/Documents/projects/weather-data/.venv/lib/python3.9/site-packages/airflow/example_dags/plugins/workday.py
[2023-03-23 22:59:25,949] {processor.py:161} INFO - Processing /Users/gabrielroger/Documents/projects/weather-data/.venv/lib/python3.9/site-packages/airflow/example_dags/plugins/workday.py took 0.020 seconds
[2023-03-23 23:00:09,564] {processor.py:153} INFO - Started process (PID=1956) to work on /Users/gabrielroger/Documents/projects/weather-data/.venv/lib/python3.9/site-packages/airflow/example_dags/plugins/workday.py
[2023-03-23 23:00:09,565] {processor.py:641} INFO - Processing file /Users/gabrielroger/Documents/projects/weather-data/.venv/lib/python3.9/site-packages/airflow/example_dags/plugins/workday.py for tasks to queue
[2023-03-23 23:00:09,565] {logging_mixin.py:115} INFO - [2023-03-23 23:00:09,565] {dagbag.py:507} INFO - Filling up the DagBag from /Users/gabrielroger/Documents/projects/weather-data/.venv/lib/python3.9/site-packages/airflow/example_dags/plugins/workday.py
[2023-03-23 23:00:09,566] {processor.py:653} WARNING - No viable dags retrieved from /Users/gabrielroger/Documents/projects/weather-data/.venv/lib/python3.9/site-packages/airflow/example_dags/plugins/workday.py
[2023-03-23 23:00:09,584] {processor.py:161} INFO - Processing /Users/gabrielroger/Documents/projects/weather-data/.venv/lib/python3.9/site-packages/airflow/example_dags/plugins/workday.py took 0.020 seconds
[2023-03-23 23:01:00,253] {processor.py:153} INFO - Started process (PID=1994) to work on /Users/gabrielroger/Documents/projects/weather-data/.venv/lib/python3.9/site-packages/airflow/example_dags/plugins/workday.py
[2023-03-23 23:01:00,254] {processor.py:641} INFO - Processing file /Users/gabrielroger/Documents/projects/weather-data/.venv/lib/python3.9/site-packages/airflow/example_dags/plugins/workday.py for tasks to queue
[2023-03-23 23:01:00,254] {logging_mixin.py:115} INFO - [2023-03-23 23:01:00,254] {dagbag.py:507} INFO - Filling up the DagBag from /Users/gabrielroger/Documents/projects/weather-data/.venv/lib/python3.9/site-packages/airflow/example_dags/plugins/workday.py
[2023-03-23 23:01:00,254] {processor.py:653} WARNING - No viable dags retrieved from /Users/gabrielroger/Documents/projects/weather-data/.venv/lib/python3.9/site-packages/airflow/example_dags/plugins/workday.py
[2023-03-23 23:01:00,273] {processor.py:161} INFO - Processing /Users/gabrielroger/Documents/projects/weather-data/.venv/lib/python3.9/site-packages/airflow/example_dags/plugins/workday.py took 0.020 seconds
[2023-03-23 23:01:45,909] {processor.py:153} INFO - Started process (PID=2036) to work on /Users/gabrielroger/Documents/projects/weather-data/.venv/lib/python3.9/site-packages/airflow/example_dags/plugins/workday.py
[2023-03-23 23:01:45,910] {processor.py:641} INFO - Processing file /Users/gabrielroger/Documents/projects/weather-data/.venv/lib/python3.9/site-packages/airflow/example_dags/plugins/workday.py for tasks to queue
[2023-03-23 23:01:45,911] {logging_mixin.py:115} INFO - [2023-03-23 23:01:45,910] {dagbag.py:507} INFO - Filling up the DagBag from /Users/gabrielroger/Documents/projects/weather-data/.venv/lib/python3.9/site-packages/airflow/example_dags/plugins/workday.py
[2023-03-23 23:01:45,911] {processor.py:653} WARNING - No viable dags retrieved from /Users/gabrielroger/Documents/projects/weather-data/.venv/lib/python3.9/site-packages/airflow/example_dags/plugins/workday.py
[2023-03-23 23:01:45,930] {processor.py:161} INFO - Processing /Users/gabrielroger/Documents/projects/weather-data/.venv/lib/python3.9/site-packages/airflow/example_dags/plugins/workday.py took 0.021 seconds
[2023-03-23 23:02:22,916] {processor.py:153} INFO - Started process (PID=2072) to work on /Users/gabrielroger/Documents/projects/weather-data/.venv/lib/python3.9/site-packages/airflow/example_dags/plugins/workday.py
[2023-03-23 23:02:22,916] {processor.py:641} INFO - Processing file /Users/gabrielroger/Documents/projects/weather-data/.venv/lib/python3.9/site-packages/airflow/example_dags/plugins/workday.py for tasks to queue
[2023-03-23 23:02:22,916] {logging_mixin.py:115} INFO - [2023-03-23 23:02:22,916] {dagbag.py:507} INFO - Filling up the DagBag from /Users/gabrielroger/Documents/projects/weather-data/.venv/lib/python3.9/site-packages/airflow/example_dags/plugins/workday.py
[2023-03-23 23:02:22,916] {processor.py:653} WARNING - No viable dags retrieved from /Users/gabrielroger/Documents/projects/weather-data/.venv/lib/python3.9/site-packages/airflow/example_dags/plugins/workday.py
[2023-03-23 23:02:22,935] {processor.py:161} INFO - Processing /Users/gabrielroger/Documents/projects/weather-data/.venv/lib/python3.9/site-packages/airflow/example_dags/plugins/workday.py took 0.020 seconds
[2023-03-23 23:03:11,923] {processor.py:153} INFO - Started process (PID=2122) to work on /Users/gabrielroger/Documents/projects/weather-data/.venv/lib/python3.9/site-packages/airflow/example_dags/plugins/workday.py
[2023-03-23 23:03:11,923] {processor.py:641} INFO - Processing file /Users/gabrielroger/Documents/projects/weather-data/.venv/lib/python3.9/site-packages/airflow/example_dags/plugins/workday.py for tasks to queue
[2023-03-23 23:03:11,924] {logging_mixin.py:115} INFO - [2023-03-23 23:03:11,924] {dagbag.py:507} INFO - Filling up the DagBag from /Users/gabrielroger/Documents/projects/weather-data/.venv/lib/python3.9/site-packages/airflow/example_dags/plugins/workday.py
[2023-03-23 23:03:11,924] {processor.py:653} WARNING - No viable dags retrieved from /Users/gabrielroger/Documents/projects/weather-data/.venv/lib/python3.9/site-packages/airflow/example_dags/plugins/workday.py
[2023-03-23 23:03:11,943] {processor.py:161} INFO - Processing /Users/gabrielroger/Documents/projects/weather-data/.venv/lib/python3.9/site-packages/airflow/example_dags/plugins/workday.py took 0.020 seconds
[2023-03-23 23:03:51,518] {processor.py:153} INFO - Started process (PID=2150) to work on /Users/gabrielroger/Documents/projects/weather-data/.venv/lib/python3.9/site-packages/airflow/example_dags/plugins/workday.py
[2023-03-23 23:03:51,519] {processor.py:641} INFO - Processing file /Users/gabrielroger/Documents/projects/weather-data/.venv/lib/python3.9/site-packages/airflow/example_dags/plugins/workday.py for tasks to queue
[2023-03-23 23:03:51,519] {logging_mixin.py:115} INFO - [2023-03-23 23:03:51,519] {dagbag.py:507} INFO - Filling up the DagBag from /Users/gabrielroger/Documents/projects/weather-data/.venv/lib/python3.9/site-packages/airflow/example_dags/plugins/workday.py
[2023-03-23 23:03:51,520] {processor.py:653} WARNING - No viable dags retrieved from /Users/gabrielroger/Documents/projects/weather-data/.venv/lib/python3.9/site-packages/airflow/example_dags/plugins/workday.py
[2023-03-23 23:03:51,539] {processor.py:161} INFO - Processing /Users/gabrielroger/Documents/projects/weather-data/.venv/lib/python3.9/site-packages/airflow/example_dags/plugins/workday.py took 0.021 seconds
[2023-03-23 23:04:30,026] {processor.py:153} INFO - Started process (PID=2180) to work on /Users/gabrielroger/Documents/projects/weather-data/.venv/lib/python3.9/site-packages/airflow/example_dags/plugins/workday.py
[2023-03-23 23:04:30,027] {processor.py:641} INFO - Processing file /Users/gabrielroger/Documents/projects/weather-data/.venv/lib/python3.9/site-packages/airflow/example_dags/plugins/workday.py for tasks to queue
[2023-03-23 23:04:30,027] {logging_mixin.py:115} INFO - [2023-03-23 23:04:30,027] {dagbag.py:507} INFO - Filling up the DagBag from /Users/gabrielroger/Documents/projects/weather-data/.venv/lib/python3.9/site-packages/airflow/example_dags/plugins/workday.py
[2023-03-23 23:04:30,028] {processor.py:653} WARNING - No viable dags retrieved from /Users/gabrielroger/Documents/projects/weather-data/.venv/lib/python3.9/site-packages/airflow/example_dags/plugins/workday.py
[2023-03-23 23:04:30,046] {processor.py:161} INFO - Processing /Users/gabrielroger/Documents/projects/weather-data/.venv/lib/python3.9/site-packages/airflow/example_dags/plugins/workday.py took 0.021 seconds
[2023-03-23 23:05:06,462] {processor.py:153} INFO - Started process (PID=2208) to work on /Users/gabrielroger/Documents/projects/weather-data/.venv/lib/python3.9/site-packages/airflow/example_dags/plugins/workday.py
[2023-03-23 23:05:06,463] {processor.py:641} INFO - Processing file /Users/gabrielroger/Documents/projects/weather-data/.venv/lib/python3.9/site-packages/airflow/example_dags/plugins/workday.py for tasks to queue
[2023-03-23 23:05:06,463] {logging_mixin.py:115} INFO - [2023-03-23 23:05:06,463] {dagbag.py:507} INFO - Filling up the DagBag from /Users/gabrielroger/Documents/projects/weather-data/.venv/lib/python3.9/site-packages/airflow/example_dags/plugins/workday.py
[2023-03-23 23:05:06,464] {processor.py:653} WARNING - No viable dags retrieved from /Users/gabrielroger/Documents/projects/weather-data/.venv/lib/python3.9/site-packages/airflow/example_dags/plugins/workday.py
[2023-03-23 23:05:06,482] {processor.py:161} INFO - Processing /Users/gabrielroger/Documents/projects/weather-data/.venv/lib/python3.9/site-packages/airflow/example_dags/plugins/workday.py took 0.021 seconds
[2023-03-23 23:05:45,348] {processor.py:153} INFO - Started process (PID=2239) to work on /Users/gabrielroger/Documents/projects/weather-data/.venv/lib/python3.9/site-packages/airflow/example_dags/plugins/workday.py
[2023-03-23 23:05:45,348] {processor.py:641} INFO - Processing file /Users/gabrielroger/Documents/projects/weather-data/.venv/lib/python3.9/site-packages/airflow/example_dags/plugins/workday.py for tasks to queue
[2023-03-23 23:05:45,348] {logging_mixin.py:115} INFO - [2023-03-23 23:05:45,348] {dagbag.py:507} INFO - Filling up the DagBag from /Users/gabrielroger/Documents/projects/weather-data/.venv/lib/python3.9/site-packages/airflow/example_dags/plugins/workday.py
[2023-03-23 23:05:45,348] {processor.py:653} WARNING - No viable dags retrieved from /Users/gabrielroger/Documents/projects/weather-data/.venv/lib/python3.9/site-packages/airflow/example_dags/plugins/workday.py
[2023-03-23 23:05:45,368] {processor.py:161} INFO - Processing /Users/gabrielroger/Documents/projects/weather-data/.venv/lib/python3.9/site-packages/airflow/example_dags/plugins/workday.py took 0.020 seconds
[2023-03-23 23:06:24,356] {processor.py:153} INFO - Started process (PID=2278) to work on /Users/gabrielroger/Documents/projects/weather-data/.venv/lib/python3.9/site-packages/airflow/example_dags/plugins/workday.py
[2023-03-23 23:06:24,357] {processor.py:641} INFO - Processing file /Users/gabrielroger/Documents/projects/weather-data/.venv/lib/python3.9/site-packages/airflow/example_dags/plugins/workday.py for tasks to queue
[2023-03-23 23:06:24,357] {logging_mixin.py:115} INFO - [2023-03-23 23:06:24,357] {dagbag.py:507} INFO - Filling up the DagBag from /Users/gabrielroger/Documents/projects/weather-data/.venv/lib/python3.9/site-packages/airflow/example_dags/plugins/workday.py
[2023-03-23 23:06:24,357] {processor.py:653} WARNING - No viable dags retrieved from /Users/gabrielroger/Documents/projects/weather-data/.venv/lib/python3.9/site-packages/airflow/example_dags/plugins/workday.py
[2023-03-23 23:06:24,376] {processor.py:161} INFO - Processing /Users/gabrielroger/Documents/projects/weather-data/.venv/lib/python3.9/site-packages/airflow/example_dags/plugins/workday.py took 0.020 seconds
[2023-03-23 23:07:15,043] {processor.py:153} INFO - Started process (PID=2317) to work on /Users/gabrielroger/Documents/projects/weather-data/.venv/lib/python3.9/site-packages/airflow/example_dags/plugins/workday.py
[2023-03-23 23:07:15,044] {processor.py:641} INFO - Processing file /Users/gabrielroger/Documents/projects/weather-data/.venv/lib/python3.9/site-packages/airflow/example_dags/plugins/workday.py for tasks to queue
[2023-03-23 23:07:15,044] {logging_mixin.py:115} INFO - [2023-03-23 23:07:15,044] {dagbag.py:507} INFO - Filling up the DagBag from /Users/gabrielroger/Documents/projects/weather-data/.venv/lib/python3.9/site-packages/airflow/example_dags/plugins/workday.py
[2023-03-23 23:07:15,045] {processor.py:653} WARNING - No viable dags retrieved from /Users/gabrielroger/Documents/projects/weather-data/.venv/lib/python3.9/site-packages/airflow/example_dags/plugins/workday.py
[2023-03-23 23:07:15,063] {processor.py:161} INFO - Processing /Users/gabrielroger/Documents/projects/weather-data/.venv/lib/python3.9/site-packages/airflow/example_dags/plugins/workday.py took 0.021 seconds
[2023-03-23 23:07:45,975] {processor.py:153} INFO - Started process (PID=2347) to work on /Users/gabrielroger/Documents/projects/weather-data/.venv/lib/python3.9/site-packages/airflow/example_dags/plugins/workday.py
[2023-03-23 23:07:45,976] {processor.py:641} INFO - Processing file /Users/gabrielroger/Documents/projects/weather-data/.venv/lib/python3.9/site-packages/airflow/example_dags/plugins/workday.py for tasks to queue
[2023-03-23 23:07:45,976] {logging_mixin.py:115} INFO - [2023-03-23 23:07:45,976] {dagbag.py:507} INFO - Filling up the DagBag from /Users/gabrielroger/Documents/projects/weather-data/.venv/lib/python3.9/site-packages/airflow/example_dags/plugins/workday.py
[2023-03-23 23:07:45,977] {processor.py:653} WARNING - No viable dags retrieved from /Users/gabrielroger/Documents/projects/weather-data/.venv/lib/python3.9/site-packages/airflow/example_dags/plugins/workday.py
[2023-03-23 23:07:45,995] {processor.py:161} INFO - Processing /Users/gabrielroger/Documents/projects/weather-data/.venv/lib/python3.9/site-packages/airflow/example_dags/plugins/workday.py took 0.021 seconds
[2023-03-23 23:08:35,138] {processor.py:153} INFO - Started process (PID=2388) to work on /Users/gabrielroger/Documents/projects/weather-data/.venv/lib/python3.9/site-packages/airflow/example_dags/plugins/workday.py
[2023-03-23 23:08:35,139] {processor.py:641} INFO - Processing file /Users/gabrielroger/Documents/projects/weather-data/.venv/lib/python3.9/site-packages/airflow/example_dags/plugins/workday.py for tasks to queue
[2023-03-23 23:08:35,139] {logging_mixin.py:115} INFO - [2023-03-23 23:08:35,139] {dagbag.py:507} INFO - Filling up the DagBag from /Users/gabrielroger/Documents/projects/weather-data/.venv/lib/python3.9/site-packages/airflow/example_dags/plugins/workday.py
[2023-03-23 23:08:35,140] {processor.py:653} WARNING - No viable dags retrieved from /Users/gabrielroger/Documents/projects/weather-data/.venv/lib/python3.9/site-packages/airflow/example_dags/plugins/workday.py
[2023-03-23 23:08:35,159] {processor.py:161} INFO - Processing /Users/gabrielroger/Documents/projects/weather-data/.venv/lib/python3.9/site-packages/airflow/example_dags/plugins/workday.py took 0.021 seconds
[2023-03-23 23:09:19,660] {processor.py:153} INFO - Started process (PID=2420) to work on /Users/gabrielroger/Documents/projects/weather-data/.venv/lib/python3.9/site-packages/airflow/example_dags/plugins/workday.py
[2023-03-23 23:09:19,660] {processor.py:641} INFO - Processing file /Users/gabrielroger/Documents/projects/weather-data/.venv/lib/python3.9/site-packages/airflow/example_dags/plugins/workday.py for tasks to queue
[2023-03-23 23:09:19,660] {logging_mixin.py:115} INFO - [2023-03-23 23:09:19,660] {dagbag.py:507} INFO - Filling up the DagBag from /Users/gabrielroger/Documents/projects/weather-data/.venv/lib/python3.9/site-packages/airflow/example_dags/plugins/workday.py
[2023-03-23 23:09:19,661] {processor.py:653} WARNING - No viable dags retrieved from /Users/gabrielroger/Documents/projects/weather-data/.venv/lib/python3.9/site-packages/airflow/example_dags/plugins/workday.py
[2023-03-23 23:09:19,680] {processor.py:161} INFO - Processing /Users/gabrielroger/Documents/projects/weather-data/.venv/lib/python3.9/site-packages/airflow/example_dags/plugins/workday.py took 0.021 seconds
[2023-03-23 23:10:02,739] {processor.py:153} INFO - Started process (PID=2455) to work on /Users/gabrielroger/Documents/projects/weather-data/.venv/lib/python3.9/site-packages/airflow/example_dags/plugins/workday.py
[2023-03-23 23:10:02,739] {processor.py:641} INFO - Processing file /Users/gabrielroger/Documents/projects/weather-data/.venv/lib/python3.9/site-packages/airflow/example_dags/plugins/workday.py for tasks to queue
[2023-03-23 23:10:02,739] {logging_mixin.py:115} INFO - [2023-03-23 23:10:02,739] {dagbag.py:507} INFO - Filling up the DagBag from /Users/gabrielroger/Documents/projects/weather-data/.venv/lib/python3.9/site-packages/airflow/example_dags/plugins/workday.py
[2023-03-23 23:10:02,739] {processor.py:653} WARNING - No viable dags retrieved from /Users/gabrielroger/Documents/projects/weather-data/.venv/lib/python3.9/site-packages/airflow/example_dags/plugins/workday.py
[2023-03-23 23:10:02,758] {processor.py:161} INFO - Processing /Users/gabrielroger/Documents/projects/weather-data/.venv/lib/python3.9/site-packages/airflow/example_dags/plugins/workday.py took 0.020 seconds
[2023-03-23 23:10:43,477] {processor.py:153} INFO - Started process (PID=2485) to work on /Users/gabrielroger/Documents/projects/weather-data/.venv/lib/python3.9/site-packages/airflow/example_dags/plugins/workday.py
[2023-03-23 23:10:43,478] {processor.py:641} INFO - Processing file /Users/gabrielroger/Documents/projects/weather-data/.venv/lib/python3.9/site-packages/airflow/example_dags/plugins/workday.py for tasks to queue
[2023-03-23 23:10:43,478] {logging_mixin.py:115} INFO - [2023-03-23 23:10:43,478] {dagbag.py:507} INFO - Filling up the DagBag from /Users/gabrielroger/Documents/projects/weather-data/.venv/lib/python3.9/site-packages/airflow/example_dags/plugins/workday.py
[2023-03-23 23:10:43,478] {processor.py:653} WARNING - No viable dags retrieved from /Users/gabrielroger/Documents/projects/weather-data/.venv/lib/python3.9/site-packages/airflow/example_dags/plugins/workday.py
[2023-03-23 23:10:43,497] {processor.py:161} INFO - Processing /Users/gabrielroger/Documents/projects/weather-data/.venv/lib/python3.9/site-packages/airflow/example_dags/plugins/workday.py took 0.020 seconds
