[2023-03-29 22:18:50,674] {taskinstance.py:1159} INFO - Dependencies all met for <TaskInstance: atv.get_hello scheduled__2023-03-29T00:00:00+00:00 [queued]>
[2023-03-29 22:18:50,676] {taskinstance.py:1159} INFO - Dependencies all met for <TaskInstance: atv.get_hello scheduled__2023-03-29T00:00:00+00:00 [queued]>
[2023-03-29 22:18:50,676] {taskinstance.py:1356} INFO - 
--------------------------------------------------------------------------------
[2023-03-29 22:18:50,676] {taskinstance.py:1357} INFO - Starting attempt 1 of 1
[2023-03-29 22:18:50,676] {taskinstance.py:1358} INFO - 
--------------------------------------------------------------------------------
[2023-03-29 22:18:50,682] {taskinstance.py:1377} INFO - Executing <Task(PythonOperator): get_hello> on 2023-03-29 00:00:00+00:00
[2023-03-29 22:18:50,686] {standard_task_runner.py:52} INFO - Started process 5183 to run task
[2023-03-29 22:18:50,689] {standard_task_runner.py:79} INFO - Running: ['airflow', 'tasks', 'run', 'atv', 'get_hello', 'scheduled__2023-03-29T00:00:00+00:00', '--job-id', '30', '--raw', '--subdir', 'DAGS_FOLDER/atv.py', '--cfg-path', '/var/folders/1t/ncp0s87s3bd37gfvks3bsb3w0000gn/T/tmpm67ulgjs', '--error-file', '/var/folders/1t/ncp0s87s3bd37gfvks3bsb3w0000gn/T/tmpul64j02y']
[2023-03-29 22:18:50,690] {standard_task_runner.py:80} INFO - Job 30: Subtask get_hello
[2023-03-29 22:18:50,712] {task_command.py:370} INFO - Running <TaskInstance: atv.get_hello scheduled__2023-03-29T00:00:00+00:00 [running]> on host MacBook-Air-de-Gabriel.local
[2023-03-29 22:18:50,734] {taskinstance.py:1569} INFO - Exporting the following env vars:
AIRFLOW_CTX_DAG_OWNER=airflow
AIRFLOW_CTX_DAG_ID=atv
AIRFLOW_CTX_TASK_ID=get_hello
AIRFLOW_CTX_EXECUTION_DATE=2023-03-29T00:00:00+00:00
AIRFLOW_CTX_TRY_NUMBER=1
AIRFLOW_CTX_DAG_RUN_ID=scheduled__2023-03-29T00:00:00+00:00
[2023-03-29 22:18:50,734] {logging_mixin.py:115} INFO - opa, hello
[2023-03-29 22:18:50,734] {python.py:173} INFO - Done. Returned value was: None
[2023-03-29 22:18:50,738] {taskinstance.py:1395} INFO - Marking task as SUCCESS. dag_id=atv, task_id=get_hello, execution_date=20230329T000000, start_date=20230330T011850, end_date=20230330T011850
[2023-03-29 22:18:50,751] {local_task_job.py:156} INFO - Task exited with return code 0
[2023-03-29 22:18:50,762] {local_task_job.py:273} INFO - 0 downstream tasks scheduled from follow-on schedule check
