[2023-03-29 23:50:41,760] {taskinstance.py:1159} INFO - Dependencies all met for <TaskInstance: weather_dag.extraction_weather_data manual__2023-03-30T02:50:37.539486+00:00 [queued]>
[2023-03-29 23:50:41,763] {taskinstance.py:1159} INFO - Dependencies all met for <TaskInstance: weather_dag.extraction_weather_data manual__2023-03-30T02:50:37.539486+00:00 [queued]>
[2023-03-29 23:50:41,763] {taskinstance.py:1356} INFO - 
--------------------------------------------------------------------------------
[2023-03-29 23:50:41,763] {taskinstance.py:1357} INFO - Starting attempt 1 of 1
[2023-03-29 23:50:41,763] {taskinstance.py:1358} INFO - 
--------------------------------------------------------------------------------
[2023-03-29 23:50:41,768] {taskinstance.py:1377} INFO - Executing <Task(PythonOperator): extraction_weather_data> on 2023-03-30 02:50:37.539486+00:00
[2023-03-29 23:50:41,773] {standard_task_runner.py:52} INFO - Started process 15007 to run task
[2023-03-29 23:50:41,777] {standard_task_runner.py:79} INFO - Running: ['airflow', 'tasks', 'run', 'weather_dag', 'extraction_weather_data', 'manual__2023-03-30T02:50:37.539486+00:00', '--job-id', '79', '--raw', '--subdir', 'DAGS_FOLDER/weather_dag.py', '--cfg-path', '/var/folders/1t/ncp0s87s3bd37gfvks3bsb3w0000gn/T/tmpv_9ijgzb', '--error-file', '/var/folders/1t/ncp0s87s3bd37gfvks3bsb3w0000gn/T/tmpqzpq8rkj']
[2023-03-29 23:50:41,778] {standard_task_runner.py:80} INFO - Job 79: Subtask extraction_weather_data
[2023-03-29 23:50:41,803] {task_command.py:370} INFO - Running <TaskInstance: weather_dag.extraction_weather_data manual__2023-03-30T02:50:37.539486+00:00 [running]> on host MacBook-Air-de-Gabriel.local
[2023-03-29 23:50:41,827] {taskinstance.py:1569} INFO - Exporting the following env vars:
AIRFLOW_CTX_DAG_OWNER=airflow
AIRFLOW_CTX_DAG_ID=weather_dag
AIRFLOW_CTX_TASK_ID=extraction_weather_data
AIRFLOW_CTX_EXECUTION_DATE=2023-03-30T02:50:37.539486+00:00
AIRFLOW_CTX_TRY_NUMBER=1
AIRFLOW_CTX_DAG_RUN_ID=manual__2023-03-30T02:50:37.539486+00:00
[2023-03-29 23:50:42,780] {python.py:173} INFO - Done. Returned value was: None
[2023-03-29 23:50:42,789] {taskinstance.py:1395} INFO - Marking task as SUCCESS. dag_id=weather_dag, task_id=extraction_weather_data, execution_date=20230330T025037, start_date=20230330T025041, end_date=20230330T025042
[2023-03-29 23:50:42,816] {local_task_job.py:156} INFO - Task exited with return code 0
[2023-03-29 23:50:42,836] {local_task_job.py:273} INFO - 0 downstream tasks scheduled from follow-on schedule check
