[2023-03-27 21:10:03,934] {processor.py:153} INFO - Started process (PID=6085) to work on /Users/gabrielroger/Documents/projects/weather-data/.venv/lib/python3.9/site-packages/airflow/example_dags/example_nested_branch_dag.py
[2023-03-27 21:10:03,934] {processor.py:641} INFO - Processing file /Users/gabrielroger/Documents/projects/weather-data/.venv/lib/python3.9/site-packages/airflow/example_dags/example_nested_branch_dag.py for tasks to queue
[2023-03-27 21:10:03,934] {logging_mixin.py:115} INFO - [2023-03-27 21:10:03,934] {dagbag.py:507} INFO - Filling up the DagBag from /Users/gabrielroger/Documents/projects/weather-data/.venv/lib/python3.9/site-packages/airflow/example_dags/example_nested_branch_dag.py
[2023-03-27 21:10:03,949] {processor.py:651} INFO - DAG(s) dict_keys(['example_nested_branch_dag']) retrieved from /Users/gabrielroger/Documents/projects/weather-data/.venv/lib/python3.9/site-packages/airflow/example_dags/example_nested_branch_dag.py
[2023-03-27 21:10:03,979] {logging_mixin.py:115} INFO - [2023-03-27 21:10:03,979] {dag.py:2379} INFO - Sync 1 DAGs
[2023-03-27 21:10:03,987] {logging_mixin.py:115} INFO - [2023-03-27 21:10:03,987] {dag.py:2927} INFO - Setting next_dagrun for example_nested_branch_dag to 2023-03-27T00:00:00+00:00, run_after=2023-03-28T00:00:00+00:00
[2023-03-27 21:10:03,992] {processor.py:161} INFO - Processing /Users/gabrielroger/Documents/projects/weather-data/.venv/lib/python3.9/site-packages/airflow/example_dags/example_nested_branch_dag.py took 0.059 seconds
[2023-03-27 21:10:56,045] {processor.py:153} INFO - Started process (PID=6171) to work on /Users/gabrielroger/Documents/projects/weather-data/.venv/lib/python3.9/site-packages/airflow/example_dags/example_nested_branch_dag.py
[2023-03-27 21:10:56,046] {processor.py:641} INFO - Processing file /Users/gabrielroger/Documents/projects/weather-data/.venv/lib/python3.9/site-packages/airflow/example_dags/example_nested_branch_dag.py for tasks to queue
[2023-03-27 21:10:56,046] {logging_mixin.py:115} INFO - [2023-03-27 21:10:56,046] {dagbag.py:507} INFO - Filling up the DagBag from /Users/gabrielroger/Documents/projects/weather-data/.venv/lib/python3.9/site-packages/airflow/example_dags/example_nested_branch_dag.py
[2023-03-27 21:10:56,062] {processor.py:651} INFO - DAG(s) dict_keys(['example_nested_branch_dag']) retrieved from /Users/gabrielroger/Documents/projects/weather-data/.venv/lib/python3.9/site-packages/airflow/example_dags/example_nested_branch_dag.py
[2023-03-27 21:10:56,092] {logging_mixin.py:115} INFO - [2023-03-27 21:10:56,092] {dag.py:2379} INFO - Sync 1 DAGs
[2023-03-27 21:10:56,100] {logging_mixin.py:115} INFO - [2023-03-27 21:10:56,100] {dag.py:2927} INFO - Setting next_dagrun for example_nested_branch_dag to 2023-03-27T00:00:00+00:00, run_after=2023-03-28T00:00:00+00:00
[2023-03-27 21:10:56,106] {processor.py:161} INFO - Processing /Users/gabrielroger/Documents/projects/weather-data/.venv/lib/python3.9/site-packages/airflow/example_dags/example_nested_branch_dag.py took 0.060 seconds
[2023-03-27 21:11:47,081] {processor.py:153} INFO - Started process (PID=6262) to work on /Users/gabrielroger/Documents/projects/weather-data/.venv/lib/python3.9/site-packages/airflow/example_dags/example_nested_branch_dag.py
[2023-03-27 21:11:47,082] {processor.py:641} INFO - Processing file /Users/gabrielroger/Documents/projects/weather-data/.venv/lib/python3.9/site-packages/airflow/example_dags/example_nested_branch_dag.py for tasks to queue
[2023-03-27 21:11:47,082] {logging_mixin.py:115} INFO - [2023-03-27 21:11:47,082] {dagbag.py:507} INFO - Filling up the DagBag from /Users/gabrielroger/Documents/projects/weather-data/.venv/lib/python3.9/site-packages/airflow/example_dags/example_nested_branch_dag.py
[2023-03-27 21:11:47,097] {processor.py:651} INFO - DAG(s) dict_keys(['example_nested_branch_dag']) retrieved from /Users/gabrielroger/Documents/projects/weather-data/.venv/lib/python3.9/site-packages/airflow/example_dags/example_nested_branch_dag.py
[2023-03-27 21:11:47,128] {logging_mixin.py:115} INFO - [2023-03-27 21:11:47,128] {dag.py:2379} INFO - Sync 1 DAGs
[2023-03-27 21:11:47,136] {logging_mixin.py:115} INFO - [2023-03-27 21:11:47,136] {dag.py:2927} INFO - Setting next_dagrun for example_nested_branch_dag to 2023-03-27T00:00:00+00:00, run_after=2023-03-28T00:00:00+00:00
[2023-03-27 21:11:47,141] {processor.py:161} INFO - Processing /Users/gabrielroger/Documents/projects/weather-data/.venv/lib/python3.9/site-packages/airflow/example_dags/example_nested_branch_dag.py took 0.060 seconds
[2023-03-27 21:12:34,563] {processor.py:153} INFO - Started process (PID=6337) to work on /Users/gabrielroger/Documents/projects/weather-data/.venv/lib/python3.9/site-packages/airflow/example_dags/example_nested_branch_dag.py
[2023-03-27 21:12:34,564] {processor.py:641} INFO - Processing file /Users/gabrielroger/Documents/projects/weather-data/.venv/lib/python3.9/site-packages/airflow/example_dags/example_nested_branch_dag.py for tasks to queue
[2023-03-27 21:12:34,564] {logging_mixin.py:115} INFO - [2023-03-27 21:12:34,564] {dagbag.py:507} INFO - Filling up the DagBag from /Users/gabrielroger/Documents/projects/weather-data/.venv/lib/python3.9/site-packages/airflow/example_dags/example_nested_branch_dag.py
[2023-03-27 21:12:34,579] {processor.py:651} INFO - DAG(s) dict_keys(['example_nested_branch_dag']) retrieved from /Users/gabrielroger/Documents/projects/weather-data/.venv/lib/python3.9/site-packages/airflow/example_dags/example_nested_branch_dag.py
[2023-03-27 21:12:34,609] {logging_mixin.py:115} INFO - [2023-03-27 21:12:34,609] {dag.py:2379} INFO - Sync 1 DAGs
[2023-03-27 21:12:34,617] {logging_mixin.py:115} INFO - [2023-03-27 21:12:34,617] {dag.py:2927} INFO - Setting next_dagrun for example_nested_branch_dag to 2023-03-27T00:00:00+00:00, run_after=2023-03-28T00:00:00+00:00
[2023-03-27 21:12:34,622] {processor.py:161} INFO - Processing /Users/gabrielroger/Documents/projects/weather-data/.venv/lib/python3.9/site-packages/airflow/example_dags/example_nested_branch_dag.py took 0.060 seconds
[2023-03-27 21:13:21,617] {processor.py:153} INFO - Started process (PID=6414) to work on /Users/gabrielroger/Documents/projects/weather-data/.venv/lib/python3.9/site-packages/airflow/example_dags/example_nested_branch_dag.py
[2023-03-27 21:13:21,617] {processor.py:641} INFO - Processing file /Users/gabrielroger/Documents/projects/weather-data/.venv/lib/python3.9/site-packages/airflow/example_dags/example_nested_branch_dag.py for tasks to queue
[2023-03-27 21:13:21,617] {logging_mixin.py:115} INFO - [2023-03-27 21:13:21,617] {dagbag.py:507} INFO - Filling up the DagBag from /Users/gabrielroger/Documents/projects/weather-data/.venv/lib/python3.9/site-packages/airflow/example_dags/example_nested_branch_dag.py
[2023-03-27 21:13:21,632] {processor.py:651} INFO - DAG(s) dict_keys(['example_nested_branch_dag']) retrieved from /Users/gabrielroger/Documents/projects/weather-data/.venv/lib/python3.9/site-packages/airflow/example_dags/example_nested_branch_dag.py
[2023-03-27 21:13:21,662] {logging_mixin.py:115} INFO - [2023-03-27 21:13:21,662] {dag.py:2379} INFO - Sync 1 DAGs
[2023-03-27 21:13:21,670] {logging_mixin.py:115} INFO - [2023-03-27 21:13:21,670] {dag.py:2927} INFO - Setting next_dagrun for example_nested_branch_dag to 2023-03-27T00:00:00+00:00, run_after=2023-03-28T00:00:00+00:00
[2023-03-27 21:13:21,675] {processor.py:161} INFO - Processing /Users/gabrielroger/Documents/projects/weather-data/.venv/lib/python3.9/site-packages/airflow/example_dags/example_nested_branch_dag.py took 0.059 seconds
[2023-03-27 21:14:24,701] {processor.py:153} INFO - Started process (PID=6524) to work on /Users/gabrielroger/Documents/projects/weather-data/.venv/lib/python3.9/site-packages/airflow/example_dags/example_nested_branch_dag.py
[2023-03-27 21:14:24,702] {processor.py:641} INFO - Processing file /Users/gabrielroger/Documents/projects/weather-data/.venv/lib/python3.9/site-packages/airflow/example_dags/example_nested_branch_dag.py for tasks to queue
[2023-03-27 21:14:24,702] {logging_mixin.py:115} INFO - [2023-03-27 21:14:24,702] {dagbag.py:507} INFO - Filling up the DagBag from /Users/gabrielroger/Documents/projects/weather-data/.venv/lib/python3.9/site-packages/airflow/example_dags/example_nested_branch_dag.py
[2023-03-27 21:14:24,717] {processor.py:651} INFO - DAG(s) dict_keys(['example_nested_branch_dag']) retrieved from /Users/gabrielroger/Documents/projects/weather-data/.venv/lib/python3.9/site-packages/airflow/example_dags/example_nested_branch_dag.py
[2023-03-27 21:14:24,747] {logging_mixin.py:115} INFO - [2023-03-27 21:14:24,747] {dag.py:2379} INFO - Sync 1 DAGs
[2023-03-27 21:14:24,755] {logging_mixin.py:115} INFO - [2023-03-27 21:14:24,755] {dag.py:2927} INFO - Setting next_dagrun for example_nested_branch_dag to 2023-03-27T00:00:00+00:00, run_after=2023-03-28T00:00:00+00:00
[2023-03-27 21:14:24,760] {processor.py:161} INFO - Processing /Users/gabrielroger/Documents/projects/weather-data/.venv/lib/python3.9/site-packages/airflow/example_dags/example_nested_branch_dag.py took 0.060 seconds
[2023-03-27 21:15:26,401] {processor.py:153} INFO - Started process (PID=6626) to work on /Users/gabrielroger/Documents/projects/weather-data/.venv/lib/python3.9/site-packages/airflow/example_dags/example_nested_branch_dag.py
[2023-03-27 21:15:26,401] {processor.py:641} INFO - Processing file /Users/gabrielroger/Documents/projects/weather-data/.venv/lib/python3.9/site-packages/airflow/example_dags/example_nested_branch_dag.py for tasks to queue
[2023-03-27 21:15:26,401] {logging_mixin.py:115} INFO - [2023-03-27 21:15:26,401] {dagbag.py:507} INFO - Filling up the DagBag from /Users/gabrielroger/Documents/projects/weather-data/.venv/lib/python3.9/site-packages/airflow/example_dags/example_nested_branch_dag.py
[2023-03-27 21:15:26,416] {processor.py:651} INFO - DAG(s) dict_keys(['example_nested_branch_dag']) retrieved from /Users/gabrielroger/Documents/projects/weather-data/.venv/lib/python3.9/site-packages/airflow/example_dags/example_nested_branch_dag.py
[2023-03-27 21:15:26,447] {logging_mixin.py:115} INFO - [2023-03-27 21:15:26,447] {dag.py:2379} INFO - Sync 1 DAGs
[2023-03-27 21:15:26,455] {logging_mixin.py:115} INFO - [2023-03-27 21:15:26,455] {dag.py:2927} INFO - Setting next_dagrun for example_nested_branch_dag to 2023-03-27T00:00:00+00:00, run_after=2023-03-28T00:00:00+00:00
[2023-03-27 21:15:26,461] {processor.py:161} INFO - Processing /Users/gabrielroger/Documents/projects/weather-data/.venv/lib/python3.9/site-packages/airflow/example_dags/example_nested_branch_dag.py took 0.060 seconds
[2023-03-27 21:16:33,594] {processor.py:153} INFO - Started process (PID=6737) to work on /Users/gabrielroger/Documents/projects/weather-data/.venv/lib/python3.9/site-packages/airflow/example_dags/example_nested_branch_dag.py
[2023-03-27 21:16:33,594] {processor.py:641} INFO - Processing file /Users/gabrielroger/Documents/projects/weather-data/.venv/lib/python3.9/site-packages/airflow/example_dags/example_nested_branch_dag.py for tasks to queue
[2023-03-27 21:16:33,595] {logging_mixin.py:115} INFO - [2023-03-27 21:16:33,594] {dagbag.py:507} INFO - Filling up the DagBag from /Users/gabrielroger/Documents/projects/weather-data/.venv/lib/python3.9/site-packages/airflow/example_dags/example_nested_branch_dag.py
[2023-03-27 21:16:33,609] {processor.py:651} INFO - DAG(s) dict_keys(['example_nested_branch_dag']) retrieved from /Users/gabrielroger/Documents/projects/weather-data/.venv/lib/python3.9/site-packages/airflow/example_dags/example_nested_branch_dag.py
[2023-03-27 21:16:33,639] {logging_mixin.py:115} INFO - [2023-03-27 21:16:33,639] {dag.py:2379} INFO - Sync 1 DAGs
[2023-03-27 21:16:33,647] {logging_mixin.py:115} INFO - [2023-03-27 21:16:33,647] {dag.py:2927} INFO - Setting next_dagrun for example_nested_branch_dag to 2023-03-27T00:00:00+00:00, run_after=2023-03-28T00:00:00+00:00
[2023-03-27 21:16:33,652] {processor.py:161} INFO - Processing /Users/gabrielroger/Documents/projects/weather-data/.venv/lib/python3.9/site-packages/airflow/example_dags/example_nested_branch_dag.py took 0.058 seconds
[2023-03-27 21:17:36,816] {processor.py:153} INFO - Started process (PID=6841) to work on /Users/gabrielroger/Documents/projects/weather-data/.venv/lib/python3.9/site-packages/airflow/example_dags/example_nested_branch_dag.py
[2023-03-27 21:17:36,816] {processor.py:641} INFO - Processing file /Users/gabrielroger/Documents/projects/weather-data/.venv/lib/python3.9/site-packages/airflow/example_dags/example_nested_branch_dag.py for tasks to queue
[2023-03-27 21:17:36,816] {logging_mixin.py:115} INFO - [2023-03-27 21:17:36,816] {dagbag.py:507} INFO - Filling up the DagBag from /Users/gabrielroger/Documents/projects/weather-data/.venv/lib/python3.9/site-packages/airflow/example_dags/example_nested_branch_dag.py
[2023-03-27 21:17:36,831] {processor.py:651} INFO - DAG(s) dict_keys(['example_nested_branch_dag']) retrieved from /Users/gabrielroger/Documents/projects/weather-data/.venv/lib/python3.9/site-packages/airflow/example_dags/example_nested_branch_dag.py
[2023-03-27 21:17:36,861] {logging_mixin.py:115} INFO - [2023-03-27 21:17:36,860] {dag.py:2379} INFO - Sync 1 DAGs
[2023-03-27 21:17:36,869] {logging_mixin.py:115} INFO - [2023-03-27 21:17:36,869] {dag.py:2927} INFO - Setting next_dagrun for example_nested_branch_dag to 2023-03-27T00:00:00+00:00, run_after=2023-03-28T00:00:00+00:00
[2023-03-27 21:17:36,874] {processor.py:161} INFO - Processing /Users/gabrielroger/Documents/projects/weather-data/.venv/lib/python3.9/site-packages/airflow/example_dags/example_nested_branch_dag.py took 0.058 seconds
[2023-03-27 21:18:40,743] {processor.py:153} INFO - Started process (PID=6949) to work on /Users/gabrielroger/Documents/projects/weather-data/.venv/lib/python3.9/site-packages/airflow/example_dags/example_nested_branch_dag.py
[2023-03-27 21:18:40,744] {processor.py:641} INFO - Processing file /Users/gabrielroger/Documents/projects/weather-data/.venv/lib/python3.9/site-packages/airflow/example_dags/example_nested_branch_dag.py for tasks to queue
[2023-03-27 21:18:40,744] {logging_mixin.py:115} INFO - [2023-03-27 21:18:40,744] {dagbag.py:507} INFO - Filling up the DagBag from /Users/gabrielroger/Documents/projects/weather-data/.venv/lib/python3.9/site-packages/airflow/example_dags/example_nested_branch_dag.py
[2023-03-27 21:18:40,759] {processor.py:651} INFO - DAG(s) dict_keys(['example_nested_branch_dag']) retrieved from /Users/gabrielroger/Documents/projects/weather-data/.venv/lib/python3.9/site-packages/airflow/example_dags/example_nested_branch_dag.py
[2023-03-27 21:18:40,789] {logging_mixin.py:115} INFO - [2023-03-27 21:18:40,789] {dag.py:2379} INFO - Sync 1 DAGs
[2023-03-27 21:18:40,798] {logging_mixin.py:115} INFO - [2023-03-27 21:18:40,798] {dag.py:2927} INFO - Setting next_dagrun for example_nested_branch_dag to 2023-03-27T00:00:00+00:00, run_after=2023-03-28T00:00:00+00:00
[2023-03-27 21:18:40,803] {processor.py:161} INFO - Processing /Users/gabrielroger/Documents/projects/weather-data/.venv/lib/python3.9/site-packages/airflow/example_dags/example_nested_branch_dag.py took 0.060 seconds
[2023-03-27 21:19:46,596] {processor.py:153} INFO - Started process (PID=7064) to work on /Users/gabrielroger/Documents/projects/weather-data/.venv/lib/python3.9/site-packages/airflow/example_dags/example_nested_branch_dag.py
[2023-03-27 21:19:46,597] {processor.py:641} INFO - Processing file /Users/gabrielroger/Documents/projects/weather-data/.venv/lib/python3.9/site-packages/airflow/example_dags/example_nested_branch_dag.py for tasks to queue
[2023-03-27 21:19:46,598] {logging_mixin.py:115} INFO - [2023-03-27 21:19:46,598] {dagbag.py:507} INFO - Filling up the DagBag from /Users/gabrielroger/Documents/projects/weather-data/.venv/lib/python3.9/site-packages/airflow/example_dags/example_nested_branch_dag.py
[2023-03-27 21:19:46,612] {processor.py:651} INFO - DAG(s) dict_keys(['example_nested_branch_dag']) retrieved from /Users/gabrielroger/Documents/projects/weather-data/.venv/lib/python3.9/site-packages/airflow/example_dags/example_nested_branch_dag.py
[2023-03-27 21:19:46,642] {logging_mixin.py:115} INFO - [2023-03-27 21:19:46,642] {dag.py:2379} INFO - Sync 1 DAGs
[2023-03-27 21:19:46,650] {logging_mixin.py:115} INFO - [2023-03-27 21:19:46,650] {dag.py:2927} INFO - Setting next_dagrun for example_nested_branch_dag to 2023-03-27T00:00:00+00:00, run_after=2023-03-28T00:00:00+00:00
[2023-03-27 21:19:46,655] {processor.py:161} INFO - Processing /Users/gabrielroger/Documents/projects/weather-data/.venv/lib/python3.9/site-packages/airflow/example_dags/example_nested_branch_dag.py took 0.059 seconds
[2023-03-27 21:20:32,301] {processor.py:153} INFO - Started process (PID=7137) to work on /Users/gabrielroger/Documents/projects/weather-data/.venv/lib/python3.9/site-packages/airflow/example_dags/example_nested_branch_dag.py
[2023-03-27 21:20:32,301] {processor.py:641} INFO - Processing file /Users/gabrielroger/Documents/projects/weather-data/.venv/lib/python3.9/site-packages/airflow/example_dags/example_nested_branch_dag.py for tasks to queue
[2023-03-27 21:20:32,301] {logging_mixin.py:115} INFO - [2023-03-27 21:20:32,301] {dagbag.py:507} INFO - Filling up the DagBag from /Users/gabrielroger/Documents/projects/weather-data/.venv/lib/python3.9/site-packages/airflow/example_dags/example_nested_branch_dag.py
[2023-03-27 21:20:32,315] {processor.py:651} INFO - DAG(s) dict_keys(['example_nested_branch_dag']) retrieved from /Users/gabrielroger/Documents/projects/weather-data/.venv/lib/python3.9/site-packages/airflow/example_dags/example_nested_branch_dag.py
[2023-03-27 21:20:32,345] {logging_mixin.py:115} INFO - [2023-03-27 21:20:32,345] {dag.py:2379} INFO - Sync 1 DAGs
[2023-03-27 21:20:32,353] {logging_mixin.py:115} INFO - [2023-03-27 21:20:32,353] {dag.py:2927} INFO - Setting next_dagrun for example_nested_branch_dag to 2023-03-27T00:00:00+00:00, run_after=2023-03-28T00:00:00+00:00
[2023-03-27 21:20:32,358] {processor.py:161} INFO - Processing /Users/gabrielroger/Documents/projects/weather-data/.venv/lib/python3.9/site-packages/airflow/example_dags/example_nested_branch_dag.py took 0.057 seconds
[2023-03-27 21:21:39,429] {processor.py:153} INFO - Started process (PID=7247) to work on /Users/gabrielroger/Documents/projects/weather-data/.venv/lib/python3.9/site-packages/airflow/example_dags/example_nested_branch_dag.py
[2023-03-27 21:21:39,429] {processor.py:641} INFO - Processing file /Users/gabrielroger/Documents/projects/weather-data/.venv/lib/python3.9/site-packages/airflow/example_dags/example_nested_branch_dag.py for tasks to queue
[2023-03-27 21:21:39,429] {logging_mixin.py:115} INFO - [2023-03-27 21:21:39,429] {dagbag.py:507} INFO - Filling up the DagBag from /Users/gabrielroger/Documents/projects/weather-data/.venv/lib/python3.9/site-packages/airflow/example_dags/example_nested_branch_dag.py
[2023-03-27 21:21:39,443] {processor.py:651} INFO - DAG(s) dict_keys(['example_nested_branch_dag']) retrieved from /Users/gabrielroger/Documents/projects/weather-data/.venv/lib/python3.9/site-packages/airflow/example_dags/example_nested_branch_dag.py
[2023-03-27 21:21:39,473] {logging_mixin.py:115} INFO - [2023-03-27 21:21:39,473] {dag.py:2379} INFO - Sync 1 DAGs
[2023-03-27 21:21:39,481] {logging_mixin.py:115} INFO - [2023-03-27 21:21:39,480] {dag.py:2927} INFO - Setting next_dagrun for example_nested_branch_dag to 2023-03-27T00:00:00+00:00, run_after=2023-03-28T00:00:00+00:00
[2023-03-27 21:21:39,486] {processor.py:161} INFO - Processing /Users/gabrielroger/Documents/projects/weather-data/.venv/lib/python3.9/site-packages/airflow/example_dags/example_nested_branch_dag.py took 0.057 seconds
[2023-03-27 21:22:25,880] {processor.py:153} INFO - Started process (PID=7323) to work on /Users/gabrielroger/Documents/projects/weather-data/.venv/lib/python3.9/site-packages/airflow/example_dags/example_nested_branch_dag.py
[2023-03-27 21:22:25,880] {processor.py:641} INFO - Processing file /Users/gabrielroger/Documents/projects/weather-data/.venv/lib/python3.9/site-packages/airflow/example_dags/example_nested_branch_dag.py for tasks to queue
[2023-03-27 21:22:25,881] {logging_mixin.py:115} INFO - [2023-03-27 21:22:25,881] {dagbag.py:507} INFO - Filling up the DagBag from /Users/gabrielroger/Documents/projects/weather-data/.venv/lib/python3.9/site-packages/airflow/example_dags/example_nested_branch_dag.py
[2023-03-27 21:22:25,895] {processor.py:651} INFO - DAG(s) dict_keys(['example_nested_branch_dag']) retrieved from /Users/gabrielroger/Documents/projects/weather-data/.venv/lib/python3.9/site-packages/airflow/example_dags/example_nested_branch_dag.py
[2023-03-27 21:22:25,924] {logging_mixin.py:115} INFO - [2023-03-27 21:22:25,924] {dag.py:2379} INFO - Sync 1 DAGs
[2023-03-27 21:22:25,932] {logging_mixin.py:115} INFO - [2023-03-27 21:22:25,932] {dag.py:2927} INFO - Setting next_dagrun for example_nested_branch_dag to 2023-03-27T00:00:00+00:00, run_after=2023-03-28T00:00:00+00:00
[2023-03-27 21:22:25,937] {processor.py:161} INFO - Processing /Users/gabrielroger/Documents/projects/weather-data/.venv/lib/python3.9/site-packages/airflow/example_dags/example_nested_branch_dag.py took 0.057 seconds
[2023-03-27 21:23:30,177] {processor.py:153} INFO - Started process (PID=7431) to work on /Users/gabrielroger/Documents/projects/weather-data/.venv/lib/python3.9/site-packages/airflow/example_dags/example_nested_branch_dag.py
[2023-03-27 21:23:30,178] {processor.py:641} INFO - Processing file /Users/gabrielroger/Documents/projects/weather-data/.venv/lib/python3.9/site-packages/airflow/example_dags/example_nested_branch_dag.py for tasks to queue
[2023-03-27 21:23:30,178] {logging_mixin.py:115} INFO - [2023-03-27 21:23:30,178] {dagbag.py:507} INFO - Filling up the DagBag from /Users/gabrielroger/Documents/projects/weather-data/.venv/lib/python3.9/site-packages/airflow/example_dags/example_nested_branch_dag.py
[2023-03-27 21:23:30,192] {processor.py:651} INFO - DAG(s) dict_keys(['example_nested_branch_dag']) retrieved from /Users/gabrielroger/Documents/projects/weather-data/.venv/lib/python3.9/site-packages/airflow/example_dags/example_nested_branch_dag.py
[2023-03-27 21:23:30,222] {logging_mixin.py:115} INFO - [2023-03-27 21:23:30,222] {dag.py:2379} INFO - Sync 1 DAGs
[2023-03-27 21:23:30,229] {logging_mixin.py:115} INFO - [2023-03-27 21:23:30,229] {dag.py:2927} INFO - Setting next_dagrun for example_nested_branch_dag to 2023-03-27T00:00:00+00:00, run_after=2023-03-28T00:00:00+00:00
[2023-03-27 21:23:30,235] {processor.py:161} INFO - Processing /Users/gabrielroger/Documents/projects/weather-data/.venv/lib/python3.9/site-packages/airflow/example_dags/example_nested_branch_dag.py took 0.057 seconds
[2023-03-27 21:24:36,684] {processor.py:153} INFO - Started process (PID=7566) to work on /Users/gabrielroger/Documents/projects/weather-data/.venv/lib/python3.9/site-packages/airflow/example_dags/example_nested_branch_dag.py
[2023-03-27 21:24:36,684] {processor.py:641} INFO - Processing file /Users/gabrielroger/Documents/projects/weather-data/.venv/lib/python3.9/site-packages/airflow/example_dags/example_nested_branch_dag.py for tasks to queue
[2023-03-27 21:24:36,684] {logging_mixin.py:115} INFO - [2023-03-27 21:24:36,684] {dagbag.py:507} INFO - Filling up the DagBag from /Users/gabrielroger/Documents/projects/weather-data/.venv/lib/python3.9/site-packages/airflow/example_dags/example_nested_branch_dag.py
[2023-03-27 21:24:36,698] {processor.py:651} INFO - DAG(s) dict_keys(['example_nested_branch_dag']) retrieved from /Users/gabrielroger/Documents/projects/weather-data/.venv/lib/python3.9/site-packages/airflow/example_dags/example_nested_branch_dag.py
[2023-03-27 21:24:36,729] {logging_mixin.py:115} INFO - [2023-03-27 21:24:36,729] {dag.py:2379} INFO - Sync 1 DAGs
[2023-03-27 21:24:36,737] {logging_mixin.py:115} INFO - [2023-03-27 21:24:36,737] {dag.py:2927} INFO - Setting next_dagrun for example_nested_branch_dag to 2023-03-27T00:00:00+00:00, run_after=2023-03-28T00:00:00+00:00
[2023-03-27 21:24:36,742] {processor.py:161} INFO - Processing /Users/gabrielroger/Documents/projects/weather-data/.venv/lib/python3.9/site-packages/airflow/example_dags/example_nested_branch_dag.py took 0.058 seconds
[2023-03-27 21:25:41,380] {processor.py:153} INFO - Started process (PID=7694) to work on /Users/gabrielroger/Documents/projects/weather-data/.venv/lib/python3.9/site-packages/airflow/example_dags/example_nested_branch_dag.py
[2023-03-27 21:25:41,380] {processor.py:641} INFO - Processing file /Users/gabrielroger/Documents/projects/weather-data/.venv/lib/python3.9/site-packages/airflow/example_dags/example_nested_branch_dag.py for tasks to queue
[2023-03-27 21:25:41,380] {logging_mixin.py:115} INFO - [2023-03-27 21:25:41,380] {dagbag.py:507} INFO - Filling up the DagBag from /Users/gabrielroger/Documents/projects/weather-data/.venv/lib/python3.9/site-packages/airflow/example_dags/example_nested_branch_dag.py
[2023-03-27 21:25:41,395] {processor.py:651} INFO - DAG(s) dict_keys(['example_nested_branch_dag']) retrieved from /Users/gabrielroger/Documents/projects/weather-data/.venv/lib/python3.9/site-packages/airflow/example_dags/example_nested_branch_dag.py
[2023-03-27 21:25:41,425] {logging_mixin.py:115} INFO - [2023-03-27 21:25:41,425] {dag.py:2379} INFO - Sync 1 DAGs
[2023-03-27 21:25:41,434] {logging_mixin.py:115} INFO - [2023-03-27 21:25:41,434] {dag.py:2927} INFO - Setting next_dagrun for example_nested_branch_dag to 2023-03-27T00:00:00+00:00, run_after=2023-03-28T00:00:00+00:00
[2023-03-27 21:25:41,439] {processor.py:161} INFO - Processing /Users/gabrielroger/Documents/projects/weather-data/.venv/lib/python3.9/site-packages/airflow/example_dags/example_nested_branch_dag.py took 0.059 seconds
[2023-03-27 21:26:27,343] {processor.py:153} INFO - Started process (PID=7771) to work on /Users/gabrielroger/Documents/projects/weather-data/.venv/lib/python3.9/site-packages/airflow/example_dags/example_nested_branch_dag.py
[2023-03-27 21:26:27,343] {processor.py:641} INFO - Processing file /Users/gabrielroger/Documents/projects/weather-data/.venv/lib/python3.9/site-packages/airflow/example_dags/example_nested_branch_dag.py for tasks to queue
[2023-03-27 21:26:27,343] {logging_mixin.py:115} INFO - [2023-03-27 21:26:27,343] {dagbag.py:507} INFO - Filling up the DagBag from /Users/gabrielroger/Documents/projects/weather-data/.venv/lib/python3.9/site-packages/airflow/example_dags/example_nested_branch_dag.py
[2023-03-27 21:26:27,357] {processor.py:651} INFO - DAG(s) dict_keys(['example_nested_branch_dag']) retrieved from /Users/gabrielroger/Documents/projects/weather-data/.venv/lib/python3.9/site-packages/airflow/example_dags/example_nested_branch_dag.py
[2023-03-27 21:26:27,387] {logging_mixin.py:115} INFO - [2023-03-27 21:26:27,387] {dag.py:2379} INFO - Sync 1 DAGs
[2023-03-27 21:26:27,394] {logging_mixin.py:115} INFO - [2023-03-27 21:26:27,394] {dag.py:2927} INFO - Setting next_dagrun for example_nested_branch_dag to 2023-03-27T00:00:00+00:00, run_after=2023-03-28T00:00:00+00:00
[2023-03-27 21:26:27,400] {processor.py:161} INFO - Processing /Users/gabrielroger/Documents/projects/weather-data/.venv/lib/python3.9/site-packages/airflow/example_dags/example_nested_branch_dag.py took 0.057 seconds
[2023-03-27 21:27:12,764] {processor.py:153} INFO - Started process (PID=7846) to work on /Users/gabrielroger/Documents/projects/weather-data/.venv/lib/python3.9/site-packages/airflow/example_dags/example_nested_branch_dag.py
[2023-03-27 21:27:12,764] {processor.py:641} INFO - Processing file /Users/gabrielroger/Documents/projects/weather-data/.venv/lib/python3.9/site-packages/airflow/example_dags/example_nested_branch_dag.py for tasks to queue
[2023-03-27 21:27:12,764] {logging_mixin.py:115} INFO - [2023-03-27 21:27:12,764] {dagbag.py:507} INFO - Filling up the DagBag from /Users/gabrielroger/Documents/projects/weather-data/.venv/lib/python3.9/site-packages/airflow/example_dags/example_nested_branch_dag.py
[2023-03-27 21:27:12,778] {processor.py:651} INFO - DAG(s) dict_keys(['example_nested_branch_dag']) retrieved from /Users/gabrielroger/Documents/projects/weather-data/.venv/lib/python3.9/site-packages/airflow/example_dags/example_nested_branch_dag.py
[2023-03-27 21:27:12,807] {logging_mixin.py:115} INFO - [2023-03-27 21:27:12,807] {dag.py:2379} INFO - Sync 1 DAGs
[2023-03-27 21:27:12,815] {logging_mixin.py:115} INFO - [2023-03-27 21:27:12,815] {dag.py:2927} INFO - Setting next_dagrun for example_nested_branch_dag to 2023-03-27T00:00:00+00:00, run_after=2023-03-28T00:00:00+00:00
[2023-03-27 21:27:12,820] {processor.py:161} INFO - Processing /Users/gabrielroger/Documents/projects/weather-data/.venv/lib/python3.9/site-packages/airflow/example_dags/example_nested_branch_dag.py took 0.057 seconds
[2023-03-27 21:28:16,750] {processor.py:153} INFO - Started process (PID=7955) to work on /Users/gabrielroger/Documents/projects/weather-data/.venv/lib/python3.9/site-packages/airflow/example_dags/example_nested_branch_dag.py
[2023-03-27 21:28:16,751] {processor.py:641} INFO - Processing file /Users/gabrielroger/Documents/projects/weather-data/.venv/lib/python3.9/site-packages/airflow/example_dags/example_nested_branch_dag.py for tasks to queue
[2023-03-27 21:28:16,751] {logging_mixin.py:115} INFO - [2023-03-27 21:28:16,751] {dagbag.py:507} INFO - Filling up the DagBag from /Users/gabrielroger/Documents/projects/weather-data/.venv/lib/python3.9/site-packages/airflow/example_dags/example_nested_branch_dag.py
[2023-03-27 21:28:16,765] {processor.py:651} INFO - DAG(s) dict_keys(['example_nested_branch_dag']) retrieved from /Users/gabrielroger/Documents/projects/weather-data/.venv/lib/python3.9/site-packages/airflow/example_dags/example_nested_branch_dag.py
[2023-03-27 21:28:16,794] {logging_mixin.py:115} INFO - [2023-03-27 21:28:16,794] {dag.py:2379} INFO - Sync 1 DAGs
[2023-03-27 21:28:16,802] {logging_mixin.py:115} INFO - [2023-03-27 21:28:16,802] {dag.py:2927} INFO - Setting next_dagrun for example_nested_branch_dag to 2023-03-27T00:00:00+00:00, run_after=2023-03-28T00:00:00+00:00
[2023-03-27 21:28:16,808] {processor.py:161} INFO - Processing /Users/gabrielroger/Documents/projects/weather-data/.venv/lib/python3.9/site-packages/airflow/example_dags/example_nested_branch_dag.py took 0.057 seconds
[2023-03-27 21:29:19,307] {processor.py:153} INFO - Started process (PID=8074) to work on /Users/gabrielroger/Documents/projects/weather-data/.venv/lib/python3.9/site-packages/airflow/example_dags/example_nested_branch_dag.py
[2023-03-27 21:29:19,307] {processor.py:641} INFO - Processing file /Users/gabrielroger/Documents/projects/weather-data/.venv/lib/python3.9/site-packages/airflow/example_dags/example_nested_branch_dag.py for tasks to queue
[2023-03-27 21:29:19,308] {logging_mixin.py:115} INFO - [2023-03-27 21:29:19,308] {dagbag.py:507} INFO - Filling up the DagBag from /Users/gabrielroger/Documents/projects/weather-data/.venv/lib/python3.9/site-packages/airflow/example_dags/example_nested_branch_dag.py
[2023-03-27 21:29:19,322] {processor.py:651} INFO - DAG(s) dict_keys(['example_nested_branch_dag']) retrieved from /Users/gabrielroger/Documents/projects/weather-data/.venv/lib/python3.9/site-packages/airflow/example_dags/example_nested_branch_dag.py
[2023-03-27 21:29:19,352] {logging_mixin.py:115} INFO - [2023-03-27 21:29:19,352] {dag.py:2379} INFO - Sync 1 DAGs
[2023-03-27 21:29:19,360] {logging_mixin.py:115} INFO - [2023-03-27 21:29:19,360] {dag.py:2927} INFO - Setting next_dagrun for example_nested_branch_dag to 2023-03-27T00:00:00+00:00, run_after=2023-03-28T00:00:00+00:00
[2023-03-27 21:29:19,365] {processor.py:161} INFO - Processing /Users/gabrielroger/Documents/projects/weather-data/.venv/lib/python3.9/site-packages/airflow/example_dags/example_nested_branch_dag.py took 0.058 seconds
[2023-03-27 21:30:25,784] {processor.py:153} INFO - Started process (PID=8217) to work on /Users/gabrielroger/Documents/projects/weather-data/.venv/lib/python3.9/site-packages/airflow/example_dags/example_nested_branch_dag.py
[2023-03-27 21:30:25,785] {processor.py:641} INFO - Processing file /Users/gabrielroger/Documents/projects/weather-data/.venv/lib/python3.9/site-packages/airflow/example_dags/example_nested_branch_dag.py for tasks to queue
[2023-03-27 21:30:25,785] {logging_mixin.py:115} INFO - [2023-03-27 21:30:25,785] {dagbag.py:507} INFO - Filling up the DagBag from /Users/gabrielroger/Documents/projects/weather-data/.venv/lib/python3.9/site-packages/airflow/example_dags/example_nested_branch_dag.py
[2023-03-27 21:30:25,799] {processor.py:651} INFO - DAG(s) dict_keys(['example_nested_branch_dag']) retrieved from /Users/gabrielroger/Documents/projects/weather-data/.venv/lib/python3.9/site-packages/airflow/example_dags/example_nested_branch_dag.py
[2023-03-27 21:30:25,830] {logging_mixin.py:115} INFO - [2023-03-27 21:30:25,830] {dag.py:2379} INFO - Sync 1 DAGs
[2023-03-27 21:30:25,838] {logging_mixin.py:115} INFO - [2023-03-27 21:30:25,838] {dag.py:2927} INFO - Setting next_dagrun for example_nested_branch_dag to 2023-03-27T00:00:00+00:00, run_after=2023-03-28T00:00:00+00:00
[2023-03-27 21:30:25,843] {processor.py:161} INFO - Processing /Users/gabrielroger/Documents/projects/weather-data/.venv/lib/python3.9/site-packages/airflow/example_dags/example_nested_branch_dag.py took 0.059 seconds
[2023-03-27 21:31:28,647] {processor.py:153} INFO - Started process (PID=8321) to work on /Users/gabrielroger/Documents/projects/weather-data/.venv/lib/python3.9/site-packages/airflow/example_dags/example_nested_branch_dag.py
[2023-03-27 21:31:28,647] {processor.py:641} INFO - Processing file /Users/gabrielroger/Documents/projects/weather-data/.venv/lib/python3.9/site-packages/airflow/example_dags/example_nested_branch_dag.py for tasks to queue
[2023-03-27 21:31:28,647] {logging_mixin.py:115} INFO - [2023-03-27 21:31:28,647] {dagbag.py:507} INFO - Filling up the DagBag from /Users/gabrielroger/Documents/projects/weather-data/.venv/lib/python3.9/site-packages/airflow/example_dags/example_nested_branch_dag.py
[2023-03-27 21:31:28,662] {processor.py:651} INFO - DAG(s) dict_keys(['example_nested_branch_dag']) retrieved from /Users/gabrielroger/Documents/projects/weather-data/.venv/lib/python3.9/site-packages/airflow/example_dags/example_nested_branch_dag.py
[2023-03-27 21:31:28,692] {logging_mixin.py:115} INFO - [2023-03-27 21:31:28,692] {dag.py:2379} INFO - Sync 1 DAGs
[2023-03-27 21:31:28,700] {logging_mixin.py:115} INFO - [2023-03-27 21:31:28,700] {dag.py:2927} INFO - Setting next_dagrun for example_nested_branch_dag to 2023-03-27T00:00:00+00:00, run_after=2023-03-28T00:00:00+00:00
[2023-03-27 21:31:28,705] {processor.py:161} INFO - Processing /Users/gabrielroger/Documents/projects/weather-data/.venv/lib/python3.9/site-packages/airflow/example_dags/example_nested_branch_dag.py took 0.059 seconds
[2023-03-27 21:32:34,517] {processor.py:153} INFO - Started process (PID=8431) to work on /Users/gabrielroger/Documents/projects/weather-data/.venv/lib/python3.9/site-packages/airflow/example_dags/example_nested_branch_dag.py
[2023-03-27 21:32:34,517] {processor.py:641} INFO - Processing file /Users/gabrielroger/Documents/projects/weather-data/.venv/lib/python3.9/site-packages/airflow/example_dags/example_nested_branch_dag.py for tasks to queue
[2023-03-27 21:32:34,517] {logging_mixin.py:115} INFO - [2023-03-27 21:32:34,517] {dagbag.py:507} INFO - Filling up the DagBag from /Users/gabrielroger/Documents/projects/weather-data/.venv/lib/python3.9/site-packages/airflow/example_dags/example_nested_branch_dag.py
[2023-03-27 21:32:34,531] {processor.py:651} INFO - DAG(s) dict_keys(['example_nested_branch_dag']) retrieved from /Users/gabrielroger/Documents/projects/weather-data/.venv/lib/python3.9/site-packages/airflow/example_dags/example_nested_branch_dag.py
[2023-03-27 21:32:34,561] {logging_mixin.py:115} INFO - [2023-03-27 21:32:34,561] {dag.py:2379} INFO - Sync 1 DAGs
[2023-03-27 21:32:34,569] {logging_mixin.py:115} INFO - [2023-03-27 21:32:34,569] {dag.py:2927} INFO - Setting next_dagrun for example_nested_branch_dag to 2023-03-27T00:00:00+00:00, run_after=2023-03-28T00:00:00+00:00
[2023-03-27 21:32:34,575] {processor.py:161} INFO - Processing /Users/gabrielroger/Documents/projects/weather-data/.venv/lib/python3.9/site-packages/airflow/example_dags/example_nested_branch_dag.py took 0.058 seconds
[2023-03-27 21:33:20,238] {processor.py:153} INFO - Started process (PID=8505) to work on /Users/gabrielroger/Documents/projects/weather-data/.venv/lib/python3.9/site-packages/airflow/example_dags/example_nested_branch_dag.py
[2023-03-27 21:33:20,238] {processor.py:641} INFO - Processing file /Users/gabrielroger/Documents/projects/weather-data/.venv/lib/python3.9/site-packages/airflow/example_dags/example_nested_branch_dag.py for tasks to queue
[2023-03-27 21:33:20,239] {logging_mixin.py:115} INFO - [2023-03-27 21:33:20,239] {dagbag.py:507} INFO - Filling up the DagBag from /Users/gabrielroger/Documents/projects/weather-data/.venv/lib/python3.9/site-packages/airflow/example_dags/example_nested_branch_dag.py
[2023-03-27 21:33:20,253] {processor.py:651} INFO - DAG(s) dict_keys(['example_nested_branch_dag']) retrieved from /Users/gabrielroger/Documents/projects/weather-data/.venv/lib/python3.9/site-packages/airflow/example_dags/example_nested_branch_dag.py
[2023-03-27 21:33:20,283] {logging_mixin.py:115} INFO - [2023-03-27 21:33:20,282] {dag.py:2379} INFO - Sync 1 DAGs
[2023-03-27 21:33:20,290] {logging_mixin.py:115} INFO - [2023-03-27 21:33:20,290] {dag.py:2927} INFO - Setting next_dagrun for example_nested_branch_dag to 2023-03-27T00:00:00+00:00, run_after=2023-03-28T00:00:00+00:00
[2023-03-27 21:33:20,296] {processor.py:161} INFO - Processing /Users/gabrielroger/Documents/projects/weather-data/.venv/lib/python3.9/site-packages/airflow/example_dags/example_nested_branch_dag.py took 0.058 seconds
[2023-03-27 21:34:06,257] {processor.py:153} INFO - Started process (PID=8586) to work on /Users/gabrielroger/Documents/projects/weather-data/.venv/lib/python3.9/site-packages/airflow/example_dags/example_nested_branch_dag.py
[2023-03-27 21:34:06,257] {processor.py:641} INFO - Processing file /Users/gabrielroger/Documents/projects/weather-data/.venv/lib/python3.9/site-packages/airflow/example_dags/example_nested_branch_dag.py for tasks to queue
[2023-03-27 21:34:06,257] {logging_mixin.py:115} INFO - [2023-03-27 21:34:06,257] {dagbag.py:507} INFO - Filling up the DagBag from /Users/gabrielroger/Documents/projects/weather-data/.venv/lib/python3.9/site-packages/airflow/example_dags/example_nested_branch_dag.py
[2023-03-27 21:34:06,271] {processor.py:651} INFO - DAG(s) dict_keys(['example_nested_branch_dag']) retrieved from /Users/gabrielroger/Documents/projects/weather-data/.venv/lib/python3.9/site-packages/airflow/example_dags/example_nested_branch_dag.py
[2023-03-27 21:34:06,302] {logging_mixin.py:115} INFO - [2023-03-27 21:34:06,302] {dag.py:2379} INFO - Sync 1 DAGs
[2023-03-27 21:34:06,310] {logging_mixin.py:115} INFO - [2023-03-27 21:34:06,310] {dag.py:2927} INFO - Setting next_dagrun for example_nested_branch_dag to 2023-03-27T00:00:00+00:00, run_after=2023-03-28T00:00:00+00:00
[2023-03-27 21:34:06,315] {processor.py:161} INFO - Processing /Users/gabrielroger/Documents/projects/weather-data/.venv/lib/python3.9/site-packages/airflow/example_dags/example_nested_branch_dag.py took 0.058 seconds
[2023-03-27 22:00:03,143] {processor.py:153} INFO - Started process (PID=8767) to work on /Users/gabrielroger/Documents/projects/weather-data/.venv/lib/python3.9/site-packages/airflow/example_dags/example_nested_branch_dag.py
[2023-03-27 22:00:03,144] {processor.py:641} INFO - Processing file /Users/gabrielroger/Documents/projects/weather-data/.venv/lib/python3.9/site-packages/airflow/example_dags/example_nested_branch_dag.py for tasks to queue
[2023-03-27 22:00:03,144] {logging_mixin.py:115} INFO - [2023-03-27 22:00:03,144] {dagbag.py:507} INFO - Filling up the DagBag from /Users/gabrielroger/Documents/projects/weather-data/.venv/lib/python3.9/site-packages/airflow/example_dags/example_nested_branch_dag.py
[2023-03-27 22:00:03,158] {processor.py:651} INFO - DAG(s) dict_keys(['example_nested_branch_dag']) retrieved from /Users/gabrielroger/Documents/projects/weather-data/.venv/lib/python3.9/site-packages/airflow/example_dags/example_nested_branch_dag.py
[2023-03-27 22:00:03,188] {logging_mixin.py:115} INFO - [2023-03-27 22:00:03,188] {dag.py:2379} INFO - Sync 1 DAGs
[2023-03-27 22:00:03,196] {logging_mixin.py:115} INFO - [2023-03-27 22:00:03,196] {dag.py:2927} INFO - Setting next_dagrun for example_nested_branch_dag to 2023-03-27T00:00:00+00:00, run_after=2023-03-28T00:00:00+00:00
[2023-03-27 22:00:03,201] {processor.py:161} INFO - Processing /Users/gabrielroger/Documents/projects/weather-data/.venv/lib/python3.9/site-packages/airflow/example_dags/example_nested_branch_dag.py took 0.058 seconds
[2023-03-27 22:56:18,717] {processor.py:153} INFO - Started process (PID=8927) to work on /Users/gabrielroger/Documents/projects/weather-data/.venv/lib/python3.9/site-packages/airflow/example_dags/example_nested_branch_dag.py
[2023-03-27 22:56:18,717] {processor.py:641} INFO - Processing file /Users/gabrielroger/Documents/projects/weather-data/.venv/lib/python3.9/site-packages/airflow/example_dags/example_nested_branch_dag.py for tasks to queue
[2023-03-27 22:56:18,717] {logging_mixin.py:115} INFO - [2023-03-27 22:56:18,717] {dagbag.py:507} INFO - Filling up the DagBag from /Users/gabrielroger/Documents/projects/weather-data/.venv/lib/python3.9/site-packages/airflow/example_dags/example_nested_branch_dag.py
[2023-03-27 22:56:18,744] {processor.py:651} INFO - DAG(s) dict_keys(['example_nested_branch_dag']) retrieved from /Users/gabrielroger/Documents/projects/weather-data/.venv/lib/python3.9/site-packages/airflow/example_dags/example_nested_branch_dag.py
[2023-03-27 22:56:18,790] {logging_mixin.py:115} INFO - [2023-03-27 22:56:18,790] {dag.py:2379} INFO - Sync 1 DAGs
[2023-03-27 22:56:18,806] {logging_mixin.py:115} INFO - [2023-03-27 22:56:18,806] {dag.py:2927} INFO - Setting next_dagrun for example_nested_branch_dag to 2023-03-27T00:00:00+00:00, run_after=2023-03-28T00:00:00+00:00
[2023-03-27 22:56:18,817] {processor.py:161} INFO - Processing /Users/gabrielroger/Documents/projects/weather-data/.venv/lib/python3.9/site-packages/airflow/example_dags/example_nested_branch_dag.py took 0.100 seconds
