[2023-03-27 21:10:14,734] {processor.py:153} INFO - Started process (PID=6104) to work on /Users/gabrielroger/Documents/projects/weather-data/.venv/lib/python3.9/site-packages/airflow/example_dags/example_complex.py
[2023-03-27 21:10:14,734] {processor.py:641} INFO - Processing file /Users/gabrielroger/Documents/projects/weather-data/.venv/lib/python3.9/site-packages/airflow/example_dags/example_complex.py for tasks to queue
[2023-03-27 21:10:14,734] {logging_mixin.py:115} INFO - [2023-03-27 21:10:14,734] {dagbag.py:507} INFO - Filling up the DagBag from /Users/gabrielroger/Documents/projects/weather-data/.venv/lib/python3.9/site-packages/airflow/example_dags/example_complex.py
[2023-03-27 21:10:14,745] {processor.py:651} INFO - DAG(s) dict_keys(['example_complex']) retrieved from /Users/gabrielroger/Documents/projects/weather-data/.venv/lib/python3.9/site-packages/airflow/example_dags/example_complex.py
[2023-03-27 21:10:14,779] {logging_mixin.py:115} INFO - [2023-03-27 21:10:14,779] {dag.py:2379} INFO - Sync 1 DAGs
[2023-03-27 21:10:14,786] {logging_mixin.py:115} INFO - [2023-03-27 21:10:14,786] {dag.py:2927} INFO - Setting next_dagrun for example_complex to None, run_after=None
[2023-03-27 21:10:14,794] {processor.py:161} INFO - Processing /Users/gabrielroger/Documents/projects/weather-data/.venv/lib/python3.9/site-packages/airflow/example_dags/example_complex.py took 0.061 seconds
[2023-03-27 21:11:05,757] {processor.py:153} INFO - Started process (PID=6193) to work on /Users/gabrielroger/Documents/projects/weather-data/.venv/lib/python3.9/site-packages/airflow/example_dags/example_complex.py
[2023-03-27 21:11:05,758] {processor.py:641} INFO - Processing file /Users/gabrielroger/Documents/projects/weather-data/.venv/lib/python3.9/site-packages/airflow/example_dags/example_complex.py for tasks to queue
[2023-03-27 21:11:05,758] {logging_mixin.py:115} INFO - [2023-03-27 21:11:05,758] {dagbag.py:507} INFO - Filling up the DagBag from /Users/gabrielroger/Documents/projects/weather-data/.venv/lib/python3.9/site-packages/airflow/example_dags/example_complex.py
[2023-03-27 21:11:05,769] {processor.py:651} INFO - DAG(s) dict_keys(['example_complex']) retrieved from /Users/gabrielroger/Documents/projects/weather-data/.venv/lib/python3.9/site-packages/airflow/example_dags/example_complex.py
[2023-03-27 21:11:05,802] {logging_mixin.py:115} INFO - [2023-03-27 21:11:05,801] {dag.py:2379} INFO - Sync 1 DAGs
[2023-03-27 21:11:05,808] {logging_mixin.py:115} INFO - [2023-03-27 21:11:05,808] {dag.py:2927} INFO - Setting next_dagrun for example_complex to None, run_after=None
[2023-03-27 21:11:05,814] {processor.py:161} INFO - Processing /Users/gabrielroger/Documents/projects/weather-data/.venv/lib/python3.9/site-packages/airflow/example_dags/example_complex.py took 0.056 seconds
[2023-03-27 21:12:14,353] {processor.py:153} INFO - Started process (PID=6304) to work on /Users/gabrielroger/Documents/projects/weather-data/.venv/lib/python3.9/site-packages/airflow/example_dags/example_complex.py
[2023-03-27 21:12:14,354] {processor.py:641} INFO - Processing file /Users/gabrielroger/Documents/projects/weather-data/.venv/lib/python3.9/site-packages/airflow/example_dags/example_complex.py for tasks to queue
[2023-03-27 21:12:14,354] {logging_mixin.py:115} INFO - [2023-03-27 21:12:14,354] {dagbag.py:507} INFO - Filling up the DagBag from /Users/gabrielroger/Documents/projects/weather-data/.venv/lib/python3.9/site-packages/airflow/example_dags/example_complex.py
[2023-03-27 21:12:14,363] {processor.py:651} INFO - DAG(s) dict_keys(['example_complex']) retrieved from /Users/gabrielroger/Documents/projects/weather-data/.venv/lib/python3.9/site-packages/airflow/example_dags/example_complex.py
[2023-03-27 21:12:14,396] {logging_mixin.py:115} INFO - [2023-03-27 21:12:14,396] {dag.py:2379} INFO - Sync 1 DAGs
[2023-03-27 21:12:14,402] {logging_mixin.py:115} INFO - [2023-03-27 21:12:14,402] {dag.py:2927} INFO - Setting next_dagrun for example_complex to None, run_after=None
[2023-03-27 21:12:14,408] {processor.py:161} INFO - Processing /Users/gabrielroger/Documents/projects/weather-data/.venv/lib/python3.9/site-packages/airflow/example_dags/example_complex.py took 0.055 seconds
[2023-03-27 21:13:25,053] {processor.py:153} INFO - Started process (PID=6420) to work on /Users/gabrielroger/Documents/projects/weather-data/.venv/lib/python3.9/site-packages/airflow/example_dags/example_complex.py
[2023-03-27 21:13:25,053] {processor.py:641} INFO - Processing file /Users/gabrielroger/Documents/projects/weather-data/.venv/lib/python3.9/site-packages/airflow/example_dags/example_complex.py for tasks to queue
[2023-03-27 21:13:25,053] {logging_mixin.py:115} INFO - [2023-03-27 21:13:25,053] {dagbag.py:507} INFO - Filling up the DagBag from /Users/gabrielroger/Documents/projects/weather-data/.venv/lib/python3.9/site-packages/airflow/example_dags/example_complex.py
[2023-03-27 21:13:25,063] {processor.py:651} INFO - DAG(s) dict_keys(['example_complex']) retrieved from /Users/gabrielroger/Documents/projects/weather-data/.venv/lib/python3.9/site-packages/airflow/example_dags/example_complex.py
[2023-03-27 21:13:25,096] {logging_mixin.py:115} INFO - [2023-03-27 21:13:25,096] {dag.py:2379} INFO - Sync 1 DAGs
[2023-03-27 21:13:25,102] {logging_mixin.py:115} INFO - [2023-03-27 21:13:25,102] {dag.py:2927} INFO - Setting next_dagrun for example_complex to None, run_after=None
[2023-03-27 21:13:25,108] {processor.py:161} INFO - Processing /Users/gabrielroger/Documents/projects/weather-data/.venv/lib/python3.9/site-packages/airflow/example_dags/example_complex.py took 0.056 seconds
[2023-03-27 21:14:27,564] {processor.py:153} INFO - Started process (PID=6528) to work on /Users/gabrielroger/Documents/projects/weather-data/.venv/lib/python3.9/site-packages/airflow/example_dags/example_complex.py
[2023-03-27 21:14:27,565] {processor.py:641} INFO - Processing file /Users/gabrielroger/Documents/projects/weather-data/.venv/lib/python3.9/site-packages/airflow/example_dags/example_complex.py for tasks to queue
[2023-03-27 21:14:27,565] {logging_mixin.py:115} INFO - [2023-03-27 21:14:27,565] {dagbag.py:507} INFO - Filling up the DagBag from /Users/gabrielroger/Documents/projects/weather-data/.venv/lib/python3.9/site-packages/airflow/example_dags/example_complex.py
[2023-03-27 21:14:27,575] {processor.py:651} INFO - DAG(s) dict_keys(['example_complex']) retrieved from /Users/gabrielroger/Documents/projects/weather-data/.venv/lib/python3.9/site-packages/airflow/example_dags/example_complex.py
[2023-03-27 21:14:27,608] {logging_mixin.py:115} INFO - [2023-03-27 21:14:27,608] {dag.py:2379} INFO - Sync 1 DAGs
[2023-03-27 21:14:27,614] {logging_mixin.py:115} INFO - [2023-03-27 21:14:27,614] {dag.py:2927} INFO - Setting next_dagrun for example_complex to None, run_after=None
[2023-03-27 21:14:27,620] {processor.py:161} INFO - Processing /Users/gabrielroger/Documents/projects/weather-data/.venv/lib/python3.9/site-packages/airflow/example_dags/example_complex.py took 0.056 seconds
[2023-03-27 21:15:29,892] {processor.py:153} INFO - Started process (PID=6632) to work on /Users/gabrielroger/Documents/projects/weather-data/.venv/lib/python3.9/site-packages/airflow/example_dags/example_complex.py
[2023-03-27 21:15:29,893] {processor.py:641} INFO - Processing file /Users/gabrielroger/Documents/projects/weather-data/.venv/lib/python3.9/site-packages/airflow/example_dags/example_complex.py for tasks to queue
[2023-03-27 21:15:29,893] {logging_mixin.py:115} INFO - [2023-03-27 21:15:29,893] {dagbag.py:507} INFO - Filling up the DagBag from /Users/gabrielroger/Documents/projects/weather-data/.venv/lib/python3.9/site-packages/airflow/example_dags/example_complex.py
[2023-03-27 21:15:29,902] {processor.py:651} INFO - DAG(s) dict_keys(['example_complex']) retrieved from /Users/gabrielroger/Documents/projects/weather-data/.venv/lib/python3.9/site-packages/airflow/example_dags/example_complex.py
[2023-03-27 21:15:29,935] {logging_mixin.py:115} INFO - [2023-03-27 21:15:29,934] {dag.py:2379} INFO - Sync 1 DAGs
[2023-03-27 21:15:29,941] {logging_mixin.py:115} INFO - [2023-03-27 21:15:29,941] {dag.py:2927} INFO - Setting next_dagrun for example_complex to None, run_after=None
[2023-03-27 21:15:29,946] {processor.py:161} INFO - Processing /Users/gabrielroger/Documents/projects/weather-data/.venv/lib/python3.9/site-packages/airflow/example_dags/example_complex.py took 0.055 seconds
[2023-03-27 21:16:36,619] {processor.py:153} INFO - Started process (PID=6742) to work on /Users/gabrielroger/Documents/projects/weather-data/.venv/lib/python3.9/site-packages/airflow/example_dags/example_complex.py
[2023-03-27 21:16:36,620] {processor.py:641} INFO - Processing file /Users/gabrielroger/Documents/projects/weather-data/.venv/lib/python3.9/site-packages/airflow/example_dags/example_complex.py for tasks to queue
[2023-03-27 21:16:36,620] {logging_mixin.py:115} INFO - [2023-03-27 21:16:36,620] {dagbag.py:507} INFO - Filling up the DagBag from /Users/gabrielroger/Documents/projects/weather-data/.venv/lib/python3.9/site-packages/airflow/example_dags/example_complex.py
[2023-03-27 21:16:36,630] {processor.py:651} INFO - DAG(s) dict_keys(['example_complex']) retrieved from /Users/gabrielroger/Documents/projects/weather-data/.venv/lib/python3.9/site-packages/airflow/example_dags/example_complex.py
[2023-03-27 21:16:36,662] {logging_mixin.py:115} INFO - [2023-03-27 21:16:36,662] {dag.py:2379} INFO - Sync 1 DAGs
[2023-03-27 21:16:36,669] {logging_mixin.py:115} INFO - [2023-03-27 21:16:36,668] {dag.py:2927} INFO - Setting next_dagrun for example_complex to None, run_after=None
[2023-03-27 21:16:36,674] {processor.py:161} INFO - Processing /Users/gabrielroger/Documents/projects/weather-data/.venv/lib/python3.9/site-packages/airflow/example_dags/example_complex.py took 0.055 seconds
[2023-03-27 21:17:40,291] {processor.py:153} INFO - Started process (PID=6846) to work on /Users/gabrielroger/Documents/projects/weather-data/.venv/lib/python3.9/site-packages/airflow/example_dags/example_complex.py
[2023-03-27 21:17:40,291] {processor.py:641} INFO - Processing file /Users/gabrielroger/Documents/projects/weather-data/.venv/lib/python3.9/site-packages/airflow/example_dags/example_complex.py for tasks to queue
[2023-03-27 21:17:40,291] {logging_mixin.py:115} INFO - [2023-03-27 21:17:40,291] {dagbag.py:507} INFO - Filling up the DagBag from /Users/gabrielroger/Documents/projects/weather-data/.venv/lib/python3.9/site-packages/airflow/example_dags/example_complex.py
[2023-03-27 21:17:40,300] {processor.py:651} INFO - DAG(s) dict_keys(['example_complex']) retrieved from /Users/gabrielroger/Documents/projects/weather-data/.venv/lib/python3.9/site-packages/airflow/example_dags/example_complex.py
[2023-03-27 21:17:40,333] {logging_mixin.py:115} INFO - [2023-03-27 21:17:40,332] {dag.py:2379} INFO - Sync 1 DAGs
[2023-03-27 21:17:40,339] {logging_mixin.py:115} INFO - [2023-03-27 21:17:40,339] {dag.py:2927} INFO - Setting next_dagrun for example_complex to None, run_after=None
[2023-03-27 21:17:40,345] {processor.py:161} INFO - Processing /Users/gabrielroger/Documents/projects/weather-data/.venv/lib/python3.9/site-packages/airflow/example_dags/example_complex.py took 0.054 seconds
[2023-03-27 21:18:44,228] {processor.py:153} INFO - Started process (PID=6959) to work on /Users/gabrielroger/Documents/projects/weather-data/.venv/lib/python3.9/site-packages/airflow/example_dags/example_complex.py
[2023-03-27 21:18:44,229] {processor.py:641} INFO - Processing file /Users/gabrielroger/Documents/projects/weather-data/.venv/lib/python3.9/site-packages/airflow/example_dags/example_complex.py for tasks to queue
[2023-03-27 21:18:44,229] {logging_mixin.py:115} INFO - [2023-03-27 21:18:44,229] {dagbag.py:507} INFO - Filling up the DagBag from /Users/gabrielroger/Documents/projects/weather-data/.venv/lib/python3.9/site-packages/airflow/example_dags/example_complex.py
[2023-03-27 21:18:44,239] {processor.py:651} INFO - DAG(s) dict_keys(['example_complex']) retrieved from /Users/gabrielroger/Documents/projects/weather-data/.venv/lib/python3.9/site-packages/airflow/example_dags/example_complex.py
[2023-03-27 21:18:44,272] {logging_mixin.py:115} INFO - [2023-03-27 21:18:44,272] {dag.py:2379} INFO - Sync 1 DAGs
[2023-03-27 21:18:44,279] {logging_mixin.py:115} INFO - [2023-03-27 21:18:44,279] {dag.py:2927} INFO - Setting next_dagrun for example_complex to None, run_after=None
[2023-03-27 21:18:44,284] {processor.py:161} INFO - Processing /Users/gabrielroger/Documents/projects/weather-data/.venv/lib/python3.9/site-packages/airflow/example_dags/example_complex.py took 0.056 seconds
[2023-03-27 21:19:50,086] {processor.py:153} INFO - Started process (PID=7069) to work on /Users/gabrielroger/Documents/projects/weather-data/.venv/lib/python3.9/site-packages/airflow/example_dags/example_complex.py
[2023-03-27 21:19:50,087] {processor.py:641} INFO - Processing file /Users/gabrielroger/Documents/projects/weather-data/.venv/lib/python3.9/site-packages/airflow/example_dags/example_complex.py for tasks to queue
[2023-03-27 21:19:50,087] {logging_mixin.py:115} INFO - [2023-03-27 21:19:50,087] {dagbag.py:507} INFO - Filling up the DagBag from /Users/gabrielroger/Documents/projects/weather-data/.venv/lib/python3.9/site-packages/airflow/example_dags/example_complex.py
[2023-03-27 21:19:50,096] {processor.py:651} INFO - DAG(s) dict_keys(['example_complex']) retrieved from /Users/gabrielroger/Documents/projects/weather-data/.venv/lib/python3.9/site-packages/airflow/example_dags/example_complex.py
[2023-03-27 21:19:50,129] {logging_mixin.py:115} INFO - [2023-03-27 21:19:50,129] {dag.py:2379} INFO - Sync 1 DAGs
[2023-03-27 21:19:50,135] {logging_mixin.py:115} INFO - [2023-03-27 21:19:50,135] {dag.py:2927} INFO - Setting next_dagrun for example_complex to None, run_after=None
[2023-03-27 21:19:50,140] {processor.py:161} INFO - Processing /Users/gabrielroger/Documents/projects/weather-data/.venv/lib/python3.9/site-packages/airflow/example_dags/example_complex.py took 0.055 seconds
[2023-03-27 21:20:57,824] {processor.py:153} INFO - Started process (PID=7180) to work on /Users/gabrielroger/Documents/projects/weather-data/.venv/lib/python3.9/site-packages/airflow/example_dags/example_complex.py
[2023-03-27 21:20:57,824] {processor.py:641} INFO - Processing file /Users/gabrielroger/Documents/projects/weather-data/.venv/lib/python3.9/site-packages/airflow/example_dags/example_complex.py for tasks to queue
[2023-03-27 21:20:57,825] {logging_mixin.py:115} INFO - [2023-03-27 21:20:57,825] {dagbag.py:507} INFO - Filling up the DagBag from /Users/gabrielroger/Documents/projects/weather-data/.venv/lib/python3.9/site-packages/airflow/example_dags/example_complex.py
[2023-03-27 21:20:57,834] {processor.py:651} INFO - DAG(s) dict_keys(['example_complex']) retrieved from /Users/gabrielroger/Documents/projects/weather-data/.venv/lib/python3.9/site-packages/airflow/example_dags/example_complex.py
[2023-03-27 21:20:57,866] {logging_mixin.py:115} INFO - [2023-03-27 21:20:57,866] {dag.py:2379} INFO - Sync 1 DAGs
[2023-03-27 21:20:57,873] {logging_mixin.py:115} INFO - [2023-03-27 21:20:57,872] {dag.py:2927} INFO - Setting next_dagrun for example_complex to None, run_after=None
[2023-03-27 21:20:57,878] {processor.py:161} INFO - Processing /Users/gabrielroger/Documents/projects/weather-data/.venv/lib/python3.9/site-packages/airflow/example_dags/example_complex.py took 0.054 seconds
[2023-03-27 21:22:06,597] {processor.py:153} INFO - Started process (PID=7292) to work on /Users/gabrielroger/Documents/projects/weather-data/.venv/lib/python3.9/site-packages/airflow/example_dags/example_complex.py
[2023-03-27 21:22:06,597] {processor.py:641} INFO - Processing file /Users/gabrielroger/Documents/projects/weather-data/.venv/lib/python3.9/site-packages/airflow/example_dags/example_complex.py for tasks to queue
[2023-03-27 21:22:06,597] {logging_mixin.py:115} INFO - [2023-03-27 21:22:06,597] {dagbag.py:507} INFO - Filling up the DagBag from /Users/gabrielroger/Documents/projects/weather-data/.venv/lib/python3.9/site-packages/airflow/example_dags/example_complex.py
[2023-03-27 21:22:06,607] {processor.py:651} INFO - DAG(s) dict_keys(['example_complex']) retrieved from /Users/gabrielroger/Documents/projects/weather-data/.venv/lib/python3.9/site-packages/airflow/example_dags/example_complex.py
[2023-03-27 21:22:06,638] {logging_mixin.py:115} INFO - [2023-03-27 21:22:06,638] {dag.py:2379} INFO - Sync 1 DAGs
[2023-03-27 21:22:06,645] {logging_mixin.py:115} INFO - [2023-03-27 21:22:06,645] {dag.py:2927} INFO - Setting next_dagrun for example_complex to None, run_after=None
[2023-03-27 21:22:06,651] {processor.py:161} INFO - Processing /Users/gabrielroger/Documents/projects/weather-data/.venv/lib/python3.9/site-packages/airflow/example_dags/example_complex.py took 0.054 seconds
[2023-03-27 21:23:11,020] {processor.py:153} INFO - Started process (PID=7401) to work on /Users/gabrielroger/Documents/projects/weather-data/.venv/lib/python3.9/site-packages/airflow/example_dags/example_complex.py
[2023-03-27 21:23:11,021] {processor.py:641} INFO - Processing file /Users/gabrielroger/Documents/projects/weather-data/.venv/lib/python3.9/site-packages/airflow/example_dags/example_complex.py for tasks to queue
[2023-03-27 21:23:11,021] {logging_mixin.py:115} INFO - [2023-03-27 21:23:11,021] {dagbag.py:507} INFO - Filling up the DagBag from /Users/gabrielroger/Documents/projects/weather-data/.venv/lib/python3.9/site-packages/airflow/example_dags/example_complex.py
[2023-03-27 21:23:11,030] {processor.py:651} INFO - DAG(s) dict_keys(['example_complex']) retrieved from /Users/gabrielroger/Documents/projects/weather-data/.venv/lib/python3.9/site-packages/airflow/example_dags/example_complex.py
[2023-03-27 21:23:11,062] {logging_mixin.py:115} INFO - [2023-03-27 21:23:11,062] {dag.py:2379} INFO - Sync 1 DAGs
[2023-03-27 21:23:11,069] {logging_mixin.py:115} INFO - [2023-03-27 21:23:11,069] {dag.py:2927} INFO - Setting next_dagrun for example_complex to None, run_after=None
[2023-03-27 21:23:11,075] {processor.py:161} INFO - Processing /Users/gabrielroger/Documents/projects/weather-data/.venv/lib/python3.9/site-packages/airflow/example_dags/example_complex.py took 0.055 seconds
[2023-03-27 21:24:17,651] {processor.py:153} INFO - Started process (PID=7517) to work on /Users/gabrielroger/Documents/projects/weather-data/.venv/lib/python3.9/site-packages/airflow/example_dags/example_complex.py
[2023-03-27 21:24:17,652] {processor.py:641} INFO - Processing file /Users/gabrielroger/Documents/projects/weather-data/.venv/lib/python3.9/site-packages/airflow/example_dags/example_complex.py for tasks to queue
[2023-03-27 21:24:17,652] {logging_mixin.py:115} INFO - [2023-03-27 21:24:17,652] {dagbag.py:507} INFO - Filling up the DagBag from /Users/gabrielroger/Documents/projects/weather-data/.venv/lib/python3.9/site-packages/airflow/example_dags/example_complex.py
[2023-03-27 21:24:17,662] {processor.py:651} INFO - DAG(s) dict_keys(['example_complex']) retrieved from /Users/gabrielroger/Documents/projects/weather-data/.venv/lib/python3.9/site-packages/airflow/example_dags/example_complex.py
[2023-03-27 21:24:17,695] {logging_mixin.py:115} INFO - [2023-03-27 21:24:17,694] {dag.py:2379} INFO - Sync 1 DAGs
[2023-03-27 21:24:17,701] {logging_mixin.py:115} INFO - [2023-03-27 21:24:17,701] {dag.py:2927} INFO - Setting next_dagrun for example_complex to None, run_after=None
[2023-03-27 21:24:17,707] {processor.py:161} INFO - Processing /Users/gabrielroger/Documents/projects/weather-data/.venv/lib/python3.9/site-packages/airflow/example_dags/example_complex.py took 0.055 seconds
[2023-03-27 21:25:23,775] {processor.py:153} INFO - Started process (PID=7659) to work on /Users/gabrielroger/Documents/projects/weather-data/.venv/lib/python3.9/site-packages/airflow/example_dags/example_complex.py
[2023-03-27 21:25:23,775] {processor.py:641} INFO - Processing file /Users/gabrielroger/Documents/projects/weather-data/.venv/lib/python3.9/site-packages/airflow/example_dags/example_complex.py for tasks to queue
[2023-03-27 21:25:23,775] {logging_mixin.py:115} INFO - [2023-03-27 21:25:23,775] {dagbag.py:507} INFO - Filling up the DagBag from /Users/gabrielroger/Documents/projects/weather-data/.venv/lib/python3.9/site-packages/airflow/example_dags/example_complex.py
[2023-03-27 21:25:23,785] {processor.py:651} INFO - DAG(s) dict_keys(['example_complex']) retrieved from /Users/gabrielroger/Documents/projects/weather-data/.venv/lib/python3.9/site-packages/airflow/example_dags/example_complex.py
[2023-03-27 21:25:23,817] {logging_mixin.py:115} INFO - [2023-03-27 21:25:23,817] {dag.py:2379} INFO - Sync 1 DAGs
[2023-03-27 21:25:23,824] {logging_mixin.py:115} INFO - [2023-03-27 21:25:23,823] {dag.py:2927} INFO - Setting next_dagrun for example_complex to None, run_after=None
[2023-03-27 21:25:23,829] {processor.py:161} INFO - Processing /Users/gabrielroger/Documents/projects/weather-data/.venv/lib/python3.9/site-packages/airflow/example_dags/example_complex.py took 0.055 seconds
[2023-03-27 21:26:30,850] {processor.py:153} INFO - Started process (PID=7777) to work on /Users/gabrielroger/Documents/projects/weather-data/.venv/lib/python3.9/site-packages/airflow/example_dags/example_complex.py
[2023-03-27 21:26:30,850] {processor.py:641} INFO - Processing file /Users/gabrielroger/Documents/projects/weather-data/.venv/lib/python3.9/site-packages/airflow/example_dags/example_complex.py for tasks to queue
[2023-03-27 21:26:30,850] {logging_mixin.py:115} INFO - [2023-03-27 21:26:30,850] {dagbag.py:507} INFO - Filling up the DagBag from /Users/gabrielroger/Documents/projects/weather-data/.venv/lib/python3.9/site-packages/airflow/example_dags/example_complex.py
[2023-03-27 21:26:30,859] {processor.py:651} INFO - DAG(s) dict_keys(['example_complex']) retrieved from /Users/gabrielroger/Documents/projects/weather-data/.venv/lib/python3.9/site-packages/airflow/example_dags/example_complex.py
[2023-03-27 21:26:30,891] {logging_mixin.py:115} INFO - [2023-03-27 21:26:30,891] {dag.py:2379} INFO - Sync 1 DAGs
[2023-03-27 21:26:30,898] {logging_mixin.py:115} INFO - [2023-03-27 21:26:30,898] {dag.py:2927} INFO - Setting next_dagrun for example_complex to None, run_after=None
[2023-03-27 21:26:30,903] {processor.py:161} INFO - Processing /Users/gabrielroger/Documents/projects/weather-data/.venv/lib/python3.9/site-packages/airflow/example_dags/example_complex.py took 0.054 seconds
[2023-03-27 21:27:36,827] {processor.py:153} INFO - Started process (PID=7885) to work on /Users/gabrielroger/Documents/projects/weather-data/.venv/lib/python3.9/site-packages/airflow/example_dags/example_complex.py
[2023-03-27 21:27:36,827] {processor.py:641} INFO - Processing file /Users/gabrielroger/Documents/projects/weather-data/.venv/lib/python3.9/site-packages/airflow/example_dags/example_complex.py for tasks to queue
[2023-03-27 21:27:36,827] {logging_mixin.py:115} INFO - [2023-03-27 21:27:36,827] {dagbag.py:507} INFO - Filling up the DagBag from /Users/gabrielroger/Documents/projects/weather-data/.venv/lib/python3.9/site-packages/airflow/example_dags/example_complex.py
[2023-03-27 21:27:36,836] {processor.py:651} INFO - DAG(s) dict_keys(['example_complex']) retrieved from /Users/gabrielroger/Documents/projects/weather-data/.venv/lib/python3.9/site-packages/airflow/example_dags/example_complex.py
[2023-03-27 21:27:36,868] {logging_mixin.py:115} INFO - [2023-03-27 21:27:36,868] {dag.py:2379} INFO - Sync 1 DAGs
[2023-03-27 21:27:36,875] {logging_mixin.py:115} INFO - [2023-03-27 21:27:36,875] {dag.py:2927} INFO - Setting next_dagrun for example_complex to None, run_after=None
[2023-03-27 21:27:36,880] {processor.py:161} INFO - Processing /Users/gabrielroger/Documents/projects/weather-data/.venv/lib/python3.9/site-packages/airflow/example_dags/example_complex.py took 0.054 seconds
[2023-03-27 21:28:41,622] {processor.py:153} INFO - Started process (PID=8003) to work on /Users/gabrielroger/Documents/projects/weather-data/.venv/lib/python3.9/site-packages/airflow/example_dags/example_complex.py
[2023-03-27 21:28:41,622] {processor.py:641} INFO - Processing file /Users/gabrielroger/Documents/projects/weather-data/.venv/lib/python3.9/site-packages/airflow/example_dags/example_complex.py for tasks to queue
[2023-03-27 21:28:41,623] {logging_mixin.py:115} INFO - [2023-03-27 21:28:41,623] {dagbag.py:507} INFO - Filling up the DagBag from /Users/gabrielroger/Documents/projects/weather-data/.venv/lib/python3.9/site-packages/airflow/example_dags/example_complex.py
[2023-03-27 21:28:41,632] {processor.py:651} INFO - DAG(s) dict_keys(['example_complex']) retrieved from /Users/gabrielroger/Documents/projects/weather-data/.venv/lib/python3.9/site-packages/airflow/example_dags/example_complex.py
[2023-03-27 21:28:41,664] {logging_mixin.py:115} INFO - [2023-03-27 21:28:41,664] {dag.py:2379} INFO - Sync 1 DAGs
[2023-03-27 21:28:41,670] {logging_mixin.py:115} INFO - [2023-03-27 21:28:41,670] {dag.py:2927} INFO - Setting next_dagrun for example_complex to None, run_after=None
[2023-03-27 21:28:41,676] {processor.py:161} INFO - Processing /Users/gabrielroger/Documents/projects/weather-data/.venv/lib/python3.9/site-packages/airflow/example_dags/example_complex.py took 0.054 seconds
[2023-03-27 21:29:45,053] {processor.py:153} INFO - Started process (PID=8130) to work on /Users/gabrielroger/Documents/projects/weather-data/.venv/lib/python3.9/site-packages/airflow/example_dags/example_complex.py
[2023-03-27 21:29:45,053] {processor.py:641} INFO - Processing file /Users/gabrielroger/Documents/projects/weather-data/.venv/lib/python3.9/site-packages/airflow/example_dags/example_complex.py for tasks to queue
[2023-03-27 21:29:45,053] {logging_mixin.py:115} INFO - [2023-03-27 21:29:45,053] {dagbag.py:507} INFO - Filling up the DagBag from /Users/gabrielroger/Documents/projects/weather-data/.venv/lib/python3.9/site-packages/airflow/example_dags/example_complex.py
[2023-03-27 21:29:45,063] {processor.py:651} INFO - DAG(s) dict_keys(['example_complex']) retrieved from /Users/gabrielroger/Documents/projects/weather-data/.venv/lib/python3.9/site-packages/airflow/example_dags/example_complex.py
[2023-03-27 21:29:45,095] {logging_mixin.py:115} INFO - [2023-03-27 21:29:45,095] {dag.py:2379} INFO - Sync 1 DAGs
[2023-03-27 21:29:45,101] {logging_mixin.py:115} INFO - [2023-03-27 21:29:45,101] {dag.py:2927} INFO - Setting next_dagrun for example_complex to None, run_after=None
[2023-03-27 21:29:45,109] {processor.py:161} INFO - Processing /Users/gabrielroger/Documents/projects/weather-data/.venv/lib/python3.9/site-packages/airflow/example_dags/example_complex.py took 0.056 seconds
[2023-03-27 21:30:49,761] {processor.py:153} INFO - Started process (PID=8257) to work on /Users/gabrielroger/Documents/projects/weather-data/.venv/lib/python3.9/site-packages/airflow/example_dags/example_complex.py
[2023-03-27 21:30:49,761] {processor.py:641} INFO - Processing file /Users/gabrielroger/Documents/projects/weather-data/.venv/lib/python3.9/site-packages/airflow/example_dags/example_complex.py for tasks to queue
[2023-03-27 21:30:49,761] {logging_mixin.py:115} INFO - [2023-03-27 21:30:49,761] {dagbag.py:507} INFO - Filling up the DagBag from /Users/gabrielroger/Documents/projects/weather-data/.venv/lib/python3.9/site-packages/airflow/example_dags/example_complex.py
[2023-03-27 21:30:49,770] {processor.py:651} INFO - DAG(s) dict_keys(['example_complex']) retrieved from /Users/gabrielroger/Documents/projects/weather-data/.venv/lib/python3.9/site-packages/airflow/example_dags/example_complex.py
[2023-03-27 21:30:49,803] {logging_mixin.py:115} INFO - [2023-03-27 21:30:49,803] {dag.py:2379} INFO - Sync 1 DAGs
[2023-03-27 21:30:49,809] {logging_mixin.py:115} INFO - [2023-03-27 21:30:49,809] {dag.py:2927} INFO - Setting next_dagrun for example_complex to None, run_after=None
[2023-03-27 21:30:49,815] {processor.py:161} INFO - Processing /Users/gabrielroger/Documents/projects/weather-data/.venv/lib/python3.9/site-packages/airflow/example_dags/example_complex.py took 0.055 seconds
[2023-03-27 21:31:54,184] {processor.py:153} INFO - Started process (PID=8364) to work on /Users/gabrielroger/Documents/projects/weather-data/.venv/lib/python3.9/site-packages/airflow/example_dags/example_complex.py
[2023-03-27 21:31:54,184] {processor.py:641} INFO - Processing file /Users/gabrielroger/Documents/projects/weather-data/.venv/lib/python3.9/site-packages/airflow/example_dags/example_complex.py for tasks to queue
[2023-03-27 21:31:54,185] {logging_mixin.py:115} INFO - [2023-03-27 21:31:54,184] {dagbag.py:507} INFO - Filling up the DagBag from /Users/gabrielroger/Documents/projects/weather-data/.venv/lib/python3.9/site-packages/airflow/example_dags/example_complex.py
[2023-03-27 21:31:54,194] {processor.py:651} INFO - DAG(s) dict_keys(['example_complex']) retrieved from /Users/gabrielroger/Documents/projects/weather-data/.venv/lib/python3.9/site-packages/airflow/example_dags/example_complex.py
[2023-03-27 21:31:54,226] {logging_mixin.py:115} INFO - [2023-03-27 21:31:54,226] {dag.py:2379} INFO - Sync 1 DAGs
[2023-03-27 21:31:54,233] {logging_mixin.py:115} INFO - [2023-03-27 21:31:54,233] {dag.py:2927} INFO - Setting next_dagrun for example_complex to None, run_after=None
[2023-03-27 21:31:54,238] {processor.py:161} INFO - Processing /Users/gabrielroger/Documents/projects/weather-data/.venv/lib/python3.9/site-packages/airflow/example_dags/example_complex.py took 0.054 seconds
[2023-03-27 21:33:01,664] {processor.py:153} INFO - Started process (PID=8475) to work on /Users/gabrielroger/Documents/projects/weather-data/.venv/lib/python3.9/site-packages/airflow/example_dags/example_complex.py
[2023-03-27 21:33:01,664] {processor.py:641} INFO - Processing file /Users/gabrielroger/Documents/projects/weather-data/.venv/lib/python3.9/site-packages/airflow/example_dags/example_complex.py for tasks to queue
[2023-03-27 21:33:01,664] {logging_mixin.py:115} INFO - [2023-03-27 21:33:01,664] {dagbag.py:507} INFO - Filling up the DagBag from /Users/gabrielroger/Documents/projects/weather-data/.venv/lib/python3.9/site-packages/airflow/example_dags/example_complex.py
[2023-03-27 21:33:01,673] {processor.py:651} INFO - DAG(s) dict_keys(['example_complex']) retrieved from /Users/gabrielroger/Documents/projects/weather-data/.venv/lib/python3.9/site-packages/airflow/example_dags/example_complex.py
[2023-03-27 21:33:01,705] {logging_mixin.py:115} INFO - [2023-03-27 21:33:01,705] {dag.py:2379} INFO - Sync 1 DAGs
[2023-03-27 21:33:01,712] {logging_mixin.py:115} INFO - [2023-03-27 21:33:01,712] {dag.py:2927} INFO - Setting next_dagrun for example_complex to None, run_after=None
[2023-03-27 21:33:01,718] {processor.py:161} INFO - Processing /Users/gabrielroger/Documents/projects/weather-data/.venv/lib/python3.9/site-packages/airflow/example_dags/example_complex.py took 0.054 seconds
[2023-03-27 21:34:08,682] {processor.py:153} INFO - Started process (PID=8590) to work on /Users/gabrielroger/Documents/projects/weather-data/.venv/lib/python3.9/site-packages/airflow/example_dags/example_complex.py
[2023-03-27 21:34:08,682] {processor.py:641} INFO - Processing file /Users/gabrielroger/Documents/projects/weather-data/.venv/lib/python3.9/site-packages/airflow/example_dags/example_complex.py for tasks to queue
[2023-03-27 21:34:08,682] {logging_mixin.py:115} INFO - [2023-03-27 21:34:08,682] {dagbag.py:507} INFO - Filling up the DagBag from /Users/gabrielroger/Documents/projects/weather-data/.venv/lib/python3.9/site-packages/airflow/example_dags/example_complex.py
[2023-03-27 21:34:08,691] {processor.py:651} INFO - DAG(s) dict_keys(['example_complex']) retrieved from /Users/gabrielroger/Documents/projects/weather-data/.venv/lib/python3.9/site-packages/airflow/example_dags/example_complex.py
[2023-03-27 21:34:08,724] {logging_mixin.py:115} INFO - [2023-03-27 21:34:08,724] {dag.py:2379} INFO - Sync 1 DAGs
[2023-03-27 21:34:08,730] {logging_mixin.py:115} INFO - [2023-03-27 21:34:08,730] {dag.py:2927} INFO - Setting next_dagrun for example_complex to None, run_after=None
[2023-03-27 21:34:08,736] {processor.py:161} INFO - Processing /Users/gabrielroger/Documents/projects/weather-data/.venv/lib/python3.9/site-packages/airflow/example_dags/example_complex.py took 0.055 seconds
[2023-03-27 22:00:06,032] {processor.py:153} INFO - Started process (PID=8771) to work on /Users/gabrielroger/Documents/projects/weather-data/.venv/lib/python3.9/site-packages/airflow/example_dags/example_complex.py
[2023-03-27 22:00:06,032] {processor.py:641} INFO - Processing file /Users/gabrielroger/Documents/projects/weather-data/.venv/lib/python3.9/site-packages/airflow/example_dags/example_complex.py for tasks to queue
[2023-03-27 22:00:06,033] {logging_mixin.py:115} INFO - [2023-03-27 22:00:06,033] {dagbag.py:507} INFO - Filling up the DagBag from /Users/gabrielroger/Documents/projects/weather-data/.venv/lib/python3.9/site-packages/airflow/example_dags/example_complex.py
[2023-03-27 22:00:06,042] {processor.py:651} INFO - DAG(s) dict_keys(['example_complex']) retrieved from /Users/gabrielroger/Documents/projects/weather-data/.venv/lib/python3.9/site-packages/airflow/example_dags/example_complex.py
[2023-03-27 22:00:06,073] {logging_mixin.py:115} INFO - [2023-03-27 22:00:06,073] {dag.py:2379} INFO - Sync 1 DAGs
[2023-03-27 22:00:06,080] {logging_mixin.py:115} INFO - [2023-03-27 22:00:06,080] {dag.py:2927} INFO - Setting next_dagrun for example_complex to None, run_after=None
[2023-03-27 22:00:06,085] {processor.py:161} INFO - Processing /Users/gabrielroger/Documents/projects/weather-data/.venv/lib/python3.9/site-packages/airflow/example_dags/example_complex.py took 0.054 seconds
[2023-03-27 22:56:22,298] {processor.py:153} INFO - Started process (PID=8933) to work on /Users/gabrielroger/Documents/projects/weather-data/.venv/lib/python3.9/site-packages/airflow/example_dags/example_complex.py
[2023-03-27 22:56:22,299] {processor.py:641} INFO - Processing file /Users/gabrielroger/Documents/projects/weather-data/.venv/lib/python3.9/site-packages/airflow/example_dags/example_complex.py for tasks to queue
[2023-03-27 22:56:22,299] {logging_mixin.py:115} INFO - [2023-03-27 22:56:22,299] {dagbag.py:507} INFO - Filling up the DagBag from /Users/gabrielroger/Documents/projects/weather-data/.venv/lib/python3.9/site-packages/airflow/example_dags/example_complex.py
[2023-03-27 22:56:22,308] {processor.py:651} INFO - DAG(s) dict_keys(['example_complex']) retrieved from /Users/gabrielroger/Documents/projects/weather-data/.venv/lib/python3.9/site-packages/airflow/example_dags/example_complex.py
[2023-03-27 22:56:22,341] {logging_mixin.py:115} INFO - [2023-03-27 22:56:22,341] {dag.py:2379} INFO - Sync 1 DAGs
[2023-03-27 22:56:22,347] {logging_mixin.py:115} INFO - [2023-03-27 22:56:22,347] {dag.py:2927} INFO - Setting next_dagrun for example_complex to None, run_after=None
[2023-03-27 22:56:22,353] {processor.py:161} INFO - Processing /Users/gabrielroger/Documents/projects/weather-data/.venv/lib/python3.9/site-packages/airflow/example_dags/example_complex.py took 0.054 seconds
