[2023-03-27 21:10:23,456] {processor.py:153} INFO - Started process (PID=6118) to work on /Users/gabrielroger/Documents/projects/weather-data/.venv/lib/python3.9/site-packages/airflow/example_dags/example_branch_datetime_operator.py
[2023-03-27 21:10:23,456] {processor.py:641} INFO - Processing file /Users/gabrielroger/Documents/projects/weather-data/.venv/lib/python3.9/site-packages/airflow/example_dags/example_branch_datetime_operator.py for tasks to queue
[2023-03-27 21:10:23,456] {logging_mixin.py:115} INFO - [2023-03-27 21:10:23,456] {dagbag.py:507} INFO - Filling up the DagBag from /Users/gabrielroger/Documents/projects/weather-data/.venv/lib/python3.9/site-packages/airflow/example_dags/example_branch_datetime_operator.py
[2023-03-27 21:10:23,464] {processor.py:651} INFO - DAG(s) dict_keys(['example_branch_datetime_operator_2']) retrieved from /Users/gabrielroger/Documents/projects/weather-data/.venv/lib/python3.9/site-packages/airflow/example_dags/example_branch_datetime_operator.py
[2023-03-27 21:10:23,495] {logging_mixin.py:115} INFO - [2023-03-27 21:10:23,495] {dag.py:2379} INFO - Sync 1 DAGs
[2023-03-27 21:10:23,502] {logging_mixin.py:115} INFO - [2023-03-27 21:10:23,502] {dag.py:2927} INFO - Setting next_dagrun for example_branch_datetime_operator_2 to 2023-03-27T00:00:00+00:00, run_after=2023-03-28T00:00:00+00:00
[2023-03-27 21:10:23,508] {processor.py:161} INFO - Processing /Users/gabrielroger/Documents/projects/weather-data/.venv/lib/python3.9/site-packages/airflow/example_dags/example_branch_datetime_operator.py took 0.052 seconds
[2023-03-27 21:11:29,353] {processor.py:153} INFO - Started process (PID=6232) to work on /Users/gabrielroger/Documents/projects/weather-data/.venv/lib/python3.9/site-packages/airflow/example_dags/example_branch_datetime_operator.py
[2023-03-27 21:11:29,354] {processor.py:641} INFO - Processing file /Users/gabrielroger/Documents/projects/weather-data/.venv/lib/python3.9/site-packages/airflow/example_dags/example_branch_datetime_operator.py for tasks to queue
[2023-03-27 21:11:29,354] {logging_mixin.py:115} INFO - [2023-03-27 21:11:29,354] {dagbag.py:507} INFO - Filling up the DagBag from /Users/gabrielroger/Documents/projects/weather-data/.venv/lib/python3.9/site-packages/airflow/example_dags/example_branch_datetime_operator.py
[2023-03-27 21:11:29,364] {processor.py:651} INFO - DAG(s) dict_keys(['example_branch_datetime_operator_2']) retrieved from /Users/gabrielroger/Documents/projects/weather-data/.venv/lib/python3.9/site-packages/airflow/example_dags/example_branch_datetime_operator.py
[2023-03-27 21:11:29,394] {logging_mixin.py:115} INFO - [2023-03-27 21:11:29,394] {dag.py:2379} INFO - Sync 1 DAGs
[2023-03-27 21:11:29,403] {logging_mixin.py:115} INFO - [2023-03-27 21:11:29,403] {dag.py:2927} INFO - Setting next_dagrun for example_branch_datetime_operator_2 to 2023-03-27T00:00:00+00:00, run_after=2023-03-28T00:00:00+00:00
[2023-03-27 21:11:29,409] {processor.py:161} INFO - Processing /Users/gabrielroger/Documents/projects/weather-data/.venv/lib/python3.9/site-packages/airflow/example_dags/example_branch_datetime_operator.py took 0.056 seconds
[2023-03-27 21:12:40,137] {processor.py:153} INFO - Started process (PID=6346) to work on /Users/gabrielroger/Documents/projects/weather-data/.venv/lib/python3.9/site-packages/airflow/example_dags/example_branch_datetime_operator.py
[2023-03-27 21:12:40,138] {processor.py:641} INFO - Processing file /Users/gabrielroger/Documents/projects/weather-data/.venv/lib/python3.9/site-packages/airflow/example_dags/example_branch_datetime_operator.py for tasks to queue
[2023-03-27 21:12:40,138] {logging_mixin.py:115} INFO - [2023-03-27 21:12:40,138] {dagbag.py:507} INFO - Filling up the DagBag from /Users/gabrielroger/Documents/projects/weather-data/.venv/lib/python3.9/site-packages/airflow/example_dags/example_branch_datetime_operator.py
[2023-03-27 21:12:40,146] {processor.py:651} INFO - DAG(s) dict_keys(['example_branch_datetime_operator_2']) retrieved from /Users/gabrielroger/Documents/projects/weather-data/.venv/lib/python3.9/site-packages/airflow/example_dags/example_branch_datetime_operator.py
[2023-03-27 21:12:40,176] {logging_mixin.py:115} INFO - [2023-03-27 21:12:40,176] {dag.py:2379} INFO - Sync 1 DAGs
[2023-03-27 21:12:40,184] {logging_mixin.py:115} INFO - [2023-03-27 21:12:40,184] {dag.py:2927} INFO - Setting next_dagrun for example_branch_datetime_operator_2 to 2023-03-27T00:00:00+00:00, run_after=2023-03-28T00:00:00+00:00
[2023-03-27 21:12:40,189] {processor.py:161} INFO - Processing /Users/gabrielroger/Documents/projects/weather-data/.venv/lib/python3.9/site-packages/airflow/example_dags/example_branch_datetime_operator.py took 0.053 seconds
[2023-03-27 21:13:48,426] {processor.py:153} INFO - Started process (PID=6463) to work on /Users/gabrielroger/Documents/projects/weather-data/.venv/lib/python3.9/site-packages/airflow/example_dags/example_branch_datetime_operator.py
[2023-03-27 21:13:48,427] {processor.py:641} INFO - Processing file /Users/gabrielroger/Documents/projects/weather-data/.venv/lib/python3.9/site-packages/airflow/example_dags/example_branch_datetime_operator.py for tasks to queue
[2023-03-27 21:13:48,427] {logging_mixin.py:115} INFO - [2023-03-27 21:13:48,427] {dagbag.py:507} INFO - Filling up the DagBag from /Users/gabrielroger/Documents/projects/weather-data/.venv/lib/python3.9/site-packages/airflow/example_dags/example_branch_datetime_operator.py
[2023-03-27 21:13:48,435] {processor.py:651} INFO - DAG(s) dict_keys(['example_branch_datetime_operator_2']) retrieved from /Users/gabrielroger/Documents/projects/weather-data/.venv/lib/python3.9/site-packages/airflow/example_dags/example_branch_datetime_operator.py
[2023-03-27 21:13:48,465] {logging_mixin.py:115} INFO - [2023-03-27 21:13:48,465] {dag.py:2379} INFO - Sync 1 DAGs
[2023-03-27 21:13:48,473] {logging_mixin.py:115} INFO - [2023-03-27 21:13:48,473] {dag.py:2927} INFO - Setting next_dagrun for example_branch_datetime_operator_2 to 2023-03-27T00:00:00+00:00, run_after=2023-03-28T00:00:00+00:00
[2023-03-27 21:13:48,478] {processor.py:161} INFO - Processing /Users/gabrielroger/Documents/projects/weather-data/.venv/lib/python3.9/site-packages/airflow/example_dags/example_branch_datetime_operator.py took 0.053 seconds
[2023-03-27 21:14:47,759] {processor.py:153} INFO - Started process (PID=6562) to work on /Users/gabrielroger/Documents/projects/weather-data/.venv/lib/python3.9/site-packages/airflow/example_dags/example_branch_datetime_operator.py
[2023-03-27 21:14:47,760] {processor.py:641} INFO - Processing file /Users/gabrielroger/Documents/projects/weather-data/.venv/lib/python3.9/site-packages/airflow/example_dags/example_branch_datetime_operator.py for tasks to queue
[2023-03-27 21:14:47,760] {logging_mixin.py:115} INFO - [2023-03-27 21:14:47,760] {dagbag.py:507} INFO - Filling up the DagBag from /Users/gabrielroger/Documents/projects/weather-data/.venv/lib/python3.9/site-packages/airflow/example_dags/example_branch_datetime_operator.py
[2023-03-27 21:14:47,768] {processor.py:651} INFO - DAG(s) dict_keys(['example_branch_datetime_operator_2']) retrieved from /Users/gabrielroger/Documents/projects/weather-data/.venv/lib/python3.9/site-packages/airflow/example_dags/example_branch_datetime_operator.py
[2023-03-27 21:14:47,798] {logging_mixin.py:115} INFO - [2023-03-27 21:14:47,798] {dag.py:2379} INFO - Sync 1 DAGs
[2023-03-27 21:14:47,805] {logging_mixin.py:115} INFO - [2023-03-27 21:14:47,805] {dag.py:2927} INFO - Setting next_dagrun for example_branch_datetime_operator_2 to 2023-03-27T00:00:00+00:00, run_after=2023-03-28T00:00:00+00:00
[2023-03-27 21:14:47,810] {processor.py:161} INFO - Processing /Users/gabrielroger/Documents/projects/weather-data/.venv/lib/python3.9/site-packages/airflow/example_dags/example_branch_datetime_operator.py took 0.051 seconds
[2023-03-27 21:15:53,055] {processor.py:153} INFO - Started process (PID=6671) to work on /Users/gabrielroger/Documents/projects/weather-data/.venv/lib/python3.9/site-packages/airflow/example_dags/example_branch_datetime_operator.py
[2023-03-27 21:15:53,055] {processor.py:641} INFO - Processing file /Users/gabrielroger/Documents/projects/weather-data/.venv/lib/python3.9/site-packages/airflow/example_dags/example_branch_datetime_operator.py for tasks to queue
[2023-03-27 21:15:53,055] {logging_mixin.py:115} INFO - [2023-03-27 21:15:53,055] {dagbag.py:507} INFO - Filling up the DagBag from /Users/gabrielroger/Documents/projects/weather-data/.venv/lib/python3.9/site-packages/airflow/example_dags/example_branch_datetime_operator.py
[2023-03-27 21:15:53,063] {processor.py:651} INFO - DAG(s) dict_keys(['example_branch_datetime_operator_2']) retrieved from /Users/gabrielroger/Documents/projects/weather-data/.venv/lib/python3.9/site-packages/airflow/example_dags/example_branch_datetime_operator.py
[2023-03-27 21:15:53,093] {logging_mixin.py:115} INFO - [2023-03-27 21:15:53,093] {dag.py:2379} INFO - Sync 1 DAGs
[2023-03-27 21:15:53,100] {logging_mixin.py:115} INFO - [2023-03-27 21:15:53,100] {dag.py:2927} INFO - Setting next_dagrun for example_branch_datetime_operator_2 to 2023-03-27T00:00:00+00:00, run_after=2023-03-28T00:00:00+00:00
[2023-03-27 21:15:53,106] {processor.py:161} INFO - Processing /Users/gabrielroger/Documents/projects/weather-data/.venv/lib/python3.9/site-packages/airflow/example_dags/example_branch_datetime_operator.py took 0.051 seconds
[2023-03-27 21:17:00,306] {processor.py:153} INFO - Started process (PID=6781) to work on /Users/gabrielroger/Documents/projects/weather-data/.venv/lib/python3.9/site-packages/airflow/example_dags/example_branch_datetime_operator.py
[2023-03-27 21:17:00,307] {processor.py:641} INFO - Processing file /Users/gabrielroger/Documents/projects/weather-data/.venv/lib/python3.9/site-packages/airflow/example_dags/example_branch_datetime_operator.py for tasks to queue
[2023-03-27 21:17:00,307] {logging_mixin.py:115} INFO - [2023-03-27 21:17:00,307] {dagbag.py:507} INFO - Filling up the DagBag from /Users/gabrielroger/Documents/projects/weather-data/.venv/lib/python3.9/site-packages/airflow/example_dags/example_branch_datetime_operator.py
[2023-03-27 21:17:00,315] {processor.py:651} INFO - DAG(s) dict_keys(['example_branch_datetime_operator_2']) retrieved from /Users/gabrielroger/Documents/projects/weather-data/.venv/lib/python3.9/site-packages/airflow/example_dags/example_branch_datetime_operator.py
[2023-03-27 21:17:00,344] {logging_mixin.py:115} INFO - [2023-03-27 21:17:00,344] {dag.py:2379} INFO - Sync 1 DAGs
[2023-03-27 21:17:00,352] {logging_mixin.py:115} INFO - [2023-03-27 21:17:00,352] {dag.py:2927} INFO - Setting next_dagrun for example_branch_datetime_operator_2 to 2023-03-27T00:00:00+00:00, run_after=2023-03-28T00:00:00+00:00
[2023-03-27 21:17:00,357] {processor.py:161} INFO - Processing /Users/gabrielroger/Documents/projects/weather-data/.venv/lib/python3.9/site-packages/airflow/example_dags/example_branch_datetime_operator.py took 0.051 seconds
[2023-03-27 21:18:03,224] {processor.py:153} INFO - Started process (PID=6886) to work on /Users/gabrielroger/Documents/projects/weather-data/.venv/lib/python3.9/site-packages/airflow/example_dags/example_branch_datetime_operator.py
[2023-03-27 21:18:03,224] {processor.py:641} INFO - Processing file /Users/gabrielroger/Documents/projects/weather-data/.venv/lib/python3.9/site-packages/airflow/example_dags/example_branch_datetime_operator.py for tasks to queue
[2023-03-27 21:18:03,225] {logging_mixin.py:115} INFO - [2023-03-27 21:18:03,224] {dagbag.py:507} INFO - Filling up the DagBag from /Users/gabrielroger/Documents/projects/weather-data/.venv/lib/python3.9/site-packages/airflow/example_dags/example_branch_datetime_operator.py
[2023-03-27 21:18:03,232] {processor.py:651} INFO - DAG(s) dict_keys(['example_branch_datetime_operator_2']) retrieved from /Users/gabrielroger/Documents/projects/weather-data/.venv/lib/python3.9/site-packages/airflow/example_dags/example_branch_datetime_operator.py
[2023-03-27 21:18:03,261] {logging_mixin.py:115} INFO - [2023-03-27 21:18:03,261] {dag.py:2379} INFO - Sync 1 DAGs
[2023-03-27 21:18:03,269] {logging_mixin.py:115} INFO - [2023-03-27 21:18:03,269] {dag.py:2927} INFO - Setting next_dagrun for example_branch_datetime_operator_2 to 2023-03-27T00:00:00+00:00, run_after=2023-03-28T00:00:00+00:00
[2023-03-27 21:18:03,274] {processor.py:161} INFO - Processing /Users/gabrielroger/Documents/projects/weather-data/.venv/lib/python3.9/site-packages/airflow/example_dags/example_branch_datetime_operator.py took 0.051 seconds
[2023-03-27 21:19:07,220] {processor.py:153} INFO - Started process (PID=6998) to work on /Users/gabrielroger/Documents/projects/weather-data/.venv/lib/python3.9/site-packages/airflow/example_dags/example_branch_datetime_operator.py
[2023-03-27 21:19:07,221] {processor.py:641} INFO - Processing file /Users/gabrielroger/Documents/projects/weather-data/.venv/lib/python3.9/site-packages/airflow/example_dags/example_branch_datetime_operator.py for tasks to queue
[2023-03-27 21:19:07,221] {logging_mixin.py:115} INFO - [2023-03-27 21:19:07,221] {dagbag.py:507} INFO - Filling up the DagBag from /Users/gabrielroger/Documents/projects/weather-data/.venv/lib/python3.9/site-packages/airflow/example_dags/example_branch_datetime_operator.py
[2023-03-27 21:19:07,229] {processor.py:651} INFO - DAG(s) dict_keys(['example_branch_datetime_operator_2']) retrieved from /Users/gabrielroger/Documents/projects/weather-data/.venv/lib/python3.9/site-packages/airflow/example_dags/example_branch_datetime_operator.py
[2023-03-27 21:19:07,258] {logging_mixin.py:115} INFO - [2023-03-27 21:19:07,258] {dag.py:2379} INFO - Sync 1 DAGs
[2023-03-27 21:19:07,266] {logging_mixin.py:115} INFO - [2023-03-27 21:19:07,266] {dag.py:2927} INFO - Setting next_dagrun for example_branch_datetime_operator_2 to 2023-03-27T00:00:00+00:00, run_after=2023-03-28T00:00:00+00:00
[2023-03-27 21:19:07,271] {processor.py:161} INFO - Processing /Users/gabrielroger/Documents/projects/weather-data/.venv/lib/python3.9/site-packages/airflow/example_dags/example_branch_datetime_operator.py took 0.051 seconds
[2023-03-27 21:20:14,913] {processor.py:153} INFO - Started process (PID=7109) to work on /Users/gabrielroger/Documents/projects/weather-data/.venv/lib/python3.9/site-packages/airflow/example_dags/example_branch_datetime_operator.py
[2023-03-27 21:20:14,913] {processor.py:641} INFO - Processing file /Users/gabrielroger/Documents/projects/weather-data/.venv/lib/python3.9/site-packages/airflow/example_dags/example_branch_datetime_operator.py for tasks to queue
[2023-03-27 21:20:14,913] {logging_mixin.py:115} INFO - [2023-03-27 21:20:14,913] {dagbag.py:507} INFO - Filling up the DagBag from /Users/gabrielroger/Documents/projects/weather-data/.venv/lib/python3.9/site-packages/airflow/example_dags/example_branch_datetime_operator.py
[2023-03-27 21:20:14,921] {processor.py:651} INFO - DAG(s) dict_keys(['example_branch_datetime_operator_2']) retrieved from /Users/gabrielroger/Documents/projects/weather-data/.venv/lib/python3.9/site-packages/airflow/example_dags/example_branch_datetime_operator.py
[2023-03-27 21:20:14,950] {logging_mixin.py:115} INFO - [2023-03-27 21:20:14,950] {dag.py:2379} INFO - Sync 1 DAGs
[2023-03-27 21:20:14,957] {logging_mixin.py:115} INFO - [2023-03-27 21:20:14,957] {dag.py:2927} INFO - Setting next_dagrun for example_branch_datetime_operator_2 to 2023-03-27T00:00:00+00:00, run_after=2023-03-28T00:00:00+00:00
[2023-03-27 21:20:14,963] {processor.py:161} INFO - Processing /Users/gabrielroger/Documents/projects/weather-data/.venv/lib/python3.9/site-packages/airflow/example_dags/example_branch_datetime_operator.py took 0.050 seconds
[2023-03-27 21:21:21,714] {processor.py:153} INFO - Started process (PID=7218) to work on /Users/gabrielroger/Documents/projects/weather-data/.venv/lib/python3.9/site-packages/airflow/example_dags/example_branch_datetime_operator.py
[2023-03-27 21:21:21,714] {processor.py:641} INFO - Processing file /Users/gabrielroger/Documents/projects/weather-data/.venv/lib/python3.9/site-packages/airflow/example_dags/example_branch_datetime_operator.py for tasks to queue
[2023-03-27 21:21:21,715] {logging_mixin.py:115} INFO - [2023-03-27 21:21:21,715] {dagbag.py:507} INFO - Filling up the DagBag from /Users/gabrielroger/Documents/projects/weather-data/.venv/lib/python3.9/site-packages/airflow/example_dags/example_branch_datetime_operator.py
[2023-03-27 21:21:21,722] {processor.py:651} INFO - DAG(s) dict_keys(['example_branch_datetime_operator_2']) retrieved from /Users/gabrielroger/Documents/projects/weather-data/.venv/lib/python3.9/site-packages/airflow/example_dags/example_branch_datetime_operator.py
[2023-03-27 21:21:21,752] {logging_mixin.py:115} INFO - [2023-03-27 21:21:21,752] {dag.py:2379} INFO - Sync 1 DAGs
[2023-03-27 21:21:21,759] {logging_mixin.py:115} INFO - [2023-03-27 21:21:21,759] {dag.py:2927} INFO - Setting next_dagrun for example_branch_datetime_operator_2 to 2023-03-27T00:00:00+00:00, run_after=2023-03-28T00:00:00+00:00
[2023-03-27 21:21:21,765] {processor.py:161} INFO - Processing /Users/gabrielroger/Documents/projects/weather-data/.venv/lib/python3.9/site-packages/airflow/example_dags/example_branch_datetime_operator.py took 0.051 seconds
[2023-03-27 21:22:30,885] {processor.py:153} INFO - Started process (PID=7332) to work on /Users/gabrielroger/Documents/projects/weather-data/.venv/lib/python3.9/site-packages/airflow/example_dags/example_branch_datetime_operator.py
[2023-03-27 21:22:30,885] {processor.py:641} INFO - Processing file /Users/gabrielroger/Documents/projects/weather-data/.venv/lib/python3.9/site-packages/airflow/example_dags/example_branch_datetime_operator.py for tasks to queue
[2023-03-27 21:22:30,885] {logging_mixin.py:115} INFO - [2023-03-27 21:22:30,885] {dagbag.py:507} INFO - Filling up the DagBag from /Users/gabrielroger/Documents/projects/weather-data/.venv/lib/python3.9/site-packages/airflow/example_dags/example_branch_datetime_operator.py
[2023-03-27 21:22:30,892] {processor.py:651} INFO - DAG(s) dict_keys(['example_branch_datetime_operator_2']) retrieved from /Users/gabrielroger/Documents/projects/weather-data/.venv/lib/python3.9/site-packages/airflow/example_dags/example_branch_datetime_operator.py
[2023-03-27 21:22:30,921] {logging_mixin.py:115} INFO - [2023-03-27 21:22:30,921] {dag.py:2379} INFO - Sync 1 DAGs
[2023-03-27 21:22:30,929] {logging_mixin.py:115} INFO - [2023-03-27 21:22:30,929] {dag.py:2927} INFO - Setting next_dagrun for example_branch_datetime_operator_2 to 2023-03-27T00:00:00+00:00, run_after=2023-03-28T00:00:00+00:00
[2023-03-27 21:22:30,934] {processor.py:161} INFO - Processing /Users/gabrielroger/Documents/projects/weather-data/.venv/lib/python3.9/site-packages/airflow/example_dags/example_branch_datetime_operator.py took 0.050 seconds
[2023-03-27 21:23:35,738] {processor.py:153} INFO - Started process (PID=7441) to work on /Users/gabrielroger/Documents/projects/weather-data/.venv/lib/python3.9/site-packages/airflow/example_dags/example_branch_datetime_operator.py
[2023-03-27 21:23:35,738] {processor.py:641} INFO - Processing file /Users/gabrielroger/Documents/projects/weather-data/.venv/lib/python3.9/site-packages/airflow/example_dags/example_branch_datetime_operator.py for tasks to queue
[2023-03-27 21:23:35,738] {logging_mixin.py:115} INFO - [2023-03-27 21:23:35,738] {dagbag.py:507} INFO - Filling up the DagBag from /Users/gabrielroger/Documents/projects/weather-data/.venv/lib/python3.9/site-packages/airflow/example_dags/example_branch_datetime_operator.py
[2023-03-27 21:23:35,745] {processor.py:651} INFO - DAG(s) dict_keys(['example_branch_datetime_operator_2']) retrieved from /Users/gabrielroger/Documents/projects/weather-data/.venv/lib/python3.9/site-packages/airflow/example_dags/example_branch_datetime_operator.py
[2023-03-27 21:23:35,775] {logging_mixin.py:115} INFO - [2023-03-27 21:23:35,775] {dag.py:2379} INFO - Sync 1 DAGs
[2023-03-27 21:23:35,782] {logging_mixin.py:115} INFO - [2023-03-27 21:23:35,782] {dag.py:2927} INFO - Setting next_dagrun for example_branch_datetime_operator_2 to 2023-03-27T00:00:00+00:00, run_after=2023-03-28T00:00:00+00:00
[2023-03-27 21:23:35,788] {processor.py:161} INFO - Processing /Users/gabrielroger/Documents/projects/weather-data/.venv/lib/python3.9/site-packages/airflow/example_dags/example_branch_datetime_operator.py took 0.050 seconds
[2023-03-27 21:24:41,944] {processor.py:153} INFO - Started process (PID=7579) to work on /Users/gabrielroger/Documents/projects/weather-data/.venv/lib/python3.9/site-packages/airflow/example_dags/example_branch_datetime_operator.py
[2023-03-27 21:24:41,944] {processor.py:641} INFO - Processing file /Users/gabrielroger/Documents/projects/weather-data/.venv/lib/python3.9/site-packages/airflow/example_dags/example_branch_datetime_operator.py for tasks to queue
[2023-03-27 21:24:41,944] {logging_mixin.py:115} INFO - [2023-03-27 21:24:41,944] {dagbag.py:507} INFO - Filling up the DagBag from /Users/gabrielroger/Documents/projects/weather-data/.venv/lib/python3.9/site-packages/airflow/example_dags/example_branch_datetime_operator.py
[2023-03-27 21:24:41,952] {processor.py:651} INFO - DAG(s) dict_keys(['example_branch_datetime_operator_2']) retrieved from /Users/gabrielroger/Documents/projects/weather-data/.venv/lib/python3.9/site-packages/airflow/example_dags/example_branch_datetime_operator.py
[2023-03-27 21:24:41,981] {logging_mixin.py:115} INFO - [2023-03-27 21:24:41,981] {dag.py:2379} INFO - Sync 1 DAGs
[2023-03-27 21:24:41,989] {logging_mixin.py:115} INFO - [2023-03-27 21:24:41,989] {dag.py:2927} INFO - Setting next_dagrun for example_branch_datetime_operator_2 to 2023-03-27T00:00:00+00:00, run_after=2023-03-28T00:00:00+00:00
[2023-03-27 21:24:41,995] {processor.py:161} INFO - Processing /Users/gabrielroger/Documents/projects/weather-data/.venv/lib/python3.9/site-packages/airflow/example_dags/example_branch_datetime_operator.py took 0.052 seconds
[2023-03-27 21:25:46,862] {processor.py:153} INFO - Started process (PID=7705) to work on /Users/gabrielroger/Documents/projects/weather-data/.venv/lib/python3.9/site-packages/airflow/example_dags/example_branch_datetime_operator.py
[2023-03-27 21:25:46,862] {processor.py:641} INFO - Processing file /Users/gabrielroger/Documents/projects/weather-data/.venv/lib/python3.9/site-packages/airflow/example_dags/example_branch_datetime_operator.py for tasks to queue
[2023-03-27 21:25:46,863] {logging_mixin.py:115} INFO - [2023-03-27 21:25:46,863] {dagbag.py:507} INFO - Filling up the DagBag from /Users/gabrielroger/Documents/projects/weather-data/.venv/lib/python3.9/site-packages/airflow/example_dags/example_branch_datetime_operator.py
[2023-03-27 21:25:46,871] {processor.py:651} INFO - DAG(s) dict_keys(['example_branch_datetime_operator_2']) retrieved from /Users/gabrielroger/Documents/projects/weather-data/.venv/lib/python3.9/site-packages/airflow/example_dags/example_branch_datetime_operator.py
[2023-03-27 21:25:46,900] {logging_mixin.py:115} INFO - [2023-03-27 21:25:46,900] {dag.py:2379} INFO - Sync 1 DAGs
[2023-03-27 21:25:46,907] {logging_mixin.py:115} INFO - [2023-03-27 21:25:46,907] {dag.py:2927} INFO - Setting next_dagrun for example_branch_datetime_operator_2 to 2023-03-27T00:00:00+00:00, run_after=2023-03-28T00:00:00+00:00
[2023-03-27 21:25:46,912] {processor.py:161} INFO - Processing /Users/gabrielroger/Documents/projects/weather-data/.venv/lib/python3.9/site-packages/airflow/example_dags/example_branch_datetime_operator.py took 0.051 seconds
[2023-03-27 21:26:55,129] {processor.py:153} INFO - Started process (PID=7817) to work on /Users/gabrielroger/Documents/projects/weather-data/.venv/lib/python3.9/site-packages/airflow/example_dags/example_branch_datetime_operator.py
[2023-03-27 21:26:55,129] {processor.py:641} INFO - Processing file /Users/gabrielroger/Documents/projects/weather-data/.venv/lib/python3.9/site-packages/airflow/example_dags/example_branch_datetime_operator.py for tasks to queue
[2023-03-27 21:26:55,129] {logging_mixin.py:115} INFO - [2023-03-27 21:26:55,129] {dagbag.py:507} INFO - Filling up the DagBag from /Users/gabrielroger/Documents/projects/weather-data/.venv/lib/python3.9/site-packages/airflow/example_dags/example_branch_datetime_operator.py
[2023-03-27 21:26:55,136] {processor.py:651} INFO - DAG(s) dict_keys(['example_branch_datetime_operator_2']) retrieved from /Users/gabrielroger/Documents/projects/weather-data/.venv/lib/python3.9/site-packages/airflow/example_dags/example_branch_datetime_operator.py
[2023-03-27 21:26:55,166] {logging_mixin.py:115} INFO - [2023-03-27 21:26:55,166] {dag.py:2379} INFO - Sync 1 DAGs
[2023-03-27 21:26:55,173] {logging_mixin.py:115} INFO - [2023-03-27 21:26:55,173] {dag.py:2927} INFO - Setting next_dagrun for example_branch_datetime_operator_2 to 2023-03-27T00:00:00+00:00, run_after=2023-03-28T00:00:00+00:00
[2023-03-27 21:26:55,179] {processor.py:161} INFO - Processing /Users/gabrielroger/Documents/projects/weather-data/.venv/lib/python3.9/site-packages/airflow/example_dags/example_branch_datetime_operator.py took 0.050 seconds
[2023-03-27 21:28:00,799] {processor.py:153} INFO - Started process (PID=7924) to work on /Users/gabrielroger/Documents/projects/weather-data/.venv/lib/python3.9/site-packages/airflow/example_dags/example_branch_datetime_operator.py
[2023-03-27 21:28:00,799] {processor.py:641} INFO - Processing file /Users/gabrielroger/Documents/projects/weather-data/.venv/lib/python3.9/site-packages/airflow/example_dags/example_branch_datetime_operator.py for tasks to queue
[2023-03-27 21:28:00,799] {logging_mixin.py:115} INFO - [2023-03-27 21:28:00,799] {dagbag.py:507} INFO - Filling up the DagBag from /Users/gabrielroger/Documents/projects/weather-data/.venv/lib/python3.9/site-packages/airflow/example_dags/example_branch_datetime_operator.py
[2023-03-27 21:28:00,807] {processor.py:651} INFO - DAG(s) dict_keys(['example_branch_datetime_operator_2']) retrieved from /Users/gabrielroger/Documents/projects/weather-data/.venv/lib/python3.9/site-packages/airflow/example_dags/example_branch_datetime_operator.py
[2023-03-27 21:28:00,836] {logging_mixin.py:115} INFO - [2023-03-27 21:28:00,836] {dag.py:2379} INFO - Sync 1 DAGs
[2023-03-27 21:28:00,843] {logging_mixin.py:115} INFO - [2023-03-27 21:28:00,843] {dag.py:2927} INFO - Setting next_dagrun for example_branch_datetime_operator_2 to 2023-03-27T00:00:00+00:00, run_after=2023-03-28T00:00:00+00:00
[2023-03-27 21:28:00,849] {processor.py:161} INFO - Processing /Users/gabrielroger/Documents/projects/weather-data/.venv/lib/python3.9/site-packages/airflow/example_dags/example_branch_datetime_operator.py took 0.050 seconds
[2023-03-27 21:29:04,256] {processor.py:153} INFO - Started process (PID=8045) to work on /Users/gabrielroger/Documents/projects/weather-data/.venv/lib/python3.9/site-packages/airflow/example_dags/example_branch_datetime_operator.py
[2023-03-27 21:29:04,256] {processor.py:641} INFO - Processing file /Users/gabrielroger/Documents/projects/weather-data/.venv/lib/python3.9/site-packages/airflow/example_dags/example_branch_datetime_operator.py for tasks to queue
[2023-03-27 21:29:04,256] {logging_mixin.py:115} INFO - [2023-03-27 21:29:04,256] {dagbag.py:507} INFO - Filling up the DagBag from /Users/gabrielroger/Documents/projects/weather-data/.venv/lib/python3.9/site-packages/airflow/example_dags/example_branch_datetime_operator.py
[2023-03-27 21:29:04,264] {processor.py:651} INFO - DAG(s) dict_keys(['example_branch_datetime_operator_2']) retrieved from /Users/gabrielroger/Documents/projects/weather-data/.venv/lib/python3.9/site-packages/airflow/example_dags/example_branch_datetime_operator.py
[2023-03-27 21:29:04,293] {logging_mixin.py:115} INFO - [2023-03-27 21:29:04,293] {dag.py:2379} INFO - Sync 1 DAGs
[2023-03-27 21:29:04,300] {logging_mixin.py:115} INFO - [2023-03-27 21:29:04,300] {dag.py:2927} INFO - Setting next_dagrun for example_branch_datetime_operator_2 to 2023-03-27T00:00:00+00:00, run_after=2023-03-28T00:00:00+00:00
[2023-03-27 21:29:04,306] {processor.py:161} INFO - Processing /Users/gabrielroger/Documents/projects/weather-data/.venv/lib/python3.9/site-packages/airflow/example_dags/example_branch_datetime_operator.py took 0.050 seconds
[2023-03-27 21:30:09,058] {processor.py:153} INFO - Started process (PID=8189) to work on /Users/gabrielroger/Documents/projects/weather-data/.venv/lib/python3.9/site-packages/airflow/example_dags/example_branch_datetime_operator.py
[2023-03-27 21:30:09,059] {processor.py:641} INFO - Processing file /Users/gabrielroger/Documents/projects/weather-data/.venv/lib/python3.9/site-packages/airflow/example_dags/example_branch_datetime_operator.py for tasks to queue
[2023-03-27 21:30:09,060] {logging_mixin.py:115} INFO - [2023-03-27 21:30:09,060] {dagbag.py:507} INFO - Filling up the DagBag from /Users/gabrielroger/Documents/projects/weather-data/.venv/lib/python3.9/site-packages/airflow/example_dags/example_branch_datetime_operator.py
[2023-03-27 21:30:09,067] {processor.py:651} INFO - DAG(s) dict_keys(['example_branch_datetime_operator_2']) retrieved from /Users/gabrielroger/Documents/projects/weather-data/.venv/lib/python3.9/site-packages/airflow/example_dags/example_branch_datetime_operator.py
[2023-03-27 21:30:09,097] {logging_mixin.py:115} INFO - [2023-03-27 21:30:09,097] {dag.py:2379} INFO - Sync 1 DAGs
[2023-03-27 21:30:09,104] {logging_mixin.py:115} INFO - [2023-03-27 21:30:09,104] {dag.py:2927} INFO - Setting next_dagrun for example_branch_datetime_operator_2 to 2023-03-27T00:00:00+00:00, run_after=2023-03-28T00:00:00+00:00
[2023-03-27 21:30:09,110] {processor.py:161} INFO - Processing /Users/gabrielroger/Documents/projects/weather-data/.venv/lib/python3.9/site-packages/airflow/example_dags/example_branch_datetime_operator.py took 0.052 seconds
[2023-03-27 21:31:12,107] {processor.py:153} INFO - Started process (PID=8295) to work on /Users/gabrielroger/Documents/projects/weather-data/.venv/lib/python3.9/site-packages/airflow/example_dags/example_branch_datetime_operator.py
[2023-03-27 21:31:12,107] {processor.py:641} INFO - Processing file /Users/gabrielroger/Documents/projects/weather-data/.venv/lib/python3.9/site-packages/airflow/example_dags/example_branch_datetime_operator.py for tasks to queue
[2023-03-27 21:31:12,107] {logging_mixin.py:115} INFO - [2023-03-27 21:31:12,107] {dagbag.py:507} INFO - Filling up the DagBag from /Users/gabrielroger/Documents/projects/weather-data/.venv/lib/python3.9/site-packages/airflow/example_dags/example_branch_datetime_operator.py
[2023-03-27 21:31:12,114] {processor.py:651} INFO - DAG(s) dict_keys(['example_branch_datetime_operator_2']) retrieved from /Users/gabrielroger/Documents/projects/weather-data/.venv/lib/python3.9/site-packages/airflow/example_dags/example_branch_datetime_operator.py
[2023-03-27 21:31:12,144] {logging_mixin.py:115} INFO - [2023-03-27 21:31:12,144] {dag.py:2379} INFO - Sync 1 DAGs
[2023-03-27 21:31:12,151] {logging_mixin.py:115} INFO - [2023-03-27 21:31:12,151] {dag.py:2927} INFO - Setting next_dagrun for example_branch_datetime_operator_2 to 2023-03-27T00:00:00+00:00, run_after=2023-03-28T00:00:00+00:00
[2023-03-27 21:31:12,157] {processor.py:161} INFO - Processing /Users/gabrielroger/Documents/projects/weather-data/.venv/lib/python3.9/site-packages/airflow/example_dags/example_branch_datetime_operator.py took 0.051 seconds
[2023-03-27 21:32:17,793] {processor.py:153} INFO - Started process (PID=8403) to work on /Users/gabrielroger/Documents/projects/weather-data/.venv/lib/python3.9/site-packages/airflow/example_dags/example_branch_datetime_operator.py
[2023-03-27 21:32:17,793] {processor.py:641} INFO - Processing file /Users/gabrielroger/Documents/projects/weather-data/.venv/lib/python3.9/site-packages/airflow/example_dags/example_branch_datetime_operator.py for tasks to queue
[2023-03-27 21:32:17,794] {logging_mixin.py:115} INFO - [2023-03-27 21:32:17,794] {dagbag.py:507} INFO - Filling up the DagBag from /Users/gabrielroger/Documents/projects/weather-data/.venv/lib/python3.9/site-packages/airflow/example_dags/example_branch_datetime_operator.py
[2023-03-27 21:32:17,801] {processor.py:651} INFO - DAG(s) dict_keys(['example_branch_datetime_operator_2']) retrieved from /Users/gabrielroger/Documents/projects/weather-data/.venv/lib/python3.9/site-packages/airflow/example_dags/example_branch_datetime_operator.py
[2023-03-27 21:32:17,831] {logging_mixin.py:115} INFO - [2023-03-27 21:32:17,830] {dag.py:2379} INFO - Sync 1 DAGs
[2023-03-27 21:32:17,838] {logging_mixin.py:115} INFO - [2023-03-27 21:32:17,838] {dag.py:2927} INFO - Setting next_dagrun for example_branch_datetime_operator_2 to 2023-03-27T00:00:00+00:00, run_after=2023-03-28T00:00:00+00:00
[2023-03-27 21:32:17,844] {processor.py:161} INFO - Processing /Users/gabrielroger/Documents/projects/weather-data/.venv/lib/python3.9/site-packages/airflow/example_dags/example_branch_datetime_operator.py took 0.051 seconds
[2023-03-27 21:33:25,811] {processor.py:153} INFO - Started process (PID=8514) to work on /Users/gabrielroger/Documents/projects/weather-data/.venv/lib/python3.9/site-packages/airflow/example_dags/example_branch_datetime_operator.py
[2023-03-27 21:33:25,811] {processor.py:641} INFO - Processing file /Users/gabrielroger/Documents/projects/weather-data/.venv/lib/python3.9/site-packages/airflow/example_dags/example_branch_datetime_operator.py for tasks to queue
[2023-03-27 21:33:25,811] {logging_mixin.py:115} INFO - [2023-03-27 21:33:25,811] {dagbag.py:507} INFO - Filling up the DagBag from /Users/gabrielroger/Documents/projects/weather-data/.venv/lib/python3.9/site-packages/airflow/example_dags/example_branch_datetime_operator.py
[2023-03-27 21:33:25,819] {processor.py:651} INFO - DAG(s) dict_keys(['example_branch_datetime_operator_2']) retrieved from /Users/gabrielroger/Documents/projects/weather-data/.venv/lib/python3.9/site-packages/airflow/example_dags/example_branch_datetime_operator.py
[2023-03-27 21:33:25,848] {logging_mixin.py:115} INFO - [2023-03-27 21:33:25,848] {dag.py:2379} INFO - Sync 1 DAGs
[2023-03-27 21:33:25,855] {logging_mixin.py:115} INFO - [2023-03-27 21:33:25,855] {dag.py:2927} INFO - Setting next_dagrun for example_branch_datetime_operator_2 to 2023-03-27T00:00:00+00:00, run_after=2023-03-28T00:00:00+00:00
[2023-03-27 21:33:25,861] {processor.py:161} INFO - Processing /Users/gabrielroger/Documents/projects/weather-data/.venv/lib/python3.9/site-packages/airflow/example_dags/example_branch_datetime_operator.py took 0.050 seconds
[2023-03-27 21:34:32,143] {processor.py:153} INFO - Started process (PID=8641) to work on /Users/gabrielroger/Documents/projects/weather-data/.venv/lib/python3.9/site-packages/airflow/example_dags/example_branch_datetime_operator.py
[2023-03-27 21:34:32,143] {processor.py:641} INFO - Processing file /Users/gabrielroger/Documents/projects/weather-data/.venv/lib/python3.9/site-packages/airflow/example_dags/example_branch_datetime_operator.py for tasks to queue
[2023-03-27 21:34:32,143] {logging_mixin.py:115} INFO - [2023-03-27 21:34:32,143] {dagbag.py:507} INFO - Filling up the DagBag from /Users/gabrielroger/Documents/projects/weather-data/.venv/lib/python3.9/site-packages/airflow/example_dags/example_branch_datetime_operator.py
[2023-03-27 21:34:32,151] {processor.py:651} INFO - DAG(s) dict_keys(['example_branch_datetime_operator_2']) retrieved from /Users/gabrielroger/Documents/projects/weather-data/.venv/lib/python3.9/site-packages/airflow/example_dags/example_branch_datetime_operator.py
[2023-03-27 21:34:32,181] {logging_mixin.py:115} INFO - [2023-03-27 21:34:32,181] {dag.py:2379} INFO - Sync 1 DAGs
[2023-03-27 21:34:32,189] {logging_mixin.py:115} INFO - [2023-03-27 21:34:32,189] {dag.py:2927} INFO - Setting next_dagrun for example_branch_datetime_operator_2 to 2023-03-27T00:00:00+00:00, run_after=2023-03-28T00:00:00+00:00
[2023-03-27 21:34:32,194] {processor.py:161} INFO - Processing /Users/gabrielroger/Documents/projects/weather-data/.venv/lib/python3.9/site-packages/airflow/example_dags/example_branch_datetime_operator.py took 0.051 seconds
[2023-03-27 22:00:14,358] {processor.py:153} INFO - Started process (PID=8788) to work on /Users/gabrielroger/Documents/projects/weather-data/.venv/lib/python3.9/site-packages/airflow/example_dags/example_branch_datetime_operator.py
[2023-03-27 22:00:14,359] {processor.py:641} INFO - Processing file /Users/gabrielroger/Documents/projects/weather-data/.venv/lib/python3.9/site-packages/airflow/example_dags/example_branch_datetime_operator.py for tasks to queue
[2023-03-27 22:00:14,359] {logging_mixin.py:115} INFO - [2023-03-27 22:00:14,359] {dagbag.py:507} INFO - Filling up the DagBag from /Users/gabrielroger/Documents/projects/weather-data/.venv/lib/python3.9/site-packages/airflow/example_dags/example_branch_datetime_operator.py
[2023-03-27 22:00:14,366] {processor.py:651} INFO - DAG(s) dict_keys(['example_branch_datetime_operator_2']) retrieved from /Users/gabrielroger/Documents/projects/weather-data/.venv/lib/python3.9/site-packages/airflow/example_dags/example_branch_datetime_operator.py
[2023-03-27 22:00:14,395] {logging_mixin.py:115} INFO - [2023-03-27 22:00:14,395] {dag.py:2379} INFO - Sync 1 DAGs
[2023-03-27 22:00:14,403] {logging_mixin.py:115} INFO - [2023-03-27 22:00:14,402] {dag.py:2927} INFO - Setting next_dagrun for example_branch_datetime_operator_2 to 2023-03-27T00:00:00+00:00, run_after=2023-03-28T00:00:00+00:00
[2023-03-27 22:00:14,408] {processor.py:161} INFO - Processing /Users/gabrielroger/Documents/projects/weather-data/.venv/lib/python3.9/site-packages/airflow/example_dags/example_branch_datetime_operator.py took 0.050 seconds
[2023-03-27 23:11:56,444] {processor.py:153} INFO - Started process (PID=8957) to work on /Users/gabrielroger/Documents/projects/weather-data/.venv/lib/python3.9/site-packages/airflow/example_dags/example_branch_datetime_operator.py
[2023-03-27 23:11:56,444] {processor.py:641} INFO - Processing file /Users/gabrielroger/Documents/projects/weather-data/.venv/lib/python3.9/site-packages/airflow/example_dags/example_branch_datetime_operator.py for tasks to queue
[2023-03-27 23:11:56,444] {logging_mixin.py:115} INFO - [2023-03-27 23:11:56,444] {dagbag.py:507} INFO - Filling up the DagBag from /Users/gabrielroger/Documents/projects/weather-data/.venv/lib/python3.9/site-packages/airflow/example_dags/example_branch_datetime_operator.py
[2023-03-27 23:11:56,452] {processor.py:651} INFO - DAG(s) dict_keys(['example_branch_datetime_operator_2']) retrieved from /Users/gabrielroger/Documents/projects/weather-data/.venv/lib/python3.9/site-packages/airflow/example_dags/example_branch_datetime_operator.py
[2023-03-27 23:11:56,482] {logging_mixin.py:115} INFO - [2023-03-27 23:11:56,481] {dag.py:2379} INFO - Sync 1 DAGs
[2023-03-27 23:11:56,489] {logging_mixin.py:115} INFO - [2023-03-27 23:11:56,489] {dag.py:2927} INFO - Setting next_dagrun for example_branch_datetime_operator_2 to 2023-03-27T00:00:00+00:00, run_after=2023-03-28T00:00:00+00:00
[2023-03-27 23:11:56,494] {processor.py:161} INFO - Processing /Users/gabrielroger/Documents/projects/weather-data/.venv/lib/python3.9/site-packages/airflow/example_dags/example_branch_datetime_operator.py took 0.051 seconds
