[2023-03-27 21:10:07,056] {processor.py:153} INFO - Started process (PID=6090) to work on /Users/gabrielroger/Documents/projects/weather-data/.venv/lib/python3.9/site-packages/airflow/example_dags/example_latest_only_with_trigger.py
[2023-03-27 21:10:07,056] {processor.py:641} INFO - Processing file /Users/gabrielroger/Documents/projects/weather-data/.venv/lib/python3.9/site-packages/airflow/example_dags/example_latest_only_with_trigger.py for tasks to queue
[2023-03-27 21:10:07,057] {logging_mixin.py:115} INFO - [2023-03-27 21:10:07,057] {dagbag.py:507} INFO - Filling up the DagBag from /Users/gabrielroger/Documents/projects/weather-data/.venv/lib/python3.9/site-packages/airflow/example_dags/example_latest_only_with_trigger.py
[2023-03-27 21:10:07,063] {processor.py:651} INFO - DAG(s) dict_keys(['latest_only_with_trigger']) retrieved from /Users/gabrielroger/Documents/projects/weather-data/.venv/lib/python3.9/site-packages/airflow/example_dags/example_latest_only_with_trigger.py
[2023-03-27 21:10:07,094] {logging_mixin.py:115} INFO - [2023-03-27 21:10:07,094] {dag.py:2379} INFO - Sync 1 DAGs
[2023-03-27 21:10:07,100] {logging_mixin.py:115} INFO - [2023-03-27 21:10:07,100] {dag.py:2927} INFO - Setting next_dagrun for latest_only_with_trigger to 2023-03-27T20:10:07.100752+00:00, run_after=2023-03-28T00:10:07.100752+00:00
[2023-03-27 21:10:07,106] {processor.py:161} INFO - Processing /Users/gabrielroger/Documents/projects/weather-data/.venv/lib/python3.9/site-packages/airflow/example_dags/example_latest_only_with_trigger.py took 0.050 seconds
[2023-03-27 21:10:59,214] {processor.py:153} INFO - Started process (PID=6176) to work on /Users/gabrielroger/Documents/projects/weather-data/.venv/lib/python3.9/site-packages/airflow/example_dags/example_latest_only_with_trigger.py
[2023-03-27 21:10:59,214] {processor.py:641} INFO - Processing file /Users/gabrielroger/Documents/projects/weather-data/.venv/lib/python3.9/site-packages/airflow/example_dags/example_latest_only_with_trigger.py for tasks to queue
[2023-03-27 21:10:59,214] {logging_mixin.py:115} INFO - [2023-03-27 21:10:59,214] {dagbag.py:507} INFO - Filling up the DagBag from /Users/gabrielroger/Documents/projects/weather-data/.venv/lib/python3.9/site-packages/airflow/example_dags/example_latest_only_with_trigger.py
[2023-03-27 21:10:59,223] {processor.py:651} INFO - DAG(s) dict_keys(['latest_only_with_trigger']) retrieved from /Users/gabrielroger/Documents/projects/weather-data/.venv/lib/python3.9/site-packages/airflow/example_dags/example_latest_only_with_trigger.py
[2023-03-27 21:10:59,260] {logging_mixin.py:115} INFO - [2023-03-27 21:10:59,260] {dag.py:2379} INFO - Sync 1 DAGs
[2023-03-27 21:10:59,269] {logging_mixin.py:115} INFO - [2023-03-27 21:10:59,269] {dag.py:2927} INFO - Setting next_dagrun for latest_only_with_trigger to 2023-03-27T20:10:59.269057+00:00, run_after=2023-03-28T00:10:59.269057+00:00
[2023-03-27 21:10:59,276] {processor.py:161} INFO - Processing /Users/gabrielroger/Documents/projects/weather-data/.venv/lib/python3.9/site-packages/airflow/example_dags/example_latest_only_with_trigger.py took 0.062 seconds
[2023-03-27 21:11:50,243] {processor.py:153} INFO - Started process (PID=6267) to work on /Users/gabrielroger/Documents/projects/weather-data/.venv/lib/python3.9/site-packages/airflow/example_dags/example_latest_only_with_trigger.py
[2023-03-27 21:11:50,244] {processor.py:641} INFO - Processing file /Users/gabrielroger/Documents/projects/weather-data/.venv/lib/python3.9/site-packages/airflow/example_dags/example_latest_only_with_trigger.py for tasks to queue
[2023-03-27 21:11:50,244] {logging_mixin.py:115} INFO - [2023-03-27 21:11:50,244] {dagbag.py:507} INFO - Filling up the DagBag from /Users/gabrielroger/Documents/projects/weather-data/.venv/lib/python3.9/site-packages/airflow/example_dags/example_latest_only_with_trigger.py
[2023-03-27 21:11:50,251] {processor.py:651} INFO - DAG(s) dict_keys(['latest_only_with_trigger']) retrieved from /Users/gabrielroger/Documents/projects/weather-data/.venv/lib/python3.9/site-packages/airflow/example_dags/example_latest_only_with_trigger.py
[2023-03-27 21:11:50,282] {logging_mixin.py:115} INFO - [2023-03-27 21:11:50,281] {dag.py:2379} INFO - Sync 1 DAGs
[2023-03-27 21:11:50,288] {logging_mixin.py:115} INFO - [2023-03-27 21:11:50,288] {dag.py:2927} INFO - Setting next_dagrun for latest_only_with_trigger to 2023-03-27T20:11:50.288579+00:00, run_after=2023-03-28T00:11:50.288579+00:00
[2023-03-27 21:11:50,294] {processor.py:161} INFO - Processing /Users/gabrielroger/Documents/projects/weather-data/.venv/lib/python3.9/site-packages/airflow/example_dags/example_latest_only_with_trigger.py took 0.051 seconds
[2023-03-27 21:13:00,878] {processor.py:153} INFO - Started process (PID=6380) to work on /Users/gabrielroger/Documents/projects/weather-data/.venv/lib/python3.9/site-packages/airflow/example_dags/example_latest_only_with_trigger.py
[2023-03-27 21:13:00,879] {processor.py:641} INFO - Processing file /Users/gabrielroger/Documents/projects/weather-data/.venv/lib/python3.9/site-packages/airflow/example_dags/example_latest_only_with_trigger.py for tasks to queue
[2023-03-27 21:13:00,879] {logging_mixin.py:115} INFO - [2023-03-27 21:13:00,879] {dagbag.py:507} INFO - Filling up the DagBag from /Users/gabrielroger/Documents/projects/weather-data/.venv/lib/python3.9/site-packages/airflow/example_dags/example_latest_only_with_trigger.py
[2023-03-27 21:13:00,886] {processor.py:651} INFO - DAG(s) dict_keys(['latest_only_with_trigger']) retrieved from /Users/gabrielroger/Documents/projects/weather-data/.venv/lib/python3.9/site-packages/airflow/example_dags/example_latest_only_with_trigger.py
[2023-03-27 21:13:00,916] {logging_mixin.py:115} INFO - [2023-03-27 21:13:00,916] {dag.py:2379} INFO - Sync 1 DAGs
[2023-03-27 21:13:00,923] {logging_mixin.py:115} INFO - [2023-03-27 21:13:00,923] {dag.py:2927} INFO - Setting next_dagrun for latest_only_with_trigger to 2023-03-27T20:13:00.923394+00:00, run_after=2023-03-28T00:13:00.923394+00:00
[2023-03-27 21:13:00,928] {processor.py:161} INFO - Processing /Users/gabrielroger/Documents/projects/weather-data/.venv/lib/python3.9/site-packages/airflow/example_dags/example_latest_only_with_trigger.py took 0.051 seconds
[2023-03-27 21:14:07,574] {processor.py:153} INFO - Started process (PID=6495) to work on /Users/gabrielroger/Documents/projects/weather-data/.venv/lib/python3.9/site-packages/airflow/example_dags/example_latest_only_with_trigger.py
[2023-03-27 21:14:07,575] {processor.py:641} INFO - Processing file /Users/gabrielroger/Documents/projects/weather-data/.venv/lib/python3.9/site-packages/airflow/example_dags/example_latest_only_with_trigger.py for tasks to queue
[2023-03-27 21:14:07,575] {logging_mixin.py:115} INFO - [2023-03-27 21:14:07,575] {dagbag.py:507} INFO - Filling up the DagBag from /Users/gabrielroger/Documents/projects/weather-data/.venv/lib/python3.9/site-packages/airflow/example_dags/example_latest_only_with_trigger.py
[2023-03-27 21:14:07,583] {processor.py:651} INFO - DAG(s) dict_keys(['latest_only_with_trigger']) retrieved from /Users/gabrielroger/Documents/projects/weather-data/.venv/lib/python3.9/site-packages/airflow/example_dags/example_latest_only_with_trigger.py
[2023-03-27 21:14:07,613] {logging_mixin.py:115} INFO - [2023-03-27 21:14:07,613] {dag.py:2379} INFO - Sync 1 DAGs
[2023-03-27 21:14:07,620] {logging_mixin.py:115} INFO - [2023-03-27 21:14:07,620] {dag.py:2927} INFO - Setting next_dagrun for latest_only_with_trigger to 2023-03-27T20:14:07.620799+00:00, run_after=2023-03-28T00:14:07.620799+00:00
[2023-03-27 21:14:07,626] {processor.py:161} INFO - Processing /Users/gabrielroger/Documents/projects/weather-data/.venv/lib/python3.9/site-packages/airflow/example_dags/example_latest_only_with_trigger.py took 0.052 seconds
[2023-03-27 21:15:06,486] {processor.py:153} INFO - Started process (PID=6594) to work on /Users/gabrielroger/Documents/projects/weather-data/.venv/lib/python3.9/site-packages/airflow/example_dags/example_latest_only_with_trigger.py
[2023-03-27 21:15:06,487] {processor.py:641} INFO - Processing file /Users/gabrielroger/Documents/projects/weather-data/.venv/lib/python3.9/site-packages/airflow/example_dags/example_latest_only_with_trigger.py for tasks to queue
[2023-03-27 21:15:06,487] {logging_mixin.py:115} INFO - [2023-03-27 21:15:06,487] {dagbag.py:507} INFO - Filling up the DagBag from /Users/gabrielroger/Documents/projects/weather-data/.venv/lib/python3.9/site-packages/airflow/example_dags/example_latest_only_with_trigger.py
[2023-03-27 21:15:06,495] {processor.py:651} INFO - DAG(s) dict_keys(['latest_only_with_trigger']) retrieved from /Users/gabrielroger/Documents/projects/weather-data/.venv/lib/python3.9/site-packages/airflow/example_dags/example_latest_only_with_trigger.py
[2023-03-27 21:15:06,525] {logging_mixin.py:115} INFO - [2023-03-27 21:15:06,525] {dag.py:2379} INFO - Sync 1 DAGs
[2023-03-27 21:15:06,532] {logging_mixin.py:115} INFO - [2023-03-27 21:15:06,532] {dag.py:2927} INFO - Setting next_dagrun for latest_only_with_trigger to 2023-03-27T20:15:06.531953+00:00, run_after=2023-03-28T00:15:06.531953+00:00
[2023-03-27 21:15:06,537] {processor.py:161} INFO - Processing /Users/gabrielroger/Documents/projects/weather-data/.venv/lib/python3.9/site-packages/airflow/example_dags/example_latest_only_with_trigger.py took 0.051 seconds
[2023-03-27 21:16:12,789] {processor.py:153} INFO - Started process (PID=6703) to work on /Users/gabrielroger/Documents/projects/weather-data/.venv/lib/python3.9/site-packages/airflow/example_dags/example_latest_only_with_trigger.py
[2023-03-27 21:16:12,790] {processor.py:641} INFO - Processing file /Users/gabrielroger/Documents/projects/weather-data/.venv/lib/python3.9/site-packages/airflow/example_dags/example_latest_only_with_trigger.py for tasks to queue
[2023-03-27 21:16:12,790] {logging_mixin.py:115} INFO - [2023-03-27 21:16:12,790] {dagbag.py:507} INFO - Filling up the DagBag from /Users/gabrielroger/Documents/projects/weather-data/.venv/lib/python3.9/site-packages/airflow/example_dags/example_latest_only_with_trigger.py
[2023-03-27 21:16:12,797] {processor.py:651} INFO - DAG(s) dict_keys(['latest_only_with_trigger']) retrieved from /Users/gabrielroger/Documents/projects/weather-data/.venv/lib/python3.9/site-packages/airflow/example_dags/example_latest_only_with_trigger.py
[2023-03-27 21:16:12,827] {logging_mixin.py:115} INFO - [2023-03-27 21:16:12,827] {dag.py:2379} INFO - Sync 1 DAGs
[2023-03-27 21:16:12,834] {logging_mixin.py:115} INFO - [2023-03-27 21:16:12,834] {dag.py:2927} INFO - Setting next_dagrun for latest_only_with_trigger to 2023-03-27T20:16:12.834127+00:00, run_after=2023-03-28T00:16:12.834127+00:00
[2023-03-27 21:16:12,839] {processor.py:161} INFO - Processing /Users/gabrielroger/Documents/projects/weather-data/.venv/lib/python3.9/site-packages/airflow/example_dags/example_latest_only_with_trigger.py took 0.051 seconds
[2023-03-27 21:17:18,073] {processor.py:153} INFO - Started process (PID=6810) to work on /Users/gabrielroger/Documents/projects/weather-data/.venv/lib/python3.9/site-packages/airflow/example_dags/example_latest_only_with_trigger.py
[2023-03-27 21:17:18,073] {processor.py:641} INFO - Processing file /Users/gabrielroger/Documents/projects/weather-data/.venv/lib/python3.9/site-packages/airflow/example_dags/example_latest_only_with_trigger.py for tasks to queue
[2023-03-27 21:17:18,073] {logging_mixin.py:115} INFO - [2023-03-27 21:17:18,073] {dagbag.py:507} INFO - Filling up the DagBag from /Users/gabrielroger/Documents/projects/weather-data/.venv/lib/python3.9/site-packages/airflow/example_dags/example_latest_only_with_trigger.py
[2023-03-27 21:17:18,080] {processor.py:651} INFO - DAG(s) dict_keys(['latest_only_with_trigger']) retrieved from /Users/gabrielroger/Documents/projects/weather-data/.venv/lib/python3.9/site-packages/airflow/example_dags/example_latest_only_with_trigger.py
[2023-03-27 21:17:18,110] {logging_mixin.py:115} INFO - [2023-03-27 21:17:18,110] {dag.py:2379} INFO - Sync 1 DAGs
[2023-03-27 21:17:18,117] {logging_mixin.py:115} INFO - [2023-03-27 21:17:18,117] {dag.py:2927} INFO - Setting next_dagrun for latest_only_with_trigger to 2023-03-27T20:17:18.117105+00:00, run_after=2023-03-28T00:17:18.117105+00:00
[2023-03-27 21:17:18,122] {processor.py:161} INFO - Processing /Users/gabrielroger/Documents/projects/weather-data/.venv/lib/python3.9/site-packages/airflow/example_dags/example_latest_only_with_trigger.py took 0.050 seconds
[2023-03-27 21:18:21,249] {processor.py:153} INFO - Started process (PID=6916) to work on /Users/gabrielroger/Documents/projects/weather-data/.venv/lib/python3.9/site-packages/airflow/example_dags/example_latest_only_with_trigger.py
[2023-03-27 21:18:21,250] {processor.py:641} INFO - Processing file /Users/gabrielroger/Documents/projects/weather-data/.venv/lib/python3.9/site-packages/airflow/example_dags/example_latest_only_with_trigger.py for tasks to queue
[2023-03-27 21:18:21,250] {logging_mixin.py:115} INFO - [2023-03-27 21:18:21,250] {dagbag.py:507} INFO - Filling up the DagBag from /Users/gabrielroger/Documents/projects/weather-data/.venv/lib/python3.9/site-packages/airflow/example_dags/example_latest_only_with_trigger.py
[2023-03-27 21:18:21,257] {processor.py:651} INFO - DAG(s) dict_keys(['latest_only_with_trigger']) retrieved from /Users/gabrielroger/Documents/projects/weather-data/.venv/lib/python3.9/site-packages/airflow/example_dags/example_latest_only_with_trigger.py
[2023-03-27 21:18:21,287] {logging_mixin.py:115} INFO - [2023-03-27 21:18:21,287] {dag.py:2379} INFO - Sync 1 DAGs
[2023-03-27 21:18:21,293] {logging_mixin.py:115} INFO - [2023-03-27 21:18:21,293] {dag.py:2927} INFO - Setting next_dagrun for latest_only_with_trigger to 2023-03-27T20:18:21.293607+00:00, run_after=2023-03-28T00:18:21.293607+00:00
[2023-03-27 21:18:21,299] {processor.py:161} INFO - Processing /Users/gabrielroger/Documents/projects/weather-data/.venv/lib/python3.9/site-packages/airflow/example_dags/example_latest_only_with_trigger.py took 0.050 seconds
[2023-03-27 21:19:27,135] {processor.py:153} INFO - Started process (PID=7032) to work on /Users/gabrielroger/Documents/projects/weather-data/.venv/lib/python3.9/site-packages/airflow/example_dags/example_latest_only_with_trigger.py
[2023-03-27 21:19:27,136] {processor.py:641} INFO - Processing file /Users/gabrielroger/Documents/projects/weather-data/.venv/lib/python3.9/site-packages/airflow/example_dags/example_latest_only_with_trigger.py for tasks to queue
[2023-03-27 21:19:27,136] {logging_mixin.py:115} INFO - [2023-03-27 21:19:27,136] {dagbag.py:507} INFO - Filling up the DagBag from /Users/gabrielroger/Documents/projects/weather-data/.venv/lib/python3.9/site-packages/airflow/example_dags/example_latest_only_with_trigger.py
[2023-03-27 21:19:27,143] {processor.py:651} INFO - DAG(s) dict_keys(['latest_only_with_trigger']) retrieved from /Users/gabrielroger/Documents/projects/weather-data/.venv/lib/python3.9/site-packages/airflow/example_dags/example_latest_only_with_trigger.py
[2023-03-27 21:19:27,172] {logging_mixin.py:115} INFO - [2023-03-27 21:19:27,172] {dag.py:2379} INFO - Sync 1 DAGs
[2023-03-27 21:19:27,179] {logging_mixin.py:115} INFO - [2023-03-27 21:19:27,179] {dag.py:2927} INFO - Setting next_dagrun for latest_only_with_trigger to 2023-03-27T20:19:27.179539+00:00, run_after=2023-03-28T00:19:27.179539+00:00
[2023-03-27 21:19:27,185] {processor.py:161} INFO - Processing /Users/gabrielroger/Documents/projects/weather-data/.venv/lib/python3.9/site-packages/airflow/example_dags/example_latest_only_with_trigger.py took 0.051 seconds
[2023-03-27 21:20:34,756] {processor.py:153} INFO - Started process (PID=7142) to work on /Users/gabrielroger/Documents/projects/weather-data/.venv/lib/python3.9/site-packages/airflow/example_dags/example_latest_only_with_trigger.py
[2023-03-27 21:20:34,756] {processor.py:641} INFO - Processing file /Users/gabrielroger/Documents/projects/weather-data/.venv/lib/python3.9/site-packages/airflow/example_dags/example_latest_only_with_trigger.py for tasks to queue
[2023-03-27 21:20:34,756] {logging_mixin.py:115} INFO - [2023-03-27 21:20:34,756] {dagbag.py:507} INFO - Filling up the DagBag from /Users/gabrielroger/Documents/projects/weather-data/.venv/lib/python3.9/site-packages/airflow/example_dags/example_latest_only_with_trigger.py
[2023-03-27 21:20:34,762] {processor.py:651} INFO - DAG(s) dict_keys(['latest_only_with_trigger']) retrieved from /Users/gabrielroger/Documents/projects/weather-data/.venv/lib/python3.9/site-packages/airflow/example_dags/example_latest_only_with_trigger.py
[2023-03-27 21:20:34,792] {logging_mixin.py:115} INFO - [2023-03-27 21:20:34,792] {dag.py:2379} INFO - Sync 1 DAGs
[2023-03-27 21:20:34,798] {logging_mixin.py:115} INFO - [2023-03-27 21:20:34,798] {dag.py:2927} INFO - Setting next_dagrun for latest_only_with_trigger to 2023-03-27T20:20:34.798832+00:00, run_after=2023-03-28T00:20:34.798832+00:00
[2023-03-27 21:20:34,804] {processor.py:161} INFO - Processing /Users/gabrielroger/Documents/projects/weather-data/.venv/lib/python3.9/site-packages/airflow/example_dags/example_latest_only_with_trigger.py took 0.049 seconds
[2023-03-27 21:21:42,575] {processor.py:153} INFO - Started process (PID=7253) to work on /Users/gabrielroger/Documents/projects/weather-data/.venv/lib/python3.9/site-packages/airflow/example_dags/example_latest_only_with_trigger.py
[2023-03-27 21:21:42,575] {processor.py:641} INFO - Processing file /Users/gabrielroger/Documents/projects/weather-data/.venv/lib/python3.9/site-packages/airflow/example_dags/example_latest_only_with_trigger.py for tasks to queue
[2023-03-27 21:21:42,575] {logging_mixin.py:115} INFO - [2023-03-27 21:21:42,575] {dagbag.py:507} INFO - Filling up the DagBag from /Users/gabrielroger/Documents/projects/weather-data/.venv/lib/python3.9/site-packages/airflow/example_dags/example_latest_only_with_trigger.py
[2023-03-27 21:21:42,582] {processor.py:651} INFO - DAG(s) dict_keys(['latest_only_with_trigger']) retrieved from /Users/gabrielroger/Documents/projects/weather-data/.venv/lib/python3.9/site-packages/airflow/example_dags/example_latest_only_with_trigger.py
[2023-03-27 21:21:42,611] {logging_mixin.py:115} INFO - [2023-03-27 21:21:42,611] {dag.py:2379} INFO - Sync 1 DAGs
[2023-03-27 21:21:42,618] {logging_mixin.py:115} INFO - [2023-03-27 21:21:42,618] {dag.py:2927} INFO - Setting next_dagrun for latest_only_with_trigger to 2023-03-27T20:21:42.617937+00:00, run_after=2023-03-28T00:21:42.617937+00:00
[2023-03-27 21:21:42,623] {processor.py:161} INFO - Processing /Users/gabrielroger/Documents/projects/weather-data/.venv/lib/python3.9/site-packages/airflow/example_dags/example_latest_only_with_trigger.py took 0.049 seconds
[2023-03-27 21:22:49,729] {processor.py:153} INFO - Started process (PID=7365) to work on /Users/gabrielroger/Documents/projects/weather-data/.venv/lib/python3.9/site-packages/airflow/example_dags/example_latest_only_with_trigger.py
[2023-03-27 21:22:49,729] {processor.py:641} INFO - Processing file /Users/gabrielroger/Documents/projects/weather-data/.venv/lib/python3.9/site-packages/airflow/example_dags/example_latest_only_with_trigger.py for tasks to queue
[2023-03-27 21:22:49,729] {logging_mixin.py:115} INFO - [2023-03-27 21:22:49,729] {dagbag.py:507} INFO - Filling up the DagBag from /Users/gabrielroger/Documents/projects/weather-data/.venv/lib/python3.9/site-packages/airflow/example_dags/example_latest_only_with_trigger.py
[2023-03-27 21:22:49,736] {processor.py:651} INFO - DAG(s) dict_keys(['latest_only_with_trigger']) retrieved from /Users/gabrielroger/Documents/projects/weather-data/.venv/lib/python3.9/site-packages/airflow/example_dags/example_latest_only_with_trigger.py
[2023-03-27 21:22:49,765] {logging_mixin.py:115} INFO - [2023-03-27 21:22:49,765] {dag.py:2379} INFO - Sync 1 DAGs
[2023-03-27 21:22:49,772] {logging_mixin.py:115} INFO - [2023-03-27 21:22:49,772] {dag.py:2927} INFO - Setting next_dagrun for latest_only_with_trigger to 2023-03-27T20:22:49.772429+00:00, run_after=2023-03-28T00:22:49.772429+00:00
[2023-03-27 21:22:49,778] {processor.py:161} INFO - Processing /Users/gabrielroger/Documents/projects/weather-data/.venv/lib/python3.9/site-packages/airflow/example_dags/example_latest_only_with_trigger.py took 0.049 seconds
[2023-03-27 21:23:54,929] {processor.py:153} INFO - Started process (PID=7478) to work on /Users/gabrielroger/Documents/projects/weather-data/.venv/lib/python3.9/site-packages/airflow/example_dags/example_latest_only_with_trigger.py
[2023-03-27 21:23:54,930] {processor.py:641} INFO - Processing file /Users/gabrielroger/Documents/projects/weather-data/.venv/lib/python3.9/site-packages/airflow/example_dags/example_latest_only_with_trigger.py for tasks to queue
[2023-03-27 21:23:54,930] {logging_mixin.py:115} INFO - [2023-03-27 21:23:54,930] {dagbag.py:507} INFO - Filling up the DagBag from /Users/gabrielroger/Documents/projects/weather-data/.venv/lib/python3.9/site-packages/airflow/example_dags/example_latest_only_with_trigger.py
[2023-03-27 21:23:54,937] {processor.py:651} INFO - DAG(s) dict_keys(['latest_only_with_trigger']) retrieved from /Users/gabrielroger/Documents/projects/weather-data/.venv/lib/python3.9/site-packages/airflow/example_dags/example_latest_only_with_trigger.py
[2023-03-27 21:23:54,967] {logging_mixin.py:115} INFO - [2023-03-27 21:23:54,967] {dag.py:2379} INFO - Sync 1 DAGs
[2023-03-27 21:23:54,974] {logging_mixin.py:115} INFO - [2023-03-27 21:23:54,974] {dag.py:2927} INFO - Setting next_dagrun for latest_only_with_trigger to 2023-03-27T20:23:54.973941+00:00, run_after=2023-03-28T00:23:54.973941+00:00
[2023-03-27 21:23:54,979] {processor.py:161} INFO - Processing /Users/gabrielroger/Documents/projects/weather-data/.venv/lib/python3.9/site-packages/airflow/example_dags/example_latest_only_with_trigger.py took 0.051 seconds
[2023-03-27 21:25:01,573] {processor.py:153} INFO - Started process (PID=7617) to work on /Users/gabrielroger/Documents/projects/weather-data/.venv/lib/python3.9/site-packages/airflow/example_dags/example_latest_only_with_trigger.py
[2023-03-27 21:25:01,573] {processor.py:641} INFO - Processing file /Users/gabrielroger/Documents/projects/weather-data/.venv/lib/python3.9/site-packages/airflow/example_dags/example_latest_only_with_trigger.py for tasks to queue
[2023-03-27 21:25:01,573] {logging_mixin.py:115} INFO - [2023-03-27 21:25:01,573] {dagbag.py:507} INFO - Filling up the DagBag from /Users/gabrielroger/Documents/projects/weather-data/.venv/lib/python3.9/site-packages/airflow/example_dags/example_latest_only_with_trigger.py
[2023-03-27 21:25:01,580] {processor.py:651} INFO - DAG(s) dict_keys(['latest_only_with_trigger']) retrieved from /Users/gabrielroger/Documents/projects/weather-data/.venv/lib/python3.9/site-packages/airflow/example_dags/example_latest_only_with_trigger.py
[2023-03-27 21:25:01,610] {logging_mixin.py:115} INFO - [2023-03-27 21:25:01,610] {dag.py:2379} INFO - Sync 1 DAGs
[2023-03-27 21:25:01,616] {logging_mixin.py:115} INFO - [2023-03-27 21:25:01,616] {dag.py:2927} INFO - Setting next_dagrun for latest_only_with_trigger to 2023-03-27T20:25:01.616839+00:00, run_after=2023-03-28T00:25:01.616839+00:00
[2023-03-27 21:25:01,622] {processor.py:161} INFO - Processing /Users/gabrielroger/Documents/projects/weather-data/.venv/lib/python3.9/site-packages/airflow/example_dags/example_latest_only_with_trigger.py took 0.049 seconds
[2023-03-27 21:26:06,097] {processor.py:153} INFO - Started process (PID=7738) to work on /Users/gabrielroger/Documents/projects/weather-data/.venv/lib/python3.9/site-packages/airflow/example_dags/example_latest_only_with_trigger.py
[2023-03-27 21:26:06,097] {processor.py:641} INFO - Processing file /Users/gabrielroger/Documents/projects/weather-data/.venv/lib/python3.9/site-packages/airflow/example_dags/example_latest_only_with_trigger.py for tasks to queue
[2023-03-27 21:26:06,097] {logging_mixin.py:115} INFO - [2023-03-27 21:26:06,097] {dagbag.py:507} INFO - Filling up the DagBag from /Users/gabrielroger/Documents/projects/weather-data/.venv/lib/python3.9/site-packages/airflow/example_dags/example_latest_only_with_trigger.py
[2023-03-27 21:26:06,104] {processor.py:651} INFO - DAG(s) dict_keys(['latest_only_with_trigger']) retrieved from /Users/gabrielroger/Documents/projects/weather-data/.venv/lib/python3.9/site-packages/airflow/example_dags/example_latest_only_with_trigger.py
[2023-03-27 21:26:06,134] {logging_mixin.py:115} INFO - [2023-03-27 21:26:06,134] {dag.py:2379} INFO - Sync 1 DAGs
[2023-03-27 21:26:06,140] {logging_mixin.py:115} INFO - [2023-03-27 21:26:06,140] {dag.py:2927} INFO - Setting next_dagrun for latest_only_with_trigger to 2023-03-27T20:26:06.140837+00:00, run_after=2023-03-28T00:26:06.140837+00:00
[2023-03-27 21:26:06,146] {processor.py:161} INFO - Processing /Users/gabrielroger/Documents/projects/weather-data/.venv/lib/python3.9/site-packages/airflow/example_dags/example_latest_only_with_trigger.py took 0.050 seconds
[2023-03-27 21:27:15,583] {processor.py:153} INFO - Started process (PID=7850) to work on /Users/gabrielroger/Documents/projects/weather-data/.venv/lib/python3.9/site-packages/airflow/example_dags/example_latest_only_with_trigger.py
[2023-03-27 21:27:15,583] {processor.py:641} INFO - Processing file /Users/gabrielroger/Documents/projects/weather-data/.venv/lib/python3.9/site-packages/airflow/example_dags/example_latest_only_with_trigger.py for tasks to queue
[2023-03-27 21:27:15,583] {logging_mixin.py:115} INFO - [2023-03-27 21:27:15,583] {dagbag.py:507} INFO - Filling up the DagBag from /Users/gabrielroger/Documents/projects/weather-data/.venv/lib/python3.9/site-packages/airflow/example_dags/example_latest_only_with_trigger.py
[2023-03-27 21:27:15,590] {processor.py:651} INFO - DAG(s) dict_keys(['latest_only_with_trigger']) retrieved from /Users/gabrielroger/Documents/projects/weather-data/.venv/lib/python3.9/site-packages/airflow/example_dags/example_latest_only_with_trigger.py
[2023-03-27 21:27:15,619] {logging_mixin.py:115} INFO - [2023-03-27 21:27:15,619] {dag.py:2379} INFO - Sync 1 DAGs
[2023-03-27 21:27:15,626] {logging_mixin.py:115} INFO - [2023-03-27 21:27:15,626] {dag.py:2927} INFO - Setting next_dagrun for latest_only_with_trigger to 2023-03-27T20:27:15.626280+00:00, run_after=2023-03-28T00:27:15.626280+00:00
[2023-03-27 21:27:15,632] {processor.py:161} INFO - Processing /Users/gabrielroger/Documents/projects/weather-data/.venv/lib/python3.9/site-packages/airflow/example_dags/example_latest_only_with_trigger.py took 0.049 seconds
[2023-03-27 21:28:19,182] {processor.py:153} INFO - Started process (PID=7960) to work on /Users/gabrielroger/Documents/projects/weather-data/.venv/lib/python3.9/site-packages/airflow/example_dags/example_latest_only_with_trigger.py
[2023-03-27 21:28:19,182] {processor.py:641} INFO - Processing file /Users/gabrielroger/Documents/projects/weather-data/.venv/lib/python3.9/site-packages/airflow/example_dags/example_latest_only_with_trigger.py for tasks to queue
[2023-03-27 21:28:19,182] {logging_mixin.py:115} INFO - [2023-03-27 21:28:19,182] {dagbag.py:507} INFO - Filling up the DagBag from /Users/gabrielroger/Documents/projects/weather-data/.venv/lib/python3.9/site-packages/airflow/example_dags/example_latest_only_with_trigger.py
[2023-03-27 21:28:19,189] {processor.py:651} INFO - DAG(s) dict_keys(['latest_only_with_trigger']) retrieved from /Users/gabrielroger/Documents/projects/weather-data/.venv/lib/python3.9/site-packages/airflow/example_dags/example_latest_only_with_trigger.py
[2023-03-27 21:28:19,218] {logging_mixin.py:115} INFO - [2023-03-27 21:28:19,218] {dag.py:2379} INFO - Sync 1 DAGs
[2023-03-27 21:28:19,225] {logging_mixin.py:115} INFO - [2023-03-27 21:28:19,225] {dag.py:2927} INFO - Setting next_dagrun for latest_only_with_trigger to 2023-03-27T20:28:19.224995+00:00, run_after=2023-03-28T00:28:19.224995+00:00
[2023-03-27 21:28:19,230] {processor.py:161} INFO - Processing /Users/gabrielroger/Documents/projects/weather-data/.venv/lib/python3.9/site-packages/airflow/example_dags/example_latest_only_with_trigger.py took 0.049 seconds
[2023-03-27 21:29:22,464] {processor.py:153} INFO - Started process (PID=8079) to work on /Users/gabrielroger/Documents/projects/weather-data/.venv/lib/python3.9/site-packages/airflow/example_dags/example_latest_only_with_trigger.py
[2023-03-27 21:29:22,464] {processor.py:641} INFO - Processing file /Users/gabrielroger/Documents/projects/weather-data/.venv/lib/python3.9/site-packages/airflow/example_dags/example_latest_only_with_trigger.py for tasks to queue
[2023-03-27 21:29:22,464] {logging_mixin.py:115} INFO - [2023-03-27 21:29:22,464] {dagbag.py:507} INFO - Filling up the DagBag from /Users/gabrielroger/Documents/projects/weather-data/.venv/lib/python3.9/site-packages/airflow/example_dags/example_latest_only_with_trigger.py
[2023-03-27 21:29:22,471] {processor.py:651} INFO - DAG(s) dict_keys(['latest_only_with_trigger']) retrieved from /Users/gabrielroger/Documents/projects/weather-data/.venv/lib/python3.9/site-packages/airflow/example_dags/example_latest_only_with_trigger.py
[2023-03-27 21:29:22,501] {logging_mixin.py:115} INFO - [2023-03-27 21:29:22,501] {dag.py:2379} INFO - Sync 1 DAGs
[2023-03-27 21:29:22,508] {logging_mixin.py:115} INFO - [2023-03-27 21:29:22,508] {dag.py:2927} INFO - Setting next_dagrun for latest_only_with_trigger to 2023-03-27T20:29:22.508071+00:00, run_after=2023-03-28T00:29:22.508071+00:00
[2023-03-27 21:29:22,513] {processor.py:161} INFO - Processing /Users/gabrielroger/Documents/projects/weather-data/.venv/lib/python3.9/site-packages/airflow/example_dags/example_latest_only_with_trigger.py took 0.050 seconds
[2023-03-27 21:30:28,228] {processor.py:153} INFO - Started process (PID=8221) to work on /Users/gabrielroger/Documents/projects/weather-data/.venv/lib/python3.9/site-packages/airflow/example_dags/example_latest_only_with_trigger.py
[2023-03-27 21:30:28,229] {processor.py:641} INFO - Processing file /Users/gabrielroger/Documents/projects/weather-data/.venv/lib/python3.9/site-packages/airflow/example_dags/example_latest_only_with_trigger.py for tasks to queue
[2023-03-27 21:30:28,230] {logging_mixin.py:115} INFO - [2023-03-27 21:30:28,230] {dagbag.py:507} INFO - Filling up the DagBag from /Users/gabrielroger/Documents/projects/weather-data/.venv/lib/python3.9/site-packages/airflow/example_dags/example_latest_only_with_trigger.py
[2023-03-27 21:30:28,236] {processor.py:651} INFO - DAG(s) dict_keys(['latest_only_with_trigger']) retrieved from /Users/gabrielroger/Documents/projects/weather-data/.venv/lib/python3.9/site-packages/airflow/example_dags/example_latest_only_with_trigger.py
[2023-03-27 21:30:28,266] {logging_mixin.py:115} INFO - [2023-03-27 21:30:28,266] {dag.py:2379} INFO - Sync 1 DAGs
[2023-03-27 21:30:28,273] {logging_mixin.py:115} INFO - [2023-03-27 21:30:28,273] {dag.py:2927} INFO - Setting next_dagrun for latest_only_with_trigger to 2023-03-27T20:30:28.273015+00:00, run_after=2023-03-28T00:30:28.273015+00:00
[2023-03-27 21:30:28,278] {processor.py:161} INFO - Processing /Users/gabrielroger/Documents/projects/weather-data/.venv/lib/python3.9/site-packages/airflow/example_dags/example_latest_only_with_trigger.py took 0.050 seconds
[2023-03-27 21:31:31,692] {processor.py:153} INFO - Started process (PID=8326) to work on /Users/gabrielroger/Documents/projects/weather-data/.venv/lib/python3.9/site-packages/airflow/example_dags/example_latest_only_with_trigger.py
[2023-03-27 21:31:31,692] {processor.py:641} INFO - Processing file /Users/gabrielroger/Documents/projects/weather-data/.venv/lib/python3.9/site-packages/airflow/example_dags/example_latest_only_with_trigger.py for tasks to queue
[2023-03-27 21:31:31,692] {logging_mixin.py:115} INFO - [2023-03-27 21:31:31,692] {dagbag.py:507} INFO - Filling up the DagBag from /Users/gabrielroger/Documents/projects/weather-data/.venv/lib/python3.9/site-packages/airflow/example_dags/example_latest_only_with_trigger.py
[2023-03-27 21:31:31,699] {processor.py:651} INFO - DAG(s) dict_keys(['latest_only_with_trigger']) retrieved from /Users/gabrielroger/Documents/projects/weather-data/.venv/lib/python3.9/site-packages/airflow/example_dags/example_latest_only_with_trigger.py
[2023-03-27 21:31:31,728] {logging_mixin.py:115} INFO - [2023-03-27 21:31:31,728] {dag.py:2379} INFO - Sync 1 DAGs
[2023-03-27 21:31:31,735] {logging_mixin.py:115} INFO - [2023-03-27 21:31:31,735] {dag.py:2927} INFO - Setting next_dagrun for latest_only_with_trigger to 2023-03-27T20:31:31.734956+00:00, run_after=2023-03-28T00:31:31.734956+00:00
[2023-03-27 21:31:31,740] {processor.py:161} INFO - Processing /Users/gabrielroger/Documents/projects/weather-data/.venv/lib/python3.9/site-packages/airflow/example_dags/example_latest_only_with_trigger.py took 0.049 seconds
[2023-03-27 21:32:37,672] {processor.py:153} INFO - Started process (PID=8436) to work on /Users/gabrielroger/Documents/projects/weather-data/.venv/lib/python3.9/site-packages/airflow/example_dags/example_latest_only_with_trigger.py
[2023-03-27 21:32:37,672] {processor.py:641} INFO - Processing file /Users/gabrielroger/Documents/projects/weather-data/.venv/lib/python3.9/site-packages/airflow/example_dags/example_latest_only_with_trigger.py for tasks to queue
[2023-03-27 21:32:37,673] {logging_mixin.py:115} INFO - [2023-03-27 21:32:37,673] {dagbag.py:507} INFO - Filling up the DagBag from /Users/gabrielroger/Documents/projects/weather-data/.venv/lib/python3.9/site-packages/airflow/example_dags/example_latest_only_with_trigger.py
[2023-03-27 21:32:37,679] {processor.py:651} INFO - DAG(s) dict_keys(['latest_only_with_trigger']) retrieved from /Users/gabrielroger/Documents/projects/weather-data/.venv/lib/python3.9/site-packages/airflow/example_dags/example_latest_only_with_trigger.py
[2023-03-27 21:32:37,708] {logging_mixin.py:115} INFO - [2023-03-27 21:32:37,708] {dag.py:2379} INFO - Sync 1 DAGs
[2023-03-27 21:32:37,715] {logging_mixin.py:115} INFO - [2023-03-27 21:32:37,715] {dag.py:2927} INFO - Setting next_dagrun for latest_only_with_trigger to 2023-03-27T20:32:37.715119+00:00, run_after=2023-03-28T00:32:37.715119+00:00
[2023-03-27 21:32:37,720] {processor.py:161} INFO - Processing /Users/gabrielroger/Documents/projects/weather-data/.venv/lib/python3.9/site-packages/airflow/example_dags/example_latest_only_with_trigger.py took 0.048 seconds
[2023-03-27 21:33:45,495] {processor.py:153} INFO - Started process (PID=8552) to work on /Users/gabrielroger/Documents/projects/weather-data/.venv/lib/python3.9/site-packages/airflow/example_dags/example_latest_only_with_trigger.py
[2023-03-27 21:33:45,495] {processor.py:641} INFO - Processing file /Users/gabrielroger/Documents/projects/weather-data/.venv/lib/python3.9/site-packages/airflow/example_dags/example_latest_only_with_trigger.py for tasks to queue
[2023-03-27 21:33:45,495] {logging_mixin.py:115} INFO - [2023-03-27 21:33:45,495] {dagbag.py:507} INFO - Filling up the DagBag from /Users/gabrielroger/Documents/projects/weather-data/.venv/lib/python3.9/site-packages/airflow/example_dags/example_latest_only_with_trigger.py
[2023-03-27 21:33:45,502] {processor.py:651} INFO - DAG(s) dict_keys(['latest_only_with_trigger']) retrieved from /Users/gabrielroger/Documents/projects/weather-data/.venv/lib/python3.9/site-packages/airflow/example_dags/example_latest_only_with_trigger.py
[2023-03-27 21:33:45,531] {logging_mixin.py:115} INFO - [2023-03-27 21:33:45,531] {dag.py:2379} INFO - Sync 1 DAGs
[2023-03-27 21:33:45,538] {logging_mixin.py:115} INFO - [2023-03-27 21:33:45,538] {dag.py:2927} INFO - Setting next_dagrun for latest_only_with_trigger to 2023-03-27T20:33:45.538057+00:00, run_after=2023-03-28T00:33:45.538057+00:00
[2023-03-27 21:33:45,543] {processor.py:161} INFO - Processing /Users/gabrielroger/Documents/projects/weather-data/.venv/lib/python3.9/site-packages/airflow/example_dags/example_latest_only_with_trigger.py took 0.049 seconds
[2023-03-27 21:59:26,674] {processor.py:153} INFO - Started process (PID=8697) to work on /Users/gabrielroger/Documents/projects/weather-data/.venv/lib/python3.9/site-packages/airflow/example_dags/example_latest_only_with_trigger.py
[2023-03-27 21:59:26,675] {processor.py:641} INFO - Processing file /Users/gabrielroger/Documents/projects/weather-data/.venv/lib/python3.9/site-packages/airflow/example_dags/example_latest_only_with_trigger.py for tasks to queue
[2023-03-27 21:59:26,675] {logging_mixin.py:115} INFO - [2023-03-27 21:59:26,675] {dagbag.py:507} INFO - Filling up the DagBag from /Users/gabrielroger/Documents/projects/weather-data/.venv/lib/python3.9/site-packages/airflow/example_dags/example_latest_only_with_trigger.py
[2023-03-27 21:59:26,686] {processor.py:651} INFO - DAG(s) dict_keys(['latest_only_with_trigger']) retrieved from /Users/gabrielroger/Documents/projects/weather-data/.venv/lib/python3.9/site-packages/airflow/example_dags/example_latest_only_with_trigger.py
[2023-03-27 21:59:26,722] {logging_mixin.py:115} INFO - [2023-03-27 21:59:26,722] {dag.py:2379} INFO - Sync 1 DAGs
[2023-03-27 21:59:26,730] {logging_mixin.py:115} INFO - [2023-03-27 21:59:26,730] {dag.py:2927} INFO - Setting next_dagrun for latest_only_with_trigger to 2023-03-27T20:59:26.730390+00:00, run_after=2023-03-28T00:59:26.730390+00:00
[2023-03-27 21:59:26,736] {processor.py:161} INFO - Processing /Users/gabrielroger/Documents/projects/weather-data/.venv/lib/python3.9/site-packages/airflow/example_dags/example_latest_only_with_trigger.py took 0.062 seconds
[2023-03-27 22:07:55,027] {processor.py:153} INFO - Started process (PID=8839) to work on /Users/gabrielroger/Documents/projects/weather-data/.venv/lib/python3.9/site-packages/airflow/example_dags/example_latest_only_with_trigger.py
[2023-03-27 22:07:55,027] {processor.py:641} INFO - Processing file /Users/gabrielroger/Documents/projects/weather-data/.venv/lib/python3.9/site-packages/airflow/example_dags/example_latest_only_with_trigger.py for tasks to queue
[2023-03-27 22:07:55,028] {logging_mixin.py:115} INFO - [2023-03-27 22:07:55,027] {dagbag.py:507} INFO - Filling up the DagBag from /Users/gabrielroger/Documents/projects/weather-data/.venv/lib/python3.9/site-packages/airflow/example_dags/example_latest_only_with_trigger.py
[2023-03-27 22:07:55,040] {processor.py:651} INFO - DAG(s) dict_keys(['latest_only_with_trigger']) retrieved from /Users/gabrielroger/Documents/projects/weather-data/.venv/lib/python3.9/site-packages/airflow/example_dags/example_latest_only_with_trigger.py
[2023-03-27 22:07:55,075] {logging_mixin.py:115} INFO - [2023-03-27 22:07:55,075] {dag.py:2379} INFO - Sync 1 DAGs
[2023-03-27 22:07:55,083] {logging_mixin.py:115} INFO - [2023-03-27 22:07:55,083] {dag.py:2927} INFO - Setting next_dagrun for latest_only_with_trigger to 2023-03-27T21:07:55.083199+00:00, run_after=2023-03-28T01:07:55.083199+00:00
[2023-03-27 22:07:55,091] {processor.py:161} INFO - Processing /Users/gabrielroger/Documents/projects/weather-data/.venv/lib/python3.9/site-packages/airflow/example_dags/example_latest_only_with_trigger.py took 0.064 seconds
