[2023-03-27 21:10:21,896] {processor.py:153} INFO - Started process (PID=6115) to work on /Users/gabrielroger/Documents/projects/weather-data/.venv/lib/python3.9/site-packages/airflow/example_dags/example_branch_day_of_week_operator.py
[2023-03-27 21:10:21,896] {processor.py:641} INFO - Processing file /Users/gabrielroger/Documents/projects/weather-data/.venv/lib/python3.9/site-packages/airflow/example_dags/example_branch_day_of_week_operator.py for tasks to queue
[2023-03-27 21:10:21,896] {logging_mixin.py:115} INFO - [2023-03-27 21:10:21,896] {dagbag.py:507} INFO - Filling up the DagBag from /Users/gabrielroger/Documents/projects/weather-data/.venv/lib/python3.9/site-packages/airflow/example_dags/example_branch_day_of_week_operator.py
[2023-03-27 21:10:21,904] {processor.py:651} INFO - DAG(s) dict_keys(['example_weekday_branch_operator']) retrieved from /Users/gabrielroger/Documents/projects/weather-data/.venv/lib/python3.9/site-packages/airflow/example_dags/example_branch_day_of_week_operator.py
[2023-03-27 21:10:21,935] {logging_mixin.py:115} INFO - [2023-03-27 21:10:21,935] {dag.py:2379} INFO - Sync 1 DAGs
[2023-03-27 21:10:21,943] {logging_mixin.py:115} INFO - [2023-03-27 21:10:21,943] {dag.py:2927} INFO - Setting next_dagrun for example_weekday_branch_operator to 2023-03-27T00:00:00+00:00, run_after=2023-03-28T00:00:00+00:00
[2023-03-27 21:10:21,949] {processor.py:161} INFO - Processing /Users/gabrielroger/Documents/projects/weather-data/.venv/lib/python3.9/site-packages/airflow/example_dags/example_branch_day_of_week_operator.py took 0.053 seconds
[2023-03-27 21:11:28,060] {processor.py:153} INFO - Started process (PID=6230) to work on /Users/gabrielroger/Documents/projects/weather-data/.venv/lib/python3.9/site-packages/airflow/example_dags/example_branch_day_of_week_operator.py
[2023-03-27 21:11:28,061] {processor.py:641} INFO - Processing file /Users/gabrielroger/Documents/projects/weather-data/.venv/lib/python3.9/site-packages/airflow/example_dags/example_branch_day_of_week_operator.py for tasks to queue
[2023-03-27 21:11:28,061] {logging_mixin.py:115} INFO - [2023-03-27 21:11:28,061] {dagbag.py:507} INFO - Filling up the DagBag from /Users/gabrielroger/Documents/projects/weather-data/.venv/lib/python3.9/site-packages/airflow/example_dags/example_branch_day_of_week_operator.py
[2023-03-27 21:11:28,072] {processor.py:651} INFO - DAG(s) dict_keys(['example_weekday_branch_operator']) retrieved from /Users/gabrielroger/Documents/projects/weather-data/.venv/lib/python3.9/site-packages/airflow/example_dags/example_branch_day_of_week_operator.py
[2023-03-27 21:11:28,106] {logging_mixin.py:115} INFO - [2023-03-27 21:11:28,106] {dag.py:2379} INFO - Sync 1 DAGs
[2023-03-27 21:11:28,113] {logging_mixin.py:115} INFO - [2023-03-27 21:11:28,113] {dag.py:2927} INFO - Setting next_dagrun for example_weekday_branch_operator to 2023-03-27T00:00:00+00:00, run_after=2023-03-28T00:00:00+00:00
[2023-03-27 21:11:28,121] {processor.py:161} INFO - Processing /Users/gabrielroger/Documents/projects/weather-data/.venv/lib/python3.9/site-packages/airflow/example_dags/example_branch_day_of_week_operator.py took 0.062 seconds
[2023-03-27 21:12:38,688] {processor.py:153} INFO - Started process (PID=6344) to work on /Users/gabrielroger/Documents/projects/weather-data/.venv/lib/python3.9/site-packages/airflow/example_dags/example_branch_day_of_week_operator.py
[2023-03-27 21:12:38,688] {processor.py:641} INFO - Processing file /Users/gabrielroger/Documents/projects/weather-data/.venv/lib/python3.9/site-packages/airflow/example_dags/example_branch_day_of_week_operator.py for tasks to queue
[2023-03-27 21:12:38,689] {logging_mixin.py:115} INFO - [2023-03-27 21:12:38,689] {dagbag.py:507} INFO - Filling up the DagBag from /Users/gabrielroger/Documents/projects/weather-data/.venv/lib/python3.9/site-packages/airflow/example_dags/example_branch_day_of_week_operator.py
[2023-03-27 21:12:38,697] {processor.py:651} INFO - DAG(s) dict_keys(['example_weekday_branch_operator']) retrieved from /Users/gabrielroger/Documents/projects/weather-data/.venv/lib/python3.9/site-packages/airflow/example_dags/example_branch_day_of_week_operator.py
[2023-03-27 21:12:38,727] {logging_mixin.py:115} INFO - [2023-03-27 21:12:38,727] {dag.py:2379} INFO - Sync 1 DAGs
[2023-03-27 21:12:38,734] {logging_mixin.py:115} INFO - [2023-03-27 21:12:38,734] {dag.py:2927} INFO - Setting next_dagrun for example_weekday_branch_operator to 2023-03-27T00:00:00+00:00, run_after=2023-03-28T00:00:00+00:00
[2023-03-27 21:12:38,740] {processor.py:161} INFO - Processing /Users/gabrielroger/Documents/projects/weather-data/.venv/lib/python3.9/site-packages/airflow/example_dags/example_branch_day_of_week_operator.py took 0.053 seconds
[2023-03-27 21:13:46,838] {processor.py:153} INFO - Started process (PID=6461) to work on /Users/gabrielroger/Documents/projects/weather-data/.venv/lib/python3.9/site-packages/airflow/example_dags/example_branch_day_of_week_operator.py
[2023-03-27 21:13:46,839] {processor.py:641} INFO - Processing file /Users/gabrielroger/Documents/projects/weather-data/.venv/lib/python3.9/site-packages/airflow/example_dags/example_branch_day_of_week_operator.py for tasks to queue
[2023-03-27 21:13:46,839] {logging_mixin.py:115} INFO - [2023-03-27 21:13:46,839] {dagbag.py:507} INFO - Filling up the DagBag from /Users/gabrielroger/Documents/projects/weather-data/.venv/lib/python3.9/site-packages/airflow/example_dags/example_branch_day_of_week_operator.py
[2023-03-27 21:13:46,847] {processor.py:651} INFO - DAG(s) dict_keys(['example_weekday_branch_operator']) retrieved from /Users/gabrielroger/Documents/projects/weather-data/.venv/lib/python3.9/site-packages/airflow/example_dags/example_branch_day_of_week_operator.py
[2023-03-27 21:13:46,877] {logging_mixin.py:115} INFO - [2023-03-27 21:13:46,877] {dag.py:2379} INFO - Sync 1 DAGs
[2023-03-27 21:13:46,885] {logging_mixin.py:115} INFO - [2023-03-27 21:13:46,885] {dag.py:2927} INFO - Setting next_dagrun for example_weekday_branch_operator to 2023-03-27T00:00:00+00:00, run_after=2023-03-28T00:00:00+00:00
[2023-03-27 21:13:46,890] {processor.py:161} INFO - Processing /Users/gabrielroger/Documents/projects/weather-data/.venv/lib/python3.9/site-packages/airflow/example_dags/example_branch_day_of_week_operator.py took 0.052 seconds
[2023-03-27 21:14:46,190] {processor.py:153} INFO - Started process (PID=6560) to work on /Users/gabrielroger/Documents/projects/weather-data/.venv/lib/python3.9/site-packages/airflow/example_dags/example_branch_day_of_week_operator.py
[2023-03-27 21:14:46,191] {processor.py:641} INFO - Processing file /Users/gabrielroger/Documents/projects/weather-data/.venv/lib/python3.9/site-packages/airflow/example_dags/example_branch_day_of_week_operator.py for tasks to queue
[2023-03-27 21:14:46,191] {logging_mixin.py:115} INFO - [2023-03-27 21:14:46,191] {dagbag.py:507} INFO - Filling up the DagBag from /Users/gabrielroger/Documents/projects/weather-data/.venv/lib/python3.9/site-packages/airflow/example_dags/example_branch_day_of_week_operator.py
[2023-03-27 21:14:46,199] {processor.py:651} INFO - DAG(s) dict_keys(['example_weekday_branch_operator']) retrieved from /Users/gabrielroger/Documents/projects/weather-data/.venv/lib/python3.9/site-packages/airflow/example_dags/example_branch_day_of_week_operator.py
[2023-03-27 21:14:46,229] {logging_mixin.py:115} INFO - [2023-03-27 21:14:46,229] {dag.py:2379} INFO - Sync 1 DAGs
[2023-03-27 21:14:46,236] {logging_mixin.py:115} INFO - [2023-03-27 21:14:46,236] {dag.py:2927} INFO - Setting next_dagrun for example_weekday_branch_operator to 2023-03-27T00:00:00+00:00, run_after=2023-03-28T00:00:00+00:00
[2023-03-27 21:14:46,242] {processor.py:161} INFO - Processing /Users/gabrielroger/Documents/projects/weather-data/.venv/lib/python3.9/site-packages/airflow/example_dags/example_branch_day_of_week_operator.py took 0.052 seconds
[2023-03-27 21:15:52,185] {processor.py:153} INFO - Started process (PID=6669) to work on /Users/gabrielroger/Documents/projects/weather-data/.venv/lib/python3.9/site-packages/airflow/example_dags/example_branch_day_of_week_operator.py
[2023-03-27 21:15:52,185] {processor.py:641} INFO - Processing file /Users/gabrielroger/Documents/projects/weather-data/.venv/lib/python3.9/site-packages/airflow/example_dags/example_branch_day_of_week_operator.py for tasks to queue
[2023-03-27 21:15:52,186] {logging_mixin.py:115} INFO - [2023-03-27 21:15:52,185] {dagbag.py:507} INFO - Filling up the DagBag from /Users/gabrielroger/Documents/projects/weather-data/.venv/lib/python3.9/site-packages/airflow/example_dags/example_branch_day_of_week_operator.py
[2023-03-27 21:15:52,194] {processor.py:651} INFO - DAG(s) dict_keys(['example_weekday_branch_operator']) retrieved from /Users/gabrielroger/Documents/projects/weather-data/.venv/lib/python3.9/site-packages/airflow/example_dags/example_branch_day_of_week_operator.py
[2023-03-27 21:15:52,224] {logging_mixin.py:115} INFO - [2023-03-27 21:15:52,224] {dag.py:2379} INFO - Sync 1 DAGs
[2023-03-27 21:15:52,231] {logging_mixin.py:115} INFO - [2023-03-27 21:15:52,231] {dag.py:2927} INFO - Setting next_dagrun for example_weekday_branch_operator to 2023-03-27T00:00:00+00:00, run_after=2023-03-28T00:00:00+00:00
[2023-03-27 21:15:52,237] {processor.py:161} INFO - Processing /Users/gabrielroger/Documents/projects/weather-data/.venv/lib/python3.9/site-packages/airflow/example_dags/example_branch_day_of_week_operator.py took 0.052 seconds
[2023-03-27 21:16:58,727] {processor.py:153} INFO - Started process (PID=6778) to work on /Users/gabrielroger/Documents/projects/weather-data/.venv/lib/python3.9/site-packages/airflow/example_dags/example_branch_day_of_week_operator.py
[2023-03-27 21:16:58,727] {processor.py:641} INFO - Processing file /Users/gabrielroger/Documents/projects/weather-data/.venv/lib/python3.9/site-packages/airflow/example_dags/example_branch_day_of_week_operator.py for tasks to queue
[2023-03-27 21:16:58,727] {logging_mixin.py:115} INFO - [2023-03-27 21:16:58,727] {dagbag.py:507} INFO - Filling up the DagBag from /Users/gabrielroger/Documents/projects/weather-data/.venv/lib/python3.9/site-packages/airflow/example_dags/example_branch_day_of_week_operator.py
[2023-03-27 21:16:58,736] {processor.py:651} INFO - DAG(s) dict_keys(['example_weekday_branch_operator']) retrieved from /Users/gabrielroger/Documents/projects/weather-data/.venv/lib/python3.9/site-packages/airflow/example_dags/example_branch_day_of_week_operator.py
[2023-03-27 21:16:58,765] {logging_mixin.py:115} INFO - [2023-03-27 21:16:58,765] {dag.py:2379} INFO - Sync 1 DAGs
[2023-03-27 21:16:58,773] {logging_mixin.py:115} INFO - [2023-03-27 21:16:58,773] {dag.py:2927} INFO - Setting next_dagrun for example_weekday_branch_operator to 2023-03-27T00:00:00+00:00, run_after=2023-03-28T00:00:00+00:00
[2023-03-27 21:16:58,778] {processor.py:161} INFO - Processing /Users/gabrielroger/Documents/projects/weather-data/.venv/lib/python3.9/site-packages/airflow/example_dags/example_branch_day_of_week_operator.py took 0.051 seconds
[2023-03-27 21:18:01,660] {processor.py:153} INFO - Started process (PID=6884) to work on /Users/gabrielroger/Documents/projects/weather-data/.venv/lib/python3.9/site-packages/airflow/example_dags/example_branch_day_of_week_operator.py
[2023-03-27 21:18:01,660] {processor.py:641} INFO - Processing file /Users/gabrielroger/Documents/projects/weather-data/.venv/lib/python3.9/site-packages/airflow/example_dags/example_branch_day_of_week_operator.py for tasks to queue
[2023-03-27 21:18:01,660] {logging_mixin.py:115} INFO - [2023-03-27 21:18:01,660] {dagbag.py:507} INFO - Filling up the DagBag from /Users/gabrielroger/Documents/projects/weather-data/.venv/lib/python3.9/site-packages/airflow/example_dags/example_branch_day_of_week_operator.py
[2023-03-27 21:18:01,668] {processor.py:651} INFO - DAG(s) dict_keys(['example_weekday_branch_operator']) retrieved from /Users/gabrielroger/Documents/projects/weather-data/.venv/lib/python3.9/site-packages/airflow/example_dags/example_branch_day_of_week_operator.py
[2023-03-27 21:18:01,697] {logging_mixin.py:115} INFO - [2023-03-27 21:18:01,697] {dag.py:2379} INFO - Sync 1 DAGs
[2023-03-27 21:18:01,704] {logging_mixin.py:115} INFO - [2023-03-27 21:18:01,704] {dag.py:2927} INFO - Setting next_dagrun for example_weekday_branch_operator to 2023-03-27T00:00:00+00:00, run_after=2023-03-28T00:00:00+00:00
[2023-03-27 21:18:01,710] {processor.py:161} INFO - Processing /Users/gabrielroger/Documents/projects/weather-data/.venv/lib/python3.9/site-packages/airflow/example_dags/example_branch_day_of_week_operator.py took 0.050 seconds
[2023-03-27 21:19:06,642] {processor.py:153} INFO - Started process (PID=6997) to work on /Users/gabrielroger/Documents/projects/weather-data/.venv/lib/python3.9/site-packages/airflow/example_dags/example_branch_day_of_week_operator.py
[2023-03-27 21:19:06,643] {processor.py:641} INFO - Processing file /Users/gabrielroger/Documents/projects/weather-data/.venv/lib/python3.9/site-packages/airflow/example_dags/example_branch_day_of_week_operator.py for tasks to queue
[2023-03-27 21:19:06,643] {logging_mixin.py:115} INFO - [2023-03-27 21:19:06,643] {dagbag.py:507} INFO - Filling up the DagBag from /Users/gabrielroger/Documents/projects/weather-data/.venv/lib/python3.9/site-packages/airflow/example_dags/example_branch_day_of_week_operator.py
[2023-03-27 21:19:06,651] {processor.py:651} INFO - DAG(s) dict_keys(['example_weekday_branch_operator']) retrieved from /Users/gabrielroger/Documents/projects/weather-data/.venv/lib/python3.9/site-packages/airflow/example_dags/example_branch_day_of_week_operator.py
[2023-03-27 21:19:06,681] {logging_mixin.py:115} INFO - [2023-03-27 21:19:06,681] {dag.py:2379} INFO - Sync 1 DAGs
[2023-03-27 21:19:06,689] {logging_mixin.py:115} INFO - [2023-03-27 21:19:06,689] {dag.py:2927} INFO - Setting next_dagrun for example_weekday_branch_operator to 2023-03-27T00:00:00+00:00, run_after=2023-03-28T00:00:00+00:00
[2023-03-27 21:19:06,694] {processor.py:161} INFO - Processing /Users/gabrielroger/Documents/projects/weather-data/.venv/lib/python3.9/site-packages/airflow/example_dags/example_branch_day_of_week_operator.py took 0.053 seconds
[2023-03-27 21:20:13,331] {processor.py:153} INFO - Started process (PID=7107) to work on /Users/gabrielroger/Documents/projects/weather-data/.venv/lib/python3.9/site-packages/airflow/example_dags/example_branch_day_of_week_operator.py
[2023-03-27 21:20:13,331] {processor.py:641} INFO - Processing file /Users/gabrielroger/Documents/projects/weather-data/.venv/lib/python3.9/site-packages/airflow/example_dags/example_branch_day_of_week_operator.py for tasks to queue
[2023-03-27 21:20:13,331] {logging_mixin.py:115} INFO - [2023-03-27 21:20:13,331] {dagbag.py:507} INFO - Filling up the DagBag from /Users/gabrielroger/Documents/projects/weather-data/.venv/lib/python3.9/site-packages/airflow/example_dags/example_branch_day_of_week_operator.py
[2023-03-27 21:20:13,338] {processor.py:651} INFO - DAG(s) dict_keys(['example_weekday_branch_operator']) retrieved from /Users/gabrielroger/Documents/projects/weather-data/.venv/lib/python3.9/site-packages/airflow/example_dags/example_branch_day_of_week_operator.py
[2023-03-27 21:20:13,368] {logging_mixin.py:115} INFO - [2023-03-27 21:20:13,368] {dag.py:2379} INFO - Sync 1 DAGs
[2023-03-27 21:20:13,375] {logging_mixin.py:115} INFO - [2023-03-27 21:20:13,375] {dag.py:2927} INFO - Setting next_dagrun for example_weekday_branch_operator to 2023-03-27T00:00:00+00:00, run_after=2023-03-28T00:00:00+00:00
[2023-03-27 21:20:13,381] {processor.py:161} INFO - Processing /Users/gabrielroger/Documents/projects/weather-data/.venv/lib/python3.9/site-packages/airflow/example_dags/example_branch_day_of_week_operator.py took 0.050 seconds
[2023-03-27 21:21:20,901] {processor.py:153} INFO - Started process (PID=7217) to work on /Users/gabrielroger/Documents/projects/weather-data/.venv/lib/python3.9/site-packages/airflow/example_dags/example_branch_day_of_week_operator.py
[2023-03-27 21:21:20,901] {processor.py:641} INFO - Processing file /Users/gabrielroger/Documents/projects/weather-data/.venv/lib/python3.9/site-packages/airflow/example_dags/example_branch_day_of_week_operator.py for tasks to queue
[2023-03-27 21:21:20,901] {logging_mixin.py:115} INFO - [2023-03-27 21:21:20,901] {dagbag.py:507} INFO - Filling up the DagBag from /Users/gabrielroger/Documents/projects/weather-data/.venv/lib/python3.9/site-packages/airflow/example_dags/example_branch_day_of_week_operator.py
[2023-03-27 21:21:20,908] {processor.py:651} INFO - DAG(s) dict_keys(['example_weekday_branch_operator']) retrieved from /Users/gabrielroger/Documents/projects/weather-data/.venv/lib/python3.9/site-packages/airflow/example_dags/example_branch_day_of_week_operator.py
[2023-03-27 21:21:20,937] {logging_mixin.py:115} INFO - [2023-03-27 21:21:20,937] {dag.py:2379} INFO - Sync 1 DAGs
[2023-03-27 21:21:20,945] {logging_mixin.py:115} INFO - [2023-03-27 21:21:20,945] {dag.py:2927} INFO - Setting next_dagrun for example_weekday_branch_operator to 2023-03-27T00:00:00+00:00, run_after=2023-03-28T00:00:00+00:00
[2023-03-27 21:21:20,950] {processor.py:161} INFO - Processing /Users/gabrielroger/Documents/projects/weather-data/.venv/lib/python3.9/site-packages/airflow/example_dags/example_branch_day_of_week_operator.py took 0.050 seconds
[2023-03-27 21:22:29,314] {processor.py:153} INFO - Started process (PID=7329) to work on /Users/gabrielroger/Documents/projects/weather-data/.venv/lib/python3.9/site-packages/airflow/example_dags/example_branch_day_of_week_operator.py
[2023-03-27 21:22:29,314] {processor.py:641} INFO - Processing file /Users/gabrielroger/Documents/projects/weather-data/.venv/lib/python3.9/site-packages/airflow/example_dags/example_branch_day_of_week_operator.py for tasks to queue
[2023-03-27 21:22:29,314] {logging_mixin.py:115} INFO - [2023-03-27 21:22:29,314] {dagbag.py:507} INFO - Filling up the DagBag from /Users/gabrielroger/Documents/projects/weather-data/.venv/lib/python3.9/site-packages/airflow/example_dags/example_branch_day_of_week_operator.py
[2023-03-27 21:22:29,321] {processor.py:651} INFO - DAG(s) dict_keys(['example_weekday_branch_operator']) retrieved from /Users/gabrielroger/Documents/projects/weather-data/.venv/lib/python3.9/site-packages/airflow/example_dags/example_branch_day_of_week_operator.py
[2023-03-27 21:22:29,351] {logging_mixin.py:115} INFO - [2023-03-27 21:22:29,350] {dag.py:2379} INFO - Sync 1 DAGs
[2023-03-27 21:22:29,358] {logging_mixin.py:115} INFO - [2023-03-27 21:22:29,358] {dag.py:2927} INFO - Setting next_dagrun for example_weekday_branch_operator to 2023-03-27T00:00:00+00:00, run_after=2023-03-28T00:00:00+00:00
[2023-03-27 21:22:29,363] {processor.py:161} INFO - Processing /Users/gabrielroger/Documents/projects/weather-data/.venv/lib/python3.9/site-packages/airflow/example_dags/example_branch_day_of_week_operator.py took 0.050 seconds
[2023-03-27 21:23:34,168] {processor.py:153} INFO - Started process (PID=7439) to work on /Users/gabrielroger/Documents/projects/weather-data/.venv/lib/python3.9/site-packages/airflow/example_dags/example_branch_day_of_week_operator.py
[2023-03-27 21:23:34,169] {processor.py:641} INFO - Processing file /Users/gabrielroger/Documents/projects/weather-data/.venv/lib/python3.9/site-packages/airflow/example_dags/example_branch_day_of_week_operator.py for tasks to queue
[2023-03-27 21:23:34,169] {logging_mixin.py:115} INFO - [2023-03-27 21:23:34,169] {dagbag.py:507} INFO - Filling up the DagBag from /Users/gabrielroger/Documents/projects/weather-data/.venv/lib/python3.9/site-packages/airflow/example_dags/example_branch_day_of_week_operator.py
[2023-03-27 21:23:34,176] {processor.py:651} INFO - DAG(s) dict_keys(['example_weekday_branch_operator']) retrieved from /Users/gabrielroger/Documents/projects/weather-data/.venv/lib/python3.9/site-packages/airflow/example_dags/example_branch_day_of_week_operator.py
[2023-03-27 21:23:34,206] {logging_mixin.py:115} INFO - [2023-03-27 21:23:34,206] {dag.py:2379} INFO - Sync 1 DAGs
[2023-03-27 21:23:34,213] {logging_mixin.py:115} INFO - [2023-03-27 21:23:34,213] {dag.py:2927} INFO - Setting next_dagrun for example_weekday_branch_operator to 2023-03-27T00:00:00+00:00, run_after=2023-03-28T00:00:00+00:00
[2023-03-27 21:23:34,219] {processor.py:161} INFO - Processing /Users/gabrielroger/Documents/projects/weather-data/.venv/lib/python3.9/site-packages/airflow/example_dags/example_branch_day_of_week_operator.py took 0.050 seconds
[2023-03-27 21:24:40,724] {processor.py:153} INFO - Started process (PID=7576) to work on /Users/gabrielroger/Documents/projects/weather-data/.venv/lib/python3.9/site-packages/airflow/example_dags/example_branch_day_of_week_operator.py
[2023-03-27 21:24:40,724] {processor.py:641} INFO - Processing file /Users/gabrielroger/Documents/projects/weather-data/.venv/lib/python3.9/site-packages/airflow/example_dags/example_branch_day_of_week_operator.py for tasks to queue
[2023-03-27 21:24:40,724] {logging_mixin.py:115} INFO - [2023-03-27 21:24:40,724] {dagbag.py:507} INFO - Filling up the DagBag from /Users/gabrielroger/Documents/projects/weather-data/.venv/lib/python3.9/site-packages/airflow/example_dags/example_branch_day_of_week_operator.py
[2023-03-27 21:24:40,733] {processor.py:651} INFO - DAG(s) dict_keys(['example_weekday_branch_operator']) retrieved from /Users/gabrielroger/Documents/projects/weather-data/.venv/lib/python3.9/site-packages/airflow/example_dags/example_branch_day_of_week_operator.py
[2023-03-27 21:24:40,763] {logging_mixin.py:115} INFO - [2023-03-27 21:24:40,763] {dag.py:2379} INFO - Sync 1 DAGs
[2023-03-27 21:24:40,771] {logging_mixin.py:115} INFO - [2023-03-27 21:24:40,771] {dag.py:2927} INFO - Setting next_dagrun for example_weekday_branch_operator to 2023-03-27T00:00:00+00:00, run_after=2023-03-28T00:00:00+00:00
[2023-03-27 21:24:40,776] {processor.py:161} INFO - Processing /Users/gabrielroger/Documents/projects/weather-data/.venv/lib/python3.9/site-packages/airflow/example_dags/example_branch_day_of_week_operator.py took 0.053 seconds
[2023-03-27 21:25:45,298] {processor.py:153} INFO - Started process (PID=7702) to work on /Users/gabrielroger/Documents/projects/weather-data/.venv/lib/python3.9/site-packages/airflow/example_dags/example_branch_day_of_week_operator.py
[2023-03-27 21:25:45,298] {processor.py:641} INFO - Processing file /Users/gabrielroger/Documents/projects/weather-data/.venv/lib/python3.9/site-packages/airflow/example_dags/example_branch_day_of_week_operator.py for tasks to queue
[2023-03-27 21:25:45,298] {logging_mixin.py:115} INFO - [2023-03-27 21:25:45,298] {dagbag.py:507} INFO - Filling up the DagBag from /Users/gabrielroger/Documents/projects/weather-data/.venv/lib/python3.9/site-packages/airflow/example_dags/example_branch_day_of_week_operator.py
[2023-03-27 21:25:45,306] {processor.py:651} INFO - DAG(s) dict_keys(['example_weekday_branch_operator']) retrieved from /Users/gabrielroger/Documents/projects/weather-data/.venv/lib/python3.9/site-packages/airflow/example_dags/example_branch_day_of_week_operator.py
[2023-03-27 21:25:45,336] {logging_mixin.py:115} INFO - [2023-03-27 21:25:45,336] {dag.py:2379} INFO - Sync 1 DAGs
[2023-03-27 21:25:45,343] {logging_mixin.py:115} INFO - [2023-03-27 21:25:45,343] {dag.py:2927} INFO - Setting next_dagrun for example_weekday_branch_operator to 2023-03-27T00:00:00+00:00, run_after=2023-03-28T00:00:00+00:00
[2023-03-27 21:25:45,348] {processor.py:161} INFO - Processing /Users/gabrielroger/Documents/projects/weather-data/.venv/lib/python3.9/site-packages/airflow/example_dags/example_branch_day_of_week_operator.py took 0.051 seconds
[2023-03-27 21:26:53,563] {processor.py:153} INFO - Started process (PID=7815) to work on /Users/gabrielroger/Documents/projects/weather-data/.venv/lib/python3.9/site-packages/airflow/example_dags/example_branch_day_of_week_operator.py
[2023-03-27 21:26:53,563] {processor.py:641} INFO - Processing file /Users/gabrielroger/Documents/projects/weather-data/.venv/lib/python3.9/site-packages/airflow/example_dags/example_branch_day_of_week_operator.py for tasks to queue
[2023-03-27 21:26:53,564] {logging_mixin.py:115} INFO - [2023-03-27 21:26:53,563] {dagbag.py:507} INFO - Filling up the DagBag from /Users/gabrielroger/Documents/projects/weather-data/.venv/lib/python3.9/site-packages/airflow/example_dags/example_branch_day_of_week_operator.py
[2023-03-27 21:26:53,571] {processor.py:651} INFO - DAG(s) dict_keys(['example_weekday_branch_operator']) retrieved from /Users/gabrielroger/Documents/projects/weather-data/.venv/lib/python3.9/site-packages/airflow/example_dags/example_branch_day_of_week_operator.py
[2023-03-27 21:26:53,600] {logging_mixin.py:115} INFO - [2023-03-27 21:26:53,600] {dag.py:2379} INFO - Sync 1 DAGs
[2023-03-27 21:26:53,608] {logging_mixin.py:115} INFO - [2023-03-27 21:26:53,608] {dag.py:2927} INFO - Setting next_dagrun for example_weekday_branch_operator to 2023-03-27T00:00:00+00:00, run_after=2023-03-28T00:00:00+00:00
[2023-03-27 21:26:53,613] {processor.py:161} INFO - Processing /Users/gabrielroger/Documents/projects/weather-data/.venv/lib/python3.9/site-packages/airflow/example_dags/example_branch_day_of_week_operator.py took 0.050 seconds
[2023-03-27 21:27:59,228] {processor.py:153} INFO - Started process (PID=7922) to work on /Users/gabrielroger/Documents/projects/weather-data/.venv/lib/python3.9/site-packages/airflow/example_dags/example_branch_day_of_week_operator.py
[2023-03-27 21:27:59,228] {processor.py:641} INFO - Processing file /Users/gabrielroger/Documents/projects/weather-data/.venv/lib/python3.9/site-packages/airflow/example_dags/example_branch_day_of_week_operator.py for tasks to queue
[2023-03-27 21:27:59,228] {logging_mixin.py:115} INFO - [2023-03-27 21:27:59,228] {dagbag.py:507} INFO - Filling up the DagBag from /Users/gabrielroger/Documents/projects/weather-data/.venv/lib/python3.9/site-packages/airflow/example_dags/example_branch_day_of_week_operator.py
[2023-03-27 21:27:59,235] {processor.py:651} INFO - DAG(s) dict_keys(['example_weekday_branch_operator']) retrieved from /Users/gabrielroger/Documents/projects/weather-data/.venv/lib/python3.9/site-packages/airflow/example_dags/example_branch_day_of_week_operator.py
[2023-03-27 21:27:59,264] {logging_mixin.py:115} INFO - [2023-03-27 21:27:59,264] {dag.py:2379} INFO - Sync 1 DAGs
[2023-03-27 21:27:59,272] {logging_mixin.py:115} INFO - [2023-03-27 21:27:59,272] {dag.py:2927} INFO - Setting next_dagrun for example_weekday_branch_operator to 2023-03-27T00:00:00+00:00, run_after=2023-03-28T00:00:00+00:00
[2023-03-27 21:27:59,277] {processor.py:161} INFO - Processing /Users/gabrielroger/Documents/projects/weather-data/.venv/lib/python3.9/site-packages/airflow/example_dags/example_branch_day_of_week_operator.py took 0.050 seconds
[2023-03-27 21:29:03,404] {processor.py:153} INFO - Started process (PID=8042) to work on /Users/gabrielroger/Documents/projects/weather-data/.venv/lib/python3.9/site-packages/airflow/example_dags/example_branch_day_of_week_operator.py
[2023-03-27 21:29:03,404] {processor.py:641} INFO - Processing file /Users/gabrielroger/Documents/projects/weather-data/.venv/lib/python3.9/site-packages/airflow/example_dags/example_branch_day_of_week_operator.py for tasks to queue
[2023-03-27 21:29:03,404] {logging_mixin.py:115} INFO - [2023-03-27 21:29:03,404] {dagbag.py:507} INFO - Filling up the DagBag from /Users/gabrielroger/Documents/projects/weather-data/.venv/lib/python3.9/site-packages/airflow/example_dags/example_branch_day_of_week_operator.py
[2023-03-27 21:29:03,412] {processor.py:651} INFO - DAG(s) dict_keys(['example_weekday_branch_operator']) retrieved from /Users/gabrielroger/Documents/projects/weather-data/.venv/lib/python3.9/site-packages/airflow/example_dags/example_branch_day_of_week_operator.py
[2023-03-27 21:29:03,442] {logging_mixin.py:115} INFO - [2023-03-27 21:29:03,441] {dag.py:2379} INFO - Sync 1 DAGs
[2023-03-27 21:29:03,449] {logging_mixin.py:115} INFO - [2023-03-27 21:29:03,449] {dag.py:2927} INFO - Setting next_dagrun for example_weekday_branch_operator to 2023-03-27T00:00:00+00:00, run_after=2023-03-28T00:00:00+00:00
[2023-03-27 21:29:03,454] {processor.py:161} INFO - Processing /Users/gabrielroger/Documents/projects/weather-data/.venv/lib/python3.9/site-packages/airflow/example_dags/example_branch_day_of_week_operator.py took 0.051 seconds
[2023-03-27 21:30:07,478] {processor.py:153} INFO - Started process (PID=8187) to work on /Users/gabrielroger/Documents/projects/weather-data/.venv/lib/python3.9/site-packages/airflow/example_dags/example_branch_day_of_week_operator.py
[2023-03-27 21:30:07,479] {processor.py:641} INFO - Processing file /Users/gabrielroger/Documents/projects/weather-data/.venv/lib/python3.9/site-packages/airflow/example_dags/example_branch_day_of_week_operator.py for tasks to queue
[2023-03-27 21:30:07,479] {logging_mixin.py:115} INFO - [2023-03-27 21:30:07,479] {dagbag.py:507} INFO - Filling up the DagBag from /Users/gabrielroger/Documents/projects/weather-data/.venv/lib/python3.9/site-packages/airflow/example_dags/example_branch_day_of_week_operator.py
[2023-03-27 21:30:07,487] {processor.py:651} INFO - DAG(s) dict_keys(['example_weekday_branch_operator']) retrieved from /Users/gabrielroger/Documents/projects/weather-data/.venv/lib/python3.9/site-packages/airflow/example_dags/example_branch_day_of_week_operator.py
[2023-03-27 21:30:07,517] {logging_mixin.py:115} INFO - [2023-03-27 21:30:07,516] {dag.py:2379} INFO - Sync 1 DAGs
[2023-03-27 21:30:07,524] {logging_mixin.py:115} INFO - [2023-03-27 21:30:07,524] {dag.py:2927} INFO - Setting next_dagrun for example_weekday_branch_operator to 2023-03-27T00:00:00+00:00, run_after=2023-03-28T00:00:00+00:00
[2023-03-27 21:30:07,529] {processor.py:161} INFO - Processing /Users/gabrielroger/Documents/projects/weather-data/.venv/lib/python3.9/site-packages/airflow/example_dags/example_branch_day_of_week_operator.py took 0.052 seconds
[2023-03-27 21:31:10,553] {processor.py:153} INFO - Started process (PID=8292) to work on /Users/gabrielroger/Documents/projects/weather-data/.venv/lib/python3.9/site-packages/airflow/example_dags/example_branch_day_of_week_operator.py
[2023-03-27 21:31:10,553] {processor.py:641} INFO - Processing file /Users/gabrielroger/Documents/projects/weather-data/.venv/lib/python3.9/site-packages/airflow/example_dags/example_branch_day_of_week_operator.py for tasks to queue
[2023-03-27 21:31:10,553] {logging_mixin.py:115} INFO - [2023-03-27 21:31:10,553] {dagbag.py:507} INFO - Filling up the DagBag from /Users/gabrielroger/Documents/projects/weather-data/.venv/lib/python3.9/site-packages/airflow/example_dags/example_branch_day_of_week_operator.py
[2023-03-27 21:31:10,560] {processor.py:651} INFO - DAG(s) dict_keys(['example_weekday_branch_operator']) retrieved from /Users/gabrielroger/Documents/projects/weather-data/.venv/lib/python3.9/site-packages/airflow/example_dags/example_branch_day_of_week_operator.py
[2023-03-27 21:31:10,590] {logging_mixin.py:115} INFO - [2023-03-27 21:31:10,590] {dag.py:2379} INFO - Sync 1 DAGs
[2023-03-27 21:31:10,597] {logging_mixin.py:115} INFO - [2023-03-27 21:31:10,597] {dag.py:2927} INFO - Setting next_dagrun for example_weekday_branch_operator to 2023-03-27T00:00:00+00:00, run_after=2023-03-28T00:00:00+00:00
[2023-03-27 21:31:10,603] {processor.py:161} INFO - Processing /Users/gabrielroger/Documents/projects/weather-data/.venv/lib/python3.9/site-packages/airflow/example_dags/example_branch_day_of_week_operator.py took 0.051 seconds
[2023-03-27 21:32:16,935] {processor.py:153} INFO - Started process (PID=8401) to work on /Users/gabrielroger/Documents/projects/weather-data/.venv/lib/python3.9/site-packages/airflow/example_dags/example_branch_day_of_week_operator.py
[2023-03-27 21:32:16,935] {processor.py:641} INFO - Processing file /Users/gabrielroger/Documents/projects/weather-data/.venv/lib/python3.9/site-packages/airflow/example_dags/example_branch_day_of_week_operator.py for tasks to queue
[2023-03-27 21:32:16,936] {logging_mixin.py:115} INFO - [2023-03-27 21:32:16,936] {dagbag.py:507} INFO - Filling up the DagBag from /Users/gabrielroger/Documents/projects/weather-data/.venv/lib/python3.9/site-packages/airflow/example_dags/example_branch_day_of_week_operator.py
[2023-03-27 21:32:16,943] {processor.py:651} INFO - DAG(s) dict_keys(['example_weekday_branch_operator']) retrieved from /Users/gabrielroger/Documents/projects/weather-data/.venv/lib/python3.9/site-packages/airflow/example_dags/example_branch_day_of_week_operator.py
[2023-03-27 21:32:16,972] {logging_mixin.py:115} INFO - [2023-03-27 21:32:16,972] {dag.py:2379} INFO - Sync 1 DAGs
[2023-03-27 21:32:16,980] {logging_mixin.py:115} INFO - [2023-03-27 21:32:16,980] {dag.py:2927} INFO - Setting next_dagrun for example_weekday_branch_operator to 2023-03-27T00:00:00+00:00, run_after=2023-03-28T00:00:00+00:00
[2023-03-27 21:32:16,985] {processor.py:161} INFO - Processing /Users/gabrielroger/Documents/projects/weather-data/.venv/lib/python3.9/site-packages/airflow/example_dags/example_branch_day_of_week_operator.py took 0.050 seconds
[2023-03-27 21:33:24,230] {processor.py:153} INFO - Started process (PID=8512) to work on /Users/gabrielroger/Documents/projects/weather-data/.venv/lib/python3.9/site-packages/airflow/example_dags/example_branch_day_of_week_operator.py
[2023-03-27 21:33:24,230] {processor.py:641} INFO - Processing file /Users/gabrielroger/Documents/projects/weather-data/.venv/lib/python3.9/site-packages/airflow/example_dags/example_branch_day_of_week_operator.py for tasks to queue
[2023-03-27 21:33:24,231] {logging_mixin.py:115} INFO - [2023-03-27 21:33:24,231] {dagbag.py:507} INFO - Filling up the DagBag from /Users/gabrielroger/Documents/projects/weather-data/.venv/lib/python3.9/site-packages/airflow/example_dags/example_branch_day_of_week_operator.py
[2023-03-27 21:33:24,238] {processor.py:651} INFO - DAG(s) dict_keys(['example_weekday_branch_operator']) retrieved from /Users/gabrielroger/Documents/projects/weather-data/.venv/lib/python3.9/site-packages/airflow/example_dags/example_branch_day_of_week_operator.py
[2023-03-27 21:33:24,267] {logging_mixin.py:115} INFO - [2023-03-27 21:33:24,267] {dag.py:2379} INFO - Sync 1 DAGs
[2023-03-27 21:33:24,274] {logging_mixin.py:115} INFO - [2023-03-27 21:33:24,274] {dag.py:2927} INFO - Setting next_dagrun for example_weekday_branch_operator to 2023-03-27T00:00:00+00:00, run_after=2023-03-28T00:00:00+00:00
[2023-03-27 21:33:24,280] {processor.py:161} INFO - Processing /Users/gabrielroger/Documents/projects/weather-data/.venv/lib/python3.9/site-packages/airflow/example_dags/example_branch_day_of_week_operator.py took 0.050 seconds
[2023-03-27 21:34:30,491] {processor.py:153} INFO - Started process (PID=8639) to work on /Users/gabrielroger/Documents/projects/weather-data/.venv/lib/python3.9/site-packages/airflow/example_dags/example_branch_day_of_week_operator.py
[2023-03-27 21:34:30,491] {processor.py:641} INFO - Processing file /Users/gabrielroger/Documents/projects/weather-data/.venv/lib/python3.9/site-packages/airflow/example_dags/example_branch_day_of_week_operator.py for tasks to queue
[2023-03-27 21:34:30,491] {logging_mixin.py:115} INFO - [2023-03-27 21:34:30,491] {dagbag.py:507} INFO - Filling up the DagBag from /Users/gabrielroger/Documents/projects/weather-data/.venv/lib/python3.9/site-packages/airflow/example_dags/example_branch_day_of_week_operator.py
[2023-03-27 21:34:30,499] {processor.py:651} INFO - DAG(s) dict_keys(['example_weekday_branch_operator']) retrieved from /Users/gabrielroger/Documents/projects/weather-data/.venv/lib/python3.9/site-packages/airflow/example_dags/example_branch_day_of_week_operator.py
[2023-03-27 21:34:30,529] {logging_mixin.py:115} INFO - [2023-03-27 21:34:30,529] {dag.py:2379} INFO - Sync 1 DAGs
[2023-03-27 21:34:30,536] {logging_mixin.py:115} INFO - [2023-03-27 21:34:30,536] {dag.py:2927} INFO - Setting next_dagrun for example_weekday_branch_operator to 2023-03-27T00:00:00+00:00, run_after=2023-03-28T00:00:00+00:00
[2023-03-27 21:34:30,541] {processor.py:161} INFO - Processing /Users/gabrielroger/Documents/projects/weather-data/.venv/lib/python3.9/site-packages/airflow/example_dags/example_branch_day_of_week_operator.py took 0.051 seconds
[2023-03-27 22:00:13,181] {processor.py:153} INFO - Started process (PID=8786) to work on /Users/gabrielroger/Documents/projects/weather-data/.venv/lib/python3.9/site-packages/airflow/example_dags/example_branch_day_of_week_operator.py
[2023-03-27 22:00:13,181] {processor.py:641} INFO - Processing file /Users/gabrielroger/Documents/projects/weather-data/.venv/lib/python3.9/site-packages/airflow/example_dags/example_branch_day_of_week_operator.py for tasks to queue
[2023-03-27 22:00:13,181] {logging_mixin.py:115} INFO - [2023-03-27 22:00:13,181] {dagbag.py:507} INFO - Filling up the DagBag from /Users/gabrielroger/Documents/projects/weather-data/.venv/lib/python3.9/site-packages/airflow/example_dags/example_branch_day_of_week_operator.py
[2023-03-27 22:00:13,189] {processor.py:651} INFO - DAG(s) dict_keys(['example_weekday_branch_operator']) retrieved from /Users/gabrielroger/Documents/projects/weather-data/.venv/lib/python3.9/site-packages/airflow/example_dags/example_branch_day_of_week_operator.py
[2023-03-27 22:00:13,220] {logging_mixin.py:115} INFO - [2023-03-27 22:00:13,220] {dag.py:2379} INFO - Sync 1 DAGs
[2023-03-27 22:00:13,228] {logging_mixin.py:115} INFO - [2023-03-27 22:00:13,228] {dag.py:2927} INFO - Setting next_dagrun for example_weekday_branch_operator to 2023-03-27T00:00:00+00:00, run_after=2023-03-28T00:00:00+00:00
[2023-03-27 22:00:13,233] {processor.py:161} INFO - Processing /Users/gabrielroger/Documents/projects/weather-data/.venv/lib/python3.9/site-packages/airflow/example_dags/example_branch_day_of_week_operator.py took 0.053 seconds
[2023-03-27 23:11:54,860] {processor.py:153} INFO - Started process (PID=8953) to work on /Users/gabrielroger/Documents/projects/weather-data/.venv/lib/python3.9/site-packages/airflow/example_dags/example_branch_day_of_week_operator.py
[2023-03-27 23:11:54,861] {processor.py:641} INFO - Processing file /Users/gabrielroger/Documents/projects/weather-data/.venv/lib/python3.9/site-packages/airflow/example_dags/example_branch_day_of_week_operator.py for tasks to queue
[2023-03-27 23:11:54,861] {logging_mixin.py:115} INFO - [2023-03-27 23:11:54,861] {dagbag.py:507} INFO - Filling up the DagBag from /Users/gabrielroger/Documents/projects/weather-data/.venv/lib/python3.9/site-packages/airflow/example_dags/example_branch_day_of_week_operator.py
[2023-03-27 23:11:54,870] {processor.py:651} INFO - DAG(s) dict_keys(['example_weekday_branch_operator']) retrieved from /Users/gabrielroger/Documents/projects/weather-data/.venv/lib/python3.9/site-packages/airflow/example_dags/example_branch_day_of_week_operator.py
[2023-03-27 23:11:54,900] {logging_mixin.py:115} INFO - [2023-03-27 23:11:54,900] {dag.py:2379} INFO - Sync 1 DAGs
[2023-03-27 23:11:54,908] {logging_mixin.py:115} INFO - [2023-03-27 23:11:54,908] {dag.py:2927} INFO - Setting next_dagrun for example_weekday_branch_operator to 2023-03-27T00:00:00+00:00, run_after=2023-03-28T00:00:00+00:00
[2023-03-27 23:11:54,914] {processor.py:161} INFO - Processing /Users/gabrielroger/Documents/projects/weather-data/.venv/lib/python3.9/site-packages/airflow/example_dags/example_branch_day_of_week_operator.py took 0.054 seconds
