[2023-03-27 21:10:18,955] {processor.py:153} INFO - Started process (PID=6111) to work on /Users/gabrielroger/Documents/projects/weather-data/.venv/lib/python3.9/site-packages/airflow/example_dags/example_branch_operator.py
[2023-03-27 21:10:18,955] {processor.py:641} INFO - Processing file /Users/gabrielroger/Documents/projects/weather-data/.venv/lib/python3.9/site-packages/airflow/example_dags/example_branch_operator.py for tasks to queue
[2023-03-27 21:10:18,955] {logging_mixin.py:115} INFO - [2023-03-27 21:10:18,955] {dagbag.py:507} INFO - Filling up the DagBag from /Users/gabrielroger/Documents/projects/weather-data/.venv/lib/python3.9/site-packages/airflow/example_dags/example_branch_operator.py
[2023-03-27 21:10:18,971] {processor.py:651} INFO - DAG(s) dict_keys(['example_branch_operator']) retrieved from /Users/gabrielroger/Documents/projects/weather-data/.venv/lib/python3.9/site-packages/airflow/example_dags/example_branch_operator.py
[2023-03-27 21:10:19,001] {logging_mixin.py:115} INFO - [2023-03-27 21:10:19,001] {dag.py:2379} INFO - Sync 1 DAGs
[2023-03-27 21:10:19,009] {logging_mixin.py:115} INFO - [2023-03-27 21:10:19,009] {dag.py:2927} INFO - Setting next_dagrun for example_branch_operator to 2023-03-27T00:00:00+00:00, run_after=2023-03-28T00:00:00+00:00
[2023-03-27 21:10:19,014] {processor.py:161} INFO - Processing /Users/gabrielroger/Documents/projects/weather-data/.venv/lib/python3.9/site-packages/airflow/example_dags/example_branch_operator.py took 0.060 seconds
[2023-03-27 21:11:25,355] {processor.py:153} INFO - Started process (PID=6226) to work on /Users/gabrielroger/Documents/projects/weather-data/.venv/lib/python3.9/site-packages/airflow/example_dags/example_branch_operator.py
[2023-03-27 21:11:25,356] {processor.py:641} INFO - Processing file /Users/gabrielroger/Documents/projects/weather-data/.venv/lib/python3.9/site-packages/airflow/example_dags/example_branch_operator.py for tasks to queue
[2023-03-27 21:11:25,356] {logging_mixin.py:115} INFO - [2023-03-27 21:11:25,356] {dagbag.py:507} INFO - Filling up the DagBag from /Users/gabrielroger/Documents/projects/weather-data/.venv/lib/python3.9/site-packages/airflow/example_dags/example_branch_operator.py
[2023-03-27 21:11:25,371] {processor.py:651} INFO - DAG(s) dict_keys(['example_branch_operator']) retrieved from /Users/gabrielroger/Documents/projects/weather-data/.venv/lib/python3.9/site-packages/airflow/example_dags/example_branch_operator.py
[2023-03-27 21:11:25,401] {logging_mixin.py:115} INFO - [2023-03-27 21:11:25,401] {dag.py:2379} INFO - Sync 1 DAGs
[2023-03-27 21:11:25,409] {logging_mixin.py:115} INFO - [2023-03-27 21:11:25,409] {dag.py:2927} INFO - Setting next_dagrun for example_branch_operator to 2023-03-27T00:00:00+00:00, run_after=2023-03-28T00:00:00+00:00
[2023-03-27 21:11:25,414] {processor.py:161} INFO - Processing /Users/gabrielroger/Documents/projects/weather-data/.venv/lib/python3.9/site-packages/airflow/example_dags/example_branch_operator.py took 0.059 seconds
[2023-03-27 21:12:36,140] {processor.py:153} INFO - Started process (PID=6340) to work on /Users/gabrielroger/Documents/projects/weather-data/.venv/lib/python3.9/site-packages/airflow/example_dags/example_branch_operator.py
[2023-03-27 21:12:36,141] {processor.py:641} INFO - Processing file /Users/gabrielroger/Documents/projects/weather-data/.venv/lib/python3.9/site-packages/airflow/example_dags/example_branch_operator.py for tasks to queue
[2023-03-27 21:12:36,141] {logging_mixin.py:115} INFO - [2023-03-27 21:12:36,141] {dagbag.py:507} INFO - Filling up the DagBag from /Users/gabrielroger/Documents/projects/weather-data/.venv/lib/python3.9/site-packages/airflow/example_dags/example_branch_operator.py
[2023-03-27 21:12:36,156] {processor.py:651} INFO - DAG(s) dict_keys(['example_branch_operator']) retrieved from /Users/gabrielroger/Documents/projects/weather-data/.venv/lib/python3.9/site-packages/airflow/example_dags/example_branch_operator.py
[2023-03-27 21:12:36,186] {logging_mixin.py:115} INFO - [2023-03-27 21:12:36,186] {dag.py:2379} INFO - Sync 1 DAGs
[2023-03-27 21:12:36,194] {logging_mixin.py:115} INFO - [2023-03-27 21:12:36,194] {dag.py:2927} INFO - Setting next_dagrun for example_branch_operator to 2023-03-27T00:00:00+00:00, run_after=2023-03-28T00:00:00+00:00
[2023-03-27 21:12:36,199] {processor.py:161} INFO - Processing /Users/gabrielroger/Documents/projects/weather-data/.venv/lib/python3.9/site-packages/airflow/example_dags/example_branch_operator.py took 0.060 seconds
[2023-03-27 21:13:44,531] {processor.py:153} INFO - Started process (PID=6456) to work on /Users/gabrielroger/Documents/projects/weather-data/.venv/lib/python3.9/site-packages/airflow/example_dags/example_branch_operator.py
[2023-03-27 21:13:44,531] {processor.py:641} INFO - Processing file /Users/gabrielroger/Documents/projects/weather-data/.venv/lib/python3.9/site-packages/airflow/example_dags/example_branch_operator.py for tasks to queue
[2023-03-27 21:13:44,531] {logging_mixin.py:115} INFO - [2023-03-27 21:13:44,531] {dagbag.py:507} INFO - Filling up the DagBag from /Users/gabrielroger/Documents/projects/weather-data/.venv/lib/python3.9/site-packages/airflow/example_dags/example_branch_operator.py
[2023-03-27 21:13:44,546] {processor.py:651} INFO - DAG(s) dict_keys(['example_branch_operator']) retrieved from /Users/gabrielroger/Documents/projects/weather-data/.venv/lib/python3.9/site-packages/airflow/example_dags/example_branch_operator.py
[2023-03-27 21:13:44,577] {logging_mixin.py:115} INFO - [2023-03-27 21:13:44,577] {dag.py:2379} INFO - Sync 1 DAGs
[2023-03-27 21:13:44,585] {logging_mixin.py:115} INFO - [2023-03-27 21:13:44,585] {dag.py:2927} INFO - Setting next_dagrun for example_branch_operator to 2023-03-27T00:00:00+00:00, run_after=2023-03-28T00:00:00+00:00
[2023-03-27 21:13:44,591] {processor.py:161} INFO - Processing /Users/gabrielroger/Documents/projects/weather-data/.venv/lib/python3.9/site-packages/airflow/example_dags/example_branch_operator.py took 0.061 seconds
[2023-03-27 21:14:43,147] {processor.py:153} INFO - Started process (PID=6555) to work on /Users/gabrielroger/Documents/projects/weather-data/.venv/lib/python3.9/site-packages/airflow/example_dags/example_branch_operator.py
[2023-03-27 21:14:43,148] {processor.py:641} INFO - Processing file /Users/gabrielroger/Documents/projects/weather-data/.venv/lib/python3.9/site-packages/airflow/example_dags/example_branch_operator.py for tasks to queue
[2023-03-27 21:14:43,148] {logging_mixin.py:115} INFO - [2023-03-27 21:14:43,148] {dagbag.py:507} INFO - Filling up the DagBag from /Users/gabrielroger/Documents/projects/weather-data/.venv/lib/python3.9/site-packages/airflow/example_dags/example_branch_operator.py
[2023-03-27 21:14:43,163] {processor.py:651} INFO - DAG(s) dict_keys(['example_branch_operator']) retrieved from /Users/gabrielroger/Documents/projects/weather-data/.venv/lib/python3.9/site-packages/airflow/example_dags/example_branch_operator.py
[2023-03-27 21:14:43,194] {logging_mixin.py:115} INFO - [2023-03-27 21:14:43,193] {dag.py:2379} INFO - Sync 1 DAGs
[2023-03-27 21:14:43,202] {logging_mixin.py:115} INFO - [2023-03-27 21:14:43,202] {dag.py:2927} INFO - Setting next_dagrun for example_branch_operator to 2023-03-27T00:00:00+00:00, run_after=2023-03-28T00:00:00+00:00
[2023-03-27 21:14:43,207] {processor.py:161} INFO - Processing /Users/gabrielroger/Documents/projects/weather-data/.venv/lib/python3.9/site-packages/airflow/example_dags/example_branch_operator.py took 0.060 seconds
[2023-03-27 21:15:49,036] {processor.py:153} INFO - Started process (PID=6664) to work on /Users/gabrielroger/Documents/projects/weather-data/.venv/lib/python3.9/site-packages/airflow/example_dags/example_branch_operator.py
[2023-03-27 21:15:49,037] {processor.py:641} INFO - Processing file /Users/gabrielroger/Documents/projects/weather-data/.venv/lib/python3.9/site-packages/airflow/example_dags/example_branch_operator.py for tasks to queue
[2023-03-27 21:15:49,037] {logging_mixin.py:115} INFO - [2023-03-27 21:15:49,037] {dagbag.py:507} INFO - Filling up the DagBag from /Users/gabrielroger/Documents/projects/weather-data/.venv/lib/python3.9/site-packages/airflow/example_dags/example_branch_operator.py
[2023-03-27 21:15:49,051] {processor.py:651} INFO - DAG(s) dict_keys(['example_branch_operator']) retrieved from /Users/gabrielroger/Documents/projects/weather-data/.venv/lib/python3.9/site-packages/airflow/example_dags/example_branch_operator.py
[2023-03-27 21:15:49,081] {logging_mixin.py:115} INFO - [2023-03-27 21:15:49,081] {dag.py:2379} INFO - Sync 1 DAGs
[2023-03-27 21:15:49,089] {logging_mixin.py:115} INFO - [2023-03-27 21:15:49,089] {dag.py:2927} INFO - Setting next_dagrun for example_branch_operator to 2023-03-27T00:00:00+00:00, run_after=2023-03-28T00:00:00+00:00
[2023-03-27 21:15:49,094] {processor.py:161} INFO - Processing /Users/gabrielroger/Documents/projects/weather-data/.venv/lib/python3.9/site-packages/airflow/example_dags/example_branch_operator.py took 0.059 seconds
[2023-03-27 21:16:56,320] {processor.py:153} INFO - Started process (PID=6774) to work on /Users/gabrielroger/Documents/projects/weather-data/.venv/lib/python3.9/site-packages/airflow/example_dags/example_branch_operator.py
[2023-03-27 21:16:56,321] {processor.py:641} INFO - Processing file /Users/gabrielroger/Documents/projects/weather-data/.venv/lib/python3.9/site-packages/airflow/example_dags/example_branch_operator.py for tasks to queue
[2023-03-27 21:16:56,321] {logging_mixin.py:115} INFO - [2023-03-27 21:16:56,321] {dagbag.py:507} INFO - Filling up the DagBag from /Users/gabrielroger/Documents/projects/weather-data/.venv/lib/python3.9/site-packages/airflow/example_dags/example_branch_operator.py
[2023-03-27 21:16:56,335] {processor.py:651} INFO - DAG(s) dict_keys(['example_branch_operator']) retrieved from /Users/gabrielroger/Documents/projects/weather-data/.venv/lib/python3.9/site-packages/airflow/example_dags/example_branch_operator.py
[2023-03-27 21:16:56,366] {logging_mixin.py:115} INFO - [2023-03-27 21:16:56,366] {dag.py:2379} INFO - Sync 1 DAGs
[2023-03-27 21:16:56,374] {logging_mixin.py:115} INFO - [2023-03-27 21:16:56,374] {dag.py:2927} INFO - Setting next_dagrun for example_branch_operator to 2023-03-27T00:00:00+00:00, run_after=2023-03-28T00:00:00+00:00
[2023-03-27 21:16:56,379] {processor.py:161} INFO - Processing /Users/gabrielroger/Documents/projects/weather-data/.venv/lib/python3.9/site-packages/airflow/example_dags/example_branch_operator.py took 0.059 seconds
[2023-03-27 21:17:58,501] {processor.py:153} INFO - Started process (PID=6879) to work on /Users/gabrielroger/Documents/projects/weather-data/.venv/lib/python3.9/site-packages/airflow/example_dags/example_branch_operator.py
[2023-03-27 21:17:58,501] {processor.py:641} INFO - Processing file /Users/gabrielroger/Documents/projects/weather-data/.venv/lib/python3.9/site-packages/airflow/example_dags/example_branch_operator.py for tasks to queue
[2023-03-27 21:17:58,501] {logging_mixin.py:115} INFO - [2023-03-27 21:17:58,501] {dagbag.py:507} INFO - Filling up the DagBag from /Users/gabrielroger/Documents/projects/weather-data/.venv/lib/python3.9/site-packages/airflow/example_dags/example_branch_operator.py
[2023-03-27 21:17:58,515] {processor.py:651} INFO - DAG(s) dict_keys(['example_branch_operator']) retrieved from /Users/gabrielroger/Documents/projects/weather-data/.venv/lib/python3.9/site-packages/airflow/example_dags/example_branch_operator.py
[2023-03-27 21:17:58,545] {logging_mixin.py:115} INFO - [2023-03-27 21:17:58,545] {dag.py:2379} INFO - Sync 1 DAGs
[2023-03-27 21:17:58,554] {logging_mixin.py:115} INFO - [2023-03-27 21:17:58,554] {dag.py:2927} INFO - Setting next_dagrun for example_branch_operator to 2023-03-27T00:00:00+00:00, run_after=2023-03-28T00:00:00+00:00
[2023-03-27 21:17:58,558] {processor.py:161} INFO - Processing /Users/gabrielroger/Documents/projects/weather-data/.venv/lib/python3.9/site-packages/airflow/example_dags/example_branch_operator.py took 0.058 seconds
[2023-03-27 21:19:04,241] {processor.py:153} INFO - Started process (PID=6992) to work on /Users/gabrielroger/Documents/projects/weather-data/.venv/lib/python3.9/site-packages/airflow/example_dags/example_branch_operator.py
[2023-03-27 21:19:04,242] {processor.py:641} INFO - Processing file /Users/gabrielroger/Documents/projects/weather-data/.venv/lib/python3.9/site-packages/airflow/example_dags/example_branch_operator.py for tasks to queue
[2023-03-27 21:19:04,242] {logging_mixin.py:115} INFO - [2023-03-27 21:19:04,242] {dagbag.py:507} INFO - Filling up the DagBag from /Users/gabrielroger/Documents/projects/weather-data/.venv/lib/python3.9/site-packages/airflow/example_dags/example_branch_operator.py
[2023-03-27 21:19:04,257] {processor.py:651} INFO - DAG(s) dict_keys(['example_branch_operator']) retrieved from /Users/gabrielroger/Documents/projects/weather-data/.venv/lib/python3.9/site-packages/airflow/example_dags/example_branch_operator.py
[2023-03-27 21:19:04,287] {logging_mixin.py:115} INFO - [2023-03-27 21:19:04,287] {dag.py:2379} INFO - Sync 1 DAGs
[2023-03-27 21:19:04,295] {logging_mixin.py:115} INFO - [2023-03-27 21:19:04,295] {dag.py:2927} INFO - Setting next_dagrun for example_branch_operator to 2023-03-27T00:00:00+00:00, run_after=2023-03-28T00:00:00+00:00
[2023-03-27 21:19:04,300] {processor.py:161} INFO - Processing /Users/gabrielroger/Documents/projects/weather-data/.venv/lib/python3.9/site-packages/airflow/example_dags/example_branch_operator.py took 0.059 seconds
[2023-03-27 21:20:10,181] {processor.py:153} INFO - Started process (PID=7102) to work on /Users/gabrielroger/Documents/projects/weather-data/.venv/lib/python3.9/site-packages/airflow/example_dags/example_branch_operator.py
[2023-03-27 21:20:10,181] {processor.py:641} INFO - Processing file /Users/gabrielroger/Documents/projects/weather-data/.venv/lib/python3.9/site-packages/airflow/example_dags/example_branch_operator.py for tasks to queue
[2023-03-27 21:20:10,181] {logging_mixin.py:115} INFO - [2023-03-27 21:20:10,181] {dagbag.py:507} INFO - Filling up the DagBag from /Users/gabrielroger/Documents/projects/weather-data/.venv/lib/python3.9/site-packages/airflow/example_dags/example_branch_operator.py
[2023-03-27 21:20:10,196] {processor.py:651} INFO - DAG(s) dict_keys(['example_branch_operator']) retrieved from /Users/gabrielroger/Documents/projects/weather-data/.venv/lib/python3.9/site-packages/airflow/example_dags/example_branch_operator.py
[2023-03-27 21:20:10,226] {logging_mixin.py:115} INFO - [2023-03-27 21:20:10,226] {dag.py:2379} INFO - Sync 1 DAGs
[2023-03-27 21:20:10,234] {logging_mixin.py:115} INFO - [2023-03-27 21:20:10,234] {dag.py:2927} INFO - Setting next_dagrun for example_branch_operator to 2023-03-27T00:00:00+00:00, run_after=2023-03-28T00:00:00+00:00
[2023-03-27 21:20:10,239] {processor.py:161} INFO - Processing /Users/gabrielroger/Documents/projects/weather-data/.venv/lib/python3.9/site-packages/airflow/example_dags/example_branch_operator.py took 0.058 seconds
[2023-03-27 21:21:17,747] {processor.py:153} INFO - Started process (PID=7212) to work on /Users/gabrielroger/Documents/projects/weather-data/.venv/lib/python3.9/site-packages/airflow/example_dags/example_branch_operator.py
[2023-03-27 21:21:17,747] {processor.py:641} INFO - Processing file /Users/gabrielroger/Documents/projects/weather-data/.venv/lib/python3.9/site-packages/airflow/example_dags/example_branch_operator.py for tasks to queue
[2023-03-27 21:21:17,747] {logging_mixin.py:115} INFO - [2023-03-27 21:21:17,747] {dagbag.py:507} INFO - Filling up the DagBag from /Users/gabrielroger/Documents/projects/weather-data/.venv/lib/python3.9/site-packages/airflow/example_dags/example_branch_operator.py
[2023-03-27 21:21:17,761] {processor.py:651} INFO - DAG(s) dict_keys(['example_branch_operator']) retrieved from /Users/gabrielroger/Documents/projects/weather-data/.venv/lib/python3.9/site-packages/airflow/example_dags/example_branch_operator.py
[2023-03-27 21:21:17,791] {logging_mixin.py:115} INFO - [2023-03-27 21:21:17,791] {dag.py:2379} INFO - Sync 1 DAGs
[2023-03-27 21:21:17,799] {logging_mixin.py:115} INFO - [2023-03-27 21:21:17,799] {dag.py:2927} INFO - Setting next_dagrun for example_branch_operator to 2023-03-27T00:00:00+00:00, run_after=2023-03-28T00:00:00+00:00
[2023-03-27 21:21:17,804] {processor.py:161} INFO - Processing /Users/gabrielroger/Documents/projects/weather-data/.venv/lib/python3.9/site-packages/airflow/example_dags/example_branch_operator.py took 0.057 seconds
[2023-03-27 21:22:26,795] {processor.py:153} INFO - Started process (PID=7325) to work on /Users/gabrielroger/Documents/projects/weather-data/.venv/lib/python3.9/site-packages/airflow/example_dags/example_branch_operator.py
[2023-03-27 21:22:26,795] {processor.py:641} INFO - Processing file /Users/gabrielroger/Documents/projects/weather-data/.venv/lib/python3.9/site-packages/airflow/example_dags/example_branch_operator.py for tasks to queue
[2023-03-27 21:22:26,795] {logging_mixin.py:115} INFO - [2023-03-27 21:22:26,795] {dagbag.py:507} INFO - Filling up the DagBag from /Users/gabrielroger/Documents/projects/weather-data/.venv/lib/python3.9/site-packages/airflow/example_dags/example_branch_operator.py
[2023-03-27 21:22:26,809] {processor.py:651} INFO - DAG(s) dict_keys(['example_branch_operator']) retrieved from /Users/gabrielroger/Documents/projects/weather-data/.venv/lib/python3.9/site-packages/airflow/example_dags/example_branch_operator.py
[2023-03-27 21:22:26,839] {logging_mixin.py:115} INFO - [2023-03-27 21:22:26,839] {dag.py:2379} INFO - Sync 1 DAGs
[2023-03-27 21:22:26,847] {logging_mixin.py:115} INFO - [2023-03-27 21:22:26,847] {dag.py:2927} INFO - Setting next_dagrun for example_branch_operator to 2023-03-27T00:00:00+00:00, run_after=2023-03-28T00:00:00+00:00
[2023-03-27 21:22:26,852] {processor.py:161} INFO - Processing /Users/gabrielroger/Documents/projects/weather-data/.venv/lib/python3.9/site-packages/airflow/example_dags/example_branch_operator.py took 0.058 seconds
[2023-03-27 21:23:31,378] {processor.py:153} INFO - Started process (PID=7433) to work on /Users/gabrielroger/Documents/projects/weather-data/.venv/lib/python3.9/site-packages/airflow/example_dags/example_branch_operator.py
[2023-03-27 21:23:31,378] {processor.py:641} INFO - Processing file /Users/gabrielroger/Documents/projects/weather-data/.venv/lib/python3.9/site-packages/airflow/example_dags/example_branch_operator.py for tasks to queue
[2023-03-27 21:23:31,378] {logging_mixin.py:115} INFO - [2023-03-27 21:23:31,378] {dagbag.py:507} INFO - Filling up the DagBag from /Users/gabrielroger/Documents/projects/weather-data/.venv/lib/python3.9/site-packages/airflow/example_dags/example_branch_operator.py
[2023-03-27 21:23:31,392] {processor.py:651} INFO - DAG(s) dict_keys(['example_branch_operator']) retrieved from /Users/gabrielroger/Documents/projects/weather-data/.venv/lib/python3.9/site-packages/airflow/example_dags/example_branch_operator.py
[2023-03-27 21:23:31,422] {logging_mixin.py:115} INFO - [2023-03-27 21:23:31,422] {dag.py:2379} INFO - Sync 1 DAGs
[2023-03-27 21:23:31,430] {logging_mixin.py:115} INFO - [2023-03-27 21:23:31,430] {dag.py:2927} INFO - Setting next_dagrun for example_branch_operator to 2023-03-27T00:00:00+00:00, run_after=2023-03-28T00:00:00+00:00
[2023-03-27 21:23:31,436] {processor.py:161} INFO - Processing /Users/gabrielroger/Documents/projects/weather-data/.venv/lib/python3.9/site-packages/airflow/example_dags/example_branch_operator.py took 0.058 seconds
[2023-03-27 21:24:38,263] {processor.py:153} INFO - Started process (PID=7572) to work on /Users/gabrielroger/Documents/projects/weather-data/.venv/lib/python3.9/site-packages/airflow/example_dags/example_branch_operator.py
[2023-03-27 21:24:38,263] {processor.py:641} INFO - Processing file /Users/gabrielroger/Documents/projects/weather-data/.venv/lib/python3.9/site-packages/airflow/example_dags/example_branch_operator.py for tasks to queue
[2023-03-27 21:24:38,263] {logging_mixin.py:115} INFO - [2023-03-27 21:24:38,263] {dagbag.py:507} INFO - Filling up the DagBag from /Users/gabrielroger/Documents/projects/weather-data/.venv/lib/python3.9/site-packages/airflow/example_dags/example_branch_operator.py
[2023-03-27 21:24:38,278] {processor.py:651} INFO - DAG(s) dict_keys(['example_branch_operator']) retrieved from /Users/gabrielroger/Documents/projects/weather-data/.venv/lib/python3.9/site-packages/airflow/example_dags/example_branch_operator.py
[2023-03-27 21:24:38,309] {logging_mixin.py:115} INFO - [2023-03-27 21:24:38,309] {dag.py:2379} INFO - Sync 1 DAGs
[2023-03-27 21:24:38,318] {logging_mixin.py:115} INFO - [2023-03-27 21:24:38,318] {dag.py:2927} INFO - Setting next_dagrun for example_branch_operator to 2023-03-27T00:00:00+00:00, run_after=2023-03-28T00:00:00+00:00
[2023-03-27 21:24:38,323] {processor.py:161} INFO - Processing /Users/gabrielroger/Documents/projects/weather-data/.venv/lib/python3.9/site-packages/airflow/example_dags/example_branch_operator.py took 0.060 seconds
[2023-03-27 21:25:42,964] {processor.py:153} INFO - Started process (PID=7698) to work on /Users/gabrielroger/Documents/projects/weather-data/.venv/lib/python3.9/site-packages/airflow/example_dags/example_branch_operator.py
[2023-03-27 21:25:42,964] {processor.py:641} INFO - Processing file /Users/gabrielroger/Documents/projects/weather-data/.venv/lib/python3.9/site-packages/airflow/example_dags/example_branch_operator.py for tasks to queue
[2023-03-27 21:25:42,964] {logging_mixin.py:115} INFO - [2023-03-27 21:25:42,964] {dagbag.py:507} INFO - Filling up the DagBag from /Users/gabrielroger/Documents/projects/weather-data/.venv/lib/python3.9/site-packages/airflow/example_dags/example_branch_operator.py
[2023-03-27 21:25:42,979] {processor.py:651} INFO - DAG(s) dict_keys(['example_branch_operator']) retrieved from /Users/gabrielroger/Documents/projects/weather-data/.venv/lib/python3.9/site-packages/airflow/example_dags/example_branch_operator.py
[2023-03-27 21:25:43,009] {logging_mixin.py:115} INFO - [2023-03-27 21:25:43,009] {dag.py:2379} INFO - Sync 1 DAGs
[2023-03-27 21:25:43,017] {logging_mixin.py:115} INFO - [2023-03-27 21:25:43,017] {dag.py:2927} INFO - Setting next_dagrun for example_branch_operator to 2023-03-27T00:00:00+00:00, run_after=2023-03-28T00:00:00+00:00
[2023-03-27 21:25:43,022] {processor.py:161} INFO - Processing /Users/gabrielroger/Documents/projects/weather-data/.venv/lib/python3.9/site-packages/airflow/example_dags/example_branch_operator.py took 0.059 seconds
[2023-03-27 21:26:51,039] {processor.py:153} INFO - Started process (PID=7810) to work on /Users/gabrielroger/Documents/projects/weather-data/.venv/lib/python3.9/site-packages/airflow/example_dags/example_branch_operator.py
[2023-03-27 21:26:51,039] {processor.py:641} INFO - Processing file /Users/gabrielroger/Documents/projects/weather-data/.venv/lib/python3.9/site-packages/airflow/example_dags/example_branch_operator.py for tasks to queue
[2023-03-27 21:26:51,039] {logging_mixin.py:115} INFO - [2023-03-27 21:26:51,039] {dagbag.py:507} INFO - Filling up the DagBag from /Users/gabrielroger/Documents/projects/weather-data/.venv/lib/python3.9/site-packages/airflow/example_dags/example_branch_operator.py
[2023-03-27 21:26:51,053] {processor.py:651} INFO - DAG(s) dict_keys(['example_branch_operator']) retrieved from /Users/gabrielroger/Documents/projects/weather-data/.venv/lib/python3.9/site-packages/airflow/example_dags/example_branch_operator.py
[2023-03-27 21:26:51,083] {logging_mixin.py:115} INFO - [2023-03-27 21:26:51,083] {dag.py:2379} INFO - Sync 1 DAGs
[2023-03-27 21:26:51,091] {logging_mixin.py:115} INFO - [2023-03-27 21:26:51,091] {dag.py:2927} INFO - Setting next_dagrun for example_branch_operator to 2023-03-27T00:00:00+00:00, run_after=2023-03-28T00:00:00+00:00
[2023-03-27 21:26:51,096] {processor.py:161} INFO - Processing /Users/gabrielroger/Documents/projects/weather-data/.venv/lib/python3.9/site-packages/airflow/example_dags/example_branch_operator.py took 0.058 seconds
[2023-03-27 21:27:56,816] {processor.py:153} INFO - Started process (PID=7918) to work on /Users/gabrielroger/Documents/projects/weather-data/.venv/lib/python3.9/site-packages/airflow/example_dags/example_branch_operator.py
[2023-03-27 21:27:56,816] {processor.py:641} INFO - Processing file /Users/gabrielroger/Documents/projects/weather-data/.venv/lib/python3.9/site-packages/airflow/example_dags/example_branch_operator.py for tasks to queue
[2023-03-27 21:27:56,816] {logging_mixin.py:115} INFO - [2023-03-27 21:27:56,816] {dagbag.py:507} INFO - Filling up the DagBag from /Users/gabrielroger/Documents/projects/weather-data/.venv/lib/python3.9/site-packages/airflow/example_dags/example_branch_operator.py
[2023-03-27 21:27:56,830] {processor.py:651} INFO - DAG(s) dict_keys(['example_branch_operator']) retrieved from /Users/gabrielroger/Documents/projects/weather-data/.venv/lib/python3.9/site-packages/airflow/example_dags/example_branch_operator.py
[2023-03-27 21:27:56,860] {logging_mixin.py:115} INFO - [2023-03-27 21:27:56,860] {dag.py:2379} INFO - Sync 1 DAGs
[2023-03-27 21:27:56,868] {logging_mixin.py:115} INFO - [2023-03-27 21:27:56,868] {dag.py:2927} INFO - Setting next_dagrun for example_branch_operator to 2023-03-27T00:00:00+00:00, run_after=2023-03-28T00:00:00+00:00
[2023-03-27 21:27:56,873] {processor.py:161} INFO - Processing /Users/gabrielroger/Documents/projects/weather-data/.venv/lib/python3.9/site-packages/airflow/example_dags/example_branch_operator.py took 0.058 seconds
[2023-03-27 21:29:00,264] {processor.py:153} INFO - Started process (PID=8037) to work on /Users/gabrielroger/Documents/projects/weather-data/.venv/lib/python3.9/site-packages/airflow/example_dags/example_branch_operator.py
[2023-03-27 21:29:00,264] {processor.py:641} INFO - Processing file /Users/gabrielroger/Documents/projects/weather-data/.venv/lib/python3.9/site-packages/airflow/example_dags/example_branch_operator.py for tasks to queue
[2023-03-27 21:29:00,264] {logging_mixin.py:115} INFO - [2023-03-27 21:29:00,264] {dagbag.py:507} INFO - Filling up the DagBag from /Users/gabrielroger/Documents/projects/weather-data/.venv/lib/python3.9/site-packages/airflow/example_dags/example_branch_operator.py
[2023-03-27 21:29:00,279] {processor.py:651} INFO - DAG(s) dict_keys(['example_branch_operator']) retrieved from /Users/gabrielroger/Documents/projects/weather-data/.venv/lib/python3.9/site-packages/airflow/example_dags/example_branch_operator.py
[2023-03-27 21:29:00,309] {logging_mixin.py:115} INFO - [2023-03-27 21:29:00,309] {dag.py:2379} INFO - Sync 1 DAGs
[2023-03-27 21:29:00,317] {logging_mixin.py:115} INFO - [2023-03-27 21:29:00,317] {dag.py:2927} INFO - Setting next_dagrun for example_branch_operator to 2023-03-27T00:00:00+00:00, run_after=2023-03-28T00:00:00+00:00
[2023-03-27 21:29:00,322] {processor.py:161} INFO - Processing /Users/gabrielroger/Documents/projects/weather-data/.venv/lib/python3.9/site-packages/airflow/example_dags/example_branch_operator.py took 0.059 seconds
[2023-03-27 21:30:05,093] {processor.py:153} INFO - Started process (PID=8181) to work on /Users/gabrielroger/Documents/projects/weather-data/.venv/lib/python3.9/site-packages/airflow/example_dags/example_branch_operator.py
[2023-03-27 21:30:05,094] {processor.py:641} INFO - Processing file /Users/gabrielroger/Documents/projects/weather-data/.venv/lib/python3.9/site-packages/airflow/example_dags/example_branch_operator.py for tasks to queue
[2023-03-27 21:30:05,094] {logging_mixin.py:115} INFO - [2023-03-27 21:30:05,094] {dagbag.py:507} INFO - Filling up the DagBag from /Users/gabrielroger/Documents/projects/weather-data/.venv/lib/python3.9/site-packages/airflow/example_dags/example_branch_operator.py
[2023-03-27 21:30:05,109] {processor.py:651} INFO - DAG(s) dict_keys(['example_branch_operator']) retrieved from /Users/gabrielroger/Documents/projects/weather-data/.venv/lib/python3.9/site-packages/airflow/example_dags/example_branch_operator.py
[2023-03-27 21:30:05,139] {logging_mixin.py:115} INFO - [2023-03-27 21:30:05,139] {dag.py:2379} INFO - Sync 1 DAGs
[2023-03-27 21:30:05,147] {logging_mixin.py:115} INFO - [2023-03-27 21:30:05,147] {dag.py:2927} INFO - Setting next_dagrun for example_branch_operator to 2023-03-27T00:00:00+00:00, run_after=2023-03-28T00:00:00+00:00
[2023-03-27 21:30:05,152] {processor.py:161} INFO - Processing /Users/gabrielroger/Documents/projects/weather-data/.venv/lib/python3.9/site-packages/airflow/example_dags/example_branch_operator.py took 0.060 seconds
[2023-03-27 21:31:08,404] {processor.py:153} INFO - Started process (PID=8288) to work on /Users/gabrielroger/Documents/projects/weather-data/.venv/lib/python3.9/site-packages/airflow/example_dags/example_branch_operator.py
[2023-03-27 21:31:08,404] {processor.py:641} INFO - Processing file /Users/gabrielroger/Documents/projects/weather-data/.venv/lib/python3.9/site-packages/airflow/example_dags/example_branch_operator.py for tasks to queue
[2023-03-27 21:31:08,404] {logging_mixin.py:115} INFO - [2023-03-27 21:31:08,404] {dagbag.py:507} INFO - Filling up the DagBag from /Users/gabrielroger/Documents/projects/weather-data/.venv/lib/python3.9/site-packages/airflow/example_dags/example_branch_operator.py
[2023-03-27 21:31:08,419] {processor.py:651} INFO - DAG(s) dict_keys(['example_branch_operator']) retrieved from /Users/gabrielroger/Documents/projects/weather-data/.venv/lib/python3.9/site-packages/airflow/example_dags/example_branch_operator.py
[2023-03-27 21:31:08,449] {logging_mixin.py:115} INFO - [2023-03-27 21:31:08,449] {dag.py:2379} INFO - Sync 1 DAGs
[2023-03-27 21:31:08,457] {logging_mixin.py:115} INFO - [2023-03-27 21:31:08,457] {dag.py:2927} INFO - Setting next_dagrun for example_branch_operator to 2023-03-27T00:00:00+00:00, run_after=2023-03-28T00:00:00+00:00
[2023-03-27 21:31:08,462] {processor.py:161} INFO - Processing /Users/gabrielroger/Documents/projects/weather-data/.venv/lib/python3.9/site-packages/airflow/example_dags/example_branch_operator.py took 0.058 seconds
[2023-03-27 21:32:13,782] {processor.py:153} INFO - Started process (PID=8396) to work on /Users/gabrielroger/Documents/projects/weather-data/.venv/lib/python3.9/site-packages/airflow/example_dags/example_branch_operator.py
[2023-03-27 21:32:13,782] {processor.py:641} INFO - Processing file /Users/gabrielroger/Documents/projects/weather-data/.venv/lib/python3.9/site-packages/airflow/example_dags/example_branch_operator.py for tasks to queue
[2023-03-27 21:32:13,782] {logging_mixin.py:115} INFO - [2023-03-27 21:32:13,782] {dagbag.py:507} INFO - Filling up the DagBag from /Users/gabrielroger/Documents/projects/weather-data/.venv/lib/python3.9/site-packages/airflow/example_dags/example_branch_operator.py
[2023-03-27 21:32:13,797] {processor.py:651} INFO - DAG(s) dict_keys(['example_branch_operator']) retrieved from /Users/gabrielroger/Documents/projects/weather-data/.venv/lib/python3.9/site-packages/airflow/example_dags/example_branch_operator.py
[2023-03-27 21:32:13,826] {logging_mixin.py:115} INFO - [2023-03-27 21:32:13,826] {dag.py:2379} INFO - Sync 1 DAGs
[2023-03-27 21:32:13,834] {logging_mixin.py:115} INFO - [2023-03-27 21:32:13,834] {dag.py:2927} INFO - Setting next_dagrun for example_branch_operator to 2023-03-27T00:00:00+00:00, run_after=2023-03-28T00:00:00+00:00
[2023-03-27 21:32:13,840] {processor.py:161} INFO - Processing /Users/gabrielroger/Documents/projects/weather-data/.venv/lib/python3.9/site-packages/airflow/example_dags/example_branch_operator.py took 0.058 seconds
[2023-03-27 21:33:21,197] {processor.py:153} INFO - Started process (PID=8507) to work on /Users/gabrielroger/Documents/projects/weather-data/.venv/lib/python3.9/site-packages/airflow/example_dags/example_branch_operator.py
[2023-03-27 21:33:21,197] {processor.py:641} INFO - Processing file /Users/gabrielroger/Documents/projects/weather-data/.venv/lib/python3.9/site-packages/airflow/example_dags/example_branch_operator.py for tasks to queue
[2023-03-27 21:33:21,197] {logging_mixin.py:115} INFO - [2023-03-27 21:33:21,197] {dagbag.py:507} INFO - Filling up the DagBag from /Users/gabrielroger/Documents/projects/weather-data/.venv/lib/python3.9/site-packages/airflow/example_dags/example_branch_operator.py
[2023-03-27 21:33:21,211] {processor.py:651} INFO - DAG(s) dict_keys(['example_branch_operator']) retrieved from /Users/gabrielroger/Documents/projects/weather-data/.venv/lib/python3.9/site-packages/airflow/example_dags/example_branch_operator.py
[2023-03-27 21:33:21,241] {logging_mixin.py:115} INFO - [2023-03-27 21:33:21,241] {dag.py:2379} INFO - Sync 1 DAGs
[2023-03-27 21:33:21,249] {logging_mixin.py:115} INFO - [2023-03-27 21:33:21,249] {dag.py:2927} INFO - Setting next_dagrun for example_branch_operator to 2023-03-27T00:00:00+00:00, run_after=2023-03-28T00:00:00+00:00
[2023-03-27 21:33:21,254] {processor.py:161} INFO - Processing /Users/gabrielroger/Documents/projects/weather-data/.venv/lib/python3.9/site-packages/airflow/example_dags/example_branch_operator.py took 0.058 seconds
[2023-03-27 21:34:28,066] {processor.py:153} INFO - Started process (PID=8634) to work on /Users/gabrielroger/Documents/projects/weather-data/.venv/lib/python3.9/site-packages/airflow/example_dags/example_branch_operator.py
[2023-03-27 21:34:28,067] {processor.py:641} INFO - Processing file /Users/gabrielroger/Documents/projects/weather-data/.venv/lib/python3.9/site-packages/airflow/example_dags/example_branch_operator.py for tasks to queue
[2023-03-27 21:34:28,067] {logging_mixin.py:115} INFO - [2023-03-27 21:34:28,067] {dagbag.py:507} INFO - Filling up the DagBag from /Users/gabrielroger/Documents/projects/weather-data/.venv/lib/python3.9/site-packages/airflow/example_dags/example_branch_operator.py
[2023-03-27 21:34:28,082] {processor.py:651} INFO - DAG(s) dict_keys(['example_branch_operator']) retrieved from /Users/gabrielroger/Documents/projects/weather-data/.venv/lib/python3.9/site-packages/airflow/example_dags/example_branch_operator.py
[2023-03-27 21:34:28,111] {logging_mixin.py:115} INFO - [2023-03-27 21:34:28,111] {dag.py:2379} INFO - Sync 1 DAGs
[2023-03-27 21:34:28,119] {logging_mixin.py:115} INFO - [2023-03-27 21:34:28,119] {dag.py:2927} INFO - Setting next_dagrun for example_branch_operator to 2023-03-27T00:00:00+00:00, run_after=2023-03-28T00:00:00+00:00
[2023-03-27 21:34:28,125] {processor.py:161} INFO - Processing /Users/gabrielroger/Documents/projects/weather-data/.venv/lib/python3.9/site-packages/airflow/example_dags/example_branch_operator.py took 0.058 seconds
[2023-03-27 22:00:10,366] {processor.py:153} INFO - Started process (PID=8778) to work on /Users/gabrielroger/Documents/projects/weather-data/.venv/lib/python3.9/site-packages/airflow/example_dags/example_branch_operator.py
[2023-03-27 22:00:10,367] {processor.py:641} INFO - Processing file /Users/gabrielroger/Documents/projects/weather-data/.venv/lib/python3.9/site-packages/airflow/example_dags/example_branch_operator.py for tasks to queue
[2023-03-27 22:00:10,368] {logging_mixin.py:115} INFO - [2023-03-27 22:00:10,367] {dagbag.py:507} INFO - Filling up the DagBag from /Users/gabrielroger/Documents/projects/weather-data/.venv/lib/python3.9/site-packages/airflow/example_dags/example_branch_operator.py
[2023-03-27 22:00:10,382] {processor.py:651} INFO - DAG(s) dict_keys(['example_branch_operator']) retrieved from /Users/gabrielroger/Documents/projects/weather-data/.venv/lib/python3.9/site-packages/airflow/example_dags/example_branch_operator.py
[2023-03-27 22:00:10,412] {logging_mixin.py:115} INFO - [2023-03-27 22:00:10,411] {dag.py:2379} INFO - Sync 1 DAGs
[2023-03-27 22:00:10,419] {logging_mixin.py:115} INFO - [2023-03-27 22:00:10,419] {dag.py:2927} INFO - Setting next_dagrun for example_branch_operator to 2023-03-27T00:00:00+00:00, run_after=2023-03-28T00:00:00+00:00
[2023-03-27 22:00:10,424] {processor.py:161} INFO - Processing /Users/gabrielroger/Documents/projects/weather-data/.venv/lib/python3.9/site-packages/airflow/example_dags/example_branch_operator.py took 0.058 seconds
[2023-03-27 23:11:52,690] {processor.py:153} INFO - Started process (PID=8948) to work on /Users/gabrielroger/Documents/projects/weather-data/.venv/lib/python3.9/site-packages/airflow/example_dags/example_branch_operator.py
[2023-03-27 23:11:52,691] {processor.py:641} INFO - Processing file /Users/gabrielroger/Documents/projects/weather-data/.venv/lib/python3.9/site-packages/airflow/example_dags/example_branch_operator.py for tasks to queue
[2023-03-27 23:11:52,691] {logging_mixin.py:115} INFO - [2023-03-27 23:11:52,691] {dagbag.py:507} INFO - Filling up the DagBag from /Users/gabrielroger/Documents/projects/weather-data/.venv/lib/python3.9/site-packages/airflow/example_dags/example_branch_operator.py
[2023-03-27 23:11:52,705] {processor.py:651} INFO - DAG(s) dict_keys(['example_branch_operator']) retrieved from /Users/gabrielroger/Documents/projects/weather-data/.venv/lib/python3.9/site-packages/airflow/example_dags/example_branch_operator.py
[2023-03-27 23:11:52,735] {logging_mixin.py:115} INFO - [2023-03-27 23:11:52,735] {dag.py:2379} INFO - Sync 1 DAGs
[2023-03-27 23:11:52,743] {logging_mixin.py:115} INFO - [2023-03-27 23:11:52,743] {dag.py:2927} INFO - Setting next_dagrun for example_branch_operator to 2023-03-27T00:00:00+00:00, run_after=2023-03-28T00:00:00+00:00
[2023-03-27 23:11:52,748] {processor.py:161} INFO - Processing /Users/gabrielroger/Documents/projects/weather-data/.venv/lib/python3.9/site-packages/airflow/example_dags/example_branch_operator.py took 0.058 seconds
