[2023-03-27 21:10:17,372] {processor.py:153} INFO - Started process (PID=6108) to work on /Users/gabrielroger/Documents/projects/weather-data/.venv/lib/python3.9/site-packages/airflow/example_dags/example_branch_operator_decorator.py
[2023-03-27 21:10:17,372] {processor.py:641} INFO - Processing file /Users/gabrielroger/Documents/projects/weather-data/.venv/lib/python3.9/site-packages/airflow/example_dags/example_branch_operator_decorator.py for tasks to queue
[2023-03-27 21:10:17,372] {logging_mixin.py:115} INFO - [2023-03-27 21:10:17,372] {dagbag.py:507} INFO - Filling up the DagBag from /Users/gabrielroger/Documents/projects/weather-data/.venv/lib/python3.9/site-packages/airflow/example_dags/example_branch_operator_decorator.py
[2023-03-27 21:10:17,393] {processor.py:651} INFO - DAG(s) dict_keys(['example_branch_python_operator_decorator']) retrieved from /Users/gabrielroger/Documents/projects/weather-data/.venv/lib/python3.9/site-packages/airflow/example_dags/example_branch_operator_decorator.py
[2023-03-27 21:10:17,424] {logging_mixin.py:115} INFO - [2023-03-27 21:10:17,424] {dag.py:2379} INFO - Sync 1 DAGs
[2023-03-27 21:10:17,432] {logging_mixin.py:115} INFO - [2023-03-27 21:10:17,432] {dag.py:2927} INFO - Setting next_dagrun for example_branch_python_operator_decorator to 2023-03-27T00:00:00+00:00, run_after=2023-03-28T00:00:00+00:00
[2023-03-27 21:10:17,437] {processor.py:161} INFO - Processing /Users/gabrielroger/Documents/projects/weather-data/.venv/lib/python3.9/site-packages/airflow/example_dags/example_branch_operator_decorator.py took 0.065 seconds
[2023-03-27 21:11:08,779] {processor.py:153} INFO - Started process (PID=6198) to work on /Users/gabrielroger/Documents/projects/weather-data/.venv/lib/python3.9/site-packages/airflow/example_dags/example_branch_operator_decorator.py
[2023-03-27 21:11:08,779] {processor.py:641} INFO - Processing file /Users/gabrielroger/Documents/projects/weather-data/.venv/lib/python3.9/site-packages/airflow/example_dags/example_branch_operator_decorator.py for tasks to queue
[2023-03-27 21:11:08,779] {logging_mixin.py:115} INFO - [2023-03-27 21:11:08,779] {dagbag.py:507} INFO - Filling up the DagBag from /Users/gabrielroger/Documents/projects/weather-data/.venv/lib/python3.9/site-packages/airflow/example_dags/example_branch_operator_decorator.py
[2023-03-27 21:11:08,799] {processor.py:651} INFO - DAG(s) dict_keys(['example_branch_python_operator_decorator']) retrieved from /Users/gabrielroger/Documents/projects/weather-data/.venv/lib/python3.9/site-packages/airflow/example_dags/example_branch_operator_decorator.py
[2023-03-27 21:11:08,831] {logging_mixin.py:115} INFO - [2023-03-27 21:11:08,831] {dag.py:2379} INFO - Sync 1 DAGs
[2023-03-27 21:11:08,839] {logging_mixin.py:115} INFO - [2023-03-27 21:11:08,839] {dag.py:2927} INFO - Setting next_dagrun for example_branch_python_operator_decorator to 2023-03-27T00:00:00+00:00, run_after=2023-03-28T00:00:00+00:00
[2023-03-27 21:11:08,844] {processor.py:161} INFO - Processing /Users/gabrielroger/Documents/projects/weather-data/.venv/lib/python3.9/site-packages/airflow/example_dags/example_branch_operator_decorator.py took 0.065 seconds
[2023-03-27 21:12:17,513] {processor.py:153} INFO - Started process (PID=6309) to work on /Users/gabrielroger/Documents/projects/weather-data/.venv/lib/python3.9/site-packages/airflow/example_dags/example_branch_operator_decorator.py
[2023-03-27 21:12:17,513] {processor.py:641} INFO - Processing file /Users/gabrielroger/Documents/projects/weather-data/.venv/lib/python3.9/site-packages/airflow/example_dags/example_branch_operator_decorator.py for tasks to queue
[2023-03-27 21:12:17,514] {logging_mixin.py:115} INFO - [2023-03-27 21:12:17,513] {dagbag.py:507} INFO - Filling up the DagBag from /Users/gabrielroger/Documents/projects/weather-data/.venv/lib/python3.9/site-packages/airflow/example_dags/example_branch_operator_decorator.py
[2023-03-27 21:12:17,532] {processor.py:651} INFO - DAG(s) dict_keys(['example_branch_python_operator_decorator']) retrieved from /Users/gabrielroger/Documents/projects/weather-data/.venv/lib/python3.9/site-packages/airflow/example_dags/example_branch_operator_decorator.py
[2023-03-27 21:12:17,564] {logging_mixin.py:115} INFO - [2023-03-27 21:12:17,564] {dag.py:2379} INFO - Sync 1 DAGs
[2023-03-27 21:12:17,571] {logging_mixin.py:115} INFO - [2023-03-27 21:12:17,571] {dag.py:2927} INFO - Setting next_dagrun for example_branch_python_operator_decorator to 2023-03-27T00:00:00+00:00, run_after=2023-03-28T00:00:00+00:00
[2023-03-27 21:12:17,576] {processor.py:161} INFO - Processing /Users/gabrielroger/Documents/projects/weather-data/.venv/lib/python3.9/site-packages/airflow/example_dags/example_branch_operator_decorator.py took 0.064 seconds
[2023-03-27 21:13:28,204] {processor.py:153} INFO - Started process (PID=6425) to work on /Users/gabrielroger/Documents/projects/weather-data/.venv/lib/python3.9/site-packages/airflow/example_dags/example_branch_operator_decorator.py
[2023-03-27 21:13:28,204] {processor.py:641} INFO - Processing file /Users/gabrielroger/Documents/projects/weather-data/.venv/lib/python3.9/site-packages/airflow/example_dags/example_branch_operator_decorator.py for tasks to queue
[2023-03-27 21:13:28,204] {logging_mixin.py:115} INFO - [2023-03-27 21:13:28,204] {dagbag.py:507} INFO - Filling up the DagBag from /Users/gabrielroger/Documents/projects/weather-data/.venv/lib/python3.9/site-packages/airflow/example_dags/example_branch_operator_decorator.py
[2023-03-27 21:13:28,223] {processor.py:651} INFO - DAG(s) dict_keys(['example_branch_python_operator_decorator']) retrieved from /Users/gabrielroger/Documents/projects/weather-data/.venv/lib/python3.9/site-packages/airflow/example_dags/example_branch_operator_decorator.py
[2023-03-27 21:13:28,254] {logging_mixin.py:115} INFO - [2023-03-27 21:13:28,254] {dag.py:2379} INFO - Sync 1 DAGs
[2023-03-27 21:13:28,261] {logging_mixin.py:115} INFO - [2023-03-27 21:13:28,261] {dag.py:2927} INFO - Setting next_dagrun for example_branch_python_operator_decorator to 2023-03-27T00:00:00+00:00, run_after=2023-03-28T00:00:00+00:00
[2023-03-27 21:13:28,267] {processor.py:161} INFO - Processing /Users/gabrielroger/Documents/projects/weather-data/.venv/lib/python3.9/site-packages/airflow/example_dags/example_branch_operator_decorator.py took 0.063 seconds
[2023-03-27 21:14:30,288] {processor.py:153} INFO - Started process (PID=6533) to work on /Users/gabrielroger/Documents/projects/weather-data/.venv/lib/python3.9/site-packages/airflow/example_dags/example_branch_operator_decorator.py
[2023-03-27 21:14:30,289] {processor.py:641} INFO - Processing file /Users/gabrielroger/Documents/projects/weather-data/.venv/lib/python3.9/site-packages/airflow/example_dags/example_branch_operator_decorator.py for tasks to queue
[2023-03-27 21:14:30,289] {logging_mixin.py:115} INFO - [2023-03-27 21:14:30,289] {dagbag.py:507} INFO - Filling up the DagBag from /Users/gabrielroger/Documents/projects/weather-data/.venv/lib/python3.9/site-packages/airflow/example_dags/example_branch_operator_decorator.py
[2023-03-27 21:14:30,309] {processor.py:651} INFO - DAG(s) dict_keys(['example_branch_python_operator_decorator']) retrieved from /Users/gabrielroger/Documents/projects/weather-data/.venv/lib/python3.9/site-packages/airflow/example_dags/example_branch_operator_decorator.py
[2023-03-27 21:14:30,341] {logging_mixin.py:115} INFO - [2023-03-27 21:14:30,340] {dag.py:2379} INFO - Sync 1 DAGs
[2023-03-27 21:14:30,348] {logging_mixin.py:115} INFO - [2023-03-27 21:14:30,348] {dag.py:2927} INFO - Setting next_dagrun for example_branch_python_operator_decorator to 2023-03-27T00:00:00+00:00, run_after=2023-03-28T00:00:00+00:00
[2023-03-27 21:14:30,353] {processor.py:161} INFO - Processing /Users/gabrielroger/Documents/projects/weather-data/.venv/lib/python3.9/site-packages/airflow/example_dags/example_branch_operator_decorator.py took 0.066 seconds
[2023-03-27 21:15:32,363] {processor.py:153} INFO - Started process (PID=6636) to work on /Users/gabrielroger/Documents/projects/weather-data/.venv/lib/python3.9/site-packages/airflow/example_dags/example_branch_operator_decorator.py
[2023-03-27 21:15:32,364] {processor.py:641} INFO - Processing file /Users/gabrielroger/Documents/projects/weather-data/.venv/lib/python3.9/site-packages/airflow/example_dags/example_branch_operator_decorator.py for tasks to queue
[2023-03-27 21:15:32,364] {logging_mixin.py:115} INFO - [2023-03-27 21:15:32,364] {dagbag.py:507} INFO - Filling up the DagBag from /Users/gabrielroger/Documents/projects/weather-data/.venv/lib/python3.9/site-packages/airflow/example_dags/example_branch_operator_decorator.py
[2023-03-27 21:15:32,382] {processor.py:651} INFO - DAG(s) dict_keys(['example_branch_python_operator_decorator']) retrieved from /Users/gabrielroger/Documents/projects/weather-data/.venv/lib/python3.9/site-packages/airflow/example_dags/example_branch_operator_decorator.py
[2023-03-27 21:15:32,413] {logging_mixin.py:115} INFO - [2023-03-27 21:15:32,413] {dag.py:2379} INFO - Sync 1 DAGs
[2023-03-27 21:15:32,420] {logging_mixin.py:115} INFO - [2023-03-27 21:15:32,420] {dag.py:2927} INFO - Setting next_dagrun for example_branch_python_operator_decorator to 2023-03-27T00:00:00+00:00, run_after=2023-03-28T00:00:00+00:00
[2023-03-27 21:15:32,425] {processor.py:161} INFO - Processing /Users/gabrielroger/Documents/projects/weather-data/.venv/lib/python3.9/site-packages/airflow/example_dags/example_branch_operator_decorator.py took 0.063 seconds
[2023-03-27 21:16:39,768] {processor.py:153} INFO - Started process (PID=6747) to work on /Users/gabrielroger/Documents/projects/weather-data/.venv/lib/python3.9/site-packages/airflow/example_dags/example_branch_operator_decorator.py
[2023-03-27 21:16:39,768] {processor.py:641} INFO - Processing file /Users/gabrielroger/Documents/projects/weather-data/.venv/lib/python3.9/site-packages/airflow/example_dags/example_branch_operator_decorator.py for tasks to queue
[2023-03-27 21:16:39,768] {logging_mixin.py:115} INFO - [2023-03-27 21:16:39,768] {dagbag.py:507} INFO - Filling up the DagBag from /Users/gabrielroger/Documents/projects/weather-data/.venv/lib/python3.9/site-packages/airflow/example_dags/example_branch_operator_decorator.py
[2023-03-27 21:16:39,787] {processor.py:651} INFO - DAG(s) dict_keys(['example_branch_python_operator_decorator']) retrieved from /Users/gabrielroger/Documents/projects/weather-data/.venv/lib/python3.9/site-packages/airflow/example_dags/example_branch_operator_decorator.py
[2023-03-27 21:16:39,817] {logging_mixin.py:115} INFO - [2023-03-27 21:16:39,817] {dag.py:2379} INFO - Sync 1 DAGs
[2023-03-27 21:16:39,825] {logging_mixin.py:115} INFO - [2023-03-27 21:16:39,825] {dag.py:2927} INFO - Setting next_dagrun for example_branch_python_operator_decorator to 2023-03-27T00:00:00+00:00, run_after=2023-03-28T00:00:00+00:00
[2023-03-27 21:16:39,830] {processor.py:161} INFO - Processing /Users/gabrielroger/Documents/projects/weather-data/.venv/lib/python3.9/site-packages/airflow/example_dags/example_branch_operator_decorator.py took 0.062 seconds
[2023-03-27 21:17:42,638] {processor.py:153} INFO - Started process (PID=6851) to work on /Users/gabrielroger/Documents/projects/weather-data/.venv/lib/python3.9/site-packages/airflow/example_dags/example_branch_operator_decorator.py
[2023-03-27 21:17:42,638] {processor.py:641} INFO - Processing file /Users/gabrielroger/Documents/projects/weather-data/.venv/lib/python3.9/site-packages/airflow/example_dags/example_branch_operator_decorator.py for tasks to queue
[2023-03-27 21:17:42,639] {logging_mixin.py:115} INFO - [2023-03-27 21:17:42,639] {dagbag.py:507} INFO - Filling up the DagBag from /Users/gabrielroger/Documents/projects/weather-data/.venv/lib/python3.9/site-packages/airflow/example_dags/example_branch_operator_decorator.py
[2023-03-27 21:17:42,657] {processor.py:651} INFO - DAG(s) dict_keys(['example_branch_python_operator_decorator']) retrieved from /Users/gabrielroger/Documents/projects/weather-data/.venv/lib/python3.9/site-packages/airflow/example_dags/example_branch_operator_decorator.py
[2023-03-27 21:17:42,687] {logging_mixin.py:115} INFO - [2023-03-27 21:17:42,687] {dag.py:2379} INFO - Sync 1 DAGs
[2023-03-27 21:17:42,694] {logging_mixin.py:115} INFO - [2023-03-27 21:17:42,694] {dag.py:2927} INFO - Setting next_dagrun for example_branch_python_operator_decorator to 2023-03-27T00:00:00+00:00, run_after=2023-03-28T00:00:00+00:00
[2023-03-27 21:17:42,700] {processor.py:161} INFO - Processing /Users/gabrielroger/Documents/projects/weather-data/.venv/lib/python3.9/site-packages/airflow/example_dags/example_branch_operator_decorator.py took 0.062 seconds
[2023-03-27 21:18:47,062] {processor.py:153} INFO - Started process (PID=6963) to work on /Users/gabrielroger/Documents/projects/weather-data/.venv/lib/python3.9/site-packages/airflow/example_dags/example_branch_operator_decorator.py
[2023-03-27 21:18:47,063] {processor.py:641} INFO - Processing file /Users/gabrielroger/Documents/projects/weather-data/.venv/lib/python3.9/site-packages/airflow/example_dags/example_branch_operator_decorator.py for tasks to queue
[2023-03-27 21:18:47,063] {logging_mixin.py:115} INFO - [2023-03-27 21:18:47,063] {dagbag.py:507} INFO - Filling up the DagBag from /Users/gabrielroger/Documents/projects/weather-data/.venv/lib/python3.9/site-packages/airflow/example_dags/example_branch_operator_decorator.py
[2023-03-27 21:18:47,081] {processor.py:651} INFO - DAG(s) dict_keys(['example_branch_python_operator_decorator']) retrieved from /Users/gabrielroger/Documents/projects/weather-data/.venv/lib/python3.9/site-packages/airflow/example_dags/example_branch_operator_decorator.py
[2023-03-27 21:18:47,112] {logging_mixin.py:115} INFO - [2023-03-27 21:18:47,111] {dag.py:2379} INFO - Sync 1 DAGs
[2023-03-27 21:18:47,119] {logging_mixin.py:115} INFO - [2023-03-27 21:18:47,119] {dag.py:2927} INFO - Setting next_dagrun for example_branch_python_operator_decorator to 2023-03-27T00:00:00+00:00, run_after=2023-03-28T00:00:00+00:00
[2023-03-27 21:18:47,124] {processor.py:161} INFO - Processing /Users/gabrielroger/Documents/projects/weather-data/.venv/lib/python3.9/site-packages/airflow/example_dags/example_branch_operator_decorator.py took 0.062 seconds
[2023-03-27 21:19:53,214] {processor.py:153} INFO - Started process (PID=7074) to work on /Users/gabrielroger/Documents/projects/weather-data/.venv/lib/python3.9/site-packages/airflow/example_dags/example_branch_operator_decorator.py
[2023-03-27 21:19:53,215] {processor.py:641} INFO - Processing file /Users/gabrielroger/Documents/projects/weather-data/.venv/lib/python3.9/site-packages/airflow/example_dags/example_branch_operator_decorator.py for tasks to queue
[2023-03-27 21:19:53,215] {logging_mixin.py:115} INFO - [2023-03-27 21:19:53,215] {dagbag.py:507} INFO - Filling up the DagBag from /Users/gabrielroger/Documents/projects/weather-data/.venv/lib/python3.9/site-packages/airflow/example_dags/example_branch_operator_decorator.py
[2023-03-27 21:19:53,233] {processor.py:651} INFO - DAG(s) dict_keys(['example_branch_python_operator_decorator']) retrieved from /Users/gabrielroger/Documents/projects/weather-data/.venv/lib/python3.9/site-packages/airflow/example_dags/example_branch_operator_decorator.py
[2023-03-27 21:19:53,263] {logging_mixin.py:115} INFO - [2023-03-27 21:19:53,263] {dag.py:2379} INFO - Sync 1 DAGs
[2023-03-27 21:19:53,271] {logging_mixin.py:115} INFO - [2023-03-27 21:19:53,271] {dag.py:2927} INFO - Setting next_dagrun for example_branch_python_operator_decorator to 2023-03-27T00:00:00+00:00, run_after=2023-03-28T00:00:00+00:00
[2023-03-27 21:19:53,276] {processor.py:161} INFO - Processing /Users/gabrielroger/Documents/projects/weather-data/.venv/lib/python3.9/site-packages/airflow/example_dags/example_branch_operator_decorator.py took 0.063 seconds
[2023-03-27 21:21:00,521] {processor.py:153} INFO - Started process (PID=7185) to work on /Users/gabrielroger/Documents/projects/weather-data/.venv/lib/python3.9/site-packages/airflow/example_dags/example_branch_operator_decorator.py
[2023-03-27 21:21:00,521] {processor.py:641} INFO - Processing file /Users/gabrielroger/Documents/projects/weather-data/.venv/lib/python3.9/site-packages/airflow/example_dags/example_branch_operator_decorator.py for tasks to queue
[2023-03-27 21:21:00,521] {logging_mixin.py:115} INFO - [2023-03-27 21:21:00,521] {dagbag.py:507} INFO - Filling up the DagBag from /Users/gabrielroger/Documents/projects/weather-data/.venv/lib/python3.9/site-packages/airflow/example_dags/example_branch_operator_decorator.py
[2023-03-27 21:21:00,539] {processor.py:651} INFO - DAG(s) dict_keys(['example_branch_python_operator_decorator']) retrieved from /Users/gabrielroger/Documents/projects/weather-data/.venv/lib/python3.9/site-packages/airflow/example_dags/example_branch_operator_decorator.py
[2023-03-27 21:21:00,569] {logging_mixin.py:115} INFO - [2023-03-27 21:21:00,569] {dag.py:2379} INFO - Sync 1 DAGs
[2023-03-27 21:21:00,577] {logging_mixin.py:115} INFO - [2023-03-27 21:21:00,577] {dag.py:2927} INFO - Setting next_dagrun for example_branch_python_operator_decorator to 2023-03-27T00:00:00+00:00, run_after=2023-03-28T00:00:00+00:00
[2023-03-27 21:21:00,582] {processor.py:161} INFO - Processing /Users/gabrielroger/Documents/projects/weather-data/.venv/lib/python3.9/site-packages/airflow/example_dags/example_branch_operator_decorator.py took 0.061 seconds
[2023-03-27 21:22:09,723] {processor.py:153} INFO - Started process (PID=7297) to work on /Users/gabrielroger/Documents/projects/weather-data/.venv/lib/python3.9/site-packages/airflow/example_dags/example_branch_operator_decorator.py
[2023-03-27 21:22:09,723] {processor.py:641} INFO - Processing file /Users/gabrielroger/Documents/projects/weather-data/.venv/lib/python3.9/site-packages/airflow/example_dags/example_branch_operator_decorator.py for tasks to queue
[2023-03-27 21:22:09,723] {logging_mixin.py:115} INFO - [2023-03-27 21:22:09,723] {dagbag.py:507} INFO - Filling up the DagBag from /Users/gabrielroger/Documents/projects/weather-data/.venv/lib/python3.9/site-packages/airflow/example_dags/example_branch_operator_decorator.py
[2023-03-27 21:22:09,741] {processor.py:651} INFO - DAG(s) dict_keys(['example_branch_python_operator_decorator']) retrieved from /Users/gabrielroger/Documents/projects/weather-data/.venv/lib/python3.9/site-packages/airflow/example_dags/example_branch_operator_decorator.py
[2023-03-27 21:22:09,772] {logging_mixin.py:115} INFO - [2023-03-27 21:22:09,772] {dag.py:2379} INFO - Sync 1 DAGs
[2023-03-27 21:22:09,779] {logging_mixin.py:115} INFO - [2023-03-27 21:22:09,779] {dag.py:2927} INFO - Setting next_dagrun for example_branch_python_operator_decorator to 2023-03-27T00:00:00+00:00, run_after=2023-03-28T00:00:00+00:00
[2023-03-27 21:22:09,784] {processor.py:161} INFO - Processing /Users/gabrielroger/Documents/projects/weather-data/.venv/lib/python3.9/site-packages/airflow/example_dags/example_branch_operator_decorator.py took 0.062 seconds
[2023-03-27 21:23:14,202] {processor.py:153} INFO - Started process (PID=7406) to work on /Users/gabrielroger/Documents/projects/weather-data/.venv/lib/python3.9/site-packages/airflow/example_dags/example_branch_operator_decorator.py
[2023-03-27 21:23:14,202] {processor.py:641} INFO - Processing file /Users/gabrielroger/Documents/projects/weather-data/.venv/lib/python3.9/site-packages/airflow/example_dags/example_branch_operator_decorator.py for tasks to queue
[2023-03-27 21:23:14,202] {logging_mixin.py:115} INFO - [2023-03-27 21:23:14,202] {dagbag.py:507} INFO - Filling up the DagBag from /Users/gabrielroger/Documents/projects/weather-data/.venv/lib/python3.9/site-packages/airflow/example_dags/example_branch_operator_decorator.py
[2023-03-27 21:23:14,220] {processor.py:651} INFO - DAG(s) dict_keys(['example_branch_python_operator_decorator']) retrieved from /Users/gabrielroger/Documents/projects/weather-data/.venv/lib/python3.9/site-packages/airflow/example_dags/example_branch_operator_decorator.py
[2023-03-27 21:23:14,251] {logging_mixin.py:115} INFO - [2023-03-27 21:23:14,251] {dag.py:2379} INFO - Sync 1 DAGs
[2023-03-27 21:23:14,258] {logging_mixin.py:115} INFO - [2023-03-27 21:23:14,258] {dag.py:2927} INFO - Setting next_dagrun for example_branch_python_operator_decorator to 2023-03-27T00:00:00+00:00, run_after=2023-03-28T00:00:00+00:00
[2023-03-27 21:23:14,263] {processor.py:161} INFO - Processing /Users/gabrielroger/Documents/projects/weather-data/.venv/lib/python3.9/site-packages/airflow/example_dags/example_branch_operator_decorator.py took 0.062 seconds
[2023-03-27 21:24:20,777] {processor.py:153} INFO - Started process (PID=7525) to work on /Users/gabrielroger/Documents/projects/weather-data/.venv/lib/python3.9/site-packages/airflow/example_dags/example_branch_operator_decorator.py
[2023-03-27 21:24:20,777] {processor.py:641} INFO - Processing file /Users/gabrielroger/Documents/projects/weather-data/.venv/lib/python3.9/site-packages/airflow/example_dags/example_branch_operator_decorator.py for tasks to queue
[2023-03-27 21:24:20,778] {logging_mixin.py:115} INFO - [2023-03-27 21:24:20,778] {dagbag.py:507} INFO - Filling up the DagBag from /Users/gabrielroger/Documents/projects/weather-data/.venv/lib/python3.9/site-packages/airflow/example_dags/example_branch_operator_decorator.py
[2023-03-27 21:24:20,796] {processor.py:651} INFO - DAG(s) dict_keys(['example_branch_python_operator_decorator']) retrieved from /Users/gabrielroger/Documents/projects/weather-data/.venv/lib/python3.9/site-packages/airflow/example_dags/example_branch_operator_decorator.py
[2023-03-27 21:24:20,827] {logging_mixin.py:115} INFO - [2023-03-27 21:24:20,826] {dag.py:2379} INFO - Sync 1 DAGs
[2023-03-27 21:24:20,834] {logging_mixin.py:115} INFO - [2023-03-27 21:24:20,834] {dag.py:2927} INFO - Setting next_dagrun for example_branch_python_operator_decorator to 2023-03-27T00:00:00+00:00, run_after=2023-03-28T00:00:00+00:00
[2023-03-27 21:24:20,839] {processor.py:161} INFO - Processing /Users/gabrielroger/Documents/projects/weather-data/.venv/lib/python3.9/site-packages/airflow/example_dags/example_branch_operator_decorator.py took 0.062 seconds
[2023-03-27 21:25:26,157] {processor.py:153} INFO - Started process (PID=7664) to work on /Users/gabrielroger/Documents/projects/weather-data/.venv/lib/python3.9/site-packages/airflow/example_dags/example_branch_operator_decorator.py
[2023-03-27 21:25:26,158] {processor.py:641} INFO - Processing file /Users/gabrielroger/Documents/projects/weather-data/.venv/lib/python3.9/site-packages/airflow/example_dags/example_branch_operator_decorator.py for tasks to queue
[2023-03-27 21:25:26,158] {logging_mixin.py:115} INFO - [2023-03-27 21:25:26,158] {dagbag.py:507} INFO - Filling up the DagBag from /Users/gabrielroger/Documents/projects/weather-data/.venv/lib/python3.9/site-packages/airflow/example_dags/example_branch_operator_decorator.py
[2023-03-27 21:25:26,177] {processor.py:651} INFO - DAG(s) dict_keys(['example_branch_python_operator_decorator']) retrieved from /Users/gabrielroger/Documents/projects/weather-data/.venv/lib/python3.9/site-packages/airflow/example_dags/example_branch_operator_decorator.py
[2023-03-27 21:25:26,208] {logging_mixin.py:115} INFO - [2023-03-27 21:25:26,208] {dag.py:2379} INFO - Sync 1 DAGs
[2023-03-27 21:25:26,215] {logging_mixin.py:115} INFO - [2023-03-27 21:25:26,215] {dag.py:2927} INFO - Setting next_dagrun for example_branch_python_operator_decorator to 2023-03-27T00:00:00+00:00, run_after=2023-03-28T00:00:00+00:00
[2023-03-27 21:25:26,221] {processor.py:161} INFO - Processing /Users/gabrielroger/Documents/projects/weather-data/.venv/lib/python3.9/site-packages/airflow/example_dags/example_branch_operator_decorator.py took 0.063 seconds
[2023-03-27 21:26:34,000] {processor.py:153} INFO - Started process (PID=7781) to work on /Users/gabrielroger/Documents/projects/weather-data/.venv/lib/python3.9/site-packages/airflow/example_dags/example_branch_operator_decorator.py
[2023-03-27 21:26:34,000] {processor.py:641} INFO - Processing file /Users/gabrielroger/Documents/projects/weather-data/.venv/lib/python3.9/site-packages/airflow/example_dags/example_branch_operator_decorator.py for tasks to queue
[2023-03-27 21:26:34,000] {logging_mixin.py:115} INFO - [2023-03-27 21:26:34,000] {dagbag.py:507} INFO - Filling up the DagBag from /Users/gabrielroger/Documents/projects/weather-data/.venv/lib/python3.9/site-packages/airflow/example_dags/example_branch_operator_decorator.py
[2023-03-27 21:26:34,017] {processor.py:651} INFO - DAG(s) dict_keys(['example_branch_python_operator_decorator']) retrieved from /Users/gabrielroger/Documents/projects/weather-data/.venv/lib/python3.9/site-packages/airflow/example_dags/example_branch_operator_decorator.py
[2023-03-27 21:26:34,048] {logging_mixin.py:115} INFO - [2023-03-27 21:26:34,048] {dag.py:2379} INFO - Sync 1 DAGs
[2023-03-27 21:26:34,055] {logging_mixin.py:115} INFO - [2023-03-27 21:26:34,055] {dag.py:2927} INFO - Setting next_dagrun for example_branch_python_operator_decorator to 2023-03-27T00:00:00+00:00, run_after=2023-03-28T00:00:00+00:00
[2023-03-27 21:26:34,061] {processor.py:161} INFO - Processing /Users/gabrielroger/Documents/projects/weather-data/.venv/lib/python3.9/site-packages/airflow/example_dags/example_branch_operator_decorator.py took 0.061 seconds
[2023-03-27 21:27:39,963] {processor.py:153} INFO - Started process (PID=7890) to work on /Users/gabrielroger/Documents/projects/weather-data/.venv/lib/python3.9/site-packages/airflow/example_dags/example_branch_operator_decorator.py
[2023-03-27 21:27:39,963] {processor.py:641} INFO - Processing file /Users/gabrielroger/Documents/projects/weather-data/.venv/lib/python3.9/site-packages/airflow/example_dags/example_branch_operator_decorator.py for tasks to queue
[2023-03-27 21:27:39,963] {logging_mixin.py:115} INFO - [2023-03-27 21:27:39,963] {dagbag.py:507} INFO - Filling up the DagBag from /Users/gabrielroger/Documents/projects/weather-data/.venv/lib/python3.9/site-packages/airflow/example_dags/example_branch_operator_decorator.py
[2023-03-27 21:27:39,981] {processor.py:651} INFO - DAG(s) dict_keys(['example_branch_python_operator_decorator']) retrieved from /Users/gabrielroger/Documents/projects/weather-data/.venv/lib/python3.9/site-packages/airflow/example_dags/example_branch_operator_decorator.py
[2023-03-27 21:27:40,011] {logging_mixin.py:115} INFO - [2023-03-27 21:27:40,011] {dag.py:2379} INFO - Sync 1 DAGs
[2023-03-27 21:27:40,018] {logging_mixin.py:115} INFO - [2023-03-27 21:27:40,018] {dag.py:2927} INFO - Setting next_dagrun for example_branch_python_operator_decorator to 2023-03-27T00:00:00+00:00, run_after=2023-03-28T00:00:00+00:00
[2023-03-27 21:27:40,024] {processor.py:161} INFO - Processing /Users/gabrielroger/Documents/projects/weather-data/.venv/lib/python3.9/site-packages/airflow/example_dags/example_branch_operator_decorator.py took 0.061 seconds
[2023-03-27 21:28:44,773] {processor.py:153} INFO - Started process (PID=8008) to work on /Users/gabrielroger/Documents/projects/weather-data/.venv/lib/python3.9/site-packages/airflow/example_dags/example_branch_operator_decorator.py
[2023-03-27 21:28:44,773] {processor.py:641} INFO - Processing file /Users/gabrielroger/Documents/projects/weather-data/.venv/lib/python3.9/site-packages/airflow/example_dags/example_branch_operator_decorator.py for tasks to queue
[2023-03-27 21:28:44,773] {logging_mixin.py:115} INFO - [2023-03-27 21:28:44,773] {dagbag.py:507} INFO - Filling up the DagBag from /Users/gabrielroger/Documents/projects/weather-data/.venv/lib/python3.9/site-packages/airflow/example_dags/example_branch_operator_decorator.py
[2023-03-27 21:28:44,791] {processor.py:651} INFO - DAG(s) dict_keys(['example_branch_python_operator_decorator']) retrieved from /Users/gabrielroger/Documents/projects/weather-data/.venv/lib/python3.9/site-packages/airflow/example_dags/example_branch_operator_decorator.py
[2023-03-27 21:28:44,822] {logging_mixin.py:115} INFO - [2023-03-27 21:28:44,822] {dag.py:2379} INFO - Sync 1 DAGs
[2023-03-27 21:28:44,829] {logging_mixin.py:115} INFO - [2023-03-27 21:28:44,829] {dag.py:2927} INFO - Setting next_dagrun for example_branch_python_operator_decorator to 2023-03-27T00:00:00+00:00, run_after=2023-03-28T00:00:00+00:00
[2023-03-27 21:28:44,834] {processor.py:161} INFO - Processing /Users/gabrielroger/Documents/projects/weather-data/.venv/lib/python3.9/site-packages/airflow/example_dags/example_branch_operator_decorator.py took 0.061 seconds
[2023-03-27 21:29:48,064] {processor.py:153} INFO - Started process (PID=8136) to work on /Users/gabrielroger/Documents/projects/weather-data/.venv/lib/python3.9/site-packages/airflow/example_dags/example_branch_operator_decorator.py
[2023-03-27 21:29:48,064] {processor.py:641} INFO - Processing file /Users/gabrielroger/Documents/projects/weather-data/.venv/lib/python3.9/site-packages/airflow/example_dags/example_branch_operator_decorator.py for tasks to queue
[2023-03-27 21:29:48,064] {logging_mixin.py:115} INFO - [2023-03-27 21:29:48,064] {dagbag.py:507} INFO - Filling up the DagBag from /Users/gabrielroger/Documents/projects/weather-data/.venv/lib/python3.9/site-packages/airflow/example_dags/example_branch_operator_decorator.py
[2023-03-27 21:29:48,082] {processor.py:651} INFO - DAG(s) dict_keys(['example_branch_python_operator_decorator']) retrieved from /Users/gabrielroger/Documents/projects/weather-data/.venv/lib/python3.9/site-packages/airflow/example_dags/example_branch_operator_decorator.py
[2023-03-27 21:29:48,113] {logging_mixin.py:115} INFO - [2023-03-27 21:29:48,113] {dag.py:2379} INFO - Sync 1 DAGs
[2023-03-27 21:29:48,120] {logging_mixin.py:115} INFO - [2023-03-27 21:29:48,120] {dag.py:2927} INFO - Setting next_dagrun for example_branch_python_operator_decorator to 2023-03-27T00:00:00+00:00, run_after=2023-03-28T00:00:00+00:00
[2023-03-27 21:29:48,125] {processor.py:161} INFO - Processing /Users/gabrielroger/Documents/projects/weather-data/.venv/lib/python3.9/site-packages/airflow/example_dags/example_branch_operator_decorator.py took 0.062 seconds
[2023-03-27 21:30:52,901] {processor.py:153} INFO - Started process (PID=8263) to work on /Users/gabrielroger/Documents/projects/weather-data/.venv/lib/python3.9/site-packages/airflow/example_dags/example_branch_operator_decorator.py
[2023-03-27 21:30:52,902] {processor.py:641} INFO - Processing file /Users/gabrielroger/Documents/projects/weather-data/.venv/lib/python3.9/site-packages/airflow/example_dags/example_branch_operator_decorator.py for tasks to queue
[2023-03-27 21:30:52,902] {logging_mixin.py:115} INFO - [2023-03-27 21:30:52,902] {dagbag.py:507} INFO - Filling up the DagBag from /Users/gabrielroger/Documents/projects/weather-data/.venv/lib/python3.9/site-packages/airflow/example_dags/example_branch_operator_decorator.py
[2023-03-27 21:30:52,920] {processor.py:651} INFO - DAG(s) dict_keys(['example_branch_python_operator_decorator']) retrieved from /Users/gabrielroger/Documents/projects/weather-data/.venv/lib/python3.9/site-packages/airflow/example_dags/example_branch_operator_decorator.py
[2023-03-27 21:30:52,950] {logging_mixin.py:115} INFO - [2023-03-27 21:30:52,950] {dag.py:2379} INFO - Sync 1 DAGs
[2023-03-27 21:30:52,958] {logging_mixin.py:115} INFO - [2023-03-27 21:30:52,958] {dag.py:2927} INFO - Setting next_dagrun for example_branch_python_operator_decorator to 2023-03-27T00:00:00+00:00, run_after=2023-03-28T00:00:00+00:00
[2023-03-27 21:30:52,963] {processor.py:161} INFO - Processing /Users/gabrielroger/Documents/projects/weather-data/.venv/lib/python3.9/site-packages/airflow/example_dags/example_branch_operator_decorator.py took 0.062 seconds
[2023-03-27 21:31:57,330] {processor.py:153} INFO - Started process (PID=8369) to work on /Users/gabrielroger/Documents/projects/weather-data/.venv/lib/python3.9/site-packages/airflow/example_dags/example_branch_operator_decorator.py
[2023-03-27 21:31:57,330] {processor.py:641} INFO - Processing file /Users/gabrielroger/Documents/projects/weather-data/.venv/lib/python3.9/site-packages/airflow/example_dags/example_branch_operator_decorator.py for tasks to queue
[2023-03-27 21:31:57,330] {logging_mixin.py:115} INFO - [2023-03-27 21:31:57,330] {dagbag.py:507} INFO - Filling up the DagBag from /Users/gabrielroger/Documents/projects/weather-data/.venv/lib/python3.9/site-packages/airflow/example_dags/example_branch_operator_decorator.py
[2023-03-27 21:31:57,348] {processor.py:651} INFO - DAG(s) dict_keys(['example_branch_python_operator_decorator']) retrieved from /Users/gabrielroger/Documents/projects/weather-data/.venv/lib/python3.9/site-packages/airflow/example_dags/example_branch_operator_decorator.py
[2023-03-27 21:31:57,378] {logging_mixin.py:115} INFO - [2023-03-27 21:31:57,378] {dag.py:2379} INFO - Sync 1 DAGs
[2023-03-27 21:31:57,386] {logging_mixin.py:115} INFO - [2023-03-27 21:31:57,386] {dag.py:2927} INFO - Setting next_dagrun for example_branch_python_operator_decorator to 2023-03-27T00:00:00+00:00, run_after=2023-03-28T00:00:00+00:00
[2023-03-27 21:31:57,391] {processor.py:161} INFO - Processing /Users/gabrielroger/Documents/projects/weather-data/.venv/lib/python3.9/site-packages/airflow/example_dags/example_branch_operator_decorator.py took 0.061 seconds
[2023-03-27 21:33:04,826] {processor.py:153} INFO - Started process (PID=8480) to work on /Users/gabrielroger/Documents/projects/weather-data/.venv/lib/python3.9/site-packages/airflow/example_dags/example_branch_operator_decorator.py
[2023-03-27 21:33:04,826] {processor.py:641} INFO - Processing file /Users/gabrielroger/Documents/projects/weather-data/.venv/lib/python3.9/site-packages/airflow/example_dags/example_branch_operator_decorator.py for tasks to queue
[2023-03-27 21:33:04,827] {logging_mixin.py:115} INFO - [2023-03-27 21:33:04,827] {dagbag.py:507} INFO - Filling up the DagBag from /Users/gabrielroger/Documents/projects/weather-data/.venv/lib/python3.9/site-packages/airflow/example_dags/example_branch_operator_decorator.py
[2023-03-27 21:33:04,845] {processor.py:651} INFO - DAG(s) dict_keys(['example_branch_python_operator_decorator']) retrieved from /Users/gabrielroger/Documents/projects/weather-data/.venv/lib/python3.9/site-packages/airflow/example_dags/example_branch_operator_decorator.py
[2023-03-27 21:33:04,875] {logging_mixin.py:115} INFO - [2023-03-27 21:33:04,875] {dag.py:2379} INFO - Sync 1 DAGs
[2023-03-27 21:33:04,883] {logging_mixin.py:115} INFO - [2023-03-27 21:33:04,883] {dag.py:2927} INFO - Setting next_dagrun for example_branch_python_operator_decorator to 2023-03-27T00:00:00+00:00, run_after=2023-03-28T00:00:00+00:00
[2023-03-27 21:33:04,888] {processor.py:161} INFO - Processing /Users/gabrielroger/Documents/projects/weather-data/.venv/lib/python3.9/site-packages/airflow/example_dags/example_branch_operator_decorator.py took 0.062 seconds
[2023-03-27 21:34:11,839] {processor.py:153} INFO - Started process (PID=8595) to work on /Users/gabrielroger/Documents/projects/weather-data/.venv/lib/python3.9/site-packages/airflow/example_dags/example_branch_operator_decorator.py
[2023-03-27 21:34:11,839] {processor.py:641} INFO - Processing file /Users/gabrielroger/Documents/projects/weather-data/.venv/lib/python3.9/site-packages/airflow/example_dags/example_branch_operator_decorator.py for tasks to queue
[2023-03-27 21:34:11,839] {logging_mixin.py:115} INFO - [2023-03-27 21:34:11,839] {dagbag.py:507} INFO - Filling up the DagBag from /Users/gabrielroger/Documents/projects/weather-data/.venv/lib/python3.9/site-packages/airflow/example_dags/example_branch_operator_decorator.py
[2023-03-27 21:34:11,857] {processor.py:651} INFO - DAG(s) dict_keys(['example_branch_python_operator_decorator']) retrieved from /Users/gabrielroger/Documents/projects/weather-data/.venv/lib/python3.9/site-packages/airflow/example_dags/example_branch_operator_decorator.py
[2023-03-27 21:34:11,887] {logging_mixin.py:115} INFO - [2023-03-27 21:34:11,887] {dag.py:2379} INFO - Sync 1 DAGs
[2023-03-27 21:34:11,895] {logging_mixin.py:115} INFO - [2023-03-27 21:34:11,894] {dag.py:2927} INFO - Setting next_dagrun for example_branch_python_operator_decorator to 2023-03-27T00:00:00+00:00, run_after=2023-03-28T00:00:00+00:00
[2023-03-27 21:34:11,900] {processor.py:161} INFO - Processing /Users/gabrielroger/Documents/projects/weather-data/.venv/lib/python3.9/site-packages/airflow/example_dags/example_branch_operator_decorator.py took 0.061 seconds
[2023-03-27 22:00:08,755] {processor.py:153} INFO - Started process (PID=8776) to work on /Users/gabrielroger/Documents/projects/weather-data/.venv/lib/python3.9/site-packages/airflow/example_dags/example_branch_operator_decorator.py
[2023-03-27 22:00:08,756] {processor.py:641} INFO - Processing file /Users/gabrielroger/Documents/projects/weather-data/.venv/lib/python3.9/site-packages/airflow/example_dags/example_branch_operator_decorator.py for tasks to queue
[2023-03-27 22:00:08,756] {logging_mixin.py:115} INFO - [2023-03-27 22:00:08,756] {dagbag.py:507} INFO - Filling up the DagBag from /Users/gabrielroger/Documents/projects/weather-data/.venv/lib/python3.9/site-packages/airflow/example_dags/example_branch_operator_decorator.py
[2023-03-27 22:00:08,773] {processor.py:651} INFO - DAG(s) dict_keys(['example_branch_python_operator_decorator']) retrieved from /Users/gabrielroger/Documents/projects/weather-data/.venv/lib/python3.9/site-packages/airflow/example_dags/example_branch_operator_decorator.py
[2023-03-27 22:00:08,804] {logging_mixin.py:115} INFO - [2023-03-27 22:00:08,804] {dag.py:2379} INFO - Sync 1 DAGs
[2023-03-27 22:00:08,811] {logging_mixin.py:115} INFO - [2023-03-27 22:00:08,811] {dag.py:2927} INFO - Setting next_dagrun for example_branch_python_operator_decorator to 2023-03-27T00:00:00+00:00, run_after=2023-03-28T00:00:00+00:00
[2023-03-27 22:00:08,816] {processor.py:161} INFO - Processing /Users/gabrielroger/Documents/projects/weather-data/.venv/lib/python3.9/site-packages/airflow/example_dags/example_branch_operator_decorator.py took 0.061 seconds
[2023-03-27 23:11:51,068] {processor.py:153} INFO - Started process (PID=8945) to work on /Users/gabrielroger/Documents/projects/weather-data/.venv/lib/python3.9/site-packages/airflow/example_dags/example_branch_operator_decorator.py
[2023-03-27 23:11:51,069] {processor.py:641} INFO - Processing file /Users/gabrielroger/Documents/projects/weather-data/.venv/lib/python3.9/site-packages/airflow/example_dags/example_branch_operator_decorator.py for tasks to queue
[2023-03-27 23:11:51,069] {logging_mixin.py:115} INFO - [2023-03-27 23:11:51,069] {dagbag.py:507} INFO - Filling up the DagBag from /Users/gabrielroger/Documents/projects/weather-data/.venv/lib/python3.9/site-packages/airflow/example_dags/example_branch_operator_decorator.py
[2023-03-27 23:11:51,100] {processor.py:651} INFO - DAG(s) dict_keys(['example_branch_python_operator_decorator']) retrieved from /Users/gabrielroger/Documents/projects/weather-data/.venv/lib/python3.9/site-packages/airflow/example_dags/example_branch_operator_decorator.py
[2023-03-27 23:11:51,134] {logging_mixin.py:115} INFO - [2023-03-27 23:11:51,134] {dag.py:2379} INFO - Sync 1 DAGs
[2023-03-27 23:11:51,144] {logging_mixin.py:115} INFO - [2023-03-27 23:11:51,144] {dag.py:2927} INFO - Setting next_dagrun for example_branch_python_operator_decorator to 2023-03-27T00:00:00+00:00, run_after=2023-03-28T00:00:00+00:00
[2023-03-27 23:11:51,153] {processor.py:161} INFO - Processing /Users/gabrielroger/Documents/projects/weather-data/.venv/lib/python3.9/site-packages/airflow/example_dags/example_branch_operator_decorator.py took 0.085 seconds
