[2023-03-27 21:10:16,342] {processor.py:153} INFO - Started process (PID=6106) to work on /Users/gabrielroger/Documents/projects/weather-data/.venv/lib/python3.9/site-packages/airflow/example_dags/example_branch_python_dop_operator_3.py
[2023-03-27 21:10:16,342] {processor.py:641} INFO - Processing file /Users/gabrielroger/Documents/projects/weather-data/.venv/lib/python3.9/site-packages/airflow/example_dags/example_branch_python_dop_operator_3.py for tasks to queue
[2023-03-27 21:10:16,342] {logging_mixin.py:115} INFO - [2023-03-27 21:10:16,342] {dagbag.py:507} INFO - Filling up the DagBag from /Users/gabrielroger/Documents/projects/weather-data/.venv/lib/python3.9/site-packages/airflow/example_dags/example_branch_python_dop_operator_3.py
[2023-03-27 21:10:16,357] {processor.py:651} INFO - DAG(s) dict_keys(['example_branch_dop_operator_v3']) retrieved from /Users/gabrielroger/Documents/projects/weather-data/.venv/lib/python3.9/site-packages/airflow/example_dags/example_branch_python_dop_operator_3.py
[2023-03-27 21:10:16,387] {logging_mixin.py:115} INFO - [2023-03-27 21:10:16,387] {dag.py:2379} INFO - Sync 1 DAGs
[2023-03-27 21:10:16,399] {logging_mixin.py:115} INFO - [2023-03-27 21:10:16,399] {dag.py:2927} INFO - Setting next_dagrun for example_branch_dop_operator_v3 to 2023-03-28T00:09:00+00:00, run_after=2023-03-28T00:10:00+00:00
[2023-03-27 21:10:16,405] {processor.py:161} INFO - Processing /Users/gabrielroger/Documents/projects/weather-data/.venv/lib/python3.9/site-packages/airflow/example_dags/example_branch_python_dop_operator_3.py took 0.064 seconds
[2023-03-27 21:11:07,207] {processor.py:153} INFO - Started process (PID=6196) to work on /Users/gabrielroger/Documents/projects/weather-data/.venv/lib/python3.9/site-packages/airflow/example_dags/example_branch_python_dop_operator_3.py
[2023-03-27 21:11:07,209] {processor.py:641} INFO - Processing file /Users/gabrielroger/Documents/projects/weather-data/.venv/lib/python3.9/site-packages/airflow/example_dags/example_branch_python_dop_operator_3.py for tasks to queue
[2023-03-27 21:11:07,209] {logging_mixin.py:115} INFO - [2023-03-27 21:11:07,209] {dagbag.py:507} INFO - Filling up the DagBag from /Users/gabrielroger/Documents/projects/weather-data/.venv/lib/python3.9/site-packages/airflow/example_dags/example_branch_python_dop_operator_3.py
[2023-03-27 21:11:07,225] {processor.py:651} INFO - DAG(s) dict_keys(['example_branch_dop_operator_v3']) retrieved from /Users/gabrielroger/Documents/projects/weather-data/.venv/lib/python3.9/site-packages/airflow/example_dags/example_branch_python_dop_operator_3.py
[2023-03-27 21:11:07,254] {logging_mixin.py:115} INFO - [2023-03-27 21:11:07,254] {dag.py:2379} INFO - Sync 1 DAGs
[2023-03-27 21:11:07,264] {logging_mixin.py:115} INFO - [2023-03-27 21:11:07,264] {dag.py:2927} INFO - Setting next_dagrun for example_branch_dop_operator_v3 to 2023-03-28T00:10:00+00:00, run_after=2023-03-28T00:11:00+00:00
[2023-03-27 21:11:07,269] {processor.py:161} INFO - Processing /Users/gabrielroger/Documents/projects/weather-data/.venv/lib/python3.9/site-packages/airflow/example_dags/example_branch_python_dop_operator_3.py took 0.062 seconds
[2023-03-27 21:12:15,927] {processor.py:153} INFO - Started process (PID=6307) to work on /Users/gabrielroger/Documents/projects/weather-data/.venv/lib/python3.9/site-packages/airflow/example_dags/example_branch_python_dop_operator_3.py
[2023-03-27 21:12:15,928] {processor.py:641} INFO - Processing file /Users/gabrielroger/Documents/projects/weather-data/.venv/lib/python3.9/site-packages/airflow/example_dags/example_branch_python_dop_operator_3.py for tasks to queue
[2023-03-27 21:12:15,928] {logging_mixin.py:115} INFO - [2023-03-27 21:12:15,928] {dagbag.py:507} INFO - Filling up the DagBag from /Users/gabrielroger/Documents/projects/weather-data/.venv/lib/python3.9/site-packages/airflow/example_dags/example_branch_python_dop_operator_3.py
[2023-03-27 21:12:15,944] {processor.py:651} INFO - DAG(s) dict_keys(['example_branch_dop_operator_v3']) retrieved from /Users/gabrielroger/Documents/projects/weather-data/.venv/lib/python3.9/site-packages/airflow/example_dags/example_branch_python_dop_operator_3.py
[2023-03-27 21:12:15,974] {logging_mixin.py:115} INFO - [2023-03-27 21:12:15,974] {dag.py:2379} INFO - Sync 1 DAGs
[2023-03-27 21:12:15,984] {logging_mixin.py:115} INFO - [2023-03-27 21:12:15,984] {dag.py:2927} INFO - Setting next_dagrun for example_branch_dop_operator_v3 to 2023-03-28T00:11:00+00:00, run_after=2023-03-28T00:12:00+00:00
[2023-03-27 21:12:15,989] {processor.py:161} INFO - Processing /Users/gabrielroger/Documents/projects/weather-data/.venv/lib/python3.9/site-packages/airflow/example_dags/example_branch_python_dop_operator_3.py took 0.063 seconds
[2023-03-27 21:13:26,624] {processor.py:153} INFO - Started process (PID=6423) to work on /Users/gabrielroger/Documents/projects/weather-data/.venv/lib/python3.9/site-packages/airflow/example_dags/example_branch_python_dop_operator_3.py
[2023-03-27 21:13:26,624] {processor.py:641} INFO - Processing file /Users/gabrielroger/Documents/projects/weather-data/.venv/lib/python3.9/site-packages/airflow/example_dags/example_branch_python_dop_operator_3.py for tasks to queue
[2023-03-27 21:13:26,624] {logging_mixin.py:115} INFO - [2023-03-27 21:13:26,624] {dagbag.py:507} INFO - Filling up the DagBag from /Users/gabrielroger/Documents/projects/weather-data/.venv/lib/python3.9/site-packages/airflow/example_dags/example_branch_python_dop_operator_3.py
[2023-03-27 21:13:26,640] {processor.py:651} INFO - DAG(s) dict_keys(['example_branch_dop_operator_v3']) retrieved from /Users/gabrielroger/Documents/projects/weather-data/.venv/lib/python3.9/site-packages/airflow/example_dags/example_branch_python_dop_operator_3.py
[2023-03-27 21:13:26,669] {logging_mixin.py:115} INFO - [2023-03-27 21:13:26,669] {dag.py:2379} INFO - Sync 1 DAGs
[2023-03-27 21:13:26,679] {logging_mixin.py:115} INFO - [2023-03-27 21:13:26,679] {dag.py:2927} INFO - Setting next_dagrun for example_branch_dop_operator_v3 to 2023-03-28T00:12:00+00:00, run_after=2023-03-28T00:13:00+00:00
[2023-03-27 21:13:26,685] {processor.py:161} INFO - Processing /Users/gabrielroger/Documents/projects/weather-data/.venv/lib/python3.9/site-packages/airflow/example_dags/example_branch_python_dop_operator_3.py took 0.061 seconds
[2023-03-27 21:14:29,136] {processor.py:153} INFO - Started process (PID=6531) to work on /Users/gabrielroger/Documents/projects/weather-data/.venv/lib/python3.9/site-packages/airflow/example_dags/example_branch_python_dop_operator_3.py
[2023-03-27 21:14:29,137] {processor.py:641} INFO - Processing file /Users/gabrielroger/Documents/projects/weather-data/.venv/lib/python3.9/site-packages/airflow/example_dags/example_branch_python_dop_operator_3.py for tasks to queue
[2023-03-27 21:14:29,137] {logging_mixin.py:115} INFO - [2023-03-27 21:14:29,137] {dagbag.py:507} INFO - Filling up the DagBag from /Users/gabrielroger/Documents/projects/weather-data/.venv/lib/python3.9/site-packages/airflow/example_dags/example_branch_python_dop_operator_3.py
[2023-03-27 21:14:29,152] {processor.py:651} INFO - DAG(s) dict_keys(['example_branch_dop_operator_v3']) retrieved from /Users/gabrielroger/Documents/projects/weather-data/.venv/lib/python3.9/site-packages/airflow/example_dags/example_branch_python_dop_operator_3.py
[2023-03-27 21:14:29,182] {logging_mixin.py:115} INFO - [2023-03-27 21:14:29,182] {dag.py:2379} INFO - Sync 1 DAGs
[2023-03-27 21:14:29,192] {logging_mixin.py:115} INFO - [2023-03-27 21:14:29,192] {dag.py:2927} INFO - Setting next_dagrun for example_branch_dop_operator_v3 to 2023-03-28T00:13:00+00:00, run_after=2023-03-28T00:14:00+00:00
[2023-03-27 21:14:29,197] {processor.py:161} INFO - Processing /Users/gabrielroger/Documents/projects/weather-data/.venv/lib/python3.9/site-packages/airflow/example_dags/example_branch_python_dop_operator_3.py took 0.061 seconds
[2023-03-27 21:15:30,778] {processor.py:153} INFO - Started process (PID=6633) to work on /Users/gabrielroger/Documents/projects/weather-data/.venv/lib/python3.9/site-packages/airflow/example_dags/example_branch_python_dop_operator_3.py
[2023-03-27 21:15:30,779] {processor.py:641} INFO - Processing file /Users/gabrielroger/Documents/projects/weather-data/.venv/lib/python3.9/site-packages/airflow/example_dags/example_branch_python_dop_operator_3.py for tasks to queue
[2023-03-27 21:15:30,779] {logging_mixin.py:115} INFO - [2023-03-27 21:15:30,779] {dagbag.py:507} INFO - Filling up the DagBag from /Users/gabrielroger/Documents/projects/weather-data/.venv/lib/python3.9/site-packages/airflow/example_dags/example_branch_python_dop_operator_3.py
[2023-03-27 21:15:30,794] {processor.py:651} INFO - DAG(s) dict_keys(['example_branch_dop_operator_v3']) retrieved from /Users/gabrielroger/Documents/projects/weather-data/.venv/lib/python3.9/site-packages/airflow/example_dags/example_branch_python_dop_operator_3.py
[2023-03-27 21:15:30,823] {logging_mixin.py:115} INFO - [2023-03-27 21:15:30,823] {dag.py:2379} INFO - Sync 1 DAGs
[2023-03-27 21:15:30,833] {logging_mixin.py:115} INFO - [2023-03-27 21:15:30,833] {dag.py:2927} INFO - Setting next_dagrun for example_branch_dop_operator_v3 to 2023-03-28T00:14:00+00:00, run_after=2023-03-28T00:15:00+00:00
[2023-03-27 21:15:30,838] {processor.py:161} INFO - Processing /Users/gabrielroger/Documents/projects/weather-data/.venv/lib/python3.9/site-packages/airflow/example_dags/example_branch_python_dop_operator_3.py took 0.060 seconds
[2023-03-27 21:16:38,192] {processor.py:153} INFO - Started process (PID=6744) to work on /Users/gabrielroger/Documents/projects/weather-data/.venv/lib/python3.9/site-packages/airflow/example_dags/example_branch_python_dop_operator_3.py
[2023-03-27 21:16:38,193] {processor.py:641} INFO - Processing file /Users/gabrielroger/Documents/projects/weather-data/.venv/lib/python3.9/site-packages/airflow/example_dags/example_branch_python_dop_operator_3.py for tasks to queue
[2023-03-27 21:16:38,193] {logging_mixin.py:115} INFO - [2023-03-27 21:16:38,193] {dagbag.py:507} INFO - Filling up the DagBag from /Users/gabrielroger/Documents/projects/weather-data/.venv/lib/python3.9/site-packages/airflow/example_dags/example_branch_python_dop_operator_3.py
[2023-03-27 21:16:38,208] {processor.py:651} INFO - DAG(s) dict_keys(['example_branch_dop_operator_v3']) retrieved from /Users/gabrielroger/Documents/projects/weather-data/.venv/lib/python3.9/site-packages/airflow/example_dags/example_branch_python_dop_operator_3.py
[2023-03-27 21:16:38,237] {logging_mixin.py:115} INFO - [2023-03-27 21:16:38,237] {dag.py:2379} INFO - Sync 1 DAGs
[2023-03-27 21:16:38,247] {logging_mixin.py:115} INFO - [2023-03-27 21:16:38,247] {dag.py:2927} INFO - Setting next_dagrun for example_branch_dop_operator_v3 to 2023-03-28T00:15:00+00:00, run_after=2023-03-28T00:16:00+00:00
[2023-03-27 21:16:38,252] {processor.py:161} INFO - Processing /Users/gabrielroger/Documents/projects/weather-data/.venv/lib/python3.9/site-packages/airflow/example_dags/example_branch_python_dop_operator_3.py took 0.060 seconds
[2023-03-27 21:17:41,875] {processor.py:153} INFO - Started process (PID=6850) to work on /Users/gabrielroger/Documents/projects/weather-data/.venv/lib/python3.9/site-packages/airflow/example_dags/example_branch_python_dop_operator_3.py
[2023-03-27 21:17:41,875] {processor.py:641} INFO - Processing file /Users/gabrielroger/Documents/projects/weather-data/.venv/lib/python3.9/site-packages/airflow/example_dags/example_branch_python_dop_operator_3.py for tasks to queue
[2023-03-27 21:17:41,875] {logging_mixin.py:115} INFO - [2023-03-27 21:17:41,875] {dagbag.py:507} INFO - Filling up the DagBag from /Users/gabrielroger/Documents/projects/weather-data/.venv/lib/python3.9/site-packages/airflow/example_dags/example_branch_python_dop_operator_3.py
[2023-03-27 21:17:41,890] {processor.py:651} INFO - DAG(s) dict_keys(['example_branch_dop_operator_v3']) retrieved from /Users/gabrielroger/Documents/projects/weather-data/.venv/lib/python3.9/site-packages/airflow/example_dags/example_branch_python_dop_operator_3.py
[2023-03-27 21:17:41,919] {logging_mixin.py:115} INFO - [2023-03-27 21:17:41,919] {dag.py:2379} INFO - Sync 1 DAGs
[2023-03-27 21:17:41,929] {logging_mixin.py:115} INFO - [2023-03-27 21:17:41,929] {dag.py:2927} INFO - Setting next_dagrun for example_branch_dop_operator_v3 to 2023-03-28T00:16:00+00:00, run_after=2023-03-28T00:17:00+00:00
[2023-03-27 21:17:41,935] {processor.py:161} INFO - Processing /Users/gabrielroger/Documents/projects/weather-data/.venv/lib/python3.9/site-packages/airflow/example_dags/example_branch_python_dop_operator_3.py took 0.060 seconds
[2023-03-27 21:18:45,491] {processor.py:153} INFO - Started process (PID=6961) to work on /Users/gabrielroger/Documents/projects/weather-data/.venv/lib/python3.9/site-packages/airflow/example_dags/example_branch_python_dop_operator_3.py
[2023-03-27 21:18:45,492] {processor.py:641} INFO - Processing file /Users/gabrielroger/Documents/projects/weather-data/.venv/lib/python3.9/site-packages/airflow/example_dags/example_branch_python_dop_operator_3.py for tasks to queue
[2023-03-27 21:18:45,492] {logging_mixin.py:115} INFO - [2023-03-27 21:18:45,492] {dagbag.py:507} INFO - Filling up the DagBag from /Users/gabrielroger/Documents/projects/weather-data/.venv/lib/python3.9/site-packages/airflow/example_dags/example_branch_python_dop_operator_3.py
[2023-03-27 21:18:45,507] {processor.py:651} INFO - DAG(s) dict_keys(['example_branch_dop_operator_v3']) retrieved from /Users/gabrielroger/Documents/projects/weather-data/.venv/lib/python3.9/site-packages/airflow/example_dags/example_branch_python_dop_operator_3.py
[2023-03-27 21:18:45,536] {logging_mixin.py:115} INFO - [2023-03-27 21:18:45,536] {dag.py:2379} INFO - Sync 1 DAGs
[2023-03-27 21:18:45,546] {logging_mixin.py:115} INFO - [2023-03-27 21:18:45,546] {dag.py:2927} INFO - Setting next_dagrun for example_branch_dop_operator_v3 to 2023-03-28T00:17:00+00:00, run_after=2023-03-28T00:18:00+00:00
[2023-03-27 21:18:45,551] {processor.py:161} INFO - Processing /Users/gabrielroger/Documents/projects/weather-data/.venv/lib/python3.9/site-packages/airflow/example_dags/example_branch_python_dop_operator_3.py took 0.060 seconds
[2023-03-27 21:19:51,653] {processor.py:153} INFO - Started process (PID=7072) to work on /Users/gabrielroger/Documents/projects/weather-data/.venv/lib/python3.9/site-packages/airflow/example_dags/example_branch_python_dop_operator_3.py
[2023-03-27 21:19:51,654] {processor.py:641} INFO - Processing file /Users/gabrielroger/Documents/projects/weather-data/.venv/lib/python3.9/site-packages/airflow/example_dags/example_branch_python_dop_operator_3.py for tasks to queue
[2023-03-27 21:19:51,654] {logging_mixin.py:115} INFO - [2023-03-27 21:19:51,654] {dagbag.py:507} INFO - Filling up the DagBag from /Users/gabrielroger/Documents/projects/weather-data/.venv/lib/python3.9/site-packages/airflow/example_dags/example_branch_python_dop_operator_3.py
[2023-03-27 21:19:51,668] {processor.py:651} INFO - DAG(s) dict_keys(['example_branch_dop_operator_v3']) retrieved from /Users/gabrielroger/Documents/projects/weather-data/.venv/lib/python3.9/site-packages/airflow/example_dags/example_branch_python_dop_operator_3.py
[2023-03-27 21:19:51,698] {logging_mixin.py:115} INFO - [2023-03-27 21:19:51,698] {dag.py:2379} INFO - Sync 1 DAGs
[2023-03-27 21:19:51,707] {logging_mixin.py:115} INFO - [2023-03-27 21:19:51,707] {dag.py:2927} INFO - Setting next_dagrun for example_branch_dop_operator_v3 to 2023-03-28T00:18:00+00:00, run_after=2023-03-28T00:19:00+00:00
[2023-03-27 21:19:51,713] {processor.py:161} INFO - Processing /Users/gabrielroger/Documents/projects/weather-data/.venv/lib/python3.9/site-packages/airflow/example_dags/example_branch_python_dop_operator_3.py took 0.060 seconds
[2023-03-27 21:20:59,392] {processor.py:153} INFO - Started process (PID=7183) to work on /Users/gabrielroger/Documents/projects/weather-data/.venv/lib/python3.9/site-packages/airflow/example_dags/example_branch_python_dop_operator_3.py
[2023-03-27 21:20:59,392] {processor.py:641} INFO - Processing file /Users/gabrielroger/Documents/projects/weather-data/.venv/lib/python3.9/site-packages/airflow/example_dags/example_branch_python_dop_operator_3.py for tasks to queue
[2023-03-27 21:20:59,393] {logging_mixin.py:115} INFO - [2023-03-27 21:20:59,392] {dagbag.py:507} INFO - Filling up the DagBag from /Users/gabrielroger/Documents/projects/weather-data/.venv/lib/python3.9/site-packages/airflow/example_dags/example_branch_python_dop_operator_3.py
[2023-03-27 21:20:59,407] {processor.py:651} INFO - DAG(s) dict_keys(['example_branch_dop_operator_v3']) retrieved from /Users/gabrielroger/Documents/projects/weather-data/.venv/lib/python3.9/site-packages/airflow/example_dags/example_branch_python_dop_operator_3.py
[2023-03-27 21:20:59,436] {logging_mixin.py:115} INFO - [2023-03-27 21:20:59,436] {dag.py:2379} INFO - Sync 1 DAGs
[2023-03-27 21:20:59,446] {logging_mixin.py:115} INFO - [2023-03-27 21:20:59,446] {dag.py:2927} INFO - Setting next_dagrun for example_branch_dop_operator_v3 to 2023-03-28T00:19:00+00:00, run_after=2023-03-28T00:20:00+00:00
[2023-03-27 21:20:59,451] {processor.py:161} INFO - Processing /Users/gabrielroger/Documents/projects/weather-data/.venv/lib/python3.9/site-packages/airflow/example_dags/example_branch_python_dop_operator_3.py took 0.059 seconds
[2023-03-27 21:22:08,144] {processor.py:153} INFO - Started process (PID=7295) to work on /Users/gabrielroger/Documents/projects/weather-data/.venv/lib/python3.9/site-packages/airflow/example_dags/example_branch_python_dop_operator_3.py
[2023-03-27 21:22:08,144] {processor.py:641} INFO - Processing file /Users/gabrielroger/Documents/projects/weather-data/.venv/lib/python3.9/site-packages/airflow/example_dags/example_branch_python_dop_operator_3.py for tasks to queue
[2023-03-27 21:22:08,144] {logging_mixin.py:115} INFO - [2023-03-27 21:22:08,144] {dagbag.py:507} INFO - Filling up the DagBag from /Users/gabrielroger/Documents/projects/weather-data/.venv/lib/python3.9/site-packages/airflow/example_dags/example_branch_python_dop_operator_3.py
[2023-03-27 21:22:08,158] {processor.py:651} INFO - DAG(s) dict_keys(['example_branch_dop_operator_v3']) retrieved from /Users/gabrielroger/Documents/projects/weather-data/.venv/lib/python3.9/site-packages/airflow/example_dags/example_branch_python_dop_operator_3.py
[2023-03-27 21:22:08,188] {logging_mixin.py:115} INFO - [2023-03-27 21:22:08,188] {dag.py:2379} INFO - Sync 1 DAGs
[2023-03-27 21:22:08,198] {logging_mixin.py:115} INFO - [2023-03-27 21:22:08,198] {dag.py:2927} INFO - Setting next_dagrun for example_branch_dop_operator_v3 to 2023-03-28T00:21:00+00:00, run_after=2023-03-28T00:22:00+00:00
[2023-03-27 21:22:08,203] {processor.py:161} INFO - Processing /Users/gabrielroger/Documents/projects/weather-data/.venv/lib/python3.9/site-packages/airflow/example_dags/example_branch_python_dop_operator_3.py took 0.060 seconds
[2023-03-27 21:23:12,617] {processor.py:153} INFO - Started process (PID=7404) to work on /Users/gabrielroger/Documents/projects/weather-data/.venv/lib/python3.9/site-packages/airflow/example_dags/example_branch_python_dop_operator_3.py
[2023-03-27 21:23:12,618] {processor.py:641} INFO - Processing file /Users/gabrielroger/Documents/projects/weather-data/.venv/lib/python3.9/site-packages/airflow/example_dags/example_branch_python_dop_operator_3.py for tasks to queue
[2023-03-27 21:23:12,618] {logging_mixin.py:115} INFO - [2023-03-27 21:23:12,618] {dagbag.py:507} INFO - Filling up the DagBag from /Users/gabrielroger/Documents/projects/weather-data/.venv/lib/python3.9/site-packages/airflow/example_dags/example_branch_python_dop_operator_3.py
[2023-03-27 21:23:12,632] {processor.py:651} INFO - DAG(s) dict_keys(['example_branch_dop_operator_v3']) retrieved from /Users/gabrielroger/Documents/projects/weather-data/.venv/lib/python3.9/site-packages/airflow/example_dags/example_branch_python_dop_operator_3.py
[2023-03-27 21:23:12,662] {logging_mixin.py:115} INFO - [2023-03-27 21:23:12,662] {dag.py:2379} INFO - Sync 1 DAGs
[2023-03-27 21:23:12,672] {logging_mixin.py:115} INFO - [2023-03-27 21:23:12,672] {dag.py:2927} INFO - Setting next_dagrun for example_branch_dop_operator_v3 to 2023-03-28T00:22:00+00:00, run_after=2023-03-28T00:23:00+00:00
[2023-03-27 21:23:12,677] {processor.py:161} INFO - Processing /Users/gabrielroger/Documents/projects/weather-data/.venv/lib/python3.9/site-packages/airflow/example_dags/example_branch_python_dop_operator_3.py took 0.060 seconds
[2023-03-27 21:24:19,255] {processor.py:153} INFO - Started process (PID=7523) to work on /Users/gabrielroger/Documents/projects/weather-data/.venv/lib/python3.9/site-packages/airflow/example_dags/example_branch_python_dop_operator_3.py
[2023-03-27 21:24:19,255] {processor.py:641} INFO - Processing file /Users/gabrielroger/Documents/projects/weather-data/.venv/lib/python3.9/site-packages/airflow/example_dags/example_branch_python_dop_operator_3.py for tasks to queue
[2023-03-27 21:24:19,255] {logging_mixin.py:115} INFO - [2023-03-27 21:24:19,255] {dagbag.py:507} INFO - Filling up the DagBag from /Users/gabrielroger/Documents/projects/weather-data/.venv/lib/python3.9/site-packages/airflow/example_dags/example_branch_python_dop_operator_3.py
[2023-03-27 21:24:19,272] {processor.py:651} INFO - DAG(s) dict_keys(['example_branch_dop_operator_v3']) retrieved from /Users/gabrielroger/Documents/projects/weather-data/.venv/lib/python3.9/site-packages/airflow/example_dags/example_branch_python_dop_operator_3.py
[2023-03-27 21:24:19,304] {logging_mixin.py:115} INFO - [2023-03-27 21:24:19,303] {dag.py:2379} INFO - Sync 1 DAGs
[2023-03-27 21:24:19,313] {logging_mixin.py:115} INFO - [2023-03-27 21:24:19,313] {dag.py:2927} INFO - Setting next_dagrun for example_branch_dop_operator_v3 to 2023-03-28T00:23:00+00:00, run_after=2023-03-28T00:24:00+00:00
[2023-03-27 21:24:19,318] {processor.py:161} INFO - Processing /Users/gabrielroger/Documents/projects/weather-data/.venv/lib/python3.9/site-packages/airflow/example_dags/example_branch_python_dop_operator_3.py took 0.064 seconds
[2023-03-27 21:25:24,563] {processor.py:153} INFO - Started process (PID=7662) to work on /Users/gabrielroger/Documents/projects/weather-data/.venv/lib/python3.9/site-packages/airflow/example_dags/example_branch_python_dop_operator_3.py
[2023-03-27 21:25:24,564] {processor.py:641} INFO - Processing file /Users/gabrielroger/Documents/projects/weather-data/.venv/lib/python3.9/site-packages/airflow/example_dags/example_branch_python_dop_operator_3.py for tasks to queue
[2023-03-27 21:25:24,564] {logging_mixin.py:115} INFO - [2023-03-27 21:25:24,564] {dagbag.py:507} INFO - Filling up the DagBag from /Users/gabrielroger/Documents/projects/weather-data/.venv/lib/python3.9/site-packages/airflow/example_dags/example_branch_python_dop_operator_3.py
[2023-03-27 21:25:24,579] {processor.py:651} INFO - DAG(s) dict_keys(['example_branch_dop_operator_v3']) retrieved from /Users/gabrielroger/Documents/projects/weather-data/.venv/lib/python3.9/site-packages/airflow/example_dags/example_branch_python_dop_operator_3.py
[2023-03-27 21:25:24,609] {logging_mixin.py:115} INFO - [2023-03-27 21:25:24,609] {dag.py:2379} INFO - Sync 1 DAGs
[2023-03-27 21:25:24,619] {logging_mixin.py:115} INFO - [2023-03-27 21:25:24,618] {dag.py:2927} INFO - Setting next_dagrun for example_branch_dop_operator_v3 to 2023-03-28T00:24:00+00:00, run_after=2023-03-28T00:25:00+00:00
[2023-03-27 21:25:24,624] {processor.py:161} INFO - Processing /Users/gabrielroger/Documents/projects/weather-data/.venv/lib/python3.9/site-packages/airflow/example_dags/example_branch_python_dop_operator_3.py took 0.061 seconds
[2023-03-27 21:26:32,420] {processor.py:153} INFO - Started process (PID=7779) to work on /Users/gabrielroger/Documents/projects/weather-data/.venv/lib/python3.9/site-packages/airflow/example_dags/example_branch_python_dop_operator_3.py
[2023-03-27 21:26:32,420] {processor.py:641} INFO - Processing file /Users/gabrielroger/Documents/projects/weather-data/.venv/lib/python3.9/site-packages/airflow/example_dags/example_branch_python_dop_operator_3.py for tasks to queue
[2023-03-27 21:26:32,420] {logging_mixin.py:115} INFO - [2023-03-27 21:26:32,420] {dagbag.py:507} INFO - Filling up the DagBag from /Users/gabrielroger/Documents/projects/weather-data/.venv/lib/python3.9/site-packages/airflow/example_dags/example_branch_python_dop_operator_3.py
[2023-03-27 21:26:32,436] {processor.py:651} INFO - DAG(s) dict_keys(['example_branch_dop_operator_v3']) retrieved from /Users/gabrielroger/Documents/projects/weather-data/.venv/lib/python3.9/site-packages/airflow/example_dags/example_branch_python_dop_operator_3.py
[2023-03-27 21:26:32,465] {logging_mixin.py:115} INFO - [2023-03-27 21:26:32,465] {dag.py:2379} INFO - Sync 1 DAGs
[2023-03-27 21:26:32,475] {logging_mixin.py:115} INFO - [2023-03-27 21:26:32,475] {dag.py:2927} INFO - Setting next_dagrun for example_branch_dop_operator_v3 to 2023-03-28T00:25:00+00:00, run_after=2023-03-28T00:26:00+00:00
[2023-03-27 21:26:32,480] {processor.py:161} INFO - Processing /Users/gabrielroger/Documents/projects/weather-data/.venv/lib/python3.9/site-packages/airflow/example_dags/example_branch_python_dop_operator_3.py took 0.060 seconds
[2023-03-27 21:27:38,383] {processor.py:153} INFO - Started process (PID=7888) to work on /Users/gabrielroger/Documents/projects/weather-data/.venv/lib/python3.9/site-packages/airflow/example_dags/example_branch_python_dop_operator_3.py
[2023-03-27 21:27:38,384] {processor.py:641} INFO - Processing file /Users/gabrielroger/Documents/projects/weather-data/.venv/lib/python3.9/site-packages/airflow/example_dags/example_branch_python_dop_operator_3.py for tasks to queue
[2023-03-27 21:27:38,384] {logging_mixin.py:115} INFO - [2023-03-27 21:27:38,384] {dagbag.py:507} INFO - Filling up the DagBag from /Users/gabrielroger/Documents/projects/weather-data/.venv/lib/python3.9/site-packages/airflow/example_dags/example_branch_python_dop_operator_3.py
[2023-03-27 21:27:38,398] {processor.py:651} INFO - DAG(s) dict_keys(['example_branch_dop_operator_v3']) retrieved from /Users/gabrielroger/Documents/projects/weather-data/.venv/lib/python3.9/site-packages/airflow/example_dags/example_branch_python_dop_operator_3.py
[2023-03-27 21:27:38,427] {logging_mixin.py:115} INFO - [2023-03-27 21:27:38,427] {dag.py:2379} INFO - Sync 1 DAGs
[2023-03-27 21:27:38,437] {logging_mixin.py:115} INFO - [2023-03-27 21:27:38,437] {dag.py:2927} INFO - Setting next_dagrun for example_branch_dop_operator_v3 to 2023-03-28T00:26:00+00:00, run_after=2023-03-28T00:27:00+00:00
[2023-03-27 21:27:38,442] {processor.py:161} INFO - Processing /Users/gabrielroger/Documents/projects/weather-data/.venv/lib/python3.9/site-packages/airflow/example_dags/example_branch_python_dop_operator_3.py took 0.059 seconds
[2023-03-27 21:28:43,201] {processor.py:153} INFO - Started process (PID=8006) to work on /Users/gabrielroger/Documents/projects/weather-data/.venv/lib/python3.9/site-packages/airflow/example_dags/example_branch_python_dop_operator_3.py
[2023-03-27 21:28:43,201] {processor.py:641} INFO - Processing file /Users/gabrielroger/Documents/projects/weather-data/.venv/lib/python3.9/site-packages/airflow/example_dags/example_branch_python_dop_operator_3.py for tasks to queue
[2023-03-27 21:28:43,201] {logging_mixin.py:115} INFO - [2023-03-27 21:28:43,201] {dagbag.py:507} INFO - Filling up the DagBag from /Users/gabrielroger/Documents/projects/weather-data/.venv/lib/python3.9/site-packages/airflow/example_dags/example_branch_python_dop_operator_3.py
[2023-03-27 21:28:43,215] {processor.py:651} INFO - DAG(s) dict_keys(['example_branch_dop_operator_v3']) retrieved from /Users/gabrielroger/Documents/projects/weather-data/.venv/lib/python3.9/site-packages/airflow/example_dags/example_branch_python_dop_operator_3.py
[2023-03-27 21:28:43,245] {logging_mixin.py:115} INFO - [2023-03-27 21:28:43,244] {dag.py:2379} INFO - Sync 1 DAGs
[2023-03-27 21:28:43,254] {logging_mixin.py:115} INFO - [2023-03-27 21:28:43,254] {dag.py:2927} INFO - Setting next_dagrun for example_branch_dop_operator_v3 to 2023-03-28T00:27:00+00:00, run_after=2023-03-28T00:28:00+00:00
[2023-03-27 21:28:43,260] {processor.py:161} INFO - Processing /Users/gabrielroger/Documents/projects/weather-data/.venv/lib/python3.9/site-packages/airflow/example_dags/example_branch_python_dop_operator_3.py took 0.059 seconds
[2023-03-27 21:29:46,493] {processor.py:153} INFO - Started process (PID=8133) to work on /Users/gabrielroger/Documents/projects/weather-data/.venv/lib/python3.9/site-packages/airflow/example_dags/example_branch_python_dop_operator_3.py
[2023-03-27 21:29:46,494] {processor.py:641} INFO - Processing file /Users/gabrielroger/Documents/projects/weather-data/.venv/lib/python3.9/site-packages/airflow/example_dags/example_branch_python_dop_operator_3.py for tasks to queue
[2023-03-27 21:29:46,494] {logging_mixin.py:115} INFO - [2023-03-27 21:29:46,494] {dagbag.py:507} INFO - Filling up the DagBag from /Users/gabrielroger/Documents/projects/weather-data/.venv/lib/python3.9/site-packages/airflow/example_dags/example_branch_python_dop_operator_3.py
[2023-03-27 21:29:46,508] {processor.py:651} INFO - DAG(s) dict_keys(['example_branch_dop_operator_v3']) retrieved from /Users/gabrielroger/Documents/projects/weather-data/.venv/lib/python3.9/site-packages/airflow/example_dags/example_branch_python_dop_operator_3.py
[2023-03-27 21:29:46,538] {logging_mixin.py:115} INFO - [2023-03-27 21:29:46,538] {dag.py:2379} INFO - Sync 1 DAGs
[2023-03-27 21:29:46,548] {logging_mixin.py:115} INFO - [2023-03-27 21:29:46,548] {dag.py:2927} INFO - Setting next_dagrun for example_branch_dop_operator_v3 to 2023-03-28T00:28:00+00:00, run_after=2023-03-28T00:29:00+00:00
[2023-03-27 21:29:46,553] {processor.py:161} INFO - Processing /Users/gabrielroger/Documents/projects/weather-data/.venv/lib/python3.9/site-packages/airflow/example_dags/example_branch_python_dop_operator_3.py took 0.060 seconds
[2023-03-27 21:30:51,308] {processor.py:153} INFO - Started process (PID=8260) to work on /Users/gabrielroger/Documents/projects/weather-data/.venv/lib/python3.9/site-packages/airflow/example_dags/example_branch_python_dop_operator_3.py
[2023-03-27 21:30:51,308] {processor.py:641} INFO - Processing file /Users/gabrielroger/Documents/projects/weather-data/.venv/lib/python3.9/site-packages/airflow/example_dags/example_branch_python_dop_operator_3.py for tasks to queue
[2023-03-27 21:30:51,309] {logging_mixin.py:115} INFO - [2023-03-27 21:30:51,309] {dagbag.py:507} INFO - Filling up the DagBag from /Users/gabrielroger/Documents/projects/weather-data/.venv/lib/python3.9/site-packages/airflow/example_dags/example_branch_python_dop_operator_3.py
[2023-03-27 21:30:51,323] {processor.py:651} INFO - DAG(s) dict_keys(['example_branch_dop_operator_v3']) retrieved from /Users/gabrielroger/Documents/projects/weather-data/.venv/lib/python3.9/site-packages/airflow/example_dags/example_branch_python_dop_operator_3.py
[2023-03-27 21:30:51,352] {logging_mixin.py:115} INFO - [2023-03-27 21:30:51,352] {dag.py:2379} INFO - Sync 1 DAGs
[2023-03-27 21:30:51,362] {logging_mixin.py:115} INFO - [2023-03-27 21:30:51,362] {dag.py:2927} INFO - Setting next_dagrun for example_branch_dop_operator_v3 to 2023-03-28T00:29:00+00:00, run_after=2023-03-28T00:30:00+00:00
[2023-03-27 21:30:51,367] {processor.py:161} INFO - Processing /Users/gabrielroger/Documents/projects/weather-data/.venv/lib/python3.9/site-packages/airflow/example_dags/example_branch_python_dop_operator_3.py took 0.059 seconds
[2023-03-27 21:31:55,746] {processor.py:153} INFO - Started process (PID=8366) to work on /Users/gabrielroger/Documents/projects/weather-data/.venv/lib/python3.9/site-packages/airflow/example_dags/example_branch_python_dop_operator_3.py
[2023-03-27 21:31:55,746] {processor.py:641} INFO - Processing file /Users/gabrielroger/Documents/projects/weather-data/.venv/lib/python3.9/site-packages/airflow/example_dags/example_branch_python_dop_operator_3.py for tasks to queue
[2023-03-27 21:31:55,746] {logging_mixin.py:115} INFO - [2023-03-27 21:31:55,746] {dagbag.py:507} INFO - Filling up the DagBag from /Users/gabrielroger/Documents/projects/weather-data/.venv/lib/python3.9/site-packages/airflow/example_dags/example_branch_python_dop_operator_3.py
[2023-03-27 21:31:55,761] {processor.py:651} INFO - DAG(s) dict_keys(['example_branch_dop_operator_v3']) retrieved from /Users/gabrielroger/Documents/projects/weather-data/.venv/lib/python3.9/site-packages/airflow/example_dags/example_branch_python_dop_operator_3.py
[2023-03-27 21:31:55,790] {logging_mixin.py:115} INFO - [2023-03-27 21:31:55,790] {dag.py:2379} INFO - Sync 1 DAGs
[2023-03-27 21:31:55,800] {logging_mixin.py:115} INFO - [2023-03-27 21:31:55,800] {dag.py:2927} INFO - Setting next_dagrun for example_branch_dop_operator_v3 to 2023-03-28T00:30:00+00:00, run_after=2023-03-28T00:31:00+00:00
[2023-03-27 21:31:55,806] {processor.py:161} INFO - Processing /Users/gabrielroger/Documents/projects/weather-data/.venv/lib/python3.9/site-packages/airflow/example_dags/example_branch_python_dop_operator_3.py took 0.060 seconds
[2023-03-27 21:33:03,254] {processor.py:153} INFO - Started process (PID=8477) to work on /Users/gabrielroger/Documents/projects/weather-data/.venv/lib/python3.9/site-packages/airflow/example_dags/example_branch_python_dop_operator_3.py
[2023-03-27 21:33:03,254] {processor.py:641} INFO - Processing file /Users/gabrielroger/Documents/projects/weather-data/.venv/lib/python3.9/site-packages/airflow/example_dags/example_branch_python_dop_operator_3.py for tasks to queue
[2023-03-27 21:33:03,255] {logging_mixin.py:115} INFO - [2023-03-27 21:33:03,255] {dagbag.py:507} INFO - Filling up the DagBag from /Users/gabrielroger/Documents/projects/weather-data/.venv/lib/python3.9/site-packages/airflow/example_dags/example_branch_python_dop_operator_3.py
[2023-03-27 21:33:03,270] {processor.py:651} INFO - DAG(s) dict_keys(['example_branch_dop_operator_v3']) retrieved from /Users/gabrielroger/Documents/projects/weather-data/.venv/lib/python3.9/site-packages/airflow/example_dags/example_branch_python_dop_operator_3.py
[2023-03-27 21:33:03,300] {logging_mixin.py:115} INFO - [2023-03-27 21:33:03,300] {dag.py:2379} INFO - Sync 1 DAGs
[2023-03-27 21:33:03,310] {logging_mixin.py:115} INFO - [2023-03-27 21:33:03,310] {dag.py:2927} INFO - Setting next_dagrun for example_branch_dop_operator_v3 to 2023-03-28T00:32:00+00:00, run_after=2023-03-28T00:33:00+00:00
[2023-03-27 21:33:03,315] {processor.py:161} INFO - Processing /Users/gabrielroger/Documents/projects/weather-data/.venv/lib/python3.9/site-packages/airflow/example_dags/example_branch_python_dop_operator_3.py took 0.061 seconds
[2023-03-27 21:34:10,263] {processor.py:153} INFO - Started process (PID=8593) to work on /Users/gabrielroger/Documents/projects/weather-data/.venv/lib/python3.9/site-packages/airflow/example_dags/example_branch_python_dop_operator_3.py
[2023-03-27 21:34:10,263] {processor.py:641} INFO - Processing file /Users/gabrielroger/Documents/projects/weather-data/.venv/lib/python3.9/site-packages/airflow/example_dags/example_branch_python_dop_operator_3.py for tasks to queue
[2023-03-27 21:34:10,263] {logging_mixin.py:115} INFO - [2023-03-27 21:34:10,263] {dagbag.py:507} INFO - Filling up the DagBag from /Users/gabrielroger/Documents/projects/weather-data/.venv/lib/python3.9/site-packages/airflow/example_dags/example_branch_python_dop_operator_3.py
[2023-03-27 21:34:10,277] {processor.py:651} INFO - DAG(s) dict_keys(['example_branch_dop_operator_v3']) retrieved from /Users/gabrielroger/Documents/projects/weather-data/.venv/lib/python3.9/site-packages/airflow/example_dags/example_branch_python_dop_operator_3.py
[2023-03-27 21:34:10,306] {logging_mixin.py:115} INFO - [2023-03-27 21:34:10,306] {dag.py:2379} INFO - Sync 1 DAGs
[2023-03-27 21:34:10,316] {logging_mixin.py:115} INFO - [2023-03-27 21:34:10,316] {dag.py:2927} INFO - Setting next_dagrun for example_branch_dop_operator_v3 to 2023-03-28T00:33:00+00:00, run_after=2023-03-28T00:34:00+00:00
[2023-03-27 21:34:10,321] {processor.py:161} INFO - Processing /Users/gabrielroger/Documents/projects/weather-data/.venv/lib/python3.9/site-packages/airflow/example_dags/example_branch_python_dop_operator_3.py took 0.059 seconds
[2023-03-27 22:00:07,634] {processor.py:153} INFO - Started process (PID=8774) to work on /Users/gabrielroger/Documents/projects/weather-data/.venv/lib/python3.9/site-packages/airflow/example_dags/example_branch_python_dop_operator_3.py
[2023-03-27 22:00:07,635] {processor.py:641} INFO - Processing file /Users/gabrielroger/Documents/projects/weather-data/.venv/lib/python3.9/site-packages/airflow/example_dags/example_branch_python_dop_operator_3.py for tasks to queue
[2023-03-27 22:00:07,635] {logging_mixin.py:115} INFO - [2023-03-27 22:00:07,635] {dagbag.py:507} INFO - Filling up the DagBag from /Users/gabrielroger/Documents/projects/weather-data/.venv/lib/python3.9/site-packages/airflow/example_dags/example_branch_python_dop_operator_3.py
[2023-03-27 22:00:07,650] {processor.py:651} INFO - DAG(s) dict_keys(['example_branch_dop_operator_v3']) retrieved from /Users/gabrielroger/Documents/projects/weather-data/.venv/lib/python3.9/site-packages/airflow/example_dags/example_branch_python_dop_operator_3.py
[2023-03-27 22:00:07,678] {logging_mixin.py:115} INFO - [2023-03-27 22:00:07,678] {dag.py:2379} INFO - Sync 1 DAGs
[2023-03-27 22:00:07,688] {logging_mixin.py:115} INFO - [2023-03-27 22:00:07,688] {dag.py:2927} INFO - Setting next_dagrun for example_branch_dop_operator_v3 to 2023-03-28T00:59:00+00:00, run_after=2023-03-28T01:00:00+00:00
[2023-03-27 22:00:07,693] {processor.py:161} INFO - Processing /Users/gabrielroger/Documents/projects/weather-data/.venv/lib/python3.9/site-packages/airflow/example_dags/example_branch_python_dop_operator_3.py took 0.059 seconds
[2023-03-27 22:56:23,886] {processor.py:153} INFO - Started process (PID=8935) to work on /Users/gabrielroger/Documents/projects/weather-data/.venv/lib/python3.9/site-packages/airflow/example_dags/example_branch_python_dop_operator_3.py
[2023-03-27 22:56:23,886] {processor.py:641} INFO - Processing file /Users/gabrielroger/Documents/projects/weather-data/.venv/lib/python3.9/site-packages/airflow/example_dags/example_branch_python_dop_operator_3.py for tasks to queue
[2023-03-27 22:56:23,886] {logging_mixin.py:115} INFO - [2023-03-27 22:56:23,886] {dagbag.py:507} INFO - Filling up the DagBag from /Users/gabrielroger/Documents/projects/weather-data/.venv/lib/python3.9/site-packages/airflow/example_dags/example_branch_python_dop_operator_3.py
[2023-03-27 22:56:23,901] {processor.py:651} INFO - DAG(s) dict_keys(['example_branch_dop_operator_v3']) retrieved from /Users/gabrielroger/Documents/projects/weather-data/.venv/lib/python3.9/site-packages/airflow/example_dags/example_branch_python_dop_operator_3.py
[2023-03-27 22:56:23,931] {logging_mixin.py:115} INFO - [2023-03-27 22:56:23,930] {dag.py:2379} INFO - Sync 1 DAGs
[2023-03-27 22:56:23,940] {logging_mixin.py:115} INFO - [2023-03-27 22:56:23,940] {dag.py:2927} INFO - Setting next_dagrun for example_branch_dop_operator_v3 to 2023-03-28T01:55:00+00:00, run_after=2023-03-28T01:56:00+00:00
[2023-03-27 22:56:23,945] {processor.py:161} INFO - Processing /Users/gabrielroger/Documents/projects/weather-data/.venv/lib/python3.9/site-packages/airflow/example_dags/example_branch_python_dop_operator_3.py took 0.060 seconds
