[2023-03-27 21:09:56,437] {processor.py:153} INFO - Started process (PID=6068) to work on /Users/gabrielroger/Documents/projects/weather-data/.venv/lib/python3.9/site-packages/airflow/example_dags/example_subdag_operator.py
[2023-03-27 21:09:56,437] {processor.py:641} INFO - Processing file /Users/gabrielroger/Documents/projects/weather-data/.venv/lib/python3.9/site-packages/airflow/example_dags/example_subdag_operator.py for tasks to queue
[2023-03-27 21:09:56,437] {logging_mixin.py:115} INFO - [2023-03-27 21:09:56,437] {dagbag.py:507} INFO - Filling up the DagBag from /Users/gabrielroger/Documents/projects/weather-data/.venv/lib/python3.9/site-packages/airflow/example_dags/example_subdag_operator.py
[2023-03-27 21:09:56,468] {processor.py:651} INFO - DAG(s) dict_keys(['example_subdag_operator.section-1', 'example_subdag_operator.section-2', 'example_subdag_operator']) retrieved from /Users/gabrielroger/Documents/projects/weather-data/.venv/lib/python3.9/site-packages/airflow/example_dags/example_subdag_operator.py
[2023-03-27 21:09:56,486] {logging_mixin.py:115} INFO - [2023-03-27 21:09:56,486] {dag.py:2379} INFO - Sync 3 DAGs
[2023-03-27 21:09:56,493] {logging_mixin.py:115} INFO - [2023-03-27 21:09:56,493] {dag.py:2927} INFO - Setting next_dagrun for example_subdag_operator to 2022-01-01T00:00:00+00:00, run_after=2022-01-01T00:00:00+00:00
[2023-03-27 21:09:56,493] {logging_mixin.py:115} INFO - [2023-03-27 21:09:56,493] {dag.py:2927} INFO - Setting next_dagrun for example_subdag_operator.section-1 to None, run_after=None
[2023-03-27 21:09:56,493] {logging_mixin.py:115} INFO - [2023-03-27 21:09:56,493] {dag.py:2927} INFO - Setting next_dagrun for example_subdag_operator.section-2 to None, run_after=None
[2023-03-27 21:09:56,496] {logging_mixin.py:115} INFO - [2023-03-27 21:09:56,496] {dag.py:2379} INFO - Sync 2 DAGs
[2023-03-27 21:09:56,497] {logging_mixin.py:115} INFO - [2023-03-27 21:09:56,497] {dag.py:2927} INFO - Setting next_dagrun for example_subdag_operator.section-1 to None, run_after=None
[2023-03-27 21:09:56,497] {logging_mixin.py:115} INFO - [2023-03-27 21:09:56,497] {dag.py:2927} INFO - Setting next_dagrun for example_subdag_operator.section-2 to None, run_after=None
[2023-03-27 21:09:56,501] {processor.py:161} INFO - Processing /Users/gabrielroger/Documents/projects/weather-data/.venv/lib/python3.9/site-packages/airflow/example_dags/example_subdag_operator.py took 0.064 seconds
[2023-03-27 21:10:48,073] {processor.py:153} INFO - Started process (PID=6158) to work on /Users/gabrielroger/Documents/projects/weather-data/.venv/lib/python3.9/site-packages/airflow/example_dags/example_subdag_operator.py
[2023-03-27 21:10:48,074] {processor.py:641} INFO - Processing file /Users/gabrielroger/Documents/projects/weather-data/.venv/lib/python3.9/site-packages/airflow/example_dags/example_subdag_operator.py for tasks to queue
[2023-03-27 21:10:48,074] {logging_mixin.py:115} INFO - [2023-03-27 21:10:48,074] {dagbag.py:507} INFO - Filling up the DagBag from /Users/gabrielroger/Documents/projects/weather-data/.venv/lib/python3.9/site-packages/airflow/example_dags/example_subdag_operator.py
[2023-03-27 21:10:48,109] {processor.py:651} INFO - DAG(s) dict_keys(['example_subdag_operator.section-1', 'example_subdag_operator.section-2', 'example_subdag_operator']) retrieved from /Users/gabrielroger/Documents/projects/weather-data/.venv/lib/python3.9/site-packages/airflow/example_dags/example_subdag_operator.py
[2023-03-27 21:10:48,132] {logging_mixin.py:115} INFO - [2023-03-27 21:10:48,132] {dag.py:2379} INFO - Sync 3 DAGs
[2023-03-27 21:10:48,140] {logging_mixin.py:115} INFO - [2023-03-27 21:10:48,140] {dag.py:2927} INFO - Setting next_dagrun for example_subdag_operator to 2022-01-01T00:00:00+00:00, run_after=2022-01-01T00:00:00+00:00
[2023-03-27 21:10:48,140] {logging_mixin.py:115} INFO - [2023-03-27 21:10:48,140] {dag.py:2927} INFO - Setting next_dagrun for example_subdag_operator.section-1 to None, run_after=None
[2023-03-27 21:10:48,140] {logging_mixin.py:115} INFO - [2023-03-27 21:10:48,140] {dag.py:2927} INFO - Setting next_dagrun for example_subdag_operator.section-2 to None, run_after=None
[2023-03-27 21:10:48,142] {logging_mixin.py:115} INFO - [2023-03-27 21:10:48,142] {dag.py:2379} INFO - Sync 2 DAGs
[2023-03-27 21:10:48,145] {logging_mixin.py:115} INFO - [2023-03-27 21:10:48,145] {dag.py:2927} INFO - Setting next_dagrun for example_subdag_operator.section-1 to None, run_after=None
[2023-03-27 21:10:48,145] {logging_mixin.py:115} INFO - [2023-03-27 21:10:48,145] {dag.py:2927} INFO - Setting next_dagrun for example_subdag_operator.section-2 to None, run_after=None
[2023-03-27 21:10:48,151] {processor.py:161} INFO - Processing /Users/gabrielroger/Documents/projects/weather-data/.venv/lib/python3.9/site-packages/airflow/example_dags/example_subdag_operator.py took 0.079 seconds
[2023-03-27 21:11:39,672] {processor.py:153} INFO - Started process (PID=6249) to work on /Users/gabrielroger/Documents/projects/weather-data/.venv/lib/python3.9/site-packages/airflow/example_dags/example_subdag_operator.py
[2023-03-27 21:11:39,673] {processor.py:641} INFO - Processing file /Users/gabrielroger/Documents/projects/weather-data/.venv/lib/python3.9/site-packages/airflow/example_dags/example_subdag_operator.py for tasks to queue
[2023-03-27 21:11:39,673] {logging_mixin.py:115} INFO - [2023-03-27 21:11:39,673] {dagbag.py:507} INFO - Filling up the DagBag from /Users/gabrielroger/Documents/projects/weather-data/.venv/lib/python3.9/site-packages/airflow/example_dags/example_subdag_operator.py
[2023-03-27 21:11:39,701] {processor.py:651} INFO - DAG(s) dict_keys(['example_subdag_operator.section-1', 'example_subdag_operator.section-2', 'example_subdag_operator']) retrieved from /Users/gabrielroger/Documents/projects/weather-data/.venv/lib/python3.9/site-packages/airflow/example_dags/example_subdag_operator.py
[2023-03-27 21:11:39,719] {logging_mixin.py:115} INFO - [2023-03-27 21:11:39,719] {dag.py:2379} INFO - Sync 3 DAGs
[2023-03-27 21:11:39,726] {logging_mixin.py:115} INFO - [2023-03-27 21:11:39,726] {dag.py:2927} INFO - Setting next_dagrun for example_subdag_operator to 2022-01-01T00:00:00+00:00, run_after=2022-01-01T00:00:00+00:00
[2023-03-27 21:11:39,726] {logging_mixin.py:115} INFO - [2023-03-27 21:11:39,726] {dag.py:2927} INFO - Setting next_dagrun for example_subdag_operator.section-1 to None, run_after=None
[2023-03-27 21:11:39,726] {logging_mixin.py:115} INFO - [2023-03-27 21:11:39,726] {dag.py:2927} INFO - Setting next_dagrun for example_subdag_operator.section-2 to None, run_after=None
[2023-03-27 21:11:39,728] {logging_mixin.py:115} INFO - [2023-03-27 21:11:39,728] {dag.py:2379} INFO - Sync 2 DAGs
[2023-03-27 21:11:39,730] {logging_mixin.py:115} INFO - [2023-03-27 21:11:39,730] {dag.py:2927} INFO - Setting next_dagrun for example_subdag_operator.section-1 to None, run_after=None
[2023-03-27 21:11:39,730] {logging_mixin.py:115} INFO - [2023-03-27 21:11:39,730] {dag.py:2927} INFO - Setting next_dagrun for example_subdag_operator.section-2 to None, run_after=None
[2023-03-27 21:11:39,734] {processor.py:161} INFO - Processing /Users/gabrielroger/Documents/projects/weather-data/.venv/lib/python3.9/site-packages/airflow/example_dags/example_subdag_operator.py took 0.062 seconds
[2023-03-27 21:12:26,536] {processor.py:153} INFO - Started process (PID=6324) to work on /Users/gabrielroger/Documents/projects/weather-data/.venv/lib/python3.9/site-packages/airflow/example_dags/example_subdag_operator.py
[2023-03-27 21:12:26,537] {processor.py:641} INFO - Processing file /Users/gabrielroger/Documents/projects/weather-data/.venv/lib/python3.9/site-packages/airflow/example_dags/example_subdag_operator.py for tasks to queue
[2023-03-27 21:12:26,537] {logging_mixin.py:115} INFO - [2023-03-27 21:12:26,537] {dagbag.py:507} INFO - Filling up the DagBag from /Users/gabrielroger/Documents/projects/weather-data/.venv/lib/python3.9/site-packages/airflow/example_dags/example_subdag_operator.py
[2023-03-27 21:12:26,566] {processor.py:651} INFO - DAG(s) dict_keys(['example_subdag_operator.section-1', 'example_subdag_operator.section-2', 'example_subdag_operator']) retrieved from /Users/gabrielroger/Documents/projects/weather-data/.venv/lib/python3.9/site-packages/airflow/example_dags/example_subdag_operator.py
[2023-03-27 21:12:26,583] {logging_mixin.py:115} INFO - [2023-03-27 21:12:26,583] {dag.py:2379} INFO - Sync 3 DAGs
[2023-03-27 21:12:26,590] {logging_mixin.py:115} INFO - [2023-03-27 21:12:26,590] {dag.py:2927} INFO - Setting next_dagrun for example_subdag_operator to 2022-01-01T00:00:00+00:00, run_after=2022-01-01T00:00:00+00:00
[2023-03-27 21:12:26,590] {logging_mixin.py:115} INFO - [2023-03-27 21:12:26,590] {dag.py:2927} INFO - Setting next_dagrun for example_subdag_operator.section-1 to None, run_after=None
[2023-03-27 21:12:26,591] {logging_mixin.py:115} INFO - [2023-03-27 21:12:26,591] {dag.py:2927} INFO - Setting next_dagrun for example_subdag_operator.section-2 to None, run_after=None
[2023-03-27 21:12:26,593] {logging_mixin.py:115} INFO - [2023-03-27 21:12:26,593] {dag.py:2379} INFO - Sync 2 DAGs
[2023-03-27 21:12:26,594] {logging_mixin.py:115} INFO - [2023-03-27 21:12:26,594] {dag.py:2927} INFO - Setting next_dagrun for example_subdag_operator.section-1 to None, run_after=None
[2023-03-27 21:12:26,594] {logging_mixin.py:115} INFO - [2023-03-27 21:12:26,594] {dag.py:2927} INFO - Setting next_dagrun for example_subdag_operator.section-2 to None, run_after=None
[2023-03-27 21:12:26,598] {processor.py:161} INFO - Processing /Users/gabrielroger/Documents/projects/weather-data/.venv/lib/python3.9/site-packages/airflow/example_dags/example_subdag_operator.py took 0.062 seconds
[2023-03-27 21:13:13,613] {processor.py:153} INFO - Started process (PID=6401) to work on /Users/gabrielroger/Documents/projects/weather-data/.venv/lib/python3.9/site-packages/airflow/example_dags/example_subdag_operator.py
[2023-03-27 21:13:13,613] {processor.py:641} INFO - Processing file /Users/gabrielroger/Documents/projects/weather-data/.venv/lib/python3.9/site-packages/airflow/example_dags/example_subdag_operator.py for tasks to queue
[2023-03-27 21:13:13,613] {logging_mixin.py:115} INFO - [2023-03-27 21:13:13,613] {dagbag.py:507} INFO - Filling up the DagBag from /Users/gabrielroger/Documents/projects/weather-data/.venv/lib/python3.9/site-packages/airflow/example_dags/example_subdag_operator.py
[2023-03-27 21:13:13,641] {processor.py:651} INFO - DAG(s) dict_keys(['example_subdag_operator.section-1', 'example_subdag_operator.section-2', 'example_subdag_operator']) retrieved from /Users/gabrielroger/Documents/projects/weather-data/.venv/lib/python3.9/site-packages/airflow/example_dags/example_subdag_operator.py
[2023-03-27 21:13:13,658] {logging_mixin.py:115} INFO - [2023-03-27 21:13:13,658] {dag.py:2379} INFO - Sync 3 DAGs
[2023-03-27 21:13:13,665] {logging_mixin.py:115} INFO - [2023-03-27 21:13:13,665] {dag.py:2927} INFO - Setting next_dagrun for example_subdag_operator to 2022-01-01T00:00:00+00:00, run_after=2022-01-01T00:00:00+00:00
[2023-03-27 21:13:13,665] {logging_mixin.py:115} INFO - [2023-03-27 21:13:13,665] {dag.py:2927} INFO - Setting next_dagrun for example_subdag_operator.section-1 to None, run_after=None
[2023-03-27 21:13:13,665] {logging_mixin.py:115} INFO - [2023-03-27 21:13:13,665] {dag.py:2927} INFO - Setting next_dagrun for example_subdag_operator.section-2 to None, run_after=None
[2023-03-27 21:13:13,668] {logging_mixin.py:115} INFO - [2023-03-27 21:13:13,668] {dag.py:2379} INFO - Sync 2 DAGs
[2023-03-27 21:13:13,669] {logging_mixin.py:115} INFO - [2023-03-27 21:13:13,669] {dag.py:2927} INFO - Setting next_dagrun for example_subdag_operator.section-1 to None, run_after=None
[2023-03-27 21:13:13,669] {logging_mixin.py:115} INFO - [2023-03-27 21:13:13,669] {dag.py:2927} INFO - Setting next_dagrun for example_subdag_operator.section-2 to None, run_after=None
[2023-03-27 21:13:13,673] {processor.py:161} INFO - Processing /Users/gabrielroger/Documents/projects/weather-data/.venv/lib/python3.9/site-packages/airflow/example_dags/example_subdag_operator.py took 0.060 seconds
[2023-03-27 21:13:57,992] {processor.py:153} INFO - Started process (PID=6479) to work on /Users/gabrielroger/Documents/projects/weather-data/.venv/lib/python3.9/site-packages/airflow/example_dags/example_subdag_operator.py
[2023-03-27 21:13:57,993] {processor.py:641} INFO - Processing file /Users/gabrielroger/Documents/projects/weather-data/.venv/lib/python3.9/site-packages/airflow/example_dags/example_subdag_operator.py for tasks to queue
[2023-03-27 21:13:57,993] {logging_mixin.py:115} INFO - [2023-03-27 21:13:57,993] {dagbag.py:507} INFO - Filling up the DagBag from /Users/gabrielroger/Documents/projects/weather-data/.venv/lib/python3.9/site-packages/airflow/example_dags/example_subdag_operator.py
[2023-03-27 21:13:58,021] {processor.py:651} INFO - DAG(s) dict_keys(['example_subdag_operator.section-1', 'example_subdag_operator.section-2', 'example_subdag_operator']) retrieved from /Users/gabrielroger/Documents/projects/weather-data/.venv/lib/python3.9/site-packages/airflow/example_dags/example_subdag_operator.py
[2023-03-27 21:13:58,039] {logging_mixin.py:115} INFO - [2023-03-27 21:13:58,038] {dag.py:2379} INFO - Sync 3 DAGs
[2023-03-27 21:13:58,046] {logging_mixin.py:115} INFO - [2023-03-27 21:13:58,046] {dag.py:2927} INFO - Setting next_dagrun for example_subdag_operator to 2022-01-01T00:00:00+00:00, run_after=2022-01-01T00:00:00+00:00
[2023-03-27 21:13:58,046] {logging_mixin.py:115} INFO - [2023-03-27 21:13:58,046] {dag.py:2927} INFO - Setting next_dagrun for example_subdag_operator.section-1 to None, run_after=None
[2023-03-27 21:13:58,046] {logging_mixin.py:115} INFO - [2023-03-27 21:13:58,046] {dag.py:2927} INFO - Setting next_dagrun for example_subdag_operator.section-2 to None, run_after=None
[2023-03-27 21:13:58,048] {logging_mixin.py:115} INFO - [2023-03-27 21:13:58,048] {dag.py:2379} INFO - Sync 2 DAGs
[2023-03-27 21:13:58,050] {logging_mixin.py:115} INFO - [2023-03-27 21:13:58,050] {dag.py:2927} INFO - Setting next_dagrun for example_subdag_operator.section-1 to None, run_after=None
[2023-03-27 21:13:58,050] {logging_mixin.py:115} INFO - [2023-03-27 21:13:58,050] {dag.py:2927} INFO - Setting next_dagrun for example_subdag_operator.section-2 to None, run_after=None
[2023-03-27 21:13:58,053] {processor.py:161} INFO - Processing /Users/gabrielroger/Documents/projects/weather-data/.venv/lib/python3.9/site-packages/airflow/example_dags/example_subdag_operator.py took 0.062 seconds
[2023-03-27 21:14:40,683] {processor.py:153} INFO - Started process (PID=6550) to work on /Users/gabrielroger/Documents/projects/weather-data/.venv/lib/python3.9/site-packages/airflow/example_dags/example_subdag_operator.py
[2023-03-27 21:14:40,684] {processor.py:641} INFO - Processing file /Users/gabrielroger/Documents/projects/weather-data/.venv/lib/python3.9/site-packages/airflow/example_dags/example_subdag_operator.py for tasks to queue
[2023-03-27 21:14:40,684] {logging_mixin.py:115} INFO - [2023-03-27 21:14:40,684] {dagbag.py:507} INFO - Filling up the DagBag from /Users/gabrielroger/Documents/projects/weather-data/.venv/lib/python3.9/site-packages/airflow/example_dags/example_subdag_operator.py
[2023-03-27 21:14:40,712] {processor.py:651} INFO - DAG(s) dict_keys(['example_subdag_operator.section-1', 'example_subdag_operator.section-2', 'example_subdag_operator']) retrieved from /Users/gabrielroger/Documents/projects/weather-data/.venv/lib/python3.9/site-packages/airflow/example_dags/example_subdag_operator.py
[2023-03-27 21:14:40,729] {logging_mixin.py:115} INFO - [2023-03-27 21:14:40,729] {dag.py:2379} INFO - Sync 3 DAGs
[2023-03-27 21:14:40,737] {logging_mixin.py:115} INFO - [2023-03-27 21:14:40,737] {dag.py:2927} INFO - Setting next_dagrun for example_subdag_operator to 2022-01-01T00:00:00+00:00, run_after=2022-01-01T00:00:00+00:00
[2023-03-27 21:14:40,737] {logging_mixin.py:115} INFO - [2023-03-27 21:14:40,737] {dag.py:2927} INFO - Setting next_dagrun for example_subdag_operator.section-1 to None, run_after=None
[2023-03-27 21:14:40,737] {logging_mixin.py:115} INFO - [2023-03-27 21:14:40,737] {dag.py:2927} INFO - Setting next_dagrun for example_subdag_operator.section-2 to None, run_after=None
[2023-03-27 21:14:40,739] {logging_mixin.py:115} INFO - [2023-03-27 21:14:40,739] {dag.py:2379} INFO - Sync 2 DAGs
[2023-03-27 21:14:40,741] {logging_mixin.py:115} INFO - [2023-03-27 21:14:40,741] {dag.py:2927} INFO - Setting next_dagrun for example_subdag_operator.section-1 to None, run_after=None
[2023-03-27 21:14:40,741] {logging_mixin.py:115} INFO - [2023-03-27 21:14:40,741] {dag.py:2927} INFO - Setting next_dagrun for example_subdag_operator.section-2 to None, run_after=None
[2023-03-27 21:14:40,744] {processor.py:161} INFO - Processing /Users/gabrielroger/Documents/projects/weather-data/.venv/lib/python3.9/site-packages/airflow/example_dags/example_subdag_operator.py took 0.061 seconds
[2023-03-27 21:15:25,210] {processor.py:153} INFO - Started process (PID=6624) to work on /Users/gabrielroger/Documents/projects/weather-data/.venv/lib/python3.9/site-packages/airflow/example_dags/example_subdag_operator.py
[2023-03-27 21:15:25,211] {processor.py:641} INFO - Processing file /Users/gabrielroger/Documents/projects/weather-data/.venv/lib/python3.9/site-packages/airflow/example_dags/example_subdag_operator.py for tasks to queue
[2023-03-27 21:15:25,211] {logging_mixin.py:115} INFO - [2023-03-27 21:15:25,211] {dagbag.py:507} INFO - Filling up the DagBag from /Users/gabrielroger/Documents/projects/weather-data/.venv/lib/python3.9/site-packages/airflow/example_dags/example_subdag_operator.py
[2023-03-27 21:15:25,241] {processor.py:651} INFO - DAG(s) dict_keys(['example_subdag_operator.section-1', 'example_subdag_operator.section-2', 'example_subdag_operator']) retrieved from /Users/gabrielroger/Documents/projects/weather-data/.venv/lib/python3.9/site-packages/airflow/example_dags/example_subdag_operator.py
[2023-03-27 21:15:25,258] {logging_mixin.py:115} INFO - [2023-03-27 21:15:25,258] {dag.py:2379} INFO - Sync 3 DAGs
[2023-03-27 21:15:25,265] {logging_mixin.py:115} INFO - [2023-03-27 21:15:25,265] {dag.py:2927} INFO - Setting next_dagrun for example_subdag_operator to 2022-01-01T00:00:00+00:00, run_after=2022-01-01T00:00:00+00:00
[2023-03-27 21:15:25,265] {logging_mixin.py:115} INFO - [2023-03-27 21:15:25,265] {dag.py:2927} INFO - Setting next_dagrun for example_subdag_operator.section-1 to None, run_after=None
[2023-03-27 21:15:25,265] {logging_mixin.py:115} INFO - [2023-03-27 21:15:25,265] {dag.py:2927} INFO - Setting next_dagrun for example_subdag_operator.section-2 to None, run_after=None
[2023-03-27 21:15:25,268] {logging_mixin.py:115} INFO - [2023-03-27 21:15:25,268] {dag.py:2379} INFO - Sync 2 DAGs
[2023-03-27 21:15:25,269] {logging_mixin.py:115} INFO - [2023-03-27 21:15:25,269] {dag.py:2927} INFO - Setting next_dagrun for example_subdag_operator.section-1 to None, run_after=None
[2023-03-27 21:15:25,269] {logging_mixin.py:115} INFO - [2023-03-27 21:15:25,269] {dag.py:2927} INFO - Setting next_dagrun for example_subdag_operator.section-2 to None, run_after=None
[2023-03-27 21:15:25,273] {processor.py:161} INFO - Processing /Users/gabrielroger/Documents/projects/weather-data/.venv/lib/python3.9/site-packages/airflow/example_dags/example_subdag_operator.py took 0.064 seconds
[2023-03-27 21:16:09,631] {processor.py:153} INFO - Started process (PID=6698) to work on /Users/gabrielroger/Documents/projects/weather-data/.venv/lib/python3.9/site-packages/airflow/example_dags/example_subdag_operator.py
[2023-03-27 21:16:09,631] {processor.py:641} INFO - Processing file /Users/gabrielroger/Documents/projects/weather-data/.venv/lib/python3.9/site-packages/airflow/example_dags/example_subdag_operator.py for tasks to queue
[2023-03-27 21:16:09,632] {logging_mixin.py:115} INFO - [2023-03-27 21:16:09,631] {dagbag.py:507} INFO - Filling up the DagBag from /Users/gabrielroger/Documents/projects/weather-data/.venv/lib/python3.9/site-packages/airflow/example_dags/example_subdag_operator.py
[2023-03-27 21:16:09,660] {processor.py:651} INFO - DAG(s) dict_keys(['example_subdag_operator.section-1', 'example_subdag_operator.section-2', 'example_subdag_operator']) retrieved from /Users/gabrielroger/Documents/projects/weather-data/.venv/lib/python3.9/site-packages/airflow/example_dags/example_subdag_operator.py
[2023-03-27 21:16:09,677] {logging_mixin.py:115} INFO - [2023-03-27 21:16:09,677] {dag.py:2379} INFO - Sync 3 DAGs
[2023-03-27 21:16:09,684] {logging_mixin.py:115} INFO - [2023-03-27 21:16:09,684] {dag.py:2927} INFO - Setting next_dagrun for example_subdag_operator to 2022-01-01T00:00:00+00:00, run_after=2022-01-01T00:00:00+00:00
[2023-03-27 21:16:09,684] {logging_mixin.py:115} INFO - [2023-03-27 21:16:09,684] {dag.py:2927} INFO - Setting next_dagrun for example_subdag_operator.section-1 to None, run_after=None
[2023-03-27 21:16:09,685] {logging_mixin.py:115} INFO - [2023-03-27 21:16:09,684] {dag.py:2927} INFO - Setting next_dagrun for example_subdag_operator.section-2 to None, run_after=None
[2023-03-27 21:16:09,687] {logging_mixin.py:115} INFO - [2023-03-27 21:16:09,687] {dag.py:2379} INFO - Sync 2 DAGs
[2023-03-27 21:16:09,688] {logging_mixin.py:115} INFO - [2023-03-27 21:16:09,688] {dag.py:2927} INFO - Setting next_dagrun for example_subdag_operator.section-1 to None, run_after=None
[2023-03-27 21:16:09,688] {logging_mixin.py:115} INFO - [2023-03-27 21:16:09,688] {dag.py:2927} INFO - Setting next_dagrun for example_subdag_operator.section-2 to None, run_after=None
[2023-03-27 21:16:09,692] {processor.py:161} INFO - Processing /Users/gabrielroger/Documents/projects/weather-data/.venv/lib/python3.9/site-packages/airflow/example_dags/example_subdag_operator.py took 0.062 seconds
[2023-03-27 21:16:54,730] {processor.py:153} INFO - Started process (PID=6772) to work on /Users/gabrielroger/Documents/projects/weather-data/.venv/lib/python3.9/site-packages/airflow/example_dags/example_subdag_operator.py
[2023-03-27 21:16:54,730] {processor.py:641} INFO - Processing file /Users/gabrielroger/Documents/projects/weather-data/.venv/lib/python3.9/site-packages/airflow/example_dags/example_subdag_operator.py for tasks to queue
[2023-03-27 21:16:54,730] {logging_mixin.py:115} INFO - [2023-03-27 21:16:54,730] {dagbag.py:507} INFO - Filling up the DagBag from /Users/gabrielroger/Documents/projects/weather-data/.venv/lib/python3.9/site-packages/airflow/example_dags/example_subdag_operator.py
[2023-03-27 21:16:54,758] {processor.py:651} INFO - DAG(s) dict_keys(['example_subdag_operator.section-1', 'example_subdag_operator.section-2', 'example_subdag_operator']) retrieved from /Users/gabrielroger/Documents/projects/weather-data/.venv/lib/python3.9/site-packages/airflow/example_dags/example_subdag_operator.py
[2023-03-27 21:16:54,775] {logging_mixin.py:115} INFO - [2023-03-27 21:16:54,775] {dag.py:2379} INFO - Sync 3 DAGs
[2023-03-27 21:16:54,782] {logging_mixin.py:115} INFO - [2023-03-27 21:16:54,782] {dag.py:2927} INFO - Setting next_dagrun for example_subdag_operator to 2022-01-01T00:00:00+00:00, run_after=2022-01-01T00:00:00+00:00
[2023-03-27 21:16:54,782] {logging_mixin.py:115} INFO - [2023-03-27 21:16:54,782] {dag.py:2927} INFO - Setting next_dagrun for example_subdag_operator.section-1 to None, run_after=None
[2023-03-27 21:16:54,783] {logging_mixin.py:115} INFO - [2023-03-27 21:16:54,783] {dag.py:2927} INFO - Setting next_dagrun for example_subdag_operator.section-2 to None, run_after=None
[2023-03-27 21:16:54,785] {logging_mixin.py:115} INFO - [2023-03-27 21:16:54,785] {dag.py:2379} INFO - Sync 2 DAGs
[2023-03-27 21:16:54,786] {logging_mixin.py:115} INFO - [2023-03-27 21:16:54,786] {dag.py:2927} INFO - Setting next_dagrun for example_subdag_operator.section-1 to None, run_after=None
[2023-03-27 21:16:54,787] {logging_mixin.py:115} INFO - [2023-03-27 21:16:54,787] {dag.py:2927} INFO - Setting next_dagrun for example_subdag_operator.section-2 to None, run_after=None
[2023-03-27 21:16:54,790] {processor.py:161} INFO - Processing /Users/gabrielroger/Documents/projects/weather-data/.venv/lib/python3.9/site-packages/airflow/example_dags/example_subdag_operator.py took 0.060 seconds
[2023-03-27 21:17:54,503] {processor.py:153} INFO - Started process (PID=6872) to work on /Users/gabrielroger/Documents/projects/weather-data/.venv/lib/python3.9/site-packages/airflow/example_dags/example_subdag_operator.py
[2023-03-27 21:17:54,503] {processor.py:641} INFO - Processing file /Users/gabrielroger/Documents/projects/weather-data/.venv/lib/python3.9/site-packages/airflow/example_dags/example_subdag_operator.py for tasks to queue
[2023-03-27 21:17:54,503] {logging_mixin.py:115} INFO - [2023-03-27 21:17:54,503] {dagbag.py:507} INFO - Filling up the DagBag from /Users/gabrielroger/Documents/projects/weather-data/.venv/lib/python3.9/site-packages/airflow/example_dags/example_subdag_operator.py
[2023-03-27 21:17:54,531] {processor.py:651} INFO - DAG(s) dict_keys(['example_subdag_operator.section-1', 'example_subdag_operator.section-2', 'example_subdag_operator']) retrieved from /Users/gabrielroger/Documents/projects/weather-data/.venv/lib/python3.9/site-packages/airflow/example_dags/example_subdag_operator.py
[2023-03-27 21:17:54,548] {logging_mixin.py:115} INFO - [2023-03-27 21:17:54,548] {dag.py:2379} INFO - Sync 3 DAGs
[2023-03-27 21:17:54,555] {logging_mixin.py:115} INFO - [2023-03-27 21:17:54,555] {dag.py:2927} INFO - Setting next_dagrun for example_subdag_operator to 2022-01-01T00:00:00+00:00, run_after=2022-01-01T00:00:00+00:00
[2023-03-27 21:17:54,555] {logging_mixin.py:115} INFO - [2023-03-27 21:17:54,555] {dag.py:2927} INFO - Setting next_dagrun for example_subdag_operator.section-1 to None, run_after=None
[2023-03-27 21:17:54,555] {logging_mixin.py:115} INFO - [2023-03-27 21:17:54,555] {dag.py:2927} INFO - Setting next_dagrun for example_subdag_operator.section-2 to None, run_after=None
[2023-03-27 21:17:54,557] {logging_mixin.py:115} INFO - [2023-03-27 21:17:54,557] {dag.py:2379} INFO - Sync 2 DAGs
[2023-03-27 21:17:54,559] {logging_mixin.py:115} INFO - [2023-03-27 21:17:54,559] {dag.py:2927} INFO - Setting next_dagrun for example_subdag_operator.section-1 to None, run_after=None
[2023-03-27 21:17:54,559] {logging_mixin.py:115} INFO - [2023-03-27 21:17:54,559] {dag.py:2927} INFO - Setting next_dagrun for example_subdag_operator.section-2 to None, run_after=None
[2023-03-27 21:17:54,563] {processor.py:161} INFO - Processing /Users/gabrielroger/Documents/projects/weather-data/.venv/lib/python3.9/site-packages/airflow/example_dags/example_subdag_operator.py took 0.060 seconds
[2023-03-27 21:18:35,980] {processor.py:153} INFO - Started process (PID=6942) to work on /Users/gabrielroger/Documents/projects/weather-data/.venv/lib/python3.9/site-packages/airflow/example_dags/example_subdag_operator.py
[2023-03-27 21:18:35,981] {processor.py:641} INFO - Processing file /Users/gabrielroger/Documents/projects/weather-data/.venv/lib/python3.9/site-packages/airflow/example_dags/example_subdag_operator.py for tasks to queue
[2023-03-27 21:18:35,981] {logging_mixin.py:115} INFO - [2023-03-27 21:18:35,981] {dagbag.py:507} INFO - Filling up the DagBag from /Users/gabrielroger/Documents/projects/weather-data/.venv/lib/python3.9/site-packages/airflow/example_dags/example_subdag_operator.py
[2023-03-27 21:18:36,008] {processor.py:651} INFO - DAG(s) dict_keys(['example_subdag_operator.section-1', 'example_subdag_operator.section-2', 'example_subdag_operator']) retrieved from /Users/gabrielroger/Documents/projects/weather-data/.venv/lib/python3.9/site-packages/airflow/example_dags/example_subdag_operator.py
[2023-03-27 21:18:36,025] {logging_mixin.py:115} INFO - [2023-03-27 21:18:36,025] {dag.py:2379} INFO - Sync 3 DAGs
[2023-03-27 21:18:36,032] {logging_mixin.py:115} INFO - [2023-03-27 21:18:36,032] {dag.py:2927} INFO - Setting next_dagrun for example_subdag_operator to 2022-01-01T00:00:00+00:00, run_after=2022-01-01T00:00:00+00:00
[2023-03-27 21:18:36,033] {logging_mixin.py:115} INFO - [2023-03-27 21:18:36,033] {dag.py:2927} INFO - Setting next_dagrun for example_subdag_operator.section-1 to None, run_after=None
[2023-03-27 21:18:36,033] {logging_mixin.py:115} INFO - [2023-03-27 21:18:36,033] {dag.py:2927} INFO - Setting next_dagrun for example_subdag_operator.section-2 to None, run_after=None
[2023-03-27 21:18:36,035] {logging_mixin.py:115} INFO - [2023-03-27 21:18:36,035] {dag.py:2379} INFO - Sync 2 DAGs
[2023-03-27 21:18:36,037] {logging_mixin.py:115} INFO - [2023-03-27 21:18:36,037] {dag.py:2927} INFO - Setting next_dagrun for example_subdag_operator.section-1 to None, run_after=None
[2023-03-27 21:18:36,037] {logging_mixin.py:115} INFO - [2023-03-27 21:18:36,037] {dag.py:2927} INFO - Setting next_dagrun for example_subdag_operator.section-2 to None, run_after=None
[2023-03-27 21:18:36,040] {processor.py:161} INFO - Processing /Users/gabrielroger/Documents/projects/weather-data/.venv/lib/python3.9/site-packages/airflow/example_dags/example_subdag_operator.py took 0.061 seconds
[2023-03-27 21:19:20,665] {processor.py:153} INFO - Started process (PID=7021) to work on /Users/gabrielroger/Documents/projects/weather-data/.venv/lib/python3.9/site-packages/airflow/example_dags/example_subdag_operator.py
[2023-03-27 21:19:20,666] {processor.py:641} INFO - Processing file /Users/gabrielroger/Documents/projects/weather-data/.venv/lib/python3.9/site-packages/airflow/example_dags/example_subdag_operator.py for tasks to queue
[2023-03-27 21:19:20,666] {logging_mixin.py:115} INFO - [2023-03-27 21:19:20,666] {dagbag.py:507} INFO - Filling up the DagBag from /Users/gabrielroger/Documents/projects/weather-data/.venv/lib/python3.9/site-packages/airflow/example_dags/example_subdag_operator.py
[2023-03-27 21:19:20,694] {processor.py:651} INFO - DAG(s) dict_keys(['example_subdag_operator.section-1', 'example_subdag_operator.section-2', 'example_subdag_operator']) retrieved from /Users/gabrielroger/Documents/projects/weather-data/.venv/lib/python3.9/site-packages/airflow/example_dags/example_subdag_operator.py
[2023-03-27 21:19:20,711] {logging_mixin.py:115} INFO - [2023-03-27 21:19:20,711] {dag.py:2379} INFO - Sync 3 DAGs
[2023-03-27 21:19:20,718] {logging_mixin.py:115} INFO - [2023-03-27 21:19:20,718] {dag.py:2927} INFO - Setting next_dagrun for example_subdag_operator to 2022-01-01T00:00:00+00:00, run_after=2022-01-01T00:00:00+00:00
[2023-03-27 21:19:20,719] {logging_mixin.py:115} INFO - [2023-03-27 21:19:20,719] {dag.py:2927} INFO - Setting next_dagrun for example_subdag_operator.section-1 to None, run_after=None
[2023-03-27 21:19:20,719] {logging_mixin.py:115} INFO - [2023-03-27 21:19:20,719] {dag.py:2927} INFO - Setting next_dagrun for example_subdag_operator.section-2 to None, run_after=None
[2023-03-27 21:19:20,721] {logging_mixin.py:115} INFO - [2023-03-27 21:19:20,721] {dag.py:2379} INFO - Sync 2 DAGs
[2023-03-27 21:19:20,723] {logging_mixin.py:115} INFO - [2023-03-27 21:19:20,723] {dag.py:2927} INFO - Setting next_dagrun for example_subdag_operator.section-1 to None, run_after=None
[2023-03-27 21:19:20,723] {logging_mixin.py:115} INFO - [2023-03-27 21:19:20,723] {dag.py:2927} INFO - Setting next_dagrun for example_subdag_operator.section-2 to None, run_after=None
[2023-03-27 21:19:20,726] {processor.py:161} INFO - Processing /Users/gabrielroger/Documents/projects/weather-data/.venv/lib/python3.9/site-packages/airflow/example_dags/example_subdag_operator.py took 0.062 seconds
[2023-03-27 21:20:04,595] {processor.py:153} INFO - Started process (PID=7093) to work on /Users/gabrielroger/Documents/projects/weather-data/.venv/lib/python3.9/site-packages/airflow/example_dags/example_subdag_operator.py
[2023-03-27 21:20:04,595] {processor.py:641} INFO - Processing file /Users/gabrielroger/Documents/projects/weather-data/.venv/lib/python3.9/site-packages/airflow/example_dags/example_subdag_operator.py for tasks to queue
[2023-03-27 21:20:04,595] {logging_mixin.py:115} INFO - [2023-03-27 21:20:04,595] {dagbag.py:507} INFO - Filling up the DagBag from /Users/gabrielroger/Documents/projects/weather-data/.venv/lib/python3.9/site-packages/airflow/example_dags/example_subdag_operator.py
[2023-03-27 21:20:04,622] {processor.py:651} INFO - DAG(s) dict_keys(['example_subdag_operator.section-1', 'example_subdag_operator.section-2', 'example_subdag_operator']) retrieved from /Users/gabrielroger/Documents/projects/weather-data/.venv/lib/python3.9/site-packages/airflow/example_dags/example_subdag_operator.py
[2023-03-27 21:20:04,640] {logging_mixin.py:115} INFO - [2023-03-27 21:20:04,640] {dag.py:2379} INFO - Sync 3 DAGs
[2023-03-27 21:20:04,648] {logging_mixin.py:115} INFO - [2023-03-27 21:20:04,648] {dag.py:2927} INFO - Setting next_dagrun for example_subdag_operator to 2022-01-01T00:00:00+00:00, run_after=2022-01-01T00:00:00+00:00
[2023-03-27 21:20:04,648] {logging_mixin.py:115} INFO - [2023-03-27 21:20:04,648] {dag.py:2927} INFO - Setting next_dagrun for example_subdag_operator.section-1 to None, run_after=None
[2023-03-27 21:20:04,648] {logging_mixin.py:115} INFO - [2023-03-27 21:20:04,648] {dag.py:2927} INFO - Setting next_dagrun for example_subdag_operator.section-2 to None, run_after=None
[2023-03-27 21:20:04,650] {logging_mixin.py:115} INFO - [2023-03-27 21:20:04,650] {dag.py:2379} INFO - Sync 2 DAGs
[2023-03-27 21:20:04,651] {logging_mixin.py:115} INFO - [2023-03-27 21:20:04,651] {dag.py:2927} INFO - Setting next_dagrun for example_subdag_operator.section-1 to None, run_after=None
[2023-03-27 21:20:04,652] {logging_mixin.py:115} INFO - [2023-03-27 21:20:04,652] {dag.py:2927} INFO - Setting next_dagrun for example_subdag_operator.section-2 to None, run_after=None
[2023-03-27 21:20:04,655] {processor.py:161} INFO - Processing /Users/gabrielroger/Documents/projects/weather-data/.venv/lib/python3.9/site-packages/airflow/example_dags/example_subdag_operator.py took 0.060 seconds
[2023-03-27 21:20:50,947] {processor.py:153} INFO - Started process (PID=7169) to work on /Users/gabrielroger/Documents/projects/weather-data/.venv/lib/python3.9/site-packages/airflow/example_dags/example_subdag_operator.py
[2023-03-27 21:20:50,947] {processor.py:641} INFO - Processing file /Users/gabrielroger/Documents/projects/weather-data/.venv/lib/python3.9/site-packages/airflow/example_dags/example_subdag_operator.py for tasks to queue
[2023-03-27 21:20:50,947] {logging_mixin.py:115} INFO - [2023-03-27 21:20:50,947] {dagbag.py:507} INFO - Filling up the DagBag from /Users/gabrielroger/Documents/projects/weather-data/.venv/lib/python3.9/site-packages/airflow/example_dags/example_subdag_operator.py
[2023-03-27 21:20:50,974] {processor.py:651} INFO - DAG(s) dict_keys(['example_subdag_operator.section-1', 'example_subdag_operator.section-2', 'example_subdag_operator']) retrieved from /Users/gabrielroger/Documents/projects/weather-data/.venv/lib/python3.9/site-packages/airflow/example_dags/example_subdag_operator.py
[2023-03-27 21:20:50,991] {logging_mixin.py:115} INFO - [2023-03-27 21:20:50,991] {dag.py:2379} INFO - Sync 3 DAGs
[2023-03-27 21:20:50,998] {logging_mixin.py:115} INFO - [2023-03-27 21:20:50,998] {dag.py:2927} INFO - Setting next_dagrun for example_subdag_operator to 2022-01-01T00:00:00+00:00, run_after=2022-01-01T00:00:00+00:00
[2023-03-27 21:20:50,998] {logging_mixin.py:115} INFO - [2023-03-27 21:20:50,998] {dag.py:2927} INFO - Setting next_dagrun for example_subdag_operator.section-1 to None, run_after=None
[2023-03-27 21:20:50,998] {logging_mixin.py:115} INFO - [2023-03-27 21:20:50,998] {dag.py:2927} INFO - Setting next_dagrun for example_subdag_operator.section-2 to None, run_after=None
[2023-03-27 21:20:51,000] {logging_mixin.py:115} INFO - [2023-03-27 21:20:51,000] {dag.py:2379} INFO - Sync 2 DAGs
[2023-03-27 21:20:51,001] {logging_mixin.py:115} INFO - [2023-03-27 21:20:51,001] {dag.py:2927} INFO - Setting next_dagrun for example_subdag_operator.section-1 to None, run_after=None
[2023-03-27 21:20:51,002] {logging_mixin.py:115} INFO - [2023-03-27 21:20:51,002] {dag.py:2927} INFO - Setting next_dagrun for example_subdag_operator.section-2 to None, run_after=None
[2023-03-27 21:20:51,005] {processor.py:161} INFO - Processing /Users/gabrielroger/Documents/projects/weather-data/.venv/lib/python3.9/site-packages/airflow/example_dags/example_subdag_operator.py took 0.059 seconds
[2023-03-27 21:21:35,427] {processor.py:153} INFO - Started process (PID=7240) to work on /Users/gabrielroger/Documents/projects/weather-data/.venv/lib/python3.9/site-packages/airflow/example_dags/example_subdag_operator.py
[2023-03-27 21:21:35,427] {processor.py:641} INFO - Processing file /Users/gabrielroger/Documents/projects/weather-data/.venv/lib/python3.9/site-packages/airflow/example_dags/example_subdag_operator.py for tasks to queue
[2023-03-27 21:21:35,428] {logging_mixin.py:115} INFO - [2023-03-27 21:21:35,428] {dagbag.py:507} INFO - Filling up the DagBag from /Users/gabrielroger/Documents/projects/weather-data/.venv/lib/python3.9/site-packages/airflow/example_dags/example_subdag_operator.py
[2023-03-27 21:21:35,455] {processor.py:651} INFO - DAG(s) dict_keys(['example_subdag_operator.section-1', 'example_subdag_operator.section-2', 'example_subdag_operator']) retrieved from /Users/gabrielroger/Documents/projects/weather-data/.venv/lib/python3.9/site-packages/airflow/example_dags/example_subdag_operator.py
[2023-03-27 21:21:35,471] {logging_mixin.py:115} INFO - [2023-03-27 21:21:35,471] {dag.py:2379} INFO - Sync 3 DAGs
[2023-03-27 21:21:35,478] {logging_mixin.py:115} INFO - [2023-03-27 21:21:35,478] {dag.py:2927} INFO - Setting next_dagrun for example_subdag_operator to 2022-01-01T00:00:00+00:00, run_after=2022-01-01T00:00:00+00:00
[2023-03-27 21:21:35,478] {logging_mixin.py:115} INFO - [2023-03-27 21:21:35,478] {dag.py:2927} INFO - Setting next_dagrun for example_subdag_operator.section-1 to None, run_after=None
[2023-03-27 21:21:35,479] {logging_mixin.py:115} INFO - [2023-03-27 21:21:35,478] {dag.py:2927} INFO - Setting next_dagrun for example_subdag_operator.section-2 to None, run_after=None
[2023-03-27 21:21:35,481] {logging_mixin.py:115} INFO - [2023-03-27 21:21:35,481] {dag.py:2379} INFO - Sync 2 DAGs
[2023-03-27 21:21:35,482] {logging_mixin.py:115} INFO - [2023-03-27 21:21:35,482] {dag.py:2927} INFO - Setting next_dagrun for example_subdag_operator.section-1 to None, run_after=None
[2023-03-27 21:21:35,482] {logging_mixin.py:115} INFO - [2023-03-27 21:21:35,482] {dag.py:2927} INFO - Setting next_dagrun for example_subdag_operator.section-2 to None, run_after=None
[2023-03-27 21:21:35,486] {processor.py:161} INFO - Processing /Users/gabrielroger/Documents/projects/weather-data/.venv/lib/python3.9/site-packages/airflow/example_dags/example_subdag_operator.py took 0.059 seconds
[2023-03-27 21:22:21,219] {processor.py:153} INFO - Started process (PID=7316) to work on /Users/gabrielroger/Documents/projects/weather-data/.venv/lib/python3.9/site-packages/airflow/example_dags/example_subdag_operator.py
[2023-03-27 21:22:21,219] {processor.py:641} INFO - Processing file /Users/gabrielroger/Documents/projects/weather-data/.venv/lib/python3.9/site-packages/airflow/example_dags/example_subdag_operator.py for tasks to queue
[2023-03-27 21:22:21,219] {logging_mixin.py:115} INFO - [2023-03-27 21:22:21,219] {dagbag.py:507} INFO - Filling up the DagBag from /Users/gabrielroger/Documents/projects/weather-data/.venv/lib/python3.9/site-packages/airflow/example_dags/example_subdag_operator.py
[2023-03-27 21:22:21,247] {processor.py:651} INFO - DAG(s) dict_keys(['example_subdag_operator.section-1', 'example_subdag_operator.section-2', 'example_subdag_operator']) retrieved from /Users/gabrielroger/Documents/projects/weather-data/.venv/lib/python3.9/site-packages/airflow/example_dags/example_subdag_operator.py
[2023-03-27 21:22:21,263] {logging_mixin.py:115} INFO - [2023-03-27 21:22:21,263] {dag.py:2379} INFO - Sync 3 DAGs
[2023-03-27 21:22:21,270] {logging_mixin.py:115} INFO - [2023-03-27 21:22:21,270] {dag.py:2927} INFO - Setting next_dagrun for example_subdag_operator to 2022-01-01T00:00:00+00:00, run_after=2022-01-01T00:00:00+00:00
[2023-03-27 21:22:21,271] {logging_mixin.py:115} INFO - [2023-03-27 21:22:21,271] {dag.py:2927} INFO - Setting next_dagrun for example_subdag_operator.section-1 to None, run_after=None
[2023-03-27 21:22:21,271] {logging_mixin.py:115} INFO - [2023-03-27 21:22:21,271] {dag.py:2927} INFO - Setting next_dagrun for example_subdag_operator.section-2 to None, run_after=None
[2023-03-27 21:22:21,273] {logging_mixin.py:115} INFO - [2023-03-27 21:22:21,273] {dag.py:2379} INFO - Sync 2 DAGs
[2023-03-27 21:22:21,275] {logging_mixin.py:115} INFO - [2023-03-27 21:22:21,274] {dag.py:2927} INFO - Setting next_dagrun for example_subdag_operator.section-1 to None, run_after=None
[2023-03-27 21:22:21,275] {logging_mixin.py:115} INFO - [2023-03-27 21:22:21,275] {dag.py:2927} INFO - Setting next_dagrun for example_subdag_operator.section-2 to None, run_after=None
[2023-03-27 21:22:21,278] {processor.py:161} INFO - Processing /Users/gabrielroger/Documents/projects/weather-data/.venv/lib/python3.9/site-packages/airflow/example_dags/example_subdag_operator.py took 0.059 seconds
[2023-03-27 21:23:05,479] {processor.py:153} INFO - Started process (PID=7392) to work on /Users/gabrielroger/Documents/projects/weather-data/.venv/lib/python3.9/site-packages/airflow/example_dags/example_subdag_operator.py
[2023-03-27 21:23:05,479] {processor.py:641} INFO - Processing file /Users/gabrielroger/Documents/projects/weather-data/.venv/lib/python3.9/site-packages/airflow/example_dags/example_subdag_operator.py for tasks to queue
[2023-03-27 21:23:05,480] {logging_mixin.py:115} INFO - [2023-03-27 21:23:05,480] {dagbag.py:507} INFO - Filling up the DagBag from /Users/gabrielroger/Documents/projects/weather-data/.venv/lib/python3.9/site-packages/airflow/example_dags/example_subdag_operator.py
[2023-03-27 21:23:05,506] {processor.py:651} INFO - DAG(s) dict_keys(['example_subdag_operator.section-1', 'example_subdag_operator.section-2', 'example_subdag_operator']) retrieved from /Users/gabrielroger/Documents/projects/weather-data/.venv/lib/python3.9/site-packages/airflow/example_dags/example_subdag_operator.py
[2023-03-27 21:23:05,523] {logging_mixin.py:115} INFO - [2023-03-27 21:23:05,523] {dag.py:2379} INFO - Sync 3 DAGs
[2023-03-27 21:23:05,531] {logging_mixin.py:115} INFO - [2023-03-27 21:23:05,531] {dag.py:2927} INFO - Setting next_dagrun for example_subdag_operator to 2022-01-01T00:00:00+00:00, run_after=2022-01-01T00:00:00+00:00
[2023-03-27 21:23:05,531] {logging_mixin.py:115} INFO - [2023-03-27 21:23:05,531] {dag.py:2927} INFO - Setting next_dagrun for example_subdag_operator.section-1 to None, run_after=None
[2023-03-27 21:23:05,531] {logging_mixin.py:115} INFO - [2023-03-27 21:23:05,531] {dag.py:2927} INFO - Setting next_dagrun for example_subdag_operator.section-2 to None, run_after=None
[2023-03-27 21:23:05,533] {logging_mixin.py:115} INFO - [2023-03-27 21:23:05,533] {dag.py:2379} INFO - Sync 2 DAGs
[2023-03-27 21:23:05,535] {logging_mixin.py:115} INFO - [2023-03-27 21:23:05,535] {dag.py:2927} INFO - Setting next_dagrun for example_subdag_operator.section-1 to None, run_after=None
[2023-03-27 21:23:05,535] {logging_mixin.py:115} INFO - [2023-03-27 21:23:05,535] {dag.py:2927} INFO - Setting next_dagrun for example_subdag_operator.section-2 to None, run_after=None
[2023-03-27 21:23:05,538] {processor.py:161} INFO - Processing /Users/gabrielroger/Documents/projects/weather-data/.venv/lib/python3.9/site-packages/airflow/example_dags/example_subdag_operator.py took 0.060 seconds
[2023-03-27 21:23:48,520] {processor.py:153} INFO - Started process (PID=7467) to work on /Users/gabrielroger/Documents/projects/weather-data/.venv/lib/python3.9/site-packages/airflow/example_dags/example_subdag_operator.py
[2023-03-27 21:23:48,522] {processor.py:641} INFO - Processing file /Users/gabrielroger/Documents/projects/weather-data/.venv/lib/python3.9/site-packages/airflow/example_dags/example_subdag_operator.py for tasks to queue
[2023-03-27 21:23:48,522] {logging_mixin.py:115} INFO - [2023-03-27 21:23:48,522] {dagbag.py:507} INFO - Filling up the DagBag from /Users/gabrielroger/Documents/projects/weather-data/.venv/lib/python3.9/site-packages/airflow/example_dags/example_subdag_operator.py
[2023-03-27 21:23:48,550] {processor.py:651} INFO - DAG(s) dict_keys(['example_subdag_operator.section-1', 'example_subdag_operator.section-2', 'example_subdag_operator']) retrieved from /Users/gabrielroger/Documents/projects/weather-data/.venv/lib/python3.9/site-packages/airflow/example_dags/example_subdag_operator.py
[2023-03-27 21:23:48,574] {logging_mixin.py:115} INFO - [2023-03-27 21:23:48,574] {dag.py:2379} INFO - Sync 3 DAGs
[2023-03-27 21:23:48,582] {logging_mixin.py:115} INFO - [2023-03-27 21:23:48,582] {dag.py:2927} INFO - Setting next_dagrun for example_subdag_operator to 2022-01-01T00:00:00+00:00, run_after=2022-01-01T00:00:00+00:00
[2023-03-27 21:23:48,582] {logging_mixin.py:115} INFO - [2023-03-27 21:23:48,582] {dag.py:2927} INFO - Setting next_dagrun for example_subdag_operator.section-1 to None, run_after=None
[2023-03-27 21:23:48,582] {logging_mixin.py:115} INFO - [2023-03-27 21:23:48,582] {dag.py:2927} INFO - Setting next_dagrun for example_subdag_operator.section-2 to None, run_after=None
[2023-03-27 21:23:48,584] {logging_mixin.py:115} INFO - [2023-03-27 21:23:48,584] {dag.py:2379} INFO - Sync 2 DAGs
[2023-03-27 21:23:48,586] {logging_mixin.py:115} INFO - [2023-03-27 21:23:48,586] {dag.py:2927} INFO - Setting next_dagrun for example_subdag_operator.section-1 to None, run_after=None
[2023-03-27 21:23:48,586] {logging_mixin.py:115} INFO - [2023-03-27 21:23:48,586] {dag.py:2927} INFO - Setting next_dagrun for example_subdag_operator.section-2 to None, run_after=None
[2023-03-27 21:23:48,589] {processor.py:161} INFO - Processing /Users/gabrielroger/Documents/projects/weather-data/.venv/lib/python3.9/site-packages/airflow/example_dags/example_subdag_operator.py took 0.070 seconds
[2023-03-27 21:24:32,858] {processor.py:153} INFO - Started process (PID=7556) to work on /Users/gabrielroger/Documents/projects/weather-data/.venv/lib/python3.9/site-packages/airflow/example_dags/example_subdag_operator.py
[2023-03-27 21:24:32,859] {processor.py:641} INFO - Processing file /Users/gabrielroger/Documents/projects/weather-data/.venv/lib/python3.9/site-packages/airflow/example_dags/example_subdag_operator.py for tasks to queue
[2023-03-27 21:24:32,859] {logging_mixin.py:115} INFO - [2023-03-27 21:24:32,859] {dagbag.py:507} INFO - Filling up the DagBag from /Users/gabrielroger/Documents/projects/weather-data/.venv/lib/python3.9/site-packages/airflow/example_dags/example_subdag_operator.py
[2023-03-27 21:24:32,887] {processor.py:651} INFO - DAG(s) dict_keys(['example_subdag_operator.section-1', 'example_subdag_operator.section-2', 'example_subdag_operator']) retrieved from /Users/gabrielroger/Documents/projects/weather-data/.venv/lib/python3.9/site-packages/airflow/example_dags/example_subdag_operator.py
[2023-03-27 21:24:32,910] {logging_mixin.py:115} INFO - [2023-03-27 21:24:32,910] {dag.py:2379} INFO - Sync 3 DAGs
[2023-03-27 21:24:32,918] {logging_mixin.py:115} INFO - [2023-03-27 21:24:32,918] {dag.py:2927} INFO - Setting next_dagrun for example_subdag_operator to 2022-01-01T00:00:00+00:00, run_after=2022-01-01T00:00:00+00:00
[2023-03-27 21:24:32,918] {logging_mixin.py:115} INFO - [2023-03-27 21:24:32,918] {dag.py:2927} INFO - Setting next_dagrun for example_subdag_operator.section-1 to None, run_after=None
[2023-03-27 21:24:32,918] {logging_mixin.py:115} INFO - [2023-03-27 21:24:32,918] {dag.py:2927} INFO - Setting next_dagrun for example_subdag_operator.section-2 to None, run_after=None
[2023-03-27 21:24:32,920] {logging_mixin.py:115} INFO - [2023-03-27 21:24:32,920] {dag.py:2379} INFO - Sync 2 DAGs
[2023-03-27 21:24:32,922] {logging_mixin.py:115} INFO - [2023-03-27 21:24:32,922] {dag.py:2927} INFO - Setting next_dagrun for example_subdag_operator.section-1 to None, run_after=None
[2023-03-27 21:24:32,922] {logging_mixin.py:115} INFO - [2023-03-27 21:24:32,922] {dag.py:2927} INFO - Setting next_dagrun for example_subdag_operator.section-2 to None, run_after=None
[2023-03-27 21:24:32,925] {processor.py:161} INFO - Processing /Users/gabrielroger/Documents/projects/weather-data/.venv/lib/python3.9/site-packages/airflow/example_dags/example_subdag_operator.py took 0.068 seconds
[2023-03-27 21:25:17,131] {processor.py:153} INFO - Started process (PID=7648) to work on /Users/gabrielroger/Documents/projects/weather-data/.venv/lib/python3.9/site-packages/airflow/example_dags/example_subdag_operator.py
[2023-03-27 21:25:17,132] {processor.py:641} INFO - Processing file /Users/gabrielroger/Documents/projects/weather-data/.venv/lib/python3.9/site-packages/airflow/example_dags/example_subdag_operator.py for tasks to queue
[2023-03-27 21:25:17,132] {logging_mixin.py:115} INFO - [2023-03-27 21:25:17,132] {dagbag.py:507} INFO - Filling up the DagBag from /Users/gabrielroger/Documents/projects/weather-data/.venv/lib/python3.9/site-packages/airflow/example_dags/example_subdag_operator.py
[2023-03-27 21:25:17,160] {processor.py:651} INFO - DAG(s) dict_keys(['example_subdag_operator.section-1', 'example_subdag_operator.section-2', 'example_subdag_operator']) retrieved from /Users/gabrielroger/Documents/projects/weather-data/.venv/lib/python3.9/site-packages/airflow/example_dags/example_subdag_operator.py
[2023-03-27 21:25:17,187] {logging_mixin.py:115} INFO - [2023-03-27 21:25:17,187] {dag.py:2379} INFO - Sync 3 DAGs
[2023-03-27 21:25:17,194] {logging_mixin.py:115} INFO - [2023-03-27 21:25:17,194] {dag.py:2927} INFO - Setting next_dagrun for example_subdag_operator to 2022-01-01T00:00:00+00:00, run_after=2022-01-01T00:00:00+00:00
[2023-03-27 21:25:17,194] {logging_mixin.py:115} INFO - [2023-03-27 21:25:17,194] {dag.py:2927} INFO - Setting next_dagrun for example_subdag_operator.section-1 to None, run_after=None
[2023-03-27 21:25:17,194] {logging_mixin.py:115} INFO - [2023-03-27 21:25:17,194] {dag.py:2927} INFO - Setting next_dagrun for example_subdag_operator.section-2 to None, run_after=None
[2023-03-27 21:25:17,196] {logging_mixin.py:115} INFO - [2023-03-27 21:25:17,196] {dag.py:2379} INFO - Sync 2 DAGs
[2023-03-27 21:25:17,198] {logging_mixin.py:115} INFO - [2023-03-27 21:25:17,198] {dag.py:2927} INFO - Setting next_dagrun for example_subdag_operator.section-1 to None, run_after=None
[2023-03-27 21:25:17,198] {logging_mixin.py:115} INFO - [2023-03-27 21:25:17,198] {dag.py:2927} INFO - Setting next_dagrun for example_subdag_operator.section-2 to None, run_after=None
[2023-03-27 21:25:17,202] {processor.py:161} INFO - Processing /Users/gabrielroger/Documents/projects/weather-data/.venv/lib/python3.9/site-packages/airflow/example_dags/example_subdag_operator.py took 0.070 seconds
[2023-03-27 21:25:59,910] {processor.py:153} INFO - Started process (PID=7726) to work on /Users/gabrielroger/Documents/projects/weather-data/.venv/lib/python3.9/site-packages/airflow/example_dags/example_subdag_operator.py
[2023-03-27 21:25:59,910] {processor.py:641} INFO - Processing file /Users/gabrielroger/Documents/projects/weather-data/.venv/lib/python3.9/site-packages/airflow/example_dags/example_subdag_operator.py for tasks to queue
[2023-03-27 21:25:59,910] {logging_mixin.py:115} INFO - [2023-03-27 21:25:59,910] {dagbag.py:507} INFO - Filling up the DagBag from /Users/gabrielroger/Documents/projects/weather-data/.venv/lib/python3.9/site-packages/airflow/example_dags/example_subdag_operator.py
[2023-03-27 21:25:59,938] {processor.py:651} INFO - DAG(s) dict_keys(['example_subdag_operator.section-1', 'example_subdag_operator.section-2', 'example_subdag_operator']) retrieved from /Users/gabrielroger/Documents/projects/weather-data/.venv/lib/python3.9/site-packages/airflow/example_dags/example_subdag_operator.py
[2023-03-27 21:25:59,955] {logging_mixin.py:115} INFO - [2023-03-27 21:25:59,955] {dag.py:2379} INFO - Sync 3 DAGs
[2023-03-27 21:25:59,962] {logging_mixin.py:115} INFO - [2023-03-27 21:25:59,962] {dag.py:2927} INFO - Setting next_dagrun for example_subdag_operator to 2022-01-01T00:00:00+00:00, run_after=2022-01-01T00:00:00+00:00
[2023-03-27 21:25:59,963] {logging_mixin.py:115} INFO - [2023-03-27 21:25:59,963] {dag.py:2927} INFO - Setting next_dagrun for example_subdag_operator.section-1 to None, run_after=None
[2023-03-27 21:25:59,963] {logging_mixin.py:115} INFO - [2023-03-27 21:25:59,963] {dag.py:2927} INFO - Setting next_dagrun for example_subdag_operator.section-2 to None, run_after=None
[2023-03-27 21:25:59,965] {logging_mixin.py:115} INFO - [2023-03-27 21:25:59,965] {dag.py:2379} INFO - Sync 2 DAGs
[2023-03-27 21:25:59,966] {logging_mixin.py:115} INFO - [2023-03-27 21:25:59,966] {dag.py:2927} INFO - Setting next_dagrun for example_subdag_operator.section-1 to None, run_after=None
[2023-03-27 21:25:59,967] {logging_mixin.py:115} INFO - [2023-03-27 21:25:59,967] {dag.py:2927} INFO - Setting next_dagrun for example_subdag_operator.section-2 to None, run_after=None
[2023-03-27 21:25:59,970] {processor.py:161} INFO - Processing /Users/gabrielroger/Documents/projects/weather-data/.venv/lib/python3.9/site-packages/airflow/example_dags/example_subdag_operator.py took 0.061 seconds
[2023-03-27 21:26:45,471] {processor.py:153} INFO - Started process (PID=7801) to work on /Users/gabrielroger/Documents/projects/weather-data/.venv/lib/python3.9/site-packages/airflow/example_dags/example_subdag_operator.py
[2023-03-27 21:26:45,471] {processor.py:641} INFO - Processing file /Users/gabrielroger/Documents/projects/weather-data/.venv/lib/python3.9/site-packages/airflow/example_dags/example_subdag_operator.py for tasks to queue
[2023-03-27 21:26:45,471] {logging_mixin.py:115} INFO - [2023-03-27 21:26:45,471] {dagbag.py:507} INFO - Filling up the DagBag from /Users/gabrielroger/Documents/projects/weather-data/.venv/lib/python3.9/site-packages/airflow/example_dags/example_subdag_operator.py
[2023-03-27 21:26:45,499] {processor.py:651} INFO - DAG(s) dict_keys(['example_subdag_operator.section-1', 'example_subdag_operator.section-2', 'example_subdag_operator']) retrieved from /Users/gabrielroger/Documents/projects/weather-data/.venv/lib/python3.9/site-packages/airflow/example_dags/example_subdag_operator.py
[2023-03-27 21:26:45,516] {logging_mixin.py:115} INFO - [2023-03-27 21:26:45,516] {dag.py:2379} INFO - Sync 3 DAGs
[2023-03-27 21:26:45,523] {logging_mixin.py:115} INFO - [2023-03-27 21:26:45,523] {dag.py:2927} INFO - Setting next_dagrun for example_subdag_operator to 2022-01-01T00:00:00+00:00, run_after=2022-01-01T00:00:00+00:00
[2023-03-27 21:26:45,523] {logging_mixin.py:115} INFO - [2023-03-27 21:26:45,523] {dag.py:2927} INFO - Setting next_dagrun for example_subdag_operator.section-1 to None, run_after=None
[2023-03-27 21:26:45,524] {logging_mixin.py:115} INFO - [2023-03-27 21:26:45,524] {dag.py:2927} INFO - Setting next_dagrun for example_subdag_operator.section-2 to None, run_after=None
[2023-03-27 21:26:45,526] {logging_mixin.py:115} INFO - [2023-03-27 21:26:45,526] {dag.py:2379} INFO - Sync 2 DAGs
[2023-03-27 21:26:45,527] {logging_mixin.py:115} INFO - [2023-03-27 21:26:45,527] {dag.py:2927} INFO - Setting next_dagrun for example_subdag_operator.section-1 to None, run_after=None
[2023-03-27 21:26:45,528] {logging_mixin.py:115} INFO - [2023-03-27 21:26:45,528] {dag.py:2927} INFO - Setting next_dagrun for example_subdag_operator.section-2 to None, run_after=None
[2023-03-27 21:26:45,531] {processor.py:161} INFO - Processing /Users/gabrielroger/Documents/projects/weather-data/.venv/lib/python3.9/site-packages/airflow/example_dags/example_subdag_operator.py took 0.061 seconds
[2023-03-27 21:27:30,208] {processor.py:153} INFO - Started process (PID=7875) to work on /Users/gabrielroger/Documents/projects/weather-data/.venv/lib/python3.9/site-packages/airflow/example_dags/example_subdag_operator.py
[2023-03-27 21:27:30,208] {processor.py:641} INFO - Processing file /Users/gabrielroger/Documents/projects/weather-data/.venv/lib/python3.9/site-packages/airflow/example_dags/example_subdag_operator.py for tasks to queue
[2023-03-27 21:27:30,208] {logging_mixin.py:115} INFO - [2023-03-27 21:27:30,208] {dagbag.py:507} INFO - Filling up the DagBag from /Users/gabrielroger/Documents/projects/weather-data/.venv/lib/python3.9/site-packages/airflow/example_dags/example_subdag_operator.py
[2023-03-27 21:27:30,236] {processor.py:651} INFO - DAG(s) dict_keys(['example_subdag_operator.section-1', 'example_subdag_operator.section-2', 'example_subdag_operator']) retrieved from /Users/gabrielroger/Documents/projects/weather-data/.venv/lib/python3.9/site-packages/airflow/example_dags/example_subdag_operator.py
[2023-03-27 21:27:30,253] {logging_mixin.py:115} INFO - [2023-03-27 21:27:30,253] {dag.py:2379} INFO - Sync 3 DAGs
[2023-03-27 21:27:30,260] {logging_mixin.py:115} INFO - [2023-03-27 21:27:30,260] {dag.py:2927} INFO - Setting next_dagrun for example_subdag_operator to 2022-01-01T00:00:00+00:00, run_after=2022-01-01T00:00:00+00:00
[2023-03-27 21:27:30,260] {logging_mixin.py:115} INFO - [2023-03-27 21:27:30,260] {dag.py:2927} INFO - Setting next_dagrun for example_subdag_operator.section-1 to None, run_after=None
[2023-03-27 21:27:30,260] {logging_mixin.py:115} INFO - [2023-03-27 21:27:30,260] {dag.py:2927} INFO - Setting next_dagrun for example_subdag_operator.section-2 to None, run_after=None
[2023-03-27 21:27:30,262] {logging_mixin.py:115} INFO - [2023-03-27 21:27:30,262] {dag.py:2379} INFO - Sync 2 DAGs
[2023-03-27 21:27:30,264] {logging_mixin.py:115} INFO - [2023-03-27 21:27:30,264] {dag.py:2927} INFO - Setting next_dagrun for example_subdag_operator.section-1 to None, run_after=None
[2023-03-27 21:27:30,264] {logging_mixin.py:115} INFO - [2023-03-27 21:27:30,264] {dag.py:2927} INFO - Setting next_dagrun for example_subdag_operator.section-2 to None, run_after=None
[2023-03-27 21:27:30,268] {processor.py:161} INFO - Processing /Users/gabrielroger/Documents/projects/weather-data/.venv/lib/python3.9/site-packages/airflow/example_dags/example_subdag_operator.py took 0.060 seconds
[2023-03-27 21:28:12,020] {processor.py:153} INFO - Started process (PID=7948) to work on /Users/gabrielroger/Documents/projects/weather-data/.venv/lib/python3.9/site-packages/airflow/example_dags/example_subdag_operator.py
[2023-03-27 21:28:12,020] {processor.py:641} INFO - Processing file /Users/gabrielroger/Documents/projects/weather-data/.venv/lib/python3.9/site-packages/airflow/example_dags/example_subdag_operator.py for tasks to queue
[2023-03-27 21:28:12,020] {logging_mixin.py:115} INFO - [2023-03-27 21:28:12,020] {dagbag.py:507} INFO - Filling up the DagBag from /Users/gabrielroger/Documents/projects/weather-data/.venv/lib/python3.9/site-packages/airflow/example_dags/example_subdag_operator.py
[2023-03-27 21:28:12,048] {processor.py:651} INFO - DAG(s) dict_keys(['example_subdag_operator.section-1', 'example_subdag_operator.section-2', 'example_subdag_operator']) retrieved from /Users/gabrielroger/Documents/projects/weather-data/.venv/lib/python3.9/site-packages/airflow/example_dags/example_subdag_operator.py
[2023-03-27 21:28:12,064] {logging_mixin.py:115} INFO - [2023-03-27 21:28:12,064] {dag.py:2379} INFO - Sync 3 DAGs
[2023-03-27 21:28:12,071] {logging_mixin.py:115} INFO - [2023-03-27 21:28:12,071] {dag.py:2927} INFO - Setting next_dagrun for example_subdag_operator to 2022-01-01T00:00:00+00:00, run_after=2022-01-01T00:00:00+00:00
[2023-03-27 21:28:12,072] {logging_mixin.py:115} INFO - [2023-03-27 21:28:12,072] {dag.py:2927} INFO - Setting next_dagrun for example_subdag_operator.section-1 to None, run_after=None
[2023-03-27 21:28:12,072] {logging_mixin.py:115} INFO - [2023-03-27 21:28:12,072] {dag.py:2927} INFO - Setting next_dagrun for example_subdag_operator.section-2 to None, run_after=None
[2023-03-27 21:28:12,074] {logging_mixin.py:115} INFO - [2023-03-27 21:28:12,074] {dag.py:2379} INFO - Sync 2 DAGs
[2023-03-27 21:28:12,075] {logging_mixin.py:115} INFO - [2023-03-27 21:28:12,075] {dag.py:2927} INFO - Setting next_dagrun for example_subdag_operator.section-1 to None, run_after=None
[2023-03-27 21:28:12,076] {logging_mixin.py:115} INFO - [2023-03-27 21:28:12,076] {dag.py:2927} INFO - Setting next_dagrun for example_subdag_operator.section-2 to None, run_after=None
[2023-03-27 21:28:12,079] {processor.py:161} INFO - Processing /Users/gabrielroger/Documents/projects/weather-data/.venv/lib/python3.9/site-packages/airflow/example_dags/example_subdag_operator.py took 0.059 seconds
[2023-03-27 21:28:55,334] {processor.py:153} INFO - Started process (PID=8028) to work on /Users/gabrielroger/Documents/projects/weather-data/.venv/lib/python3.9/site-packages/airflow/example_dags/example_subdag_operator.py
[2023-03-27 21:28:55,334] {processor.py:641} INFO - Processing file /Users/gabrielroger/Documents/projects/weather-data/.venv/lib/python3.9/site-packages/airflow/example_dags/example_subdag_operator.py for tasks to queue
[2023-03-27 21:28:55,335] {logging_mixin.py:115} INFO - [2023-03-27 21:28:55,334] {dagbag.py:507} INFO - Filling up the DagBag from /Users/gabrielroger/Documents/projects/weather-data/.venv/lib/python3.9/site-packages/airflow/example_dags/example_subdag_operator.py
[2023-03-27 21:28:55,362] {processor.py:651} INFO - DAG(s) dict_keys(['example_subdag_operator.section-1', 'example_subdag_operator.section-2', 'example_subdag_operator']) retrieved from /Users/gabrielroger/Documents/projects/weather-data/.venv/lib/python3.9/site-packages/airflow/example_dags/example_subdag_operator.py
[2023-03-27 21:28:55,379] {logging_mixin.py:115} INFO - [2023-03-27 21:28:55,379] {dag.py:2379} INFO - Sync 3 DAGs
[2023-03-27 21:28:55,386] {logging_mixin.py:115} INFO - [2023-03-27 21:28:55,386] {dag.py:2927} INFO - Setting next_dagrun for example_subdag_operator to 2022-01-01T00:00:00+00:00, run_after=2022-01-01T00:00:00+00:00
[2023-03-27 21:28:55,386] {logging_mixin.py:115} INFO - [2023-03-27 21:28:55,386] {dag.py:2927} INFO - Setting next_dagrun for example_subdag_operator.section-1 to None, run_after=None
[2023-03-27 21:28:55,386] {logging_mixin.py:115} INFO - [2023-03-27 21:28:55,386] {dag.py:2927} INFO - Setting next_dagrun for example_subdag_operator.section-2 to None, run_after=None
[2023-03-27 21:28:55,388] {logging_mixin.py:115} INFO - [2023-03-27 21:28:55,388] {dag.py:2379} INFO - Sync 2 DAGs
[2023-03-27 21:28:55,390] {logging_mixin.py:115} INFO - [2023-03-27 21:28:55,390] {dag.py:2927} INFO - Setting next_dagrun for example_subdag_operator.section-1 to None, run_after=None
[2023-03-27 21:28:55,390] {logging_mixin.py:115} INFO - [2023-03-27 21:28:55,390] {dag.py:2927} INFO - Setting next_dagrun for example_subdag_operator.section-2 to None, run_after=None
[2023-03-27 21:28:55,394] {processor.py:161} INFO - Processing /Users/gabrielroger/Documents/projects/weather-data/.venv/lib/python3.9/site-packages/airflow/example_dags/example_subdag_operator.py took 0.060 seconds
[2023-03-27 21:29:37,487] {processor.py:153} INFO - Started process (PID=8112) to work on /Users/gabrielroger/Documents/projects/weather-data/.venv/lib/python3.9/site-packages/airflow/example_dags/example_subdag_operator.py
[2023-03-27 21:29:37,488] {processor.py:641} INFO - Processing file /Users/gabrielroger/Documents/projects/weather-data/.venv/lib/python3.9/site-packages/airflow/example_dags/example_subdag_operator.py for tasks to queue
[2023-03-27 21:29:37,488] {logging_mixin.py:115} INFO - [2023-03-27 21:29:37,488] {dagbag.py:507} INFO - Filling up the DagBag from /Users/gabrielroger/Documents/projects/weather-data/.venv/lib/python3.9/site-packages/airflow/example_dags/example_subdag_operator.py
[2023-03-27 21:29:37,515] {processor.py:651} INFO - DAG(s) dict_keys(['example_subdag_operator.section-1', 'example_subdag_operator.section-2', 'example_subdag_operator']) retrieved from /Users/gabrielroger/Documents/projects/weather-data/.venv/lib/python3.9/site-packages/airflow/example_dags/example_subdag_operator.py
[2023-03-27 21:29:37,534] {logging_mixin.py:115} INFO - [2023-03-27 21:29:37,533] {dag.py:2379} INFO - Sync 3 DAGs
[2023-03-27 21:29:37,541] {logging_mixin.py:115} INFO - [2023-03-27 21:29:37,541] {dag.py:2927} INFO - Setting next_dagrun for example_subdag_operator to 2022-01-01T00:00:00+00:00, run_after=2022-01-01T00:00:00+00:00
[2023-03-27 21:29:37,541] {logging_mixin.py:115} INFO - [2023-03-27 21:29:37,541] {dag.py:2927} INFO - Setting next_dagrun for example_subdag_operator.section-1 to None, run_after=None
[2023-03-27 21:29:37,541] {logging_mixin.py:115} INFO - [2023-03-27 21:29:37,541] {dag.py:2927} INFO - Setting next_dagrun for example_subdag_operator.section-2 to None, run_after=None
[2023-03-27 21:29:37,543] {logging_mixin.py:115} INFO - [2023-03-27 21:29:37,543] {dag.py:2379} INFO - Sync 2 DAGs
[2023-03-27 21:29:37,545] {logging_mixin.py:115} INFO - [2023-03-27 21:29:37,545] {dag.py:2927} INFO - Setting next_dagrun for example_subdag_operator.section-1 to None, run_after=None
[2023-03-27 21:29:37,545] {logging_mixin.py:115} INFO - [2023-03-27 21:29:37,545] {dag.py:2927} INFO - Setting next_dagrun for example_subdag_operator.section-2 to None, run_after=None
[2023-03-27 21:29:37,548] {processor.py:161} INFO - Processing /Users/gabrielroger/Documents/projects/weather-data/.venv/lib/python3.9/site-packages/airflow/example_dags/example_subdag_operator.py took 0.062 seconds
[2023-03-27 21:30:21,534] {processor.py:153} INFO - Started process (PID=8210) to work on /Users/gabrielroger/Documents/projects/weather-data/.venv/lib/python3.9/site-packages/airflow/example_dags/example_subdag_operator.py
[2023-03-27 21:30:21,534] {processor.py:641} INFO - Processing file /Users/gabrielroger/Documents/projects/weather-data/.venv/lib/python3.9/site-packages/airflow/example_dags/example_subdag_operator.py for tasks to queue
[2023-03-27 21:30:21,534] {logging_mixin.py:115} INFO - [2023-03-27 21:30:21,534] {dagbag.py:507} INFO - Filling up the DagBag from /Users/gabrielroger/Documents/projects/weather-data/.venv/lib/python3.9/site-packages/airflow/example_dags/example_subdag_operator.py
[2023-03-27 21:30:21,562] {processor.py:651} INFO - DAG(s) dict_keys(['example_subdag_operator.section-1', 'example_subdag_operator.section-2', 'example_subdag_operator']) retrieved from /Users/gabrielroger/Documents/projects/weather-data/.venv/lib/python3.9/site-packages/airflow/example_dags/example_subdag_operator.py
[2023-03-27 21:30:21,579] {logging_mixin.py:115} INFO - [2023-03-27 21:30:21,579] {dag.py:2379} INFO - Sync 3 DAGs
[2023-03-27 21:30:21,587] {logging_mixin.py:115} INFO - [2023-03-27 21:30:21,587] {dag.py:2927} INFO - Setting next_dagrun for example_subdag_operator to 2022-01-01T00:00:00+00:00, run_after=2022-01-01T00:00:00+00:00
[2023-03-27 21:30:21,587] {logging_mixin.py:115} INFO - [2023-03-27 21:30:21,587] {dag.py:2927} INFO - Setting next_dagrun for example_subdag_operator.section-1 to None, run_after=None
[2023-03-27 21:30:21,587] {logging_mixin.py:115} INFO - [2023-03-27 21:30:21,587] {dag.py:2927} INFO - Setting next_dagrun for example_subdag_operator.section-2 to None, run_after=None
[2023-03-27 21:30:21,589] {logging_mixin.py:115} INFO - [2023-03-27 21:30:21,589] {dag.py:2379} INFO - Sync 2 DAGs
[2023-03-27 21:30:21,591] {logging_mixin.py:115} INFO - [2023-03-27 21:30:21,591] {dag.py:2927} INFO - Setting next_dagrun for example_subdag_operator.section-1 to None, run_after=None
[2023-03-27 21:30:21,591] {logging_mixin.py:115} INFO - [2023-03-27 21:30:21,591] {dag.py:2927} INFO - Setting next_dagrun for example_subdag_operator.section-2 to None, run_after=None
[2023-03-27 21:30:21,594] {processor.py:161} INFO - Processing /Users/gabrielroger/Documents/projects/weather-data/.venv/lib/python3.9/site-packages/airflow/example_dags/example_subdag_operator.py took 0.061 seconds
[2023-03-27 21:31:04,396] {processor.py:153} INFO - Started process (PID=8282) to work on /Users/gabrielroger/Documents/projects/weather-data/.venv/lib/python3.9/site-packages/airflow/example_dags/example_subdag_operator.py
[2023-03-27 21:31:04,396] {processor.py:641} INFO - Processing file /Users/gabrielroger/Documents/projects/weather-data/.venv/lib/python3.9/site-packages/airflow/example_dags/example_subdag_operator.py for tasks to queue
[2023-03-27 21:31:04,397] {logging_mixin.py:115} INFO - [2023-03-27 21:31:04,397] {dagbag.py:507} INFO - Filling up the DagBag from /Users/gabrielroger/Documents/projects/weather-data/.venv/lib/python3.9/site-packages/airflow/example_dags/example_subdag_operator.py
[2023-03-27 21:31:04,425] {processor.py:651} INFO - DAG(s) dict_keys(['example_subdag_operator.section-1', 'example_subdag_operator.section-2', 'example_subdag_operator']) retrieved from /Users/gabrielroger/Documents/projects/weather-data/.venv/lib/python3.9/site-packages/airflow/example_dags/example_subdag_operator.py
[2023-03-27 21:31:04,442] {logging_mixin.py:115} INFO - [2023-03-27 21:31:04,442] {dag.py:2379} INFO - Sync 3 DAGs
[2023-03-27 21:31:04,449] {logging_mixin.py:115} INFO - [2023-03-27 21:31:04,449] {dag.py:2927} INFO - Setting next_dagrun for example_subdag_operator to 2022-01-01T00:00:00+00:00, run_after=2022-01-01T00:00:00+00:00
[2023-03-27 21:31:04,449] {logging_mixin.py:115} INFO - [2023-03-27 21:31:04,449] {dag.py:2927} INFO - Setting next_dagrun for example_subdag_operator.section-1 to None, run_after=None
[2023-03-27 21:31:04,449] {logging_mixin.py:115} INFO - [2023-03-27 21:31:04,449] {dag.py:2927} INFO - Setting next_dagrun for example_subdag_operator.section-2 to None, run_after=None
[2023-03-27 21:31:04,452] {logging_mixin.py:115} INFO - [2023-03-27 21:31:04,452] {dag.py:2379} INFO - Sync 2 DAGs
[2023-03-27 21:31:04,453] {logging_mixin.py:115} INFO - [2023-03-27 21:31:04,453] {dag.py:2927} INFO - Setting next_dagrun for example_subdag_operator.section-1 to None, run_after=None
[2023-03-27 21:31:04,453] {logging_mixin.py:115} INFO - [2023-03-27 21:31:04,453] {dag.py:2927} INFO - Setting next_dagrun for example_subdag_operator.section-2 to None, run_after=None
[2023-03-27 21:31:04,457] {processor.py:161} INFO - Processing /Users/gabrielroger/Documents/projects/weather-data/.venv/lib/python3.9/site-packages/airflow/example_dags/example_subdag_operator.py took 0.061 seconds
[2023-03-27 21:31:46,696] {processor.py:153} INFO - Started process (PID=8352) to work on /Users/gabrielroger/Documents/projects/weather-data/.venv/lib/python3.9/site-packages/airflow/example_dags/example_subdag_operator.py
[2023-03-27 21:31:46,696] {processor.py:641} INFO - Processing file /Users/gabrielroger/Documents/projects/weather-data/.venv/lib/python3.9/site-packages/airflow/example_dags/example_subdag_operator.py for tasks to queue
[2023-03-27 21:31:46,696] {logging_mixin.py:115} INFO - [2023-03-27 21:31:46,696] {dagbag.py:507} INFO - Filling up the DagBag from /Users/gabrielroger/Documents/projects/weather-data/.venv/lib/python3.9/site-packages/airflow/example_dags/example_subdag_operator.py
[2023-03-27 21:31:46,723] {processor.py:651} INFO - DAG(s) dict_keys(['example_subdag_operator.section-1', 'example_subdag_operator.section-2', 'example_subdag_operator']) retrieved from /Users/gabrielroger/Documents/projects/weather-data/.venv/lib/python3.9/site-packages/airflow/example_dags/example_subdag_operator.py
[2023-03-27 21:31:46,740] {logging_mixin.py:115} INFO - [2023-03-27 21:31:46,740] {dag.py:2379} INFO - Sync 3 DAGs
[2023-03-27 21:31:46,747] {logging_mixin.py:115} INFO - [2023-03-27 21:31:46,747] {dag.py:2927} INFO - Setting next_dagrun for example_subdag_operator to 2022-01-01T00:00:00+00:00, run_after=2022-01-01T00:00:00+00:00
[2023-03-27 21:31:46,747] {logging_mixin.py:115} INFO - [2023-03-27 21:31:46,747] {dag.py:2927} INFO - Setting next_dagrun for example_subdag_operator.section-1 to None, run_after=None
[2023-03-27 21:31:46,747] {logging_mixin.py:115} INFO - [2023-03-27 21:31:46,747] {dag.py:2927} INFO - Setting next_dagrun for example_subdag_operator.section-2 to None, run_after=None
[2023-03-27 21:31:46,749] {logging_mixin.py:115} INFO - [2023-03-27 21:31:46,749] {dag.py:2379} INFO - Sync 2 DAGs
[2023-03-27 21:31:46,751] {logging_mixin.py:115} INFO - [2023-03-27 21:31:46,751] {dag.py:2927} INFO - Setting next_dagrun for example_subdag_operator.section-1 to None, run_after=None
[2023-03-27 21:31:46,751] {logging_mixin.py:115} INFO - [2023-03-27 21:31:46,751] {dag.py:2927} INFO - Setting next_dagrun for example_subdag_operator.section-2 to None, run_after=None
[2023-03-27 21:31:46,755] {processor.py:161} INFO - Processing /Users/gabrielroger/Documents/projects/weather-data/.venv/lib/python3.9/site-packages/airflow/example_dags/example_subdag_operator.py took 0.059 seconds
[2023-03-27 21:32:30,516] {processor.py:153} INFO - Started process (PID=8424) to work on /Users/gabrielroger/Documents/projects/weather-data/.venv/lib/python3.9/site-packages/airflow/example_dags/example_subdag_operator.py
[2023-03-27 21:32:30,516] {processor.py:641} INFO - Processing file /Users/gabrielroger/Documents/projects/weather-data/.venv/lib/python3.9/site-packages/airflow/example_dags/example_subdag_operator.py for tasks to queue
[2023-03-27 21:32:30,516] {logging_mixin.py:115} INFO - [2023-03-27 21:32:30,516] {dagbag.py:507} INFO - Filling up the DagBag from /Users/gabrielroger/Documents/projects/weather-data/.venv/lib/python3.9/site-packages/airflow/example_dags/example_subdag_operator.py
[2023-03-27 21:32:30,543] {processor.py:651} INFO - DAG(s) dict_keys(['example_subdag_operator.section-1', 'example_subdag_operator.section-2', 'example_subdag_operator']) retrieved from /Users/gabrielroger/Documents/projects/weather-data/.venv/lib/python3.9/site-packages/airflow/example_dags/example_subdag_operator.py
[2023-03-27 21:32:30,560] {logging_mixin.py:115} INFO - [2023-03-27 21:32:30,560] {dag.py:2379} INFO - Sync 3 DAGs
[2023-03-27 21:32:30,567] {logging_mixin.py:115} INFO - [2023-03-27 21:32:30,567] {dag.py:2927} INFO - Setting next_dagrun for example_subdag_operator to 2022-01-01T00:00:00+00:00, run_after=2022-01-01T00:00:00+00:00
[2023-03-27 21:32:30,567] {logging_mixin.py:115} INFO - [2023-03-27 21:32:30,567] {dag.py:2927} INFO - Setting next_dagrun for example_subdag_operator.section-1 to None, run_after=None
[2023-03-27 21:32:30,567] {logging_mixin.py:115} INFO - [2023-03-27 21:32:30,567] {dag.py:2927} INFO - Setting next_dagrun for example_subdag_operator.section-2 to None, run_after=None
[2023-03-27 21:32:30,569] {logging_mixin.py:115} INFO - [2023-03-27 21:32:30,569] {dag.py:2379} INFO - Sync 2 DAGs
[2023-03-27 21:32:30,571] {logging_mixin.py:115} INFO - [2023-03-27 21:32:30,571] {dag.py:2927} INFO - Setting next_dagrun for example_subdag_operator.section-1 to None, run_after=None
[2023-03-27 21:32:30,571] {logging_mixin.py:115} INFO - [2023-03-27 21:32:30,571] {dag.py:2927} INFO - Setting next_dagrun for example_subdag_operator.section-2 to None, run_after=None
[2023-03-27 21:32:30,575] {processor.py:161} INFO - Processing /Users/gabrielroger/Documents/projects/weather-data/.venv/lib/python3.9/site-packages/airflow/example_dags/example_subdag_operator.py took 0.059 seconds
[2023-03-27 21:33:16,191] {processor.py:153} INFO - Started process (PID=8498) to work on /Users/gabrielroger/Documents/projects/weather-data/.venv/lib/python3.9/site-packages/airflow/example_dags/example_subdag_operator.py
[2023-03-27 21:33:16,191] {processor.py:641} INFO - Processing file /Users/gabrielroger/Documents/projects/weather-data/.venv/lib/python3.9/site-packages/airflow/example_dags/example_subdag_operator.py for tasks to queue
[2023-03-27 21:33:16,191] {logging_mixin.py:115} INFO - [2023-03-27 21:33:16,191] {dagbag.py:507} INFO - Filling up the DagBag from /Users/gabrielroger/Documents/projects/weather-data/.venv/lib/python3.9/site-packages/airflow/example_dags/example_subdag_operator.py
[2023-03-27 21:33:16,218] {processor.py:651} INFO - DAG(s) dict_keys(['example_subdag_operator.section-1', 'example_subdag_operator.section-2', 'example_subdag_operator']) retrieved from /Users/gabrielroger/Documents/projects/weather-data/.venv/lib/python3.9/site-packages/airflow/example_dags/example_subdag_operator.py
[2023-03-27 21:33:16,235] {logging_mixin.py:115} INFO - [2023-03-27 21:33:16,235] {dag.py:2379} INFO - Sync 3 DAGs
[2023-03-27 21:33:16,242] {logging_mixin.py:115} INFO - [2023-03-27 21:33:16,242] {dag.py:2927} INFO - Setting next_dagrun for example_subdag_operator to 2022-01-01T00:00:00+00:00, run_after=2022-01-01T00:00:00+00:00
[2023-03-27 21:33:16,242] {logging_mixin.py:115} INFO - [2023-03-27 21:33:16,242] {dag.py:2927} INFO - Setting next_dagrun for example_subdag_operator.section-1 to None, run_after=None
[2023-03-27 21:33:16,242] {logging_mixin.py:115} INFO - [2023-03-27 21:33:16,242] {dag.py:2927} INFO - Setting next_dagrun for example_subdag_operator.section-2 to None, run_after=None
[2023-03-27 21:33:16,245] {logging_mixin.py:115} INFO - [2023-03-27 21:33:16,245] {dag.py:2379} INFO - Sync 2 DAGs
[2023-03-27 21:33:16,246] {logging_mixin.py:115} INFO - [2023-03-27 21:33:16,246] {dag.py:2927} INFO - Setting next_dagrun for example_subdag_operator.section-1 to None, run_after=None
[2023-03-27 21:33:16,246] {logging_mixin.py:115} INFO - [2023-03-27 21:33:16,246] {dag.py:2927} INFO - Setting next_dagrun for example_subdag_operator.section-2 to None, run_after=None
[2023-03-27 21:33:16,250] {processor.py:161} INFO - Processing /Users/gabrielroger/Documents/projects/weather-data/.venv/lib/python3.9/site-packages/airflow/example_dags/example_subdag_operator.py took 0.059 seconds
[2023-03-27 21:33:59,915] {processor.py:153} INFO - Started process (PID=8576) to work on /Users/gabrielroger/Documents/projects/weather-data/.venv/lib/python3.9/site-packages/airflow/example_dags/example_subdag_operator.py
[2023-03-27 21:33:59,915] {processor.py:641} INFO - Processing file /Users/gabrielroger/Documents/projects/weather-data/.venv/lib/python3.9/site-packages/airflow/example_dags/example_subdag_operator.py for tasks to queue
[2023-03-27 21:33:59,916] {logging_mixin.py:115} INFO - [2023-03-27 21:33:59,916] {dagbag.py:507} INFO - Filling up the DagBag from /Users/gabrielroger/Documents/projects/weather-data/.venv/lib/python3.9/site-packages/airflow/example_dags/example_subdag_operator.py
[2023-03-27 21:33:59,943] {processor.py:651} INFO - DAG(s) dict_keys(['example_subdag_operator.section-1', 'example_subdag_operator.section-2', 'example_subdag_operator']) retrieved from /Users/gabrielroger/Documents/projects/weather-data/.venv/lib/python3.9/site-packages/airflow/example_dags/example_subdag_operator.py
[2023-03-27 21:33:59,960] {logging_mixin.py:115} INFO - [2023-03-27 21:33:59,960] {dag.py:2379} INFO - Sync 3 DAGs
[2023-03-27 21:33:59,967] {logging_mixin.py:115} INFO - [2023-03-27 21:33:59,967] {dag.py:2927} INFO - Setting next_dagrun for example_subdag_operator to 2022-01-01T00:00:00+00:00, run_after=2022-01-01T00:00:00+00:00
[2023-03-27 21:33:59,967] {logging_mixin.py:115} INFO - [2023-03-27 21:33:59,967] {dag.py:2927} INFO - Setting next_dagrun for example_subdag_operator.section-1 to None, run_after=None
[2023-03-27 21:33:59,967] {logging_mixin.py:115} INFO - [2023-03-27 21:33:59,967] {dag.py:2927} INFO - Setting next_dagrun for example_subdag_operator.section-2 to None, run_after=None
[2023-03-27 21:33:59,969] {logging_mixin.py:115} INFO - [2023-03-27 21:33:59,969] {dag.py:2379} INFO - Sync 2 DAGs
[2023-03-27 21:33:59,971] {logging_mixin.py:115} INFO - [2023-03-27 21:33:59,971] {dag.py:2927} INFO - Setting next_dagrun for example_subdag_operator.section-1 to None, run_after=None
[2023-03-27 21:33:59,971] {logging_mixin.py:115} INFO - [2023-03-27 21:33:59,971] {dag.py:2927} INFO - Setting next_dagrun for example_subdag_operator.section-2 to None, run_after=None
[2023-03-27 21:33:59,974] {processor.py:161} INFO - Processing /Users/gabrielroger/Documents/projects/weather-data/.venv/lib/python3.9/site-packages/airflow/example_dags/example_subdag_operator.py took 0.059 seconds
[2023-03-27 21:34:45,211] {processor.py:153} INFO - Started process (PID=8664) to work on /Users/gabrielroger/Documents/projects/weather-data/.venv/lib/python3.9/site-packages/airflow/example_dags/example_subdag_operator.py
[2023-03-27 21:34:45,212] {processor.py:641} INFO - Processing file /Users/gabrielroger/Documents/projects/weather-data/.venv/lib/python3.9/site-packages/airflow/example_dags/example_subdag_operator.py for tasks to queue
[2023-03-27 21:34:45,212] {logging_mixin.py:115} INFO - [2023-03-27 21:34:45,212] {dagbag.py:507} INFO - Filling up the DagBag from /Users/gabrielroger/Documents/projects/weather-data/.venv/lib/python3.9/site-packages/airflow/example_dags/example_subdag_operator.py
[2023-03-27 21:34:45,239] {processor.py:651} INFO - DAG(s) dict_keys(['example_subdag_operator.section-1', 'example_subdag_operator.section-2', 'example_subdag_operator']) retrieved from /Users/gabrielroger/Documents/projects/weather-data/.venv/lib/python3.9/site-packages/airflow/example_dags/example_subdag_operator.py
[2023-03-27 21:34:45,260] {logging_mixin.py:115} INFO - [2023-03-27 21:34:45,260] {dag.py:2379} INFO - Sync 3 DAGs
[2023-03-27 21:34:45,268] {logging_mixin.py:115} INFO - [2023-03-27 21:34:45,268] {dag.py:2927} INFO - Setting next_dagrun for example_subdag_operator to 2022-01-01T00:00:00+00:00, run_after=2022-01-01T00:00:00+00:00
[2023-03-27 21:34:45,268] {logging_mixin.py:115} INFO - [2023-03-27 21:34:45,268] {dag.py:2927} INFO - Setting next_dagrun for example_subdag_operator.section-1 to None, run_after=None
[2023-03-27 21:34:45,268] {logging_mixin.py:115} INFO - [2023-03-27 21:34:45,268] {dag.py:2927} INFO - Setting next_dagrun for example_subdag_operator.section-2 to None, run_after=None
[2023-03-27 21:34:45,270] {logging_mixin.py:115} INFO - [2023-03-27 21:34:45,270] {dag.py:2379} INFO - Sync 2 DAGs
[2023-03-27 21:34:45,272] {logging_mixin.py:115} INFO - [2023-03-27 21:34:45,272] {dag.py:2927} INFO - Setting next_dagrun for example_subdag_operator.section-1 to None, run_after=None
[2023-03-27 21:34:45,272] {logging_mixin.py:115} INFO - [2023-03-27 21:34:45,272] {dag.py:2927} INFO - Setting next_dagrun for example_subdag_operator.section-2 to None, run_after=None
[2023-03-27 21:34:45,275] {processor.py:161} INFO - Processing /Users/gabrielroger/Documents/projects/weather-data/.venv/lib/python3.9/site-packages/airflow/example_dags/example_subdag_operator.py took 0.065 seconds
[2023-03-27 21:59:55,116] {processor.py:153} INFO - Started process (PID=8752) to work on /Users/gabrielroger/Documents/projects/weather-data/.venv/lib/python3.9/site-packages/airflow/example_dags/example_subdag_operator.py
[2023-03-27 21:59:55,117] {processor.py:641} INFO - Processing file /Users/gabrielroger/Documents/projects/weather-data/.venv/lib/python3.9/site-packages/airflow/example_dags/example_subdag_operator.py for tasks to queue
[2023-03-27 21:59:55,117] {logging_mixin.py:115} INFO - [2023-03-27 21:59:55,117] {dagbag.py:507} INFO - Filling up the DagBag from /Users/gabrielroger/Documents/projects/weather-data/.venv/lib/python3.9/site-packages/airflow/example_dags/example_subdag_operator.py
[2023-03-27 21:59:55,144] {processor.py:651} INFO - DAG(s) dict_keys(['example_subdag_operator.section-1', 'example_subdag_operator.section-2', 'example_subdag_operator']) retrieved from /Users/gabrielroger/Documents/projects/weather-data/.venv/lib/python3.9/site-packages/airflow/example_dags/example_subdag_operator.py
[2023-03-27 21:59:55,161] {logging_mixin.py:115} INFO - [2023-03-27 21:59:55,161] {dag.py:2379} INFO - Sync 3 DAGs
[2023-03-27 21:59:55,168] {logging_mixin.py:115} INFO - [2023-03-27 21:59:55,168] {dag.py:2927} INFO - Setting next_dagrun for example_subdag_operator to 2022-01-01T00:00:00+00:00, run_after=2022-01-01T00:00:00+00:00
[2023-03-27 21:59:55,168] {logging_mixin.py:115} INFO - [2023-03-27 21:59:55,168] {dag.py:2927} INFO - Setting next_dagrun for example_subdag_operator.section-1 to None, run_after=None
[2023-03-27 21:59:55,168] {logging_mixin.py:115} INFO - [2023-03-27 21:59:55,168] {dag.py:2927} INFO - Setting next_dagrun for example_subdag_operator.section-2 to None, run_after=None
[2023-03-27 21:59:55,170] {logging_mixin.py:115} INFO - [2023-03-27 21:59:55,170] {dag.py:2379} INFO - Sync 2 DAGs
[2023-03-27 21:59:55,172] {logging_mixin.py:115} INFO - [2023-03-27 21:59:55,172] {dag.py:2927} INFO - Setting next_dagrun for example_subdag_operator.section-1 to None, run_after=None
[2023-03-27 21:59:55,172] {logging_mixin.py:115} INFO - [2023-03-27 21:59:55,172] {dag.py:2927} INFO - Setting next_dagrun for example_subdag_operator.section-2 to None, run_after=None
[2023-03-27 21:59:55,176] {processor.py:161} INFO - Processing /Users/gabrielroger/Documents/projects/weather-data/.venv/lib/python3.9/site-packages/airflow/example_dags/example_subdag_operator.py took 0.060 seconds
[2023-03-27 22:09:22,956] {processor.py:153} INFO - Started process (PID=8894) to work on /Users/gabrielroger/Documents/projects/weather-data/.venv/lib/python3.9/site-packages/airflow/example_dags/example_subdag_operator.py
[2023-03-27 22:09:22,956] {processor.py:641} INFO - Processing file /Users/gabrielroger/Documents/projects/weather-data/.venv/lib/python3.9/site-packages/airflow/example_dags/example_subdag_operator.py for tasks to queue
[2023-03-27 22:09:22,956] {logging_mixin.py:115} INFO - [2023-03-27 22:09:22,956] {dagbag.py:507} INFO - Filling up the DagBag from /Users/gabrielroger/Documents/projects/weather-data/.venv/lib/python3.9/site-packages/airflow/example_dags/example_subdag_operator.py
[2023-03-27 22:09:22,984] {processor.py:651} INFO - DAG(s) dict_keys(['example_subdag_operator.section-1', 'example_subdag_operator.section-2', 'example_subdag_operator']) retrieved from /Users/gabrielroger/Documents/projects/weather-data/.venv/lib/python3.9/site-packages/airflow/example_dags/example_subdag_operator.py
[2023-03-27 22:09:23,001] {logging_mixin.py:115} INFO - [2023-03-27 22:09:23,001] {dag.py:2379} INFO - Sync 3 DAGs
[2023-03-27 22:09:23,008] {logging_mixin.py:115} INFO - [2023-03-27 22:09:23,008] {dag.py:2927} INFO - Setting next_dagrun for example_subdag_operator to 2022-01-01T00:00:00+00:00, run_after=2022-01-01T00:00:00+00:00
[2023-03-27 22:09:23,008] {logging_mixin.py:115} INFO - [2023-03-27 22:09:23,008] {dag.py:2927} INFO - Setting next_dagrun for example_subdag_operator.section-1 to None, run_after=None
[2023-03-27 22:09:23,008] {logging_mixin.py:115} INFO - [2023-03-27 22:09:23,008] {dag.py:2927} INFO - Setting next_dagrun for example_subdag_operator.section-2 to None, run_after=None
[2023-03-27 22:09:23,011] {logging_mixin.py:115} INFO - [2023-03-27 22:09:23,011] {dag.py:2379} INFO - Sync 2 DAGs
[2023-03-27 22:09:23,012] {logging_mixin.py:115} INFO - [2023-03-27 22:09:23,012] {dag.py:2927} INFO - Setting next_dagrun for example_subdag_operator.section-1 to None, run_after=None
[2023-03-27 22:09:23,012] {logging_mixin.py:115} INFO - [2023-03-27 22:09:23,012] {dag.py:2927} INFO - Setting next_dagrun for example_subdag_operator.section-2 to None, run_after=None
[2023-03-27 22:09:23,016] {processor.py:161} INFO - Processing /Users/gabrielroger/Documents/projects/weather-data/.venv/lib/python3.9/site-packages/airflow/example_dags/example_subdag_operator.py took 0.060 seconds
[2023-03-27 23:28:03,177] {processor.py:153} INFO - Started process (PID=9017) to work on /Users/gabrielroger/Documents/projects/weather-data/.venv/lib/python3.9/site-packages/airflow/example_dags/example_subdag_operator.py
[2023-03-27 23:28:03,178] {processor.py:641} INFO - Processing file /Users/gabrielroger/Documents/projects/weather-data/.venv/lib/python3.9/site-packages/airflow/example_dags/example_subdag_operator.py for tasks to queue
[2023-03-27 23:28:03,178] {logging_mixin.py:115} INFO - [2023-03-27 23:28:03,178] {dagbag.py:507} INFO - Filling up the DagBag from /Users/gabrielroger/Documents/projects/weather-data/.venv/lib/python3.9/site-packages/airflow/example_dags/example_subdag_operator.py
[2023-03-27 23:28:03,205] {processor.py:651} INFO - DAG(s) dict_keys(['example_subdag_operator.section-1', 'example_subdag_operator.section-2', 'example_subdag_operator']) retrieved from /Users/gabrielroger/Documents/projects/weather-data/.venv/lib/python3.9/site-packages/airflow/example_dags/example_subdag_operator.py
[2023-03-27 23:28:03,222] {logging_mixin.py:115} INFO - [2023-03-27 23:28:03,222] {dag.py:2379} INFO - Sync 3 DAGs
[2023-03-27 23:28:03,229] {logging_mixin.py:115} INFO - [2023-03-27 23:28:03,229] {dag.py:2927} INFO - Setting next_dagrun for example_subdag_operator to 2022-01-01T00:00:00+00:00, run_after=2022-01-01T00:00:00+00:00
[2023-03-27 23:28:03,229] {logging_mixin.py:115} INFO - [2023-03-27 23:28:03,229] {dag.py:2927} INFO - Setting next_dagrun for example_subdag_operator.section-1 to None, run_after=None
[2023-03-27 23:28:03,229] {logging_mixin.py:115} INFO - [2023-03-27 23:28:03,229] {dag.py:2927} INFO - Setting next_dagrun for example_subdag_operator.section-2 to None, run_after=None
[2023-03-27 23:28:03,231] {logging_mixin.py:115} INFO - [2023-03-27 23:28:03,231] {dag.py:2379} INFO - Sync 2 DAGs
[2023-03-27 23:28:03,233] {logging_mixin.py:115} INFO - [2023-03-27 23:28:03,233] {dag.py:2927} INFO - Setting next_dagrun for example_subdag_operator.section-1 to None, run_after=None
[2023-03-27 23:28:03,233] {logging_mixin.py:115} INFO - [2023-03-27 23:28:03,233] {dag.py:2927} INFO - Setting next_dagrun for example_subdag_operator.section-2 to None, run_after=None
[2023-03-27 23:28:03,237] {processor.py:161} INFO - Processing /Users/gabrielroger/Documents/projects/weather-data/.venv/lib/python3.9/site-packages/airflow/example_dags/example_subdag_operator.py took 0.060 seconds
