[2023-03-27 21:10:20,525] {processor.py:153} INFO - Started process (PID=6113) to work on /Users/gabrielroger/Documents/projects/weather-data/.venv/lib/python3.9/site-packages/airflow/example_dags/example_branch_labels.py
[2023-03-27 21:10:20,525] {processor.py:641} INFO - Processing file /Users/gabrielroger/Documents/projects/weather-data/.venv/lib/python3.9/site-packages/airflow/example_dags/example_branch_labels.py for tasks to queue
[2023-03-27 21:10:20,525] {logging_mixin.py:115} INFO - [2023-03-27 21:10:20,525] {dagbag.py:507} INFO - Filling up the DagBag from /Users/gabrielroger/Documents/projects/weather-data/.venv/lib/python3.9/site-packages/airflow/example_dags/example_branch_labels.py
[2023-03-27 21:10:20,534] {processor.py:651} INFO - DAG(s) dict_keys(['example_branch_labels']) retrieved from /Users/gabrielroger/Documents/projects/weather-data/.venv/lib/python3.9/site-packages/airflow/example_dags/example_branch_labels.py
[2023-03-27 21:10:20,564] {logging_mixin.py:115} INFO - [2023-03-27 21:10:20,564] {dag.py:2379} INFO - Sync 1 DAGs
[2023-03-27 21:10:20,572] {logging_mixin.py:115} INFO - [2023-03-27 21:10:20,572] {dag.py:2927} INFO - Setting next_dagrun for example_branch_labels to 2023-03-27T00:00:00+00:00, run_after=2023-03-28T00:00:00+00:00
[2023-03-27 21:10:20,577] {processor.py:161} INFO - Processing /Users/gabrielroger/Documents/projects/weather-data/.venv/lib/python3.9/site-packages/airflow/example_dags/example_branch_labels.py took 0.052 seconds
[2023-03-27 21:11:26,488] {processor.py:153} INFO - Started process (PID=6228) to work on /Users/gabrielroger/Documents/projects/weather-data/.venv/lib/python3.9/site-packages/airflow/example_dags/example_branch_labels.py
[2023-03-27 21:11:26,489] {processor.py:641} INFO - Processing file /Users/gabrielroger/Documents/projects/weather-data/.venv/lib/python3.9/site-packages/airflow/example_dags/example_branch_labels.py for tasks to queue
[2023-03-27 21:11:26,489] {logging_mixin.py:115} INFO - [2023-03-27 21:11:26,489] {dagbag.py:507} INFO - Filling up the DagBag from /Users/gabrielroger/Documents/projects/weather-data/.venv/lib/python3.9/site-packages/airflow/example_dags/example_branch_labels.py
[2023-03-27 21:11:26,497] {processor.py:651} INFO - DAG(s) dict_keys(['example_branch_labels']) retrieved from /Users/gabrielroger/Documents/projects/weather-data/.venv/lib/python3.9/site-packages/airflow/example_dags/example_branch_labels.py
[2023-03-27 21:11:26,527] {logging_mixin.py:115} INFO - [2023-03-27 21:11:26,527] {dag.py:2379} INFO - Sync 1 DAGs
[2023-03-27 21:11:26,534] {logging_mixin.py:115} INFO - [2023-03-27 21:11:26,534] {dag.py:2927} INFO - Setting next_dagrun for example_branch_labels to 2023-03-27T00:00:00+00:00, run_after=2023-03-28T00:00:00+00:00
[2023-03-27 21:11:26,539] {processor.py:161} INFO - Processing /Users/gabrielroger/Documents/projects/weather-data/.venv/lib/python3.9/site-packages/airflow/example_dags/example_branch_labels.py took 0.051 seconds
[2023-03-27 21:12:37,714] {processor.py:153} INFO - Started process (PID=6342) to work on /Users/gabrielroger/Documents/projects/weather-data/.venv/lib/python3.9/site-packages/airflow/example_dags/example_branch_labels.py
[2023-03-27 21:12:37,715] {processor.py:641} INFO - Processing file /Users/gabrielroger/Documents/projects/weather-data/.venv/lib/python3.9/site-packages/airflow/example_dags/example_branch_labels.py for tasks to queue
[2023-03-27 21:12:37,715] {logging_mixin.py:115} INFO - [2023-03-27 21:12:37,715] {dagbag.py:507} INFO - Filling up the DagBag from /Users/gabrielroger/Documents/projects/weather-data/.venv/lib/python3.9/site-packages/airflow/example_dags/example_branch_labels.py
[2023-03-27 21:12:37,722] {processor.py:651} INFO - DAG(s) dict_keys(['example_branch_labels']) retrieved from /Users/gabrielroger/Documents/projects/weather-data/.venv/lib/python3.9/site-packages/airflow/example_dags/example_branch_labels.py
[2023-03-27 21:12:37,752] {logging_mixin.py:115} INFO - [2023-03-27 21:12:37,752] {dag.py:2379} INFO - Sync 1 DAGs
[2023-03-27 21:12:37,760] {logging_mixin.py:115} INFO - [2023-03-27 21:12:37,760] {dag.py:2927} INFO - Setting next_dagrun for example_branch_labels to 2023-03-27T00:00:00+00:00, run_after=2023-03-28T00:00:00+00:00
[2023-03-27 21:12:37,765] {processor.py:161} INFO - Processing /Users/gabrielroger/Documents/projects/weather-data/.venv/lib/python3.9/site-packages/airflow/example_dags/example_branch_labels.py took 0.051 seconds
[2023-03-27 21:13:45,238] {processor.py:153} INFO - Started process (PID=6458) to work on /Users/gabrielroger/Documents/projects/weather-data/.venv/lib/python3.9/site-packages/airflow/example_dags/example_branch_labels.py
[2023-03-27 21:13:45,239] {processor.py:641} INFO - Processing file /Users/gabrielroger/Documents/projects/weather-data/.venv/lib/python3.9/site-packages/airflow/example_dags/example_branch_labels.py for tasks to queue
[2023-03-27 21:13:45,239] {logging_mixin.py:115} INFO - [2023-03-27 21:13:45,239] {dagbag.py:507} INFO - Filling up the DagBag from /Users/gabrielroger/Documents/projects/weather-data/.venv/lib/python3.9/site-packages/airflow/example_dags/example_branch_labels.py
[2023-03-27 21:13:45,246] {processor.py:651} INFO - DAG(s) dict_keys(['example_branch_labels']) retrieved from /Users/gabrielroger/Documents/projects/weather-data/.venv/lib/python3.9/site-packages/airflow/example_dags/example_branch_labels.py
[2023-03-27 21:13:45,276] {logging_mixin.py:115} INFO - [2023-03-27 21:13:45,276] {dag.py:2379} INFO - Sync 1 DAGs
[2023-03-27 21:13:45,283] {logging_mixin.py:115} INFO - [2023-03-27 21:13:45,283] {dag.py:2927} INFO - Setting next_dagrun for example_branch_labels to 2023-03-27T00:00:00+00:00, run_after=2023-03-28T00:00:00+00:00
[2023-03-27 21:13:45,289] {processor.py:161} INFO - Processing /Users/gabrielroger/Documents/projects/weather-data/.venv/lib/python3.9/site-packages/airflow/example_dags/example_branch_labels.py took 0.051 seconds
[2023-03-27 21:14:44,625] {processor.py:153} INFO - Started process (PID=6557) to work on /Users/gabrielroger/Documents/projects/weather-data/.venv/lib/python3.9/site-packages/airflow/example_dags/example_branch_labels.py
[2023-03-27 21:14:44,625] {processor.py:641} INFO - Processing file /Users/gabrielroger/Documents/projects/weather-data/.venv/lib/python3.9/site-packages/airflow/example_dags/example_branch_labels.py for tasks to queue
[2023-03-27 21:14:44,625] {logging_mixin.py:115} INFO - [2023-03-27 21:14:44,625] {dagbag.py:507} INFO - Filling up the DagBag from /Users/gabrielroger/Documents/projects/weather-data/.venv/lib/python3.9/site-packages/airflow/example_dags/example_branch_labels.py
[2023-03-27 21:14:44,632] {processor.py:651} INFO - DAG(s) dict_keys(['example_branch_labels']) retrieved from /Users/gabrielroger/Documents/projects/weather-data/.venv/lib/python3.9/site-packages/airflow/example_dags/example_branch_labels.py
[2023-03-27 21:14:44,663] {logging_mixin.py:115} INFO - [2023-03-27 21:14:44,663] {dag.py:2379} INFO - Sync 1 DAGs
[2023-03-27 21:14:44,670] {logging_mixin.py:115} INFO - [2023-03-27 21:14:44,670] {dag.py:2927} INFO - Setting next_dagrun for example_branch_labels to 2023-03-27T00:00:00+00:00, run_after=2023-03-28T00:00:00+00:00
[2023-03-27 21:14:44,676] {processor.py:161} INFO - Processing /Users/gabrielroger/Documents/projects/weather-data/.venv/lib/python3.9/site-packages/airflow/example_dags/example_branch_labels.py took 0.051 seconds
[2023-03-27 21:15:50,626] {processor.py:153} INFO - Started process (PID=6667) to work on /Users/gabrielroger/Documents/projects/weather-data/.venv/lib/python3.9/site-packages/airflow/example_dags/example_branch_labels.py
[2023-03-27 21:15:50,627] {processor.py:641} INFO - Processing file /Users/gabrielroger/Documents/projects/weather-data/.venv/lib/python3.9/site-packages/airflow/example_dags/example_branch_labels.py for tasks to queue
[2023-03-27 21:15:50,627] {logging_mixin.py:115} INFO - [2023-03-27 21:15:50,627] {dagbag.py:507} INFO - Filling up the DagBag from /Users/gabrielroger/Documents/projects/weather-data/.venv/lib/python3.9/site-packages/airflow/example_dags/example_branch_labels.py
[2023-03-27 21:15:50,634] {processor.py:651} INFO - DAG(s) dict_keys(['example_branch_labels']) retrieved from /Users/gabrielroger/Documents/projects/weather-data/.venv/lib/python3.9/site-packages/airflow/example_dags/example_branch_labels.py
[2023-03-27 21:15:50,664] {logging_mixin.py:115} INFO - [2023-03-27 21:15:50,663] {dag.py:2379} INFO - Sync 1 DAGs
[2023-03-27 21:15:50,671] {logging_mixin.py:115} INFO - [2023-03-27 21:15:50,671] {dag.py:2927} INFO - Setting next_dagrun for example_branch_labels to 2023-03-27T00:00:00+00:00, run_after=2023-03-28T00:00:00+00:00
[2023-03-27 21:15:50,676] {processor.py:161} INFO - Processing /Users/gabrielroger/Documents/projects/weather-data/.venv/lib/python3.9/site-packages/airflow/example_dags/example_branch_labels.py took 0.050 seconds
[2023-03-27 21:16:57,892] {processor.py:153} INFO - Started process (PID=6777) to work on /Users/gabrielroger/Documents/projects/weather-data/.venv/lib/python3.9/site-packages/airflow/example_dags/example_branch_labels.py
[2023-03-27 21:16:57,892] {processor.py:641} INFO - Processing file /Users/gabrielroger/Documents/projects/weather-data/.venv/lib/python3.9/site-packages/airflow/example_dags/example_branch_labels.py for tasks to queue
[2023-03-27 21:16:57,892] {logging_mixin.py:115} INFO - [2023-03-27 21:16:57,892] {dagbag.py:507} INFO - Filling up the DagBag from /Users/gabrielroger/Documents/projects/weather-data/.venv/lib/python3.9/site-packages/airflow/example_dags/example_branch_labels.py
[2023-03-27 21:16:57,900] {processor.py:651} INFO - DAG(s) dict_keys(['example_branch_labels']) retrieved from /Users/gabrielroger/Documents/projects/weather-data/.venv/lib/python3.9/site-packages/airflow/example_dags/example_branch_labels.py
[2023-03-27 21:16:57,930] {logging_mixin.py:115} INFO - [2023-03-27 21:16:57,930] {dag.py:2379} INFO - Sync 1 DAGs
[2023-03-27 21:16:57,937] {logging_mixin.py:115} INFO - [2023-03-27 21:16:57,937] {dag.py:2927} INFO - Setting next_dagrun for example_branch_labels to 2023-03-27T00:00:00+00:00, run_after=2023-03-28T00:00:00+00:00
[2023-03-27 21:16:57,942] {processor.py:161} INFO - Processing /Users/gabrielroger/Documents/projects/weather-data/.venv/lib/python3.9/site-packages/airflow/example_dags/example_branch_labels.py took 0.050 seconds
[2023-03-27 21:18:00,098] {processor.py:153} INFO - Started process (PID=6882) to work on /Users/gabrielroger/Documents/projects/weather-data/.venv/lib/python3.9/site-packages/airflow/example_dags/example_branch_labels.py
[2023-03-27 21:18:00,098] {processor.py:641} INFO - Processing file /Users/gabrielroger/Documents/projects/weather-data/.venv/lib/python3.9/site-packages/airflow/example_dags/example_branch_labels.py for tasks to queue
[2023-03-27 21:18:00,098] {logging_mixin.py:115} INFO - [2023-03-27 21:18:00,098] {dagbag.py:507} INFO - Filling up the DagBag from /Users/gabrielroger/Documents/projects/weather-data/.venv/lib/python3.9/site-packages/airflow/example_dags/example_branch_labels.py
[2023-03-27 21:18:00,105] {processor.py:651} INFO - DAG(s) dict_keys(['example_branch_labels']) retrieved from /Users/gabrielroger/Documents/projects/weather-data/.venv/lib/python3.9/site-packages/airflow/example_dags/example_branch_labels.py
[2023-03-27 21:18:00,135] {logging_mixin.py:115} INFO - [2023-03-27 21:18:00,134] {dag.py:2379} INFO - Sync 1 DAGs
[2023-03-27 21:18:00,142] {logging_mixin.py:115} INFO - [2023-03-27 21:18:00,142] {dag.py:2927} INFO - Setting next_dagrun for example_branch_labels to 2023-03-27T00:00:00+00:00, run_after=2023-03-28T00:00:00+00:00
[2023-03-27 21:18:00,147] {processor.py:161} INFO - Processing /Users/gabrielroger/Documents/projects/weather-data/.venv/lib/python3.9/site-packages/airflow/example_dags/example_branch_labels.py took 0.050 seconds
[2023-03-27 21:19:05,099] {processor.py:153} INFO - Started process (PID=6994) to work on /Users/gabrielroger/Documents/projects/weather-data/.venv/lib/python3.9/site-packages/airflow/example_dags/example_branch_labels.py
[2023-03-27 21:19:05,100] {processor.py:641} INFO - Processing file /Users/gabrielroger/Documents/projects/weather-data/.venv/lib/python3.9/site-packages/airflow/example_dags/example_branch_labels.py for tasks to queue
[2023-03-27 21:19:05,100] {logging_mixin.py:115} INFO - [2023-03-27 21:19:05,100] {dagbag.py:507} INFO - Filling up the DagBag from /Users/gabrielroger/Documents/projects/weather-data/.venv/lib/python3.9/site-packages/airflow/example_dags/example_branch_labels.py
[2023-03-27 21:19:05,107] {processor.py:651} INFO - DAG(s) dict_keys(['example_branch_labels']) retrieved from /Users/gabrielroger/Documents/projects/weather-data/.venv/lib/python3.9/site-packages/airflow/example_dags/example_branch_labels.py
[2023-03-27 21:19:05,138] {logging_mixin.py:115} INFO - [2023-03-27 21:19:05,138] {dag.py:2379} INFO - Sync 1 DAGs
[2023-03-27 21:19:05,145] {logging_mixin.py:115} INFO - [2023-03-27 21:19:05,145] {dag.py:2927} INFO - Setting next_dagrun for example_branch_labels to 2023-03-27T00:00:00+00:00, run_after=2023-03-28T00:00:00+00:00
[2023-03-27 21:19:05,150] {processor.py:161} INFO - Processing /Users/gabrielroger/Documents/projects/weather-data/.venv/lib/python3.9/site-packages/airflow/example_dags/example_branch_labels.py took 0.051 seconds
[2023-03-27 21:20:11,749] {processor.py:153} INFO - Started process (PID=7104) to work on /Users/gabrielroger/Documents/projects/weather-data/.venv/lib/python3.9/site-packages/airflow/example_dags/example_branch_labels.py
[2023-03-27 21:20:11,749] {processor.py:641} INFO - Processing file /Users/gabrielroger/Documents/projects/weather-data/.venv/lib/python3.9/site-packages/airflow/example_dags/example_branch_labels.py for tasks to queue
[2023-03-27 21:20:11,749] {logging_mixin.py:115} INFO - [2023-03-27 21:20:11,749] {dagbag.py:507} INFO - Filling up the DagBag from /Users/gabrielroger/Documents/projects/weather-data/.venv/lib/python3.9/site-packages/airflow/example_dags/example_branch_labels.py
[2023-03-27 21:20:11,756] {processor.py:651} INFO - DAG(s) dict_keys(['example_branch_labels']) retrieved from /Users/gabrielroger/Documents/projects/weather-data/.venv/lib/python3.9/site-packages/airflow/example_dags/example_branch_labels.py
[2023-03-27 21:20:11,785] {logging_mixin.py:115} INFO - [2023-03-27 21:20:11,785] {dag.py:2379} INFO - Sync 1 DAGs
[2023-03-27 21:20:11,793] {logging_mixin.py:115} INFO - [2023-03-27 21:20:11,793] {dag.py:2927} INFO - Setting next_dagrun for example_branch_labels to 2023-03-27T00:00:00+00:00, run_after=2023-03-28T00:00:00+00:00
[2023-03-27 21:20:11,798] {processor.py:161} INFO - Processing /Users/gabrielroger/Documents/projects/weather-data/.venv/lib/python3.9/site-packages/airflow/example_dags/example_branch_labels.py took 0.050 seconds
[2023-03-27 21:21:19,331] {processor.py:153} INFO - Started process (PID=7214) to work on /Users/gabrielroger/Documents/projects/weather-data/.venv/lib/python3.9/site-packages/airflow/example_dags/example_branch_labels.py
[2023-03-27 21:21:19,331] {processor.py:641} INFO - Processing file /Users/gabrielroger/Documents/projects/weather-data/.venv/lib/python3.9/site-packages/airflow/example_dags/example_branch_labels.py for tasks to queue
[2023-03-27 21:21:19,331] {logging_mixin.py:115} INFO - [2023-03-27 21:21:19,331] {dagbag.py:507} INFO - Filling up the DagBag from /Users/gabrielroger/Documents/projects/weather-data/.venv/lib/python3.9/site-packages/airflow/example_dags/example_branch_labels.py
[2023-03-27 21:21:19,338] {processor.py:651} INFO - DAG(s) dict_keys(['example_branch_labels']) retrieved from /Users/gabrielroger/Documents/projects/weather-data/.venv/lib/python3.9/site-packages/airflow/example_dags/example_branch_labels.py
[2023-03-27 21:21:19,368] {logging_mixin.py:115} INFO - [2023-03-27 21:21:19,367] {dag.py:2379} INFO - Sync 1 DAGs
[2023-03-27 21:21:19,375] {logging_mixin.py:115} INFO - [2023-03-27 21:21:19,375] {dag.py:2927} INFO - Setting next_dagrun for example_branch_labels to 2023-03-27T00:00:00+00:00, run_after=2023-03-28T00:00:00+00:00
[2023-03-27 21:21:19,380] {processor.py:161} INFO - Processing /Users/gabrielroger/Documents/projects/weather-data/.venv/lib/python3.9/site-packages/airflow/example_dags/example_branch_labels.py took 0.050 seconds
[2023-03-27 21:22:28,370] {processor.py:153} INFO - Started process (PID=7328) to work on /Users/gabrielroger/Documents/projects/weather-data/.venv/lib/python3.9/site-packages/airflow/example_dags/example_branch_labels.py
[2023-03-27 21:22:28,370] {processor.py:641} INFO - Processing file /Users/gabrielroger/Documents/projects/weather-data/.venv/lib/python3.9/site-packages/airflow/example_dags/example_branch_labels.py for tasks to queue
[2023-03-27 21:22:28,370] {logging_mixin.py:115} INFO - [2023-03-27 21:22:28,370] {dagbag.py:507} INFO - Filling up the DagBag from /Users/gabrielroger/Documents/projects/weather-data/.venv/lib/python3.9/site-packages/airflow/example_dags/example_branch_labels.py
[2023-03-27 21:22:28,377] {processor.py:651} INFO - DAG(s) dict_keys(['example_branch_labels']) retrieved from /Users/gabrielroger/Documents/projects/weather-data/.venv/lib/python3.9/site-packages/airflow/example_dags/example_branch_labels.py
[2023-03-27 21:22:28,407] {logging_mixin.py:115} INFO - [2023-03-27 21:22:28,406] {dag.py:2379} INFO - Sync 1 DAGs
[2023-03-27 21:22:28,414] {logging_mixin.py:115} INFO - [2023-03-27 21:22:28,414] {dag.py:2927} INFO - Setting next_dagrun for example_branch_labels to 2023-03-27T00:00:00+00:00, run_after=2023-03-28T00:00:00+00:00
[2023-03-27 21:22:28,419] {processor.py:161} INFO - Processing /Users/gabrielroger/Documents/projects/weather-data/.venv/lib/python3.9/site-packages/airflow/example_dags/example_branch_labels.py took 0.049 seconds
[2023-03-27 21:23:32,593] {processor.py:153} INFO - Started process (PID=7436) to work on /Users/gabrielroger/Documents/projects/weather-data/.venv/lib/python3.9/site-packages/airflow/example_dags/example_branch_labels.py
[2023-03-27 21:23:32,593] {processor.py:641} INFO - Processing file /Users/gabrielroger/Documents/projects/weather-data/.venv/lib/python3.9/site-packages/airflow/example_dags/example_branch_labels.py for tasks to queue
[2023-03-27 21:23:32,593] {logging_mixin.py:115} INFO - [2023-03-27 21:23:32,593] {dagbag.py:507} INFO - Filling up the DagBag from /Users/gabrielroger/Documents/projects/weather-data/.venv/lib/python3.9/site-packages/airflow/example_dags/example_branch_labels.py
[2023-03-27 21:23:32,600] {processor.py:651} INFO - DAG(s) dict_keys(['example_branch_labels']) retrieved from /Users/gabrielroger/Documents/projects/weather-data/.venv/lib/python3.9/site-packages/airflow/example_dags/example_branch_labels.py
[2023-03-27 21:23:32,630] {logging_mixin.py:115} INFO - [2023-03-27 21:23:32,630] {dag.py:2379} INFO - Sync 1 DAGs
[2023-03-27 21:23:32,637] {logging_mixin.py:115} INFO - [2023-03-27 21:23:32,637] {dag.py:2927} INFO - Setting next_dagrun for example_branch_labels to 2023-03-27T00:00:00+00:00, run_after=2023-03-28T00:00:00+00:00
[2023-03-27 21:23:32,642] {processor.py:161} INFO - Processing /Users/gabrielroger/Documents/projects/weather-data/.venv/lib/python3.9/site-packages/airflow/example_dags/example_branch_labels.py took 0.050 seconds
[2023-03-27 21:24:39,110] {processor.py:153} INFO - Started process (PID=7573) to work on /Users/gabrielroger/Documents/projects/weather-data/.venv/lib/python3.9/site-packages/airflow/example_dags/example_branch_labels.py
[2023-03-27 21:24:39,110] {processor.py:641} INFO - Processing file /Users/gabrielroger/Documents/projects/weather-data/.venv/lib/python3.9/site-packages/airflow/example_dags/example_branch_labels.py for tasks to queue
[2023-03-27 21:24:39,111] {logging_mixin.py:115} INFO - [2023-03-27 21:24:39,111] {dagbag.py:507} INFO - Filling up the DagBag from /Users/gabrielroger/Documents/projects/weather-data/.venv/lib/python3.9/site-packages/airflow/example_dags/example_branch_labels.py
[2023-03-27 21:24:39,118] {processor.py:651} INFO - DAG(s) dict_keys(['example_branch_labels']) retrieved from /Users/gabrielroger/Documents/projects/weather-data/.venv/lib/python3.9/site-packages/airflow/example_dags/example_branch_labels.py
[2023-03-27 21:24:39,147] {logging_mixin.py:115} INFO - [2023-03-27 21:24:39,147] {dag.py:2379} INFO - Sync 1 DAGs
[2023-03-27 21:24:39,155] {logging_mixin.py:115} INFO - [2023-03-27 21:24:39,155] {dag.py:2927} INFO - Setting next_dagrun for example_branch_labels to 2023-03-27T00:00:00+00:00, run_after=2023-03-28T00:00:00+00:00
[2023-03-27 21:24:39,160] {processor.py:161} INFO - Processing /Users/gabrielroger/Documents/projects/weather-data/.venv/lib/python3.9/site-packages/airflow/example_dags/example_branch_labels.py took 0.050 seconds
[2023-03-27 21:25:44,537] {processor.py:153} INFO - Started process (PID=7700) to work on /Users/gabrielroger/Documents/projects/weather-data/.venv/lib/python3.9/site-packages/airflow/example_dags/example_branch_labels.py
[2023-03-27 21:25:44,537] {processor.py:641} INFO - Processing file /Users/gabrielroger/Documents/projects/weather-data/.venv/lib/python3.9/site-packages/airflow/example_dags/example_branch_labels.py for tasks to queue
[2023-03-27 21:25:44,537] {logging_mixin.py:115} INFO - [2023-03-27 21:25:44,537] {dagbag.py:507} INFO - Filling up the DagBag from /Users/gabrielroger/Documents/projects/weather-data/.venv/lib/python3.9/site-packages/airflow/example_dags/example_branch_labels.py
[2023-03-27 21:25:44,544] {processor.py:651} INFO - DAG(s) dict_keys(['example_branch_labels']) retrieved from /Users/gabrielroger/Documents/projects/weather-data/.venv/lib/python3.9/site-packages/airflow/example_dags/example_branch_labels.py
[2023-03-27 21:25:44,573] {logging_mixin.py:115} INFO - [2023-03-27 21:25:44,573] {dag.py:2379} INFO - Sync 1 DAGs
[2023-03-27 21:25:44,581] {logging_mixin.py:115} INFO - [2023-03-27 21:25:44,581] {dag.py:2927} INFO - Setting next_dagrun for example_branch_labels to 2023-03-27T00:00:00+00:00, run_after=2023-03-28T00:00:00+00:00
[2023-03-27 21:25:44,587] {processor.py:161} INFO - Processing /Users/gabrielroger/Documents/projects/weather-data/.venv/lib/python3.9/site-packages/airflow/example_dags/example_branch_labels.py took 0.050 seconds
[2023-03-27 21:26:51,986] {processor.py:153} INFO - Started process (PID=7812) to work on /Users/gabrielroger/Documents/projects/weather-data/.venv/lib/python3.9/site-packages/airflow/example_dags/example_branch_labels.py
[2023-03-27 21:26:51,986] {processor.py:641} INFO - Processing file /Users/gabrielroger/Documents/projects/weather-data/.venv/lib/python3.9/site-packages/airflow/example_dags/example_branch_labels.py for tasks to queue
[2023-03-27 21:26:51,986] {logging_mixin.py:115} INFO - [2023-03-27 21:26:51,986] {dagbag.py:507} INFO - Filling up the DagBag from /Users/gabrielroger/Documents/projects/weather-data/.venv/lib/python3.9/site-packages/airflow/example_dags/example_branch_labels.py
[2023-03-27 21:26:51,993] {processor.py:651} INFO - DAG(s) dict_keys(['example_branch_labels']) retrieved from /Users/gabrielroger/Documents/projects/weather-data/.venv/lib/python3.9/site-packages/airflow/example_dags/example_branch_labels.py
[2023-03-27 21:26:52,022] {logging_mixin.py:115} INFO - [2023-03-27 21:26:52,022] {dag.py:2379} INFO - Sync 1 DAGs
[2023-03-27 21:26:52,030] {logging_mixin.py:115} INFO - [2023-03-27 21:26:52,030] {dag.py:2927} INFO - Setting next_dagrun for example_branch_labels to 2023-03-27T00:00:00+00:00, run_after=2023-03-28T00:00:00+00:00
[2023-03-27 21:26:52,035] {processor.py:161} INFO - Processing /Users/gabrielroger/Documents/projects/weather-data/.venv/lib/python3.9/site-packages/airflow/example_dags/example_branch_labels.py took 0.050 seconds
[2023-03-27 21:27:57,644] {processor.py:153} INFO - Started process (PID=7919) to work on /Users/gabrielroger/Documents/projects/weather-data/.venv/lib/python3.9/site-packages/airflow/example_dags/example_branch_labels.py
[2023-03-27 21:27:57,644] {processor.py:641} INFO - Processing file /Users/gabrielroger/Documents/projects/weather-data/.venv/lib/python3.9/site-packages/airflow/example_dags/example_branch_labels.py for tasks to queue
[2023-03-27 21:27:57,644] {logging_mixin.py:115} INFO - [2023-03-27 21:27:57,644] {dagbag.py:507} INFO - Filling up the DagBag from /Users/gabrielroger/Documents/projects/weather-data/.venv/lib/python3.9/site-packages/airflow/example_dags/example_branch_labels.py
[2023-03-27 21:27:57,651] {processor.py:651} INFO - DAG(s) dict_keys(['example_branch_labels']) retrieved from /Users/gabrielroger/Documents/projects/weather-data/.venv/lib/python3.9/site-packages/airflow/example_dags/example_branch_labels.py
[2023-03-27 21:27:57,681] {logging_mixin.py:115} INFO - [2023-03-27 21:27:57,681] {dag.py:2379} INFO - Sync 1 DAGs
[2023-03-27 21:27:57,688] {logging_mixin.py:115} INFO - [2023-03-27 21:27:57,688] {dag.py:2927} INFO - Setting next_dagrun for example_branch_labels to 2023-03-27T00:00:00+00:00, run_after=2023-03-28T00:00:00+00:00
[2023-03-27 21:27:57,694] {processor.py:161} INFO - Processing /Users/gabrielroger/Documents/projects/weather-data/.venv/lib/python3.9/site-packages/airflow/example_dags/example_branch_labels.py took 0.050 seconds
[2023-03-27 21:29:01,814] {processor.py:153} INFO - Started process (PID=8039) to work on /Users/gabrielroger/Documents/projects/weather-data/.venv/lib/python3.9/site-packages/airflow/example_dags/example_branch_labels.py
[2023-03-27 21:29:01,814] {processor.py:641} INFO - Processing file /Users/gabrielroger/Documents/projects/weather-data/.venv/lib/python3.9/site-packages/airflow/example_dags/example_branch_labels.py for tasks to queue
[2023-03-27 21:29:01,814] {logging_mixin.py:115} INFO - [2023-03-27 21:29:01,814] {dagbag.py:507} INFO - Filling up the DagBag from /Users/gabrielroger/Documents/projects/weather-data/.venv/lib/python3.9/site-packages/airflow/example_dags/example_branch_labels.py
[2023-03-27 21:29:01,821] {processor.py:651} INFO - DAG(s) dict_keys(['example_branch_labels']) retrieved from /Users/gabrielroger/Documents/projects/weather-data/.venv/lib/python3.9/site-packages/airflow/example_dags/example_branch_labels.py
[2023-03-27 21:29:01,851] {logging_mixin.py:115} INFO - [2023-03-27 21:29:01,851] {dag.py:2379} INFO - Sync 1 DAGs
[2023-03-27 21:29:01,859] {logging_mixin.py:115} INFO - [2023-03-27 21:29:01,859] {dag.py:2927} INFO - Setting next_dagrun for example_branch_labels to 2023-03-27T00:00:00+00:00, run_after=2023-03-28T00:00:00+00:00
[2023-03-27 21:29:01,864] {processor.py:161} INFO - Processing /Users/gabrielroger/Documents/projects/weather-data/.venv/lib/python3.9/site-packages/airflow/example_dags/example_branch_labels.py took 0.050 seconds
[2023-03-27 21:30:05,917] {processor.py:153} INFO - Started process (PID=8183) to work on /Users/gabrielroger/Documents/projects/weather-data/.venv/lib/python3.9/site-packages/airflow/example_dags/example_branch_labels.py
[2023-03-27 21:30:05,918] {processor.py:641} INFO - Processing file /Users/gabrielroger/Documents/projects/weather-data/.venv/lib/python3.9/site-packages/airflow/example_dags/example_branch_labels.py for tasks to queue
[2023-03-27 21:30:05,918] {logging_mixin.py:115} INFO - [2023-03-27 21:30:05,918] {dagbag.py:507} INFO - Filling up the DagBag from /Users/gabrielroger/Documents/projects/weather-data/.venv/lib/python3.9/site-packages/airflow/example_dags/example_branch_labels.py
[2023-03-27 21:30:05,925] {processor.py:651} INFO - DAG(s) dict_keys(['example_branch_labels']) retrieved from /Users/gabrielroger/Documents/projects/weather-data/.venv/lib/python3.9/site-packages/airflow/example_dags/example_branch_labels.py
[2023-03-27 21:30:05,955] {logging_mixin.py:115} INFO - [2023-03-27 21:30:05,955] {dag.py:2379} INFO - Sync 1 DAGs
[2023-03-27 21:30:05,962] {logging_mixin.py:115} INFO - [2023-03-27 21:30:05,962] {dag.py:2927} INFO - Setting next_dagrun for example_branch_labels to 2023-03-27T00:00:00+00:00, run_after=2023-03-28T00:00:00+00:00
[2023-03-27 21:30:05,967] {processor.py:161} INFO - Processing /Users/gabrielroger/Documents/projects/weather-data/.venv/lib/python3.9/site-packages/airflow/example_dags/example_branch_labels.py took 0.050 seconds
[2023-03-27 21:31:09,972] {processor.py:153} INFO - Started process (PID=8291) to work on /Users/gabrielroger/Documents/projects/weather-data/.venv/lib/python3.9/site-packages/airflow/example_dags/example_branch_labels.py
[2023-03-27 21:31:09,973] {processor.py:641} INFO - Processing file /Users/gabrielroger/Documents/projects/weather-data/.venv/lib/python3.9/site-packages/airflow/example_dags/example_branch_labels.py for tasks to queue
[2023-03-27 21:31:09,973] {logging_mixin.py:115} INFO - [2023-03-27 21:31:09,973] {dagbag.py:507} INFO - Filling up the DagBag from /Users/gabrielroger/Documents/projects/weather-data/.venv/lib/python3.9/site-packages/airflow/example_dags/example_branch_labels.py
[2023-03-27 21:31:09,980] {processor.py:651} INFO - DAG(s) dict_keys(['example_branch_labels']) retrieved from /Users/gabrielroger/Documents/projects/weather-data/.venv/lib/python3.9/site-packages/airflow/example_dags/example_branch_labels.py
[2023-03-27 21:31:10,009] {logging_mixin.py:115} INFO - [2023-03-27 21:31:10,009] {dag.py:2379} INFO - Sync 1 DAGs
[2023-03-27 21:31:10,017] {logging_mixin.py:115} INFO - [2023-03-27 21:31:10,017] {dag.py:2927} INFO - Setting next_dagrun for example_branch_labels to 2023-03-27T00:00:00+00:00, run_after=2023-03-28T00:00:00+00:00
[2023-03-27 21:31:10,022] {processor.py:161} INFO - Processing /Users/gabrielroger/Documents/projects/weather-data/.venv/lib/python3.9/site-packages/airflow/example_dags/example_branch_labels.py took 0.050 seconds
[2023-03-27 21:32:15,361] {processor.py:153} INFO - Started process (PID=8399) to work on /Users/gabrielroger/Documents/projects/weather-data/.venv/lib/python3.9/site-packages/airflow/example_dags/example_branch_labels.py
[2023-03-27 21:32:15,362] {processor.py:641} INFO - Processing file /Users/gabrielroger/Documents/projects/weather-data/.venv/lib/python3.9/site-packages/airflow/example_dags/example_branch_labels.py for tasks to queue
[2023-03-27 21:32:15,362] {logging_mixin.py:115} INFO - [2023-03-27 21:32:15,362] {dagbag.py:507} INFO - Filling up the DagBag from /Users/gabrielroger/Documents/projects/weather-data/.venv/lib/python3.9/site-packages/airflow/example_dags/example_branch_labels.py
[2023-03-27 21:32:15,369] {processor.py:651} INFO - DAG(s) dict_keys(['example_branch_labels']) retrieved from /Users/gabrielroger/Documents/projects/weather-data/.venv/lib/python3.9/site-packages/airflow/example_dags/example_branch_labels.py
[2023-03-27 21:32:15,399] {logging_mixin.py:115} INFO - [2023-03-27 21:32:15,399] {dag.py:2379} INFO - Sync 1 DAGs
[2023-03-27 21:32:15,406] {logging_mixin.py:115} INFO - [2023-03-27 21:32:15,406] {dag.py:2927} INFO - Setting next_dagrun for example_branch_labels to 2023-03-27T00:00:00+00:00, run_after=2023-03-28T00:00:00+00:00
[2023-03-27 21:32:15,414] {processor.py:161} INFO - Processing /Users/gabrielroger/Documents/projects/weather-data/.venv/lib/python3.9/site-packages/airflow/example_dags/example_branch_labels.py took 0.053 seconds
[2023-03-27 21:33:22,771] {processor.py:153} INFO - Started process (PID=8510) to work on /Users/gabrielroger/Documents/projects/weather-data/.venv/lib/python3.9/site-packages/airflow/example_dags/example_branch_labels.py
[2023-03-27 21:33:22,771] {processor.py:641} INFO - Processing file /Users/gabrielroger/Documents/projects/weather-data/.venv/lib/python3.9/site-packages/airflow/example_dags/example_branch_labels.py for tasks to queue
[2023-03-27 21:33:22,771] {logging_mixin.py:115} INFO - [2023-03-27 21:33:22,771] {dagbag.py:507} INFO - Filling up the DagBag from /Users/gabrielroger/Documents/projects/weather-data/.venv/lib/python3.9/site-packages/airflow/example_dags/example_branch_labels.py
[2023-03-27 21:33:22,778] {processor.py:651} INFO - DAG(s) dict_keys(['example_branch_labels']) retrieved from /Users/gabrielroger/Documents/projects/weather-data/.venv/lib/python3.9/site-packages/airflow/example_dags/example_branch_labels.py
[2023-03-27 21:33:22,808] {logging_mixin.py:115} INFO - [2023-03-27 21:33:22,808] {dag.py:2379} INFO - Sync 1 DAGs
[2023-03-27 21:33:22,815] {logging_mixin.py:115} INFO - [2023-03-27 21:33:22,815] {dag.py:2927} INFO - Setting next_dagrun for example_branch_labels to 2023-03-27T00:00:00+00:00, run_after=2023-03-28T00:00:00+00:00
[2023-03-27 21:33:22,821] {processor.py:161} INFO - Processing /Users/gabrielroger/Documents/projects/weather-data/.venv/lib/python3.9/site-packages/airflow/example_dags/example_branch_labels.py took 0.050 seconds
[2023-03-27 21:34:29,651] {processor.py:153} INFO - Started process (PID=8637) to work on /Users/gabrielroger/Documents/projects/weather-data/.venv/lib/python3.9/site-packages/airflow/example_dags/example_branch_labels.py
[2023-03-27 21:34:29,651] {processor.py:641} INFO - Processing file /Users/gabrielroger/Documents/projects/weather-data/.venv/lib/python3.9/site-packages/airflow/example_dags/example_branch_labels.py for tasks to queue
[2023-03-27 21:34:29,652] {logging_mixin.py:115} INFO - [2023-03-27 21:34:29,652] {dagbag.py:507} INFO - Filling up the DagBag from /Users/gabrielroger/Documents/projects/weather-data/.venv/lib/python3.9/site-packages/airflow/example_dags/example_branch_labels.py
[2023-03-27 21:34:29,659] {processor.py:651} INFO - DAG(s) dict_keys(['example_branch_labels']) retrieved from /Users/gabrielroger/Documents/projects/weather-data/.venv/lib/python3.9/site-packages/airflow/example_dags/example_branch_labels.py
[2023-03-27 21:34:29,688] {logging_mixin.py:115} INFO - [2023-03-27 21:34:29,688] {dag.py:2379} INFO - Sync 1 DAGs
[2023-03-27 21:34:29,695] {logging_mixin.py:115} INFO - [2023-03-27 21:34:29,695] {dag.py:2927} INFO - Setting next_dagrun for example_branch_labels to 2023-03-27T00:00:00+00:00, run_after=2023-03-28T00:00:00+00:00
[2023-03-27 21:34:29,701] {processor.py:161} INFO - Processing /Users/gabrielroger/Documents/projects/weather-data/.venv/lib/python3.9/site-packages/airflow/example_dags/example_branch_labels.py took 0.051 seconds
[2023-03-27 22:00:11,963] {processor.py:153} INFO - Started process (PID=8781) to work on /Users/gabrielroger/Documents/projects/weather-data/.venv/lib/python3.9/site-packages/airflow/example_dags/example_branch_labels.py
[2023-03-27 22:00:11,964] {processor.py:641} INFO - Processing file /Users/gabrielroger/Documents/projects/weather-data/.venv/lib/python3.9/site-packages/airflow/example_dags/example_branch_labels.py for tasks to queue
[2023-03-27 22:00:11,964] {logging_mixin.py:115} INFO - [2023-03-27 22:00:11,964] {dagbag.py:507} INFO - Filling up the DagBag from /Users/gabrielroger/Documents/projects/weather-data/.venv/lib/python3.9/site-packages/airflow/example_dags/example_branch_labels.py
[2023-03-27 22:00:11,971] {processor.py:651} INFO - DAG(s) dict_keys(['example_branch_labels']) retrieved from /Users/gabrielroger/Documents/projects/weather-data/.venv/lib/python3.9/site-packages/airflow/example_dags/example_branch_labels.py
[2023-03-27 22:00:12,000] {logging_mixin.py:115} INFO - [2023-03-27 22:00:12,000] {dag.py:2379} INFO - Sync 1 DAGs
[2023-03-27 22:00:12,007] {logging_mixin.py:115} INFO - [2023-03-27 22:00:12,007] {dag.py:2927} INFO - Setting next_dagrun for example_branch_labels to 2023-03-27T00:00:00+00:00, run_after=2023-03-28T00:00:00+00:00
[2023-03-27 22:00:12,013] {processor.py:161} INFO - Processing /Users/gabrielroger/Documents/projects/weather-data/.venv/lib/python3.9/site-packages/airflow/example_dags/example_branch_labels.py took 0.050 seconds
[2023-03-27 23:11:54,304] {processor.py:153} INFO - Started process (PID=8951) to work on /Users/gabrielroger/Documents/projects/weather-data/.venv/lib/python3.9/site-packages/airflow/example_dags/example_branch_labels.py
[2023-03-27 23:11:54,305] {processor.py:641} INFO - Processing file /Users/gabrielroger/Documents/projects/weather-data/.venv/lib/python3.9/site-packages/airflow/example_dags/example_branch_labels.py for tasks to queue
[2023-03-27 23:11:54,305] {logging_mixin.py:115} INFO - [2023-03-27 23:11:54,305] {dagbag.py:507} INFO - Filling up the DagBag from /Users/gabrielroger/Documents/projects/weather-data/.venv/lib/python3.9/site-packages/airflow/example_dags/example_branch_labels.py
[2023-03-27 23:11:54,312] {processor.py:651} INFO - DAG(s) dict_keys(['example_branch_labels']) retrieved from /Users/gabrielroger/Documents/projects/weather-data/.venv/lib/python3.9/site-packages/airflow/example_dags/example_branch_labels.py
[2023-03-27 23:11:54,342] {logging_mixin.py:115} INFO - [2023-03-27 23:11:54,341] {dag.py:2379} INFO - Sync 1 DAGs
[2023-03-27 23:11:54,349] {logging_mixin.py:115} INFO - [2023-03-27 23:11:54,349] {dag.py:2927} INFO - Setting next_dagrun for example_branch_labels to 2023-03-27T00:00:00+00:00, run_after=2023-03-28T00:00:00+00:00
[2023-03-27 23:11:54,354] {processor.py:161} INFO - Processing /Users/gabrielroger/Documents/projects/weather-data/.venv/lib/python3.9/site-packages/airflow/example_dags/example_branch_labels.py took 0.050 seconds
