[2023-03-27 21:10:01,771] {processor.py:153} INFO - Started process (PID=6079) to work on /Users/gabrielroger/Documents/projects/weather-data/.venv/lib/python3.9/site-packages/airflow/example_dags/example_python_operator.py
[2023-03-27 21:10:01,771] {processor.py:641} INFO - Processing file /Users/gabrielroger/Documents/projects/weather-data/.venv/lib/python3.9/site-packages/airflow/example_dags/example_python_operator.py for tasks to queue
[2023-03-27 21:10:01,772] {logging_mixin.py:115} INFO - [2023-03-27 21:10:01,771] {dagbag.py:507} INFO - Filling up the DagBag from /Users/gabrielroger/Documents/projects/weather-data/.venv/lib/python3.9/site-packages/airflow/example_dags/example_python_operator.py
[2023-03-27 21:10:01,785] {logging_mixin.py:115} INFO - [2023-03-27 21:10:01,785] {example_python_operator.py:68} WARNING - The virtalenv_python example task requires virtualenv, please install it.
[2023-03-27 21:10:01,789] {processor.py:651} INFO - DAG(s) dict_keys(['example_python_operator']) retrieved from /Users/gabrielroger/Documents/projects/weather-data/.venv/lib/python3.9/site-packages/airflow/example_dags/example_python_operator.py
[2023-03-27 21:10:01,820] {logging_mixin.py:115} INFO - [2023-03-27 21:10:01,820] {dag.py:2379} INFO - Sync 1 DAGs
[2023-03-27 21:10:01,827] {logging_mixin.py:115} INFO - [2023-03-27 21:10:01,827] {dag.py:2927} INFO - Setting next_dagrun for example_python_operator to None, run_after=None
[2023-03-27 21:10:01,832] {processor.py:161} INFO - Processing /Users/gabrielroger/Documents/projects/weather-data/.venv/lib/python3.9/site-packages/airflow/example_dags/example_python_operator.py took 0.061 seconds
[2023-03-27 21:10:53,607] {processor.py:153} INFO - Started process (PID=6167) to work on /Users/gabrielroger/Documents/projects/weather-data/.venv/lib/python3.9/site-packages/airflow/example_dags/example_python_operator.py
[2023-03-27 21:10:53,607] {processor.py:641} INFO - Processing file /Users/gabrielroger/Documents/projects/weather-data/.venv/lib/python3.9/site-packages/airflow/example_dags/example_python_operator.py for tasks to queue
[2023-03-27 21:10:53,608] {logging_mixin.py:115} INFO - [2023-03-27 21:10:53,608] {dagbag.py:507} INFO - Filling up the DagBag from /Users/gabrielroger/Documents/projects/weather-data/.venv/lib/python3.9/site-packages/airflow/example_dags/example_python_operator.py
[2023-03-27 21:10:53,621] {logging_mixin.py:115} INFO - [2023-03-27 21:10:53,621] {example_python_operator.py:68} WARNING - The virtalenv_python example task requires virtualenv, please install it.
[2023-03-27 21:10:53,625] {processor.py:651} INFO - DAG(s) dict_keys(['example_python_operator']) retrieved from /Users/gabrielroger/Documents/projects/weather-data/.venv/lib/python3.9/site-packages/airflow/example_dags/example_python_operator.py
[2023-03-27 21:10:53,657] {logging_mixin.py:115} INFO - [2023-03-27 21:10:53,657] {dag.py:2379} INFO - Sync 1 DAGs
[2023-03-27 21:10:53,663] {logging_mixin.py:115} INFO - [2023-03-27 21:10:53,663] {dag.py:2927} INFO - Setting next_dagrun for example_python_operator to None, run_after=None
[2023-03-27 21:10:53,669] {processor.py:161} INFO - Processing /Users/gabrielroger/Documents/projects/weather-data/.venv/lib/python3.9/site-packages/airflow/example_dags/example_python_operator.py took 0.062 seconds
[2023-03-27 21:11:45,239] {processor.py:153} INFO - Started process (PID=6258) to work on /Users/gabrielroger/Documents/projects/weather-data/.venv/lib/python3.9/site-packages/airflow/example_dags/example_python_operator.py
[2023-03-27 21:11:45,240] {processor.py:641} INFO - Processing file /Users/gabrielroger/Documents/projects/weather-data/.venv/lib/python3.9/site-packages/airflow/example_dags/example_python_operator.py for tasks to queue
[2023-03-27 21:11:45,240] {logging_mixin.py:115} INFO - [2023-03-27 21:11:45,240] {dagbag.py:507} INFO - Filling up the DagBag from /Users/gabrielroger/Documents/projects/weather-data/.venv/lib/python3.9/site-packages/airflow/example_dags/example_python_operator.py
[2023-03-27 21:11:45,254] {logging_mixin.py:115} INFO - [2023-03-27 21:11:45,254] {example_python_operator.py:68} WARNING - The virtalenv_python example task requires virtualenv, please install it.
[2023-03-27 21:11:45,258] {processor.py:651} INFO - DAG(s) dict_keys(['example_python_operator']) retrieved from /Users/gabrielroger/Documents/projects/weather-data/.venv/lib/python3.9/site-packages/airflow/example_dags/example_python_operator.py
[2023-03-27 21:11:45,289] {logging_mixin.py:115} INFO - [2023-03-27 21:11:45,289] {dag.py:2379} INFO - Sync 1 DAGs
[2023-03-27 21:11:45,295] {logging_mixin.py:115} INFO - [2023-03-27 21:11:45,295] {dag.py:2927} INFO - Setting next_dagrun for example_python_operator to None, run_after=None
[2023-03-27 21:11:45,300] {processor.py:161} INFO - Processing /Users/gabrielroger/Documents/projects/weather-data/.venv/lib/python3.9/site-packages/airflow/example_dags/example_python_operator.py took 0.062 seconds
[2023-03-27 21:12:32,153] {processor.py:153} INFO - Started process (PID=6333) to work on /Users/gabrielroger/Documents/projects/weather-data/.venv/lib/python3.9/site-packages/airflow/example_dags/example_python_operator.py
[2023-03-27 21:12:32,154] {processor.py:641} INFO - Processing file /Users/gabrielroger/Documents/projects/weather-data/.venv/lib/python3.9/site-packages/airflow/example_dags/example_python_operator.py for tasks to queue
[2023-03-27 21:12:32,154] {logging_mixin.py:115} INFO - [2023-03-27 21:12:32,154] {dagbag.py:507} INFO - Filling up the DagBag from /Users/gabrielroger/Documents/projects/weather-data/.venv/lib/python3.9/site-packages/airflow/example_dags/example_python_operator.py
[2023-03-27 21:12:32,168] {logging_mixin.py:115} INFO - [2023-03-27 21:12:32,168] {example_python_operator.py:68} WARNING - The virtalenv_python example task requires virtualenv, please install it.
[2023-03-27 21:12:32,172] {processor.py:651} INFO - DAG(s) dict_keys(['example_python_operator']) retrieved from /Users/gabrielroger/Documents/projects/weather-data/.venv/lib/python3.9/site-packages/airflow/example_dags/example_python_operator.py
[2023-03-27 21:12:32,203] {logging_mixin.py:115} INFO - [2023-03-27 21:12:32,203] {dag.py:2379} INFO - Sync 1 DAGs
[2023-03-27 21:12:32,209] {logging_mixin.py:115} INFO - [2023-03-27 21:12:32,209] {dag.py:2927} INFO - Setting next_dagrun for example_python_operator to None, run_after=None
[2023-03-27 21:12:32,215] {processor.py:161} INFO - Processing /Users/gabrielroger/Documents/projects/weather-data/.venv/lib/python3.9/site-packages/airflow/example_dags/example_python_operator.py took 0.062 seconds
[2023-03-27 21:13:19,187] {processor.py:153} INFO - Started process (PID=6410) to work on /Users/gabrielroger/Documents/projects/weather-data/.venv/lib/python3.9/site-packages/airflow/example_dags/example_python_operator.py
[2023-03-27 21:13:19,187] {processor.py:641} INFO - Processing file /Users/gabrielroger/Documents/projects/weather-data/.venv/lib/python3.9/site-packages/airflow/example_dags/example_python_operator.py for tasks to queue
[2023-03-27 21:13:19,187] {logging_mixin.py:115} INFO - [2023-03-27 21:13:19,187] {dagbag.py:507} INFO - Filling up the DagBag from /Users/gabrielroger/Documents/projects/weather-data/.venv/lib/python3.9/site-packages/airflow/example_dags/example_python_operator.py
[2023-03-27 21:13:19,201] {logging_mixin.py:115} INFO - [2023-03-27 21:13:19,201] {example_python_operator.py:68} WARNING - The virtalenv_python example task requires virtualenv, please install it.
[2023-03-27 21:13:19,204] {processor.py:651} INFO - DAG(s) dict_keys(['example_python_operator']) retrieved from /Users/gabrielroger/Documents/projects/weather-data/.venv/lib/python3.9/site-packages/airflow/example_dags/example_python_operator.py
[2023-03-27 21:13:19,235] {logging_mixin.py:115} INFO - [2023-03-27 21:13:19,235] {dag.py:2379} INFO - Sync 1 DAGs
[2023-03-27 21:13:19,242] {logging_mixin.py:115} INFO - [2023-03-27 21:13:19,242] {dag.py:2927} INFO - Setting next_dagrun for example_python_operator to None, run_after=None
[2023-03-27 21:13:19,247] {processor.py:161} INFO - Processing /Users/gabrielroger/Documents/projects/weather-data/.venv/lib/python3.9/site-packages/airflow/example_dags/example_python_operator.py took 0.061 seconds
[2023-03-27 21:14:03,572] {processor.py:153} INFO - Started process (PID=6488) to work on /Users/gabrielroger/Documents/projects/weather-data/.venv/lib/python3.9/site-packages/airflow/example_dags/example_python_operator.py
[2023-03-27 21:14:03,572] {processor.py:641} INFO - Processing file /Users/gabrielroger/Documents/projects/weather-data/.venv/lib/python3.9/site-packages/airflow/example_dags/example_python_operator.py for tasks to queue
[2023-03-27 21:14:03,573] {logging_mixin.py:115} INFO - [2023-03-27 21:14:03,573] {dagbag.py:507} INFO - Filling up the DagBag from /Users/gabrielroger/Documents/projects/weather-data/.venv/lib/python3.9/site-packages/airflow/example_dags/example_python_operator.py
[2023-03-27 21:14:03,586] {logging_mixin.py:115} INFO - [2023-03-27 21:14:03,586] {example_python_operator.py:68} WARNING - The virtalenv_python example task requires virtualenv, please install it.
[2023-03-27 21:14:03,590] {processor.py:651} INFO - DAG(s) dict_keys(['example_python_operator']) retrieved from /Users/gabrielroger/Documents/projects/weather-data/.venv/lib/python3.9/site-packages/airflow/example_dags/example_python_operator.py
[2023-03-27 21:14:03,621] {logging_mixin.py:115} INFO - [2023-03-27 21:14:03,620] {dag.py:2379} INFO - Sync 1 DAGs
[2023-03-27 21:14:03,627] {logging_mixin.py:115} INFO - [2023-03-27 21:14:03,627] {dag.py:2927} INFO - Setting next_dagrun for example_python_operator to None, run_after=None
[2023-03-27 21:14:03,632] {processor.py:161} INFO - Processing /Users/gabrielroger/Documents/projects/weather-data/.venv/lib/python3.9/site-packages/airflow/example_dags/example_python_operator.py took 0.061 seconds
[2023-03-27 21:15:01,855] {processor.py:153} INFO - Started process (PID=6586) to work on /Users/gabrielroger/Documents/projects/weather-data/.venv/lib/python3.9/site-packages/airflow/example_dags/example_python_operator.py
[2023-03-27 21:15:01,856] {processor.py:641} INFO - Processing file /Users/gabrielroger/Documents/projects/weather-data/.venv/lib/python3.9/site-packages/airflow/example_dags/example_python_operator.py for tasks to queue
[2023-03-27 21:15:01,856] {logging_mixin.py:115} INFO - [2023-03-27 21:15:01,856] {dagbag.py:507} INFO - Filling up the DagBag from /Users/gabrielroger/Documents/projects/weather-data/.venv/lib/python3.9/site-packages/airflow/example_dags/example_python_operator.py
[2023-03-27 21:15:01,870] {logging_mixin.py:115} INFO - [2023-03-27 21:15:01,869] {example_python_operator.py:68} WARNING - The virtalenv_python example task requires virtualenv, please install it.
[2023-03-27 21:15:01,873] {processor.py:651} INFO - DAG(s) dict_keys(['example_python_operator']) retrieved from /Users/gabrielroger/Documents/projects/weather-data/.venv/lib/python3.9/site-packages/airflow/example_dags/example_python_operator.py
[2023-03-27 21:15:01,905] {logging_mixin.py:115} INFO - [2023-03-27 21:15:01,905] {dag.py:2379} INFO - Sync 1 DAGs
[2023-03-27 21:15:01,912] {logging_mixin.py:115} INFO - [2023-03-27 21:15:01,912] {dag.py:2927} INFO - Setting next_dagrun for example_python_operator to None, run_after=None
[2023-03-27 21:15:01,917] {processor.py:161} INFO - Processing /Users/gabrielroger/Documents/projects/weather-data/.venv/lib/python3.9/site-packages/airflow/example_dags/example_python_operator.py took 0.062 seconds
[2023-03-27 21:15:46,677] {processor.py:153} INFO - Started process (PID=6660) to work on /Users/gabrielroger/Documents/projects/weather-data/.venv/lib/python3.9/site-packages/airflow/example_dags/example_python_operator.py
[2023-03-27 21:15:46,677] {processor.py:641} INFO - Processing file /Users/gabrielroger/Documents/projects/weather-data/.venv/lib/python3.9/site-packages/airflow/example_dags/example_python_operator.py for tasks to queue
[2023-03-27 21:15:46,678] {logging_mixin.py:115} INFO - [2023-03-27 21:15:46,677] {dagbag.py:507} INFO - Filling up the DagBag from /Users/gabrielroger/Documents/projects/weather-data/.venv/lib/python3.9/site-packages/airflow/example_dags/example_python_operator.py
[2023-03-27 21:15:46,691] {logging_mixin.py:115} INFO - [2023-03-27 21:15:46,691] {example_python_operator.py:68} WARNING - The virtalenv_python example task requires virtualenv, please install it.
[2023-03-27 21:15:46,695] {processor.py:651} INFO - DAG(s) dict_keys(['example_python_operator']) retrieved from /Users/gabrielroger/Documents/projects/weather-data/.venv/lib/python3.9/site-packages/airflow/example_dags/example_python_operator.py
[2023-03-27 21:15:46,725] {logging_mixin.py:115} INFO - [2023-03-27 21:15:46,725] {dag.py:2379} INFO - Sync 1 DAGs
[2023-03-27 21:15:46,731] {logging_mixin.py:115} INFO - [2023-03-27 21:15:46,731] {dag.py:2927} INFO - Setting next_dagrun for example_python_operator to None, run_after=None
[2023-03-27 21:15:46,736] {processor.py:161} INFO - Processing /Users/gabrielroger/Documents/projects/weather-data/.venv/lib/python3.9/site-packages/airflow/example_dags/example_python_operator.py took 0.059 seconds
[2023-03-27 21:16:31,033] {processor.py:153} INFO - Started process (PID=6733) to work on /Users/gabrielroger/Documents/projects/weather-data/.venv/lib/python3.9/site-packages/airflow/example_dags/example_python_operator.py
[2023-03-27 21:16:31,033] {processor.py:641} INFO - Processing file /Users/gabrielroger/Documents/projects/weather-data/.venv/lib/python3.9/site-packages/airflow/example_dags/example_python_operator.py for tasks to queue
[2023-03-27 21:16:31,034] {logging_mixin.py:115} INFO - [2023-03-27 21:16:31,034] {dagbag.py:507} INFO - Filling up the DagBag from /Users/gabrielroger/Documents/projects/weather-data/.venv/lib/python3.9/site-packages/airflow/example_dags/example_python_operator.py
[2023-03-27 21:16:31,047] {logging_mixin.py:115} INFO - [2023-03-27 21:16:31,047] {example_python_operator.py:68} WARNING - The virtalenv_python example task requires virtualenv, please install it.
[2023-03-27 21:16:31,051] {processor.py:651} INFO - DAG(s) dict_keys(['example_python_operator']) retrieved from /Users/gabrielroger/Documents/projects/weather-data/.venv/lib/python3.9/site-packages/airflow/example_dags/example_python_operator.py
[2023-03-27 21:16:31,082] {logging_mixin.py:115} INFO - [2023-03-27 21:16:31,082] {dag.py:2379} INFO - Sync 1 DAGs
[2023-03-27 21:16:31,088] {logging_mixin.py:115} INFO - [2023-03-27 21:16:31,088] {dag.py:2927} INFO - Setting next_dagrun for example_python_operator to None, run_after=None
[2023-03-27 21:16:31,093] {processor.py:161} INFO - Processing /Users/gabrielroger/Documents/projects/weather-data/.venv/lib/python3.9/site-packages/airflow/example_dags/example_python_operator.py took 0.061 seconds
[2023-03-27 21:17:14,925] {processor.py:153} INFO - Started process (PID=6805) to work on /Users/gabrielroger/Documents/projects/weather-data/.venv/lib/python3.9/site-packages/airflow/example_dags/example_python_operator.py
[2023-03-27 21:17:14,925] {processor.py:641} INFO - Processing file /Users/gabrielroger/Documents/projects/weather-data/.venv/lib/python3.9/site-packages/airflow/example_dags/example_python_operator.py for tasks to queue
[2023-03-27 21:17:14,925] {logging_mixin.py:115} INFO - [2023-03-27 21:17:14,925] {dagbag.py:507} INFO - Filling up the DagBag from /Users/gabrielroger/Documents/projects/weather-data/.venv/lib/python3.9/site-packages/airflow/example_dags/example_python_operator.py
[2023-03-27 21:17:14,939] {logging_mixin.py:115} INFO - [2023-03-27 21:17:14,939] {example_python_operator.py:68} WARNING - The virtalenv_python example task requires virtualenv, please install it.
[2023-03-27 21:17:14,942] {processor.py:651} INFO - DAG(s) dict_keys(['example_python_operator']) retrieved from /Users/gabrielroger/Documents/projects/weather-data/.venv/lib/python3.9/site-packages/airflow/example_dags/example_python_operator.py
[2023-03-27 21:17:14,973] {logging_mixin.py:115} INFO - [2023-03-27 21:17:14,973] {dag.py:2379} INFO - Sync 1 DAGs
[2023-03-27 21:17:14,979] {logging_mixin.py:115} INFO - [2023-03-27 21:17:14,979] {dag.py:2927} INFO - Setting next_dagrun for example_python_operator to None, run_after=None
[2023-03-27 21:17:14,984] {processor.py:161} INFO - Processing /Users/gabrielroger/Documents/projects/weather-data/.venv/lib/python3.9/site-packages/airflow/example_dags/example_python_operator.py took 0.060 seconds
[2023-03-27 21:18:18,827] {processor.py:153} INFO - Started process (PID=6912) to work on /Users/gabrielroger/Documents/projects/weather-data/.venv/lib/python3.9/site-packages/airflow/example_dags/example_python_operator.py
[2023-03-27 21:18:18,828] {processor.py:641} INFO - Processing file /Users/gabrielroger/Documents/projects/weather-data/.venv/lib/python3.9/site-packages/airflow/example_dags/example_python_operator.py for tasks to queue
[2023-03-27 21:18:18,828] {logging_mixin.py:115} INFO - [2023-03-27 21:18:18,828] {dagbag.py:507} INFO - Filling up the DagBag from /Users/gabrielroger/Documents/projects/weather-data/.venv/lib/python3.9/site-packages/airflow/example_dags/example_python_operator.py
[2023-03-27 21:18:18,842] {logging_mixin.py:115} INFO - [2023-03-27 21:18:18,842] {example_python_operator.py:68} WARNING - The virtalenv_python example task requires virtualenv, please install it.
[2023-03-27 21:18:18,846] {processor.py:651} INFO - DAG(s) dict_keys(['example_python_operator']) retrieved from /Users/gabrielroger/Documents/projects/weather-data/.venv/lib/python3.9/site-packages/airflow/example_dags/example_python_operator.py
[2023-03-27 21:18:18,876] {logging_mixin.py:115} INFO - [2023-03-27 21:18:18,876] {dag.py:2379} INFO - Sync 1 DAGs
[2023-03-27 21:18:18,883] {logging_mixin.py:115} INFO - [2023-03-27 21:18:18,882] {dag.py:2927} INFO - Setting next_dagrun for example_python_operator to None, run_after=None
[2023-03-27 21:18:18,887] {processor.py:161} INFO - Processing /Users/gabrielroger/Documents/projects/weather-data/.venv/lib/python3.9/site-packages/airflow/example_dags/example_python_operator.py took 0.060 seconds
[2023-03-27 21:19:22,831] {processor.py:153} INFO - Started process (PID=7025) to work on /Users/gabrielroger/Documents/projects/weather-data/.venv/lib/python3.9/site-packages/airflow/example_dags/example_python_operator.py
[2023-03-27 21:19:22,831] {processor.py:641} INFO - Processing file /Users/gabrielroger/Documents/projects/weather-data/.venv/lib/python3.9/site-packages/airflow/example_dags/example_python_operator.py for tasks to queue
[2023-03-27 21:19:22,832] {logging_mixin.py:115} INFO - [2023-03-27 21:19:22,832] {dagbag.py:507} INFO - Filling up the DagBag from /Users/gabrielroger/Documents/projects/weather-data/.venv/lib/python3.9/site-packages/airflow/example_dags/example_python_operator.py
[2023-03-27 21:19:22,845] {logging_mixin.py:115} INFO - [2023-03-27 21:19:22,845] {example_python_operator.py:68} WARNING - The virtalenv_python example task requires virtualenv, please install it.
[2023-03-27 21:19:22,849] {processor.py:651} INFO - DAG(s) dict_keys(['example_python_operator']) retrieved from /Users/gabrielroger/Documents/projects/weather-data/.venv/lib/python3.9/site-packages/airflow/example_dags/example_python_operator.py
[2023-03-27 21:19:22,879] {logging_mixin.py:115} INFO - [2023-03-27 21:19:22,879] {dag.py:2379} INFO - Sync 1 DAGs
[2023-03-27 21:19:22,886] {logging_mixin.py:115} INFO - [2023-03-27 21:19:22,886] {dag.py:2927} INFO - Setting next_dagrun for example_python_operator to None, run_after=None
[2023-03-27 21:19:22,891] {processor.py:161} INFO - Processing /Users/gabrielroger/Documents/projects/weather-data/.venv/lib/python3.9/site-packages/airflow/example_dags/example_python_operator.py took 0.060 seconds
[2023-03-27 21:20:09,278] {processor.py:153} INFO - Started process (PID=7100) to work on /Users/gabrielroger/Documents/projects/weather-data/.venv/lib/python3.9/site-packages/airflow/example_dags/example_python_operator.py
[2023-03-27 21:20:09,278] {processor.py:641} INFO - Processing file /Users/gabrielroger/Documents/projects/weather-data/.venv/lib/python3.9/site-packages/airflow/example_dags/example_python_operator.py for tasks to queue
[2023-03-27 21:20:09,278] {logging_mixin.py:115} INFO - [2023-03-27 21:20:09,278] {dagbag.py:507} INFO - Filling up the DagBag from /Users/gabrielroger/Documents/projects/weather-data/.venv/lib/python3.9/site-packages/airflow/example_dags/example_python_operator.py
[2023-03-27 21:20:09,291] {logging_mixin.py:115} INFO - [2023-03-27 21:20:09,291] {example_python_operator.py:68} WARNING - The virtalenv_python example task requires virtualenv, please install it.
[2023-03-27 21:20:09,295] {processor.py:651} INFO - DAG(s) dict_keys(['example_python_operator']) retrieved from /Users/gabrielroger/Documents/projects/weather-data/.venv/lib/python3.9/site-packages/airflow/example_dags/example_python_operator.py
[2023-03-27 21:20:09,325] {logging_mixin.py:115} INFO - [2023-03-27 21:20:09,325] {dag.py:2379} INFO - Sync 1 DAGs
[2023-03-27 21:20:09,331] {logging_mixin.py:115} INFO - [2023-03-27 21:20:09,331] {dag.py:2927} INFO - Setting next_dagrun for example_python_operator to None, run_after=None
[2023-03-27 21:20:09,336] {processor.py:161} INFO - Processing /Users/gabrielroger/Documents/projects/weather-data/.venv/lib/python3.9/site-packages/airflow/example_dags/example_python_operator.py took 0.059 seconds
[2023-03-27 21:20:54,942] {processor.py:153} INFO - Started process (PID=7176) to work on /Users/gabrielroger/Documents/projects/weather-data/.venv/lib/python3.9/site-packages/airflow/example_dags/example_python_operator.py
[2023-03-27 21:20:54,943] {processor.py:641} INFO - Processing file /Users/gabrielroger/Documents/projects/weather-data/.venv/lib/python3.9/site-packages/airflow/example_dags/example_python_operator.py for tasks to queue
[2023-03-27 21:20:54,943] {logging_mixin.py:115} INFO - [2023-03-27 21:20:54,943] {dagbag.py:507} INFO - Filling up the DagBag from /Users/gabrielroger/Documents/projects/weather-data/.venv/lib/python3.9/site-packages/airflow/example_dags/example_python_operator.py
[2023-03-27 21:20:54,956] {logging_mixin.py:115} INFO - [2023-03-27 21:20:54,956] {example_python_operator.py:68} WARNING - The virtalenv_python example task requires virtualenv, please install it.
[2023-03-27 21:20:54,960] {processor.py:651} INFO - DAG(s) dict_keys(['example_python_operator']) retrieved from /Users/gabrielroger/Documents/projects/weather-data/.venv/lib/python3.9/site-packages/airflow/example_dags/example_python_operator.py
[2023-03-27 21:20:54,990] {logging_mixin.py:115} INFO - [2023-03-27 21:20:54,990] {dag.py:2379} INFO - Sync 1 DAGs
[2023-03-27 21:20:54,997] {logging_mixin.py:115} INFO - [2023-03-27 21:20:54,997] {dag.py:2927} INFO - Setting next_dagrun for example_python_operator to None, run_after=None
[2023-03-27 21:20:55,002] {processor.py:161} INFO - Processing /Users/gabrielroger/Documents/projects/weather-data/.venv/lib/python3.9/site-packages/airflow/example_dags/example_python_operator.py took 0.060 seconds
[2023-03-27 21:22:01,520] {processor.py:153} INFO - Started process (PID=7284) to work on /Users/gabrielroger/Documents/projects/weather-data/.venv/lib/python3.9/site-packages/airflow/example_dags/example_python_operator.py
[2023-03-27 21:22:01,520] {processor.py:641} INFO - Processing file /Users/gabrielroger/Documents/projects/weather-data/.venv/lib/python3.9/site-packages/airflow/example_dags/example_python_operator.py for tasks to queue
[2023-03-27 21:22:01,520] {logging_mixin.py:115} INFO - [2023-03-27 21:22:01,520] {dagbag.py:507} INFO - Filling up the DagBag from /Users/gabrielroger/Documents/projects/weather-data/.venv/lib/python3.9/site-packages/airflow/example_dags/example_python_operator.py
[2023-03-27 21:22:01,533] {logging_mixin.py:115} INFO - [2023-03-27 21:22:01,533] {example_python_operator.py:68} WARNING - The virtalenv_python example task requires virtualenv, please install it.
[2023-03-27 21:22:01,537] {processor.py:651} INFO - DAG(s) dict_keys(['example_python_operator']) retrieved from /Users/gabrielroger/Documents/projects/weather-data/.venv/lib/python3.9/site-packages/airflow/example_dags/example_python_operator.py
[2023-03-27 21:22:01,568] {logging_mixin.py:115} INFO - [2023-03-27 21:22:01,568] {dag.py:2379} INFO - Sync 1 DAGs
[2023-03-27 21:22:01,575] {logging_mixin.py:115} INFO - [2023-03-27 21:22:01,575] {dag.py:2927} INFO - Setting next_dagrun for example_python_operator to None, run_after=None
[2023-03-27 21:22:01,582] {processor.py:161} INFO - Processing /Users/gabrielroger/Documents/projects/weather-data/.venv/lib/python3.9/site-packages/airflow/example_dags/example_python_operator.py took 0.063 seconds
[2023-03-27 21:22:46,447] {processor.py:153} INFO - Started process (PID=7358) to work on /Users/gabrielroger/Documents/projects/weather-data/.venv/lib/python3.9/site-packages/airflow/example_dags/example_python_operator.py
[2023-03-27 21:22:46,447] {processor.py:641} INFO - Processing file /Users/gabrielroger/Documents/projects/weather-data/.venv/lib/python3.9/site-packages/airflow/example_dags/example_python_operator.py for tasks to queue
[2023-03-27 21:22:46,447] {logging_mixin.py:115} INFO - [2023-03-27 21:22:46,447] {dagbag.py:507} INFO - Filling up the DagBag from /Users/gabrielroger/Documents/projects/weather-data/.venv/lib/python3.9/site-packages/airflow/example_dags/example_python_operator.py
[2023-03-27 21:22:46,460] {logging_mixin.py:115} INFO - [2023-03-27 21:22:46,460] {example_python_operator.py:68} WARNING - The virtalenv_python example task requires virtualenv, please install it.
[2023-03-27 21:22:46,464] {processor.py:651} INFO - DAG(s) dict_keys(['example_python_operator']) retrieved from /Users/gabrielroger/Documents/projects/weather-data/.venv/lib/python3.9/site-packages/airflow/example_dags/example_python_operator.py
[2023-03-27 21:22:46,495] {logging_mixin.py:115} INFO - [2023-03-27 21:22:46,494] {dag.py:2379} INFO - Sync 1 DAGs
[2023-03-27 21:22:46,501] {logging_mixin.py:115} INFO - [2023-03-27 21:22:46,501] {dag.py:2927} INFO - Setting next_dagrun for example_python_operator to None, run_after=None
[2023-03-27 21:22:46,506] {processor.py:161} INFO - Processing /Users/gabrielroger/Documents/projects/weather-data/.venv/lib/python3.9/site-packages/airflow/example_dags/example_python_operator.py took 0.060 seconds
[2023-03-27 21:23:50,926] {processor.py:153} INFO - Started process (PID=7471) to work on /Users/gabrielroger/Documents/projects/weather-data/.venv/lib/python3.9/site-packages/airflow/example_dags/example_python_operator.py
[2023-03-27 21:23:50,926] {processor.py:641} INFO - Processing file /Users/gabrielroger/Documents/projects/weather-data/.venv/lib/python3.9/site-packages/airflow/example_dags/example_python_operator.py for tasks to queue
[2023-03-27 21:23:50,926] {logging_mixin.py:115} INFO - [2023-03-27 21:23:50,926] {dagbag.py:507} INFO - Filling up the DagBag from /Users/gabrielroger/Documents/projects/weather-data/.venv/lib/python3.9/site-packages/airflow/example_dags/example_python_operator.py
[2023-03-27 21:23:50,940] {logging_mixin.py:115} INFO - [2023-03-27 21:23:50,940] {example_python_operator.py:68} WARNING - The virtalenv_python example task requires virtualenv, please install it.
[2023-03-27 21:23:50,944] {processor.py:651} INFO - DAG(s) dict_keys(['example_python_operator']) retrieved from /Users/gabrielroger/Documents/projects/weather-data/.venv/lib/python3.9/site-packages/airflow/example_dags/example_python_operator.py
[2023-03-27 21:23:50,975] {logging_mixin.py:115} INFO - [2023-03-27 21:23:50,975] {dag.py:2379} INFO - Sync 1 DAGs
[2023-03-27 21:23:50,982] {logging_mixin.py:115} INFO - [2023-03-27 21:23:50,982] {dag.py:2927} INFO - Setting next_dagrun for example_python_operator to None, run_after=None
[2023-03-27 21:23:50,987] {processor.py:161} INFO - Processing /Users/gabrielroger/Documents/projects/weather-data/.venv/lib/python3.9/site-packages/airflow/example_dags/example_python_operator.py took 0.061 seconds
[2023-03-27 21:24:35,085] {processor.py:153} INFO - Started process (PID=7563) to work on /Users/gabrielroger/Documents/projects/weather-data/.venv/lib/python3.9/site-packages/airflow/example_dags/example_python_operator.py
[2023-03-27 21:24:35,086] {processor.py:641} INFO - Processing file /Users/gabrielroger/Documents/projects/weather-data/.venv/lib/python3.9/site-packages/airflow/example_dags/example_python_operator.py for tasks to queue
[2023-03-27 21:24:35,086] {logging_mixin.py:115} INFO - [2023-03-27 21:24:35,086] {dagbag.py:507} INFO - Filling up the DagBag from /Users/gabrielroger/Documents/projects/weather-data/.venv/lib/python3.9/site-packages/airflow/example_dags/example_python_operator.py
[2023-03-27 21:24:35,099] {logging_mixin.py:115} INFO - [2023-03-27 21:24:35,099] {example_python_operator.py:68} WARNING - The virtalenv_python example task requires virtualenv, please install it.
[2023-03-27 21:24:35,103] {processor.py:651} INFO - DAG(s) dict_keys(['example_python_operator']) retrieved from /Users/gabrielroger/Documents/projects/weather-data/.venv/lib/python3.9/site-packages/airflow/example_dags/example_python_operator.py
[2023-03-27 21:24:35,136] {logging_mixin.py:115} INFO - [2023-03-27 21:24:35,135] {dag.py:2379} INFO - Sync 1 DAGs
[2023-03-27 21:24:35,142] {logging_mixin.py:115} INFO - [2023-03-27 21:24:35,142] {dag.py:2927} INFO - Setting next_dagrun for example_python_operator to None, run_after=None
[2023-03-27 21:24:35,147] {processor.py:161} INFO - Processing /Users/gabrielroger/Documents/projects/weather-data/.venv/lib/python3.9/site-packages/airflow/example_dags/example_python_operator.py took 0.062 seconds
[2023-03-27 21:25:21,090] {processor.py:153} INFO - Started process (PID=7654) to work on /Users/gabrielroger/Documents/projects/weather-data/.venv/lib/python3.9/site-packages/airflow/example_dags/example_python_operator.py
[2023-03-27 21:25:21,090] {processor.py:641} INFO - Processing file /Users/gabrielroger/Documents/projects/weather-data/.venv/lib/python3.9/site-packages/airflow/example_dags/example_python_operator.py for tasks to queue
[2023-03-27 21:25:21,090] {logging_mixin.py:115} INFO - [2023-03-27 21:25:21,090] {dagbag.py:507} INFO - Filling up the DagBag from /Users/gabrielroger/Documents/projects/weather-data/.venv/lib/python3.9/site-packages/airflow/example_dags/example_python_operator.py
[2023-03-27 21:25:21,105] {logging_mixin.py:115} INFO - [2023-03-27 21:25:21,105] {example_python_operator.py:68} WARNING - The virtalenv_python example task requires virtualenv, please install it.
[2023-03-27 21:25:21,110] {processor.py:651} INFO - DAG(s) dict_keys(['example_python_operator']) retrieved from /Users/gabrielroger/Documents/projects/weather-data/.venv/lib/python3.9/site-packages/airflow/example_dags/example_python_operator.py
[2023-03-27 21:25:21,140] {logging_mixin.py:115} INFO - [2023-03-27 21:25:21,140] {dag.py:2379} INFO - Sync 1 DAGs
[2023-03-27 21:25:21,147] {logging_mixin.py:115} INFO - [2023-03-27 21:25:21,147] {dag.py:2927} INFO - Setting next_dagrun for example_python_operator to None, run_after=None
[2023-03-27 21:25:21,152] {processor.py:161} INFO - Processing /Users/gabrielroger/Documents/projects/weather-data/.venv/lib/python3.9/site-packages/airflow/example_dags/example_python_operator.py took 0.063 seconds
[2023-03-27 21:26:25,771] {processor.py:153} INFO - Started process (PID=7769) to work on /Users/gabrielroger/Documents/projects/weather-data/.venv/lib/python3.9/site-packages/airflow/example_dags/example_python_operator.py
[2023-03-27 21:26:25,771] {processor.py:641} INFO - Processing file /Users/gabrielroger/Documents/projects/weather-data/.venv/lib/python3.9/site-packages/airflow/example_dags/example_python_operator.py for tasks to queue
[2023-03-27 21:26:25,771] {logging_mixin.py:115} INFO - [2023-03-27 21:26:25,771] {dagbag.py:507} INFO - Filling up the DagBag from /Users/gabrielroger/Documents/projects/weather-data/.venv/lib/python3.9/site-packages/airflow/example_dags/example_python_operator.py
[2023-03-27 21:26:25,785] {logging_mixin.py:115} INFO - [2023-03-27 21:26:25,785] {example_python_operator.py:68} WARNING - The virtalenv_python example task requires virtualenv, please install it.
[2023-03-27 21:26:25,788] {processor.py:651} INFO - DAG(s) dict_keys(['example_python_operator']) retrieved from /Users/gabrielroger/Documents/projects/weather-data/.venv/lib/python3.9/site-packages/airflow/example_dags/example_python_operator.py
[2023-03-27 21:26:25,819] {logging_mixin.py:115} INFO - [2023-03-27 21:26:25,819] {dag.py:2379} INFO - Sync 1 DAGs
[2023-03-27 21:26:25,825] {logging_mixin.py:115} INFO - [2023-03-27 21:26:25,825] {dag.py:2927} INFO - Setting next_dagrun for example_python_operator to None, run_after=None
[2023-03-27 21:26:25,830] {processor.py:161} INFO - Processing /Users/gabrielroger/Documents/projects/weather-data/.venv/lib/python3.9/site-packages/airflow/example_dags/example_python_operator.py took 0.060 seconds
[2023-03-27 21:27:11,186] {processor.py:153} INFO - Started process (PID=7843) to work on /Users/gabrielroger/Documents/projects/weather-data/.venv/lib/python3.9/site-packages/airflow/example_dags/example_python_operator.py
[2023-03-27 21:27:11,186] {processor.py:641} INFO - Processing file /Users/gabrielroger/Documents/projects/weather-data/.venv/lib/python3.9/site-packages/airflow/example_dags/example_python_operator.py for tasks to queue
[2023-03-27 21:27:11,186] {logging_mixin.py:115} INFO - [2023-03-27 21:27:11,186] {dagbag.py:507} INFO - Filling up the DagBag from /Users/gabrielroger/Documents/projects/weather-data/.venv/lib/python3.9/site-packages/airflow/example_dags/example_python_operator.py
[2023-03-27 21:27:11,199] {logging_mixin.py:115} INFO - [2023-03-27 21:27:11,199] {example_python_operator.py:68} WARNING - The virtalenv_python example task requires virtualenv, please install it.
[2023-03-27 21:27:11,203] {processor.py:651} INFO - DAG(s) dict_keys(['example_python_operator']) retrieved from /Users/gabrielroger/Documents/projects/weather-data/.venv/lib/python3.9/site-packages/airflow/example_dags/example_python_operator.py
[2023-03-27 21:27:11,234] {logging_mixin.py:115} INFO - [2023-03-27 21:27:11,233] {dag.py:2379} INFO - Sync 1 DAGs
[2023-03-27 21:27:11,240] {logging_mixin.py:115} INFO - [2023-03-27 21:27:11,240] {dag.py:2927} INFO - Setting next_dagrun for example_python_operator to None, run_after=None
[2023-03-27 21:27:11,245] {processor.py:161} INFO - Processing /Users/gabrielroger/Documents/projects/weather-data/.venv/lib/python3.9/site-packages/airflow/example_dags/example_python_operator.py took 0.060 seconds
[2023-03-27 21:28:15,173] {processor.py:153} INFO - Started process (PID=7953) to work on /Users/gabrielroger/Documents/projects/weather-data/.venv/lib/python3.9/site-packages/airflow/example_dags/example_python_operator.py
[2023-03-27 21:28:15,173] {processor.py:641} INFO - Processing file /Users/gabrielroger/Documents/projects/weather-data/.venv/lib/python3.9/site-packages/airflow/example_dags/example_python_operator.py for tasks to queue
[2023-03-27 21:28:15,173] {logging_mixin.py:115} INFO - [2023-03-27 21:28:15,173] {dagbag.py:507} INFO - Filling up the DagBag from /Users/gabrielroger/Documents/projects/weather-data/.venv/lib/python3.9/site-packages/airflow/example_dags/example_python_operator.py
[2023-03-27 21:28:15,187] {logging_mixin.py:115} INFO - [2023-03-27 21:28:15,187] {example_python_operator.py:68} WARNING - The virtalenv_python example task requires virtualenv, please install it.
[2023-03-27 21:28:15,190] {processor.py:651} INFO - DAG(s) dict_keys(['example_python_operator']) retrieved from /Users/gabrielroger/Documents/projects/weather-data/.venv/lib/python3.9/site-packages/airflow/example_dags/example_python_operator.py
[2023-03-27 21:28:15,221] {logging_mixin.py:115} INFO - [2023-03-27 21:28:15,221] {dag.py:2379} INFO - Sync 1 DAGs
[2023-03-27 21:28:15,227] {logging_mixin.py:115} INFO - [2023-03-27 21:28:15,227] {dag.py:2927} INFO - Setting next_dagrun for example_python_operator to None, run_after=None
[2023-03-27 21:28:15,233] {processor.py:161} INFO - Processing /Users/gabrielroger/Documents/projects/weather-data/.venv/lib/python3.9/site-packages/airflow/example_dags/example_python_operator.py took 0.060 seconds
[2023-03-27 21:28:57,855] {processor.py:153} INFO - Started process (PID=8033) to work on /Users/gabrielroger/Documents/projects/weather-data/.venv/lib/python3.9/site-packages/airflow/example_dags/example_python_operator.py
[2023-03-27 21:28:57,855] {processor.py:641} INFO - Processing file /Users/gabrielroger/Documents/projects/weather-data/.venv/lib/python3.9/site-packages/airflow/example_dags/example_python_operator.py for tasks to queue
[2023-03-27 21:28:57,855] {logging_mixin.py:115} INFO - [2023-03-27 21:28:57,855] {dagbag.py:507} INFO - Filling up the DagBag from /Users/gabrielroger/Documents/projects/weather-data/.venv/lib/python3.9/site-packages/airflow/example_dags/example_python_operator.py
[2023-03-27 21:28:57,868] {logging_mixin.py:115} INFO - [2023-03-27 21:28:57,868] {example_python_operator.py:68} WARNING - The virtalenv_python example task requires virtualenv, please install it.
[2023-03-27 21:28:57,872] {processor.py:651} INFO - DAG(s) dict_keys(['example_python_operator']) retrieved from /Users/gabrielroger/Documents/projects/weather-data/.venv/lib/python3.9/site-packages/airflow/example_dags/example_python_operator.py
[2023-03-27 21:28:57,903] {logging_mixin.py:115} INFO - [2023-03-27 21:28:57,903] {dag.py:2379} INFO - Sync 1 DAGs
[2023-03-27 21:28:57,909] {logging_mixin.py:115} INFO - [2023-03-27 21:28:57,909] {dag.py:2927} INFO - Setting next_dagrun for example_python_operator to None, run_after=None
[2023-03-27 21:28:57,914] {processor.py:161} INFO - Processing /Users/gabrielroger/Documents/projects/weather-data/.venv/lib/python3.9/site-packages/airflow/example_dags/example_python_operator.py took 0.060 seconds
[2023-03-27 21:30:01,928] {processor.py:153} INFO - Started process (PID=8170) to work on /Users/gabrielroger/Documents/projects/weather-data/.venv/lib/python3.9/site-packages/airflow/example_dags/example_python_operator.py
[2023-03-27 21:30:01,929] {processor.py:641} INFO - Processing file /Users/gabrielroger/Documents/projects/weather-data/.venv/lib/python3.9/site-packages/airflow/example_dags/example_python_operator.py for tasks to queue
[2023-03-27 21:30:01,929] {logging_mixin.py:115} INFO - [2023-03-27 21:30:01,929] {dagbag.py:507} INFO - Filling up the DagBag from /Users/gabrielroger/Documents/projects/weather-data/.venv/lib/python3.9/site-packages/airflow/example_dags/example_python_operator.py
[2023-03-27 21:30:01,942] {logging_mixin.py:115} INFO - [2023-03-27 21:30:01,942] {example_python_operator.py:68} WARNING - The virtalenv_python example task requires virtualenv, please install it.
[2023-03-27 21:30:01,946] {processor.py:651} INFO - DAG(s) dict_keys(['example_python_operator']) retrieved from /Users/gabrielroger/Documents/projects/weather-data/.venv/lib/python3.9/site-packages/airflow/example_dags/example_python_operator.py
[2023-03-27 21:30:01,978] {logging_mixin.py:115} INFO - [2023-03-27 21:30:01,977] {dag.py:2379} INFO - Sync 1 DAGs
[2023-03-27 21:30:01,984] {logging_mixin.py:115} INFO - [2023-03-27 21:30:01,984] {dag.py:2927} INFO - Setting next_dagrun for example_python_operator to None, run_after=None
[2023-03-27 21:30:01,989] {processor.py:161} INFO - Processing /Users/gabrielroger/Documents/projects/weather-data/.venv/lib/python3.9/site-packages/airflow/example_dags/example_python_operator.py took 0.061 seconds
[2023-03-27 21:30:46,925] {processor.py:153} INFO - Started process (PID=8252) to work on /Users/gabrielroger/Documents/projects/weather-data/.venv/lib/python3.9/site-packages/airflow/example_dags/example_python_operator.py
[2023-03-27 21:30:46,926] {processor.py:641} INFO - Processing file /Users/gabrielroger/Documents/projects/weather-data/.venv/lib/python3.9/site-packages/airflow/example_dags/example_python_operator.py for tasks to queue
[2023-03-27 21:30:46,926] {logging_mixin.py:115} INFO - [2023-03-27 21:30:46,926] {dagbag.py:507} INFO - Filling up the DagBag from /Users/gabrielroger/Documents/projects/weather-data/.venv/lib/python3.9/site-packages/airflow/example_dags/example_python_operator.py
[2023-03-27 21:30:46,939] {logging_mixin.py:115} INFO - [2023-03-27 21:30:46,939] {example_python_operator.py:68} WARNING - The virtalenv_python example task requires virtualenv, please install it.
[2023-03-27 21:30:46,943] {processor.py:651} INFO - DAG(s) dict_keys(['example_python_operator']) retrieved from /Users/gabrielroger/Documents/projects/weather-data/.venv/lib/python3.9/site-packages/airflow/example_dags/example_python_operator.py
[2023-03-27 21:30:46,973] {logging_mixin.py:115} INFO - [2023-03-27 21:30:46,973] {dag.py:2379} INFO - Sync 1 DAGs
[2023-03-27 21:30:46,979] {logging_mixin.py:115} INFO - [2023-03-27 21:30:46,979] {dag.py:2927} INFO - Setting next_dagrun for example_python_operator to None, run_after=None
[2023-03-27 21:30:46,984] {processor.py:161} INFO - Processing /Users/gabrielroger/Documents/projects/weather-data/.venv/lib/python3.9/site-packages/airflow/example_dags/example_python_operator.py took 0.059 seconds
[2023-03-27 21:31:50,692] {processor.py:153} INFO - Started process (PID=8359) to work on /Users/gabrielroger/Documents/projects/weather-data/.venv/lib/python3.9/site-packages/airflow/example_dags/example_python_operator.py
[2023-03-27 21:31:50,692] {processor.py:641} INFO - Processing file /Users/gabrielroger/Documents/projects/weather-data/.venv/lib/python3.9/site-packages/airflow/example_dags/example_python_operator.py for tasks to queue
[2023-03-27 21:31:50,692] {logging_mixin.py:115} INFO - [2023-03-27 21:31:50,692] {dagbag.py:507} INFO - Filling up the DagBag from /Users/gabrielroger/Documents/projects/weather-data/.venv/lib/python3.9/site-packages/airflow/example_dags/example_python_operator.py
[2023-03-27 21:31:50,705] {logging_mixin.py:115} INFO - [2023-03-27 21:31:50,705] {example_python_operator.py:68} WARNING - The virtalenv_python example task requires virtualenv, please install it.
[2023-03-27 21:31:50,709] {processor.py:651} INFO - DAG(s) dict_keys(['example_python_operator']) retrieved from /Users/gabrielroger/Documents/projects/weather-data/.venv/lib/python3.9/site-packages/airflow/example_dags/example_python_operator.py
[2023-03-27 21:31:50,740] {logging_mixin.py:115} INFO - [2023-03-27 21:31:50,739] {dag.py:2379} INFO - Sync 1 DAGs
[2023-03-27 21:31:50,746] {logging_mixin.py:115} INFO - [2023-03-27 21:31:50,746] {dag.py:2927} INFO - Setting next_dagrun for example_python_operator to None, run_after=None
[2023-03-27 21:31:50,751] {processor.py:161} INFO - Processing /Users/gabrielroger/Documents/projects/weather-data/.venv/lib/python3.9/site-packages/airflow/example_dags/example_python_operator.py took 0.060 seconds
[2023-03-27 21:32:56,622] {processor.py:153} INFO - Started process (PID=8467) to work on /Users/gabrielroger/Documents/projects/weather-data/.venv/lib/python3.9/site-packages/airflow/example_dags/example_python_operator.py
[2023-03-27 21:32:56,622] {processor.py:641} INFO - Processing file /Users/gabrielroger/Documents/projects/weather-data/.venv/lib/python3.9/site-packages/airflow/example_dags/example_python_operator.py for tasks to queue
[2023-03-27 21:32:56,622] {logging_mixin.py:115} INFO - [2023-03-27 21:32:56,622] {dagbag.py:507} INFO - Filling up the DagBag from /Users/gabrielroger/Documents/projects/weather-data/.venv/lib/python3.9/site-packages/airflow/example_dags/example_python_operator.py
[2023-03-27 21:32:56,636] {logging_mixin.py:115} INFO - [2023-03-27 21:32:56,636] {example_python_operator.py:68} WARNING - The virtalenv_python example task requires virtualenv, please install it.
[2023-03-27 21:32:56,640] {processor.py:651} INFO - DAG(s) dict_keys(['example_python_operator']) retrieved from /Users/gabrielroger/Documents/projects/weather-data/.venv/lib/python3.9/site-packages/airflow/example_dags/example_python_operator.py
[2023-03-27 21:32:56,670] {logging_mixin.py:115} INFO - [2023-03-27 21:32:56,670] {dag.py:2379} INFO - Sync 1 DAGs
[2023-03-27 21:32:56,677] {logging_mixin.py:115} INFO - [2023-03-27 21:32:56,677] {dag.py:2927} INFO - Setting next_dagrun for example_python_operator to None, run_after=None
[2023-03-27 21:32:56,682] {processor.py:161} INFO - Processing /Users/gabrielroger/Documents/projects/weather-data/.venv/lib/python3.9/site-packages/airflow/example_dags/example_python_operator.py took 0.060 seconds
[2023-03-27 21:33:42,355] {processor.py:153} INFO - Started process (PID=8547) to work on /Users/gabrielroger/Documents/projects/weather-data/.venv/lib/python3.9/site-packages/airflow/example_dags/example_python_operator.py
[2023-03-27 21:33:42,355] {processor.py:641} INFO - Processing file /Users/gabrielroger/Documents/projects/weather-data/.venv/lib/python3.9/site-packages/airflow/example_dags/example_python_operator.py for tasks to queue
[2023-03-27 21:33:42,355] {logging_mixin.py:115} INFO - [2023-03-27 21:33:42,355] {dagbag.py:507} INFO - Filling up the DagBag from /Users/gabrielroger/Documents/projects/weather-data/.venv/lib/python3.9/site-packages/airflow/example_dags/example_python_operator.py
[2023-03-27 21:33:42,369] {logging_mixin.py:115} INFO - [2023-03-27 21:33:42,369] {example_python_operator.py:68} WARNING - The virtalenv_python example task requires virtualenv, please install it.
[2023-03-27 21:33:42,373] {processor.py:651} INFO - DAG(s) dict_keys(['example_python_operator']) retrieved from /Users/gabrielroger/Documents/projects/weather-data/.venv/lib/python3.9/site-packages/airflow/example_dags/example_python_operator.py
[2023-03-27 21:33:42,405] {logging_mixin.py:115} INFO - [2023-03-27 21:33:42,405] {dag.py:2379} INFO - Sync 1 DAGs
[2023-03-27 21:33:42,412] {logging_mixin.py:115} INFO - [2023-03-27 21:33:42,412] {dag.py:2927} INFO - Setting next_dagrun for example_python_operator to None, run_after=None
[2023-03-27 21:33:42,417] {processor.py:161} INFO - Processing /Users/gabrielroger/Documents/projects/weather-data/.venv/lib/python3.9/site-packages/airflow/example_dags/example_python_operator.py took 0.062 seconds
[2023-03-27 21:34:26,482] {processor.py:153} INFO - Started process (PID=8631) to work on /Users/gabrielroger/Documents/projects/weather-data/.venv/lib/python3.9/site-packages/airflow/example_dags/example_python_operator.py
[2023-03-27 21:34:26,483] {processor.py:641} INFO - Processing file /Users/gabrielroger/Documents/projects/weather-data/.venv/lib/python3.9/site-packages/airflow/example_dags/example_python_operator.py for tasks to queue
[2023-03-27 21:34:26,483] {logging_mixin.py:115} INFO - [2023-03-27 21:34:26,483] {dagbag.py:507} INFO - Filling up the DagBag from /Users/gabrielroger/Documents/projects/weather-data/.venv/lib/python3.9/site-packages/airflow/example_dags/example_python_operator.py
[2023-03-27 21:34:26,497] {logging_mixin.py:115} INFO - [2023-03-27 21:34:26,497] {example_python_operator.py:68} WARNING - The virtalenv_python example task requires virtualenv, please install it.
[2023-03-27 21:34:26,501] {processor.py:651} INFO - DAG(s) dict_keys(['example_python_operator']) retrieved from /Users/gabrielroger/Documents/projects/weather-data/.venv/lib/python3.9/site-packages/airflow/example_dags/example_python_operator.py
[2023-03-27 21:34:26,531] {logging_mixin.py:115} INFO - [2023-03-27 21:34:26,531] {dag.py:2379} INFO - Sync 1 DAGs
[2023-03-27 21:34:26,538] {logging_mixin.py:115} INFO - [2023-03-27 21:34:26,538] {dag.py:2927} INFO - Setting next_dagrun for example_python_operator to None, run_after=None
[2023-03-27 21:34:26,542] {processor.py:161} INFO - Processing /Users/gabrielroger/Documents/projects/weather-data/.venv/lib/python3.9/site-packages/airflow/example_dags/example_python_operator.py took 0.061 seconds
[2023-03-27 22:00:00,763] {processor.py:153} INFO - Started process (PID=8762) to work on /Users/gabrielroger/Documents/projects/weather-data/.venv/lib/python3.9/site-packages/airflow/example_dags/example_python_operator.py
[2023-03-27 22:00:00,764] {processor.py:641} INFO - Processing file /Users/gabrielroger/Documents/projects/weather-data/.venv/lib/python3.9/site-packages/airflow/example_dags/example_python_operator.py for tasks to queue
[2023-03-27 22:00:00,764] {logging_mixin.py:115} INFO - [2023-03-27 22:00:00,764] {dagbag.py:507} INFO - Filling up the DagBag from /Users/gabrielroger/Documents/projects/weather-data/.venv/lib/python3.9/site-packages/airflow/example_dags/example_python_operator.py
[2023-03-27 22:00:00,777] {logging_mixin.py:115} INFO - [2023-03-27 22:00:00,777] {example_python_operator.py:68} WARNING - The virtalenv_python example task requires virtualenv, please install it.
[2023-03-27 22:00:00,781] {processor.py:651} INFO - DAG(s) dict_keys(['example_python_operator']) retrieved from /Users/gabrielroger/Documents/projects/weather-data/.venv/lib/python3.9/site-packages/airflow/example_dags/example_python_operator.py
[2023-03-27 22:00:00,812] {logging_mixin.py:115} INFO - [2023-03-27 22:00:00,812] {dag.py:2379} INFO - Sync 1 DAGs
[2023-03-27 22:00:00,819] {logging_mixin.py:115} INFO - [2023-03-27 22:00:00,819] {dag.py:2927} INFO - Setting next_dagrun for example_python_operator to None, run_after=None
[2023-03-27 22:00:00,824] {processor.py:161} INFO - Processing /Users/gabrielroger/Documents/projects/weather-data/.venv/lib/python3.9/site-packages/airflow/example_dags/example_python_operator.py took 0.061 seconds
[2023-03-27 22:28:00,334] {processor.py:153} INFO - Started process (PID=8910) to work on /Users/gabrielroger/Documents/projects/weather-data/.venv/lib/python3.9/site-packages/airflow/example_dags/example_python_operator.py
[2023-03-27 22:28:00,335] {processor.py:641} INFO - Processing file /Users/gabrielroger/Documents/projects/weather-data/.venv/lib/python3.9/site-packages/airflow/example_dags/example_python_operator.py for tasks to queue
[2023-03-27 22:28:00,335] {logging_mixin.py:115} INFO - [2023-03-27 22:28:00,335] {dagbag.py:507} INFO - Filling up the DagBag from /Users/gabrielroger/Documents/projects/weather-data/.venv/lib/python3.9/site-packages/airflow/example_dags/example_python_operator.py
[2023-03-27 22:28:00,349] {logging_mixin.py:115} INFO - [2023-03-27 22:28:00,349] {example_python_operator.py:68} WARNING - The virtalenv_python example task requires virtualenv, please install it.
[2023-03-27 22:28:00,353] {processor.py:651} INFO - DAG(s) dict_keys(['example_python_operator']) retrieved from /Users/gabrielroger/Documents/projects/weather-data/.venv/lib/python3.9/site-packages/airflow/example_dags/example_python_operator.py
[2023-03-27 22:28:00,383] {logging_mixin.py:115} INFO - [2023-03-27 22:28:00,383] {dag.py:2379} INFO - Sync 1 DAGs
[2023-03-27 22:28:00,390] {logging_mixin.py:115} INFO - [2023-03-27 22:28:00,390] {dag.py:2927} INFO - Setting next_dagrun for example_python_operator to None, run_after=None
[2023-03-27 22:28:00,394] {processor.py:161} INFO - Processing /Users/gabrielroger/Documents/projects/weather-data/.venv/lib/python3.9/site-packages/airflow/example_dags/example_python_operator.py took 0.060 seconds
[2023-03-27 23:28:08,664] {processor.py:153} INFO - Started process (PID=9031) to work on /Users/gabrielroger/Documents/projects/weather-data/.venv/lib/python3.9/site-packages/airflow/example_dags/example_python_operator.py
[2023-03-27 23:28:08,664] {processor.py:641} INFO - Processing file /Users/gabrielroger/Documents/projects/weather-data/.venv/lib/python3.9/site-packages/airflow/example_dags/example_python_operator.py for tasks to queue
[2023-03-27 23:28:08,664] {logging_mixin.py:115} INFO - [2023-03-27 23:28:08,664] {dagbag.py:507} INFO - Filling up the DagBag from /Users/gabrielroger/Documents/projects/weather-data/.venv/lib/python3.9/site-packages/airflow/example_dags/example_python_operator.py
[2023-03-27 23:28:08,679] {logging_mixin.py:115} INFO - [2023-03-27 23:28:08,678] {example_python_operator.py:68} WARNING - The virtalenv_python example task requires virtualenv, please install it.
[2023-03-27 23:28:08,683] {processor.py:651} INFO - DAG(s) dict_keys(['example_python_operator']) retrieved from /Users/gabrielroger/Documents/projects/weather-data/.venv/lib/python3.9/site-packages/airflow/example_dags/example_python_operator.py
[2023-03-27 23:28:08,718] {logging_mixin.py:115} INFO - [2023-03-27 23:28:08,717] {dag.py:2379} INFO - Sync 1 DAGs
[2023-03-27 23:28:08,725] {logging_mixin.py:115} INFO - [2023-03-27 23:28:08,725] {dag.py:2927} INFO - Setting next_dagrun for example_python_operator to None, run_after=None
[2023-03-27 23:28:08,730] {processor.py:161} INFO - Processing /Users/gabrielroger/Documents/projects/weather-data/.venv/lib/python3.9/site-packages/airflow/example_dags/example_python_operator.py took 0.066 seconds
