[2023-03-27 21:09:45,829] {processor.py:153} INFO - Started process (PID=6051) to work on /Users/gabrielroger/Documents/projects/weather-data/.venv/lib/python3.9/site-packages/airflow/example_dags/example_xcomargs.py
[2023-03-27 21:09:45,829] {processor.py:641} INFO - Processing file /Users/gabrielroger/Documents/projects/weather-data/.venv/lib/python3.9/site-packages/airflow/example_dags/example_xcomargs.py for tasks to queue
[2023-03-27 21:09:45,829] {logging_mixin.py:115} INFO - [2023-03-27 21:09:45,829] {dagbag.py:507} INFO - Filling up the DagBag from /Users/gabrielroger/Documents/projects/weather-data/.venv/lib/python3.9/site-packages/airflow/example_dags/example_xcomargs.py
[2023-03-27 21:09:45,847] {processor.py:651} INFO - DAG(s) dict_keys(['example_xcom_args', 'example_xcom_args_with_operators']) retrieved from /Users/gabrielroger/Documents/projects/weather-data/.venv/lib/python3.9/site-packages/airflow/example_dags/example_xcomargs.py
[2023-03-27 21:09:46,164] {logging_mixin.py:115} INFO - [2023-03-27 21:09:46,164] {dag.py:2379} INFO - Sync 2 DAGs
[2023-03-27 21:09:46,170] {logging_mixin.py:115} INFO - [2023-03-27 21:09:46,170] {dag.py:2927} INFO - Setting next_dagrun for example_xcom_args to None, run_after=None
[2023-03-27 21:09:46,171] {logging_mixin.py:115} INFO - [2023-03-27 21:09:46,171] {dag.py:2927} INFO - Setting next_dagrun for example_xcom_args_with_operators to None, run_after=None
[2023-03-27 21:09:46,178] {processor.py:161} INFO - Processing /Users/gabrielroger/Documents/projects/weather-data/.venv/lib/python3.9/site-packages/airflow/example_dags/example_xcomargs.py took 0.350 seconds
[2023-03-27 21:10:37,202] {processor.py:153} INFO - Started process (PID=6141) to work on /Users/gabrielroger/Documents/projects/weather-data/.venv/lib/python3.9/site-packages/airflow/example_dags/example_xcomargs.py
[2023-03-27 21:10:37,202] {processor.py:641} INFO - Processing file /Users/gabrielroger/Documents/projects/weather-data/.venv/lib/python3.9/site-packages/airflow/example_dags/example_xcomargs.py for tasks to queue
[2023-03-27 21:10:37,202] {logging_mixin.py:115} INFO - [2023-03-27 21:10:37,202] {dagbag.py:507} INFO - Filling up the DagBag from /Users/gabrielroger/Documents/projects/weather-data/.venv/lib/python3.9/site-packages/airflow/example_dags/example_xcomargs.py
[2023-03-27 21:10:37,223] {processor.py:651} INFO - DAG(s) dict_keys(['example_xcom_args', 'example_xcom_args_with_operators']) retrieved from /Users/gabrielroger/Documents/projects/weather-data/.venv/lib/python3.9/site-packages/airflow/example_dags/example_xcomargs.py
[2023-03-27 21:10:37,562] {logging_mixin.py:115} INFO - [2023-03-27 21:10:37,561] {dag.py:2379} INFO - Sync 2 DAGs
[2023-03-27 21:10:37,569] {logging_mixin.py:115} INFO - [2023-03-27 21:10:37,569] {dag.py:2927} INFO - Setting next_dagrun for example_xcom_args to None, run_after=None
[2023-03-27 21:10:37,569] {logging_mixin.py:115} INFO - [2023-03-27 21:10:37,569] {dag.py:2927} INFO - Setting next_dagrun for example_xcom_args_with_operators to None, run_after=None
[2023-03-27 21:10:37,575] {processor.py:161} INFO - Processing /Users/gabrielroger/Documents/projects/weather-data/.venv/lib/python3.9/site-packages/airflow/example_dags/example_xcomargs.py took 0.374 seconds
[2023-03-27 21:11:22,103] {processor.py:153} INFO - Started process (PID=6221) to work on /Users/gabrielroger/Documents/projects/weather-data/.venv/lib/python3.9/site-packages/airflow/example_dags/example_xcomargs.py
[2023-03-27 21:11:22,103] {processor.py:641} INFO - Processing file /Users/gabrielroger/Documents/projects/weather-data/.venv/lib/python3.9/site-packages/airflow/example_dags/example_xcomargs.py for tasks to queue
[2023-03-27 21:11:22,104] {logging_mixin.py:115} INFO - [2023-03-27 21:11:22,104] {dagbag.py:507} INFO - Filling up the DagBag from /Users/gabrielroger/Documents/projects/weather-data/.venv/lib/python3.9/site-packages/airflow/example_dags/example_xcomargs.py
[2023-03-27 21:11:22,122] {processor.py:651} INFO - DAG(s) dict_keys(['example_xcom_args', 'example_xcom_args_with_operators']) retrieved from /Users/gabrielroger/Documents/projects/weather-data/.venv/lib/python3.9/site-packages/airflow/example_dags/example_xcomargs.py
[2023-03-27 21:11:22,439] {logging_mixin.py:115} INFO - [2023-03-27 21:11:22,439] {dag.py:2379} INFO - Sync 2 DAGs
[2023-03-27 21:11:22,446] {logging_mixin.py:115} INFO - [2023-03-27 21:11:22,446] {dag.py:2927} INFO - Setting next_dagrun for example_xcom_args to None, run_after=None
[2023-03-27 21:11:22,446] {logging_mixin.py:115} INFO - [2023-03-27 21:11:22,446] {dag.py:2927} INFO - Setting next_dagrun for example_xcom_args_with_operators to None, run_after=None
[2023-03-27 21:11:22,452] {processor.py:161} INFO - Processing /Users/gabrielroger/Documents/projects/weather-data/.venv/lib/python3.9/site-packages/airflow/example_dags/example_xcomargs.py took 0.350 seconds
[2023-03-27 21:12:07,031] {processor.py:153} INFO - Started process (PID=6293) to work on /Users/gabrielroger/Documents/projects/weather-data/.venv/lib/python3.9/site-packages/airflow/example_dags/example_xcomargs.py
[2023-03-27 21:12:07,032] {processor.py:641} INFO - Processing file /Users/gabrielroger/Documents/projects/weather-data/.venv/lib/python3.9/site-packages/airflow/example_dags/example_xcomargs.py for tasks to queue
[2023-03-27 21:12:07,032] {logging_mixin.py:115} INFO - [2023-03-27 21:12:07,032] {dagbag.py:507} INFO - Filling up the DagBag from /Users/gabrielroger/Documents/projects/weather-data/.venv/lib/python3.9/site-packages/airflow/example_dags/example_xcomargs.py
[2023-03-27 21:12:07,050] {processor.py:651} INFO - DAG(s) dict_keys(['example_xcom_args', 'example_xcom_args_with_operators']) retrieved from /Users/gabrielroger/Documents/projects/weather-data/.venv/lib/python3.9/site-packages/airflow/example_dags/example_xcomargs.py
[2023-03-27 21:12:07,360] {logging_mixin.py:115} INFO - [2023-03-27 21:12:07,359] {dag.py:2379} INFO - Sync 2 DAGs
[2023-03-27 21:12:07,366] {logging_mixin.py:115} INFO - [2023-03-27 21:12:07,366] {dag.py:2927} INFO - Setting next_dagrun for example_xcom_args to None, run_after=None
[2023-03-27 21:12:07,366] {logging_mixin.py:115} INFO - [2023-03-27 21:12:07,366] {dag.py:2927} INFO - Setting next_dagrun for example_xcom_args_with_operators to None, run_after=None
[2023-03-27 21:12:07,373] {processor.py:161} INFO - Processing /Users/gabrielroger/Documents/projects/weather-data/.venv/lib/python3.9/site-packages/airflow/example_dags/example_xcomargs.py took 0.342 seconds
[2023-03-27 21:12:55,482] {processor.py:153} INFO - Started process (PID=6372) to work on /Users/gabrielroger/Documents/projects/weather-data/.venv/lib/python3.9/site-packages/airflow/example_dags/example_xcomargs.py
[2023-03-27 21:12:55,483] {processor.py:641} INFO - Processing file /Users/gabrielroger/Documents/projects/weather-data/.venv/lib/python3.9/site-packages/airflow/example_dags/example_xcomargs.py for tasks to queue
[2023-03-27 21:12:55,483] {logging_mixin.py:115} INFO - [2023-03-27 21:12:55,483] {dagbag.py:507} INFO - Filling up the DagBag from /Users/gabrielroger/Documents/projects/weather-data/.venv/lib/python3.9/site-packages/airflow/example_dags/example_xcomargs.py
[2023-03-27 21:12:55,501] {processor.py:651} INFO - DAG(s) dict_keys(['example_xcom_args', 'example_xcom_args_with_operators']) retrieved from /Users/gabrielroger/Documents/projects/weather-data/.venv/lib/python3.9/site-packages/airflow/example_dags/example_xcomargs.py
[2023-03-27 21:12:55,813] {logging_mixin.py:115} INFO - [2023-03-27 21:12:55,813] {dag.py:2379} INFO - Sync 2 DAGs
[2023-03-27 21:12:55,820] {logging_mixin.py:115} INFO - [2023-03-27 21:12:55,820] {dag.py:2927} INFO - Setting next_dagrun for example_xcom_args to None, run_after=None
[2023-03-27 21:12:55,820] {logging_mixin.py:115} INFO - [2023-03-27 21:12:55,820] {dag.py:2927} INFO - Setting next_dagrun for example_xcom_args_with_operators to None, run_after=None
[2023-03-27 21:12:55,826] {processor.py:161} INFO - Processing /Users/gabrielroger/Documents/projects/weather-data/.venv/lib/python3.9/site-packages/airflow/example_dags/example_xcomargs.py took 0.345 seconds
[2023-03-27 21:13:40,666] {processor.py:153} INFO - Started process (PID=6446) to work on /Users/gabrielroger/Documents/projects/weather-data/.venv/lib/python3.9/site-packages/airflow/example_dags/example_xcomargs.py
[2023-03-27 21:13:40,666] {processor.py:641} INFO - Processing file /Users/gabrielroger/Documents/projects/weather-data/.venv/lib/python3.9/site-packages/airflow/example_dags/example_xcomargs.py for tasks to queue
[2023-03-27 21:13:40,667] {logging_mixin.py:115} INFO - [2023-03-27 21:13:40,667] {dagbag.py:507} INFO - Filling up the DagBag from /Users/gabrielroger/Documents/projects/weather-data/.venv/lib/python3.9/site-packages/airflow/example_dags/example_xcomargs.py
[2023-03-27 21:13:40,691] {processor.py:651} INFO - DAG(s) dict_keys(['example_xcom_args', 'example_xcom_args_with_operators']) retrieved from /Users/gabrielroger/Documents/projects/weather-data/.venv/lib/python3.9/site-packages/airflow/example_dags/example_xcomargs.py
[2023-03-27 21:13:41,009] {logging_mixin.py:115} INFO - [2023-03-27 21:13:41,009] {dag.py:2379} INFO - Sync 2 DAGs
[2023-03-27 21:13:41,015] {logging_mixin.py:115} INFO - [2023-03-27 21:13:41,015] {dag.py:2927} INFO - Setting next_dagrun for example_xcom_args to None, run_after=None
[2023-03-27 21:13:41,015] {logging_mixin.py:115} INFO - [2023-03-27 21:13:41,015] {dag.py:2927} INFO - Setting next_dagrun for example_xcom_args_with_operators to None, run_after=None
[2023-03-27 21:13:41,022] {processor.py:161} INFO - Processing /Users/gabrielroger/Documents/projects/weather-data/.venv/lib/python3.9/site-packages/airflow/example_dags/example_xcomargs.py took 0.356 seconds
[2023-03-27 21:14:23,142] {processor.py:153} INFO - Started process (PID=6521) to work on /Users/gabrielroger/Documents/projects/weather-data/.venv/lib/python3.9/site-packages/airflow/example_dags/example_xcomargs.py
[2023-03-27 21:14:23,142] {processor.py:641} INFO - Processing file /Users/gabrielroger/Documents/projects/weather-data/.venv/lib/python3.9/site-packages/airflow/example_dags/example_xcomargs.py for tasks to queue
[2023-03-27 21:14:23,143] {logging_mixin.py:115} INFO - [2023-03-27 21:14:23,143] {dagbag.py:507} INFO - Filling up the DagBag from /Users/gabrielroger/Documents/projects/weather-data/.venv/lib/python3.9/site-packages/airflow/example_dags/example_xcomargs.py
[2023-03-27 21:14:23,162] {processor.py:651} INFO - DAG(s) dict_keys(['example_xcom_args', 'example_xcom_args_with_operators']) retrieved from /Users/gabrielroger/Documents/projects/weather-data/.venv/lib/python3.9/site-packages/airflow/example_dags/example_xcomargs.py
[2023-03-27 21:14:23,476] {logging_mixin.py:115} INFO - [2023-03-27 21:14:23,476] {dag.py:2379} INFO - Sync 2 DAGs
[2023-03-27 21:14:23,482] {logging_mixin.py:115} INFO - [2023-03-27 21:14:23,482] {dag.py:2927} INFO - Setting next_dagrun for example_xcom_args to None, run_after=None
[2023-03-27 21:14:23,483] {logging_mixin.py:115} INFO - [2023-03-27 21:14:23,482] {dag.py:2927} INFO - Setting next_dagrun for example_xcom_args_with_operators to None, run_after=None
[2023-03-27 21:14:23,489] {processor.py:161} INFO - Processing /Users/gabrielroger/Documents/projects/weather-data/.venv/lib/python3.9/site-packages/airflow/example_dags/example_xcomargs.py took 0.348 seconds
[2023-03-27 21:15:14,244] {processor.py:153} INFO - Started process (PID=6607) to work on /Users/gabrielroger/Documents/projects/weather-data/.venv/lib/python3.9/site-packages/airflow/example_dags/example_xcomargs.py
[2023-03-27 21:15:14,244] {processor.py:641} INFO - Processing file /Users/gabrielroger/Documents/projects/weather-data/.venv/lib/python3.9/site-packages/airflow/example_dags/example_xcomargs.py for tasks to queue
[2023-03-27 21:15:14,245] {logging_mixin.py:115} INFO - [2023-03-27 21:15:14,245] {dagbag.py:507} INFO - Filling up the DagBag from /Users/gabrielroger/Documents/projects/weather-data/.venv/lib/python3.9/site-packages/airflow/example_dags/example_xcomargs.py
[2023-03-27 21:15:14,263] {processor.py:651} INFO - DAG(s) dict_keys(['example_xcom_args', 'example_xcom_args_with_operators']) retrieved from /Users/gabrielroger/Documents/projects/weather-data/.venv/lib/python3.9/site-packages/airflow/example_dags/example_xcomargs.py
[2023-03-27 21:15:14,579] {logging_mixin.py:115} INFO - [2023-03-27 21:15:14,579] {dag.py:2379} INFO - Sync 2 DAGs
[2023-03-27 21:15:14,586] {logging_mixin.py:115} INFO - [2023-03-27 21:15:14,586] {dag.py:2927} INFO - Setting next_dagrun for example_xcom_args to None, run_after=None
[2023-03-27 21:15:14,586] {logging_mixin.py:115} INFO - [2023-03-27 21:15:14,586] {dag.py:2927} INFO - Setting next_dagrun for example_xcom_args_with_operators to None, run_after=None
[2023-03-27 21:15:14,592] {processor.py:161} INFO - Processing /Users/gabrielroger/Documents/projects/weather-data/.venv/lib/python3.9/site-packages/airflow/example_dags/example_xcomargs.py took 0.348 seconds
[2023-03-27 21:15:58,629] {processor.py:153} INFO - Started process (PID=6680) to work on /Users/gabrielroger/Documents/projects/weather-data/.venv/lib/python3.9/site-packages/airflow/example_dags/example_xcomargs.py
[2023-03-27 21:15:58,629] {processor.py:641} INFO - Processing file /Users/gabrielroger/Documents/projects/weather-data/.venv/lib/python3.9/site-packages/airflow/example_dags/example_xcomargs.py for tasks to queue
[2023-03-27 21:15:58,629] {logging_mixin.py:115} INFO - [2023-03-27 21:15:58,629] {dagbag.py:507} INFO - Filling up the DagBag from /Users/gabrielroger/Documents/projects/weather-data/.venv/lib/python3.9/site-packages/airflow/example_dags/example_xcomargs.py
[2023-03-27 21:15:58,647] {processor.py:651} INFO - DAG(s) dict_keys(['example_xcom_args', 'example_xcom_args_with_operators']) retrieved from /Users/gabrielroger/Documents/projects/weather-data/.venv/lib/python3.9/site-packages/airflow/example_dags/example_xcomargs.py
[2023-03-27 21:15:58,966] {logging_mixin.py:115} INFO - [2023-03-27 21:15:58,966] {dag.py:2379} INFO - Sync 2 DAGs
[2023-03-27 21:15:58,974] {logging_mixin.py:115} INFO - [2023-03-27 21:15:58,973] {dag.py:2927} INFO - Setting next_dagrun for example_xcom_args to None, run_after=None
[2023-03-27 21:15:58,974] {logging_mixin.py:115} INFO - [2023-03-27 21:15:58,974] {dag.py:2927} INFO - Setting next_dagrun for example_xcom_args_with_operators to None, run_after=None
[2023-03-27 21:15:58,980] {processor.py:161} INFO - Processing /Users/gabrielroger/Documents/projects/weather-data/.venv/lib/python3.9/site-packages/airflow/example_dags/example_xcomargs.py took 0.351 seconds
[2023-03-27 21:16:43,767] {processor.py:153} INFO - Started process (PID=6754) to work on /Users/gabrielroger/Documents/projects/weather-data/.venv/lib/python3.9/site-packages/airflow/example_dags/example_xcomargs.py
[2023-03-27 21:16:43,767] {processor.py:641} INFO - Processing file /Users/gabrielroger/Documents/projects/weather-data/.venv/lib/python3.9/site-packages/airflow/example_dags/example_xcomargs.py for tasks to queue
[2023-03-27 21:16:43,767] {logging_mixin.py:115} INFO - [2023-03-27 21:16:43,767] {dagbag.py:507} INFO - Filling up the DagBag from /Users/gabrielroger/Documents/projects/weather-data/.venv/lib/python3.9/site-packages/airflow/example_dags/example_xcomargs.py
[2023-03-27 21:16:43,785] {processor.py:651} INFO - DAG(s) dict_keys(['example_xcom_args', 'example_xcom_args_with_operators']) retrieved from /Users/gabrielroger/Documents/projects/weather-data/.venv/lib/python3.9/site-packages/airflow/example_dags/example_xcomargs.py
[2023-03-27 21:16:44,095] {logging_mixin.py:115} INFO - [2023-03-27 21:16:44,095] {dag.py:2379} INFO - Sync 2 DAGs
[2023-03-27 21:16:44,102] {logging_mixin.py:115} INFO - [2023-03-27 21:16:44,102] {dag.py:2927} INFO - Setting next_dagrun for example_xcom_args to None, run_after=None
[2023-03-27 21:16:44,102] {logging_mixin.py:115} INFO - [2023-03-27 21:16:44,102] {dag.py:2927} INFO - Setting next_dagrun for example_xcom_args_with_operators to None, run_after=None
[2023-03-27 21:16:44,109] {processor.py:161} INFO - Processing /Users/gabrielroger/Documents/projects/weather-data/.venv/lib/python3.9/site-packages/airflow/example_dags/example_xcomargs.py took 0.342 seconds
[2023-03-27 21:17:25,868] {processor.py:153} INFO - Started process (PID=6824) to work on /Users/gabrielroger/Documents/projects/weather-data/.venv/lib/python3.9/site-packages/airflow/example_dags/example_xcomargs.py
[2023-03-27 21:17:25,868] {processor.py:641} INFO - Processing file /Users/gabrielroger/Documents/projects/weather-data/.venv/lib/python3.9/site-packages/airflow/example_dags/example_xcomargs.py for tasks to queue
[2023-03-27 21:17:25,868] {logging_mixin.py:115} INFO - [2023-03-27 21:17:25,868] {dagbag.py:507} INFO - Filling up the DagBag from /Users/gabrielroger/Documents/projects/weather-data/.venv/lib/python3.9/site-packages/airflow/example_dags/example_xcomargs.py
[2023-03-27 21:17:25,886] {processor.py:651} INFO - DAG(s) dict_keys(['example_xcom_args', 'example_xcom_args_with_operators']) retrieved from /Users/gabrielroger/Documents/projects/weather-data/.venv/lib/python3.9/site-packages/airflow/example_dags/example_xcomargs.py
[2023-03-27 21:17:26,195] {logging_mixin.py:115} INFO - [2023-03-27 21:17:26,195] {dag.py:2379} INFO - Sync 2 DAGs
[2023-03-27 21:17:26,202] {logging_mixin.py:115} INFO - [2023-03-27 21:17:26,202] {dag.py:2927} INFO - Setting next_dagrun for example_xcom_args to None, run_after=None
[2023-03-27 21:17:26,202] {logging_mixin.py:115} INFO - [2023-03-27 21:17:26,202] {dag.py:2927} INFO - Setting next_dagrun for example_xcom_args_with_operators to None, run_after=None
[2023-03-27 21:17:26,208] {processor.py:161} INFO - Processing /Users/gabrielroger/Documents/projects/weather-data/.venv/lib/python3.9/site-packages/airflow/example_dags/example_xcomargs.py took 0.341 seconds
[2023-03-27 21:18:08,170] {processor.py:153} INFO - Started process (PID=6895) to work on /Users/gabrielroger/Documents/projects/weather-data/.venv/lib/python3.9/site-packages/airflow/example_dags/example_xcomargs.py
[2023-03-27 21:18:08,170] {processor.py:641} INFO - Processing file /Users/gabrielroger/Documents/projects/weather-data/.venv/lib/python3.9/site-packages/airflow/example_dags/example_xcomargs.py for tasks to queue
[2023-03-27 21:18:08,170] {logging_mixin.py:115} INFO - [2023-03-27 21:18:08,170] {dagbag.py:507} INFO - Filling up the DagBag from /Users/gabrielroger/Documents/projects/weather-data/.venv/lib/python3.9/site-packages/airflow/example_dags/example_xcomargs.py
[2023-03-27 21:18:08,188] {processor.py:651} INFO - DAG(s) dict_keys(['example_xcom_args', 'example_xcom_args_with_operators']) retrieved from /Users/gabrielroger/Documents/projects/weather-data/.venv/lib/python3.9/site-packages/airflow/example_dags/example_xcomargs.py
[2023-03-27 21:18:08,496] {logging_mixin.py:115} INFO - [2023-03-27 21:18:08,495] {dag.py:2379} INFO - Sync 2 DAGs
[2023-03-27 21:18:08,502] {logging_mixin.py:115} INFO - [2023-03-27 21:18:08,502] {dag.py:2927} INFO - Setting next_dagrun for example_xcom_args to None, run_after=None
[2023-03-27 21:18:08,502] {logging_mixin.py:115} INFO - [2023-03-27 21:18:08,502] {dag.py:2927} INFO - Setting next_dagrun for example_xcom_args_with_operators to None, run_after=None
[2023-03-27 21:18:08,509] {processor.py:161} INFO - Processing /Users/gabrielroger/Documents/projects/weather-data/.venv/lib/python3.9/site-packages/airflow/example_dags/example_xcomargs.py took 0.339 seconds
[2023-03-27 21:18:51,370] {processor.py:153} INFO - Started process (PID=6970) to work on /Users/gabrielroger/Documents/projects/weather-data/.venv/lib/python3.9/site-packages/airflow/example_dags/example_xcomargs.py
[2023-03-27 21:18:51,370] {processor.py:641} INFO - Processing file /Users/gabrielroger/Documents/projects/weather-data/.venv/lib/python3.9/site-packages/airflow/example_dags/example_xcomargs.py for tasks to queue
[2023-03-27 21:18:51,371] {logging_mixin.py:115} INFO - [2023-03-27 21:18:51,371] {dagbag.py:507} INFO - Filling up the DagBag from /Users/gabrielroger/Documents/projects/weather-data/.venv/lib/python3.9/site-packages/airflow/example_dags/example_xcomargs.py
[2023-03-27 21:18:51,388] {processor.py:651} INFO - DAG(s) dict_keys(['example_xcom_args', 'example_xcom_args_with_operators']) retrieved from /Users/gabrielroger/Documents/projects/weather-data/.venv/lib/python3.9/site-packages/airflow/example_dags/example_xcomargs.py
[2023-03-27 21:18:51,700] {logging_mixin.py:115} INFO - [2023-03-27 21:18:51,700] {dag.py:2379} INFO - Sync 2 DAGs
[2023-03-27 21:18:51,707] {logging_mixin.py:115} INFO - [2023-03-27 21:18:51,707] {dag.py:2927} INFO - Setting next_dagrun for example_xcom_args to None, run_after=None
[2023-03-27 21:18:51,707] {logging_mixin.py:115} INFO - [2023-03-27 21:18:51,707] {dag.py:2927} INFO - Setting next_dagrun for example_xcom_args_with_operators to None, run_after=None
[2023-03-27 21:18:51,713] {processor.py:161} INFO - Processing /Users/gabrielroger/Documents/projects/weather-data/.venv/lib/python3.9/site-packages/airflow/example_dags/example_xcomargs.py took 0.343 seconds
[2023-03-27 21:19:35,467] {processor.py:153} INFO - Started process (PID=7045) to work on /Users/gabrielroger/Documents/projects/weather-data/.venv/lib/python3.9/site-packages/airflow/example_dags/example_xcomargs.py
[2023-03-27 21:19:35,467] {processor.py:641} INFO - Processing file /Users/gabrielroger/Documents/projects/weather-data/.venv/lib/python3.9/site-packages/airflow/example_dags/example_xcomargs.py for tasks to queue
[2023-03-27 21:19:35,467] {logging_mixin.py:115} INFO - [2023-03-27 21:19:35,467] {dagbag.py:507} INFO - Filling up the DagBag from /Users/gabrielroger/Documents/projects/weather-data/.venv/lib/python3.9/site-packages/airflow/example_dags/example_xcomargs.py
[2023-03-27 21:19:35,484] {processor.py:651} INFO - DAG(s) dict_keys(['example_xcom_args', 'example_xcom_args_with_operators']) retrieved from /Users/gabrielroger/Documents/projects/weather-data/.venv/lib/python3.9/site-packages/airflow/example_dags/example_xcomargs.py
[2023-03-27 21:19:35,799] {logging_mixin.py:115} INFO - [2023-03-27 21:19:35,799] {dag.py:2379} INFO - Sync 2 DAGs
[2023-03-27 21:19:35,806] {logging_mixin.py:115} INFO - [2023-03-27 21:19:35,806] {dag.py:2927} INFO - Setting next_dagrun for example_xcom_args to None, run_after=None
[2023-03-27 21:19:35,806] {logging_mixin.py:115} INFO - [2023-03-27 21:19:35,806] {dag.py:2927} INFO - Setting next_dagrun for example_xcom_args_with_operators to None, run_after=None
[2023-03-27 21:19:35,812] {processor.py:161} INFO - Processing /Users/gabrielroger/Documents/projects/weather-data/.venv/lib/python3.9/site-packages/airflow/example_dags/example_xcomargs.py took 0.346 seconds
[2023-03-27 21:20:19,836] {processor.py:153} INFO - Started process (PID=7118) to work on /Users/gabrielroger/Documents/projects/weather-data/.venv/lib/python3.9/site-packages/airflow/example_dags/example_xcomargs.py
[2023-03-27 21:20:19,836] {processor.py:641} INFO - Processing file /Users/gabrielroger/Documents/projects/weather-data/.venv/lib/python3.9/site-packages/airflow/example_dags/example_xcomargs.py for tasks to queue
[2023-03-27 21:20:19,837] {logging_mixin.py:115} INFO - [2023-03-27 21:20:19,837] {dagbag.py:507} INFO - Filling up the DagBag from /Users/gabrielroger/Documents/projects/weather-data/.venv/lib/python3.9/site-packages/airflow/example_dags/example_xcomargs.py
[2023-03-27 21:20:19,854] {processor.py:651} INFO - DAG(s) dict_keys(['example_xcom_args', 'example_xcom_args_with_operators']) retrieved from /Users/gabrielroger/Documents/projects/weather-data/.venv/lib/python3.9/site-packages/airflow/example_dags/example_xcomargs.py
[2023-03-27 21:20:20,164] {logging_mixin.py:115} INFO - [2023-03-27 21:20:20,163] {dag.py:2379} INFO - Sync 2 DAGs
[2023-03-27 21:20:20,170] {logging_mixin.py:115} INFO - [2023-03-27 21:20:20,170] {dag.py:2927} INFO - Setting next_dagrun for example_xcom_args to None, run_after=None
[2023-03-27 21:20:20,170] {logging_mixin.py:115} INFO - [2023-03-27 21:20:20,170] {dag.py:2927} INFO - Setting next_dagrun for example_xcom_args_with_operators to None, run_after=None
[2023-03-27 21:20:20,177] {processor.py:161} INFO - Processing /Users/gabrielroger/Documents/projects/weather-data/.venv/lib/python3.9/site-packages/airflow/example_dags/example_xcomargs.py took 0.340 seconds
[2023-03-27 21:21:05,240] {processor.py:153} INFO - Started process (PID=7192) to work on /Users/gabrielroger/Documents/projects/weather-data/.venv/lib/python3.9/site-packages/airflow/example_dags/example_xcomargs.py
[2023-03-27 21:21:05,241] {processor.py:641} INFO - Processing file /Users/gabrielroger/Documents/projects/weather-data/.venv/lib/python3.9/site-packages/airflow/example_dags/example_xcomargs.py for tasks to queue
[2023-03-27 21:21:05,241] {logging_mixin.py:115} INFO - [2023-03-27 21:21:05,241] {dagbag.py:507} INFO - Filling up the DagBag from /Users/gabrielroger/Documents/projects/weather-data/.venv/lib/python3.9/site-packages/airflow/example_dags/example_xcomargs.py
[2023-03-27 21:21:05,258] {processor.py:651} INFO - DAG(s) dict_keys(['example_xcom_args', 'example_xcom_args_with_operators']) retrieved from /Users/gabrielroger/Documents/projects/weather-data/.venv/lib/python3.9/site-packages/airflow/example_dags/example_xcomargs.py
[2023-03-27 21:21:05,568] {logging_mixin.py:115} INFO - [2023-03-27 21:21:05,568] {dag.py:2379} INFO - Sync 2 DAGs
[2023-03-27 21:21:05,575] {logging_mixin.py:115} INFO - [2023-03-27 21:21:05,575] {dag.py:2927} INFO - Setting next_dagrun for example_xcom_args to None, run_after=None
[2023-03-27 21:21:05,575] {logging_mixin.py:115} INFO - [2023-03-27 21:21:05,575] {dag.py:2927} INFO - Setting next_dagrun for example_xcom_args_with_operators to None, run_after=None
[2023-03-27 21:21:05,582] {processor.py:161} INFO - Processing /Users/gabrielroger/Documents/projects/weather-data/.venv/lib/python3.9/site-packages/airflow/example_dags/example_xcomargs.py took 0.341 seconds
[2023-03-27 21:21:50,565] {processor.py:153} INFO - Started process (PID=7266) to work on /Users/gabrielroger/Documents/projects/weather-data/.venv/lib/python3.9/site-packages/airflow/example_dags/example_xcomargs.py
[2023-03-27 21:21:50,565] {processor.py:641} INFO - Processing file /Users/gabrielroger/Documents/projects/weather-data/.venv/lib/python3.9/site-packages/airflow/example_dags/example_xcomargs.py for tasks to queue
[2023-03-27 21:21:50,565] {logging_mixin.py:115} INFO - [2023-03-27 21:21:50,565] {dagbag.py:507} INFO - Filling up the DagBag from /Users/gabrielroger/Documents/projects/weather-data/.venv/lib/python3.9/site-packages/airflow/example_dags/example_xcomargs.py
[2023-03-27 21:21:50,583] {processor.py:651} INFO - DAG(s) dict_keys(['example_xcom_args', 'example_xcom_args_with_operators']) retrieved from /Users/gabrielroger/Documents/projects/weather-data/.venv/lib/python3.9/site-packages/airflow/example_dags/example_xcomargs.py
[2023-03-27 21:21:50,888] {logging_mixin.py:115} INFO - [2023-03-27 21:21:50,888] {dag.py:2379} INFO - Sync 2 DAGs
[2023-03-27 21:21:50,895] {logging_mixin.py:115} INFO - [2023-03-27 21:21:50,895] {dag.py:2927} INFO - Setting next_dagrun for example_xcom_args to None, run_after=None
[2023-03-27 21:21:50,895] {logging_mixin.py:115} INFO - [2023-03-27 21:21:50,895] {dag.py:2927} INFO - Setting next_dagrun for example_xcom_args_with_operators to None, run_after=None
[2023-03-27 21:21:50,901] {processor.py:161} INFO - Processing /Users/gabrielroger/Documents/projects/weather-data/.venv/lib/python3.9/site-packages/airflow/example_dags/example_xcomargs.py took 0.337 seconds
[2023-03-27 21:22:36,441] {processor.py:153} INFO - Started process (PID=7341) to work on /Users/gabrielroger/Documents/projects/weather-data/.venv/lib/python3.9/site-packages/airflow/example_dags/example_xcomargs.py
[2023-03-27 21:22:36,441] {processor.py:641} INFO - Processing file /Users/gabrielroger/Documents/projects/weather-data/.venv/lib/python3.9/site-packages/airflow/example_dags/example_xcomargs.py for tasks to queue
[2023-03-27 21:22:36,442] {logging_mixin.py:115} INFO - [2023-03-27 21:22:36,442] {dagbag.py:507} INFO - Filling up the DagBag from /Users/gabrielroger/Documents/projects/weather-data/.venv/lib/python3.9/site-packages/airflow/example_dags/example_xcomargs.py
[2023-03-27 21:22:36,459] {processor.py:651} INFO - DAG(s) dict_keys(['example_xcom_args', 'example_xcom_args_with_operators']) retrieved from /Users/gabrielroger/Documents/projects/weather-data/.venv/lib/python3.9/site-packages/airflow/example_dags/example_xcomargs.py
[2023-03-27 21:22:36,767] {logging_mixin.py:115} INFO - [2023-03-27 21:22:36,767] {dag.py:2379} INFO - Sync 2 DAGs
[2023-03-27 21:22:36,774] {logging_mixin.py:115} INFO - [2023-03-27 21:22:36,774] {dag.py:2927} INFO - Setting next_dagrun for example_xcom_args to None, run_after=None
[2023-03-27 21:22:36,774] {logging_mixin.py:115} INFO - [2023-03-27 21:22:36,774] {dag.py:2927} INFO - Setting next_dagrun for example_xcom_args_with_operators to None, run_after=None
[2023-03-27 21:22:36,781] {processor.py:161} INFO - Processing /Users/gabrielroger/Documents/projects/weather-data/.venv/lib/python3.9/site-packages/airflow/example_dags/example_xcomargs.py took 0.340 seconds
[2023-03-27 21:23:18,194] {processor.py:153} INFO - Started process (PID=7413) to work on /Users/gabrielroger/Documents/projects/weather-data/.venv/lib/python3.9/site-packages/airflow/example_dags/example_xcomargs.py
[2023-03-27 21:23:18,194] {processor.py:641} INFO - Processing file /Users/gabrielroger/Documents/projects/weather-data/.venv/lib/python3.9/site-packages/airflow/example_dags/example_xcomargs.py for tasks to queue
[2023-03-27 21:23:18,195] {logging_mixin.py:115} INFO - [2023-03-27 21:23:18,195] {dagbag.py:507} INFO - Filling up the DagBag from /Users/gabrielroger/Documents/projects/weather-data/.venv/lib/python3.9/site-packages/airflow/example_dags/example_xcomargs.py
[2023-03-27 21:23:18,212] {processor.py:651} INFO - DAG(s) dict_keys(['example_xcom_args', 'example_xcom_args_with_operators']) retrieved from /Users/gabrielroger/Documents/projects/weather-data/.venv/lib/python3.9/site-packages/airflow/example_dags/example_xcomargs.py
[2023-03-27 21:23:18,523] {logging_mixin.py:115} INFO - [2023-03-27 21:23:18,523] {dag.py:2379} INFO - Sync 2 DAGs
[2023-03-27 21:23:18,530] {logging_mixin.py:115} INFO - [2023-03-27 21:23:18,530] {dag.py:2927} INFO - Setting next_dagrun for example_xcom_args to None, run_after=None
[2023-03-27 21:23:18,530] {logging_mixin.py:115} INFO - [2023-03-27 21:23:18,530] {dag.py:2927} INFO - Setting next_dagrun for example_xcom_args_with_operators to None, run_after=None
[2023-03-27 21:23:18,536] {processor.py:161} INFO - Processing /Users/gabrielroger/Documents/projects/weather-data/.venv/lib/python3.9/site-packages/airflow/example_dags/example_xcomargs.py took 0.342 seconds
[2023-03-27 21:24:03,684] {processor.py:153} INFO - Started process (PID=7494) to work on /Users/gabrielroger/Documents/projects/weather-data/.venv/lib/python3.9/site-packages/airflow/example_dags/example_xcomargs.py
[2023-03-27 21:24:03,684] {processor.py:641} INFO - Processing file /Users/gabrielroger/Documents/projects/weather-data/.venv/lib/python3.9/site-packages/airflow/example_dags/example_xcomargs.py for tasks to queue
[2023-03-27 21:24:03,685] {logging_mixin.py:115} INFO - [2023-03-27 21:24:03,685] {dagbag.py:507} INFO - Filling up the DagBag from /Users/gabrielroger/Documents/projects/weather-data/.venv/lib/python3.9/site-packages/airflow/example_dags/example_xcomargs.py
[2023-03-27 21:24:03,703] {processor.py:651} INFO - DAG(s) dict_keys(['example_xcom_args', 'example_xcom_args_with_operators']) retrieved from /Users/gabrielroger/Documents/projects/weather-data/.venv/lib/python3.9/site-packages/airflow/example_dags/example_xcomargs.py
[2023-03-27 21:24:04,096] {logging_mixin.py:115} INFO - [2023-03-27 21:24:04,095] {dag.py:2379} INFO - Sync 2 DAGs
[2023-03-27 21:24:04,103] {logging_mixin.py:115} INFO - [2023-03-27 21:24:04,103] {dag.py:2927} INFO - Setting next_dagrun for example_xcom_args to None, run_after=None
[2023-03-27 21:24:04,103] {logging_mixin.py:115} INFO - [2023-03-27 21:24:04,103] {dag.py:2927} INFO - Setting next_dagrun for example_xcom_args_with_operators to None, run_after=None
[2023-03-27 21:24:04,109] {processor.py:161} INFO - Processing /Users/gabrielroger/Documents/projects/weather-data/.venv/lib/python3.9/site-packages/airflow/example_dags/example_xcomargs.py took 0.425 seconds
[2023-03-27 21:24:47,934] {processor.py:153} INFO - Started process (PID=7589) to work on /Users/gabrielroger/Documents/projects/weather-data/.venv/lib/python3.9/site-packages/airflow/example_dags/example_xcomargs.py
[2023-03-27 21:24:47,935] {processor.py:641} INFO - Processing file /Users/gabrielroger/Documents/projects/weather-data/.venv/lib/python3.9/site-packages/airflow/example_dags/example_xcomargs.py for tasks to queue
[2023-03-27 21:24:47,935] {logging_mixin.py:115} INFO - [2023-03-27 21:24:47,935] {dagbag.py:507} INFO - Filling up the DagBag from /Users/gabrielroger/Documents/projects/weather-data/.venv/lib/python3.9/site-packages/airflow/example_dags/example_xcomargs.py
[2023-03-27 21:24:47,956] {processor.py:651} INFO - DAG(s) dict_keys(['example_xcom_args', 'example_xcom_args_with_operators']) retrieved from /Users/gabrielroger/Documents/projects/weather-data/.venv/lib/python3.9/site-packages/airflow/example_dags/example_xcomargs.py
[2023-03-27 21:24:48,361] {logging_mixin.py:115} INFO - [2023-03-27 21:24:48,361] {dag.py:2379} INFO - Sync 2 DAGs
[2023-03-27 21:24:48,368] {logging_mixin.py:115} INFO - [2023-03-27 21:24:48,368] {dag.py:2927} INFO - Setting next_dagrun for example_xcom_args to None, run_after=None
[2023-03-27 21:24:48,368] {logging_mixin.py:115} INFO - [2023-03-27 21:24:48,368] {dag.py:2927} INFO - Setting next_dagrun for example_xcom_args_with_operators to None, run_after=None
[2023-03-27 21:24:48,374] {processor.py:161} INFO - Processing /Users/gabrielroger/Documents/projects/weather-data/.venv/lib/python3.9/site-packages/airflow/example_dags/example_xcomargs.py took 0.440 seconds
[2023-03-27 21:25:30,907] {processor.py:153} INFO - Started process (PID=7676) to work on /Users/gabrielroger/Documents/projects/weather-data/.venv/lib/python3.9/site-packages/airflow/example_dags/example_xcomargs.py
[2023-03-27 21:25:30,907] {processor.py:641} INFO - Processing file /Users/gabrielroger/Documents/projects/weather-data/.venv/lib/python3.9/site-packages/airflow/example_dags/example_xcomargs.py for tasks to queue
[2023-03-27 21:25:30,908] {logging_mixin.py:115} INFO - [2023-03-27 21:25:30,908] {dagbag.py:507} INFO - Filling up the DagBag from /Users/gabrielroger/Documents/projects/weather-data/.venv/lib/python3.9/site-packages/airflow/example_dags/example_xcomargs.py
[2023-03-27 21:25:30,926] {processor.py:651} INFO - DAG(s) dict_keys(['example_xcom_args', 'example_xcom_args_with_operators']) retrieved from /Users/gabrielroger/Documents/projects/weather-data/.venv/lib/python3.9/site-packages/airflow/example_dags/example_xcomargs.py
[2023-03-27 21:25:31,242] {logging_mixin.py:115} INFO - [2023-03-27 21:25:31,242] {dag.py:2379} INFO - Sync 2 DAGs
[2023-03-27 21:25:31,249] {logging_mixin.py:115} INFO - [2023-03-27 21:25:31,249] {dag.py:2927} INFO - Setting next_dagrun for example_xcom_args to None, run_after=None
[2023-03-27 21:25:31,249] {logging_mixin.py:115} INFO - [2023-03-27 21:25:31,249] {dag.py:2927} INFO - Setting next_dagrun for example_xcom_args_with_operators to None, run_after=None
[2023-03-27 21:25:31,255] {processor.py:161} INFO - Processing /Users/gabrielroger/Documents/projects/weather-data/.venv/lib/python3.9/site-packages/airflow/example_dags/example_xcomargs.py took 0.348 seconds
[2023-03-27 21:26:14,856] {processor.py:153} INFO - Started process (PID=7752) to work on /Users/gabrielroger/Documents/projects/weather-data/.venv/lib/python3.9/site-packages/airflow/example_dags/example_xcomargs.py
[2023-03-27 21:26:14,856] {processor.py:641} INFO - Processing file /Users/gabrielroger/Documents/projects/weather-data/.venv/lib/python3.9/site-packages/airflow/example_dags/example_xcomargs.py for tasks to queue
[2023-03-27 21:26:14,856] {logging_mixin.py:115} INFO - [2023-03-27 21:26:14,856] {dagbag.py:507} INFO - Filling up the DagBag from /Users/gabrielroger/Documents/projects/weather-data/.venv/lib/python3.9/site-packages/airflow/example_dags/example_xcomargs.py
[2023-03-27 21:26:14,874] {processor.py:651} INFO - DAG(s) dict_keys(['example_xcom_args', 'example_xcom_args_with_operators']) retrieved from /Users/gabrielroger/Documents/projects/weather-data/.venv/lib/python3.9/site-packages/airflow/example_dags/example_xcomargs.py
[2023-03-27 21:26:15,182] {logging_mixin.py:115} INFO - [2023-03-27 21:26:15,182] {dag.py:2379} INFO - Sync 2 DAGs
[2023-03-27 21:26:15,190] {logging_mixin.py:115} INFO - [2023-03-27 21:26:15,189] {dag.py:2927} INFO - Setting next_dagrun for example_xcom_args to None, run_after=None
[2023-03-27 21:26:15,190] {logging_mixin.py:115} INFO - [2023-03-27 21:26:15,190] {dag.py:2927} INFO - Setting next_dagrun for example_xcom_args_with_operators to None, run_after=None
[2023-03-27 21:26:15,196] {processor.py:161} INFO - Processing /Users/gabrielroger/Documents/projects/weather-data/.venv/lib/python3.9/site-packages/airflow/example_dags/example_xcomargs.py took 0.341 seconds
[2023-03-27 21:27:00,635] {processor.py:153} INFO - Started process (PID=7826) to work on /Users/gabrielroger/Documents/projects/weather-data/.venv/lib/python3.9/site-packages/airflow/example_dags/example_xcomargs.py
[2023-03-27 21:27:00,635] {processor.py:641} INFO - Processing file /Users/gabrielroger/Documents/projects/weather-data/.venv/lib/python3.9/site-packages/airflow/example_dags/example_xcomargs.py for tasks to queue
[2023-03-27 21:27:00,635] {logging_mixin.py:115} INFO - [2023-03-27 21:27:00,635] {dagbag.py:507} INFO - Filling up the DagBag from /Users/gabrielroger/Documents/projects/weather-data/.venv/lib/python3.9/site-packages/airflow/example_dags/example_xcomargs.py
[2023-03-27 21:27:00,653] {processor.py:651} INFO - DAG(s) dict_keys(['example_xcom_args', 'example_xcom_args_with_operators']) retrieved from /Users/gabrielroger/Documents/projects/weather-data/.venv/lib/python3.9/site-packages/airflow/example_dags/example_xcomargs.py
[2023-03-27 21:27:00,961] {logging_mixin.py:115} INFO - [2023-03-27 21:27:00,961] {dag.py:2379} INFO - Sync 2 DAGs
[2023-03-27 21:27:00,968] {logging_mixin.py:115} INFO - [2023-03-27 21:27:00,968] {dag.py:2927} INFO - Setting next_dagrun for example_xcom_args to None, run_after=None
[2023-03-27 21:27:00,968] {logging_mixin.py:115} INFO - [2023-03-27 21:27:00,968] {dag.py:2927} INFO - Setting next_dagrun for example_xcom_args_with_operators to None, run_after=None
[2023-03-27 21:27:00,975] {processor.py:161} INFO - Processing /Users/gabrielroger/Documents/projects/weather-data/.venv/lib/python3.9/site-packages/airflow/example_dags/example_xcomargs.py took 0.340 seconds
[2023-03-27 21:27:43,939] {processor.py:153} INFO - Started process (PID=7898) to work on /Users/gabrielroger/Documents/projects/weather-data/.venv/lib/python3.9/site-packages/airflow/example_dags/example_xcomargs.py
[2023-03-27 21:27:43,939] {processor.py:641} INFO - Processing file /Users/gabrielroger/Documents/projects/weather-data/.venv/lib/python3.9/site-packages/airflow/example_dags/example_xcomargs.py for tasks to queue
[2023-03-27 21:27:43,939] {logging_mixin.py:115} INFO - [2023-03-27 21:27:43,939] {dagbag.py:507} INFO - Filling up the DagBag from /Users/gabrielroger/Documents/projects/weather-data/.venv/lib/python3.9/site-packages/airflow/example_dags/example_xcomargs.py
[2023-03-27 21:27:43,957] {processor.py:651} INFO - DAG(s) dict_keys(['example_xcom_args', 'example_xcom_args_with_operators']) retrieved from /Users/gabrielroger/Documents/projects/weather-data/.venv/lib/python3.9/site-packages/airflow/example_dags/example_xcomargs.py
[2023-03-27 21:27:44,260] {logging_mixin.py:115} INFO - [2023-03-27 21:27:44,260] {dag.py:2379} INFO - Sync 2 DAGs
[2023-03-27 21:27:44,267] {logging_mixin.py:115} INFO - [2023-03-27 21:27:44,267] {dag.py:2927} INFO - Setting next_dagrun for example_xcom_args to None, run_after=None
[2023-03-27 21:27:44,267] {logging_mixin.py:115} INFO - [2023-03-27 21:27:44,267] {dag.py:2927} INFO - Setting next_dagrun for example_xcom_args_with_operators to None, run_after=None
[2023-03-27 21:27:44,273] {processor.py:161} INFO - Processing /Users/gabrielroger/Documents/projects/weather-data/.venv/lib/python3.9/site-packages/airflow/example_dags/example_xcomargs.py took 0.335 seconds
[2023-03-27 21:28:27,915] {processor.py:153} INFO - Started process (PID=7974) to work on /Users/gabrielroger/Documents/projects/weather-data/.venv/lib/python3.9/site-packages/airflow/example_dags/example_xcomargs.py
[2023-03-27 21:28:27,915] {processor.py:641} INFO - Processing file /Users/gabrielroger/Documents/projects/weather-data/.venv/lib/python3.9/site-packages/airflow/example_dags/example_xcomargs.py for tasks to queue
[2023-03-27 21:28:27,915] {logging_mixin.py:115} INFO - [2023-03-27 21:28:27,915] {dagbag.py:507} INFO - Filling up the DagBag from /Users/gabrielroger/Documents/projects/weather-data/.venv/lib/python3.9/site-packages/airflow/example_dags/example_xcomargs.py
[2023-03-27 21:28:27,932] {processor.py:651} INFO - DAG(s) dict_keys(['example_xcom_args', 'example_xcom_args_with_operators']) retrieved from /Users/gabrielroger/Documents/projects/weather-data/.venv/lib/python3.9/site-packages/airflow/example_dags/example_xcomargs.py
[2023-03-27 21:28:28,242] {logging_mixin.py:115} INFO - [2023-03-27 21:28:28,242] {dag.py:2379} INFO - Sync 2 DAGs
[2023-03-27 21:28:28,248] {logging_mixin.py:115} INFO - [2023-03-27 21:28:28,248] {dag.py:2927} INFO - Setting next_dagrun for example_xcom_args to None, run_after=None
[2023-03-27 21:28:28,249] {logging_mixin.py:115} INFO - [2023-03-27 21:28:28,249] {dag.py:2927} INFO - Setting next_dagrun for example_xcom_args_with_operators to None, run_after=None
[2023-03-27 21:28:28,255] {processor.py:161} INFO - Processing /Users/gabrielroger/Documents/projects/weather-data/.venv/lib/python3.9/site-packages/airflow/example_dags/example_xcomargs.py took 0.341 seconds
[2023-03-27 21:29:09,860] {processor.py:153} INFO - Started process (PID=8059) to work on /Users/gabrielroger/Documents/projects/weather-data/.venv/lib/python3.9/site-packages/airflow/example_dags/example_xcomargs.py
[2023-03-27 21:29:09,861] {processor.py:641} INFO - Processing file /Users/gabrielroger/Documents/projects/weather-data/.venv/lib/python3.9/site-packages/airflow/example_dags/example_xcomargs.py for tasks to queue
[2023-03-27 21:29:09,861] {logging_mixin.py:115} INFO - [2023-03-27 21:29:09,861] {dagbag.py:507} INFO - Filling up the DagBag from /Users/gabrielroger/Documents/projects/weather-data/.venv/lib/python3.9/site-packages/airflow/example_dags/example_xcomargs.py
[2023-03-27 21:29:09,879] {processor.py:651} INFO - DAG(s) dict_keys(['example_xcom_args', 'example_xcom_args_with_operators']) retrieved from /Users/gabrielroger/Documents/projects/weather-data/.venv/lib/python3.9/site-packages/airflow/example_dags/example_xcomargs.py
[2023-03-27 21:29:10,204] {logging_mixin.py:115} INFO - [2023-03-27 21:29:10,203] {dag.py:2379} INFO - Sync 2 DAGs
[2023-03-27 21:29:10,211] {logging_mixin.py:115} INFO - [2023-03-27 21:29:10,211] {dag.py:2927} INFO - Setting next_dagrun for example_xcom_args to None, run_after=None
[2023-03-27 21:29:10,211] {logging_mixin.py:115} INFO - [2023-03-27 21:29:10,211] {dag.py:2927} INFO - Setting next_dagrun for example_xcom_args_with_operators to None, run_after=None
[2023-03-27 21:29:10,218] {processor.py:161} INFO - Processing /Users/gabrielroger/Documents/projects/weather-data/.venv/lib/python3.9/site-packages/airflow/example_dags/example_xcomargs.py took 0.358 seconds
[2023-03-27 21:29:52,188] {processor.py:153} INFO - Started process (PID=8147) to work on /Users/gabrielroger/Documents/projects/weather-data/.venv/lib/python3.9/site-packages/airflow/example_dags/example_xcomargs.py
[2023-03-27 21:29:52,188] {processor.py:641} INFO - Processing file /Users/gabrielroger/Documents/projects/weather-data/.venv/lib/python3.9/site-packages/airflow/example_dags/example_xcomargs.py for tasks to queue
[2023-03-27 21:29:52,188] {logging_mixin.py:115} INFO - [2023-03-27 21:29:52,188] {dagbag.py:507} INFO - Filling up the DagBag from /Users/gabrielroger/Documents/projects/weather-data/.venv/lib/python3.9/site-packages/airflow/example_dags/example_xcomargs.py
[2023-03-27 21:29:52,206] {processor.py:651} INFO - DAG(s) dict_keys(['example_xcom_args', 'example_xcom_args_with_operators']) retrieved from /Users/gabrielroger/Documents/projects/weather-data/.venv/lib/python3.9/site-packages/airflow/example_dags/example_xcomargs.py
[2023-03-27 21:29:52,516] {logging_mixin.py:115} INFO - [2023-03-27 21:29:52,516] {dag.py:2379} INFO - Sync 2 DAGs
[2023-03-27 21:29:52,523] {logging_mixin.py:115} INFO - [2023-03-27 21:29:52,523] {dag.py:2927} INFO - Setting next_dagrun for example_xcom_args to None, run_after=None
[2023-03-27 21:29:52,523] {logging_mixin.py:115} INFO - [2023-03-27 21:29:52,523] {dag.py:2927} INFO - Setting next_dagrun for example_xcom_args_with_operators to None, run_after=None
[2023-03-27 21:29:52,529] {processor.py:161} INFO - Processing /Users/gabrielroger/Documents/projects/weather-data/.venv/lib/python3.9/site-packages/airflow/example_dags/example_xcomargs.py took 0.342 seconds
[2023-03-27 21:30:35,372] {processor.py:153} INFO - Started process (PID=8234) to work on /Users/gabrielroger/Documents/projects/weather-data/.venv/lib/python3.9/site-packages/airflow/example_dags/example_xcomargs.py
[2023-03-27 21:30:35,372] {processor.py:641} INFO - Processing file /Users/gabrielroger/Documents/projects/weather-data/.venv/lib/python3.9/site-packages/airflow/example_dags/example_xcomargs.py for tasks to queue
[2023-03-27 21:30:35,372] {logging_mixin.py:115} INFO - [2023-03-27 21:30:35,372] {dagbag.py:507} INFO - Filling up the DagBag from /Users/gabrielroger/Documents/projects/weather-data/.venv/lib/python3.9/site-packages/airflow/example_dags/example_xcomargs.py
[2023-03-27 21:30:35,390] {processor.py:651} INFO - DAG(s) dict_keys(['example_xcom_args', 'example_xcom_args_with_operators']) retrieved from /Users/gabrielroger/Documents/projects/weather-data/.venv/lib/python3.9/site-packages/airflow/example_dags/example_xcomargs.py
[2023-03-27 21:30:35,699] {logging_mixin.py:115} INFO - [2023-03-27 21:30:35,699] {dag.py:2379} INFO - Sync 2 DAGs
[2023-03-27 21:30:35,705] {logging_mixin.py:115} INFO - [2023-03-27 21:30:35,705] {dag.py:2927} INFO - Setting next_dagrun for example_xcom_args to None, run_after=None
[2023-03-27 21:30:35,705] {logging_mixin.py:115} INFO - [2023-03-27 21:30:35,705] {dag.py:2927} INFO - Setting next_dagrun for example_xcom_args_with_operators to None, run_after=None
[2023-03-27 21:30:35,712] {processor.py:161} INFO - Processing /Users/gabrielroger/Documents/projects/weather-data/.venv/lib/python3.9/site-packages/airflow/example_dags/example_xcomargs.py took 0.340 seconds
[2023-03-27 21:31:17,682] {processor.py:153} INFO - Started process (PID=8304) to work on /Users/gabrielroger/Documents/projects/weather-data/.venv/lib/python3.9/site-packages/airflow/example_dags/example_xcomargs.py
[2023-03-27 21:31:17,682] {processor.py:641} INFO - Processing file /Users/gabrielroger/Documents/projects/weather-data/.venv/lib/python3.9/site-packages/airflow/example_dags/example_xcomargs.py for tasks to queue
[2023-03-27 21:31:17,682] {logging_mixin.py:115} INFO - [2023-03-27 21:31:17,682] {dagbag.py:507} INFO - Filling up the DagBag from /Users/gabrielroger/Documents/projects/weather-data/.venv/lib/python3.9/site-packages/airflow/example_dags/example_xcomargs.py
[2023-03-27 21:31:17,700] {processor.py:651} INFO - DAG(s) dict_keys(['example_xcom_args', 'example_xcom_args_with_operators']) retrieved from /Users/gabrielroger/Documents/projects/weather-data/.venv/lib/python3.9/site-packages/airflow/example_dags/example_xcomargs.py
[2023-03-27 21:31:18,008] {logging_mixin.py:115} INFO - [2023-03-27 21:31:18,008] {dag.py:2379} INFO - Sync 2 DAGs
[2023-03-27 21:31:18,015] {logging_mixin.py:115} INFO - [2023-03-27 21:31:18,015] {dag.py:2927} INFO - Setting next_dagrun for example_xcom_args to None, run_after=None
[2023-03-27 21:31:18,015] {logging_mixin.py:115} INFO - [2023-03-27 21:31:18,015] {dag.py:2927} INFO - Setting next_dagrun for example_xcom_args_with_operators to None, run_after=None
[2023-03-27 21:31:18,021] {processor.py:161} INFO - Processing /Users/gabrielroger/Documents/projects/weather-data/.venv/lib/python3.9/site-packages/airflow/example_dags/example_xcomargs.py took 0.340 seconds
[2023-03-27 21:32:01,335] {processor.py:153} INFO - Started process (PID=8376) to work on /Users/gabrielroger/Documents/projects/weather-data/.venv/lib/python3.9/site-packages/airflow/example_dags/example_xcomargs.py
[2023-03-27 21:32:01,335] {processor.py:641} INFO - Processing file /Users/gabrielroger/Documents/projects/weather-data/.venv/lib/python3.9/site-packages/airflow/example_dags/example_xcomargs.py for tasks to queue
[2023-03-27 21:32:01,335] {logging_mixin.py:115} INFO - [2023-03-27 21:32:01,335] {dagbag.py:507} INFO - Filling up the DagBag from /Users/gabrielroger/Documents/projects/weather-data/.venv/lib/python3.9/site-packages/airflow/example_dags/example_xcomargs.py
[2023-03-27 21:32:01,353] {processor.py:651} INFO - DAG(s) dict_keys(['example_xcom_args', 'example_xcom_args_with_operators']) retrieved from /Users/gabrielroger/Documents/projects/weather-data/.venv/lib/python3.9/site-packages/airflow/example_dags/example_xcomargs.py
[2023-03-27 21:32:01,661] {logging_mixin.py:115} INFO - [2023-03-27 21:32:01,661] {dag.py:2379} INFO - Sync 2 DAGs
[2023-03-27 21:32:01,668] {logging_mixin.py:115} INFO - [2023-03-27 21:32:01,668] {dag.py:2927} INFO - Setting next_dagrun for example_xcom_args to None, run_after=None
[2023-03-27 21:32:01,668] {logging_mixin.py:115} INFO - [2023-03-27 21:32:01,668] {dag.py:2927} INFO - Setting next_dagrun for example_xcom_args_with_operators to None, run_after=None
[2023-03-27 21:32:01,675] {processor.py:161} INFO - Processing /Users/gabrielroger/Documents/projects/weather-data/.venv/lib/python3.9/site-packages/airflow/example_dags/example_xcomargs.py took 0.340 seconds
[2023-03-27 21:32:45,669] {processor.py:153} INFO - Started process (PID=8450) to work on /Users/gabrielroger/Documents/projects/weather-data/.venv/lib/python3.9/site-packages/airflow/example_dags/example_xcomargs.py
[2023-03-27 21:32:45,669] {processor.py:641} INFO - Processing file /Users/gabrielroger/Documents/projects/weather-data/.venv/lib/python3.9/site-packages/airflow/example_dags/example_xcomargs.py for tasks to queue
[2023-03-27 21:32:45,669] {logging_mixin.py:115} INFO - [2023-03-27 21:32:45,669] {dagbag.py:507} INFO - Filling up the DagBag from /Users/gabrielroger/Documents/projects/weather-data/.venv/lib/python3.9/site-packages/airflow/example_dags/example_xcomargs.py
[2023-03-27 21:32:45,687] {processor.py:651} INFO - DAG(s) dict_keys(['example_xcom_args', 'example_xcom_args_with_operators']) retrieved from /Users/gabrielroger/Documents/projects/weather-data/.venv/lib/python3.9/site-packages/airflow/example_dags/example_xcomargs.py
[2023-03-27 21:32:45,997] {logging_mixin.py:115} INFO - [2023-03-27 21:32:45,996] {dag.py:2379} INFO - Sync 2 DAGs
[2023-03-27 21:32:46,003] {logging_mixin.py:115} INFO - [2023-03-27 21:32:46,003] {dag.py:2927} INFO - Setting next_dagrun for example_xcom_args to None, run_after=None
[2023-03-27 21:32:46,003] {logging_mixin.py:115} INFO - [2023-03-27 21:32:46,003] {dag.py:2927} INFO - Setting next_dagrun for example_xcom_args_with_operators to None, run_after=None
[2023-03-27 21:32:46,010] {processor.py:161} INFO - Processing /Users/gabrielroger/Documents/projects/weather-data/.venv/lib/python3.9/site-packages/airflow/example_dags/example_xcomargs.py took 0.341 seconds
[2023-03-27 21:33:31,386] {processor.py:153} INFO - Started process (PID=8524) to work on /Users/gabrielroger/Documents/projects/weather-data/.venv/lib/python3.9/site-packages/airflow/example_dags/example_xcomargs.py
[2023-03-27 21:33:31,386] {processor.py:641} INFO - Processing file /Users/gabrielroger/Documents/projects/weather-data/.venv/lib/python3.9/site-packages/airflow/example_dags/example_xcomargs.py for tasks to queue
[2023-03-27 21:33:31,386] {logging_mixin.py:115} INFO - [2023-03-27 21:33:31,386] {dagbag.py:507} INFO - Filling up the DagBag from /Users/gabrielroger/Documents/projects/weather-data/.venv/lib/python3.9/site-packages/airflow/example_dags/example_xcomargs.py
[2023-03-27 21:33:31,404] {processor.py:651} INFO - DAG(s) dict_keys(['example_xcom_args', 'example_xcom_args_with_operators']) retrieved from /Users/gabrielroger/Documents/projects/weather-data/.venv/lib/python3.9/site-packages/airflow/example_dags/example_xcomargs.py
[2023-03-27 21:33:31,713] {logging_mixin.py:115} INFO - [2023-03-27 21:33:31,713] {dag.py:2379} INFO - Sync 2 DAGs
[2023-03-27 21:33:31,720] {logging_mixin.py:115} INFO - [2023-03-27 21:33:31,720] {dag.py:2927} INFO - Setting next_dagrun for example_xcom_args to None, run_after=None
[2023-03-27 21:33:31,720] {logging_mixin.py:115} INFO - [2023-03-27 21:33:31,720] {dag.py:2927} INFO - Setting next_dagrun for example_xcom_args_with_operators to None, run_after=None
[2023-03-27 21:33:31,726] {processor.py:161} INFO - Processing /Users/gabrielroger/Documents/projects/weather-data/.venv/lib/python3.9/site-packages/airflow/example_dags/example_xcomargs.py took 0.341 seconds
[2023-03-27 21:34:15,859] {processor.py:153} INFO - Started process (PID=8603) to work on /Users/gabrielroger/Documents/projects/weather-data/.venv/lib/python3.9/site-packages/airflow/example_dags/example_xcomargs.py
[2023-03-27 21:34:15,859] {processor.py:641} INFO - Processing file /Users/gabrielroger/Documents/projects/weather-data/.venv/lib/python3.9/site-packages/airflow/example_dags/example_xcomargs.py for tasks to queue
[2023-03-27 21:34:15,859] {logging_mixin.py:115} INFO - [2023-03-27 21:34:15,859] {dagbag.py:507} INFO - Filling up the DagBag from /Users/gabrielroger/Documents/projects/weather-data/.venv/lib/python3.9/site-packages/airflow/example_dags/example_xcomargs.py
[2023-03-27 21:34:15,877] {processor.py:651} INFO - DAG(s) dict_keys(['example_xcom_args', 'example_xcom_args_with_operators']) retrieved from /Users/gabrielroger/Documents/projects/weather-data/.venv/lib/python3.9/site-packages/airflow/example_dags/example_xcomargs.py
[2023-03-27 21:34:16,193] {logging_mixin.py:115} INFO - [2023-03-27 21:34:16,192] {dag.py:2379} INFO - Sync 2 DAGs
[2023-03-27 21:34:16,199] {logging_mixin.py:115} INFO - [2023-03-27 21:34:16,199] {dag.py:2927} INFO - Setting next_dagrun for example_xcom_args to None, run_after=None
[2023-03-27 21:34:16,199] {logging_mixin.py:115} INFO - [2023-03-27 21:34:16,199] {dag.py:2927} INFO - Setting next_dagrun for example_xcom_args_with_operators to None, run_after=None
[2023-03-27 21:34:16,205] {processor.py:161} INFO - Processing /Users/gabrielroger/Documents/projects/weather-data/.venv/lib/python3.9/site-packages/airflow/example_dags/example_xcomargs.py took 0.347 seconds
[2023-03-27 21:59:43,123] {processor.py:153} INFO - Started process (PID=8732) to work on /Users/gabrielroger/Documents/projects/weather-data/.venv/lib/python3.9/site-packages/airflow/example_dags/example_xcomargs.py
[2023-03-27 21:59:43,124] {processor.py:641} INFO - Processing file /Users/gabrielroger/Documents/projects/weather-data/.venv/lib/python3.9/site-packages/airflow/example_dags/example_xcomargs.py for tasks to queue
[2023-03-27 21:59:43,124] {logging_mixin.py:115} INFO - [2023-03-27 21:59:43,124] {dagbag.py:507} INFO - Filling up the DagBag from /Users/gabrielroger/Documents/projects/weather-data/.venv/lib/python3.9/site-packages/airflow/example_dags/example_xcomargs.py
[2023-03-27 21:59:43,142] {processor.py:651} INFO - DAG(s) dict_keys(['example_xcom_args', 'example_xcom_args_with_operators']) retrieved from /Users/gabrielroger/Documents/projects/weather-data/.venv/lib/python3.9/site-packages/airflow/example_dags/example_xcomargs.py
[2023-03-27 21:59:43,448] {logging_mixin.py:115} INFO - [2023-03-27 21:59:43,448] {dag.py:2379} INFO - Sync 2 DAGs
[2023-03-27 21:59:43,455] {logging_mixin.py:115} INFO - [2023-03-27 21:59:43,455] {dag.py:2927} INFO - Setting next_dagrun for example_xcom_args to None, run_after=None
[2023-03-27 21:59:43,455] {logging_mixin.py:115} INFO - [2023-03-27 21:59:43,455] {dag.py:2927} INFO - Setting next_dagrun for example_xcom_args_with_operators to None, run_after=None
[2023-03-27 21:59:43,461] {processor.py:161} INFO - Processing /Users/gabrielroger/Documents/projects/weather-data/.venv/lib/python3.9/site-packages/airflow/example_dags/example_xcomargs.py took 0.338 seconds
[2023-03-27 22:00:28,742] {processor.py:153} INFO - Started process (PID=8820) to work on /Users/gabrielroger/Documents/projects/weather-data/.venv/lib/python3.9/site-packages/airflow/example_dags/example_xcomargs.py
[2023-03-27 22:00:28,743] {processor.py:641} INFO - Processing file /Users/gabrielroger/Documents/projects/weather-data/.venv/lib/python3.9/site-packages/airflow/example_dags/example_xcomargs.py for tasks to queue
[2023-03-27 22:00:28,743] {logging_mixin.py:115} INFO - [2023-03-27 22:00:28,743] {dagbag.py:507} INFO - Filling up the DagBag from /Users/gabrielroger/Documents/projects/weather-data/.venv/lib/python3.9/site-packages/airflow/example_dags/example_xcomargs.py
[2023-03-27 22:00:28,761] {processor.py:651} INFO - DAG(s) dict_keys(['example_xcom_args', 'example_xcom_args_with_operators']) retrieved from /Users/gabrielroger/Documents/projects/weather-data/.venv/lib/python3.9/site-packages/airflow/example_dags/example_xcomargs.py
[2023-03-27 22:00:29,064] {logging_mixin.py:115} INFO - [2023-03-27 22:00:29,064] {dag.py:2379} INFO - Sync 2 DAGs
[2023-03-27 22:00:29,071] {logging_mixin.py:115} INFO - [2023-03-27 22:00:29,071] {dag.py:2927} INFO - Setting next_dagrun for example_xcom_args to None, run_after=None
[2023-03-27 22:00:29,071] {logging_mixin.py:115} INFO - [2023-03-27 22:00:29,071] {dag.py:2927} INFO - Setting next_dagrun for example_xcom_args_with_operators to None, run_after=None
[2023-03-27 22:00:29,077] {processor.py:161} INFO - Processing /Users/gabrielroger/Documents/projects/weather-data/.venv/lib/python3.9/site-packages/airflow/example_dags/example_xcomargs.py took 0.336 seconds
[2023-03-27 22:08:12,816] {processor.py:153} INFO - Started process (PID=8873) to work on /Users/gabrielroger/Documents/projects/weather-data/.venv/lib/python3.9/site-packages/airflow/example_dags/example_xcomargs.py
[2023-03-27 22:08:12,817] {processor.py:641} INFO - Processing file /Users/gabrielroger/Documents/projects/weather-data/.venv/lib/python3.9/site-packages/airflow/example_dags/example_xcomargs.py for tasks to queue
[2023-03-27 22:08:12,817] {logging_mixin.py:115} INFO - [2023-03-27 22:08:12,817] {dagbag.py:507} INFO - Filling up the DagBag from /Users/gabrielroger/Documents/projects/weather-data/.venv/lib/python3.9/site-packages/airflow/example_dags/example_xcomargs.py
[2023-03-27 22:08:12,837] {processor.py:651} INFO - DAG(s) dict_keys(['example_xcom_args', 'example_xcom_args_with_operators']) retrieved from /Users/gabrielroger/Documents/projects/weather-data/.venv/lib/python3.9/site-packages/airflow/example_dags/example_xcomargs.py
[2023-03-27 22:08:13,176] {logging_mixin.py:115} INFO - [2023-03-27 22:08:13,175] {dag.py:2379} INFO - Sync 2 DAGs
[2023-03-27 22:08:13,182] {logging_mixin.py:115} INFO - [2023-03-27 22:08:13,182] {dag.py:2927} INFO - Setting next_dagrun for example_xcom_args to None, run_after=None
[2023-03-27 22:08:13,182] {logging_mixin.py:115} INFO - [2023-03-27 22:08:13,182] {dag.py:2927} INFO - Setting next_dagrun for example_xcom_args_with_operators to None, run_after=None
[2023-03-27 22:08:13,188] {processor.py:161} INFO - Processing /Users/gabrielroger/Documents/projects/weather-data/.venv/lib/python3.9/site-packages/airflow/example_dags/example_xcomargs.py took 0.372 seconds
[2023-03-27 23:12:11,228] {processor.py:153} INFO - Started process (PID=8984) to work on /Users/gabrielroger/Documents/projects/weather-data/.venv/lib/python3.9/site-packages/airflow/example_dags/example_xcomargs.py
[2023-03-27 23:12:11,229] {processor.py:641} INFO - Processing file /Users/gabrielroger/Documents/projects/weather-data/.venv/lib/python3.9/site-packages/airflow/example_dags/example_xcomargs.py for tasks to queue
[2023-03-27 23:12:11,229] {logging_mixin.py:115} INFO - [2023-03-27 23:12:11,229] {dagbag.py:507} INFO - Filling up the DagBag from /Users/gabrielroger/Documents/projects/weather-data/.venv/lib/python3.9/site-packages/airflow/example_dags/example_xcomargs.py
[2023-03-27 23:12:11,247] {processor.py:651} INFO - DAG(s) dict_keys(['example_xcom_args', 'example_xcom_args_with_operators']) retrieved from /Users/gabrielroger/Documents/projects/weather-data/.venv/lib/python3.9/site-packages/airflow/example_dags/example_xcomargs.py
[2023-03-27 23:12:11,553] {logging_mixin.py:115} INFO - [2023-03-27 23:12:11,553] {dag.py:2379} INFO - Sync 2 DAGs
[2023-03-27 23:12:11,559] {logging_mixin.py:115} INFO - [2023-03-27 23:12:11,559] {dag.py:2927} INFO - Setting next_dagrun for example_xcom_args to None, run_after=None
[2023-03-27 23:12:11,559] {logging_mixin.py:115} INFO - [2023-03-27 23:12:11,559] {dag.py:2927} INFO - Setting next_dagrun for example_xcom_args_with_operators to None, run_after=None
[2023-03-27 23:12:11,566] {processor.py:161} INFO - Processing /Users/gabrielroger/Documents/projects/weather-data/.venv/lib/python3.9/site-packages/airflow/example_dags/example_xcomargs.py took 0.338 seconds
