[2023-03-27 21:10:00,440] {processor.py:153} INFO - Started process (PID=6076) to work on /Users/gabrielroger/Documents/projects/weather-data/.venv/lib/python3.9/site-packages/airflow/example_dags/example_short_circuit_operator.py
[2023-03-27 21:10:00,440] {processor.py:641} INFO - Processing file /Users/gabrielroger/Documents/projects/weather-data/.venv/lib/python3.9/site-packages/airflow/example_dags/example_short_circuit_operator.py for tasks to queue
[2023-03-27 21:10:00,440] {logging_mixin.py:115} INFO - [2023-03-27 21:10:00,440] {dagbag.py:507} INFO - Filling up the DagBag from /Users/gabrielroger/Documents/projects/weather-data/.venv/lib/python3.9/site-packages/airflow/example_dags/example_short_circuit_operator.py
[2023-03-27 21:10:00,454] {processor.py:651} INFO - DAG(s) dict_keys(['example_short_circuit_operator']) retrieved from /Users/gabrielroger/Documents/projects/weather-data/.venv/lib/python3.9/site-packages/airflow/example_dags/example_short_circuit_operator.py
[2023-03-27 21:10:00,485] {logging_mixin.py:115} INFO - [2023-03-27 21:10:00,485] {dag.py:2379} INFO - Sync 1 DAGs
[2023-03-27 21:10:00,492] {logging_mixin.py:115} INFO - [2023-03-27 21:10:00,492] {dag.py:2927} INFO - Setting next_dagrun for example_short_circuit_operator to 2023-03-27T00:10:00.492685+00:00, run_after=2023-03-28T00:10:00.492685+00:00
[2023-03-27 21:10:00,498] {processor.py:161} INFO - Processing /Users/gabrielroger/Documents/projects/weather-data/.venv/lib/python3.9/site-packages/airflow/example_dags/example_short_circuit_operator.py took 0.058 seconds
[2023-03-27 21:10:52,032] {processor.py:153} INFO - Started process (PID=6164) to work on /Users/gabrielroger/Documents/projects/weather-data/.venv/lib/python3.9/site-packages/airflow/example_dags/example_short_circuit_operator.py
[2023-03-27 21:10:52,033] {processor.py:641} INFO - Processing file /Users/gabrielroger/Documents/projects/weather-data/.venv/lib/python3.9/site-packages/airflow/example_dags/example_short_circuit_operator.py for tasks to queue
[2023-03-27 21:10:52,033] {logging_mixin.py:115} INFO - [2023-03-27 21:10:52,033] {dagbag.py:507} INFO - Filling up the DagBag from /Users/gabrielroger/Documents/projects/weather-data/.venv/lib/python3.9/site-packages/airflow/example_dags/example_short_circuit_operator.py
[2023-03-27 21:10:52,047] {processor.py:651} INFO - DAG(s) dict_keys(['example_short_circuit_operator']) retrieved from /Users/gabrielroger/Documents/projects/weather-data/.venv/lib/python3.9/site-packages/airflow/example_dags/example_short_circuit_operator.py
[2023-03-27 21:10:52,078] {logging_mixin.py:115} INFO - [2023-03-27 21:10:52,078] {dag.py:2379} INFO - Sync 1 DAGs
[2023-03-27 21:10:52,086] {logging_mixin.py:115} INFO - [2023-03-27 21:10:52,086] {dag.py:2927} INFO - Setting next_dagrun for example_short_circuit_operator to 2023-03-27T00:10:52.086072+00:00, run_after=2023-03-28T00:10:52.086072+00:00
[2023-03-27 21:10:52,091] {processor.py:161} INFO - Processing /Users/gabrielroger/Documents/projects/weather-data/.venv/lib/python3.9/site-packages/airflow/example_dags/example_short_circuit_operator.py took 0.060 seconds
[2023-03-27 21:11:43,654] {processor.py:153} INFO - Started process (PID=6256) to work on /Users/gabrielroger/Documents/projects/weather-data/.venv/lib/python3.9/site-packages/airflow/example_dags/example_short_circuit_operator.py
[2023-03-27 21:11:43,655] {processor.py:641} INFO - Processing file /Users/gabrielroger/Documents/projects/weather-data/.venv/lib/python3.9/site-packages/airflow/example_dags/example_short_circuit_operator.py for tasks to queue
[2023-03-27 21:11:43,655] {logging_mixin.py:115} INFO - [2023-03-27 21:11:43,655] {dagbag.py:507} INFO - Filling up the DagBag from /Users/gabrielroger/Documents/projects/weather-data/.venv/lib/python3.9/site-packages/airflow/example_dags/example_short_circuit_operator.py
[2023-03-27 21:11:43,669] {processor.py:651} INFO - DAG(s) dict_keys(['example_short_circuit_operator']) retrieved from /Users/gabrielroger/Documents/projects/weather-data/.venv/lib/python3.9/site-packages/airflow/example_dags/example_short_circuit_operator.py
[2023-03-27 21:11:43,702] {logging_mixin.py:115} INFO - [2023-03-27 21:11:43,701] {dag.py:2379} INFO - Sync 1 DAGs
[2023-03-27 21:11:43,709] {logging_mixin.py:115} INFO - [2023-03-27 21:11:43,709] {dag.py:2927} INFO - Setting next_dagrun for example_short_circuit_operator to 2023-03-27T00:11:43.709217+00:00, run_after=2023-03-28T00:11:43.709217+00:00
[2023-03-27 21:11:43,714] {processor.py:161} INFO - Processing /Users/gabrielroger/Documents/projects/weather-data/.venv/lib/python3.9/site-packages/airflow/example_dags/example_short_circuit_operator.py took 0.061 seconds
[2023-03-27 21:12:30,555] {processor.py:153} INFO - Started process (PID=6330) to work on /Users/gabrielroger/Documents/projects/weather-data/.venv/lib/python3.9/site-packages/airflow/example_dags/example_short_circuit_operator.py
[2023-03-27 21:12:30,555] {processor.py:641} INFO - Processing file /Users/gabrielroger/Documents/projects/weather-data/.venv/lib/python3.9/site-packages/airflow/example_dags/example_short_circuit_operator.py for tasks to queue
[2023-03-27 21:12:30,556] {logging_mixin.py:115} INFO - [2023-03-27 21:12:30,556] {dagbag.py:507} INFO - Filling up the DagBag from /Users/gabrielroger/Documents/projects/weather-data/.venv/lib/python3.9/site-packages/airflow/example_dags/example_short_circuit_operator.py
[2023-03-27 21:12:30,570] {processor.py:651} INFO - DAG(s) dict_keys(['example_short_circuit_operator']) retrieved from /Users/gabrielroger/Documents/projects/weather-data/.venv/lib/python3.9/site-packages/airflow/example_dags/example_short_circuit_operator.py
[2023-03-27 21:12:30,601] {logging_mixin.py:115} INFO - [2023-03-27 21:12:30,601] {dag.py:2379} INFO - Sync 1 DAGs
[2023-03-27 21:12:30,608] {logging_mixin.py:115} INFO - [2023-03-27 21:12:30,608] {dag.py:2927} INFO - Setting next_dagrun for example_short_circuit_operator to 2023-03-27T00:12:30.608512+00:00, run_after=2023-03-28T00:12:30.608512+00:00
[2023-03-27 21:12:30,614] {processor.py:161} INFO - Processing /Users/gabrielroger/Documents/projects/weather-data/.venv/lib/python3.9/site-packages/airflow/example_dags/example_short_circuit_operator.py took 0.059 seconds
[2023-03-27 21:13:17,608] {processor.py:153} INFO - Started process (PID=6407) to work on /Users/gabrielroger/Documents/projects/weather-data/.venv/lib/python3.9/site-packages/airflow/example_dags/example_short_circuit_operator.py
[2023-03-27 21:13:17,608] {processor.py:641} INFO - Processing file /Users/gabrielroger/Documents/projects/weather-data/.venv/lib/python3.9/site-packages/airflow/example_dags/example_short_circuit_operator.py for tasks to queue
[2023-03-27 21:13:17,608] {logging_mixin.py:115} INFO - [2023-03-27 21:13:17,608] {dagbag.py:507} INFO - Filling up the DagBag from /Users/gabrielroger/Documents/projects/weather-data/.venv/lib/python3.9/site-packages/airflow/example_dags/example_short_circuit_operator.py
[2023-03-27 21:13:17,622] {processor.py:651} INFO - DAG(s) dict_keys(['example_short_circuit_operator']) retrieved from /Users/gabrielroger/Documents/projects/weather-data/.venv/lib/python3.9/site-packages/airflow/example_dags/example_short_circuit_operator.py
[2023-03-27 21:13:17,653] {logging_mixin.py:115} INFO - [2023-03-27 21:13:17,653] {dag.py:2379} INFO - Sync 1 DAGs
[2023-03-27 21:13:17,660] {logging_mixin.py:115} INFO - [2023-03-27 21:13:17,660] {dag.py:2927} INFO - Setting next_dagrun for example_short_circuit_operator to 2023-03-27T00:13:17.660585+00:00, run_after=2023-03-28T00:13:17.660585+00:00
[2023-03-27 21:13:17,665] {processor.py:161} INFO - Processing /Users/gabrielroger/Documents/projects/weather-data/.venv/lib/python3.9/site-packages/airflow/example_dags/example_short_circuit_operator.py took 0.058 seconds
[2023-03-27 21:14:01,996] {processor.py:153} INFO - Started process (PID=6486) to work on /Users/gabrielroger/Documents/projects/weather-data/.venv/lib/python3.9/site-packages/airflow/example_dags/example_short_circuit_operator.py
[2023-03-27 21:14:01,997] {processor.py:641} INFO - Processing file /Users/gabrielroger/Documents/projects/weather-data/.venv/lib/python3.9/site-packages/airflow/example_dags/example_short_circuit_operator.py for tasks to queue
[2023-03-27 21:14:01,997] {logging_mixin.py:115} INFO - [2023-03-27 21:14:01,997] {dagbag.py:507} INFO - Filling up the DagBag from /Users/gabrielroger/Documents/projects/weather-data/.venv/lib/python3.9/site-packages/airflow/example_dags/example_short_circuit_operator.py
[2023-03-27 21:14:02,011] {processor.py:651} INFO - DAG(s) dict_keys(['example_short_circuit_operator']) retrieved from /Users/gabrielroger/Documents/projects/weather-data/.venv/lib/python3.9/site-packages/airflow/example_dags/example_short_circuit_operator.py
[2023-03-27 21:14:02,042] {logging_mixin.py:115} INFO - [2023-03-27 21:14:02,042] {dag.py:2379} INFO - Sync 1 DAGs
[2023-03-27 21:14:02,049] {logging_mixin.py:115} INFO - [2023-03-27 21:14:02,049] {dag.py:2927} INFO - Setting next_dagrun for example_short_circuit_operator to 2023-03-27T00:14:02.049451+00:00, run_after=2023-03-28T00:14:02.049451+00:00
[2023-03-27 21:14:02,054] {processor.py:161} INFO - Processing /Users/gabrielroger/Documents/projects/weather-data/.venv/lib/python3.9/site-packages/airflow/example_dags/example_short_circuit_operator.py took 0.059 seconds
[2023-03-27 21:15:00,297] {processor.py:153} INFO - Started process (PID=6584) to work on /Users/gabrielroger/Documents/projects/weather-data/.venv/lib/python3.9/site-packages/airflow/example_dags/example_short_circuit_operator.py
[2023-03-27 21:15:00,298] {processor.py:641} INFO - Processing file /Users/gabrielroger/Documents/projects/weather-data/.venv/lib/python3.9/site-packages/airflow/example_dags/example_short_circuit_operator.py for tasks to queue
[2023-03-27 21:15:00,298] {logging_mixin.py:115} INFO - [2023-03-27 21:15:00,298] {dagbag.py:507} INFO - Filling up the DagBag from /Users/gabrielroger/Documents/projects/weather-data/.venv/lib/python3.9/site-packages/airflow/example_dags/example_short_circuit_operator.py
[2023-03-27 21:15:00,312] {processor.py:651} INFO - DAG(s) dict_keys(['example_short_circuit_operator']) retrieved from /Users/gabrielroger/Documents/projects/weather-data/.venv/lib/python3.9/site-packages/airflow/example_dags/example_short_circuit_operator.py
[2023-03-27 21:15:00,343] {logging_mixin.py:115} INFO - [2023-03-27 21:15:00,343] {dag.py:2379} INFO - Sync 1 DAGs
[2023-03-27 21:15:00,350] {logging_mixin.py:115} INFO - [2023-03-27 21:15:00,350] {dag.py:2927} INFO - Setting next_dagrun for example_short_circuit_operator to 2023-03-27T00:15:00.350299+00:00, run_after=2023-03-28T00:15:00.350299+00:00
[2023-03-27 21:15:00,355] {processor.py:161} INFO - Processing /Users/gabrielroger/Documents/projects/weather-data/.venv/lib/python3.9/site-packages/airflow/example_dags/example_short_circuit_operator.py took 0.058 seconds
[2023-03-27 21:15:45,098] {processor.py:153} INFO - Started process (PID=6658) to work on /Users/gabrielroger/Documents/projects/weather-data/.venv/lib/python3.9/site-packages/airflow/example_dags/example_short_circuit_operator.py
[2023-03-27 21:15:45,099] {processor.py:641} INFO - Processing file /Users/gabrielroger/Documents/projects/weather-data/.venv/lib/python3.9/site-packages/airflow/example_dags/example_short_circuit_operator.py for tasks to queue
[2023-03-27 21:15:45,099] {logging_mixin.py:115} INFO - [2023-03-27 21:15:45,099] {dagbag.py:507} INFO - Filling up the DagBag from /Users/gabrielroger/Documents/projects/weather-data/.venv/lib/python3.9/site-packages/airflow/example_dags/example_short_circuit_operator.py
[2023-03-27 21:15:45,113] {processor.py:651} INFO - DAG(s) dict_keys(['example_short_circuit_operator']) retrieved from /Users/gabrielroger/Documents/projects/weather-data/.venv/lib/python3.9/site-packages/airflow/example_dags/example_short_circuit_operator.py
[2023-03-27 21:15:45,143] {logging_mixin.py:115} INFO - [2023-03-27 21:15:45,143] {dag.py:2379} INFO - Sync 1 DAGs
[2023-03-27 21:15:45,150] {logging_mixin.py:115} INFO - [2023-03-27 21:15:45,150] {dag.py:2927} INFO - Setting next_dagrun for example_short_circuit_operator to 2023-03-27T00:15:45.150552+00:00, run_after=2023-03-28T00:15:45.150552+00:00
[2023-03-27 21:15:45,155] {processor.py:161} INFO - Processing /Users/gabrielroger/Documents/projects/weather-data/.venv/lib/python3.9/site-packages/airflow/example_dags/example_short_circuit_operator.py took 0.057 seconds
[2023-03-27 21:16:29,458] {processor.py:153} INFO - Started process (PID=6730) to work on /Users/gabrielroger/Documents/projects/weather-data/.venv/lib/python3.9/site-packages/airflow/example_dags/example_short_circuit_operator.py
[2023-03-27 21:16:29,458] {processor.py:641} INFO - Processing file /Users/gabrielroger/Documents/projects/weather-data/.venv/lib/python3.9/site-packages/airflow/example_dags/example_short_circuit_operator.py for tasks to queue
[2023-03-27 21:16:29,459] {logging_mixin.py:115} INFO - [2023-03-27 21:16:29,459] {dagbag.py:507} INFO - Filling up the DagBag from /Users/gabrielroger/Documents/projects/weather-data/.venv/lib/python3.9/site-packages/airflow/example_dags/example_short_circuit_operator.py
[2023-03-27 21:16:29,473] {processor.py:651} INFO - DAG(s) dict_keys(['example_short_circuit_operator']) retrieved from /Users/gabrielroger/Documents/projects/weather-data/.venv/lib/python3.9/site-packages/airflow/example_dags/example_short_circuit_operator.py
[2023-03-27 21:16:29,504] {logging_mixin.py:115} INFO - [2023-03-27 21:16:29,504] {dag.py:2379} INFO - Sync 1 DAGs
[2023-03-27 21:16:29,511] {logging_mixin.py:115} INFO - [2023-03-27 21:16:29,511] {dag.py:2927} INFO - Setting next_dagrun for example_short_circuit_operator to 2023-03-27T00:16:29.511272+00:00, run_after=2023-03-28T00:16:29.511272+00:00
[2023-03-27 21:16:29,516] {processor.py:161} INFO - Processing /Users/gabrielroger/Documents/projects/weather-data/.venv/lib/python3.9/site-packages/airflow/example_dags/example_short_circuit_operator.py took 0.058 seconds
[2023-03-27 21:17:14,078] {processor.py:153} INFO - Started process (PID=6804) to work on /Users/gabrielroger/Documents/projects/weather-data/.venv/lib/python3.9/site-packages/airflow/example_dags/example_short_circuit_operator.py
[2023-03-27 21:17:14,078] {processor.py:641} INFO - Processing file /Users/gabrielroger/Documents/projects/weather-data/.venv/lib/python3.9/site-packages/airflow/example_dags/example_short_circuit_operator.py for tasks to queue
[2023-03-27 21:17:14,078] {logging_mixin.py:115} INFO - [2023-03-27 21:17:14,078] {dagbag.py:507} INFO - Filling up the DagBag from /Users/gabrielroger/Documents/projects/weather-data/.venv/lib/python3.9/site-packages/airflow/example_dags/example_short_circuit_operator.py
[2023-03-27 21:17:14,092] {processor.py:651} INFO - DAG(s) dict_keys(['example_short_circuit_operator']) retrieved from /Users/gabrielroger/Documents/projects/weather-data/.venv/lib/python3.9/site-packages/airflow/example_dags/example_short_circuit_operator.py
[2023-03-27 21:17:14,123] {logging_mixin.py:115} INFO - [2023-03-27 21:17:14,123] {dag.py:2379} INFO - Sync 1 DAGs
[2023-03-27 21:17:14,130] {logging_mixin.py:115} INFO - [2023-03-27 21:17:14,130] {dag.py:2927} INFO - Setting next_dagrun for example_short_circuit_operator to 2023-03-27T00:17:14.130298+00:00, run_after=2023-03-28T00:17:14.130298+00:00
[2023-03-27 21:17:14,135] {processor.py:161} INFO - Processing /Users/gabrielroger/Documents/projects/weather-data/.venv/lib/python3.9/site-packages/airflow/example_dags/example_short_circuit_operator.py took 0.058 seconds
[2023-03-27 21:18:17,252] {processor.py:153} INFO - Started process (PID=6910) to work on /Users/gabrielroger/Documents/projects/weather-data/.venv/lib/python3.9/site-packages/airflow/example_dags/example_short_circuit_operator.py
[2023-03-27 21:18:17,253] {processor.py:641} INFO - Processing file /Users/gabrielroger/Documents/projects/weather-data/.venv/lib/python3.9/site-packages/airflow/example_dags/example_short_circuit_operator.py for tasks to queue
[2023-03-27 21:18:17,253] {logging_mixin.py:115} INFO - [2023-03-27 21:18:17,253] {dagbag.py:507} INFO - Filling up the DagBag from /Users/gabrielroger/Documents/projects/weather-data/.venv/lib/python3.9/site-packages/airflow/example_dags/example_short_circuit_operator.py
[2023-03-27 21:18:17,268] {processor.py:651} INFO - DAG(s) dict_keys(['example_short_circuit_operator']) retrieved from /Users/gabrielroger/Documents/projects/weather-data/.venv/lib/python3.9/site-packages/airflow/example_dags/example_short_circuit_operator.py
[2023-03-27 21:18:17,298] {logging_mixin.py:115} INFO - [2023-03-27 21:18:17,298] {dag.py:2379} INFO - Sync 1 DAGs
[2023-03-27 21:18:17,305] {logging_mixin.py:115} INFO - [2023-03-27 21:18:17,305] {dag.py:2927} INFO - Setting next_dagrun for example_short_circuit_operator to 2023-03-27T00:18:17.305215+00:00, run_after=2023-03-28T00:18:17.305215+00:00
[2023-03-27 21:18:17,310] {processor.py:161} INFO - Processing /Users/gabrielroger/Documents/projects/weather-data/.venv/lib/python3.9/site-packages/airflow/example_dags/example_short_circuit_operator.py took 0.058 seconds
[2023-03-27 21:19:02,670] {processor.py:153} INFO - Started process (PID=6990) to work on /Users/gabrielroger/Documents/projects/weather-data/.venv/lib/python3.9/site-packages/airflow/example_dags/example_short_circuit_operator.py
[2023-03-27 21:19:02,671] {processor.py:641} INFO - Processing file /Users/gabrielroger/Documents/projects/weather-data/.venv/lib/python3.9/site-packages/airflow/example_dags/example_short_circuit_operator.py for tasks to queue
[2023-03-27 21:19:02,671] {logging_mixin.py:115} INFO - [2023-03-27 21:19:02,671] {dagbag.py:507} INFO - Filling up the DagBag from /Users/gabrielroger/Documents/projects/weather-data/.venv/lib/python3.9/site-packages/airflow/example_dags/example_short_circuit_operator.py
[2023-03-27 21:19:02,685] {processor.py:651} INFO - DAG(s) dict_keys(['example_short_circuit_operator']) retrieved from /Users/gabrielroger/Documents/projects/weather-data/.venv/lib/python3.9/site-packages/airflow/example_dags/example_short_circuit_operator.py
[2023-03-27 21:19:02,715] {logging_mixin.py:115} INFO - [2023-03-27 21:19:02,715] {dag.py:2379} INFO - Sync 1 DAGs
[2023-03-27 21:19:02,722] {logging_mixin.py:115} INFO - [2023-03-27 21:19:02,722] {dag.py:2927} INFO - Setting next_dagrun for example_short_circuit_operator to 2023-03-27T00:19:02.722637+00:00, run_after=2023-03-28T00:19:02.722637+00:00
[2023-03-27 21:19:02,727] {processor.py:161} INFO - Processing /Users/gabrielroger/Documents/projects/weather-data/.venv/lib/python3.9/site-packages/airflow/example_dags/example_short_circuit_operator.py took 0.058 seconds
[2023-03-27 21:20:07,755] {processor.py:153} INFO - Started process (PID=7098) to work on /Users/gabrielroger/Documents/projects/weather-data/.venv/lib/python3.9/site-packages/airflow/example_dags/example_short_circuit_operator.py
[2023-03-27 21:20:07,755] {processor.py:641} INFO - Processing file /Users/gabrielroger/Documents/projects/weather-data/.venv/lib/python3.9/site-packages/airflow/example_dags/example_short_circuit_operator.py for tasks to queue
[2023-03-27 21:20:07,755] {logging_mixin.py:115} INFO - [2023-03-27 21:20:07,755] {dagbag.py:507} INFO - Filling up the DagBag from /Users/gabrielroger/Documents/projects/weather-data/.venv/lib/python3.9/site-packages/airflow/example_dags/example_short_circuit_operator.py
[2023-03-27 21:20:07,769] {processor.py:651} INFO - DAG(s) dict_keys(['example_short_circuit_operator']) retrieved from /Users/gabrielroger/Documents/projects/weather-data/.venv/lib/python3.9/site-packages/airflow/example_dags/example_short_circuit_operator.py
[2023-03-27 21:20:07,801] {logging_mixin.py:115} INFO - [2023-03-27 21:20:07,800] {dag.py:2379} INFO - Sync 1 DAGs
[2023-03-27 21:20:07,808] {logging_mixin.py:115} INFO - [2023-03-27 21:20:07,808] {dag.py:2927} INFO - Setting next_dagrun for example_short_circuit_operator to 2023-03-27T00:20:07.808102+00:00, run_after=2023-03-28T00:20:07.808102+00:00
[2023-03-27 21:20:07,813] {processor.py:161} INFO - Processing /Users/gabrielroger/Documents/projects/weather-data/.venv/lib/python3.9/site-packages/airflow/example_dags/example_short_circuit_operator.py took 0.058 seconds
[2023-03-27 21:20:53,454] {processor.py:153} INFO - Started process (PID=7173) to work on /Users/gabrielroger/Documents/projects/weather-data/.venv/lib/python3.9/site-packages/airflow/example_dags/example_short_circuit_operator.py
[2023-03-27 21:20:53,455] {processor.py:641} INFO - Processing file /Users/gabrielroger/Documents/projects/weather-data/.venv/lib/python3.9/site-packages/airflow/example_dags/example_short_circuit_operator.py for tasks to queue
[2023-03-27 21:20:53,455] {logging_mixin.py:115} INFO - [2023-03-27 21:20:53,455] {dagbag.py:507} INFO - Filling up the DagBag from /Users/gabrielroger/Documents/projects/weather-data/.venv/lib/python3.9/site-packages/airflow/example_dags/example_short_circuit_operator.py
[2023-03-27 21:20:53,468] {processor.py:651} INFO - DAG(s) dict_keys(['example_short_circuit_operator']) retrieved from /Users/gabrielroger/Documents/projects/weather-data/.venv/lib/python3.9/site-packages/airflow/example_dags/example_short_circuit_operator.py
[2023-03-27 21:20:53,499] {logging_mixin.py:115} INFO - [2023-03-27 21:20:53,499] {dag.py:2379} INFO - Sync 1 DAGs
[2023-03-27 21:20:53,506] {logging_mixin.py:115} INFO - [2023-03-27 21:20:53,506] {dag.py:2927} INFO - Setting next_dagrun for example_short_circuit_operator to 2023-03-27T00:20:53.506446+00:00, run_after=2023-03-28T00:20:53.506446+00:00
[2023-03-27 21:20:53,511] {processor.py:161} INFO - Processing /Users/gabrielroger/Documents/projects/weather-data/.venv/lib/python3.9/site-packages/airflow/example_dags/example_short_circuit_operator.py took 0.057 seconds
[2023-03-27 21:21:37,833] {processor.py:153} INFO - Started process (PID=7244) to work on /Users/gabrielroger/Documents/projects/weather-data/.venv/lib/python3.9/site-packages/airflow/example_dags/example_short_circuit_operator.py
[2023-03-27 21:21:37,833] {processor.py:641} INFO - Processing file /Users/gabrielroger/Documents/projects/weather-data/.venv/lib/python3.9/site-packages/airflow/example_dags/example_short_circuit_operator.py for tasks to queue
[2023-03-27 21:21:37,834] {logging_mixin.py:115} INFO - [2023-03-27 21:21:37,834] {dagbag.py:507} INFO - Filling up the DagBag from /Users/gabrielroger/Documents/projects/weather-data/.venv/lib/python3.9/site-packages/airflow/example_dags/example_short_circuit_operator.py
[2023-03-27 21:21:37,847] {processor.py:651} INFO - DAG(s) dict_keys(['example_short_circuit_operator']) retrieved from /Users/gabrielroger/Documents/projects/weather-data/.venv/lib/python3.9/site-packages/airflow/example_dags/example_short_circuit_operator.py
[2023-03-27 21:21:37,877] {logging_mixin.py:115} INFO - [2023-03-27 21:21:37,877] {dag.py:2379} INFO - Sync 1 DAGs
[2023-03-27 21:21:37,885] {logging_mixin.py:115} INFO - [2023-03-27 21:21:37,885] {dag.py:2927} INFO - Setting next_dagrun for example_short_circuit_operator to 2023-03-27T00:21:37.885023+00:00, run_after=2023-03-28T00:21:37.885023+00:00
[2023-03-27 21:21:37,890] {processor.py:161} INFO - Processing /Users/gabrielroger/Documents/projects/weather-data/.venv/lib/python3.9/site-packages/airflow/example_dags/example_short_circuit_operator.py took 0.057 seconds
[2023-03-27 21:22:24,372] {processor.py:153} INFO - Started process (PID=7321) to work on /Users/gabrielroger/Documents/projects/weather-data/.venv/lib/python3.9/site-packages/airflow/example_dags/example_short_circuit_operator.py
[2023-03-27 21:22:24,372] {processor.py:641} INFO - Processing file /Users/gabrielroger/Documents/projects/weather-data/.venv/lib/python3.9/site-packages/airflow/example_dags/example_short_circuit_operator.py for tasks to queue
[2023-03-27 21:22:24,372] {logging_mixin.py:115} INFO - [2023-03-27 21:22:24,372] {dagbag.py:507} INFO - Filling up the DagBag from /Users/gabrielroger/Documents/projects/weather-data/.venv/lib/python3.9/site-packages/airflow/example_dags/example_short_circuit_operator.py
[2023-03-27 21:22:24,386] {processor.py:651} INFO - DAG(s) dict_keys(['example_short_circuit_operator']) retrieved from /Users/gabrielroger/Documents/projects/weather-data/.venv/lib/python3.9/site-packages/airflow/example_dags/example_short_circuit_operator.py
[2023-03-27 21:22:24,416] {logging_mixin.py:115} INFO - [2023-03-27 21:22:24,416] {dag.py:2379} INFO - Sync 1 DAGs
[2023-03-27 21:22:24,423] {logging_mixin.py:115} INFO - [2023-03-27 21:22:24,423] {dag.py:2927} INFO - Setting next_dagrun for example_short_circuit_operator to 2023-03-27T00:22:24.423579+00:00, run_after=2023-03-28T00:22:24.423579+00:00
[2023-03-27 21:22:24,428] {processor.py:161} INFO - Processing /Users/gabrielroger/Documents/projects/weather-data/.venv/lib/python3.9/site-packages/airflow/example_dags/example_short_circuit_operator.py took 0.057 seconds
[2023-03-27 21:23:08,491] {processor.py:153} INFO - Started process (PID=7397) to work on /Users/gabrielroger/Documents/projects/weather-data/.venv/lib/python3.9/site-packages/airflow/example_dags/example_short_circuit_operator.py
[2023-03-27 21:23:08,491] {processor.py:641} INFO - Processing file /Users/gabrielroger/Documents/projects/weather-data/.venv/lib/python3.9/site-packages/airflow/example_dags/example_short_circuit_operator.py for tasks to queue
[2023-03-27 21:23:08,491] {logging_mixin.py:115} INFO - [2023-03-27 21:23:08,491] {dagbag.py:507} INFO - Filling up the DagBag from /Users/gabrielroger/Documents/projects/weather-data/.venv/lib/python3.9/site-packages/airflow/example_dags/example_short_circuit_operator.py
[2023-03-27 21:23:08,505] {processor.py:651} INFO - DAG(s) dict_keys(['example_short_circuit_operator']) retrieved from /Users/gabrielroger/Documents/projects/weather-data/.venv/lib/python3.9/site-packages/airflow/example_dags/example_short_circuit_operator.py
[2023-03-27 21:23:08,535] {logging_mixin.py:115} INFO - [2023-03-27 21:23:08,535] {dag.py:2379} INFO - Sync 1 DAGs
[2023-03-27 21:23:08,542] {logging_mixin.py:115} INFO - [2023-03-27 21:23:08,542] {dag.py:2927} INFO - Setting next_dagrun for example_short_circuit_operator to 2023-03-27T00:23:08.542808+00:00, run_after=2023-03-28T00:23:08.542808+00:00
[2023-03-27 21:23:08,548] {processor.py:161} INFO - Processing /Users/gabrielroger/Documents/projects/weather-data/.venv/lib/python3.9/site-packages/airflow/example_dags/example_short_circuit_operator.py took 0.058 seconds
[2023-03-27 21:24:15,103] {processor.py:153} INFO - Started process (PID=7512) to work on /Users/gabrielroger/Documents/projects/weather-data/.venv/lib/python3.9/site-packages/airflow/example_dags/example_short_circuit_operator.py
[2023-03-27 21:24:15,103] {processor.py:641} INFO - Processing file /Users/gabrielroger/Documents/projects/weather-data/.venv/lib/python3.9/site-packages/airflow/example_dags/example_short_circuit_operator.py for tasks to queue
[2023-03-27 21:24:15,103] {logging_mixin.py:115} INFO - [2023-03-27 21:24:15,103] {dagbag.py:507} INFO - Filling up the DagBag from /Users/gabrielroger/Documents/projects/weather-data/.venv/lib/python3.9/site-packages/airflow/example_dags/example_short_circuit_operator.py
[2023-03-27 21:24:15,119] {processor.py:651} INFO - DAG(s) dict_keys(['example_short_circuit_operator']) retrieved from /Users/gabrielroger/Documents/projects/weather-data/.venv/lib/python3.9/site-packages/airflow/example_dags/example_short_circuit_operator.py
[2023-03-27 21:24:15,151] {logging_mixin.py:115} INFO - [2023-03-27 21:24:15,150] {dag.py:2379} INFO - Sync 1 DAGs
[2023-03-27 21:24:15,158] {logging_mixin.py:115} INFO - [2023-03-27 21:24:15,158] {dag.py:2927} INFO - Setting next_dagrun for example_short_circuit_operator to 2023-03-27T00:24:15.158515+00:00, run_after=2023-03-28T00:24:15.158515+00:00
[2023-03-27 21:24:15,163] {processor.py:161} INFO - Processing /Users/gabrielroger/Documents/projects/weather-data/.venv/lib/python3.9/site-packages/airflow/example_dags/example_short_circuit_operator.py took 0.060 seconds
[2023-03-27 21:25:19,512] {processor.py:153} INFO - Started process (PID=7652) to work on /Users/gabrielroger/Documents/projects/weather-data/.venv/lib/python3.9/site-packages/airflow/example_dags/example_short_circuit_operator.py
[2023-03-27 21:25:19,512] {processor.py:641} INFO - Processing file /Users/gabrielroger/Documents/projects/weather-data/.venv/lib/python3.9/site-packages/airflow/example_dags/example_short_circuit_operator.py for tasks to queue
[2023-03-27 21:25:19,512] {logging_mixin.py:115} INFO - [2023-03-27 21:25:19,512] {dagbag.py:507} INFO - Filling up the DagBag from /Users/gabrielroger/Documents/projects/weather-data/.venv/lib/python3.9/site-packages/airflow/example_dags/example_short_circuit_operator.py
[2023-03-27 21:25:19,526] {processor.py:651} INFO - DAG(s) dict_keys(['example_short_circuit_operator']) retrieved from /Users/gabrielroger/Documents/projects/weather-data/.venv/lib/python3.9/site-packages/airflow/example_dags/example_short_circuit_operator.py
[2023-03-27 21:25:19,557] {logging_mixin.py:115} INFO - [2023-03-27 21:25:19,557] {dag.py:2379} INFO - Sync 1 DAGs
[2023-03-27 21:25:19,564] {logging_mixin.py:115} INFO - [2023-03-27 21:25:19,564] {dag.py:2927} INFO - Setting next_dagrun for example_short_circuit_operator to 2023-03-27T00:25:19.564541+00:00, run_after=2023-03-28T00:25:19.564541+00:00
[2023-03-27 21:25:19,569] {processor.py:161} INFO - Processing /Users/gabrielroger/Documents/projects/weather-data/.venv/lib/python3.9/site-packages/airflow/example_dags/example_short_circuit_operator.py took 0.058 seconds
[2023-03-27 21:26:24,197] {processor.py:153} INFO - Started process (PID=7766) to work on /Users/gabrielroger/Documents/projects/weather-data/.venv/lib/python3.9/site-packages/airflow/example_dags/example_short_circuit_operator.py
[2023-03-27 21:26:24,197] {processor.py:641} INFO - Processing file /Users/gabrielroger/Documents/projects/weather-data/.venv/lib/python3.9/site-packages/airflow/example_dags/example_short_circuit_operator.py for tasks to queue
[2023-03-27 21:26:24,197] {logging_mixin.py:115} INFO - [2023-03-27 21:26:24,197] {dagbag.py:507} INFO - Filling up the DagBag from /Users/gabrielroger/Documents/projects/weather-data/.venv/lib/python3.9/site-packages/airflow/example_dags/example_short_circuit_operator.py
[2023-03-27 21:26:24,211] {processor.py:651} INFO - DAG(s) dict_keys(['example_short_circuit_operator']) retrieved from /Users/gabrielroger/Documents/projects/weather-data/.venv/lib/python3.9/site-packages/airflow/example_dags/example_short_circuit_operator.py
[2023-03-27 21:26:24,241] {logging_mixin.py:115} INFO - [2023-03-27 21:26:24,241] {dag.py:2379} INFO - Sync 1 DAGs
[2023-03-27 21:26:24,248] {logging_mixin.py:115} INFO - [2023-03-27 21:26:24,248] {dag.py:2927} INFO - Setting next_dagrun for example_short_circuit_operator to 2023-03-27T00:26:24.248636+00:00, run_after=2023-03-28T00:26:24.248636+00:00
[2023-03-27 21:26:24,254] {processor.py:161} INFO - Processing /Users/gabrielroger/Documents/projects/weather-data/.venv/lib/python3.9/site-packages/airflow/example_dags/example_short_circuit_operator.py took 0.057 seconds
[2023-03-27 21:27:09,626] {processor.py:153} INFO - Started process (PID=7841) to work on /Users/gabrielroger/Documents/projects/weather-data/.venv/lib/python3.9/site-packages/airflow/example_dags/example_short_circuit_operator.py
[2023-03-27 21:27:09,626] {processor.py:641} INFO - Processing file /Users/gabrielroger/Documents/projects/weather-data/.venv/lib/python3.9/site-packages/airflow/example_dags/example_short_circuit_operator.py for tasks to queue
[2023-03-27 21:27:09,626] {logging_mixin.py:115} INFO - [2023-03-27 21:27:09,626] {dagbag.py:507} INFO - Filling up the DagBag from /Users/gabrielroger/Documents/projects/weather-data/.venv/lib/python3.9/site-packages/airflow/example_dags/example_short_circuit_operator.py
[2023-03-27 21:27:09,640] {processor.py:651} INFO - DAG(s) dict_keys(['example_short_circuit_operator']) retrieved from /Users/gabrielroger/Documents/projects/weather-data/.venv/lib/python3.9/site-packages/airflow/example_dags/example_short_circuit_operator.py
[2023-03-27 21:27:09,670] {logging_mixin.py:115} INFO - [2023-03-27 21:27:09,670] {dag.py:2379} INFO - Sync 1 DAGs
[2023-03-27 21:27:09,677] {logging_mixin.py:115} INFO - [2023-03-27 21:27:09,677] {dag.py:2927} INFO - Setting next_dagrun for example_short_circuit_operator to 2023-03-27T00:27:09.677742+00:00, run_after=2023-03-28T00:27:09.677742+00:00
[2023-03-27 21:27:09,683] {processor.py:161} INFO - Processing /Users/gabrielroger/Documents/projects/weather-data/.venv/lib/python3.9/site-packages/airflow/example_dags/example_short_circuit_operator.py took 0.057 seconds
[2023-03-27 21:27:53,659] {processor.py:153} INFO - Started process (PID=7913) to work on /Users/gabrielroger/Documents/projects/weather-data/.venv/lib/python3.9/site-packages/airflow/example_dags/example_short_circuit_operator.py
[2023-03-27 21:27:53,659] {processor.py:641} INFO - Processing file /Users/gabrielroger/Documents/projects/weather-data/.venv/lib/python3.9/site-packages/airflow/example_dags/example_short_circuit_operator.py for tasks to queue
[2023-03-27 21:27:53,660] {logging_mixin.py:115} INFO - [2023-03-27 21:27:53,660] {dagbag.py:507} INFO - Filling up the DagBag from /Users/gabrielroger/Documents/projects/weather-data/.venv/lib/python3.9/site-packages/airflow/example_dags/example_short_circuit_operator.py
[2023-03-27 21:27:53,674] {processor.py:651} INFO - DAG(s) dict_keys(['example_short_circuit_operator']) retrieved from /Users/gabrielroger/Documents/projects/weather-data/.venv/lib/python3.9/site-packages/airflow/example_dags/example_short_circuit_operator.py
[2023-03-27 21:27:53,704] {logging_mixin.py:115} INFO - [2023-03-27 21:27:53,704] {dag.py:2379} INFO - Sync 1 DAGs
[2023-03-27 21:27:53,711] {logging_mixin.py:115} INFO - [2023-03-27 21:27:53,711] {dag.py:2927} INFO - Setting next_dagrun for example_short_circuit_operator to 2023-03-27T00:27:53.711077+00:00, run_after=2023-03-28T00:27:53.711077+00:00
[2023-03-27 21:27:53,716] {processor.py:161} INFO - Processing /Users/gabrielroger/Documents/projects/weather-data/.venv/lib/python3.9/site-packages/airflow/example_dags/example_short_circuit_operator.py took 0.057 seconds
[2023-03-27 21:28:39,187] {processor.py:153} INFO - Started process (PID=7996) to work on /Users/gabrielroger/Documents/projects/weather-data/.venv/lib/python3.9/site-packages/airflow/example_dags/example_short_circuit_operator.py
[2023-03-27 21:28:39,187] {processor.py:641} INFO - Processing file /Users/gabrielroger/Documents/projects/weather-data/.venv/lib/python3.9/site-packages/airflow/example_dags/example_short_circuit_operator.py for tasks to queue
[2023-03-27 21:28:39,188] {logging_mixin.py:115} INFO - [2023-03-27 21:28:39,188] {dagbag.py:507} INFO - Filling up the DagBag from /Users/gabrielroger/Documents/projects/weather-data/.venv/lib/python3.9/site-packages/airflow/example_dags/example_short_circuit_operator.py
[2023-03-27 21:28:39,202] {processor.py:651} INFO - DAG(s) dict_keys(['example_short_circuit_operator']) retrieved from /Users/gabrielroger/Documents/projects/weather-data/.venv/lib/python3.9/site-packages/airflow/example_dags/example_short_circuit_operator.py
[2023-03-27 21:28:39,233] {logging_mixin.py:115} INFO - [2023-03-27 21:28:39,232] {dag.py:2379} INFO - Sync 1 DAGs
[2023-03-27 21:28:39,240] {logging_mixin.py:115} INFO - [2023-03-27 21:28:39,240] {dag.py:2927} INFO - Setting next_dagrun for example_short_circuit_operator to 2023-03-27T00:28:39.240191+00:00, run_after=2023-03-28T00:28:39.240191+00:00
[2023-03-27 21:28:39,245] {processor.py:161} INFO - Processing /Users/gabrielroger/Documents/projects/weather-data/.venv/lib/python3.9/site-packages/airflow/example_dags/example_short_circuit_operator.py took 0.058 seconds
[2023-03-27 21:29:42,242] {processor.py:153} INFO - Started process (PID=8120) to work on /Users/gabrielroger/Documents/projects/weather-data/.venv/lib/python3.9/site-packages/airflow/example_dags/example_short_circuit_operator.py
[2023-03-27 21:29:42,243] {processor.py:641} INFO - Processing file /Users/gabrielroger/Documents/projects/weather-data/.venv/lib/python3.9/site-packages/airflow/example_dags/example_short_circuit_operator.py for tasks to queue
[2023-03-27 21:29:42,243] {logging_mixin.py:115} INFO - [2023-03-27 21:29:42,243] {dagbag.py:507} INFO - Filling up the DagBag from /Users/gabrielroger/Documents/projects/weather-data/.venv/lib/python3.9/site-packages/airflow/example_dags/example_short_circuit_operator.py
[2023-03-27 21:29:42,257] {processor.py:651} INFO - DAG(s) dict_keys(['example_short_circuit_operator']) retrieved from /Users/gabrielroger/Documents/projects/weather-data/.venv/lib/python3.9/site-packages/airflow/example_dags/example_short_circuit_operator.py
[2023-03-27 21:29:42,288] {logging_mixin.py:115} INFO - [2023-03-27 21:29:42,288] {dag.py:2379} INFO - Sync 1 DAGs
[2023-03-27 21:29:42,295] {logging_mixin.py:115} INFO - [2023-03-27 21:29:42,295] {dag.py:2927} INFO - Setting next_dagrun for example_short_circuit_operator to 2023-03-27T00:29:42.295413+00:00, run_after=2023-03-28T00:29:42.295413+00:00
[2023-03-27 21:29:42,300] {processor.py:161} INFO - Processing /Users/gabrielroger/Documents/projects/weather-data/.venv/lib/python3.9/site-packages/airflow/example_dags/example_short_circuit_operator.py took 0.058 seconds
[2023-03-27 21:30:45,347] {processor.py:153} INFO - Started process (PID=8250) to work on /Users/gabrielroger/Documents/projects/weather-data/.venv/lib/python3.9/site-packages/airflow/example_dags/example_short_circuit_operator.py
[2023-03-27 21:30:45,347] {processor.py:641} INFO - Processing file /Users/gabrielroger/Documents/projects/weather-data/.venv/lib/python3.9/site-packages/airflow/example_dags/example_short_circuit_operator.py for tasks to queue
[2023-03-27 21:30:45,347] {logging_mixin.py:115} INFO - [2023-03-27 21:30:45,347] {dagbag.py:507} INFO - Filling up the DagBag from /Users/gabrielroger/Documents/projects/weather-data/.venv/lib/python3.9/site-packages/airflow/example_dags/example_short_circuit_operator.py
[2023-03-27 21:30:45,362] {processor.py:651} INFO - DAG(s) dict_keys(['example_short_circuit_operator']) retrieved from /Users/gabrielroger/Documents/projects/weather-data/.venv/lib/python3.9/site-packages/airflow/example_dags/example_short_circuit_operator.py
[2023-03-27 21:30:45,393] {logging_mixin.py:115} INFO - [2023-03-27 21:30:45,393] {dag.py:2379} INFO - Sync 1 DAGs
[2023-03-27 21:30:45,400] {logging_mixin.py:115} INFO - [2023-03-27 21:30:45,400] {dag.py:2927} INFO - Setting next_dagrun for example_short_circuit_operator to 2023-03-27T00:30:45.400627+00:00, run_after=2023-03-28T00:30:45.400627+00:00
[2023-03-27 21:30:45,406] {processor.py:161} INFO - Processing /Users/gabrielroger/Documents/projects/weather-data/.venv/lib/python3.9/site-packages/airflow/example_dags/example_short_circuit_operator.py took 0.059 seconds
[2023-03-27 21:31:49,528] {processor.py:153} INFO - Started process (PID=8357) to work on /Users/gabrielroger/Documents/projects/weather-data/.venv/lib/python3.9/site-packages/airflow/example_dags/example_short_circuit_operator.py
[2023-03-27 21:31:49,528] {processor.py:641} INFO - Processing file /Users/gabrielroger/Documents/projects/weather-data/.venv/lib/python3.9/site-packages/airflow/example_dags/example_short_circuit_operator.py for tasks to queue
[2023-03-27 21:31:49,529] {logging_mixin.py:115} INFO - [2023-03-27 21:31:49,529] {dagbag.py:507} INFO - Filling up the DagBag from /Users/gabrielroger/Documents/projects/weather-data/.venv/lib/python3.9/site-packages/airflow/example_dags/example_short_circuit_operator.py
[2023-03-27 21:31:49,542] {processor.py:651} INFO - DAG(s) dict_keys(['example_short_circuit_operator']) retrieved from /Users/gabrielroger/Documents/projects/weather-data/.venv/lib/python3.9/site-packages/airflow/example_dags/example_short_circuit_operator.py
[2023-03-27 21:31:49,573] {logging_mixin.py:115} INFO - [2023-03-27 21:31:49,572] {dag.py:2379} INFO - Sync 1 DAGs
[2023-03-27 21:31:49,580] {logging_mixin.py:115} INFO - [2023-03-27 21:31:49,580] {dag.py:2927} INFO - Setting next_dagrun for example_short_circuit_operator to 2023-03-27T00:31:49.580050+00:00, run_after=2023-03-28T00:31:49.580050+00:00
[2023-03-27 21:31:49,585] {processor.py:161} INFO - Processing /Users/gabrielroger/Documents/projects/weather-data/.venv/lib/python3.9/site-packages/airflow/example_dags/example_short_circuit_operator.py took 0.057 seconds
[2023-03-27 21:32:33,655] {processor.py:153} INFO - Started process (PID=8429) to work on /Users/gabrielroger/Documents/projects/weather-data/.venv/lib/python3.9/site-packages/airflow/example_dags/example_short_circuit_operator.py
[2023-03-27 21:32:33,655] {processor.py:641} INFO - Processing file /Users/gabrielroger/Documents/projects/weather-data/.venv/lib/python3.9/site-packages/airflow/example_dags/example_short_circuit_operator.py for tasks to queue
[2023-03-27 21:32:33,656] {logging_mixin.py:115} INFO - [2023-03-27 21:32:33,656] {dagbag.py:507} INFO - Filling up the DagBag from /Users/gabrielroger/Documents/projects/weather-data/.venv/lib/python3.9/site-packages/airflow/example_dags/example_short_circuit_operator.py
[2023-03-27 21:32:33,669] {processor.py:651} INFO - DAG(s) dict_keys(['example_short_circuit_operator']) retrieved from /Users/gabrielroger/Documents/projects/weather-data/.venv/lib/python3.9/site-packages/airflow/example_dags/example_short_circuit_operator.py
[2023-03-27 21:32:33,699] {logging_mixin.py:115} INFO - [2023-03-27 21:32:33,699] {dag.py:2379} INFO - Sync 1 DAGs
[2023-03-27 21:32:33,707] {logging_mixin.py:115} INFO - [2023-03-27 21:32:33,707] {dag.py:2927} INFO - Setting next_dagrun for example_short_circuit_operator to 2023-03-27T00:32:33.707111+00:00, run_after=2023-03-28T00:32:33.707111+00:00
[2023-03-27 21:32:33,712] {processor.py:161} INFO - Processing /Users/gabrielroger/Documents/projects/weather-data/.venv/lib/python3.9/site-packages/airflow/example_dags/example_short_circuit_operator.py took 0.057 seconds
[2023-03-27 21:33:18,660] {processor.py:153} INFO - Started process (PID=8503) to work on /Users/gabrielroger/Documents/projects/weather-data/.venv/lib/python3.9/site-packages/airflow/example_dags/example_short_circuit_operator.py
[2023-03-27 21:33:18,660] {processor.py:641} INFO - Processing file /Users/gabrielroger/Documents/projects/weather-data/.venv/lib/python3.9/site-packages/airflow/example_dags/example_short_circuit_operator.py for tasks to queue
[2023-03-27 21:33:18,661] {logging_mixin.py:115} INFO - [2023-03-27 21:33:18,660] {dagbag.py:507} INFO - Filling up the DagBag from /Users/gabrielroger/Documents/projects/weather-data/.venv/lib/python3.9/site-packages/airflow/example_dags/example_short_circuit_operator.py
[2023-03-27 21:33:18,674] {processor.py:651} INFO - DAG(s) dict_keys(['example_short_circuit_operator']) retrieved from /Users/gabrielroger/Documents/projects/weather-data/.venv/lib/python3.9/site-packages/airflow/example_dags/example_short_circuit_operator.py
[2023-03-27 21:33:18,704] {logging_mixin.py:115} INFO - [2023-03-27 21:33:18,704] {dag.py:2379} INFO - Sync 1 DAGs
[2023-03-27 21:33:18,711] {logging_mixin.py:115} INFO - [2023-03-27 21:33:18,711] {dag.py:2927} INFO - Setting next_dagrun for example_short_circuit_operator to 2023-03-27T00:33:18.711789+00:00, run_after=2023-03-28T00:33:18.711789+00:00
[2023-03-27 21:33:18,717] {processor.py:161} INFO - Processing /Users/gabrielroger/Documents/projects/weather-data/.venv/lib/python3.9/site-packages/airflow/example_dags/example_short_circuit_operator.py took 0.057 seconds
[2023-03-27 21:34:03,096] {processor.py:153} INFO - Started process (PID=8581) to work on /Users/gabrielroger/Documents/projects/weather-data/.venv/lib/python3.9/site-packages/airflow/example_dags/example_short_circuit_operator.py
[2023-03-27 21:34:03,096] {processor.py:641} INFO - Processing file /Users/gabrielroger/Documents/projects/weather-data/.venv/lib/python3.9/site-packages/airflow/example_dags/example_short_circuit_operator.py for tasks to queue
[2023-03-27 21:34:03,096] {logging_mixin.py:115} INFO - [2023-03-27 21:34:03,096] {dagbag.py:507} INFO - Filling up the DagBag from /Users/gabrielroger/Documents/projects/weather-data/.venv/lib/python3.9/site-packages/airflow/example_dags/example_short_circuit_operator.py
[2023-03-27 21:34:03,110] {processor.py:651} INFO - DAG(s) dict_keys(['example_short_circuit_operator']) retrieved from /Users/gabrielroger/Documents/projects/weather-data/.venv/lib/python3.9/site-packages/airflow/example_dags/example_short_circuit_operator.py
[2023-03-27 21:34:03,141] {logging_mixin.py:115} INFO - [2023-03-27 21:34:03,141] {dag.py:2379} INFO - Sync 1 DAGs
[2023-03-27 21:34:03,148] {logging_mixin.py:115} INFO - [2023-03-27 21:34:03,148] {dag.py:2927} INFO - Setting next_dagrun for example_short_circuit_operator to 2023-03-27T00:34:03.148448+00:00, run_after=2023-03-28T00:34:03.148448+00:00
[2023-03-27 21:34:03,153] {processor.py:161} INFO - Processing /Users/gabrielroger/Documents/projects/weather-data/.venv/lib/python3.9/site-packages/airflow/example_dags/example_short_circuit_operator.py took 0.058 seconds
[2023-03-27 21:52:15,035] {processor.py:153} INFO - Started process (PID=8679) to work on /Users/gabrielroger/Documents/projects/weather-data/.venv/lib/python3.9/site-packages/airflow/example_dags/example_short_circuit_operator.py
[2023-03-27 21:52:15,036] {processor.py:641} INFO - Processing file /Users/gabrielroger/Documents/projects/weather-data/.venv/lib/python3.9/site-packages/airflow/example_dags/example_short_circuit_operator.py for tasks to queue
[2023-03-27 21:52:15,036] {logging_mixin.py:115} INFO - [2023-03-27 21:52:15,036] {dagbag.py:507} INFO - Filling up the DagBag from /Users/gabrielroger/Documents/projects/weather-data/.venv/lib/python3.9/site-packages/airflow/example_dags/example_short_circuit_operator.py
[2023-03-27 21:52:15,057] {processor.py:651} INFO - DAG(s) dict_keys(['example_short_circuit_operator']) retrieved from /Users/gabrielroger/Documents/projects/weather-data/.venv/lib/python3.9/site-packages/airflow/example_dags/example_short_circuit_operator.py
[2023-03-27 21:52:15,098] {logging_mixin.py:115} INFO - [2023-03-27 21:52:15,098] {dag.py:2379} INFO - Sync 1 DAGs
[2023-03-27 21:52:15,109] {logging_mixin.py:115} INFO - [2023-03-27 21:52:15,109] {dag.py:2927} INFO - Setting next_dagrun for example_short_circuit_operator to 2023-03-27T00:52:15.109238+00:00, run_after=2023-03-28T00:52:15.109238+00:00
[2023-03-27 21:52:15,115] {processor.py:161} INFO - Processing /Users/gabrielroger/Documents/projects/weather-data/.venv/lib/python3.9/site-packages/airflow/example_dags/example_short_circuit_operator.py took 0.080 seconds
[2023-03-27 21:59:59,136] {processor.py:153} INFO - Started process (PID=8760) to work on /Users/gabrielroger/Documents/projects/weather-data/.venv/lib/python3.9/site-packages/airflow/example_dags/example_short_circuit_operator.py
[2023-03-27 21:59:59,137] {processor.py:641} INFO - Processing file /Users/gabrielroger/Documents/projects/weather-data/.venv/lib/python3.9/site-packages/airflow/example_dags/example_short_circuit_operator.py for tasks to queue
[2023-03-27 21:59:59,137] {logging_mixin.py:115} INFO - [2023-03-27 21:59:59,137] {dagbag.py:507} INFO - Filling up the DagBag from /Users/gabrielroger/Documents/projects/weather-data/.venv/lib/python3.9/site-packages/airflow/example_dags/example_short_circuit_operator.py
[2023-03-27 21:59:59,150] {processor.py:651} INFO - DAG(s) dict_keys(['example_short_circuit_operator']) retrieved from /Users/gabrielroger/Documents/projects/weather-data/.venv/lib/python3.9/site-packages/airflow/example_dags/example_short_circuit_operator.py
[2023-03-27 21:59:59,180] {logging_mixin.py:115} INFO - [2023-03-27 21:59:59,180] {dag.py:2379} INFO - Sync 1 DAGs
[2023-03-27 21:59:59,187] {logging_mixin.py:115} INFO - [2023-03-27 21:59:59,187] {dag.py:2927} INFO - Setting next_dagrun for example_short_circuit_operator to 2023-03-27T00:59:59.187490+00:00, run_after=2023-03-28T00:59:59.187490+00:00
[2023-03-27 21:59:59,192] {processor.py:161} INFO - Processing /Users/gabrielroger/Documents/projects/weather-data/.venv/lib/python3.9/site-packages/airflow/example_dags/example_short_circuit_operator.py took 0.056 seconds
[2023-03-27 22:27:58,755] {processor.py:153} INFO - Started process (PID=8907) to work on /Users/gabrielroger/Documents/projects/weather-data/.venv/lib/python3.9/site-packages/airflow/example_dags/example_short_circuit_operator.py
[2023-03-27 22:27:58,755] {processor.py:641} INFO - Processing file /Users/gabrielroger/Documents/projects/weather-data/.venv/lib/python3.9/site-packages/airflow/example_dags/example_short_circuit_operator.py for tasks to queue
[2023-03-27 22:27:58,755] {logging_mixin.py:115} INFO - [2023-03-27 22:27:58,755] {dagbag.py:507} INFO - Filling up the DagBag from /Users/gabrielroger/Documents/projects/weather-data/.venv/lib/python3.9/site-packages/airflow/example_dags/example_short_circuit_operator.py
[2023-03-27 22:27:58,770] {processor.py:651} INFO - DAG(s) dict_keys(['example_short_circuit_operator']) retrieved from /Users/gabrielroger/Documents/projects/weather-data/.venv/lib/python3.9/site-packages/airflow/example_dags/example_short_circuit_operator.py
[2023-03-27 22:27:58,800] {logging_mixin.py:115} INFO - [2023-03-27 22:27:58,799] {dag.py:2379} INFO - Sync 1 DAGs
[2023-03-27 22:27:58,807] {logging_mixin.py:115} INFO - [2023-03-27 22:27:58,807] {dag.py:2927} INFO - Setting next_dagrun for example_short_circuit_operator to 2023-03-27T01:27:58.806964+00:00, run_after=2023-03-28T01:27:58.806964+00:00
[2023-03-27 22:27:58,812] {processor.py:161} INFO - Processing /Users/gabrielroger/Documents/projects/weather-data/.venv/lib/python3.9/site-packages/airflow/example_dags/example_short_circuit_operator.py took 0.057 seconds
[2023-03-27 23:28:07,175] {processor.py:153} INFO - Started process (PID=9028) to work on /Users/gabrielroger/Documents/projects/weather-data/.venv/lib/python3.9/site-packages/airflow/example_dags/example_short_circuit_operator.py
[2023-03-27 23:28:07,176] {processor.py:641} INFO - Processing file /Users/gabrielroger/Documents/projects/weather-data/.venv/lib/python3.9/site-packages/airflow/example_dags/example_short_circuit_operator.py for tasks to queue
[2023-03-27 23:28:07,177] {logging_mixin.py:115} INFO - [2023-03-27 23:28:07,176] {dagbag.py:507} INFO - Filling up the DagBag from /Users/gabrielroger/Documents/projects/weather-data/.venv/lib/python3.9/site-packages/airflow/example_dags/example_short_circuit_operator.py
[2023-03-27 23:28:07,190] {processor.py:651} INFO - DAG(s) dict_keys(['example_short_circuit_operator']) retrieved from /Users/gabrielroger/Documents/projects/weather-data/.venv/lib/python3.9/site-packages/airflow/example_dags/example_short_circuit_operator.py
[2023-03-27 23:28:07,223] {logging_mixin.py:115} INFO - [2023-03-27 23:28:07,222] {dag.py:2379} INFO - Sync 1 DAGs
[2023-03-27 23:28:07,230] {logging_mixin.py:115} INFO - [2023-03-27 23:28:07,230] {dag.py:2927} INFO - Setting next_dagrun for example_short_circuit_operator to 2023-03-27T02:28:07.230474+00:00, run_after=2023-03-28T02:28:07.230474+00:00
[2023-03-27 23:28:07,236] {processor.py:161} INFO - Processing /Users/gabrielroger/Documents/projects/weather-data/.venv/lib/python3.9/site-packages/airflow/example_dags/example_short_circuit_operator.py took 0.061 seconds
