[2023-03-27 21:09:49,276] {processor.py:153} INFO - Started process (PID=6056) to work on /Users/gabrielroger/Documents/projects/weather-data/.venv/lib/python3.9/site-packages/airflow/example_dags/example_trigger_target_dag.py
[2023-03-27 21:09:49,276] {processor.py:641} INFO - Processing file /Users/gabrielroger/Documents/projects/weather-data/.venv/lib/python3.9/site-packages/airflow/example_dags/example_trigger_target_dag.py for tasks to queue
[2023-03-27 21:09:49,276] {logging_mixin.py:115} INFO - [2023-03-27 21:09:49,276] {dagbag.py:507} INFO - Filling up the DagBag from /Users/gabrielroger/Documents/projects/weather-data/.venv/lib/python3.9/site-packages/airflow/example_dags/example_trigger_target_dag.py
[2023-03-27 21:09:49,294] {processor.py:651} INFO - DAG(s) dict_keys(['example_trigger_target_dag']) retrieved from /Users/gabrielroger/Documents/projects/weather-data/.venv/lib/python3.9/site-packages/airflow/example_dags/example_trigger_target_dag.py
[2023-03-27 21:09:49,327] {logging_mixin.py:115} INFO - [2023-03-27 21:09:49,327] {dag.py:2379} INFO - Sync 1 DAGs
[2023-03-27 21:09:49,334] {logging_mixin.py:115} INFO - [2023-03-27 21:09:49,334] {dag.py:2927} INFO - Setting next_dagrun for example_trigger_target_dag to None, run_after=None
[2023-03-27 21:09:49,339] {processor.py:161} INFO - Processing /Users/gabrielroger/Documents/projects/weather-data/.venv/lib/python3.9/site-packages/airflow/example_dags/example_trigger_target_dag.py took 0.063 seconds
[2023-03-27 21:10:40,826] {processor.py:153} INFO - Started process (PID=6146) to work on /Users/gabrielroger/Documents/projects/weather-data/.venv/lib/python3.9/site-packages/airflow/example_dags/example_trigger_target_dag.py
[2023-03-27 21:10:40,827] {processor.py:641} INFO - Processing file /Users/gabrielroger/Documents/projects/weather-data/.venv/lib/python3.9/site-packages/airflow/example_dags/example_trigger_target_dag.py for tasks to queue
[2023-03-27 21:10:40,827] {logging_mixin.py:115} INFO - [2023-03-27 21:10:40,827] {dagbag.py:507} INFO - Filling up the DagBag from /Users/gabrielroger/Documents/projects/weather-data/.venv/lib/python3.9/site-packages/airflow/example_dags/example_trigger_target_dag.py
[2023-03-27 21:10:40,844] {processor.py:651} INFO - DAG(s) dict_keys(['example_trigger_target_dag']) retrieved from /Users/gabrielroger/Documents/projects/weather-data/.venv/lib/python3.9/site-packages/airflow/example_dags/example_trigger_target_dag.py
[2023-03-27 21:10:40,876] {logging_mixin.py:115} INFO - [2023-03-27 21:10:40,876] {dag.py:2379} INFO - Sync 1 DAGs
[2023-03-27 21:10:40,884] {logging_mixin.py:115} INFO - [2023-03-27 21:10:40,884] {dag.py:2927} INFO - Setting next_dagrun for example_trigger_target_dag to None, run_after=None
[2023-03-27 21:10:40,890] {processor.py:161} INFO - Processing /Users/gabrielroger/Documents/projects/weather-data/.venv/lib/python3.9/site-packages/airflow/example_dags/example_trigger_target_dag.py took 0.064 seconds
[2023-03-27 21:11:32,658] {processor.py:153} INFO - Started process (PID=6237) to work on /Users/gabrielroger/Documents/projects/weather-data/.venv/lib/python3.9/site-packages/airflow/example_dags/example_trigger_target_dag.py
[2023-03-27 21:11:32,658] {processor.py:641} INFO - Processing file /Users/gabrielroger/Documents/projects/weather-data/.venv/lib/python3.9/site-packages/airflow/example_dags/example_trigger_target_dag.py for tasks to queue
[2023-03-27 21:11:32,658] {logging_mixin.py:115} INFO - [2023-03-27 21:11:32,658] {dagbag.py:507} INFO - Filling up the DagBag from /Users/gabrielroger/Documents/projects/weather-data/.venv/lib/python3.9/site-packages/airflow/example_dags/example_trigger_target_dag.py
[2023-03-27 21:11:32,676] {processor.py:651} INFO - DAG(s) dict_keys(['example_trigger_target_dag']) retrieved from /Users/gabrielroger/Documents/projects/weather-data/.venv/lib/python3.9/site-packages/airflow/example_dags/example_trigger_target_dag.py
[2023-03-27 21:11:32,709] {logging_mixin.py:115} INFO - [2023-03-27 21:11:32,709] {dag.py:2379} INFO - Sync 1 DAGs
[2023-03-27 21:11:32,716] {logging_mixin.py:115} INFO - [2023-03-27 21:11:32,715] {dag.py:2927} INFO - Setting next_dagrun for example_trigger_target_dag to None, run_after=None
[2023-03-27 21:11:32,720] {processor.py:161} INFO - Processing /Users/gabrielroger/Documents/projects/weather-data/.venv/lib/python3.9/site-packages/airflow/example_dags/example_trigger_target_dag.py took 0.063 seconds
[2023-03-27 21:12:18,344] {processor.py:153} INFO - Started process (PID=6311) to work on /Users/gabrielroger/Documents/projects/weather-data/.venv/lib/python3.9/site-packages/airflow/example_dags/example_trigger_target_dag.py
[2023-03-27 21:12:18,344] {processor.py:641} INFO - Processing file /Users/gabrielroger/Documents/projects/weather-data/.venv/lib/python3.9/site-packages/airflow/example_dags/example_trigger_target_dag.py for tasks to queue
[2023-03-27 21:12:18,344] {logging_mixin.py:115} INFO - [2023-03-27 21:12:18,344] {dagbag.py:507} INFO - Filling up the DagBag from /Users/gabrielroger/Documents/projects/weather-data/.venv/lib/python3.9/site-packages/airflow/example_dags/example_trigger_target_dag.py
[2023-03-27 21:12:18,362] {processor.py:651} INFO - DAG(s) dict_keys(['example_trigger_target_dag']) retrieved from /Users/gabrielroger/Documents/projects/weather-data/.venv/lib/python3.9/site-packages/airflow/example_dags/example_trigger_target_dag.py
[2023-03-27 21:12:18,393] {logging_mixin.py:115} INFO - [2023-03-27 21:12:18,393] {dag.py:2379} INFO - Sync 1 DAGs
[2023-03-27 21:12:18,402] {logging_mixin.py:115} INFO - [2023-03-27 21:12:18,402] {dag.py:2927} INFO - Setting next_dagrun for example_trigger_target_dag to None, run_after=None
[2023-03-27 21:12:18,408] {processor.py:161} INFO - Processing /Users/gabrielroger/Documents/projects/weather-data/.venv/lib/python3.9/site-packages/airflow/example_dags/example_trigger_target_dag.py took 0.064 seconds
[2023-03-27 21:13:06,459] {processor.py:153} INFO - Started process (PID=6389) to work on /Users/gabrielroger/Documents/projects/weather-data/.venv/lib/python3.9/site-packages/airflow/example_dags/example_trigger_target_dag.py
[2023-03-27 21:13:06,459] {processor.py:641} INFO - Processing file /Users/gabrielroger/Documents/projects/weather-data/.venv/lib/python3.9/site-packages/airflow/example_dags/example_trigger_target_dag.py for tasks to queue
[2023-03-27 21:13:06,460] {logging_mixin.py:115} INFO - [2023-03-27 21:13:06,460] {dagbag.py:507} INFO - Filling up the DagBag from /Users/gabrielroger/Documents/projects/weather-data/.venv/lib/python3.9/site-packages/airflow/example_dags/example_trigger_target_dag.py
[2023-03-27 21:13:06,476] {processor.py:651} INFO - DAG(s) dict_keys(['example_trigger_target_dag']) retrieved from /Users/gabrielroger/Documents/projects/weather-data/.venv/lib/python3.9/site-packages/airflow/example_dags/example_trigger_target_dag.py
[2023-03-27 21:13:06,508] {logging_mixin.py:115} INFO - [2023-03-27 21:13:06,508] {dag.py:2379} INFO - Sync 1 DAGs
[2023-03-27 21:13:06,514] {logging_mixin.py:115} INFO - [2023-03-27 21:13:06,514] {dag.py:2927} INFO - Setting next_dagrun for example_trigger_target_dag to None, run_after=None
[2023-03-27 21:13:06,519] {processor.py:161} INFO - Processing /Users/gabrielroger/Documents/projects/weather-data/.venv/lib/python3.9/site-packages/airflow/example_dags/example_trigger_target_dag.py took 0.060 seconds
[2023-03-27 21:13:50,844] {processor.py:153} INFO - Started process (PID=6467) to work on /Users/gabrielroger/Documents/projects/weather-data/.venv/lib/python3.9/site-packages/airflow/example_dags/example_trigger_target_dag.py
[2023-03-27 21:13:50,844] {processor.py:641} INFO - Processing file /Users/gabrielroger/Documents/projects/weather-data/.venv/lib/python3.9/site-packages/airflow/example_dags/example_trigger_target_dag.py for tasks to queue
[2023-03-27 21:13:50,844] {logging_mixin.py:115} INFO - [2023-03-27 21:13:50,844] {dagbag.py:507} INFO - Filling up the DagBag from /Users/gabrielroger/Documents/projects/weather-data/.venv/lib/python3.9/site-packages/airflow/example_dags/example_trigger_target_dag.py
[2023-03-27 21:13:50,862] {processor.py:651} INFO - DAG(s) dict_keys(['example_trigger_target_dag']) retrieved from /Users/gabrielroger/Documents/projects/weather-data/.venv/lib/python3.9/site-packages/airflow/example_dags/example_trigger_target_dag.py
[2023-03-27 21:13:50,892] {logging_mixin.py:115} INFO - [2023-03-27 21:13:50,892] {dag.py:2379} INFO - Sync 1 DAGs
[2023-03-27 21:13:50,899] {logging_mixin.py:115} INFO - [2023-03-27 21:13:50,899] {dag.py:2927} INFO - Setting next_dagrun for example_trigger_target_dag to None, run_after=None
[2023-03-27 21:13:50,904] {processor.py:161} INFO - Processing /Users/gabrielroger/Documents/projects/weather-data/.venv/lib/python3.9/site-packages/airflow/example_dags/example_trigger_target_dag.py took 0.060 seconds
[2023-03-27 21:14:33,313] {processor.py:153} INFO - Started process (PID=6538) to work on /Users/gabrielroger/Documents/projects/weather-data/.venv/lib/python3.9/site-packages/airflow/example_dags/example_trigger_target_dag.py
[2023-03-27 21:14:33,313] {processor.py:641} INFO - Processing file /Users/gabrielroger/Documents/projects/weather-data/.venv/lib/python3.9/site-packages/airflow/example_dags/example_trigger_target_dag.py for tasks to queue
[2023-03-27 21:14:33,314] {logging_mixin.py:115} INFO - [2023-03-27 21:14:33,314] {dagbag.py:507} INFO - Filling up the DagBag from /Users/gabrielroger/Documents/projects/weather-data/.venv/lib/python3.9/site-packages/airflow/example_dags/example_trigger_target_dag.py
[2023-03-27 21:14:33,331] {processor.py:651} INFO - DAG(s) dict_keys(['example_trigger_target_dag']) retrieved from /Users/gabrielroger/Documents/projects/weather-data/.venv/lib/python3.9/site-packages/airflow/example_dags/example_trigger_target_dag.py
[2023-03-27 21:14:33,362] {logging_mixin.py:115} INFO - [2023-03-27 21:14:33,362] {dag.py:2379} INFO - Sync 1 DAGs
[2023-03-27 21:14:33,369] {logging_mixin.py:115} INFO - [2023-03-27 21:14:33,369] {dag.py:2927} INFO - Setting next_dagrun for example_trigger_target_dag to None, run_after=None
[2023-03-27 21:14:33,374] {processor.py:161} INFO - Processing /Users/gabrielroger/Documents/projects/weather-data/.venv/lib/python3.9/site-packages/airflow/example_dags/example_trigger_target_dag.py took 0.061 seconds
[2023-03-27 21:15:17,412] {processor.py:153} INFO - Started process (PID=6612) to work on /Users/gabrielroger/Documents/projects/weather-data/.venv/lib/python3.9/site-packages/airflow/example_dags/example_trigger_target_dag.py
[2023-03-27 21:15:17,413] {processor.py:641} INFO - Processing file /Users/gabrielroger/Documents/projects/weather-data/.venv/lib/python3.9/site-packages/airflow/example_dags/example_trigger_target_dag.py for tasks to queue
[2023-03-27 21:15:17,413] {logging_mixin.py:115} INFO - [2023-03-27 21:15:17,413] {dagbag.py:507} INFO - Filling up the DagBag from /Users/gabrielroger/Documents/projects/weather-data/.venv/lib/python3.9/site-packages/airflow/example_dags/example_trigger_target_dag.py
[2023-03-27 21:15:17,429] {processor.py:651} INFO - DAG(s) dict_keys(['example_trigger_target_dag']) retrieved from /Users/gabrielroger/Documents/projects/weather-data/.venv/lib/python3.9/site-packages/airflow/example_dags/example_trigger_target_dag.py
[2023-03-27 21:15:17,461] {logging_mixin.py:115} INFO - [2023-03-27 21:15:17,461] {dag.py:2379} INFO - Sync 1 DAGs
[2023-03-27 21:15:17,467] {logging_mixin.py:115} INFO - [2023-03-27 21:15:17,467] {dag.py:2927} INFO - Setting next_dagrun for example_trigger_target_dag to None, run_after=None
[2023-03-27 21:15:17,472] {processor.py:161} INFO - Processing /Users/gabrielroger/Documents/projects/weather-data/.venv/lib/python3.9/site-packages/airflow/example_dags/example_trigger_target_dag.py took 0.061 seconds
[2023-03-27 21:16:02,475] {processor.py:153} INFO - Started process (PID=6686) to work on /Users/gabrielroger/Documents/projects/weather-data/.venv/lib/python3.9/site-packages/airflow/example_dags/example_trigger_target_dag.py
[2023-03-27 21:16:02,475] {processor.py:641} INFO - Processing file /Users/gabrielroger/Documents/projects/weather-data/.venv/lib/python3.9/site-packages/airflow/example_dags/example_trigger_target_dag.py for tasks to queue
[2023-03-27 21:16:02,476] {logging_mixin.py:115} INFO - [2023-03-27 21:16:02,476] {dagbag.py:507} INFO - Filling up the DagBag from /Users/gabrielroger/Documents/projects/weather-data/.venv/lib/python3.9/site-packages/airflow/example_dags/example_trigger_target_dag.py
[2023-03-27 21:16:02,493] {processor.py:651} INFO - DAG(s) dict_keys(['example_trigger_target_dag']) retrieved from /Users/gabrielroger/Documents/projects/weather-data/.venv/lib/python3.9/site-packages/airflow/example_dags/example_trigger_target_dag.py
[2023-03-27 21:16:02,524] {logging_mixin.py:115} INFO - [2023-03-27 21:16:02,523] {dag.py:2379} INFO - Sync 1 DAGs
[2023-03-27 21:16:02,530] {logging_mixin.py:115} INFO - [2023-03-27 21:16:02,530] {dag.py:2927} INFO - Setting next_dagrun for example_trigger_target_dag to None, run_after=None
[2023-03-27 21:16:02,535] {processor.py:161} INFO - Processing /Users/gabrielroger/Documents/projects/weather-data/.venv/lib/python3.9/site-packages/airflow/example_dags/example_trigger_target_dag.py took 0.060 seconds
[2023-03-27 21:16:47,582] {processor.py:153} INFO - Started process (PID=6760) to work on /Users/gabrielroger/Documents/projects/weather-data/.venv/lib/python3.9/site-packages/airflow/example_dags/example_trigger_target_dag.py
[2023-03-27 21:16:47,582] {processor.py:641} INFO - Processing file /Users/gabrielroger/Documents/projects/weather-data/.venv/lib/python3.9/site-packages/airflow/example_dags/example_trigger_target_dag.py for tasks to queue
[2023-03-27 21:16:47,583] {logging_mixin.py:115} INFO - [2023-03-27 21:16:47,583] {dagbag.py:507} INFO - Filling up the DagBag from /Users/gabrielroger/Documents/projects/weather-data/.venv/lib/python3.9/site-packages/airflow/example_dags/example_trigger_target_dag.py
[2023-03-27 21:16:47,599] {processor.py:651} INFO - DAG(s) dict_keys(['example_trigger_target_dag']) retrieved from /Users/gabrielroger/Documents/projects/weather-data/.venv/lib/python3.9/site-packages/airflow/example_dags/example_trigger_target_dag.py
[2023-03-27 21:16:47,629] {logging_mixin.py:115} INFO - [2023-03-27 21:16:47,629] {dag.py:2379} INFO - Sync 1 DAGs
[2023-03-27 21:16:47,636] {logging_mixin.py:115} INFO - [2023-03-27 21:16:47,636] {dag.py:2927} INFO - Setting next_dagrun for example_trigger_target_dag to None, run_after=None
[2023-03-27 21:16:47,641] {processor.py:161} INFO - Processing /Users/gabrielroger/Documents/projects/weather-data/.venv/lib/python3.9/site-packages/airflow/example_dags/example_trigger_target_dag.py took 0.059 seconds
[2023-03-27 21:17:29,666] {processor.py:153} INFO - Started process (PID=6829) to work on /Users/gabrielroger/Documents/projects/weather-data/.venv/lib/python3.9/site-packages/airflow/example_dags/example_trigger_target_dag.py
[2023-03-27 21:17:29,666] {processor.py:641} INFO - Processing file /Users/gabrielroger/Documents/projects/weather-data/.venv/lib/python3.9/site-packages/airflow/example_dags/example_trigger_target_dag.py for tasks to queue
[2023-03-27 21:17:29,666] {logging_mixin.py:115} INFO - [2023-03-27 21:17:29,666] {dagbag.py:507} INFO - Filling up the DagBag from /Users/gabrielroger/Documents/projects/weather-data/.venv/lib/python3.9/site-packages/airflow/example_dags/example_trigger_target_dag.py
[2023-03-27 21:17:29,683] {processor.py:651} INFO - DAG(s) dict_keys(['example_trigger_target_dag']) retrieved from /Users/gabrielroger/Documents/projects/weather-data/.venv/lib/python3.9/site-packages/airflow/example_dags/example_trigger_target_dag.py
[2023-03-27 21:17:29,713] {logging_mixin.py:115} INFO - [2023-03-27 21:17:29,713] {dag.py:2379} INFO - Sync 1 DAGs
[2023-03-27 21:17:29,719] {logging_mixin.py:115} INFO - [2023-03-27 21:17:29,719] {dag.py:2927} INFO - Setting next_dagrun for example_trigger_target_dag to None, run_after=None
[2023-03-27 21:17:29,724] {processor.py:161} INFO - Processing /Users/gabrielroger/Documents/projects/weather-data/.venv/lib/python3.9/site-packages/airflow/example_dags/example_trigger_target_dag.py took 0.059 seconds
[2023-03-27 21:18:11,578] {processor.py:153} INFO - Started process (PID=6900) to work on /Users/gabrielroger/Documents/projects/weather-data/.venv/lib/python3.9/site-packages/airflow/example_dags/example_trigger_target_dag.py
[2023-03-27 21:18:11,579] {processor.py:641} INFO - Processing file /Users/gabrielroger/Documents/projects/weather-data/.venv/lib/python3.9/site-packages/airflow/example_dags/example_trigger_target_dag.py for tasks to queue
[2023-03-27 21:18:11,579] {logging_mixin.py:115} INFO - [2023-03-27 21:18:11,579] {dagbag.py:507} INFO - Filling up the DagBag from /Users/gabrielroger/Documents/projects/weather-data/.venv/lib/python3.9/site-packages/airflow/example_dags/example_trigger_target_dag.py
[2023-03-27 21:18:11,596] {processor.py:651} INFO - DAG(s) dict_keys(['example_trigger_target_dag']) retrieved from /Users/gabrielroger/Documents/projects/weather-data/.venv/lib/python3.9/site-packages/airflow/example_dags/example_trigger_target_dag.py
[2023-03-27 21:18:11,626] {logging_mixin.py:115} INFO - [2023-03-27 21:18:11,626] {dag.py:2379} INFO - Sync 1 DAGs
[2023-03-27 21:18:11,632] {logging_mixin.py:115} INFO - [2023-03-27 21:18:11,632] {dag.py:2927} INFO - Setting next_dagrun for example_trigger_target_dag to None, run_after=None
[2023-03-27 21:18:11,637] {processor.py:161} INFO - Processing /Users/gabrielroger/Documents/projects/weather-data/.venv/lib/python3.9/site-packages/airflow/example_dags/example_trigger_target_dag.py took 0.060 seconds
[2023-03-27 21:18:55,193] {processor.py:153} INFO - Started process (PID=6976) to work on /Users/gabrielroger/Documents/projects/weather-data/.venv/lib/python3.9/site-packages/airflow/example_dags/example_trigger_target_dag.py
[2023-03-27 21:18:55,193] {processor.py:641} INFO - Processing file /Users/gabrielroger/Documents/projects/weather-data/.venv/lib/python3.9/site-packages/airflow/example_dags/example_trigger_target_dag.py for tasks to queue
[2023-03-27 21:18:55,193] {logging_mixin.py:115} INFO - [2023-03-27 21:18:55,193] {dagbag.py:507} INFO - Filling up the DagBag from /Users/gabrielroger/Documents/projects/weather-data/.venv/lib/python3.9/site-packages/airflow/example_dags/example_trigger_target_dag.py
[2023-03-27 21:18:55,211] {processor.py:651} INFO - DAG(s) dict_keys(['example_trigger_target_dag']) retrieved from /Users/gabrielroger/Documents/projects/weather-data/.venv/lib/python3.9/site-packages/airflow/example_dags/example_trigger_target_dag.py
[2023-03-27 21:18:55,241] {logging_mixin.py:115} INFO - [2023-03-27 21:18:55,240] {dag.py:2379} INFO - Sync 1 DAGs
[2023-03-27 21:18:55,247] {logging_mixin.py:115} INFO - [2023-03-27 21:18:55,247] {dag.py:2927} INFO - Setting next_dagrun for example_trigger_target_dag to None, run_after=None
[2023-03-27 21:18:55,252] {processor.py:161} INFO - Processing /Users/gabrielroger/Documents/projects/weather-data/.venv/lib/python3.9/site-packages/airflow/example_dags/example_trigger_target_dag.py took 0.060 seconds
[2023-03-27 21:19:38,391] {processor.py:153} INFO - Started process (PID=7050) to work on /Users/gabrielroger/Documents/projects/weather-data/.venv/lib/python3.9/site-packages/airflow/example_dags/example_trigger_target_dag.py
[2023-03-27 21:19:38,391] {processor.py:641} INFO - Processing file /Users/gabrielroger/Documents/projects/weather-data/.venv/lib/python3.9/site-packages/airflow/example_dags/example_trigger_target_dag.py for tasks to queue
[2023-03-27 21:19:38,391] {logging_mixin.py:115} INFO - [2023-03-27 21:19:38,391] {dagbag.py:507} INFO - Filling up the DagBag from /Users/gabrielroger/Documents/projects/weather-data/.venv/lib/python3.9/site-packages/airflow/example_dags/example_trigger_target_dag.py
[2023-03-27 21:19:38,408] {processor.py:651} INFO - DAG(s) dict_keys(['example_trigger_target_dag']) retrieved from /Users/gabrielroger/Documents/projects/weather-data/.venv/lib/python3.9/site-packages/airflow/example_dags/example_trigger_target_dag.py
[2023-03-27 21:19:38,438] {logging_mixin.py:115} INFO - [2023-03-27 21:19:38,438] {dag.py:2379} INFO - Sync 1 DAGs
[2023-03-27 21:19:38,445] {logging_mixin.py:115} INFO - [2023-03-27 21:19:38,445] {dag.py:2927} INFO - Setting next_dagrun for example_trigger_target_dag to None, run_after=None
[2023-03-27 21:19:38,450] {processor.py:161} INFO - Processing /Users/gabrielroger/Documents/projects/weather-data/.venv/lib/python3.9/site-packages/airflow/example_dags/example_trigger_target_dag.py took 0.060 seconds
[2023-03-27 21:20:23,243] {processor.py:153} INFO - Started process (PID=7123) to work on /Users/gabrielroger/Documents/projects/weather-data/.venv/lib/python3.9/site-packages/airflow/example_dags/example_trigger_target_dag.py
[2023-03-27 21:20:23,243] {processor.py:641} INFO - Processing file /Users/gabrielroger/Documents/projects/weather-data/.venv/lib/python3.9/site-packages/airflow/example_dags/example_trigger_target_dag.py for tasks to queue
[2023-03-27 21:20:23,244] {logging_mixin.py:115} INFO - [2023-03-27 21:20:23,244] {dagbag.py:507} INFO - Filling up the DagBag from /Users/gabrielroger/Documents/projects/weather-data/.venv/lib/python3.9/site-packages/airflow/example_dags/example_trigger_target_dag.py
[2023-03-27 21:20:23,260] {processor.py:651} INFO - DAG(s) dict_keys(['example_trigger_target_dag']) retrieved from /Users/gabrielroger/Documents/projects/weather-data/.venv/lib/python3.9/site-packages/airflow/example_dags/example_trigger_target_dag.py
[2023-03-27 21:20:23,291] {logging_mixin.py:115} INFO - [2023-03-27 21:20:23,291] {dag.py:2379} INFO - Sync 1 DAGs
[2023-03-27 21:20:23,297] {logging_mixin.py:115} INFO - [2023-03-27 21:20:23,297] {dag.py:2927} INFO - Setting next_dagrun for example_trigger_target_dag to None, run_after=None
[2023-03-27 21:20:23,302] {processor.py:161} INFO - Processing /Users/gabrielroger/Documents/projects/weather-data/.venv/lib/python3.9/site-packages/airflow/example_dags/example_trigger_target_dag.py took 0.059 seconds
[2023-03-27 21:21:09,042] {processor.py:153} INFO - Started process (PID=7198) to work on /Users/gabrielroger/Documents/projects/weather-data/.venv/lib/python3.9/site-packages/airflow/example_dags/example_trigger_target_dag.py
[2023-03-27 21:21:09,042] {processor.py:641} INFO - Processing file /Users/gabrielroger/Documents/projects/weather-data/.venv/lib/python3.9/site-packages/airflow/example_dags/example_trigger_target_dag.py for tasks to queue
[2023-03-27 21:21:09,042] {logging_mixin.py:115} INFO - [2023-03-27 21:21:09,042] {dagbag.py:507} INFO - Filling up the DagBag from /Users/gabrielroger/Documents/projects/weather-data/.venv/lib/python3.9/site-packages/airflow/example_dags/example_trigger_target_dag.py
[2023-03-27 21:21:09,059] {processor.py:651} INFO - DAG(s) dict_keys(['example_trigger_target_dag']) retrieved from /Users/gabrielroger/Documents/projects/weather-data/.venv/lib/python3.9/site-packages/airflow/example_dags/example_trigger_target_dag.py
[2023-03-27 21:21:09,089] {logging_mixin.py:115} INFO - [2023-03-27 21:21:09,089] {dag.py:2379} INFO - Sync 1 DAGs
[2023-03-27 21:21:09,096] {logging_mixin.py:115} INFO - [2023-03-27 21:21:09,096] {dag.py:2927} INFO - Setting next_dagrun for example_trigger_target_dag to None, run_after=None
[2023-03-27 21:21:09,101] {processor.py:161} INFO - Processing /Users/gabrielroger/Documents/projects/weather-data/.venv/lib/python3.9/site-packages/airflow/example_dags/example_trigger_target_dag.py took 0.059 seconds
[2023-03-27 21:21:54,366] {processor.py:153} INFO - Started process (PID=7272) to work on /Users/gabrielroger/Documents/projects/weather-data/.venv/lib/python3.9/site-packages/airflow/example_dags/example_trigger_target_dag.py
[2023-03-27 21:21:54,366] {processor.py:641} INFO - Processing file /Users/gabrielroger/Documents/projects/weather-data/.venv/lib/python3.9/site-packages/airflow/example_dags/example_trigger_target_dag.py for tasks to queue
[2023-03-27 21:21:54,366] {logging_mixin.py:115} INFO - [2023-03-27 21:21:54,366] {dagbag.py:507} INFO - Filling up the DagBag from /Users/gabrielroger/Documents/projects/weather-data/.venv/lib/python3.9/site-packages/airflow/example_dags/example_trigger_target_dag.py
[2023-03-27 21:21:54,382] {processor.py:651} INFO - DAG(s) dict_keys(['example_trigger_target_dag']) retrieved from /Users/gabrielroger/Documents/projects/weather-data/.venv/lib/python3.9/site-packages/airflow/example_dags/example_trigger_target_dag.py
[2023-03-27 21:21:54,412] {logging_mixin.py:115} INFO - [2023-03-27 21:21:54,412] {dag.py:2379} INFO - Sync 1 DAGs
[2023-03-27 21:21:54,419] {logging_mixin.py:115} INFO - [2023-03-27 21:21:54,419] {dag.py:2927} INFO - Setting next_dagrun for example_trigger_target_dag to None, run_after=None
[2023-03-27 21:21:54,424] {processor.py:161} INFO - Processing /Users/gabrielroger/Documents/projects/weather-data/.venv/lib/python3.9/site-packages/airflow/example_dags/example_trigger_target_dag.py took 0.058 seconds
[2023-03-27 21:22:39,829] {processor.py:153} INFO - Started process (PID=7346) to work on /Users/gabrielroger/Documents/projects/weather-data/.venv/lib/python3.9/site-packages/airflow/example_dags/example_trigger_target_dag.py
[2023-03-27 21:22:39,829] {processor.py:641} INFO - Processing file /Users/gabrielroger/Documents/projects/weather-data/.venv/lib/python3.9/site-packages/airflow/example_dags/example_trigger_target_dag.py for tasks to queue
[2023-03-27 21:22:39,829] {logging_mixin.py:115} INFO - [2023-03-27 21:22:39,829] {dagbag.py:507} INFO - Filling up the DagBag from /Users/gabrielroger/Documents/projects/weather-data/.venv/lib/python3.9/site-packages/airflow/example_dags/example_trigger_target_dag.py
[2023-03-27 21:22:39,846] {processor.py:651} INFO - DAG(s) dict_keys(['example_trigger_target_dag']) retrieved from /Users/gabrielroger/Documents/projects/weather-data/.venv/lib/python3.9/site-packages/airflow/example_dags/example_trigger_target_dag.py
[2023-03-27 21:22:39,877] {logging_mixin.py:115} INFO - [2023-03-27 21:22:39,877] {dag.py:2379} INFO - Sync 1 DAGs
[2023-03-27 21:22:39,884] {logging_mixin.py:115} INFO - [2023-03-27 21:22:39,884] {dag.py:2927} INFO - Setting next_dagrun for example_trigger_target_dag to None, run_after=None
[2023-03-27 21:22:39,889] {processor.py:161} INFO - Processing /Users/gabrielroger/Documents/projects/weather-data/.venv/lib/python3.9/site-packages/airflow/example_dags/example_trigger_target_dag.py took 0.060 seconds
[2023-03-27 21:23:22,003] {processor.py:153} INFO - Started process (PID=7419) to work on /Users/gabrielroger/Documents/projects/weather-data/.venv/lib/python3.9/site-packages/airflow/example_dags/example_trigger_target_dag.py
[2023-03-27 21:23:22,004] {processor.py:641} INFO - Processing file /Users/gabrielroger/Documents/projects/weather-data/.venv/lib/python3.9/site-packages/airflow/example_dags/example_trigger_target_dag.py for tasks to queue
[2023-03-27 21:23:22,004] {logging_mixin.py:115} INFO - [2023-03-27 21:23:22,004] {dagbag.py:507} INFO - Filling up the DagBag from /Users/gabrielroger/Documents/projects/weather-data/.venv/lib/python3.9/site-packages/airflow/example_dags/example_trigger_target_dag.py
[2023-03-27 21:23:22,020] {processor.py:651} INFO - DAG(s) dict_keys(['example_trigger_target_dag']) retrieved from /Users/gabrielroger/Documents/projects/weather-data/.venv/lib/python3.9/site-packages/airflow/example_dags/example_trigger_target_dag.py
[2023-03-27 21:23:22,050] {logging_mixin.py:115} INFO - [2023-03-27 21:23:22,050] {dag.py:2379} INFO - Sync 1 DAGs
[2023-03-27 21:23:22,057] {logging_mixin.py:115} INFO - [2023-03-27 21:23:22,057] {dag.py:2927} INFO - Setting next_dagrun for example_trigger_target_dag to None, run_after=None
[2023-03-27 21:23:22,062] {processor.py:161} INFO - Processing /Users/gabrielroger/Documents/projects/weather-data/.venv/lib/python3.9/site-packages/airflow/example_dags/example_trigger_target_dag.py took 0.059 seconds
[2023-03-27 21:24:07,632] {processor.py:153} INFO - Started process (PID=7500) to work on /Users/gabrielroger/Documents/projects/weather-data/.venv/lib/python3.9/site-packages/airflow/example_dags/example_trigger_target_dag.py
[2023-03-27 21:24:07,633] {processor.py:641} INFO - Processing file /Users/gabrielroger/Documents/projects/weather-data/.venv/lib/python3.9/site-packages/airflow/example_dags/example_trigger_target_dag.py for tasks to queue
[2023-03-27 21:24:07,633] {logging_mixin.py:115} INFO - [2023-03-27 21:24:07,633] {dagbag.py:507} INFO - Filling up the DagBag from /Users/gabrielroger/Documents/projects/weather-data/.venv/lib/python3.9/site-packages/airflow/example_dags/example_trigger_target_dag.py
[2023-03-27 21:24:07,651] {processor.py:651} INFO - DAG(s) dict_keys(['example_trigger_target_dag']) retrieved from /Users/gabrielroger/Documents/projects/weather-data/.venv/lib/python3.9/site-packages/airflow/example_dags/example_trigger_target_dag.py
[2023-03-27 21:24:07,682] {logging_mixin.py:115} INFO - [2023-03-27 21:24:07,681] {dag.py:2379} INFO - Sync 1 DAGs
[2023-03-27 21:24:07,689] {logging_mixin.py:115} INFO - [2023-03-27 21:24:07,689] {dag.py:2927} INFO - Setting next_dagrun for example_trigger_target_dag to None, run_after=None
[2023-03-27 21:24:07,694] {processor.py:161} INFO - Processing /Users/gabrielroger/Documents/projects/weather-data/.venv/lib/python3.9/site-packages/airflow/example_dags/example_trigger_target_dag.py took 0.062 seconds
[2023-03-27 21:24:51,845] {processor.py:153} INFO - Started process (PID=7595) to work on /Users/gabrielroger/Documents/projects/weather-data/.venv/lib/python3.9/site-packages/airflow/example_dags/example_trigger_target_dag.py
[2023-03-27 21:24:51,845] {processor.py:641} INFO - Processing file /Users/gabrielroger/Documents/projects/weather-data/.venv/lib/python3.9/site-packages/airflow/example_dags/example_trigger_target_dag.py for tasks to queue
[2023-03-27 21:24:51,845] {logging_mixin.py:115} INFO - [2023-03-27 21:24:51,845] {dagbag.py:507} INFO - Filling up the DagBag from /Users/gabrielroger/Documents/projects/weather-data/.venv/lib/python3.9/site-packages/airflow/example_dags/example_trigger_target_dag.py
[2023-03-27 21:24:51,862] {processor.py:651} INFO - DAG(s) dict_keys(['example_trigger_target_dag']) retrieved from /Users/gabrielroger/Documents/projects/weather-data/.venv/lib/python3.9/site-packages/airflow/example_dags/example_trigger_target_dag.py
[2023-03-27 21:24:51,893] {logging_mixin.py:115} INFO - [2023-03-27 21:24:51,893] {dag.py:2379} INFO - Sync 1 DAGs
[2023-03-27 21:24:51,900] {logging_mixin.py:115} INFO - [2023-03-27 21:24:51,900] {dag.py:2927} INFO - Setting next_dagrun for example_trigger_target_dag to None, run_after=None
[2023-03-27 21:24:51,904] {processor.py:161} INFO - Processing /Users/gabrielroger/Documents/projects/weather-data/.venv/lib/python3.9/site-packages/airflow/example_dags/example_trigger_target_dag.py took 0.060 seconds
[2023-03-27 21:25:34,722] {processor.py:153} INFO - Started process (PID=7681) to work on /Users/gabrielroger/Documents/projects/weather-data/.venv/lib/python3.9/site-packages/airflow/example_dags/example_trigger_target_dag.py
[2023-03-27 21:25:34,722] {processor.py:641} INFO - Processing file /Users/gabrielroger/Documents/projects/weather-data/.venv/lib/python3.9/site-packages/airflow/example_dags/example_trigger_target_dag.py for tasks to queue
[2023-03-27 21:25:34,722] {logging_mixin.py:115} INFO - [2023-03-27 21:25:34,722] {dagbag.py:507} INFO - Filling up the DagBag from /Users/gabrielroger/Documents/projects/weather-data/.venv/lib/python3.9/site-packages/airflow/example_dags/example_trigger_target_dag.py
[2023-03-27 21:25:34,739] {processor.py:651} INFO - DAG(s) dict_keys(['example_trigger_target_dag']) retrieved from /Users/gabrielroger/Documents/projects/weather-data/.venv/lib/python3.9/site-packages/airflow/example_dags/example_trigger_target_dag.py
[2023-03-27 21:25:34,770] {logging_mixin.py:115} INFO - [2023-03-27 21:25:34,769] {dag.py:2379} INFO - Sync 1 DAGs
[2023-03-27 21:25:34,776] {logging_mixin.py:115} INFO - [2023-03-27 21:25:34,776] {dag.py:2927} INFO - Setting next_dagrun for example_trigger_target_dag to None, run_after=None
[2023-03-27 21:25:34,781] {processor.py:161} INFO - Processing /Users/gabrielroger/Documents/projects/weather-data/.venv/lib/python3.9/site-packages/airflow/example_dags/example_trigger_target_dag.py took 0.059 seconds
[2023-03-27 21:26:18,612] {processor.py:153} INFO - Started process (PID=7757) to work on /Users/gabrielroger/Documents/projects/weather-data/.venv/lib/python3.9/site-packages/airflow/example_dags/example_trigger_target_dag.py
[2023-03-27 21:26:18,612] {processor.py:641} INFO - Processing file /Users/gabrielroger/Documents/projects/weather-data/.venv/lib/python3.9/site-packages/airflow/example_dags/example_trigger_target_dag.py for tasks to queue
[2023-03-27 21:26:18,612] {logging_mixin.py:115} INFO - [2023-03-27 21:26:18,612] {dagbag.py:507} INFO - Filling up the DagBag from /Users/gabrielroger/Documents/projects/weather-data/.venv/lib/python3.9/site-packages/airflow/example_dags/example_trigger_target_dag.py
[2023-03-27 21:26:18,628] {processor.py:651} INFO - DAG(s) dict_keys(['example_trigger_target_dag']) retrieved from /Users/gabrielroger/Documents/projects/weather-data/.venv/lib/python3.9/site-packages/airflow/example_dags/example_trigger_target_dag.py
[2023-03-27 21:26:18,659] {logging_mixin.py:115} INFO - [2023-03-27 21:26:18,659] {dag.py:2379} INFO - Sync 1 DAGs
[2023-03-27 21:26:18,666] {logging_mixin.py:115} INFO - [2023-03-27 21:26:18,665] {dag.py:2927} INFO - Setting next_dagrun for example_trigger_target_dag to None, run_after=None
[2023-03-27 21:26:18,671] {processor.py:161} INFO - Processing /Users/gabrielroger/Documents/projects/weather-data/.venv/lib/python3.9/site-packages/airflow/example_dags/example_trigger_target_dag.py took 0.059 seconds
[2023-03-27 21:27:04,094] {processor.py:153} INFO - Started process (PID=7832) to work on /Users/gabrielroger/Documents/projects/weather-data/.venv/lib/python3.9/site-packages/airflow/example_dags/example_trigger_target_dag.py
[2023-03-27 21:27:04,094] {processor.py:641} INFO - Processing file /Users/gabrielroger/Documents/projects/weather-data/.venv/lib/python3.9/site-packages/airflow/example_dags/example_trigger_target_dag.py for tasks to queue
[2023-03-27 21:27:04,094] {logging_mixin.py:115} INFO - [2023-03-27 21:27:04,094] {dagbag.py:507} INFO - Filling up the DagBag from /Users/gabrielroger/Documents/projects/weather-data/.venv/lib/python3.9/site-packages/airflow/example_dags/example_trigger_target_dag.py
[2023-03-27 21:27:04,110] {processor.py:651} INFO - DAG(s) dict_keys(['example_trigger_target_dag']) retrieved from /Users/gabrielroger/Documents/projects/weather-data/.venv/lib/python3.9/site-packages/airflow/example_dags/example_trigger_target_dag.py
[2023-03-27 21:27:04,140] {logging_mixin.py:115} INFO - [2023-03-27 21:27:04,140] {dag.py:2379} INFO - Sync 1 DAGs
[2023-03-27 21:27:04,147] {logging_mixin.py:115} INFO - [2023-03-27 21:27:04,147] {dag.py:2927} INFO - Setting next_dagrun for example_trigger_target_dag to None, run_after=None
[2023-03-27 21:27:04,152] {processor.py:161} INFO - Processing /Users/gabrielroger/Documents/projects/weather-data/.venv/lib/python3.9/site-packages/airflow/example_dags/example_trigger_target_dag.py took 0.059 seconds
[2023-03-27 21:27:47,738] {processor.py:153} INFO - Started process (PID=7903) to work on /Users/gabrielroger/Documents/projects/weather-data/.venv/lib/python3.9/site-packages/airflow/example_dags/example_trigger_target_dag.py
[2023-03-27 21:27:47,738] {processor.py:641} INFO - Processing file /Users/gabrielroger/Documents/projects/weather-data/.venv/lib/python3.9/site-packages/airflow/example_dags/example_trigger_target_dag.py for tasks to queue
[2023-03-27 21:27:47,738] {logging_mixin.py:115} INFO - [2023-03-27 21:27:47,738] {dagbag.py:507} INFO - Filling up the DagBag from /Users/gabrielroger/Documents/projects/weather-data/.venv/lib/python3.9/site-packages/airflow/example_dags/example_trigger_target_dag.py
[2023-03-27 21:27:47,755] {processor.py:651} INFO - DAG(s) dict_keys(['example_trigger_target_dag']) retrieved from /Users/gabrielroger/Documents/projects/weather-data/.venv/lib/python3.9/site-packages/airflow/example_dags/example_trigger_target_dag.py
[2023-03-27 21:27:47,785] {logging_mixin.py:115} INFO - [2023-03-27 21:27:47,784] {dag.py:2379} INFO - Sync 1 DAGs
[2023-03-27 21:27:47,791] {logging_mixin.py:115} INFO - [2023-03-27 21:27:47,791] {dag.py:2927} INFO - Setting next_dagrun for example_trigger_target_dag to None, run_after=None
[2023-03-27 21:27:47,796] {processor.py:161} INFO - Processing /Users/gabrielroger/Documents/projects/weather-data/.venv/lib/python3.9/site-packages/airflow/example_dags/example_trigger_target_dag.py took 0.059 seconds
[2023-03-27 21:28:31,708] {processor.py:153} INFO - Started process (PID=7979) to work on /Users/gabrielroger/Documents/projects/weather-data/.venv/lib/python3.9/site-packages/airflow/example_dags/example_trigger_target_dag.py
[2023-03-27 21:28:31,708] {processor.py:641} INFO - Processing file /Users/gabrielroger/Documents/projects/weather-data/.venv/lib/python3.9/site-packages/airflow/example_dags/example_trigger_target_dag.py for tasks to queue
[2023-03-27 21:28:31,709] {logging_mixin.py:115} INFO - [2023-03-27 21:28:31,708] {dagbag.py:507} INFO - Filling up the DagBag from /Users/gabrielroger/Documents/projects/weather-data/.venv/lib/python3.9/site-packages/airflow/example_dags/example_trigger_target_dag.py
[2023-03-27 21:28:31,725] {processor.py:651} INFO - DAG(s) dict_keys(['example_trigger_target_dag']) retrieved from /Users/gabrielroger/Documents/projects/weather-data/.venv/lib/python3.9/site-packages/airflow/example_dags/example_trigger_target_dag.py
[2023-03-27 21:28:31,755] {logging_mixin.py:115} INFO - [2023-03-27 21:28:31,755] {dag.py:2379} INFO - Sync 1 DAGs
[2023-03-27 21:28:31,762] {logging_mixin.py:115} INFO - [2023-03-27 21:28:31,762] {dag.py:2927} INFO - Setting next_dagrun for example_trigger_target_dag to None, run_after=None
[2023-03-27 21:28:31,767] {processor.py:161} INFO - Processing /Users/gabrielroger/Documents/projects/weather-data/.venv/lib/python3.9/site-packages/airflow/example_dags/example_trigger_target_dag.py took 0.059 seconds
[2023-03-27 21:29:13,710] {processor.py:153} INFO - Started process (PID=8064) to work on /Users/gabrielroger/Documents/projects/weather-data/.venv/lib/python3.9/site-packages/airflow/example_dags/example_trigger_target_dag.py
[2023-03-27 21:29:13,710] {processor.py:641} INFO - Processing file /Users/gabrielroger/Documents/projects/weather-data/.venv/lib/python3.9/site-packages/airflow/example_dags/example_trigger_target_dag.py for tasks to queue
[2023-03-27 21:29:13,711] {logging_mixin.py:115} INFO - [2023-03-27 21:29:13,711] {dagbag.py:507} INFO - Filling up the DagBag from /Users/gabrielroger/Documents/projects/weather-data/.venv/lib/python3.9/site-packages/airflow/example_dags/example_trigger_target_dag.py
[2023-03-27 21:29:13,728] {processor.py:651} INFO - DAG(s) dict_keys(['example_trigger_target_dag']) retrieved from /Users/gabrielroger/Documents/projects/weather-data/.venv/lib/python3.9/site-packages/airflow/example_dags/example_trigger_target_dag.py
[2023-03-27 21:29:13,758] {logging_mixin.py:115} INFO - [2023-03-27 21:29:13,758] {dag.py:2379} INFO - Sync 1 DAGs
[2023-03-27 21:29:13,764] {logging_mixin.py:115} INFO - [2023-03-27 21:29:13,764] {dag.py:2927} INFO - Setting next_dagrun for example_trigger_target_dag to None, run_after=None
[2023-03-27 21:29:13,769] {processor.py:161} INFO - Processing /Users/gabrielroger/Documents/projects/weather-data/.venv/lib/python3.9/site-packages/airflow/example_dags/example_trigger_target_dag.py took 0.059 seconds
[2023-03-27 21:29:55,975] {processor.py:153} INFO - Started process (PID=8154) to work on /Users/gabrielroger/Documents/projects/weather-data/.venv/lib/python3.9/site-packages/airflow/example_dags/example_trigger_target_dag.py
[2023-03-27 21:29:55,975] {processor.py:641} INFO - Processing file /Users/gabrielroger/Documents/projects/weather-data/.venv/lib/python3.9/site-packages/airflow/example_dags/example_trigger_target_dag.py for tasks to queue
[2023-03-27 21:29:55,975] {logging_mixin.py:115} INFO - [2023-03-27 21:29:55,975] {dagbag.py:507} INFO - Filling up the DagBag from /Users/gabrielroger/Documents/projects/weather-data/.venv/lib/python3.9/site-packages/airflow/example_dags/example_trigger_target_dag.py
[2023-03-27 21:29:55,992] {processor.py:651} INFO - DAG(s) dict_keys(['example_trigger_target_dag']) retrieved from /Users/gabrielroger/Documents/projects/weather-data/.venv/lib/python3.9/site-packages/airflow/example_dags/example_trigger_target_dag.py
[2023-03-27 21:29:56,022] {logging_mixin.py:115} INFO - [2023-03-27 21:29:56,022] {dag.py:2379} INFO - Sync 1 DAGs
[2023-03-27 21:29:56,028] {logging_mixin.py:115} INFO - [2023-03-27 21:29:56,028] {dag.py:2927} INFO - Setting next_dagrun for example_trigger_target_dag to None, run_after=None
[2023-03-27 21:29:56,033] {processor.py:161} INFO - Processing /Users/gabrielroger/Documents/projects/weather-data/.venv/lib/python3.9/site-packages/airflow/example_dags/example_trigger_target_dag.py took 0.059 seconds
[2023-03-27 21:30:39,179] {processor.py:153} INFO - Started process (PID=8239) to work on /Users/gabrielroger/Documents/projects/weather-data/.venv/lib/python3.9/site-packages/airflow/example_dags/example_trigger_target_dag.py
[2023-03-27 21:30:39,179] {processor.py:641} INFO - Processing file /Users/gabrielroger/Documents/projects/weather-data/.venv/lib/python3.9/site-packages/airflow/example_dags/example_trigger_target_dag.py for tasks to queue
[2023-03-27 21:30:39,179] {logging_mixin.py:115} INFO - [2023-03-27 21:30:39,179] {dagbag.py:507} INFO - Filling up the DagBag from /Users/gabrielroger/Documents/projects/weather-data/.venv/lib/python3.9/site-packages/airflow/example_dags/example_trigger_target_dag.py
[2023-03-27 21:30:39,196] {processor.py:651} INFO - DAG(s) dict_keys(['example_trigger_target_dag']) retrieved from /Users/gabrielroger/Documents/projects/weather-data/.venv/lib/python3.9/site-packages/airflow/example_dags/example_trigger_target_dag.py
[2023-03-27 21:30:39,226] {logging_mixin.py:115} INFO - [2023-03-27 21:30:39,226] {dag.py:2379} INFO - Sync 1 DAGs
[2023-03-27 21:30:39,232] {logging_mixin.py:115} INFO - [2023-03-27 21:30:39,232] {dag.py:2927} INFO - Setting next_dagrun for example_trigger_target_dag to None, run_after=None
[2023-03-27 21:30:39,237] {processor.py:161} INFO - Processing /Users/gabrielroger/Documents/projects/weather-data/.venv/lib/python3.9/site-packages/airflow/example_dags/example_trigger_target_dag.py took 0.059 seconds
[2023-03-27 21:31:21,113] {processor.py:153} INFO - Started process (PID=8309) to work on /Users/gabrielroger/Documents/projects/weather-data/.venv/lib/python3.9/site-packages/airflow/example_dags/example_trigger_target_dag.py
[2023-03-27 21:31:21,113] {processor.py:641} INFO - Processing file /Users/gabrielroger/Documents/projects/weather-data/.venv/lib/python3.9/site-packages/airflow/example_dags/example_trigger_target_dag.py for tasks to queue
[2023-03-27 21:31:21,113] {logging_mixin.py:115} INFO - [2023-03-27 21:31:21,113] {dagbag.py:507} INFO - Filling up the DagBag from /Users/gabrielroger/Documents/projects/weather-data/.venv/lib/python3.9/site-packages/airflow/example_dags/example_trigger_target_dag.py
[2023-03-27 21:31:21,130] {processor.py:651} INFO - DAG(s) dict_keys(['example_trigger_target_dag']) retrieved from /Users/gabrielroger/Documents/projects/weather-data/.venv/lib/python3.9/site-packages/airflow/example_dags/example_trigger_target_dag.py
[2023-03-27 21:31:21,160] {logging_mixin.py:115} INFO - [2023-03-27 21:31:21,160] {dag.py:2379} INFO - Sync 1 DAGs
[2023-03-27 21:31:21,167] {logging_mixin.py:115} INFO - [2023-03-27 21:31:21,167] {dag.py:2927} INFO - Setting next_dagrun for example_trigger_target_dag to None, run_after=None
[2023-03-27 21:31:21,172] {processor.py:161} INFO - Processing /Users/gabrielroger/Documents/projects/weather-data/.venv/lib/python3.9/site-packages/airflow/example_dags/example_trigger_target_dag.py took 0.059 seconds
[2023-03-27 21:32:05,091] {processor.py:153} INFO - Started process (PID=8382) to work on /Users/gabrielroger/Documents/projects/weather-data/.venv/lib/python3.9/site-packages/airflow/example_dags/example_trigger_target_dag.py
[2023-03-27 21:32:05,091] {processor.py:641} INFO - Processing file /Users/gabrielroger/Documents/projects/weather-data/.venv/lib/python3.9/site-packages/airflow/example_dags/example_trigger_target_dag.py for tasks to queue
[2023-03-27 21:32:05,092] {logging_mixin.py:115} INFO - [2023-03-27 21:32:05,092] {dagbag.py:507} INFO - Filling up the DagBag from /Users/gabrielroger/Documents/projects/weather-data/.venv/lib/python3.9/site-packages/airflow/example_dags/example_trigger_target_dag.py
[2023-03-27 21:32:05,108] {processor.py:651} INFO - DAG(s) dict_keys(['example_trigger_target_dag']) retrieved from /Users/gabrielroger/Documents/projects/weather-data/.venv/lib/python3.9/site-packages/airflow/example_dags/example_trigger_target_dag.py
[2023-03-27 21:32:05,138] {logging_mixin.py:115} INFO - [2023-03-27 21:32:05,138] {dag.py:2379} INFO - Sync 1 DAGs
[2023-03-27 21:32:05,145] {logging_mixin.py:115} INFO - [2023-03-27 21:32:05,145] {dag.py:2927} INFO - Setting next_dagrun for example_trigger_target_dag to None, run_after=None
[2023-03-27 21:32:05,150] {processor.py:161} INFO - Processing /Users/gabrielroger/Documents/projects/weather-data/.venv/lib/python3.9/site-packages/airflow/example_dags/example_trigger_target_dag.py took 0.059 seconds
[2023-03-27 21:32:49,482] {processor.py:153} INFO - Started process (PID=8456) to work on /Users/gabrielroger/Documents/projects/weather-data/.venv/lib/python3.9/site-packages/airflow/example_dags/example_trigger_target_dag.py
[2023-03-27 21:32:49,482] {processor.py:641} INFO - Processing file /Users/gabrielroger/Documents/projects/weather-data/.venv/lib/python3.9/site-packages/airflow/example_dags/example_trigger_target_dag.py for tasks to queue
[2023-03-27 21:32:49,482] {logging_mixin.py:115} INFO - [2023-03-27 21:32:49,482] {dagbag.py:507} INFO - Filling up the DagBag from /Users/gabrielroger/Documents/projects/weather-data/.venv/lib/python3.9/site-packages/airflow/example_dags/example_trigger_target_dag.py
[2023-03-27 21:32:49,498] {processor.py:651} INFO - DAG(s) dict_keys(['example_trigger_target_dag']) retrieved from /Users/gabrielroger/Documents/projects/weather-data/.venv/lib/python3.9/site-packages/airflow/example_dags/example_trigger_target_dag.py
[2023-03-27 21:32:49,529] {logging_mixin.py:115} INFO - [2023-03-27 21:32:49,528] {dag.py:2379} INFO - Sync 1 DAGs
[2023-03-27 21:32:49,535] {logging_mixin.py:115} INFO - [2023-03-27 21:32:49,535] {dag.py:2927} INFO - Setting next_dagrun for example_trigger_target_dag to None, run_after=None
[2023-03-27 21:32:49,540] {processor.py:161} INFO - Processing /Users/gabrielroger/Documents/projects/weather-data/.venv/lib/python3.9/site-packages/airflow/example_dags/example_trigger_target_dag.py took 0.059 seconds
[2023-03-27 21:33:35,184] {processor.py:153} INFO - Started process (PID=8529) to work on /Users/gabrielroger/Documents/projects/weather-data/.venv/lib/python3.9/site-packages/airflow/example_dags/example_trigger_target_dag.py
[2023-03-27 21:33:35,184] {processor.py:641} INFO - Processing file /Users/gabrielroger/Documents/projects/weather-data/.venv/lib/python3.9/site-packages/airflow/example_dags/example_trigger_target_dag.py for tasks to queue
[2023-03-27 21:33:35,184] {logging_mixin.py:115} INFO - [2023-03-27 21:33:35,184] {dagbag.py:507} INFO - Filling up the DagBag from /Users/gabrielroger/Documents/projects/weather-data/.venv/lib/python3.9/site-packages/airflow/example_dags/example_trigger_target_dag.py
[2023-03-27 21:33:35,200] {processor.py:651} INFO - DAG(s) dict_keys(['example_trigger_target_dag']) retrieved from /Users/gabrielroger/Documents/projects/weather-data/.venv/lib/python3.9/site-packages/airflow/example_dags/example_trigger_target_dag.py
[2023-03-27 21:33:35,231] {logging_mixin.py:115} INFO - [2023-03-27 21:33:35,230] {dag.py:2379} INFO - Sync 1 DAGs
[2023-03-27 21:33:35,237] {logging_mixin.py:115} INFO - [2023-03-27 21:33:35,237] {dag.py:2927} INFO - Setting next_dagrun for example_trigger_target_dag to None, run_after=None
[2023-03-27 21:33:35,242] {processor.py:161} INFO - Processing /Users/gabrielroger/Documents/projects/weather-data/.venv/lib/python3.9/site-packages/airflow/example_dags/example_trigger_target_dag.py took 0.058 seconds
[2023-03-27 21:34:19,261] {processor.py:153} INFO - Started process (PID=8608) to work on /Users/gabrielroger/Documents/projects/weather-data/.venv/lib/python3.9/site-packages/airflow/example_dags/example_trigger_target_dag.py
[2023-03-27 21:34:19,261] {processor.py:641} INFO - Processing file /Users/gabrielroger/Documents/projects/weather-data/.venv/lib/python3.9/site-packages/airflow/example_dags/example_trigger_target_dag.py for tasks to queue
[2023-03-27 21:34:19,261] {logging_mixin.py:115} INFO - [2023-03-27 21:34:19,261] {dagbag.py:507} INFO - Filling up the DagBag from /Users/gabrielroger/Documents/projects/weather-data/.venv/lib/python3.9/site-packages/airflow/example_dags/example_trigger_target_dag.py
[2023-03-27 21:34:19,277] {processor.py:651} INFO - DAG(s) dict_keys(['example_trigger_target_dag']) retrieved from /Users/gabrielroger/Documents/projects/weather-data/.venv/lib/python3.9/site-packages/airflow/example_dags/example_trigger_target_dag.py
[2023-03-27 21:34:19,307] {logging_mixin.py:115} INFO - [2023-03-27 21:34:19,307] {dag.py:2379} INFO - Sync 1 DAGs
[2023-03-27 21:34:19,314] {logging_mixin.py:115} INFO - [2023-03-27 21:34:19,314] {dag.py:2927} INFO - Setting next_dagrun for example_trigger_target_dag to None, run_after=None
[2023-03-27 21:34:19,319] {processor.py:161} INFO - Processing /Users/gabrielroger/Documents/projects/weather-data/.venv/lib/python3.9/site-packages/airflow/example_dags/example_trigger_target_dag.py took 0.059 seconds
[2023-03-27 21:59:46,923] {processor.py:153} INFO - Started process (PID=8738) to work on /Users/gabrielroger/Documents/projects/weather-data/.venv/lib/python3.9/site-packages/airflow/example_dags/example_trigger_target_dag.py
[2023-03-27 21:59:46,924] {processor.py:641} INFO - Processing file /Users/gabrielroger/Documents/projects/weather-data/.venv/lib/python3.9/site-packages/airflow/example_dags/example_trigger_target_dag.py for tasks to queue
[2023-03-27 21:59:46,924] {logging_mixin.py:115} INFO - [2023-03-27 21:59:46,924] {dagbag.py:507} INFO - Filling up the DagBag from /Users/gabrielroger/Documents/projects/weather-data/.venv/lib/python3.9/site-packages/airflow/example_dags/example_trigger_target_dag.py
[2023-03-27 21:59:46,940] {processor.py:651} INFO - DAG(s) dict_keys(['example_trigger_target_dag']) retrieved from /Users/gabrielroger/Documents/projects/weather-data/.venv/lib/python3.9/site-packages/airflow/example_dags/example_trigger_target_dag.py
[2023-03-27 21:59:46,971] {logging_mixin.py:115} INFO - [2023-03-27 21:59:46,971] {dag.py:2379} INFO - Sync 1 DAGs
[2023-03-27 21:59:46,977] {logging_mixin.py:115} INFO - [2023-03-27 21:59:46,977] {dag.py:2927} INFO - Setting next_dagrun for example_trigger_target_dag to None, run_after=None
[2023-03-27 21:59:46,982] {processor.py:161} INFO - Processing /Users/gabrielroger/Documents/projects/weather-data/.venv/lib/python3.9/site-packages/airflow/example_dags/example_trigger_target_dag.py took 0.060 seconds
[2023-03-27 22:09:16,144] {processor.py:153} INFO - Started process (PID=8879) to work on /Users/gabrielroger/Documents/projects/weather-data/.venv/lib/python3.9/site-packages/airflow/example_dags/example_trigger_target_dag.py
[2023-03-27 22:09:16,144] {processor.py:641} INFO - Processing file /Users/gabrielroger/Documents/projects/weather-data/.venv/lib/python3.9/site-packages/airflow/example_dags/example_trigger_target_dag.py for tasks to queue
[2023-03-27 22:09:16,144] {logging_mixin.py:115} INFO - [2023-03-27 22:09:16,144] {dagbag.py:507} INFO - Filling up the DagBag from /Users/gabrielroger/Documents/projects/weather-data/.venv/lib/python3.9/site-packages/airflow/example_dags/example_trigger_target_dag.py
[2023-03-27 22:09:16,161] {processor.py:651} INFO - DAG(s) dict_keys(['example_trigger_target_dag']) retrieved from /Users/gabrielroger/Documents/projects/weather-data/.venv/lib/python3.9/site-packages/airflow/example_dags/example_trigger_target_dag.py
[2023-03-27 22:09:16,191] {logging_mixin.py:115} INFO - [2023-03-27 22:09:16,191] {dag.py:2379} INFO - Sync 1 DAGs
[2023-03-27 22:09:16,198] {logging_mixin.py:115} INFO - [2023-03-27 22:09:16,197] {dag.py:2927} INFO - Setting next_dagrun for example_trigger_target_dag to None, run_after=None
[2023-03-27 22:09:16,202] {processor.py:161} INFO - Processing /Users/gabrielroger/Documents/projects/weather-data/.venv/lib/python3.9/site-packages/airflow/example_dags/example_trigger_target_dag.py took 0.059 seconds
[2023-03-27 23:27:55,616] {processor.py:153} INFO - Started process (PID=8997) to work on /Users/gabrielroger/Documents/projects/weather-data/.venv/lib/python3.9/site-packages/airflow/example_dags/example_trigger_target_dag.py
[2023-03-27 23:27:55,616] {processor.py:641} INFO - Processing file /Users/gabrielroger/Documents/projects/weather-data/.venv/lib/python3.9/site-packages/airflow/example_dags/example_trigger_target_dag.py for tasks to queue
[2023-03-27 23:27:55,616] {logging_mixin.py:115} INFO - [2023-03-27 23:27:55,616] {dagbag.py:507} INFO - Filling up the DagBag from /Users/gabrielroger/Documents/projects/weather-data/.venv/lib/python3.9/site-packages/airflow/example_dags/example_trigger_target_dag.py
[2023-03-27 23:27:55,634] {processor.py:651} INFO - DAG(s) dict_keys(['example_trigger_target_dag']) retrieved from /Users/gabrielroger/Documents/projects/weather-data/.venv/lib/python3.9/site-packages/airflow/example_dags/example_trigger_target_dag.py
[2023-03-27 23:27:55,667] {logging_mixin.py:115} INFO - [2023-03-27 23:27:55,667] {dag.py:2379} INFO - Sync 1 DAGs
[2023-03-27 23:27:55,674] {logging_mixin.py:115} INFO - [2023-03-27 23:27:55,674] {dag.py:2927} INFO - Setting next_dagrun for example_trigger_target_dag to None, run_after=None
[2023-03-27 23:27:55,679] {processor.py:161} INFO - Processing /Users/gabrielroger/Documents/projects/weather-data/.venv/lib/python3.9/site-packages/airflow/example_dags/example_trigger_target_dag.py took 0.064 seconds
