[2023-03-27 21:09:53,383] {processor.py:153} INFO - Started process (PID=6063) to work on /Users/gabrielroger/Documents/projects/weather-data/.venv/lib/python3.9/site-packages/airflow/example_dags/example_task_group_decorator.py
[2023-03-27 21:09:53,383] {processor.py:641} INFO - Processing file /Users/gabrielroger/Documents/projects/weather-data/.venv/lib/python3.9/site-packages/airflow/example_dags/example_task_group_decorator.py for tasks to queue
[2023-03-27 21:09:53,383] {logging_mixin.py:115} INFO - [2023-03-27 21:09:53,383] {dagbag.py:507} INFO - Filling up the DagBag from /Users/gabrielroger/Documents/projects/weather-data/.venv/lib/python3.9/site-packages/airflow/example_dags/example_task_group_decorator.py
[2023-03-27 21:09:53,406] {processor.py:651} INFO - DAG(s) dict_keys(['example_task_group_decorator']) retrieved from /Users/gabrielroger/Documents/projects/weather-data/.venv/lib/python3.9/site-packages/airflow/example_dags/example_task_group_decorator.py
[2023-03-27 21:09:53,743] {logging_mixin.py:115} INFO - [2023-03-27 21:09:53,743] {dag.py:2379} INFO - Sync 1 DAGs
[2023-03-27 21:09:53,750] {logging_mixin.py:115} INFO - [2023-03-27 21:09:53,750] {dag.py:2927} INFO - Setting next_dagrun for example_task_group_decorator to 2023-03-27T00:09:53.750535+00:00, run_after=2023-03-28T00:09:53.750535+00:00
[2023-03-27 21:09:53,757] {processor.py:161} INFO - Processing /Users/gabrielroger/Documents/projects/weather-data/.venv/lib/python3.9/site-packages/airflow/example_dags/example_task_group_decorator.py took 0.374 seconds
[2023-03-27 21:10:44,538] {processor.py:153} INFO - Started process (PID=6153) to work on /Users/gabrielroger/Documents/projects/weather-data/.venv/lib/python3.9/site-packages/airflow/example_dags/example_task_group_decorator.py
[2023-03-27 21:10:44,539] {processor.py:641} INFO - Processing file /Users/gabrielroger/Documents/projects/weather-data/.venv/lib/python3.9/site-packages/airflow/example_dags/example_task_group_decorator.py for tasks to queue
[2023-03-27 21:10:44,539] {logging_mixin.py:115} INFO - [2023-03-27 21:10:44,539] {dagbag.py:507} INFO - Filling up the DagBag from /Users/gabrielroger/Documents/projects/weather-data/.venv/lib/python3.9/site-packages/airflow/example_dags/example_task_group_decorator.py
[2023-03-27 21:10:44,560] {processor.py:651} INFO - DAG(s) dict_keys(['example_task_group_decorator']) retrieved from /Users/gabrielroger/Documents/projects/weather-data/.venv/lib/python3.9/site-packages/airflow/example_dags/example_task_group_decorator.py
[2023-03-27 21:10:44,872] {logging_mixin.py:115} INFO - [2023-03-27 21:10:44,872] {dag.py:2379} INFO - Sync 1 DAGs
[2023-03-27 21:10:44,879] {logging_mixin.py:115} INFO - [2023-03-27 21:10:44,879] {dag.py:2927} INFO - Setting next_dagrun for example_task_group_decorator to 2023-03-27T00:10:44.879103+00:00, run_after=2023-03-28T00:10:44.879103+00:00
[2023-03-27 21:10:44,885] {processor.py:161} INFO - Processing /Users/gabrielroger/Documents/projects/weather-data/.venv/lib/python3.9/site-packages/airflow/example_dags/example_task_group_decorator.py took 0.348 seconds
[2023-03-27 21:11:36,129] {processor.py:153} INFO - Started process (PID=6244) to work on /Users/gabrielroger/Documents/projects/weather-data/.venv/lib/python3.9/site-packages/airflow/example_dags/example_task_group_decorator.py
[2023-03-27 21:11:36,129] {processor.py:641} INFO - Processing file /Users/gabrielroger/Documents/projects/weather-data/.venv/lib/python3.9/site-packages/airflow/example_dags/example_task_group_decorator.py for tasks to queue
[2023-03-27 21:11:36,129] {logging_mixin.py:115} INFO - [2023-03-27 21:11:36,129] {dagbag.py:507} INFO - Filling up the DagBag from /Users/gabrielroger/Documents/projects/weather-data/.venv/lib/python3.9/site-packages/airflow/example_dags/example_task_group_decorator.py
[2023-03-27 21:11:36,151] {processor.py:651} INFO - DAG(s) dict_keys(['example_task_group_decorator']) retrieved from /Users/gabrielroger/Documents/projects/weather-data/.venv/lib/python3.9/site-packages/airflow/example_dags/example_task_group_decorator.py
[2023-03-27 21:11:36,521] {logging_mixin.py:115} INFO - [2023-03-27 21:11:36,521] {dag.py:2379} INFO - Sync 1 DAGs
[2023-03-27 21:11:36,527] {logging_mixin.py:115} INFO - [2023-03-27 21:11:36,527] {dag.py:2927} INFO - Setting next_dagrun for example_task_group_decorator to 2023-03-27T00:11:36.527770+00:00, run_after=2023-03-28T00:11:36.527770+00:00
[2023-03-27 21:11:36,534] {processor.py:161} INFO - Processing /Users/gabrielroger/Documents/projects/weather-data/.venv/lib/python3.9/site-packages/airflow/example_dags/example_task_group_decorator.py took 0.405 seconds
[2023-03-27 21:12:22,959] {processor.py:153} INFO - Started process (PID=6318) to work on /Users/gabrielroger/Documents/projects/weather-data/.venv/lib/python3.9/site-packages/airflow/example_dags/example_task_group_decorator.py
[2023-03-27 21:12:22,960] {processor.py:641} INFO - Processing file /Users/gabrielroger/Documents/projects/weather-data/.venv/lib/python3.9/site-packages/airflow/example_dags/example_task_group_decorator.py for tasks to queue
[2023-03-27 21:12:22,960] {logging_mixin.py:115} INFO - [2023-03-27 21:12:22,960] {dagbag.py:507} INFO - Filling up the DagBag from /Users/gabrielroger/Documents/projects/weather-data/.venv/lib/python3.9/site-packages/airflow/example_dags/example_task_group_decorator.py
[2023-03-27 21:12:22,982] {processor.py:651} INFO - DAG(s) dict_keys(['example_task_group_decorator']) retrieved from /Users/gabrielroger/Documents/projects/weather-data/.venv/lib/python3.9/site-packages/airflow/example_dags/example_task_group_decorator.py
[2023-03-27 21:12:23,390] {logging_mixin.py:115} INFO - [2023-03-27 21:12:23,389] {dag.py:2379} INFO - Sync 1 DAGs
[2023-03-27 21:12:23,396] {logging_mixin.py:115} INFO - [2023-03-27 21:12:23,396] {dag.py:2927} INFO - Setting next_dagrun for example_task_group_decorator to 2023-03-27T00:12:23.396581+00:00, run_after=2023-03-28T00:12:23.396581+00:00
[2023-03-27 21:12:23,403] {processor.py:161} INFO - Processing /Users/gabrielroger/Documents/projects/weather-data/.venv/lib/python3.9/site-packages/airflow/example_dags/example_task_group_decorator.py took 0.444 seconds
[2023-03-27 21:13:11,057] {processor.py:153} INFO - Started process (PID=6396) to work on /Users/gabrielroger/Documents/projects/weather-data/.venv/lib/python3.9/site-packages/airflow/example_dags/example_task_group_decorator.py
[2023-03-27 21:13:11,057] {processor.py:641} INFO - Processing file /Users/gabrielroger/Documents/projects/weather-data/.venv/lib/python3.9/site-packages/airflow/example_dags/example_task_group_decorator.py for tasks to queue
[2023-03-27 21:13:11,058] {logging_mixin.py:115} INFO - [2023-03-27 21:13:11,058] {dagbag.py:507} INFO - Filling up the DagBag from /Users/gabrielroger/Documents/projects/weather-data/.venv/lib/python3.9/site-packages/airflow/example_dags/example_task_group_decorator.py
[2023-03-27 21:13:11,079] {processor.py:651} INFO - DAG(s) dict_keys(['example_task_group_decorator']) retrieved from /Users/gabrielroger/Documents/projects/weather-data/.venv/lib/python3.9/site-packages/airflow/example_dags/example_task_group_decorator.py
[2023-03-27 21:13:11,394] {logging_mixin.py:115} INFO - [2023-03-27 21:13:11,394] {dag.py:2379} INFO - Sync 1 DAGs
[2023-03-27 21:13:11,401] {logging_mixin.py:115} INFO - [2023-03-27 21:13:11,401] {dag.py:2927} INFO - Setting next_dagrun for example_task_group_decorator to 2023-03-27T00:13:11.401399+00:00, run_after=2023-03-28T00:13:11.401399+00:00
[2023-03-27 21:13:11,408] {processor.py:161} INFO - Processing /Users/gabrielroger/Documents/projects/weather-data/.venv/lib/python3.9/site-packages/airflow/example_dags/example_task_group_decorator.py took 0.351 seconds
[2023-03-27 21:13:54,719] {processor.py:153} INFO - Started process (PID=6474) to work on /Users/gabrielroger/Documents/projects/weather-data/.venv/lib/python3.9/site-packages/airflow/example_dags/example_task_group_decorator.py
[2023-03-27 21:13:54,720] {processor.py:641} INFO - Processing file /Users/gabrielroger/Documents/projects/weather-data/.venv/lib/python3.9/site-packages/airflow/example_dags/example_task_group_decorator.py for tasks to queue
[2023-03-27 21:13:54,720] {logging_mixin.py:115} INFO - [2023-03-27 21:13:54,720] {dagbag.py:507} INFO - Filling up the DagBag from /Users/gabrielroger/Documents/projects/weather-data/.venv/lib/python3.9/site-packages/airflow/example_dags/example_task_group_decorator.py
[2023-03-27 21:13:54,741] {processor.py:651} INFO - DAG(s) dict_keys(['example_task_group_decorator']) retrieved from /Users/gabrielroger/Documents/projects/weather-data/.venv/lib/python3.9/site-packages/airflow/example_dags/example_task_group_decorator.py
[2023-03-27 21:13:55,057] {logging_mixin.py:115} INFO - [2023-03-27 21:13:55,057] {dag.py:2379} INFO - Sync 1 DAGs
[2023-03-27 21:13:55,064] {logging_mixin.py:115} INFO - [2023-03-27 21:13:55,064] {dag.py:2927} INFO - Setting next_dagrun for example_task_group_decorator to 2023-03-27T00:13:55.064136+00:00, run_after=2023-03-28T00:13:55.064136+00:00
[2023-03-27 21:13:55,070] {processor.py:161} INFO - Processing /Users/gabrielroger/Documents/projects/weather-data/.venv/lib/python3.9/site-packages/airflow/example_dags/example_task_group_decorator.py took 0.352 seconds
[2023-03-27 21:14:37,188] {processor.py:153} INFO - Started process (PID=6544) to work on /Users/gabrielroger/Documents/projects/weather-data/.venv/lib/python3.9/site-packages/airflow/example_dags/example_task_group_decorator.py
[2023-03-27 21:14:37,189] {processor.py:641} INFO - Processing file /Users/gabrielroger/Documents/projects/weather-data/.venv/lib/python3.9/site-packages/airflow/example_dags/example_task_group_decorator.py for tasks to queue
[2023-03-27 21:14:37,189] {logging_mixin.py:115} INFO - [2023-03-27 21:14:37,189] {dagbag.py:507} INFO - Filling up the DagBag from /Users/gabrielroger/Documents/projects/weather-data/.venv/lib/python3.9/site-packages/airflow/example_dags/example_task_group_decorator.py
[2023-03-27 21:14:37,210] {processor.py:651} INFO - DAG(s) dict_keys(['example_task_group_decorator']) retrieved from /Users/gabrielroger/Documents/projects/weather-data/.venv/lib/python3.9/site-packages/airflow/example_dags/example_task_group_decorator.py
[2023-03-27 21:14:37,536] {logging_mixin.py:115} INFO - [2023-03-27 21:14:37,536] {dag.py:2379} INFO - Sync 1 DAGs
[2023-03-27 21:14:37,544] {logging_mixin.py:115} INFO - [2023-03-27 21:14:37,544] {dag.py:2927} INFO - Setting next_dagrun for example_task_group_decorator to 2023-03-27T00:14:37.544479+00:00, run_after=2023-03-28T00:14:37.544479+00:00
[2023-03-27 21:14:37,551] {processor.py:161} INFO - Processing /Users/gabrielroger/Documents/projects/weather-data/.venv/lib/python3.9/site-packages/airflow/example_dags/example_task_group_decorator.py took 0.363 seconds
[2023-03-27 21:15:21,735] {processor.py:153} INFO - Started process (PID=6619) to work on /Users/gabrielroger/Documents/projects/weather-data/.venv/lib/python3.9/site-packages/airflow/example_dags/example_task_group_decorator.py
[2023-03-27 21:15:21,735] {processor.py:641} INFO - Processing file /Users/gabrielroger/Documents/projects/weather-data/.venv/lib/python3.9/site-packages/airflow/example_dags/example_task_group_decorator.py for tasks to queue
[2023-03-27 21:15:21,736] {logging_mixin.py:115} INFO - [2023-03-27 21:15:21,735] {dagbag.py:507} INFO - Filling up the DagBag from /Users/gabrielroger/Documents/projects/weather-data/.venv/lib/python3.9/site-packages/airflow/example_dags/example_task_group_decorator.py
[2023-03-27 21:15:21,757] {processor.py:651} INFO - DAG(s) dict_keys(['example_task_group_decorator']) retrieved from /Users/gabrielroger/Documents/projects/weather-data/.venv/lib/python3.9/site-packages/airflow/example_dags/example_task_group_decorator.py
[2023-03-27 21:15:22,068] {logging_mixin.py:115} INFO - [2023-03-27 21:15:22,068] {dag.py:2379} INFO - Sync 1 DAGs
[2023-03-27 21:15:22,075] {logging_mixin.py:115} INFO - [2023-03-27 21:15:22,075] {dag.py:2927} INFO - Setting next_dagrun for example_task_group_decorator to 2023-03-27T00:15:22.075566+00:00, run_after=2023-03-28T00:15:22.075566+00:00
[2023-03-27 21:15:22,082] {processor.py:161} INFO - Processing /Users/gabrielroger/Documents/projects/weather-data/.venv/lib/python3.9/site-packages/airflow/example_dags/example_task_group_decorator.py took 0.348 seconds
[2023-03-27 21:16:07,191] {processor.py:153} INFO - Started process (PID=6693) to work on /Users/gabrielroger/Documents/projects/weather-data/.venv/lib/python3.9/site-packages/airflow/example_dags/example_task_group_decorator.py
[2023-03-27 21:16:07,192] {processor.py:641} INFO - Processing file /Users/gabrielroger/Documents/projects/weather-data/.venv/lib/python3.9/site-packages/airflow/example_dags/example_task_group_decorator.py for tasks to queue
[2023-03-27 21:16:07,192] {logging_mixin.py:115} INFO - [2023-03-27 21:16:07,192] {dagbag.py:507} INFO - Filling up the DagBag from /Users/gabrielroger/Documents/projects/weather-data/.venv/lib/python3.9/site-packages/airflow/example_dags/example_task_group_decorator.py
[2023-03-27 21:16:07,213] {processor.py:651} INFO - DAG(s) dict_keys(['example_task_group_decorator']) retrieved from /Users/gabrielroger/Documents/projects/weather-data/.venv/lib/python3.9/site-packages/airflow/example_dags/example_task_group_decorator.py
[2023-03-27 21:16:07,523] {logging_mixin.py:115} INFO - [2023-03-27 21:16:07,522] {dag.py:2379} INFO - Sync 1 DAGs
[2023-03-27 21:16:07,529] {logging_mixin.py:115} INFO - [2023-03-27 21:16:07,529] {dag.py:2927} INFO - Setting next_dagrun for example_task_group_decorator to 2023-03-27T00:16:07.529627+00:00, run_after=2023-03-28T00:16:07.529627+00:00
[2023-03-27 21:16:07,536] {processor.py:161} INFO - Processing /Users/gabrielroger/Documents/projects/weather-data/.venv/lib/python3.9/site-packages/airflow/example_dags/example_task_group_decorator.py took 0.345 seconds
[2023-03-27 21:16:51,921] {processor.py:153} INFO - Started process (PID=6767) to work on /Users/gabrielroger/Documents/projects/weather-data/.venv/lib/python3.9/site-packages/airflow/example_dags/example_task_group_decorator.py
[2023-03-27 21:16:51,921] {processor.py:641} INFO - Processing file /Users/gabrielroger/Documents/projects/weather-data/.venv/lib/python3.9/site-packages/airflow/example_dags/example_task_group_decorator.py for tasks to queue
[2023-03-27 21:16:51,922] {logging_mixin.py:115} INFO - [2023-03-27 21:16:51,921] {dagbag.py:507} INFO - Filling up the DagBag from /Users/gabrielroger/Documents/projects/weather-data/.venv/lib/python3.9/site-packages/airflow/example_dags/example_task_group_decorator.py
[2023-03-27 21:16:51,943] {processor.py:651} INFO - DAG(s) dict_keys(['example_task_group_decorator']) retrieved from /Users/gabrielroger/Documents/projects/weather-data/.venv/lib/python3.9/site-packages/airflow/example_dags/example_task_group_decorator.py
[2023-03-27 21:16:52,254] {logging_mixin.py:115} INFO - [2023-03-27 21:16:52,254] {dag.py:2379} INFO - Sync 1 DAGs
[2023-03-27 21:16:52,261] {logging_mixin.py:115} INFO - [2023-03-27 21:16:52,261] {dag.py:2927} INFO - Setting next_dagrun for example_task_group_decorator to 2023-03-27T00:16:52.261095+00:00, run_after=2023-03-28T00:16:52.261095+00:00
[2023-03-27 21:16:52,267] {processor.py:161} INFO - Processing /Users/gabrielroger/Documents/projects/weather-data/.venv/lib/python3.9/site-packages/airflow/example_dags/example_task_group_decorator.py took 0.346 seconds
[2023-03-27 21:17:33,643] {processor.py:153} INFO - Started process (PID=6836) to work on /Users/gabrielroger/Documents/projects/weather-data/.venv/lib/python3.9/site-packages/airflow/example_dags/example_task_group_decorator.py
[2023-03-27 21:17:33,643] {processor.py:641} INFO - Processing file /Users/gabrielroger/Documents/projects/weather-data/.venv/lib/python3.9/site-packages/airflow/example_dags/example_task_group_decorator.py for tasks to queue
[2023-03-27 21:17:33,643] {logging_mixin.py:115} INFO - [2023-03-27 21:17:33,643] {dagbag.py:507} INFO - Filling up the DagBag from /Users/gabrielroger/Documents/projects/weather-data/.venv/lib/python3.9/site-packages/airflow/example_dags/example_task_group_decorator.py
[2023-03-27 21:17:33,663] {processor.py:651} INFO - DAG(s) dict_keys(['example_task_group_decorator']) retrieved from /Users/gabrielroger/Documents/projects/weather-data/.venv/lib/python3.9/site-packages/airflow/example_dags/example_task_group_decorator.py
[2023-03-27 21:17:33,970] {logging_mixin.py:115} INFO - [2023-03-27 21:17:33,970] {dag.py:2379} INFO - Sync 1 DAGs
[2023-03-27 21:17:33,977] {logging_mixin.py:115} INFO - [2023-03-27 21:17:33,977] {dag.py:2927} INFO - Setting next_dagrun for example_task_group_decorator to 2023-03-27T00:17:33.977369+00:00, run_after=2023-03-28T00:17:33.977369+00:00
[2023-03-27 21:17:33,984] {processor.py:161} INFO - Processing /Users/gabrielroger/Documents/projects/weather-data/.venv/lib/python3.9/site-packages/airflow/example_dags/example_task_group_decorator.py took 0.341 seconds
[2023-03-27 21:18:15,345] {processor.py:153} INFO - Started process (PID=6907) to work on /Users/gabrielroger/Documents/projects/weather-data/.venv/lib/python3.9/site-packages/airflow/example_dags/example_task_group_decorator.py
[2023-03-27 21:18:15,346] {processor.py:641} INFO - Processing file /Users/gabrielroger/Documents/projects/weather-data/.venv/lib/python3.9/site-packages/airflow/example_dags/example_task_group_decorator.py for tasks to queue
[2023-03-27 21:18:15,346] {logging_mixin.py:115} INFO - [2023-03-27 21:18:15,346] {dagbag.py:507} INFO - Filling up the DagBag from /Users/gabrielroger/Documents/projects/weather-data/.venv/lib/python3.9/site-packages/airflow/example_dags/example_task_group_decorator.py
[2023-03-27 21:18:15,367] {processor.py:651} INFO - DAG(s) dict_keys(['example_task_group_decorator']) retrieved from /Users/gabrielroger/Documents/projects/weather-data/.venv/lib/python3.9/site-packages/airflow/example_dags/example_task_group_decorator.py
[2023-03-27 21:18:15,675] {logging_mixin.py:115} INFO - [2023-03-27 21:18:15,675] {dag.py:2379} INFO - Sync 1 DAGs
[2023-03-27 21:18:15,682] {logging_mixin.py:115} INFO - [2023-03-27 21:18:15,682] {dag.py:2927} INFO - Setting next_dagrun for example_task_group_decorator to 2023-03-27T00:18:15.682081+00:00, run_after=2023-03-28T00:18:15.682081+00:00
[2023-03-27 21:18:15,688] {processor.py:161} INFO - Processing /Users/gabrielroger/Documents/projects/weather-data/.venv/lib/python3.9/site-packages/airflow/example_dags/example_task_group_decorator.py took 0.344 seconds
[2023-03-27 21:18:59,181] {processor.py:153} INFO - Started process (PID=6984) to work on /Users/gabrielroger/Documents/projects/weather-data/.venv/lib/python3.9/site-packages/airflow/example_dags/example_task_group_decorator.py
[2023-03-27 21:18:59,182] {processor.py:641} INFO - Processing file /Users/gabrielroger/Documents/projects/weather-data/.venv/lib/python3.9/site-packages/airflow/example_dags/example_task_group_decorator.py for tasks to queue
[2023-03-27 21:18:59,182] {logging_mixin.py:115} INFO - [2023-03-27 21:18:59,182] {dagbag.py:507} INFO - Filling up the DagBag from /Users/gabrielroger/Documents/projects/weather-data/.venv/lib/python3.9/site-packages/airflow/example_dags/example_task_group_decorator.py
[2023-03-27 21:18:59,204] {processor.py:651} INFO - DAG(s) dict_keys(['example_task_group_decorator']) retrieved from /Users/gabrielroger/Documents/projects/weather-data/.venv/lib/python3.9/site-packages/airflow/example_dags/example_task_group_decorator.py
[2023-03-27 21:18:59,516] {logging_mixin.py:115} INFO - [2023-03-27 21:18:59,516] {dag.py:2379} INFO - Sync 1 DAGs
[2023-03-27 21:18:59,523] {logging_mixin.py:115} INFO - [2023-03-27 21:18:59,523] {dag.py:2927} INFO - Setting next_dagrun for example_task_group_decorator to 2023-03-27T00:18:59.522914+00:00, run_after=2023-03-28T00:18:59.522914+00:00
[2023-03-27 21:18:59,529] {processor.py:161} INFO - Processing /Users/gabrielroger/Documents/projects/weather-data/.venv/lib/python3.9/site-packages/airflow/example_dags/example_task_group_decorator.py took 0.348 seconds
[2023-03-27 21:19:43,120] {processor.py:153} INFO - Started process (PID=7059) to work on /Users/gabrielroger/Documents/projects/weather-data/.venv/lib/python3.9/site-packages/airflow/example_dags/example_task_group_decorator.py
[2023-03-27 21:19:43,120] {processor.py:641} INFO - Processing file /Users/gabrielroger/Documents/projects/weather-data/.venv/lib/python3.9/site-packages/airflow/example_dags/example_task_group_decorator.py for tasks to queue
[2023-03-27 21:19:43,121] {logging_mixin.py:115} INFO - [2023-03-27 21:19:43,120] {dagbag.py:507} INFO - Filling up the DagBag from /Users/gabrielroger/Documents/projects/weather-data/.venv/lib/python3.9/site-packages/airflow/example_dags/example_task_group_decorator.py
[2023-03-27 21:19:43,141] {processor.py:651} INFO - DAG(s) dict_keys(['example_task_group_decorator']) retrieved from /Users/gabrielroger/Documents/projects/weather-data/.venv/lib/python3.9/site-packages/airflow/example_dags/example_task_group_decorator.py
[2023-03-27 21:19:43,452] {logging_mixin.py:115} INFO - [2023-03-27 21:19:43,452] {dag.py:2379} INFO - Sync 1 DAGs
[2023-03-27 21:19:43,459] {logging_mixin.py:115} INFO - [2023-03-27 21:19:43,459] {dag.py:2927} INFO - Setting next_dagrun for example_task_group_decorator to 2023-03-27T00:19:43.459545+00:00, run_after=2023-03-28T00:19:43.459545+00:00
[2023-03-27 21:19:43,466] {processor.py:161} INFO - Processing /Users/gabrielroger/Documents/projects/weather-data/.venv/lib/python3.9/site-packages/airflow/example_dags/example_task_group_decorator.py took 0.346 seconds
[2023-03-27 21:20:27,254] {processor.py:153} INFO - Started process (PID=7130) to work on /Users/gabrielroger/Documents/projects/weather-data/.venv/lib/python3.9/site-packages/airflow/example_dags/example_task_group_decorator.py
[2023-03-27 21:20:27,254] {processor.py:641} INFO - Processing file /Users/gabrielroger/Documents/projects/weather-data/.venv/lib/python3.9/site-packages/airflow/example_dags/example_task_group_decorator.py for tasks to queue
[2023-03-27 21:20:27,254] {logging_mixin.py:115} INFO - [2023-03-27 21:20:27,254] {dagbag.py:507} INFO - Filling up the DagBag from /Users/gabrielroger/Documents/projects/weather-data/.venv/lib/python3.9/site-packages/airflow/example_dags/example_task_group_decorator.py
[2023-03-27 21:20:27,275] {processor.py:651} INFO - DAG(s) dict_keys(['example_task_group_decorator']) retrieved from /Users/gabrielroger/Documents/projects/weather-data/.venv/lib/python3.9/site-packages/airflow/example_dags/example_task_group_decorator.py
[2023-03-27 21:20:27,583] {logging_mixin.py:115} INFO - [2023-03-27 21:20:27,583] {dag.py:2379} INFO - Sync 1 DAGs
[2023-03-27 21:20:27,590] {logging_mixin.py:115} INFO - [2023-03-27 21:20:27,590] {dag.py:2927} INFO - Setting next_dagrun for example_task_group_decorator to 2023-03-27T00:20:27.590474+00:00, run_after=2023-03-28T00:20:27.590474+00:00
[2023-03-27 21:20:27,598] {processor.py:161} INFO - Processing /Users/gabrielroger/Documents/projects/weather-data/.venv/lib/python3.9/site-packages/airflow/example_dags/example_task_group_decorator.py took 0.344 seconds
[2023-03-27 21:21:12,677] {processor.py:153} INFO - Started process (PID=7204) to work on /Users/gabrielroger/Documents/projects/weather-data/.venv/lib/python3.9/site-packages/airflow/example_dags/example_task_group_decorator.py
[2023-03-27 21:21:12,677] {processor.py:641} INFO - Processing file /Users/gabrielroger/Documents/projects/weather-data/.venv/lib/python3.9/site-packages/airflow/example_dags/example_task_group_decorator.py for tasks to queue
[2023-03-27 21:21:12,677] {logging_mixin.py:115} INFO - [2023-03-27 21:21:12,677] {dagbag.py:507} INFO - Filling up the DagBag from /Users/gabrielroger/Documents/projects/weather-data/.venv/lib/python3.9/site-packages/airflow/example_dags/example_task_group_decorator.py
[2023-03-27 21:21:12,697] {processor.py:651} INFO - DAG(s) dict_keys(['example_task_group_decorator']) retrieved from /Users/gabrielroger/Documents/projects/weather-data/.venv/lib/python3.9/site-packages/airflow/example_dags/example_task_group_decorator.py
[2023-03-27 21:21:13,006] {logging_mixin.py:115} INFO - [2023-03-27 21:21:13,006] {dag.py:2379} INFO - Sync 1 DAGs
[2023-03-27 21:21:13,013] {logging_mixin.py:115} INFO - [2023-03-27 21:21:13,013] {dag.py:2927} INFO - Setting next_dagrun for example_task_group_decorator to 2023-03-27T00:21:13.013202+00:00, run_after=2023-03-28T00:21:13.013202+00:00
[2023-03-27 21:21:13,020] {processor.py:161} INFO - Processing /Users/gabrielroger/Documents/projects/weather-data/.venv/lib/python3.9/site-packages/airflow/example_dags/example_task_group_decorator.py took 0.343 seconds
[2023-03-27 21:21:58,062] {processor.py:153} INFO - Started process (PID=7278) to work on /Users/gabrielroger/Documents/projects/weather-data/.venv/lib/python3.9/site-packages/airflow/example_dags/example_task_group_decorator.py
[2023-03-27 21:21:58,062] {processor.py:641} INFO - Processing file /Users/gabrielroger/Documents/projects/weather-data/.venv/lib/python3.9/site-packages/airflow/example_dags/example_task_group_decorator.py for tasks to queue
[2023-03-27 21:21:58,062] {logging_mixin.py:115} INFO - [2023-03-27 21:21:58,062] {dagbag.py:507} INFO - Filling up the DagBag from /Users/gabrielroger/Documents/projects/weather-data/.venv/lib/python3.9/site-packages/airflow/example_dags/example_task_group_decorator.py
[2023-03-27 21:21:58,083] {processor.py:651} INFO - DAG(s) dict_keys(['example_task_group_decorator']) retrieved from /Users/gabrielroger/Documents/projects/weather-data/.venv/lib/python3.9/site-packages/airflow/example_dags/example_task_group_decorator.py
[2023-03-27 21:21:58,390] {logging_mixin.py:115} INFO - [2023-03-27 21:21:58,390] {dag.py:2379} INFO - Sync 1 DAGs
[2023-03-27 21:21:58,397] {logging_mixin.py:115} INFO - [2023-03-27 21:21:58,397] {dag.py:2927} INFO - Setting next_dagrun for example_task_group_decorator to 2023-03-27T00:21:58.397147+00:00, run_after=2023-03-28T00:21:58.397147+00:00
[2023-03-27 21:21:58,404] {processor.py:161} INFO - Processing /Users/gabrielroger/Documents/projects/weather-data/.venv/lib/python3.9/site-packages/airflow/example_dags/example_task_group_decorator.py took 0.342 seconds
[2023-03-27 21:22:43,834] {processor.py:153} INFO - Started process (PID=7354) to work on /Users/gabrielroger/Documents/projects/weather-data/.venv/lib/python3.9/site-packages/airflow/example_dags/example_task_group_decorator.py
[2023-03-27 21:22:43,834] {processor.py:641} INFO - Processing file /Users/gabrielroger/Documents/projects/weather-data/.venv/lib/python3.9/site-packages/airflow/example_dags/example_task_group_decorator.py for tasks to queue
[2023-03-27 21:22:43,834] {logging_mixin.py:115} INFO - [2023-03-27 21:22:43,834] {dagbag.py:507} INFO - Filling up the DagBag from /Users/gabrielroger/Documents/projects/weather-data/.venv/lib/python3.9/site-packages/airflow/example_dags/example_task_group_decorator.py
[2023-03-27 21:22:43,855] {processor.py:651} INFO - DAG(s) dict_keys(['example_task_group_decorator']) retrieved from /Users/gabrielroger/Documents/projects/weather-data/.venv/lib/python3.9/site-packages/airflow/example_dags/example_task_group_decorator.py
[2023-03-27 21:22:44,160] {logging_mixin.py:115} INFO - [2023-03-27 21:22:44,160] {dag.py:2379} INFO - Sync 1 DAGs
[2023-03-27 21:22:44,167] {logging_mixin.py:115} INFO - [2023-03-27 21:22:44,167] {dag.py:2927} INFO - Setting next_dagrun for example_task_group_decorator to 2023-03-27T00:22:44.167760+00:00, run_after=2023-03-28T00:22:44.167760+00:00
[2023-03-27 21:22:44,174] {processor.py:161} INFO - Processing /Users/gabrielroger/Documents/projects/weather-data/.venv/lib/python3.9/site-packages/airflow/example_dags/example_task_group_decorator.py took 0.341 seconds
[2023-03-27 21:23:26,706] {processor.py:153} INFO - Started process (PID=7426) to work on /Users/gabrielroger/Documents/projects/weather-data/.venv/lib/python3.9/site-packages/airflow/example_dags/example_task_group_decorator.py
[2023-03-27 21:23:26,706] {processor.py:641} INFO - Processing file /Users/gabrielroger/Documents/projects/weather-data/.venv/lib/python3.9/site-packages/airflow/example_dags/example_task_group_decorator.py for tasks to queue
[2023-03-27 21:23:26,706] {logging_mixin.py:115} INFO - [2023-03-27 21:23:26,706] {dagbag.py:507} INFO - Filling up the DagBag from /Users/gabrielroger/Documents/projects/weather-data/.venv/lib/python3.9/site-packages/airflow/example_dags/example_task_group_decorator.py
[2023-03-27 21:23:26,726] {processor.py:651} INFO - DAG(s) dict_keys(['example_task_group_decorator']) retrieved from /Users/gabrielroger/Documents/projects/weather-data/.venv/lib/python3.9/site-packages/airflow/example_dags/example_task_group_decorator.py
[2023-03-27 21:23:27,031] {logging_mixin.py:115} INFO - [2023-03-27 21:23:27,031] {dag.py:2379} INFO - Sync 1 DAGs
[2023-03-27 21:23:27,038] {logging_mixin.py:115} INFO - [2023-03-27 21:23:27,038] {dag.py:2927} INFO - Setting next_dagrun for example_task_group_decorator to 2023-03-27T00:23:27.038085+00:00, run_after=2023-03-28T00:23:27.038085+00:00
[2023-03-27 21:23:27,044] {processor.py:161} INFO - Processing /Users/gabrielroger/Documents/projects/weather-data/.venv/lib/python3.9/site-packages/airflow/example_dags/example_task_group_decorator.py took 0.339 seconds
[2023-03-27 21:24:11,600] {processor.py:153} INFO - Started process (PID=7507) to work on /Users/gabrielroger/Documents/projects/weather-data/.venv/lib/python3.9/site-packages/airflow/example_dags/example_task_group_decorator.py
[2023-03-27 21:24:11,601] {processor.py:641} INFO - Processing file /Users/gabrielroger/Documents/projects/weather-data/.venv/lib/python3.9/site-packages/airflow/example_dags/example_task_group_decorator.py for tasks to queue
[2023-03-27 21:24:11,601] {logging_mixin.py:115} INFO - [2023-03-27 21:24:11,601] {dagbag.py:507} INFO - Filling up the DagBag from /Users/gabrielroger/Documents/projects/weather-data/.venv/lib/python3.9/site-packages/airflow/example_dags/example_task_group_decorator.py
[2023-03-27 21:24:11,623] {processor.py:651} INFO - DAG(s) dict_keys(['example_task_group_decorator']) retrieved from /Users/gabrielroger/Documents/projects/weather-data/.venv/lib/python3.9/site-packages/airflow/example_dags/example_task_group_decorator.py
[2023-03-27 21:24:11,939] {logging_mixin.py:115} INFO - [2023-03-27 21:24:11,938] {dag.py:2379} INFO - Sync 1 DAGs
[2023-03-27 21:24:11,945] {logging_mixin.py:115} INFO - [2023-03-27 21:24:11,945] {dag.py:2927} INFO - Setting next_dagrun for example_task_group_decorator to 2023-03-27T00:24:11.945480+00:00, run_after=2023-03-28T00:24:11.945480+00:00
[2023-03-27 21:24:11,951] {processor.py:161} INFO - Processing /Users/gabrielroger/Documents/projects/weather-data/.venv/lib/python3.9/site-packages/airflow/example_dags/example_task_group_decorator.py took 0.352 seconds
[2023-03-27 21:24:55,666] {processor.py:153} INFO - Started process (PID=7605) to work on /Users/gabrielroger/Documents/projects/weather-data/.venv/lib/python3.9/site-packages/airflow/example_dags/example_task_group_decorator.py
[2023-03-27 21:24:55,666] {processor.py:641} INFO - Processing file /Users/gabrielroger/Documents/projects/weather-data/.venv/lib/python3.9/site-packages/airflow/example_dags/example_task_group_decorator.py for tasks to queue
[2023-03-27 21:24:55,666] {logging_mixin.py:115} INFO - [2023-03-27 21:24:55,666] {dagbag.py:507} INFO - Filling up the DagBag from /Users/gabrielroger/Documents/projects/weather-data/.venv/lib/python3.9/site-packages/airflow/example_dags/example_task_group_decorator.py
[2023-03-27 21:24:55,688] {processor.py:651} INFO - DAG(s) dict_keys(['example_task_group_decorator']) retrieved from /Users/gabrielroger/Documents/projects/weather-data/.venv/lib/python3.9/site-packages/airflow/example_dags/example_task_group_decorator.py
[2023-03-27 21:24:55,999] {logging_mixin.py:115} INFO - [2023-03-27 21:24:55,999] {dag.py:2379} INFO - Sync 1 DAGs
[2023-03-27 21:24:56,005] {logging_mixin.py:115} INFO - [2023-03-27 21:24:56,005] {dag.py:2927} INFO - Setting next_dagrun for example_task_group_decorator to 2023-03-27T00:24:56.005821+00:00, run_after=2023-03-28T00:24:56.005821+00:00
[2023-03-27 21:24:56,012] {processor.py:161} INFO - Processing /Users/gabrielroger/Documents/projects/weather-data/.venv/lib/python3.9/site-packages/airflow/example_dags/example_task_group_decorator.py took 0.346 seconds
[2023-03-27 21:25:39,468] {processor.py:153} INFO - Started process (PID=7691) to work on /Users/gabrielroger/Documents/projects/weather-data/.venv/lib/python3.9/site-packages/airflow/example_dags/example_task_group_decorator.py
[2023-03-27 21:25:39,468] {processor.py:641} INFO - Processing file /Users/gabrielroger/Documents/projects/weather-data/.venv/lib/python3.9/site-packages/airflow/example_dags/example_task_group_decorator.py for tasks to queue
[2023-03-27 21:25:39,468] {logging_mixin.py:115} INFO - [2023-03-27 21:25:39,468] {dagbag.py:507} INFO - Filling up the DagBag from /Users/gabrielroger/Documents/projects/weather-data/.venv/lib/python3.9/site-packages/airflow/example_dags/example_task_group_decorator.py
[2023-03-27 21:25:39,490] {processor.py:651} INFO - DAG(s) dict_keys(['example_task_group_decorator']) retrieved from /Users/gabrielroger/Documents/projects/weather-data/.venv/lib/python3.9/site-packages/airflow/example_dags/example_task_group_decorator.py
[2023-03-27 21:25:39,800] {logging_mixin.py:115} INFO - [2023-03-27 21:25:39,800] {dag.py:2379} INFO - Sync 1 DAGs
[2023-03-27 21:25:39,807] {logging_mixin.py:115} INFO - [2023-03-27 21:25:39,807] {dag.py:2927} INFO - Setting next_dagrun for example_task_group_decorator to 2023-03-27T00:25:39.806966+00:00, run_after=2023-03-28T00:25:39.806966+00:00
[2023-03-27 21:25:39,813] {processor.py:161} INFO - Processing /Users/gabrielroger/Documents/projects/weather-data/.venv/lib/python3.9/site-packages/airflow/example_dags/example_task_group_decorator.py took 0.345 seconds
[2023-03-27 21:26:22,618] {processor.py:153} INFO - Started process (PID=7764) to work on /Users/gabrielroger/Documents/projects/weather-data/.venv/lib/python3.9/site-packages/airflow/example_dags/example_task_group_decorator.py
[2023-03-27 21:26:22,618] {processor.py:641} INFO - Processing file /Users/gabrielroger/Documents/projects/weather-data/.venv/lib/python3.9/site-packages/airflow/example_dags/example_task_group_decorator.py for tasks to queue
[2023-03-27 21:26:22,619] {logging_mixin.py:115} INFO - [2023-03-27 21:26:22,618] {dagbag.py:507} INFO - Filling up the DagBag from /Users/gabrielroger/Documents/projects/weather-data/.venv/lib/python3.9/site-packages/airflow/example_dags/example_task_group_decorator.py
[2023-03-27 21:26:22,639] {processor.py:651} INFO - DAG(s) dict_keys(['example_task_group_decorator']) retrieved from /Users/gabrielroger/Documents/projects/weather-data/.venv/lib/python3.9/site-packages/airflow/example_dags/example_task_group_decorator.py
[2023-03-27 21:26:22,951] {logging_mixin.py:115} INFO - [2023-03-27 21:26:22,951] {dag.py:2379} INFO - Sync 1 DAGs
[2023-03-27 21:26:22,958] {logging_mixin.py:115} INFO - [2023-03-27 21:26:22,958] {dag.py:2927} INFO - Setting next_dagrun for example_task_group_decorator to 2023-03-27T00:26:22.958219+00:00, run_after=2023-03-28T00:26:22.958219+00:00
[2023-03-27 21:26:22,965] {processor.py:161} INFO - Processing /Users/gabrielroger/Documents/projects/weather-data/.venv/lib/python3.9/site-packages/airflow/example_dags/example_task_group_decorator.py took 0.347 seconds
[2023-03-27 21:27:08,105] {processor.py:153} INFO - Started process (PID=7838) to work on /Users/gabrielroger/Documents/projects/weather-data/.venv/lib/python3.9/site-packages/airflow/example_dags/example_task_group_decorator.py
[2023-03-27 21:27:08,105] {processor.py:641} INFO - Processing file /Users/gabrielroger/Documents/projects/weather-data/.venv/lib/python3.9/site-packages/airflow/example_dags/example_task_group_decorator.py for tasks to queue
[2023-03-27 21:27:08,105] {logging_mixin.py:115} INFO - [2023-03-27 21:27:08,105] {dagbag.py:507} INFO - Filling up the DagBag from /Users/gabrielroger/Documents/projects/weather-data/.venv/lib/python3.9/site-packages/airflow/example_dags/example_task_group_decorator.py
[2023-03-27 21:27:08,126] {processor.py:651} INFO - DAG(s) dict_keys(['example_task_group_decorator']) retrieved from /Users/gabrielroger/Documents/projects/weather-data/.venv/lib/python3.9/site-packages/airflow/example_dags/example_task_group_decorator.py
[2023-03-27 21:27:08,433] {logging_mixin.py:115} INFO - [2023-03-27 21:27:08,433] {dag.py:2379} INFO - Sync 1 DAGs
[2023-03-27 21:27:08,440] {logging_mixin.py:115} INFO - [2023-03-27 21:27:08,440] {dag.py:2927} INFO - Setting next_dagrun for example_task_group_decorator to 2023-03-27T00:27:08.440319+00:00, run_after=2023-03-28T00:27:08.440319+00:00
[2023-03-27 21:27:08,448] {processor.py:161} INFO - Processing /Users/gabrielroger/Documents/projects/weather-data/.venv/lib/python3.9/site-packages/airflow/example_dags/example_task_group_decorator.py took 0.343 seconds
[2023-03-27 21:27:51,745] {processor.py:153} INFO - Started process (PID=7910) to work on /Users/gabrielroger/Documents/projects/weather-data/.venv/lib/python3.9/site-packages/airflow/example_dags/example_task_group_decorator.py
[2023-03-27 21:27:51,745] {processor.py:641} INFO - Processing file /Users/gabrielroger/Documents/projects/weather-data/.venv/lib/python3.9/site-packages/airflow/example_dags/example_task_group_decorator.py for tasks to queue
[2023-03-27 21:27:51,745] {logging_mixin.py:115} INFO - [2023-03-27 21:27:51,745] {dagbag.py:507} INFO - Filling up the DagBag from /Users/gabrielroger/Documents/projects/weather-data/.venv/lib/python3.9/site-packages/airflow/example_dags/example_task_group_decorator.py
[2023-03-27 21:27:51,765] {processor.py:651} INFO - DAG(s) dict_keys(['example_task_group_decorator']) retrieved from /Users/gabrielroger/Documents/projects/weather-data/.venv/lib/python3.9/site-packages/airflow/example_dags/example_task_group_decorator.py
[2023-03-27 21:27:52,070] {logging_mixin.py:115} INFO - [2023-03-27 21:27:52,070] {dag.py:2379} INFO - Sync 1 DAGs
[2023-03-27 21:27:52,077] {logging_mixin.py:115} INFO - [2023-03-27 21:27:52,077] {dag.py:2927} INFO - Setting next_dagrun for example_task_group_decorator to 2023-03-27T00:27:52.077665+00:00, run_after=2023-03-28T00:27:52.077665+00:00
[2023-03-27 21:27:52,084] {processor.py:161} INFO - Processing /Users/gabrielroger/Documents/projects/weather-data/.venv/lib/python3.9/site-packages/airflow/example_dags/example_task_group_decorator.py took 0.340 seconds
[2023-03-27 21:28:35,708] {processor.py:153} INFO - Started process (PID=7988) to work on /Users/gabrielroger/Documents/projects/weather-data/.venv/lib/python3.9/site-packages/airflow/example_dags/example_task_group_decorator.py
[2023-03-27 21:28:35,708] {processor.py:641} INFO - Processing file /Users/gabrielroger/Documents/projects/weather-data/.venv/lib/python3.9/site-packages/airflow/example_dags/example_task_group_decorator.py for tasks to queue
[2023-03-27 21:28:35,708] {logging_mixin.py:115} INFO - [2023-03-27 21:28:35,708] {dagbag.py:507} INFO - Filling up the DagBag from /Users/gabrielroger/Documents/projects/weather-data/.venv/lib/python3.9/site-packages/airflow/example_dags/example_task_group_decorator.py
[2023-03-27 21:28:35,729] {processor.py:651} INFO - DAG(s) dict_keys(['example_task_group_decorator']) retrieved from /Users/gabrielroger/Documents/projects/weather-data/.venv/lib/python3.9/site-packages/airflow/example_dags/example_task_group_decorator.py
[2023-03-27 21:28:36,043] {logging_mixin.py:115} INFO - [2023-03-27 21:28:36,043] {dag.py:2379} INFO - Sync 1 DAGs
[2023-03-27 21:28:36,050] {logging_mixin.py:115} INFO - [2023-03-27 21:28:36,050] {dag.py:2927} INFO - Setting next_dagrun for example_task_group_decorator to 2023-03-27T00:28:36.049921+00:00, run_after=2023-03-28T00:28:36.049921+00:00
[2023-03-27 21:28:36,056] {processor.py:161} INFO - Processing /Users/gabrielroger/Documents/projects/weather-data/.venv/lib/python3.9/site-packages/airflow/example_dags/example_task_group_decorator.py took 0.348 seconds
[2023-03-27 21:29:17,375] {processor.py:153} INFO - Started process (PID=8071) to work on /Users/gabrielroger/Documents/projects/weather-data/.venv/lib/python3.9/site-packages/airflow/example_dags/example_task_group_decorator.py
[2023-03-27 21:29:17,375] {processor.py:641} INFO - Processing file /Users/gabrielroger/Documents/projects/weather-data/.venv/lib/python3.9/site-packages/airflow/example_dags/example_task_group_decorator.py for tasks to queue
[2023-03-27 21:29:17,375] {logging_mixin.py:115} INFO - [2023-03-27 21:29:17,375] {dagbag.py:507} INFO - Filling up the DagBag from /Users/gabrielroger/Documents/projects/weather-data/.venv/lib/python3.9/site-packages/airflow/example_dags/example_task_group_decorator.py
[2023-03-27 21:29:17,397] {processor.py:651} INFO - DAG(s) dict_keys(['example_task_group_decorator']) retrieved from /Users/gabrielroger/Documents/projects/weather-data/.venv/lib/python3.9/site-packages/airflow/example_dags/example_task_group_decorator.py
[2023-03-27 21:29:17,725] {logging_mixin.py:115} INFO - [2023-03-27 21:29:17,725] {dag.py:2379} INFO - Sync 1 DAGs
[2023-03-27 21:29:17,732] {logging_mixin.py:115} INFO - [2023-03-27 21:29:17,732] {dag.py:2927} INFO - Setting next_dagrun for example_task_group_decorator to 2023-03-27T00:29:17.732062+00:00, run_after=2023-03-28T00:29:17.732062+00:00
[2023-03-27 21:29:17,738] {processor.py:161} INFO - Processing /Users/gabrielroger/Documents/projects/weather-data/.venv/lib/python3.9/site-packages/airflow/example_dags/example_task_group_decorator.py took 0.364 seconds
[2023-03-27 21:30:00,000] {processor.py:153} INFO - Started process (PID=8168) to work on /Users/gabrielroger/Documents/projects/weather-data/.venv/lib/python3.9/site-packages/airflow/example_dags/example_task_group_decorator.py
[2023-03-27 21:30:00,002] {processor.py:641} INFO - Processing file /Users/gabrielroger/Documents/projects/weather-data/.venv/lib/python3.9/site-packages/airflow/example_dags/example_task_group_decorator.py for tasks to queue
[2023-03-27 21:30:00,002] {logging_mixin.py:115} INFO - [2023-03-27 21:30:00,002] {dagbag.py:507} INFO - Filling up the DagBag from /Users/gabrielroger/Documents/projects/weather-data/.venv/lib/python3.9/site-packages/airflow/example_dags/example_task_group_decorator.py
[2023-03-27 21:30:00,024] {processor.py:651} INFO - DAG(s) dict_keys(['example_task_group_decorator']) retrieved from /Users/gabrielroger/Documents/projects/weather-data/.venv/lib/python3.9/site-packages/airflow/example_dags/example_task_group_decorator.py
[2023-03-27 21:30:00,340] {logging_mixin.py:115} INFO - [2023-03-27 21:30:00,340] {dag.py:2379} INFO - Sync 1 DAGs
[2023-03-27 21:30:00,346] {logging_mixin.py:115} INFO - [2023-03-27 21:30:00,346] {dag.py:2927} INFO - Setting next_dagrun for example_task_group_decorator to 2023-03-27T00:30:00.346831+00:00, run_after=2023-03-28T00:30:00.346831+00:00
[2023-03-27 21:30:00,353] {processor.py:161} INFO - Processing /Users/gabrielroger/Documents/projects/weather-data/.venv/lib/python3.9/site-packages/airflow/example_dags/example_task_group_decorator.py took 0.353 seconds
[2023-03-27 21:30:43,877] {processor.py:153} INFO - Started process (PID=8247) to work on /Users/gabrielroger/Documents/projects/weather-data/.venv/lib/python3.9/site-packages/airflow/example_dags/example_task_group_decorator.py
[2023-03-27 21:30:43,877] {processor.py:641} INFO - Processing file /Users/gabrielroger/Documents/projects/weather-data/.venv/lib/python3.9/site-packages/airflow/example_dags/example_task_group_decorator.py for tasks to queue
[2023-03-27 21:30:43,877] {logging_mixin.py:115} INFO - [2023-03-27 21:30:43,877] {dagbag.py:507} INFO - Filling up the DagBag from /Users/gabrielroger/Documents/projects/weather-data/.venv/lib/python3.9/site-packages/airflow/example_dags/example_task_group_decorator.py
[2023-03-27 21:30:43,898] {processor.py:651} INFO - DAG(s) dict_keys(['example_task_group_decorator']) retrieved from /Users/gabrielroger/Documents/projects/weather-data/.venv/lib/python3.9/site-packages/airflow/example_dags/example_task_group_decorator.py
[2023-03-27 21:30:44,205] {logging_mixin.py:115} INFO - [2023-03-27 21:30:44,205] {dag.py:2379} INFO - Sync 1 DAGs
[2023-03-27 21:30:44,212] {logging_mixin.py:115} INFO - [2023-03-27 21:30:44,212] {dag.py:2927} INFO - Setting next_dagrun for example_task_group_decorator to 2023-03-27T00:30:44.212119+00:00, run_after=2023-03-28T00:30:44.212119+00:00
[2023-03-27 21:30:44,218] {processor.py:161} INFO - Processing /Users/gabrielroger/Documents/projects/weather-data/.venv/lib/python3.9/site-packages/airflow/example_dags/example_task_group_decorator.py took 0.342 seconds
[2023-03-27 21:31:25,152] {processor.py:153} INFO - Started process (PID=8316) to work on /Users/gabrielroger/Documents/projects/weather-data/.venv/lib/python3.9/site-packages/airflow/example_dags/example_task_group_decorator.py
[2023-03-27 21:31:25,152] {processor.py:641} INFO - Processing file /Users/gabrielroger/Documents/projects/weather-data/.venv/lib/python3.9/site-packages/airflow/example_dags/example_task_group_decorator.py for tasks to queue
[2023-03-27 21:31:25,152] {logging_mixin.py:115} INFO - [2023-03-27 21:31:25,152] {dagbag.py:507} INFO - Filling up the DagBag from /Users/gabrielroger/Documents/projects/weather-data/.venv/lib/python3.9/site-packages/airflow/example_dags/example_task_group_decorator.py
[2023-03-27 21:31:25,173] {processor.py:651} INFO - DAG(s) dict_keys(['example_task_group_decorator']) retrieved from /Users/gabrielroger/Documents/projects/weather-data/.venv/lib/python3.9/site-packages/airflow/example_dags/example_task_group_decorator.py
[2023-03-27 21:31:25,485] {logging_mixin.py:115} INFO - [2023-03-27 21:31:25,485] {dag.py:2379} INFO - Sync 1 DAGs
[2023-03-27 21:31:25,492] {logging_mixin.py:115} INFO - [2023-03-27 21:31:25,492] {dag.py:2927} INFO - Setting next_dagrun for example_task_group_decorator to 2023-03-27T00:31:25.492271+00:00, run_after=2023-03-28T00:31:25.492271+00:00
[2023-03-27 21:31:25,499] {processor.py:161} INFO - Processing /Users/gabrielroger/Documents/projects/weather-data/.venv/lib/python3.9/site-packages/airflow/example_dags/example_task_group_decorator.py took 0.347 seconds
[2023-03-27 21:32:08,735] {processor.py:153} INFO - Started process (PID=8389) to work on /Users/gabrielroger/Documents/projects/weather-data/.venv/lib/python3.9/site-packages/airflow/example_dags/example_task_group_decorator.py
[2023-03-27 21:32:08,735] {processor.py:641} INFO - Processing file /Users/gabrielroger/Documents/projects/weather-data/.venv/lib/python3.9/site-packages/airflow/example_dags/example_task_group_decorator.py for tasks to queue
[2023-03-27 21:32:08,735] {logging_mixin.py:115} INFO - [2023-03-27 21:32:08,735] {dagbag.py:507} INFO - Filling up the DagBag from /Users/gabrielroger/Documents/projects/weather-data/.venv/lib/python3.9/site-packages/airflow/example_dags/example_task_group_decorator.py
[2023-03-27 21:32:08,756] {processor.py:651} INFO - DAG(s) dict_keys(['example_task_group_decorator']) retrieved from /Users/gabrielroger/Documents/projects/weather-data/.venv/lib/python3.9/site-packages/airflow/example_dags/example_task_group_decorator.py
[2023-03-27 21:32:09,065] {logging_mixin.py:115} INFO - [2023-03-27 21:32:09,064] {dag.py:2379} INFO - Sync 1 DAGs
[2023-03-27 21:32:09,071] {logging_mixin.py:115} INFO - [2023-03-27 21:32:09,071] {dag.py:2927} INFO - Setting next_dagrun for example_task_group_decorator to 2023-03-27T00:32:09.071554+00:00, run_after=2023-03-28T00:32:09.071554+00:00
[2023-03-27 21:32:09,078] {processor.py:161} INFO - Processing /Users/gabrielroger/Documents/projects/weather-data/.venv/lib/python3.9/site-packages/airflow/example_dags/example_task_group_decorator.py took 0.343 seconds
[2023-03-27 21:32:53,152] {processor.py:153} INFO - Started process (PID=8462) to work on /Users/gabrielroger/Documents/projects/weather-data/.venv/lib/python3.9/site-packages/airflow/example_dags/example_task_group_decorator.py
[2023-03-27 21:32:53,152] {processor.py:641} INFO - Processing file /Users/gabrielroger/Documents/projects/weather-data/.venv/lib/python3.9/site-packages/airflow/example_dags/example_task_group_decorator.py for tasks to queue
[2023-03-27 21:32:53,152] {logging_mixin.py:115} INFO - [2023-03-27 21:32:53,152] {dagbag.py:507} INFO - Filling up the DagBag from /Users/gabrielroger/Documents/projects/weather-data/.venv/lib/python3.9/site-packages/airflow/example_dags/example_task_group_decorator.py
[2023-03-27 21:32:53,173] {processor.py:651} INFO - DAG(s) dict_keys(['example_task_group_decorator']) retrieved from /Users/gabrielroger/Documents/projects/weather-data/.venv/lib/python3.9/site-packages/airflow/example_dags/example_task_group_decorator.py
[2023-03-27 21:32:53,483] {logging_mixin.py:115} INFO - [2023-03-27 21:32:53,483] {dag.py:2379} INFO - Sync 1 DAGs
[2023-03-27 21:32:53,490] {logging_mixin.py:115} INFO - [2023-03-27 21:32:53,490] {dag.py:2927} INFO - Setting next_dagrun for example_task_group_decorator to 2023-03-27T00:32:53.490071+00:00, run_after=2023-03-28T00:32:53.490071+00:00
[2023-03-27 21:32:53,496] {processor.py:161} INFO - Processing /Users/gabrielroger/Documents/projects/weather-data/.venv/lib/python3.9/site-packages/airflow/example_dags/example_task_group_decorator.py took 0.345 seconds
[2023-03-27 21:33:38,834] {processor.py:153} INFO - Started process (PID=8536) to work on /Users/gabrielroger/Documents/projects/weather-data/.venv/lib/python3.9/site-packages/airflow/example_dags/example_task_group_decorator.py
[2023-03-27 21:33:38,834] {processor.py:641} INFO - Processing file /Users/gabrielroger/Documents/projects/weather-data/.venv/lib/python3.9/site-packages/airflow/example_dags/example_task_group_decorator.py for tasks to queue
[2023-03-27 21:33:38,835] {logging_mixin.py:115} INFO - [2023-03-27 21:33:38,835] {dagbag.py:507} INFO - Filling up the DagBag from /Users/gabrielroger/Documents/projects/weather-data/.venv/lib/python3.9/site-packages/airflow/example_dags/example_task_group_decorator.py
[2023-03-27 21:33:38,855] {processor.py:651} INFO - DAG(s) dict_keys(['example_task_group_decorator']) retrieved from /Users/gabrielroger/Documents/projects/weather-data/.venv/lib/python3.9/site-packages/airflow/example_dags/example_task_group_decorator.py
[2023-03-27 21:33:39,164] {logging_mixin.py:115} INFO - [2023-03-27 21:33:39,164] {dag.py:2379} INFO - Sync 1 DAGs
[2023-03-27 21:33:39,171] {logging_mixin.py:115} INFO - [2023-03-27 21:33:39,171] {dag.py:2927} INFO - Setting next_dagrun for example_task_group_decorator to 2023-03-27T00:33:39.171423+00:00, run_after=2023-03-28T00:33:39.171423+00:00
[2023-03-27 21:33:39,178] {processor.py:161} INFO - Processing /Users/gabrielroger/Documents/projects/weather-data/.venv/lib/python3.9/site-packages/airflow/example_dags/example_task_group_decorator.py took 0.344 seconds
[2023-03-27 21:34:23,407] {processor.py:153} INFO - Started process (PID=8619) to work on /Users/gabrielroger/Documents/projects/weather-data/.venv/lib/python3.9/site-packages/airflow/example_dags/example_task_group_decorator.py
[2023-03-27 21:34:23,408] {processor.py:641} INFO - Processing file /Users/gabrielroger/Documents/projects/weather-data/.venv/lib/python3.9/site-packages/airflow/example_dags/example_task_group_decorator.py for tasks to queue
[2023-03-27 21:34:23,408] {logging_mixin.py:115} INFO - [2023-03-27 21:34:23,408] {dagbag.py:507} INFO - Filling up the DagBag from /Users/gabrielroger/Documents/projects/weather-data/.venv/lib/python3.9/site-packages/airflow/example_dags/example_task_group_decorator.py
[2023-03-27 21:34:23,429] {processor.py:651} INFO - DAG(s) dict_keys(['example_task_group_decorator']) retrieved from /Users/gabrielroger/Documents/projects/weather-data/.venv/lib/python3.9/site-packages/airflow/example_dags/example_task_group_decorator.py
[2023-03-27 21:34:23,756] {logging_mixin.py:115} INFO - [2023-03-27 21:34:23,756] {dag.py:2379} INFO - Sync 1 DAGs
[2023-03-27 21:34:23,764] {logging_mixin.py:115} INFO - [2023-03-27 21:34:23,764] {dag.py:2927} INFO - Setting next_dagrun for example_task_group_decorator to 2023-03-27T00:34:23.764125+00:00, run_after=2023-03-28T00:34:23.764125+00:00
[2023-03-27 21:34:23,772] {processor.py:161} INFO - Processing /Users/gabrielroger/Documents/projects/weather-data/.venv/lib/python3.9/site-packages/airflow/example_dags/example_task_group_decorator.py took 0.365 seconds
[2023-03-27 21:59:51,639] {processor.py:153} INFO - Started process (PID=8745) to work on /Users/gabrielroger/Documents/projects/weather-data/.venv/lib/python3.9/site-packages/airflow/example_dags/example_task_group_decorator.py
[2023-03-27 21:59:51,640] {processor.py:641} INFO - Processing file /Users/gabrielroger/Documents/projects/weather-data/.venv/lib/python3.9/site-packages/airflow/example_dags/example_task_group_decorator.py for tasks to queue
[2023-03-27 21:59:51,640] {logging_mixin.py:115} INFO - [2023-03-27 21:59:51,640] {dagbag.py:507} INFO - Filling up the DagBag from /Users/gabrielroger/Documents/projects/weather-data/.venv/lib/python3.9/site-packages/airflow/example_dags/example_task_group_decorator.py
[2023-03-27 21:59:51,661] {processor.py:651} INFO - DAG(s) dict_keys(['example_task_group_decorator']) retrieved from /Users/gabrielroger/Documents/projects/weather-data/.venv/lib/python3.9/site-packages/airflow/example_dags/example_task_group_decorator.py
[2023-03-27 21:59:51,968] {logging_mixin.py:115} INFO - [2023-03-27 21:59:51,968] {dag.py:2379} INFO - Sync 1 DAGs
[2023-03-27 21:59:51,974] {logging_mixin.py:115} INFO - [2023-03-27 21:59:51,974] {dag.py:2927} INFO - Setting next_dagrun for example_task_group_decorator to 2023-03-27T00:59:51.974776+00:00, run_after=2023-03-28T00:59:51.974776+00:00
[2023-03-27 21:59:51,981] {processor.py:161} INFO - Processing /Users/gabrielroger/Documents/projects/weather-data/.venv/lib/python3.9/site-packages/airflow/example_dags/example_task_group_decorator.py took 0.342 seconds
[2023-03-27 22:09:19,825] {processor.py:153} INFO - Started process (PID=8889) to work on /Users/gabrielroger/Documents/projects/weather-data/.venv/lib/python3.9/site-packages/airflow/example_dags/example_task_group_decorator.py
[2023-03-27 22:09:19,826] {processor.py:641} INFO - Processing file /Users/gabrielroger/Documents/projects/weather-data/.venv/lib/python3.9/site-packages/airflow/example_dags/example_task_group_decorator.py for tasks to queue
[2023-03-27 22:09:19,826] {logging_mixin.py:115} INFO - [2023-03-27 22:09:19,826] {dagbag.py:507} INFO - Filling up the DagBag from /Users/gabrielroger/Documents/projects/weather-data/.venv/lib/python3.9/site-packages/airflow/example_dags/example_task_group_decorator.py
[2023-03-27 22:09:19,847] {processor.py:651} INFO - DAG(s) dict_keys(['example_task_group_decorator']) retrieved from /Users/gabrielroger/Documents/projects/weather-data/.venv/lib/python3.9/site-packages/airflow/example_dags/example_task_group_decorator.py
[2023-03-27 22:09:20,154] {logging_mixin.py:115} INFO - [2023-03-27 22:09:20,154] {dag.py:2379} INFO - Sync 1 DAGs
[2023-03-27 22:09:20,160] {logging_mixin.py:115} INFO - [2023-03-27 22:09:20,160] {dag.py:2927} INFO - Setting next_dagrun for example_task_group_decorator to 2023-03-27T01:09:20.160544+00:00, run_after=2023-03-28T01:09:20.160544+00:00
[2023-03-27 22:09:20,167] {processor.py:161} INFO - Processing /Users/gabrielroger/Documents/projects/weather-data/.venv/lib/python3.9/site-packages/airflow/example_dags/example_task_group_decorator.py took 0.342 seconds
[2023-03-27 23:27:59,686] {processor.py:153} INFO - Started process (PID=9012) to work on /Users/gabrielroger/Documents/projects/weather-data/.venv/lib/python3.9/site-packages/airflow/example_dags/example_task_group_decorator.py
[2023-03-27 23:27:59,687] {processor.py:641} INFO - Processing file /Users/gabrielroger/Documents/projects/weather-data/.venv/lib/python3.9/site-packages/airflow/example_dags/example_task_group_decorator.py for tasks to queue
[2023-03-27 23:27:59,687] {logging_mixin.py:115} INFO - [2023-03-27 23:27:59,687] {dagbag.py:507} INFO - Filling up the DagBag from /Users/gabrielroger/Documents/projects/weather-data/.venv/lib/python3.9/site-packages/airflow/example_dags/example_task_group_decorator.py
[2023-03-27 23:27:59,709] {processor.py:651} INFO - DAG(s) dict_keys(['example_task_group_decorator']) retrieved from /Users/gabrielroger/Documents/projects/weather-data/.venv/lib/python3.9/site-packages/airflow/example_dags/example_task_group_decorator.py
[2023-03-27 23:28:00,024] {logging_mixin.py:115} INFO - [2023-03-27 23:28:00,024] {dag.py:2379} INFO - Sync 1 DAGs
[2023-03-27 23:28:00,031] {logging_mixin.py:115} INFO - [2023-03-27 23:28:00,031] {dag.py:2927} INFO - Setting next_dagrun for example_task_group_decorator to 2023-03-27T02:28:00.031044+00:00, run_after=2023-03-28T02:28:00.031044+00:00
[2023-03-27 23:28:00,037] {processor.py:161} INFO - Processing /Users/gabrielroger/Documents/projects/weather-data/.venv/lib/python3.9/site-packages/airflow/example_dags/example_task_group_decorator.py took 0.352 seconds
