[2023-03-27 21:09:50,964] {processor.py:153} INFO - Started process (PID=6058) to work on /Users/gabrielroger/Documents/projects/weather-data/.venv/lib/python3.9/site-packages/airflow/example_dags/example_trigger_controller_dag.py
[2023-03-27 21:09:50,964] {processor.py:641} INFO - Processing file /Users/gabrielroger/Documents/projects/weather-data/.venv/lib/python3.9/site-packages/airflow/example_dags/example_trigger_controller_dag.py for tasks to queue
[2023-03-27 21:09:50,965] {logging_mixin.py:115} INFO - [2023-03-27 21:09:50,965] {dagbag.py:507} INFO - Filling up the DagBag from /Users/gabrielroger/Documents/projects/weather-data/.venv/lib/python3.9/site-packages/airflow/example_dags/example_trigger_controller_dag.py
[2023-03-27 21:09:50,976] {processor.py:651} INFO - DAG(s) dict_keys(['example_trigger_controller_dag']) retrieved from /Users/gabrielroger/Documents/projects/weather-data/.venv/lib/python3.9/site-packages/airflow/example_dags/example_trigger_controller_dag.py
[2023-03-27 21:09:51,011] {logging_mixin.py:115} INFO - [2023-03-27 21:09:51,011] {dag.py:2379} INFO - Sync 1 DAGs
[2023-03-27 21:09:51,018] {logging_mixin.py:115} INFO - [2023-03-27 21:09:51,018] {dag.py:2927} INFO - Setting next_dagrun for example_trigger_controller_dag to 2021-01-01T00:00:00+00:00, run_after=2021-01-01T00:00:00+00:00
[2023-03-27 21:09:51,025] {processor.py:161} INFO - Processing /Users/gabrielroger/Documents/projects/weather-data/.venv/lib/python3.9/site-packages/airflow/example_dags/example_trigger_controller_dag.py took 0.062 seconds
[2023-03-27 21:10:42,396] {processor.py:153} INFO - Started process (PID=6149) to work on /Users/gabrielroger/Documents/projects/weather-data/.venv/lib/python3.9/site-packages/airflow/example_dags/example_trigger_controller_dag.py
[2023-03-27 21:10:42,396] {processor.py:641} INFO - Processing file /Users/gabrielroger/Documents/projects/weather-data/.venv/lib/python3.9/site-packages/airflow/example_dags/example_trigger_controller_dag.py for tasks to queue
[2023-03-27 21:10:42,396] {logging_mixin.py:115} INFO - [2023-03-27 21:10:42,396] {dagbag.py:507} INFO - Filling up the DagBag from /Users/gabrielroger/Documents/projects/weather-data/.venv/lib/python3.9/site-packages/airflow/example_dags/example_trigger_controller_dag.py
[2023-03-27 21:10:42,403] {processor.py:651} INFO - DAG(s) dict_keys(['example_trigger_controller_dag']) retrieved from /Users/gabrielroger/Documents/projects/weather-data/.venv/lib/python3.9/site-packages/airflow/example_dags/example_trigger_controller_dag.py
[2023-03-27 21:10:42,432] {logging_mixin.py:115} INFO - [2023-03-27 21:10:42,432] {dag.py:2379} INFO - Sync 1 DAGs
[2023-03-27 21:10:42,438] {logging_mixin.py:115} INFO - [2023-03-27 21:10:42,438] {dag.py:2927} INFO - Setting next_dagrun for example_trigger_controller_dag to 2021-01-01T00:00:00+00:00, run_after=2021-01-01T00:00:00+00:00
[2023-03-27 21:10:42,444] {processor.py:161} INFO - Processing /Users/gabrielroger/Documents/projects/weather-data/.venv/lib/python3.9/site-packages/airflow/example_dags/example_trigger_controller_dag.py took 0.048 seconds
[2023-03-27 21:11:34,272] {processor.py:153} INFO - Started process (PID=6240) to work on /Users/gabrielroger/Documents/projects/weather-data/.venv/lib/python3.9/site-packages/airflow/example_dags/example_trigger_controller_dag.py
[2023-03-27 21:11:34,272] {processor.py:641} INFO - Processing file /Users/gabrielroger/Documents/projects/weather-data/.venv/lib/python3.9/site-packages/airflow/example_dags/example_trigger_controller_dag.py for tasks to queue
[2023-03-27 21:11:34,272] {logging_mixin.py:115} INFO - [2023-03-27 21:11:34,272] {dagbag.py:507} INFO - Filling up the DagBag from /Users/gabrielroger/Documents/projects/weather-data/.venv/lib/python3.9/site-packages/airflow/example_dags/example_trigger_controller_dag.py
[2023-03-27 21:11:34,279] {processor.py:651} INFO - DAG(s) dict_keys(['example_trigger_controller_dag']) retrieved from /Users/gabrielroger/Documents/projects/weather-data/.venv/lib/python3.9/site-packages/airflow/example_dags/example_trigger_controller_dag.py
[2023-03-27 21:11:34,311] {logging_mixin.py:115} INFO - [2023-03-27 21:11:34,311] {dag.py:2379} INFO - Sync 1 DAGs
[2023-03-27 21:11:34,318] {logging_mixin.py:115} INFO - [2023-03-27 21:11:34,318] {dag.py:2927} INFO - Setting next_dagrun for example_trigger_controller_dag to 2021-01-01T00:00:00+00:00, run_after=2021-01-01T00:00:00+00:00
[2023-03-27 21:11:34,323] {processor.py:161} INFO - Processing /Users/gabrielroger/Documents/projects/weather-data/.venv/lib/python3.9/site-packages/airflow/example_dags/example_trigger_controller_dag.py took 0.052 seconds
[2023-03-27 21:12:19,951] {processor.py:153} INFO - Started process (PID=6313) to work on /Users/gabrielroger/Documents/projects/weather-data/.venv/lib/python3.9/site-packages/airflow/example_dags/example_trigger_controller_dag.py
[2023-03-27 21:12:19,952] {processor.py:641} INFO - Processing file /Users/gabrielroger/Documents/projects/weather-data/.venv/lib/python3.9/site-packages/airflow/example_dags/example_trigger_controller_dag.py for tasks to queue
[2023-03-27 21:12:19,952] {logging_mixin.py:115} INFO - [2023-03-27 21:12:19,952] {dagbag.py:507} INFO - Filling up the DagBag from /Users/gabrielroger/Documents/projects/weather-data/.venv/lib/python3.9/site-packages/airflow/example_dags/example_trigger_controller_dag.py
[2023-03-27 21:12:19,959] {processor.py:651} INFO - DAG(s) dict_keys(['example_trigger_controller_dag']) retrieved from /Users/gabrielroger/Documents/projects/weather-data/.venv/lib/python3.9/site-packages/airflow/example_dags/example_trigger_controller_dag.py
[2023-03-27 21:12:19,989] {logging_mixin.py:115} INFO - [2023-03-27 21:12:19,989] {dag.py:2379} INFO - Sync 1 DAGs
[2023-03-27 21:12:19,996] {logging_mixin.py:115} INFO - [2023-03-27 21:12:19,996] {dag.py:2927} INFO - Setting next_dagrun for example_trigger_controller_dag to 2021-01-01T00:00:00+00:00, run_after=2021-01-01T00:00:00+00:00
[2023-03-27 21:12:20,001] {processor.py:161} INFO - Processing /Users/gabrielroger/Documents/projects/weather-data/.venv/lib/python3.9/site-packages/airflow/example_dags/example_trigger_controller_dag.py took 0.050 seconds
[2023-03-27 21:13:08,057] {processor.py:153} INFO - Started process (PID=6391) to work on /Users/gabrielroger/Documents/projects/weather-data/.venv/lib/python3.9/site-packages/airflow/example_dags/example_trigger_controller_dag.py
[2023-03-27 21:13:08,057] {processor.py:641} INFO - Processing file /Users/gabrielroger/Documents/projects/weather-data/.venv/lib/python3.9/site-packages/airflow/example_dags/example_trigger_controller_dag.py for tasks to queue
[2023-03-27 21:13:08,057] {logging_mixin.py:115} INFO - [2023-03-27 21:13:08,057] {dagbag.py:507} INFO - Filling up the DagBag from /Users/gabrielroger/Documents/projects/weather-data/.venv/lib/python3.9/site-packages/airflow/example_dags/example_trigger_controller_dag.py
[2023-03-27 21:13:08,063] {processor.py:651} INFO - DAG(s) dict_keys(['example_trigger_controller_dag']) retrieved from /Users/gabrielroger/Documents/projects/weather-data/.venv/lib/python3.9/site-packages/airflow/example_dags/example_trigger_controller_dag.py
[2023-03-27 21:13:08,093] {logging_mixin.py:115} INFO - [2023-03-27 21:13:08,093] {dag.py:2379} INFO - Sync 1 DAGs
[2023-03-27 21:13:08,099] {logging_mixin.py:115} INFO - [2023-03-27 21:13:08,099] {dag.py:2927} INFO - Setting next_dagrun for example_trigger_controller_dag to 2021-01-01T00:00:00+00:00, run_after=2021-01-01T00:00:00+00:00
[2023-03-27 21:13:08,105] {processor.py:161} INFO - Processing /Users/gabrielroger/Documents/projects/weather-data/.venv/lib/python3.9/site-packages/airflow/example_dags/example_trigger_controller_dag.py took 0.049 seconds
[2023-03-27 21:13:51,587] {processor.py:153} INFO - Started process (PID=6469) to work on /Users/gabrielroger/Documents/projects/weather-data/.venv/lib/python3.9/site-packages/airflow/example_dags/example_trigger_controller_dag.py
[2023-03-27 21:13:51,588] {processor.py:641} INFO - Processing file /Users/gabrielroger/Documents/projects/weather-data/.venv/lib/python3.9/site-packages/airflow/example_dags/example_trigger_controller_dag.py for tasks to queue
[2023-03-27 21:13:51,588] {logging_mixin.py:115} INFO - [2023-03-27 21:13:51,588] {dagbag.py:507} INFO - Filling up the DagBag from /Users/gabrielroger/Documents/projects/weather-data/.venv/lib/python3.9/site-packages/airflow/example_dags/example_trigger_controller_dag.py
[2023-03-27 21:13:51,594] {processor.py:651} INFO - DAG(s) dict_keys(['example_trigger_controller_dag']) retrieved from /Users/gabrielroger/Documents/projects/weather-data/.venv/lib/python3.9/site-packages/airflow/example_dags/example_trigger_controller_dag.py
[2023-03-27 21:13:51,623] {logging_mixin.py:115} INFO - [2023-03-27 21:13:51,623] {dag.py:2379} INFO - Sync 1 DAGs
[2023-03-27 21:13:51,630] {logging_mixin.py:115} INFO - [2023-03-27 21:13:51,630] {dag.py:2927} INFO - Setting next_dagrun for example_trigger_controller_dag to 2021-01-01T00:00:00+00:00, run_after=2021-01-01T00:00:00+00:00
[2023-03-27 21:13:51,636] {processor.py:161} INFO - Processing /Users/gabrielroger/Documents/projects/weather-data/.venv/lib/python3.9/site-packages/airflow/example_dags/example_trigger_controller_dag.py took 0.049 seconds
[2023-03-27 21:14:34,036] {processor.py:153} INFO - Started process (PID=6540) to work on /Users/gabrielroger/Documents/projects/weather-data/.venv/lib/python3.9/site-packages/airflow/example_dags/example_trigger_controller_dag.py
[2023-03-27 21:14:34,037] {processor.py:641} INFO - Processing file /Users/gabrielroger/Documents/projects/weather-data/.venv/lib/python3.9/site-packages/airflow/example_dags/example_trigger_controller_dag.py for tasks to queue
[2023-03-27 21:14:34,037] {logging_mixin.py:115} INFO - [2023-03-27 21:14:34,037] {dagbag.py:507} INFO - Filling up the DagBag from /Users/gabrielroger/Documents/projects/weather-data/.venv/lib/python3.9/site-packages/airflow/example_dags/example_trigger_controller_dag.py
[2023-03-27 21:14:34,043] {processor.py:651} INFO - DAG(s) dict_keys(['example_trigger_controller_dag']) retrieved from /Users/gabrielroger/Documents/projects/weather-data/.venv/lib/python3.9/site-packages/airflow/example_dags/example_trigger_controller_dag.py
[2023-03-27 21:14:34,072] {logging_mixin.py:115} INFO - [2023-03-27 21:14:34,072] {dag.py:2379} INFO - Sync 1 DAGs
[2023-03-27 21:14:34,079] {logging_mixin.py:115} INFO - [2023-03-27 21:14:34,079] {dag.py:2927} INFO - Setting next_dagrun for example_trigger_controller_dag to 2021-01-01T00:00:00+00:00, run_after=2021-01-01T00:00:00+00:00
[2023-03-27 21:14:34,084] {processor.py:161} INFO - Processing /Users/gabrielroger/Documents/projects/weather-data/.venv/lib/python3.9/site-packages/airflow/example_dags/example_trigger_controller_dag.py took 0.048 seconds
[2023-03-27 21:15:18,984] {processor.py:153} INFO - Started process (PID=6614) to work on /Users/gabrielroger/Documents/projects/weather-data/.venv/lib/python3.9/site-packages/airflow/example_dags/example_trigger_controller_dag.py
[2023-03-27 21:15:18,984] {processor.py:641} INFO - Processing file /Users/gabrielroger/Documents/projects/weather-data/.venv/lib/python3.9/site-packages/airflow/example_dags/example_trigger_controller_dag.py for tasks to queue
[2023-03-27 21:15:18,985] {logging_mixin.py:115} INFO - [2023-03-27 21:15:18,985] {dagbag.py:507} INFO - Filling up the DagBag from /Users/gabrielroger/Documents/projects/weather-data/.venv/lib/python3.9/site-packages/airflow/example_dags/example_trigger_controller_dag.py
[2023-03-27 21:15:18,991] {processor.py:651} INFO - DAG(s) dict_keys(['example_trigger_controller_dag']) retrieved from /Users/gabrielroger/Documents/projects/weather-data/.venv/lib/python3.9/site-packages/airflow/example_dags/example_trigger_controller_dag.py
[2023-03-27 21:15:19,020] {logging_mixin.py:115} INFO - [2023-03-27 21:15:19,020] {dag.py:2379} INFO - Sync 1 DAGs
[2023-03-27 21:15:19,027] {logging_mixin.py:115} INFO - [2023-03-27 21:15:19,027] {dag.py:2927} INFO - Setting next_dagrun for example_trigger_controller_dag to 2021-01-01T00:00:00+00:00, run_after=2021-01-01T00:00:00+00:00
[2023-03-27 21:15:19,032] {processor.py:161} INFO - Processing /Users/gabrielroger/Documents/projects/weather-data/.venv/lib/python3.9/site-packages/airflow/example_dags/example_trigger_controller_dag.py took 0.049 seconds
[2023-03-27 21:16:04,044] {processor.py:153} INFO - Started process (PID=6688) to work on /Users/gabrielroger/Documents/projects/weather-data/.venv/lib/python3.9/site-packages/airflow/example_dags/example_trigger_controller_dag.py
[2023-03-27 21:16:04,045] {processor.py:641} INFO - Processing file /Users/gabrielroger/Documents/projects/weather-data/.venv/lib/python3.9/site-packages/airflow/example_dags/example_trigger_controller_dag.py for tasks to queue
[2023-03-27 21:16:04,045] {logging_mixin.py:115} INFO - [2023-03-27 21:16:04,045] {dagbag.py:507} INFO - Filling up the DagBag from /Users/gabrielroger/Documents/projects/weather-data/.venv/lib/python3.9/site-packages/airflow/example_dags/example_trigger_controller_dag.py
[2023-03-27 21:16:04,052] {processor.py:651} INFO - DAG(s) dict_keys(['example_trigger_controller_dag']) retrieved from /Users/gabrielroger/Documents/projects/weather-data/.venv/lib/python3.9/site-packages/airflow/example_dags/example_trigger_controller_dag.py
[2023-03-27 21:16:04,081] {logging_mixin.py:115} INFO - [2023-03-27 21:16:04,081] {dag.py:2379} INFO - Sync 1 DAGs
[2023-03-27 21:16:04,087] {logging_mixin.py:115} INFO - [2023-03-27 21:16:04,087] {dag.py:2927} INFO - Setting next_dagrun for example_trigger_controller_dag to 2021-01-01T00:00:00+00:00, run_after=2021-01-01T00:00:00+00:00
[2023-03-27 21:16:04,093] {processor.py:161} INFO - Processing /Users/gabrielroger/Documents/projects/weather-data/.venv/lib/python3.9/site-packages/airflow/example_dags/example_trigger_controller_dag.py took 0.049 seconds
[2023-03-27 21:16:49,141] {processor.py:153} INFO - Started process (PID=6762) to work on /Users/gabrielroger/Documents/projects/weather-data/.venv/lib/python3.9/site-packages/airflow/example_dags/example_trigger_controller_dag.py
[2023-03-27 21:16:49,141] {processor.py:641} INFO - Processing file /Users/gabrielroger/Documents/projects/weather-data/.venv/lib/python3.9/site-packages/airflow/example_dags/example_trigger_controller_dag.py for tasks to queue
[2023-03-27 21:16:49,142] {logging_mixin.py:115} INFO - [2023-03-27 21:16:49,142] {dagbag.py:507} INFO - Filling up the DagBag from /Users/gabrielroger/Documents/projects/weather-data/.venv/lib/python3.9/site-packages/airflow/example_dags/example_trigger_controller_dag.py
[2023-03-27 21:16:49,148] {processor.py:651} INFO - DAG(s) dict_keys(['example_trigger_controller_dag']) retrieved from /Users/gabrielroger/Documents/projects/weather-data/.venv/lib/python3.9/site-packages/airflow/example_dags/example_trigger_controller_dag.py
[2023-03-27 21:16:49,177] {logging_mixin.py:115} INFO - [2023-03-27 21:16:49,177] {dag.py:2379} INFO - Sync 1 DAGs
[2023-03-27 21:16:49,183] {logging_mixin.py:115} INFO - [2023-03-27 21:16:49,183] {dag.py:2927} INFO - Setting next_dagrun for example_trigger_controller_dag to 2021-01-01T00:00:00+00:00, run_after=2021-01-01T00:00:00+00:00
[2023-03-27 21:16:49,189] {processor.py:161} INFO - Processing /Users/gabrielroger/Documents/projects/weather-data/.venv/lib/python3.9/site-packages/airflow/example_dags/example_trigger_controller_dag.py took 0.048 seconds
[2023-03-27 21:17:31,245] {processor.py:153} INFO - Started process (PID=6832) to work on /Users/gabrielroger/Documents/projects/weather-data/.venv/lib/python3.9/site-packages/airflow/example_dags/example_trigger_controller_dag.py
[2023-03-27 21:17:31,245] {processor.py:641} INFO - Processing file /Users/gabrielroger/Documents/projects/weather-data/.venv/lib/python3.9/site-packages/airflow/example_dags/example_trigger_controller_dag.py for tasks to queue
[2023-03-27 21:17:31,245] {logging_mixin.py:115} INFO - [2023-03-27 21:17:31,245] {dagbag.py:507} INFO - Filling up the DagBag from /Users/gabrielroger/Documents/projects/weather-data/.venv/lib/python3.9/site-packages/airflow/example_dags/example_trigger_controller_dag.py
[2023-03-27 21:17:31,251] {processor.py:651} INFO - DAG(s) dict_keys(['example_trigger_controller_dag']) retrieved from /Users/gabrielroger/Documents/projects/weather-data/.venv/lib/python3.9/site-packages/airflow/example_dags/example_trigger_controller_dag.py
[2023-03-27 21:17:31,280] {logging_mixin.py:115} INFO - [2023-03-27 21:17:31,280] {dag.py:2379} INFO - Sync 1 DAGs
[2023-03-27 21:17:31,286] {logging_mixin.py:115} INFO - [2023-03-27 21:17:31,286] {dag.py:2927} INFO - Setting next_dagrun for example_trigger_controller_dag to 2021-01-01T00:00:00+00:00, run_after=2021-01-01T00:00:00+00:00
[2023-03-27 21:17:31,292] {processor.py:161} INFO - Processing /Users/gabrielroger/Documents/projects/weather-data/.venv/lib/python3.9/site-packages/airflow/example_dags/example_trigger_controller_dag.py took 0.048 seconds
[2023-03-27 21:18:13,144] {processor.py:153} INFO - Started process (PID=6903) to work on /Users/gabrielroger/Documents/projects/weather-data/.venv/lib/python3.9/site-packages/airflow/example_dags/example_trigger_controller_dag.py
[2023-03-27 21:18:13,145] {processor.py:641} INFO - Processing file /Users/gabrielroger/Documents/projects/weather-data/.venv/lib/python3.9/site-packages/airflow/example_dags/example_trigger_controller_dag.py for tasks to queue
[2023-03-27 21:18:13,145] {logging_mixin.py:115} INFO - [2023-03-27 21:18:13,145] {dagbag.py:507} INFO - Filling up the DagBag from /Users/gabrielroger/Documents/projects/weather-data/.venv/lib/python3.9/site-packages/airflow/example_dags/example_trigger_controller_dag.py
[2023-03-27 21:18:13,151] {processor.py:651} INFO - DAG(s) dict_keys(['example_trigger_controller_dag']) retrieved from /Users/gabrielroger/Documents/projects/weather-data/.venv/lib/python3.9/site-packages/airflow/example_dags/example_trigger_controller_dag.py
[2023-03-27 21:18:13,180] {logging_mixin.py:115} INFO - [2023-03-27 21:18:13,180] {dag.py:2379} INFO - Sync 1 DAGs
[2023-03-27 21:18:13,187] {logging_mixin.py:115} INFO - [2023-03-27 21:18:13,187] {dag.py:2927} INFO - Setting next_dagrun for example_trigger_controller_dag to 2021-01-01T00:00:00+00:00, run_after=2021-01-01T00:00:00+00:00
[2023-03-27 21:18:13,192] {processor.py:161} INFO - Processing /Users/gabrielroger/Documents/projects/weather-data/.venv/lib/python3.9/site-packages/airflow/example_dags/example_trigger_controller_dag.py took 0.049 seconds
[2023-03-27 21:18:56,058] {processor.py:153} INFO - Started process (PID=6978) to work on /Users/gabrielroger/Documents/projects/weather-data/.venv/lib/python3.9/site-packages/airflow/example_dags/example_trigger_controller_dag.py
[2023-03-27 21:18:56,059] {processor.py:641} INFO - Processing file /Users/gabrielroger/Documents/projects/weather-data/.venv/lib/python3.9/site-packages/airflow/example_dags/example_trigger_controller_dag.py for tasks to queue
[2023-03-27 21:18:56,059] {logging_mixin.py:115} INFO - [2023-03-27 21:18:56,059] {dagbag.py:507} INFO - Filling up the DagBag from /Users/gabrielroger/Documents/projects/weather-data/.venv/lib/python3.9/site-packages/airflow/example_dags/example_trigger_controller_dag.py
[2023-03-27 21:18:56,066] {processor.py:651} INFO - DAG(s) dict_keys(['example_trigger_controller_dag']) retrieved from /Users/gabrielroger/Documents/projects/weather-data/.venv/lib/python3.9/site-packages/airflow/example_dags/example_trigger_controller_dag.py
[2023-03-27 21:18:56,095] {logging_mixin.py:115} INFO - [2023-03-27 21:18:56,095] {dag.py:2379} INFO - Sync 1 DAGs
[2023-03-27 21:18:56,101] {logging_mixin.py:115} INFO - [2023-03-27 21:18:56,101] {dag.py:2927} INFO - Setting next_dagrun for example_trigger_controller_dag to 2021-01-01T00:00:00+00:00, run_after=2021-01-01T00:00:00+00:00
[2023-03-27 21:18:56,107] {processor.py:161} INFO - Processing /Users/gabrielroger/Documents/projects/weather-data/.venv/lib/python3.9/site-packages/airflow/example_dags/example_trigger_controller_dag.py took 0.049 seconds
[2023-03-27 21:19:39,982] {processor.py:153} INFO - Started process (PID=7053) to work on /Users/gabrielroger/Documents/projects/weather-data/.venv/lib/python3.9/site-packages/airflow/example_dags/example_trigger_controller_dag.py
[2023-03-27 21:19:39,982] {processor.py:641} INFO - Processing file /Users/gabrielroger/Documents/projects/weather-data/.venv/lib/python3.9/site-packages/airflow/example_dags/example_trigger_controller_dag.py for tasks to queue
[2023-03-27 21:19:39,982] {logging_mixin.py:115} INFO - [2023-03-27 21:19:39,982] {dagbag.py:507} INFO - Filling up the DagBag from /Users/gabrielroger/Documents/projects/weather-data/.venv/lib/python3.9/site-packages/airflow/example_dags/example_trigger_controller_dag.py
[2023-03-27 21:19:39,988] {processor.py:651} INFO - DAG(s) dict_keys(['example_trigger_controller_dag']) retrieved from /Users/gabrielroger/Documents/projects/weather-data/.venv/lib/python3.9/site-packages/airflow/example_dags/example_trigger_controller_dag.py
[2023-03-27 21:19:40,018] {logging_mixin.py:115} INFO - [2023-03-27 21:19:40,018] {dag.py:2379} INFO - Sync 1 DAGs
[2023-03-27 21:19:40,025] {logging_mixin.py:115} INFO - [2023-03-27 21:19:40,025] {dag.py:2927} INFO - Setting next_dagrun for example_trigger_controller_dag to 2021-01-01T00:00:00+00:00, run_after=2021-01-01T00:00:00+00:00
[2023-03-27 21:19:40,031] {processor.py:161} INFO - Processing /Users/gabrielroger/Documents/projects/weather-data/.venv/lib/python3.9/site-packages/airflow/example_dags/example_trigger_controller_dag.py took 0.049 seconds
[2023-03-27 21:20:24,806] {processor.py:153} INFO - Started process (PID=7125) to work on /Users/gabrielroger/Documents/projects/weather-data/.venv/lib/python3.9/site-packages/airflow/example_dags/example_trigger_controller_dag.py
[2023-03-27 21:20:24,806] {processor.py:641} INFO - Processing file /Users/gabrielroger/Documents/projects/weather-data/.venv/lib/python3.9/site-packages/airflow/example_dags/example_trigger_controller_dag.py for tasks to queue
[2023-03-27 21:20:24,806] {logging_mixin.py:115} INFO - [2023-03-27 21:20:24,806] {dagbag.py:507} INFO - Filling up the DagBag from /Users/gabrielroger/Documents/projects/weather-data/.venv/lib/python3.9/site-packages/airflow/example_dags/example_trigger_controller_dag.py
[2023-03-27 21:20:24,812] {processor.py:651} INFO - DAG(s) dict_keys(['example_trigger_controller_dag']) retrieved from /Users/gabrielroger/Documents/projects/weather-data/.venv/lib/python3.9/site-packages/airflow/example_dags/example_trigger_controller_dag.py
[2023-03-27 21:20:24,841] {logging_mixin.py:115} INFO - [2023-03-27 21:20:24,841] {dag.py:2379} INFO - Sync 1 DAGs
[2023-03-27 21:20:24,848] {logging_mixin.py:115} INFO - [2023-03-27 21:20:24,848] {dag.py:2927} INFO - Setting next_dagrun for example_trigger_controller_dag to 2021-01-01T00:00:00+00:00, run_after=2021-01-01T00:00:00+00:00
[2023-03-27 21:20:24,854] {processor.py:161} INFO - Processing /Users/gabrielroger/Documents/projects/weather-data/.venv/lib/python3.9/site-packages/airflow/example_dags/example_trigger_controller_dag.py took 0.048 seconds
[2023-03-27 21:21:10,619] {processor.py:153} INFO - Started process (PID=7200) to work on /Users/gabrielroger/Documents/projects/weather-data/.venv/lib/python3.9/site-packages/airflow/example_dags/example_trigger_controller_dag.py
[2023-03-27 21:21:10,619] {processor.py:641} INFO - Processing file /Users/gabrielroger/Documents/projects/weather-data/.venv/lib/python3.9/site-packages/airflow/example_dags/example_trigger_controller_dag.py for tasks to queue
[2023-03-27 21:21:10,620] {logging_mixin.py:115} INFO - [2023-03-27 21:21:10,620] {dagbag.py:507} INFO - Filling up the DagBag from /Users/gabrielroger/Documents/projects/weather-data/.venv/lib/python3.9/site-packages/airflow/example_dags/example_trigger_controller_dag.py
[2023-03-27 21:21:10,625] {processor.py:651} INFO - DAG(s) dict_keys(['example_trigger_controller_dag']) retrieved from /Users/gabrielroger/Documents/projects/weather-data/.venv/lib/python3.9/site-packages/airflow/example_dags/example_trigger_controller_dag.py
[2023-03-27 21:21:10,654] {logging_mixin.py:115} INFO - [2023-03-27 21:21:10,654] {dag.py:2379} INFO - Sync 1 DAGs
[2023-03-27 21:21:10,661] {logging_mixin.py:115} INFO - [2023-03-27 21:21:10,661] {dag.py:2927} INFO - Setting next_dagrun for example_trigger_controller_dag to 2021-01-01T00:00:00+00:00, run_after=2021-01-01T00:00:00+00:00
[2023-03-27 21:21:10,666] {processor.py:161} INFO - Processing /Users/gabrielroger/Documents/projects/weather-data/.venv/lib/python3.9/site-packages/airflow/example_dags/example_trigger_controller_dag.py took 0.047 seconds
[2023-03-27 21:21:54,930] {processor.py:153} INFO - Started process (PID=7273) to work on /Users/gabrielroger/Documents/projects/weather-data/.venv/lib/python3.9/site-packages/airflow/example_dags/example_trigger_controller_dag.py
[2023-03-27 21:21:54,930] {processor.py:641} INFO - Processing file /Users/gabrielroger/Documents/projects/weather-data/.venv/lib/python3.9/site-packages/airflow/example_dags/example_trigger_controller_dag.py for tasks to queue
[2023-03-27 21:21:54,930] {logging_mixin.py:115} INFO - [2023-03-27 21:21:54,930] {dagbag.py:507} INFO - Filling up the DagBag from /Users/gabrielroger/Documents/projects/weather-data/.venv/lib/python3.9/site-packages/airflow/example_dags/example_trigger_controller_dag.py
[2023-03-27 21:21:54,936] {processor.py:651} INFO - DAG(s) dict_keys(['example_trigger_controller_dag']) retrieved from /Users/gabrielroger/Documents/projects/weather-data/.venv/lib/python3.9/site-packages/airflow/example_dags/example_trigger_controller_dag.py
[2023-03-27 21:21:54,965] {logging_mixin.py:115} INFO - [2023-03-27 21:21:54,965] {dag.py:2379} INFO - Sync 1 DAGs
[2023-03-27 21:21:54,972] {logging_mixin.py:115} INFO - [2023-03-27 21:21:54,972] {dag.py:2927} INFO - Setting next_dagrun for example_trigger_controller_dag to 2021-01-01T00:00:00+00:00, run_after=2021-01-01T00:00:00+00:00
[2023-03-27 21:21:54,978] {processor.py:161} INFO - Processing /Users/gabrielroger/Documents/projects/weather-data/.venv/lib/python3.9/site-packages/airflow/example_dags/example_trigger_controller_dag.py took 0.048 seconds
[2023-03-27 21:22:41,404] {processor.py:153} INFO - Started process (PID=7350) to work on /Users/gabrielroger/Documents/projects/weather-data/.venv/lib/python3.9/site-packages/airflow/example_dags/example_trigger_controller_dag.py
[2023-03-27 21:22:41,404] {processor.py:641} INFO - Processing file /Users/gabrielroger/Documents/projects/weather-data/.venv/lib/python3.9/site-packages/airflow/example_dags/example_trigger_controller_dag.py for tasks to queue
[2023-03-27 21:22:41,404] {logging_mixin.py:115} INFO - [2023-03-27 21:22:41,404] {dagbag.py:507} INFO - Filling up the DagBag from /Users/gabrielroger/Documents/projects/weather-data/.venv/lib/python3.9/site-packages/airflow/example_dags/example_trigger_controller_dag.py
[2023-03-27 21:22:41,410] {processor.py:651} INFO - DAG(s) dict_keys(['example_trigger_controller_dag']) retrieved from /Users/gabrielroger/Documents/projects/weather-data/.venv/lib/python3.9/site-packages/airflow/example_dags/example_trigger_controller_dag.py
[2023-03-27 21:22:41,439] {logging_mixin.py:115} INFO - [2023-03-27 21:22:41,439] {dag.py:2379} INFO - Sync 1 DAGs
[2023-03-27 21:22:41,446] {logging_mixin.py:115} INFO - [2023-03-27 21:22:41,446] {dag.py:2927} INFO - Setting next_dagrun for example_trigger_controller_dag to 2021-01-01T00:00:00+00:00, run_after=2021-01-01T00:00:00+00:00
[2023-03-27 21:22:41,452] {processor.py:161} INFO - Processing /Users/gabrielroger/Documents/projects/weather-data/.venv/lib/python3.9/site-packages/airflow/example_dags/example_trigger_controller_dag.py took 0.048 seconds
[2023-03-27 21:23:23,579] {processor.py:153} INFO - Started process (PID=7421) to work on /Users/gabrielroger/Documents/projects/weather-data/.venv/lib/python3.9/site-packages/airflow/example_dags/example_trigger_controller_dag.py
[2023-03-27 21:23:23,579] {processor.py:641} INFO - Processing file /Users/gabrielroger/Documents/projects/weather-data/.venv/lib/python3.9/site-packages/airflow/example_dags/example_trigger_controller_dag.py for tasks to queue
[2023-03-27 21:23:23,579] {logging_mixin.py:115} INFO - [2023-03-27 21:23:23,579] {dagbag.py:507} INFO - Filling up the DagBag from /Users/gabrielroger/Documents/projects/weather-data/.venv/lib/python3.9/site-packages/airflow/example_dags/example_trigger_controller_dag.py
[2023-03-27 21:23:23,585] {processor.py:651} INFO - DAG(s) dict_keys(['example_trigger_controller_dag']) retrieved from /Users/gabrielroger/Documents/projects/weather-data/.venv/lib/python3.9/site-packages/airflow/example_dags/example_trigger_controller_dag.py
[2023-03-27 21:23:23,614] {logging_mixin.py:115} INFO - [2023-03-27 21:23:23,614] {dag.py:2379} INFO - Sync 1 DAGs
[2023-03-27 21:23:23,621] {logging_mixin.py:115} INFO - [2023-03-27 21:23:23,621] {dag.py:2927} INFO - Setting next_dagrun for example_trigger_controller_dag to 2021-01-01T00:00:00+00:00, run_after=2021-01-01T00:00:00+00:00
[2023-03-27 21:23:23,626] {processor.py:161} INFO - Processing /Users/gabrielroger/Documents/projects/weather-data/.venv/lib/python3.9/site-packages/airflow/example_dags/example_trigger_controller_dag.py took 0.047 seconds
[2023-03-27 21:24:09,214] {processor.py:153} INFO - Started process (PID=7503) to work on /Users/gabrielroger/Documents/projects/weather-data/.venv/lib/python3.9/site-packages/airflow/example_dags/example_trigger_controller_dag.py
[2023-03-27 21:24:09,214] {processor.py:641} INFO - Processing file /Users/gabrielroger/Documents/projects/weather-data/.venv/lib/python3.9/site-packages/airflow/example_dags/example_trigger_controller_dag.py for tasks to queue
[2023-03-27 21:24:09,214] {logging_mixin.py:115} INFO - [2023-03-27 21:24:09,214] {dagbag.py:507} INFO - Filling up the DagBag from /Users/gabrielroger/Documents/projects/weather-data/.venv/lib/python3.9/site-packages/airflow/example_dags/example_trigger_controller_dag.py
[2023-03-27 21:24:09,221] {processor.py:651} INFO - DAG(s) dict_keys(['example_trigger_controller_dag']) retrieved from /Users/gabrielroger/Documents/projects/weather-data/.venv/lib/python3.9/site-packages/airflow/example_dags/example_trigger_controller_dag.py
[2023-03-27 21:24:09,251] {logging_mixin.py:115} INFO - [2023-03-27 21:24:09,251] {dag.py:2379} INFO - Sync 1 DAGs
[2023-03-27 21:24:09,257] {logging_mixin.py:115} INFO - [2023-03-27 21:24:09,257] {dag.py:2927} INFO - Setting next_dagrun for example_trigger_controller_dag to 2021-01-01T00:00:00+00:00, run_after=2021-01-01T00:00:00+00:00
[2023-03-27 21:24:09,263] {processor.py:161} INFO - Processing /Users/gabrielroger/Documents/projects/weather-data/.venv/lib/python3.9/site-packages/airflow/example_dags/example_trigger_controller_dag.py took 0.049 seconds
[2023-03-27 21:24:52,479] {processor.py:153} INFO - Started process (PID=7598) to work on /Users/gabrielroger/Documents/projects/weather-data/.venv/lib/python3.9/site-packages/airflow/example_dags/example_trigger_controller_dag.py
[2023-03-27 21:24:52,479] {processor.py:641} INFO - Processing file /Users/gabrielroger/Documents/projects/weather-data/.venv/lib/python3.9/site-packages/airflow/example_dags/example_trigger_controller_dag.py for tasks to queue
[2023-03-27 21:24:52,479] {logging_mixin.py:115} INFO - [2023-03-27 21:24:52,479] {dagbag.py:507} INFO - Filling up the DagBag from /Users/gabrielroger/Documents/projects/weather-data/.venv/lib/python3.9/site-packages/airflow/example_dags/example_trigger_controller_dag.py
[2023-03-27 21:24:52,485] {processor.py:651} INFO - DAG(s) dict_keys(['example_trigger_controller_dag']) retrieved from /Users/gabrielroger/Documents/projects/weather-data/.venv/lib/python3.9/site-packages/airflow/example_dags/example_trigger_controller_dag.py
[2023-03-27 21:24:52,514] {logging_mixin.py:115} INFO - [2023-03-27 21:24:52,514] {dag.py:2379} INFO - Sync 1 DAGs
[2023-03-27 21:24:52,521] {logging_mixin.py:115} INFO - [2023-03-27 21:24:52,521] {dag.py:2927} INFO - Setting next_dagrun for example_trigger_controller_dag to 2021-01-01T00:00:00+00:00, run_after=2021-01-01T00:00:00+00:00
[2023-03-27 21:24:52,526] {processor.py:161} INFO - Processing /Users/gabrielroger/Documents/projects/weather-data/.venv/lib/python3.9/site-packages/airflow/example_dags/example_trigger_controller_dag.py took 0.048 seconds
[2023-03-27 21:25:36,319] {processor.py:153} INFO - Started process (PID=7684) to work on /Users/gabrielroger/Documents/projects/weather-data/.venv/lib/python3.9/site-packages/airflow/example_dags/example_trigger_controller_dag.py
[2023-03-27 21:25:36,319] {processor.py:641} INFO - Processing file /Users/gabrielroger/Documents/projects/weather-data/.venv/lib/python3.9/site-packages/airflow/example_dags/example_trigger_controller_dag.py for tasks to queue
[2023-03-27 21:25:36,319] {logging_mixin.py:115} INFO - [2023-03-27 21:25:36,319] {dagbag.py:507} INFO - Filling up the DagBag from /Users/gabrielroger/Documents/projects/weather-data/.venv/lib/python3.9/site-packages/airflow/example_dags/example_trigger_controller_dag.py
[2023-03-27 21:25:36,326] {processor.py:651} INFO - DAG(s) dict_keys(['example_trigger_controller_dag']) retrieved from /Users/gabrielroger/Documents/projects/weather-data/.venv/lib/python3.9/site-packages/airflow/example_dags/example_trigger_controller_dag.py
[2023-03-27 21:25:36,355] {logging_mixin.py:115} INFO - [2023-03-27 21:25:36,355] {dag.py:2379} INFO - Sync 1 DAGs
[2023-03-27 21:25:36,362] {logging_mixin.py:115} INFO - [2023-03-27 21:25:36,362] {dag.py:2927} INFO - Setting next_dagrun for example_trigger_controller_dag to 2021-01-01T00:00:00+00:00, run_after=2021-01-01T00:00:00+00:00
[2023-03-27 21:25:36,367] {processor.py:161} INFO - Processing /Users/gabrielroger/Documents/projects/weather-data/.venv/lib/python3.9/site-packages/airflow/example_dags/example_trigger_controller_dag.py took 0.049 seconds
[2023-03-27 21:26:20,187] {processor.py:153} INFO - Started process (PID=7760) to work on /Users/gabrielroger/Documents/projects/weather-data/.venv/lib/python3.9/site-packages/airflow/example_dags/example_trigger_controller_dag.py
[2023-03-27 21:26:20,187] {processor.py:641} INFO - Processing file /Users/gabrielroger/Documents/projects/weather-data/.venv/lib/python3.9/site-packages/airflow/example_dags/example_trigger_controller_dag.py for tasks to queue
[2023-03-27 21:26:20,188] {logging_mixin.py:115} INFO - [2023-03-27 21:26:20,188] {dagbag.py:507} INFO - Filling up the DagBag from /Users/gabrielroger/Documents/projects/weather-data/.venv/lib/python3.9/site-packages/airflow/example_dags/example_trigger_controller_dag.py
[2023-03-27 21:26:20,194] {processor.py:651} INFO - DAG(s) dict_keys(['example_trigger_controller_dag']) retrieved from /Users/gabrielroger/Documents/projects/weather-data/.venv/lib/python3.9/site-packages/airflow/example_dags/example_trigger_controller_dag.py
[2023-03-27 21:26:20,223] {logging_mixin.py:115} INFO - [2023-03-27 21:26:20,223] {dag.py:2379} INFO - Sync 1 DAGs
[2023-03-27 21:26:20,229] {logging_mixin.py:115} INFO - [2023-03-27 21:26:20,229] {dag.py:2927} INFO - Setting next_dagrun for example_trigger_controller_dag to 2021-01-01T00:00:00+00:00, run_after=2021-01-01T00:00:00+00:00
[2023-03-27 21:26:20,235] {processor.py:161} INFO - Processing /Users/gabrielroger/Documents/projects/weather-data/.venv/lib/python3.9/site-packages/airflow/example_dags/example_trigger_controller_dag.py took 0.048 seconds
[2023-03-27 21:27:05,670] {processor.py:153} INFO - Started process (PID=7834) to work on /Users/gabrielroger/Documents/projects/weather-data/.venv/lib/python3.9/site-packages/airflow/example_dags/example_trigger_controller_dag.py
[2023-03-27 21:27:05,670] {processor.py:641} INFO - Processing file /Users/gabrielroger/Documents/projects/weather-data/.venv/lib/python3.9/site-packages/airflow/example_dags/example_trigger_controller_dag.py for tasks to queue
[2023-03-27 21:27:05,671] {logging_mixin.py:115} INFO - [2023-03-27 21:27:05,671] {dagbag.py:507} INFO - Filling up the DagBag from /Users/gabrielroger/Documents/projects/weather-data/.venv/lib/python3.9/site-packages/airflow/example_dags/example_trigger_controller_dag.py
[2023-03-27 21:27:05,676] {processor.py:651} INFO - DAG(s) dict_keys(['example_trigger_controller_dag']) retrieved from /Users/gabrielroger/Documents/projects/weather-data/.venv/lib/python3.9/site-packages/airflow/example_dags/example_trigger_controller_dag.py
[2023-03-27 21:27:05,706] {logging_mixin.py:115} INFO - [2023-03-27 21:27:05,705] {dag.py:2379} INFO - Sync 1 DAGs
[2023-03-27 21:27:05,712] {logging_mixin.py:115} INFO - [2023-03-27 21:27:05,712] {dag.py:2927} INFO - Setting next_dagrun for example_trigger_controller_dag to 2021-01-01T00:00:00+00:00, run_after=2021-01-01T00:00:00+00:00
[2023-03-27 21:27:05,718] {processor.py:161} INFO - Processing /Users/gabrielroger/Documents/projects/weather-data/.venv/lib/python3.9/site-packages/airflow/example_dags/example_trigger_controller_dag.py took 0.048 seconds
[2023-03-27 21:27:49,317] {processor.py:153} INFO - Started process (PID=7906) to work on /Users/gabrielroger/Documents/projects/weather-data/.venv/lib/python3.9/site-packages/airflow/example_dags/example_trigger_controller_dag.py
[2023-03-27 21:27:49,317] {processor.py:641} INFO - Processing file /Users/gabrielroger/Documents/projects/weather-data/.venv/lib/python3.9/site-packages/airflow/example_dags/example_trigger_controller_dag.py for tasks to queue
[2023-03-27 21:27:49,317] {logging_mixin.py:115} INFO - [2023-03-27 21:27:49,317] {dagbag.py:507} INFO - Filling up the DagBag from /Users/gabrielroger/Documents/projects/weather-data/.venv/lib/python3.9/site-packages/airflow/example_dags/example_trigger_controller_dag.py
[2023-03-27 21:27:49,323] {processor.py:651} INFO - DAG(s) dict_keys(['example_trigger_controller_dag']) retrieved from /Users/gabrielroger/Documents/projects/weather-data/.venv/lib/python3.9/site-packages/airflow/example_dags/example_trigger_controller_dag.py
[2023-03-27 21:27:49,352] {logging_mixin.py:115} INFO - [2023-03-27 21:27:49,352] {dag.py:2379} INFO - Sync 1 DAGs
[2023-03-27 21:27:49,359] {logging_mixin.py:115} INFO - [2023-03-27 21:27:49,359] {dag.py:2927} INFO - Setting next_dagrun for example_trigger_controller_dag to 2021-01-01T00:00:00+00:00, run_after=2021-01-01T00:00:00+00:00
[2023-03-27 21:27:49,364] {processor.py:161} INFO - Processing /Users/gabrielroger/Documents/projects/weather-data/.venv/lib/python3.9/site-packages/airflow/example_dags/example_trigger_controller_dag.py took 0.047 seconds
[2023-03-27 21:28:32,879] {processor.py:153} INFO - Started process (PID=7982) to work on /Users/gabrielroger/Documents/projects/weather-data/.venv/lib/python3.9/site-packages/airflow/example_dags/example_trigger_controller_dag.py
[2023-03-27 21:28:32,881] {processor.py:641} INFO - Processing file /Users/gabrielroger/Documents/projects/weather-data/.venv/lib/python3.9/site-packages/airflow/example_dags/example_trigger_controller_dag.py for tasks to queue
[2023-03-27 21:28:32,882] {logging_mixin.py:115} INFO - [2023-03-27 21:28:32,882] {dagbag.py:507} INFO - Filling up the DagBag from /Users/gabrielroger/Documents/projects/weather-data/.venv/lib/python3.9/site-packages/airflow/example_dags/example_trigger_controller_dag.py
[2023-03-27 21:28:32,889] {processor.py:651} INFO - DAG(s) dict_keys(['example_trigger_controller_dag']) retrieved from /Users/gabrielroger/Documents/projects/weather-data/.venv/lib/python3.9/site-packages/airflow/example_dags/example_trigger_controller_dag.py
[2023-03-27 21:28:32,919] {logging_mixin.py:115} INFO - [2023-03-27 21:28:32,919] {dag.py:2379} INFO - Sync 1 DAGs
[2023-03-27 21:28:32,926] {logging_mixin.py:115} INFO - [2023-03-27 21:28:32,926] {dag.py:2927} INFO - Setting next_dagrun for example_trigger_controller_dag to 2021-01-01T00:00:00+00:00, run_after=2021-01-01T00:00:00+00:00
[2023-03-27 21:28:32,931] {processor.py:161} INFO - Processing /Users/gabrielroger/Documents/projects/weather-data/.venv/lib/python3.9/site-packages/airflow/example_dags/example_trigger_controller_dag.py took 0.053 seconds
[2023-03-27 21:29:14,844] {processor.py:153} INFO - Started process (PID=8066) to work on /Users/gabrielroger/Documents/projects/weather-data/.venv/lib/python3.9/site-packages/airflow/example_dags/example_trigger_controller_dag.py
[2023-03-27 21:29:14,844] {processor.py:641} INFO - Processing file /Users/gabrielroger/Documents/projects/weather-data/.venv/lib/python3.9/site-packages/airflow/example_dags/example_trigger_controller_dag.py for tasks to queue
[2023-03-27 21:29:14,844] {logging_mixin.py:115} INFO - [2023-03-27 21:29:14,844] {dagbag.py:507} INFO - Filling up the DagBag from /Users/gabrielroger/Documents/projects/weather-data/.venv/lib/python3.9/site-packages/airflow/example_dags/example_trigger_controller_dag.py
[2023-03-27 21:29:14,851] {processor.py:651} INFO - DAG(s) dict_keys(['example_trigger_controller_dag']) retrieved from /Users/gabrielroger/Documents/projects/weather-data/.venv/lib/python3.9/site-packages/airflow/example_dags/example_trigger_controller_dag.py
[2023-03-27 21:29:14,880] {logging_mixin.py:115} INFO - [2023-03-27 21:29:14,880] {dag.py:2379} INFO - Sync 1 DAGs
[2023-03-27 21:29:14,887] {logging_mixin.py:115} INFO - [2023-03-27 21:29:14,887] {dag.py:2927} INFO - Setting next_dagrun for example_trigger_controller_dag to 2021-01-01T00:00:00+00:00, run_after=2021-01-01T00:00:00+00:00
[2023-03-27 21:29:14,892] {processor.py:161} INFO - Processing /Users/gabrielroger/Documents/projects/weather-data/.venv/lib/python3.9/site-packages/airflow/example_dags/example_trigger_controller_dag.py took 0.049 seconds
[2023-03-27 21:29:57,061] {processor.py:153} INFO - Started process (PID=8157) to work on /Users/gabrielroger/Documents/projects/weather-data/.venv/lib/python3.9/site-packages/airflow/example_dags/example_trigger_controller_dag.py
[2023-03-27 21:29:57,062] {processor.py:641} INFO - Processing file /Users/gabrielroger/Documents/projects/weather-data/.venv/lib/python3.9/site-packages/airflow/example_dags/example_trigger_controller_dag.py for tasks to queue
[2023-03-27 21:29:57,062] {logging_mixin.py:115} INFO - [2023-03-27 21:29:57,062] {dagbag.py:507} INFO - Filling up the DagBag from /Users/gabrielroger/Documents/projects/weather-data/.venv/lib/python3.9/site-packages/airflow/example_dags/example_trigger_controller_dag.py
[2023-03-27 21:29:57,068] {processor.py:651} INFO - DAG(s) dict_keys(['example_trigger_controller_dag']) retrieved from /Users/gabrielroger/Documents/projects/weather-data/.venv/lib/python3.9/site-packages/airflow/example_dags/example_trigger_controller_dag.py
[2023-03-27 21:29:57,097] {logging_mixin.py:115} INFO - [2023-03-27 21:29:57,097] {dag.py:2379} INFO - Sync 1 DAGs
[2023-03-27 21:29:57,103] {logging_mixin.py:115} INFO - [2023-03-27 21:29:57,103] {dag.py:2927} INFO - Setting next_dagrun for example_trigger_controller_dag to 2021-01-01T00:00:00+00:00, run_after=2021-01-01T00:00:00+00:00
[2023-03-27 21:29:57,109] {processor.py:161} INFO - Processing /Users/gabrielroger/Documents/projects/weather-data/.venv/lib/python3.9/site-packages/airflow/example_dags/example_trigger_controller_dag.py took 0.048 seconds
[2023-03-27 21:30:40,757] {processor.py:153} INFO - Started process (PID=8242) to work on /Users/gabrielroger/Documents/projects/weather-data/.venv/lib/python3.9/site-packages/airflow/example_dags/example_trigger_controller_dag.py
[2023-03-27 21:30:40,757] {processor.py:641} INFO - Processing file /Users/gabrielroger/Documents/projects/weather-data/.venv/lib/python3.9/site-packages/airflow/example_dags/example_trigger_controller_dag.py for tasks to queue
[2023-03-27 21:30:40,757] {logging_mixin.py:115} INFO - [2023-03-27 21:30:40,757] {dagbag.py:507} INFO - Filling up the DagBag from /Users/gabrielroger/Documents/projects/weather-data/.venv/lib/python3.9/site-packages/airflow/example_dags/example_trigger_controller_dag.py
[2023-03-27 21:30:40,763] {processor.py:651} INFO - DAG(s) dict_keys(['example_trigger_controller_dag']) retrieved from /Users/gabrielroger/Documents/projects/weather-data/.venv/lib/python3.9/site-packages/airflow/example_dags/example_trigger_controller_dag.py
[2023-03-27 21:30:40,792] {logging_mixin.py:115} INFO - [2023-03-27 21:30:40,792] {dag.py:2379} INFO - Sync 1 DAGs
[2023-03-27 21:30:40,799] {logging_mixin.py:115} INFO - [2023-03-27 21:30:40,799] {dag.py:2927} INFO - Setting next_dagrun for example_trigger_controller_dag to 2021-01-01T00:00:00+00:00, run_after=2021-01-01T00:00:00+00:00
[2023-03-27 21:30:40,805] {processor.py:161} INFO - Processing /Users/gabrielroger/Documents/projects/weather-data/.venv/lib/python3.9/site-packages/airflow/example_dags/example_trigger_controller_dag.py took 0.048 seconds
[2023-03-27 21:31:22,691] {processor.py:153} INFO - Started process (PID=8312) to work on /Users/gabrielroger/Documents/projects/weather-data/.venv/lib/python3.9/site-packages/airflow/example_dags/example_trigger_controller_dag.py
[2023-03-27 21:31:22,691] {processor.py:641} INFO - Processing file /Users/gabrielroger/Documents/projects/weather-data/.venv/lib/python3.9/site-packages/airflow/example_dags/example_trigger_controller_dag.py for tasks to queue
[2023-03-27 21:31:22,691] {logging_mixin.py:115} INFO - [2023-03-27 21:31:22,691] {dagbag.py:507} INFO - Filling up the DagBag from /Users/gabrielroger/Documents/projects/weather-data/.venv/lib/python3.9/site-packages/airflow/example_dags/example_trigger_controller_dag.py
[2023-03-27 21:31:22,697] {processor.py:651} INFO - DAG(s) dict_keys(['example_trigger_controller_dag']) retrieved from /Users/gabrielroger/Documents/projects/weather-data/.venv/lib/python3.9/site-packages/airflow/example_dags/example_trigger_controller_dag.py
[2023-03-27 21:31:22,726] {logging_mixin.py:115} INFO - [2023-03-27 21:31:22,726] {dag.py:2379} INFO - Sync 1 DAGs
[2023-03-27 21:31:22,732] {logging_mixin.py:115} INFO - [2023-03-27 21:31:22,732] {dag.py:2927} INFO - Setting next_dagrun for example_trigger_controller_dag to 2021-01-01T00:00:00+00:00, run_after=2021-01-01T00:00:00+00:00
[2023-03-27 21:31:22,738] {processor.py:161} INFO - Processing /Users/gabrielroger/Documents/projects/weather-data/.venv/lib/python3.9/site-packages/airflow/example_dags/example_trigger_controller_dag.py took 0.048 seconds
[2023-03-27 21:32:06,645] {processor.py:153} INFO - Started process (PID=8385) to work on /Users/gabrielroger/Documents/projects/weather-data/.venv/lib/python3.9/site-packages/airflow/example_dags/example_trigger_controller_dag.py
[2023-03-27 21:32:06,645] {processor.py:641} INFO - Processing file /Users/gabrielroger/Documents/projects/weather-data/.venv/lib/python3.9/site-packages/airflow/example_dags/example_trigger_controller_dag.py for tasks to queue
[2023-03-27 21:32:06,645] {logging_mixin.py:115} INFO - [2023-03-27 21:32:06,645] {dagbag.py:507} INFO - Filling up the DagBag from /Users/gabrielroger/Documents/projects/weather-data/.venv/lib/python3.9/site-packages/airflow/example_dags/example_trigger_controller_dag.py
[2023-03-27 21:32:06,651] {processor.py:651} INFO - DAG(s) dict_keys(['example_trigger_controller_dag']) retrieved from /Users/gabrielroger/Documents/projects/weather-data/.venv/lib/python3.9/site-packages/airflow/example_dags/example_trigger_controller_dag.py
[2023-03-27 21:32:06,680] {logging_mixin.py:115} INFO - [2023-03-27 21:32:06,680] {dag.py:2379} INFO - Sync 1 DAGs
[2023-03-27 21:32:06,687] {logging_mixin.py:115} INFO - [2023-03-27 21:32:06,687] {dag.py:2927} INFO - Setting next_dagrun for example_trigger_controller_dag to 2021-01-01T00:00:00+00:00, run_after=2021-01-01T00:00:00+00:00
[2023-03-27 21:32:06,692] {processor.py:161} INFO - Processing /Users/gabrielroger/Documents/projects/weather-data/.venv/lib/python3.9/site-packages/airflow/example_dags/example_trigger_controller_dag.py took 0.048 seconds
[2023-03-27 21:32:50,041] {processor.py:153} INFO - Started process (PID=8457) to work on /Users/gabrielroger/Documents/projects/weather-data/.venv/lib/python3.9/site-packages/airflow/example_dags/example_trigger_controller_dag.py
[2023-03-27 21:32:50,041] {processor.py:641} INFO - Processing file /Users/gabrielroger/Documents/projects/weather-data/.venv/lib/python3.9/site-packages/airflow/example_dags/example_trigger_controller_dag.py for tasks to queue
[2023-03-27 21:32:50,041] {logging_mixin.py:115} INFO - [2023-03-27 21:32:50,041] {dagbag.py:507} INFO - Filling up the DagBag from /Users/gabrielroger/Documents/projects/weather-data/.venv/lib/python3.9/site-packages/airflow/example_dags/example_trigger_controller_dag.py
[2023-03-27 21:32:50,047] {processor.py:651} INFO - DAG(s) dict_keys(['example_trigger_controller_dag']) retrieved from /Users/gabrielroger/Documents/projects/weather-data/.venv/lib/python3.9/site-packages/airflow/example_dags/example_trigger_controller_dag.py
[2023-03-27 21:32:50,076] {logging_mixin.py:115} INFO - [2023-03-27 21:32:50,076] {dag.py:2379} INFO - Sync 1 DAGs
[2023-03-27 21:32:50,083] {logging_mixin.py:115} INFO - [2023-03-27 21:32:50,083] {dag.py:2927} INFO - Setting next_dagrun for example_trigger_controller_dag to 2021-01-01T00:00:00+00:00, run_after=2021-01-01T00:00:00+00:00
[2023-03-27 21:32:50,088] {processor.py:161} INFO - Processing /Users/gabrielroger/Documents/projects/weather-data/.venv/lib/python3.9/site-packages/airflow/example_dags/example_trigger_controller_dag.py took 0.048 seconds
[2023-03-27 21:33:36,757] {processor.py:153} INFO - Started process (PID=8532) to work on /Users/gabrielroger/Documents/projects/weather-data/.venv/lib/python3.9/site-packages/airflow/example_dags/example_trigger_controller_dag.py
[2023-03-27 21:33:36,757] {processor.py:641} INFO - Processing file /Users/gabrielroger/Documents/projects/weather-data/.venv/lib/python3.9/site-packages/airflow/example_dags/example_trigger_controller_dag.py for tasks to queue
[2023-03-27 21:33:36,757] {logging_mixin.py:115} INFO - [2023-03-27 21:33:36,757] {dagbag.py:507} INFO - Filling up the DagBag from /Users/gabrielroger/Documents/projects/weather-data/.venv/lib/python3.9/site-packages/airflow/example_dags/example_trigger_controller_dag.py
[2023-03-27 21:33:36,763] {processor.py:651} INFO - DAG(s) dict_keys(['example_trigger_controller_dag']) retrieved from /Users/gabrielroger/Documents/projects/weather-data/.venv/lib/python3.9/site-packages/airflow/example_dags/example_trigger_controller_dag.py
[2023-03-27 21:33:36,792] {logging_mixin.py:115} INFO - [2023-03-27 21:33:36,792] {dag.py:2379} INFO - Sync 1 DAGs
[2023-03-27 21:33:36,798] {logging_mixin.py:115} INFO - [2023-03-27 21:33:36,798] {dag.py:2927} INFO - Setting next_dagrun for example_trigger_controller_dag to 2021-01-01T00:00:00+00:00, run_after=2021-01-01T00:00:00+00:00
[2023-03-27 21:33:36,804] {processor.py:161} INFO - Processing /Users/gabrielroger/Documents/projects/weather-data/.venv/lib/python3.9/site-packages/airflow/example_dags/example_trigger_controller_dag.py took 0.048 seconds
[2023-03-27 21:34:20,861] {processor.py:153} INFO - Started process (PID=8611) to work on /Users/gabrielroger/Documents/projects/weather-data/.venv/lib/python3.9/site-packages/airflow/example_dags/example_trigger_controller_dag.py
[2023-03-27 21:34:20,861] {processor.py:641} INFO - Processing file /Users/gabrielroger/Documents/projects/weather-data/.venv/lib/python3.9/site-packages/airflow/example_dags/example_trigger_controller_dag.py for tasks to queue
[2023-03-27 21:34:20,861] {logging_mixin.py:115} INFO - [2023-03-27 21:34:20,861] {dagbag.py:507} INFO - Filling up the DagBag from /Users/gabrielroger/Documents/projects/weather-data/.venv/lib/python3.9/site-packages/airflow/example_dags/example_trigger_controller_dag.py
[2023-03-27 21:34:20,867] {processor.py:651} INFO - DAG(s) dict_keys(['example_trigger_controller_dag']) retrieved from /Users/gabrielroger/Documents/projects/weather-data/.venv/lib/python3.9/site-packages/airflow/example_dags/example_trigger_controller_dag.py
[2023-03-27 21:34:20,896] {logging_mixin.py:115} INFO - [2023-03-27 21:34:20,896] {dag.py:2379} INFO - Sync 1 DAGs
[2023-03-27 21:34:20,902] {logging_mixin.py:115} INFO - [2023-03-27 21:34:20,902] {dag.py:2927} INFO - Setting next_dagrun for example_trigger_controller_dag to 2021-01-01T00:00:00+00:00, run_after=2021-01-01T00:00:00+00:00
[2023-03-27 21:34:20,908] {processor.py:161} INFO - Processing /Users/gabrielroger/Documents/projects/weather-data/.venv/lib/python3.9/site-packages/airflow/example_dags/example_trigger_controller_dag.py took 0.048 seconds
[2023-03-27 21:59:48,505] {processor.py:153} INFO - Started process (PID=8740) to work on /Users/gabrielroger/Documents/projects/weather-data/.venv/lib/python3.9/site-packages/airflow/example_dags/example_trigger_controller_dag.py
[2023-03-27 21:59:48,505] {processor.py:641} INFO - Processing file /Users/gabrielroger/Documents/projects/weather-data/.venv/lib/python3.9/site-packages/airflow/example_dags/example_trigger_controller_dag.py for tasks to queue
[2023-03-27 21:59:48,506] {logging_mixin.py:115} INFO - [2023-03-27 21:59:48,506] {dagbag.py:507} INFO - Filling up the DagBag from /Users/gabrielroger/Documents/projects/weather-data/.venv/lib/python3.9/site-packages/airflow/example_dags/example_trigger_controller_dag.py
[2023-03-27 21:59:48,512] {processor.py:651} INFO - DAG(s) dict_keys(['example_trigger_controller_dag']) retrieved from /Users/gabrielroger/Documents/projects/weather-data/.venv/lib/python3.9/site-packages/airflow/example_dags/example_trigger_controller_dag.py
[2023-03-27 21:59:48,540] {logging_mixin.py:115} INFO - [2023-03-27 21:59:48,540] {dag.py:2379} INFO - Sync 1 DAGs
[2023-03-27 21:59:48,547] {logging_mixin.py:115} INFO - [2023-03-27 21:59:48,547] {dag.py:2927} INFO - Setting next_dagrun for example_trigger_controller_dag to 2021-01-01T00:00:00+00:00, run_after=2021-01-01T00:00:00+00:00
[2023-03-27 21:59:48,552] {processor.py:161} INFO - Processing /Users/gabrielroger/Documents/projects/weather-data/.venv/lib/python3.9/site-packages/airflow/example_dags/example_trigger_controller_dag.py took 0.048 seconds
[2023-03-27 22:09:17,360] {processor.py:153} INFO - Started process (PID=8883) to work on /Users/gabrielroger/Documents/projects/weather-data/.venv/lib/python3.9/site-packages/airflow/example_dags/example_trigger_controller_dag.py
[2023-03-27 22:09:17,361] {processor.py:641} INFO - Processing file /Users/gabrielroger/Documents/projects/weather-data/.venv/lib/python3.9/site-packages/airflow/example_dags/example_trigger_controller_dag.py for tasks to queue
[2023-03-27 22:09:17,361] {logging_mixin.py:115} INFO - [2023-03-27 22:09:17,361] {dagbag.py:507} INFO - Filling up the DagBag from /Users/gabrielroger/Documents/projects/weather-data/.venv/lib/python3.9/site-packages/airflow/example_dags/example_trigger_controller_dag.py
[2023-03-27 22:09:17,367] {processor.py:651} INFO - DAG(s) dict_keys(['example_trigger_controller_dag']) retrieved from /Users/gabrielroger/Documents/projects/weather-data/.venv/lib/python3.9/site-packages/airflow/example_dags/example_trigger_controller_dag.py
[2023-03-27 22:09:17,396] {logging_mixin.py:115} INFO - [2023-03-27 22:09:17,396] {dag.py:2379} INFO - Sync 1 DAGs
[2023-03-27 22:09:17,402] {logging_mixin.py:115} INFO - [2023-03-27 22:09:17,402] {dag.py:2927} INFO - Setting next_dagrun for example_trigger_controller_dag to 2021-01-01T00:00:00+00:00, run_after=2021-01-01T00:00:00+00:00
[2023-03-27 22:09:17,408] {processor.py:161} INFO - Processing /Users/gabrielroger/Documents/projects/weather-data/.venv/lib/python3.9/site-packages/airflow/example_dags/example_trigger_controller_dag.py took 0.048 seconds
[2023-03-27 23:27:56,553] {processor.py:153} INFO - Started process (PID=9000) to work on /Users/gabrielroger/Documents/projects/weather-data/.venv/lib/python3.9/site-packages/airflow/example_dags/example_trigger_controller_dag.py
[2023-03-27 23:27:56,554] {processor.py:641} INFO - Processing file /Users/gabrielroger/Documents/projects/weather-data/.venv/lib/python3.9/site-packages/airflow/example_dags/example_trigger_controller_dag.py for tasks to queue
[2023-03-27 23:27:56,554] {logging_mixin.py:115} INFO - [2023-03-27 23:27:56,554] {dagbag.py:507} INFO - Filling up the DagBag from /Users/gabrielroger/Documents/projects/weather-data/.venv/lib/python3.9/site-packages/airflow/example_dags/example_trigger_controller_dag.py
[2023-03-27 23:27:56,560] {processor.py:651} INFO - DAG(s) dict_keys(['example_trigger_controller_dag']) retrieved from /Users/gabrielroger/Documents/projects/weather-data/.venv/lib/python3.9/site-packages/airflow/example_dags/example_trigger_controller_dag.py
[2023-03-27 23:27:56,589] {logging_mixin.py:115} INFO - [2023-03-27 23:27:56,589] {dag.py:2379} INFO - Sync 1 DAGs
[2023-03-27 23:27:56,595] {logging_mixin.py:115} INFO - [2023-03-27 23:27:56,595] {dag.py:2927} INFO - Setting next_dagrun for example_trigger_controller_dag to 2021-01-01T00:00:00+00:00, run_after=2021-01-01T00:00:00+00:00
[2023-03-27 23:27:56,601] {processor.py:161} INFO - Processing /Users/gabrielroger/Documents/projects/weather-data/.venv/lib/python3.9/site-packages/airflow/example_dags/example_trigger_controller_dag.py took 0.048 seconds
