[2023-03-27 21:09:59,443] {processor.py:153} INFO - Started process (PID=6074) to work on /Users/gabrielroger/Documents/projects/weather-data/.venv/lib/python3.9/site-packages/airflow/example_dags/example_skip_dag.py
[2023-03-27 21:09:59,443] {processor.py:641} INFO - Processing file /Users/gabrielroger/Documents/projects/weather-data/.venv/lib/python3.9/site-packages/airflow/example_dags/example_skip_dag.py for tasks to queue
[2023-03-27 21:09:59,443] {logging_mixin.py:115} INFO - [2023-03-27 21:09:59,443] {dagbag.py:507} INFO - Filling up the DagBag from /Users/gabrielroger/Documents/projects/weather-data/.venv/lib/python3.9/site-packages/airflow/example_dags/example_skip_dag.py
[2023-03-27 21:09:59,450] {processor.py:651} INFO - DAG(s) dict_keys(['example_skip_dag']) retrieved from /Users/gabrielroger/Documents/projects/weather-data/.venv/lib/python3.9/site-packages/airflow/example_dags/example_skip_dag.py
[2023-03-27 21:09:59,480] {logging_mixin.py:115} INFO - [2023-03-27 21:09:59,480] {dag.py:2379} INFO - Sync 1 DAGs
[2023-03-27 21:09:59,487] {logging_mixin.py:115} INFO - [2023-03-27 21:09:59,487] {dag.py:2927} INFO - Setting next_dagrun for example_skip_dag to 2023-03-27T00:09:59.487423+00:00, run_after=2023-03-28T00:09:59.487423+00:00
[2023-03-27 21:09:59,493] {processor.py:161} INFO - Processing /Users/gabrielroger/Documents/projects/weather-data/.venv/lib/python3.9/site-packages/airflow/example_dags/example_skip_dag.py took 0.050 seconds
[2023-03-27 21:10:50,457] {processor.py:153} INFO - Started process (PID=6162) to work on /Users/gabrielroger/Documents/projects/weather-data/.venv/lib/python3.9/site-packages/airflow/example_dags/example_skip_dag.py
[2023-03-27 21:10:50,458] {processor.py:641} INFO - Processing file /Users/gabrielroger/Documents/projects/weather-data/.venv/lib/python3.9/site-packages/airflow/example_dags/example_skip_dag.py for tasks to queue
[2023-03-27 21:10:50,458] {logging_mixin.py:115} INFO - [2023-03-27 21:10:50,458] {dagbag.py:507} INFO - Filling up the DagBag from /Users/gabrielroger/Documents/projects/weather-data/.venv/lib/python3.9/site-packages/airflow/example_dags/example_skip_dag.py
[2023-03-27 21:10:50,465] {processor.py:651} INFO - DAG(s) dict_keys(['example_skip_dag']) retrieved from /Users/gabrielroger/Documents/projects/weather-data/.venv/lib/python3.9/site-packages/airflow/example_dags/example_skip_dag.py
[2023-03-27 21:10:50,496] {logging_mixin.py:115} INFO - [2023-03-27 21:10:50,496] {dag.py:2379} INFO - Sync 1 DAGs
[2023-03-27 21:10:50,503] {logging_mixin.py:115} INFO - [2023-03-27 21:10:50,503] {dag.py:2927} INFO - Setting next_dagrun for example_skip_dag to 2023-03-27T00:10:50.502991+00:00, run_after=2023-03-28T00:10:50.502991+00:00
[2023-03-27 21:10:50,508] {processor.py:161} INFO - Processing /Users/gabrielroger/Documents/projects/weather-data/.venv/lib/python3.9/site-packages/airflow/example_dags/example_skip_dag.py took 0.051 seconds
[2023-03-27 21:11:42,083] {processor.py:153} INFO - Started process (PID=6253) to work on /Users/gabrielroger/Documents/projects/weather-data/.venv/lib/python3.9/site-packages/airflow/example_dags/example_skip_dag.py
[2023-03-27 21:11:42,084] {processor.py:641} INFO - Processing file /Users/gabrielroger/Documents/projects/weather-data/.venv/lib/python3.9/site-packages/airflow/example_dags/example_skip_dag.py for tasks to queue
[2023-03-27 21:11:42,084] {logging_mixin.py:115} INFO - [2023-03-27 21:11:42,084] {dagbag.py:507} INFO - Filling up the DagBag from /Users/gabrielroger/Documents/projects/weather-data/.venv/lib/python3.9/site-packages/airflow/example_dags/example_skip_dag.py
[2023-03-27 21:11:42,091] {processor.py:651} INFO - DAG(s) dict_keys(['example_skip_dag']) retrieved from /Users/gabrielroger/Documents/projects/weather-data/.venv/lib/python3.9/site-packages/airflow/example_dags/example_skip_dag.py
[2023-03-27 21:11:42,121] {logging_mixin.py:115} INFO - [2023-03-27 21:11:42,121] {dag.py:2379} INFO - Sync 1 DAGs
[2023-03-27 21:11:42,128] {logging_mixin.py:115} INFO - [2023-03-27 21:11:42,128] {dag.py:2927} INFO - Setting next_dagrun for example_skip_dag to 2023-03-27T00:11:42.128534+00:00, run_after=2023-03-28T00:11:42.128534+00:00
[2023-03-27 21:11:42,134] {processor.py:161} INFO - Processing /Users/gabrielroger/Documents/projects/weather-data/.venv/lib/python3.9/site-packages/airflow/example_dags/example_skip_dag.py took 0.051 seconds
[2023-03-27 21:12:28,991] {processor.py:153} INFO - Started process (PID=6328) to work on /Users/gabrielroger/Documents/projects/weather-data/.venv/lib/python3.9/site-packages/airflow/example_dags/example_skip_dag.py
[2023-03-27 21:12:28,992] {processor.py:641} INFO - Processing file /Users/gabrielroger/Documents/projects/weather-data/.venv/lib/python3.9/site-packages/airflow/example_dags/example_skip_dag.py for tasks to queue
[2023-03-27 21:12:28,992] {logging_mixin.py:115} INFO - [2023-03-27 21:12:28,992] {dagbag.py:507} INFO - Filling up the DagBag from /Users/gabrielroger/Documents/projects/weather-data/.venv/lib/python3.9/site-packages/airflow/example_dags/example_skip_dag.py
[2023-03-27 21:12:28,999] {processor.py:651} INFO - DAG(s) dict_keys(['example_skip_dag']) retrieved from /Users/gabrielroger/Documents/projects/weather-data/.venv/lib/python3.9/site-packages/airflow/example_dags/example_skip_dag.py
[2023-03-27 21:12:29,029] {logging_mixin.py:115} INFO - [2023-03-27 21:12:29,029] {dag.py:2379} INFO - Sync 1 DAGs
[2023-03-27 21:12:29,036] {logging_mixin.py:115} INFO - [2023-03-27 21:12:29,036] {dag.py:2927} INFO - Setting next_dagrun for example_skip_dag to 2023-03-27T00:12:29.036064+00:00, run_after=2023-03-28T00:12:29.036064+00:00
[2023-03-27 21:12:29,041] {processor.py:161} INFO - Processing /Users/gabrielroger/Documents/projects/weather-data/.venv/lib/python3.9/site-packages/airflow/example_dags/example_skip_dag.py took 0.051 seconds
[2023-03-27 21:13:16,770] {processor.py:153} INFO - Started process (PID=6405) to work on /Users/gabrielroger/Documents/projects/weather-data/.venv/lib/python3.9/site-packages/airflow/example_dags/example_skip_dag.py
[2023-03-27 21:13:16,770] {processor.py:641} INFO - Processing file /Users/gabrielroger/Documents/projects/weather-data/.venv/lib/python3.9/site-packages/airflow/example_dags/example_skip_dag.py for tasks to queue
[2023-03-27 21:13:16,770] {logging_mixin.py:115} INFO - [2023-03-27 21:13:16,770] {dagbag.py:507} INFO - Filling up the DagBag from /Users/gabrielroger/Documents/projects/weather-data/.venv/lib/python3.9/site-packages/airflow/example_dags/example_skip_dag.py
[2023-03-27 21:13:16,777] {processor.py:651} INFO - DAG(s) dict_keys(['example_skip_dag']) retrieved from /Users/gabrielroger/Documents/projects/weather-data/.venv/lib/python3.9/site-packages/airflow/example_dags/example_skip_dag.py
[2023-03-27 21:13:16,807] {logging_mixin.py:115} INFO - [2023-03-27 21:13:16,807] {dag.py:2379} INFO - Sync 1 DAGs
[2023-03-27 21:13:16,814] {logging_mixin.py:115} INFO - [2023-03-27 21:13:16,814] {dag.py:2927} INFO - Setting next_dagrun for example_skip_dag to 2023-03-27T00:13:16.814571+00:00, run_after=2023-03-28T00:13:16.814571+00:00
[2023-03-27 21:13:16,820] {processor.py:161} INFO - Processing /Users/gabrielroger/Documents/projects/weather-data/.venv/lib/python3.9/site-packages/airflow/example_dags/example_skip_dag.py took 0.050 seconds
[2023-03-27 21:14:01,148] {processor.py:153} INFO - Started process (PID=6484) to work on /Users/gabrielroger/Documents/projects/weather-data/.venv/lib/python3.9/site-packages/airflow/example_dags/example_skip_dag.py
[2023-03-27 21:14:01,148] {processor.py:641} INFO - Processing file /Users/gabrielroger/Documents/projects/weather-data/.venv/lib/python3.9/site-packages/airflow/example_dags/example_skip_dag.py for tasks to queue
[2023-03-27 21:14:01,148] {logging_mixin.py:115} INFO - [2023-03-27 21:14:01,148] {dagbag.py:507} INFO - Filling up the DagBag from /Users/gabrielroger/Documents/projects/weather-data/.venv/lib/python3.9/site-packages/airflow/example_dags/example_skip_dag.py
[2023-03-27 21:14:01,155] {processor.py:651} INFO - DAG(s) dict_keys(['example_skip_dag']) retrieved from /Users/gabrielroger/Documents/projects/weather-data/.venv/lib/python3.9/site-packages/airflow/example_dags/example_skip_dag.py
[2023-03-27 21:14:01,186] {logging_mixin.py:115} INFO - [2023-03-27 21:14:01,186] {dag.py:2379} INFO - Sync 1 DAGs
[2023-03-27 21:14:01,193] {logging_mixin.py:115} INFO - [2023-03-27 21:14:01,193] {dag.py:2927} INFO - Setting next_dagrun for example_skip_dag to 2023-03-27T00:14:01.193052+00:00, run_after=2023-03-28T00:14:01.193052+00:00
[2023-03-27 21:14:01,198] {processor.py:161} INFO - Processing /Users/gabrielroger/Documents/projects/weather-data/.venv/lib/python3.9/site-packages/airflow/example_dags/example_skip_dag.py took 0.051 seconds
[2023-03-27 21:14:58,721] {processor.py:153} INFO - Started process (PID=6582) to work on /Users/gabrielroger/Documents/projects/weather-data/.venv/lib/python3.9/site-packages/airflow/example_dags/example_skip_dag.py
[2023-03-27 21:14:58,722] {processor.py:641} INFO - Processing file /Users/gabrielroger/Documents/projects/weather-data/.venv/lib/python3.9/site-packages/airflow/example_dags/example_skip_dag.py for tasks to queue
[2023-03-27 21:14:58,722] {logging_mixin.py:115} INFO - [2023-03-27 21:14:58,722] {dagbag.py:507} INFO - Filling up the DagBag from /Users/gabrielroger/Documents/projects/weather-data/.venv/lib/python3.9/site-packages/airflow/example_dags/example_skip_dag.py
[2023-03-27 21:14:58,729] {processor.py:651} INFO - DAG(s) dict_keys(['example_skip_dag']) retrieved from /Users/gabrielroger/Documents/projects/weather-data/.venv/lib/python3.9/site-packages/airflow/example_dags/example_skip_dag.py
[2023-03-27 21:14:58,761] {logging_mixin.py:115} INFO - [2023-03-27 21:14:58,761] {dag.py:2379} INFO - Sync 1 DAGs
[2023-03-27 21:14:58,768] {logging_mixin.py:115} INFO - [2023-03-27 21:14:58,768] {dag.py:2927} INFO - Setting next_dagrun for example_skip_dag to 2023-03-27T00:14:58.768177+00:00, run_after=2023-03-28T00:14:58.768177+00:00
[2023-03-27 21:14:58,774] {processor.py:161} INFO - Processing /Users/gabrielroger/Documents/projects/weather-data/.venv/lib/python3.9/site-packages/airflow/example_dags/example_skip_dag.py took 0.053 seconds
[2023-03-27 21:15:43,528] {processor.py:153} INFO - Started process (PID=6655) to work on /Users/gabrielroger/Documents/projects/weather-data/.venv/lib/python3.9/site-packages/airflow/example_dags/example_skip_dag.py
[2023-03-27 21:15:43,529] {processor.py:641} INFO - Processing file /Users/gabrielroger/Documents/projects/weather-data/.venv/lib/python3.9/site-packages/airflow/example_dags/example_skip_dag.py for tasks to queue
[2023-03-27 21:15:43,529] {logging_mixin.py:115} INFO - [2023-03-27 21:15:43,529] {dagbag.py:507} INFO - Filling up the DagBag from /Users/gabrielroger/Documents/projects/weather-data/.venv/lib/python3.9/site-packages/airflow/example_dags/example_skip_dag.py
[2023-03-27 21:15:43,535] {processor.py:651} INFO - DAG(s) dict_keys(['example_skip_dag']) retrieved from /Users/gabrielroger/Documents/projects/weather-data/.venv/lib/python3.9/site-packages/airflow/example_dags/example_skip_dag.py
[2023-03-27 21:15:43,565] {logging_mixin.py:115} INFO - [2023-03-27 21:15:43,565] {dag.py:2379} INFO - Sync 1 DAGs
[2023-03-27 21:15:43,572] {logging_mixin.py:115} INFO - [2023-03-27 21:15:43,572] {dag.py:2927} INFO - Setting next_dagrun for example_skip_dag to 2023-03-27T00:15:43.572380+00:00, run_after=2023-03-28T00:15:43.572380+00:00
[2023-03-27 21:15:43,578] {processor.py:161} INFO - Processing /Users/gabrielroger/Documents/projects/weather-data/.venv/lib/python3.9/site-packages/airflow/example_dags/example_skip_dag.py took 0.050 seconds
[2023-03-27 21:16:28,648] {processor.py:153} INFO - Started process (PID=6728) to work on /Users/gabrielroger/Documents/projects/weather-data/.venv/lib/python3.9/site-packages/airflow/example_dags/example_skip_dag.py
[2023-03-27 21:16:28,648] {processor.py:641} INFO - Processing file /Users/gabrielroger/Documents/projects/weather-data/.venv/lib/python3.9/site-packages/airflow/example_dags/example_skip_dag.py for tasks to queue
[2023-03-27 21:16:28,648] {logging_mixin.py:115} INFO - [2023-03-27 21:16:28,648] {dagbag.py:507} INFO - Filling up the DagBag from /Users/gabrielroger/Documents/projects/weather-data/.venv/lib/python3.9/site-packages/airflow/example_dags/example_skip_dag.py
[2023-03-27 21:16:28,655] {processor.py:651} INFO - DAG(s) dict_keys(['example_skip_dag']) retrieved from /Users/gabrielroger/Documents/projects/weather-data/.venv/lib/python3.9/site-packages/airflow/example_dags/example_skip_dag.py
[2023-03-27 21:16:28,685] {logging_mixin.py:115} INFO - [2023-03-27 21:16:28,685] {dag.py:2379} INFO - Sync 1 DAGs
[2023-03-27 21:16:28,692] {logging_mixin.py:115} INFO - [2023-03-27 21:16:28,692] {dag.py:2927} INFO - Setting next_dagrun for example_skip_dag to 2023-03-27T00:16:28.692142+00:00, run_after=2023-03-28T00:16:28.692142+00:00
[2023-03-27 21:16:28,697] {processor.py:161} INFO - Processing /Users/gabrielroger/Documents/projects/weather-data/.venv/lib/python3.9/site-packages/airflow/example_dags/example_skip_dag.py took 0.050 seconds
[2023-03-27 21:17:12,506] {processor.py:153} INFO - Started process (PID=6801) to work on /Users/gabrielroger/Documents/projects/weather-data/.venv/lib/python3.9/site-packages/airflow/example_dags/example_skip_dag.py
[2023-03-27 21:17:12,506] {processor.py:641} INFO - Processing file /Users/gabrielroger/Documents/projects/weather-data/.venv/lib/python3.9/site-packages/airflow/example_dags/example_skip_dag.py for tasks to queue
[2023-03-27 21:17:12,507] {logging_mixin.py:115} INFO - [2023-03-27 21:17:12,507] {dagbag.py:507} INFO - Filling up the DagBag from /Users/gabrielroger/Documents/projects/weather-data/.venv/lib/python3.9/site-packages/airflow/example_dags/example_skip_dag.py
[2023-03-27 21:17:12,513] {processor.py:651} INFO - DAG(s) dict_keys(['example_skip_dag']) retrieved from /Users/gabrielroger/Documents/projects/weather-data/.venv/lib/python3.9/site-packages/airflow/example_dags/example_skip_dag.py
[2023-03-27 21:17:12,544] {logging_mixin.py:115} INFO - [2023-03-27 21:17:12,543] {dag.py:2379} INFO - Sync 1 DAGs
[2023-03-27 21:17:12,550] {logging_mixin.py:115} INFO - [2023-03-27 21:17:12,550] {dag.py:2927} INFO - Setting next_dagrun for example_skip_dag to 2023-03-27T00:17:12.550684+00:00, run_after=2023-03-28T00:17:12.550684+00:00
[2023-03-27 21:17:12,556] {processor.py:161} INFO - Processing /Users/gabrielroger/Documents/projects/weather-data/.venv/lib/python3.9/site-packages/airflow/example_dags/example_skip_dag.py took 0.050 seconds
[2023-03-27 21:17:57,651] {processor.py:153} INFO - Started process (PID=6877) to work on /Users/gabrielroger/Documents/projects/weather-data/.venv/lib/python3.9/site-packages/airflow/example_dags/example_skip_dag.py
[2023-03-27 21:17:57,651] {processor.py:641} INFO - Processing file /Users/gabrielroger/Documents/projects/weather-data/.venv/lib/python3.9/site-packages/airflow/example_dags/example_skip_dag.py for tasks to queue
[2023-03-27 21:17:57,651] {logging_mixin.py:115} INFO - [2023-03-27 21:17:57,651] {dagbag.py:507} INFO - Filling up the DagBag from /Users/gabrielroger/Documents/projects/weather-data/.venv/lib/python3.9/site-packages/airflow/example_dags/example_skip_dag.py
[2023-03-27 21:17:57,658] {processor.py:651} INFO - DAG(s) dict_keys(['example_skip_dag']) retrieved from /Users/gabrielroger/Documents/projects/weather-data/.venv/lib/python3.9/site-packages/airflow/example_dags/example_skip_dag.py
[2023-03-27 21:17:57,688] {logging_mixin.py:115} INFO - [2023-03-27 21:17:57,687] {dag.py:2379} INFO - Sync 1 DAGs
[2023-03-27 21:17:57,694] {logging_mixin.py:115} INFO - [2023-03-27 21:17:57,694] {dag.py:2927} INFO - Setting next_dagrun for example_skip_dag to 2023-03-27T00:17:57.694519+00:00, run_after=2023-03-28T00:17:57.694519+00:00
[2023-03-27 21:17:57,700] {processor.py:161} INFO - Processing /Users/gabrielroger/Documents/projects/weather-data/.venv/lib/python3.9/site-packages/airflow/example_dags/example_skip_dag.py took 0.049 seconds
[2023-03-27 21:19:01,099] {processor.py:153} INFO - Started process (PID=6986) to work on /Users/gabrielroger/Documents/projects/weather-data/.venv/lib/python3.9/site-packages/airflow/example_dags/example_skip_dag.py
[2023-03-27 21:19:01,101] {processor.py:641} INFO - Processing file /Users/gabrielroger/Documents/projects/weather-data/.venv/lib/python3.9/site-packages/airflow/example_dags/example_skip_dag.py for tasks to queue
[2023-03-27 21:19:01,101] {logging_mixin.py:115} INFO - [2023-03-27 21:19:01,101] {dagbag.py:507} INFO - Filling up the DagBag from /Users/gabrielroger/Documents/projects/weather-data/.venv/lib/python3.9/site-packages/airflow/example_dags/example_skip_dag.py
[2023-03-27 21:19:01,108] {processor.py:651} INFO - DAG(s) dict_keys(['example_skip_dag']) retrieved from /Users/gabrielroger/Documents/projects/weather-data/.venv/lib/python3.9/site-packages/airflow/example_dags/example_skip_dag.py
[2023-03-27 21:19:01,139] {logging_mixin.py:115} INFO - [2023-03-27 21:19:01,138] {dag.py:2379} INFO - Sync 1 DAGs
[2023-03-27 21:19:01,145] {logging_mixin.py:115} INFO - [2023-03-27 21:19:01,145] {dag.py:2927} INFO - Setting next_dagrun for example_skip_dag to 2023-03-27T00:19:01.145576+00:00, run_after=2023-03-28T00:19:01.145576+00:00
[2023-03-27 21:19:01,151] {processor.py:161} INFO - Processing /Users/gabrielroger/Documents/projects/weather-data/.venv/lib/python3.9/site-packages/airflow/example_dags/example_skip_dag.py took 0.052 seconds
[2023-03-27 21:19:45,013] {processor.py:153} INFO - Started process (PID=7061) to work on /Users/gabrielroger/Documents/projects/weather-data/.venv/lib/python3.9/site-packages/airflow/example_dags/example_skip_dag.py
[2023-03-27 21:19:45,013] {processor.py:641} INFO - Processing file /Users/gabrielroger/Documents/projects/weather-data/.venv/lib/python3.9/site-packages/airflow/example_dags/example_skip_dag.py for tasks to queue
[2023-03-27 21:19:45,013] {logging_mixin.py:115} INFO - [2023-03-27 21:19:45,013] {dagbag.py:507} INFO - Filling up the DagBag from /Users/gabrielroger/Documents/projects/weather-data/.venv/lib/python3.9/site-packages/airflow/example_dags/example_skip_dag.py
[2023-03-27 21:19:45,020] {processor.py:651} INFO - DAG(s) dict_keys(['example_skip_dag']) retrieved from /Users/gabrielroger/Documents/projects/weather-data/.venv/lib/python3.9/site-packages/airflow/example_dags/example_skip_dag.py
[2023-03-27 21:19:45,050] {logging_mixin.py:115} INFO - [2023-03-27 21:19:45,050] {dag.py:2379} INFO - Sync 1 DAGs
[2023-03-27 21:19:45,057] {logging_mixin.py:115} INFO - [2023-03-27 21:19:45,056] {dag.py:2927} INFO - Setting next_dagrun for example_skip_dag to 2023-03-27T00:19:45.056894+00:00, run_after=2023-03-28T00:19:45.056894+00:00
[2023-03-27 21:19:45,062] {processor.py:161} INFO - Processing /Users/gabrielroger/Documents/projects/weather-data/.venv/lib/python3.9/site-packages/airflow/example_dags/example_skip_dag.py took 0.049 seconds
[2023-03-27 21:20:29,163] {processor.py:153} INFO - Started process (PID=7133) to work on /Users/gabrielroger/Documents/projects/weather-data/.venv/lib/python3.9/site-packages/airflow/example_dags/example_skip_dag.py
[2023-03-27 21:20:29,163] {processor.py:641} INFO - Processing file /Users/gabrielroger/Documents/projects/weather-data/.venv/lib/python3.9/site-packages/airflow/example_dags/example_skip_dag.py for tasks to queue
[2023-03-27 21:20:29,163] {logging_mixin.py:115} INFO - [2023-03-27 21:20:29,163] {dagbag.py:507} INFO - Filling up the DagBag from /Users/gabrielroger/Documents/projects/weather-data/.venv/lib/python3.9/site-packages/airflow/example_dags/example_skip_dag.py
[2023-03-27 21:20:29,170] {processor.py:651} INFO - DAG(s) dict_keys(['example_skip_dag']) retrieved from /Users/gabrielroger/Documents/projects/weather-data/.venv/lib/python3.9/site-packages/airflow/example_dags/example_skip_dag.py
[2023-03-27 21:20:29,200] {logging_mixin.py:115} INFO - [2023-03-27 21:20:29,200] {dag.py:2379} INFO - Sync 1 DAGs
[2023-03-27 21:20:29,206] {logging_mixin.py:115} INFO - [2023-03-27 21:20:29,206] {dag.py:2927} INFO - Setting next_dagrun for example_skip_dag to 2023-03-27T00:20:29.206818+00:00, run_after=2023-03-28T00:20:29.206818+00:00
[2023-03-27 21:20:29,212] {processor.py:161} INFO - Processing /Users/gabrielroger/Documents/projects/weather-data/.venv/lib/python3.9/site-packages/airflow/example_dags/example_skip_dag.py took 0.050 seconds
[2023-03-27 21:21:14,581] {processor.py:153} INFO - Started process (PID=7207) to work on /Users/gabrielroger/Documents/projects/weather-data/.venv/lib/python3.9/site-packages/airflow/example_dags/example_skip_dag.py
[2023-03-27 21:21:14,581] {processor.py:641} INFO - Processing file /Users/gabrielroger/Documents/projects/weather-data/.venv/lib/python3.9/site-packages/airflow/example_dags/example_skip_dag.py for tasks to queue
[2023-03-27 21:21:14,581] {logging_mixin.py:115} INFO - [2023-03-27 21:21:14,581] {dagbag.py:507} INFO - Filling up the DagBag from /Users/gabrielroger/Documents/projects/weather-data/.venv/lib/python3.9/site-packages/airflow/example_dags/example_skip_dag.py
[2023-03-27 21:21:14,588] {processor.py:651} INFO - DAG(s) dict_keys(['example_skip_dag']) retrieved from /Users/gabrielroger/Documents/projects/weather-data/.venv/lib/python3.9/site-packages/airflow/example_dags/example_skip_dag.py
[2023-03-27 21:21:14,618] {logging_mixin.py:115} INFO - [2023-03-27 21:21:14,618] {dag.py:2379} INFO - Sync 1 DAGs
[2023-03-27 21:21:14,625] {logging_mixin.py:115} INFO - [2023-03-27 21:21:14,625] {dag.py:2927} INFO - Setting next_dagrun for example_skip_dag to 2023-03-27T00:21:14.625221+00:00, run_after=2023-03-28T00:21:14.625221+00:00
[2023-03-27 21:21:14,631] {processor.py:161} INFO - Processing /Users/gabrielroger/Documents/projects/weather-data/.venv/lib/python3.9/site-packages/airflow/example_dags/example_skip_dag.py took 0.050 seconds
[2023-03-27 21:21:59,934] {processor.py:153} INFO - Started process (PID=7281) to work on /Users/gabrielroger/Documents/projects/weather-data/.venv/lib/python3.9/site-packages/airflow/example_dags/example_skip_dag.py
[2023-03-27 21:21:59,934] {processor.py:641} INFO - Processing file /Users/gabrielroger/Documents/projects/weather-data/.venv/lib/python3.9/site-packages/airflow/example_dags/example_skip_dag.py for tasks to queue
[2023-03-27 21:21:59,934] {logging_mixin.py:115} INFO - [2023-03-27 21:21:59,934] {dagbag.py:507} INFO - Filling up the DagBag from /Users/gabrielroger/Documents/projects/weather-data/.venv/lib/python3.9/site-packages/airflow/example_dags/example_skip_dag.py
[2023-03-27 21:21:59,941] {processor.py:651} INFO - DAG(s) dict_keys(['example_skip_dag']) retrieved from /Users/gabrielroger/Documents/projects/weather-data/.venv/lib/python3.9/site-packages/airflow/example_dags/example_skip_dag.py
[2023-03-27 21:21:59,971] {logging_mixin.py:115} INFO - [2023-03-27 21:21:59,970] {dag.py:2379} INFO - Sync 1 DAGs
[2023-03-27 21:21:59,977] {logging_mixin.py:115} INFO - [2023-03-27 21:21:59,977] {dag.py:2927} INFO - Setting next_dagrun for example_skip_dag to 2023-03-27T00:21:59.977468+00:00, run_after=2023-03-28T00:21:59.977468+00:00
[2023-03-27 21:21:59,983] {processor.py:161} INFO - Processing /Users/gabrielroger/Documents/projects/weather-data/.venv/lib/python3.9/site-packages/airflow/example_dags/example_skip_dag.py took 0.049 seconds
[2023-03-27 21:22:44,865] {processor.py:153} INFO - Started process (PID=7356) to work on /Users/gabrielroger/Documents/projects/weather-data/.venv/lib/python3.9/site-packages/airflow/example_dags/example_skip_dag.py
[2023-03-27 21:22:44,865] {processor.py:641} INFO - Processing file /Users/gabrielroger/Documents/projects/weather-data/.venv/lib/python3.9/site-packages/airflow/example_dags/example_skip_dag.py for tasks to queue
[2023-03-27 21:22:44,866] {logging_mixin.py:115} INFO - [2023-03-27 21:22:44,866] {dagbag.py:507} INFO - Filling up the DagBag from /Users/gabrielroger/Documents/projects/weather-data/.venv/lib/python3.9/site-packages/airflow/example_dags/example_skip_dag.py
[2023-03-27 21:22:44,872] {processor.py:651} INFO - DAG(s) dict_keys(['example_skip_dag']) retrieved from /Users/gabrielroger/Documents/projects/weather-data/.venv/lib/python3.9/site-packages/airflow/example_dags/example_skip_dag.py
[2023-03-27 21:22:44,903] {logging_mixin.py:115} INFO - [2023-03-27 21:22:44,902] {dag.py:2379} INFO - Sync 1 DAGs
[2023-03-27 21:22:44,909] {logging_mixin.py:115} INFO - [2023-03-27 21:22:44,909] {dag.py:2927} INFO - Setting next_dagrun for example_skip_dag to 2023-03-27T00:22:44.909563+00:00, run_after=2023-03-28T00:22:44.909563+00:00
[2023-03-27 21:22:44,915] {processor.py:161} INFO - Processing /Users/gabrielroger/Documents/projects/weather-data/.venv/lib/python3.9/site-packages/airflow/example_dags/example_skip_dag.py took 0.050 seconds
[2023-03-27 21:23:28,608] {processor.py:153} INFO - Started process (PID=7429) to work on /Users/gabrielroger/Documents/projects/weather-data/.venv/lib/python3.9/site-packages/airflow/example_dags/example_skip_dag.py
[2023-03-27 21:23:28,609] {processor.py:641} INFO - Processing file /Users/gabrielroger/Documents/projects/weather-data/.venv/lib/python3.9/site-packages/airflow/example_dags/example_skip_dag.py for tasks to queue
[2023-03-27 21:23:28,609] {logging_mixin.py:115} INFO - [2023-03-27 21:23:28,609] {dagbag.py:507} INFO - Filling up the DagBag from /Users/gabrielroger/Documents/projects/weather-data/.venv/lib/python3.9/site-packages/airflow/example_dags/example_skip_dag.py
[2023-03-27 21:23:28,615] {processor.py:651} INFO - DAG(s) dict_keys(['example_skip_dag']) retrieved from /Users/gabrielroger/Documents/projects/weather-data/.venv/lib/python3.9/site-packages/airflow/example_dags/example_skip_dag.py
[2023-03-27 21:23:28,645] {logging_mixin.py:115} INFO - [2023-03-27 21:23:28,645] {dag.py:2379} INFO - Sync 1 DAGs
[2023-03-27 21:23:28,652] {logging_mixin.py:115} INFO - [2023-03-27 21:23:28,652] {dag.py:2927} INFO - Setting next_dagrun for example_skip_dag to 2023-03-27T00:23:28.651966+00:00, run_after=2023-03-28T00:23:28.651966+00:00
[2023-03-27 21:23:28,657] {processor.py:161} INFO - Processing /Users/gabrielroger/Documents/projects/weather-data/.venv/lib/python3.9/site-packages/airflow/example_dags/example_skip_dag.py took 0.049 seconds
[2023-03-27 21:24:13,545] {processor.py:153} INFO - Started process (PID=7510) to work on /Users/gabrielroger/Documents/projects/weather-data/.venv/lib/python3.9/site-packages/airflow/example_dags/example_skip_dag.py
[2023-03-27 21:24:13,545] {processor.py:641} INFO - Processing file /Users/gabrielroger/Documents/projects/weather-data/.venv/lib/python3.9/site-packages/airflow/example_dags/example_skip_dag.py for tasks to queue
[2023-03-27 21:24:13,546] {logging_mixin.py:115} INFO - [2023-03-27 21:24:13,546] {dagbag.py:507} INFO - Filling up the DagBag from /Users/gabrielroger/Documents/projects/weather-data/.venv/lib/python3.9/site-packages/airflow/example_dags/example_skip_dag.py
[2023-03-27 21:24:13,553] {processor.py:651} INFO - DAG(s) dict_keys(['example_skip_dag']) retrieved from /Users/gabrielroger/Documents/projects/weather-data/.venv/lib/python3.9/site-packages/airflow/example_dags/example_skip_dag.py
[2023-03-27 21:24:13,584] {logging_mixin.py:115} INFO - [2023-03-27 21:24:13,584] {dag.py:2379} INFO - Sync 1 DAGs
[2023-03-27 21:24:13,591] {logging_mixin.py:115} INFO - [2023-03-27 21:24:13,591] {dag.py:2927} INFO - Setting next_dagrun for example_skip_dag to 2023-03-27T00:24:13.590957+00:00, run_after=2023-03-28T00:24:13.590957+00:00
[2023-03-27 21:24:13,596] {processor.py:161} INFO - Processing /Users/gabrielroger/Documents/projects/weather-data/.venv/lib/python3.9/site-packages/airflow/example_dags/example_skip_dag.py took 0.052 seconds
[2023-03-27 21:24:57,574] {processor.py:153} INFO - Started process (PID=7611) to work on /Users/gabrielroger/Documents/projects/weather-data/.venv/lib/python3.9/site-packages/airflow/example_dags/example_skip_dag.py
[2023-03-27 21:24:57,575] {processor.py:641} INFO - Processing file /Users/gabrielroger/Documents/projects/weather-data/.venv/lib/python3.9/site-packages/airflow/example_dags/example_skip_dag.py for tasks to queue
[2023-03-27 21:24:57,575] {logging_mixin.py:115} INFO - [2023-03-27 21:24:57,575] {dagbag.py:507} INFO - Filling up the DagBag from /Users/gabrielroger/Documents/projects/weather-data/.venv/lib/python3.9/site-packages/airflow/example_dags/example_skip_dag.py
[2023-03-27 21:24:57,582] {processor.py:651} INFO - DAG(s) dict_keys(['example_skip_dag']) retrieved from /Users/gabrielroger/Documents/projects/weather-data/.venv/lib/python3.9/site-packages/airflow/example_dags/example_skip_dag.py
[2023-03-27 21:24:57,611] {logging_mixin.py:115} INFO - [2023-03-27 21:24:57,611] {dag.py:2379} INFO - Sync 1 DAGs
[2023-03-27 21:24:57,618] {logging_mixin.py:115} INFO - [2023-03-27 21:24:57,618] {dag.py:2927} INFO - Setting next_dagrun for example_skip_dag to 2023-03-27T00:24:57.618499+00:00, run_after=2023-03-28T00:24:57.618499+00:00
[2023-03-27 21:24:57,623] {processor.py:161} INFO - Processing /Users/gabrielroger/Documents/projects/weather-data/.venv/lib/python3.9/site-packages/airflow/example_dags/example_skip_dag.py took 0.050 seconds
[2023-03-27 21:26:02,330] {processor.py:153} INFO - Started process (PID=7731) to work on /Users/gabrielroger/Documents/projects/weather-data/.venv/lib/python3.9/site-packages/airflow/example_dags/example_skip_dag.py
[2023-03-27 21:26:02,330] {processor.py:641} INFO - Processing file /Users/gabrielroger/Documents/projects/weather-data/.venv/lib/python3.9/site-packages/airflow/example_dags/example_skip_dag.py for tasks to queue
[2023-03-27 21:26:02,330] {logging_mixin.py:115} INFO - [2023-03-27 21:26:02,330] {dagbag.py:507} INFO - Filling up the DagBag from /Users/gabrielroger/Documents/projects/weather-data/.venv/lib/python3.9/site-packages/airflow/example_dags/example_skip_dag.py
[2023-03-27 21:26:02,338] {processor.py:651} INFO - DAG(s) dict_keys(['example_skip_dag']) retrieved from /Users/gabrielroger/Documents/projects/weather-data/.venv/lib/python3.9/site-packages/airflow/example_dags/example_skip_dag.py
[2023-03-27 21:26:02,369] {logging_mixin.py:115} INFO - [2023-03-27 21:26:02,369] {dag.py:2379} INFO - Sync 1 DAGs
[2023-03-27 21:26:02,375] {logging_mixin.py:115} INFO - [2023-03-27 21:26:02,375] {dag.py:2927} INFO - Setting next_dagrun for example_skip_dag to 2023-03-27T00:26:02.375666+00:00, run_after=2023-03-28T00:26:02.375666+00:00
[2023-03-27 21:26:02,381] {processor.py:161} INFO - Processing /Users/gabrielroger/Documents/projects/weather-data/.venv/lib/python3.9/site-packages/airflow/example_dags/example_skip_dag.py took 0.052 seconds
[2023-03-27 21:26:48,492] {processor.py:153} INFO - Started process (PID=7806) to work on /Users/gabrielroger/Documents/projects/weather-data/.venv/lib/python3.9/site-packages/airflow/example_dags/example_skip_dag.py
[2023-03-27 21:26:48,492] {processor.py:641} INFO - Processing file /Users/gabrielroger/Documents/projects/weather-data/.venv/lib/python3.9/site-packages/airflow/example_dags/example_skip_dag.py for tasks to queue
[2023-03-27 21:26:48,493] {logging_mixin.py:115} INFO - [2023-03-27 21:26:48,493] {dagbag.py:507} INFO - Filling up the DagBag from /Users/gabrielroger/Documents/projects/weather-data/.venv/lib/python3.9/site-packages/airflow/example_dags/example_skip_dag.py
[2023-03-27 21:26:48,499] {processor.py:651} INFO - DAG(s) dict_keys(['example_skip_dag']) retrieved from /Users/gabrielroger/Documents/projects/weather-data/.venv/lib/python3.9/site-packages/airflow/example_dags/example_skip_dag.py
[2023-03-27 21:26:48,529] {logging_mixin.py:115} INFO - [2023-03-27 21:26:48,529] {dag.py:2379} INFO - Sync 1 DAGs
[2023-03-27 21:26:48,535] {logging_mixin.py:115} INFO - [2023-03-27 21:26:48,535] {dag.py:2927} INFO - Setting next_dagrun for example_skip_dag to 2023-03-27T00:26:48.535548+00:00, run_after=2023-03-28T00:26:48.535548+00:00
[2023-03-27 21:26:48,541] {processor.py:161} INFO - Processing /Users/gabrielroger/Documents/projects/weather-data/.venv/lib/python3.9/site-packages/airflow/example_dags/example_skip_dag.py took 0.049 seconds
[2023-03-27 21:27:33,365] {processor.py:153} INFO - Started process (PID=7880) to work on /Users/gabrielroger/Documents/projects/weather-data/.venv/lib/python3.9/site-packages/airflow/example_dags/example_skip_dag.py
[2023-03-27 21:27:33,366] {processor.py:641} INFO - Processing file /Users/gabrielroger/Documents/projects/weather-data/.venv/lib/python3.9/site-packages/airflow/example_dags/example_skip_dag.py for tasks to queue
[2023-03-27 21:27:33,366] {logging_mixin.py:115} INFO - [2023-03-27 21:27:33,366] {dagbag.py:507} INFO - Filling up the DagBag from /Users/gabrielroger/Documents/projects/weather-data/.venv/lib/python3.9/site-packages/airflow/example_dags/example_skip_dag.py
[2023-03-27 21:27:33,372] {processor.py:651} INFO - DAG(s) dict_keys(['example_skip_dag']) retrieved from /Users/gabrielroger/Documents/projects/weather-data/.venv/lib/python3.9/site-packages/airflow/example_dags/example_skip_dag.py
[2023-03-27 21:27:33,402] {logging_mixin.py:115} INFO - [2023-03-27 21:27:33,402] {dag.py:2379} INFO - Sync 1 DAGs
[2023-03-27 21:27:33,409] {logging_mixin.py:115} INFO - [2023-03-27 21:27:33,409] {dag.py:2927} INFO - Setting next_dagrun for example_skip_dag to 2023-03-27T00:27:33.408951+00:00, run_after=2023-03-28T00:27:33.408951+00:00
[2023-03-27 21:27:33,414] {processor.py:161} INFO - Processing /Users/gabrielroger/Documents/projects/weather-data/.venv/lib/python3.9/site-packages/airflow/example_dags/example_skip_dag.py took 0.049 seconds
[2023-03-27 21:28:37,623] {processor.py:153} INFO - Started process (PID=7992) to work on /Users/gabrielroger/Documents/projects/weather-data/.venv/lib/python3.9/site-packages/airflow/example_dags/example_skip_dag.py
[2023-03-27 21:28:37,623] {processor.py:641} INFO - Processing file /Users/gabrielroger/Documents/projects/weather-data/.venv/lib/python3.9/site-packages/airflow/example_dags/example_skip_dag.py for tasks to queue
[2023-03-27 21:28:37,624] {logging_mixin.py:115} INFO - [2023-03-27 21:28:37,624] {dagbag.py:507} INFO - Filling up the DagBag from /Users/gabrielroger/Documents/projects/weather-data/.venv/lib/python3.9/site-packages/airflow/example_dags/example_skip_dag.py
[2023-03-27 21:28:37,630] {processor.py:651} INFO - DAG(s) dict_keys(['example_skip_dag']) retrieved from /Users/gabrielroger/Documents/projects/weather-data/.venv/lib/python3.9/site-packages/airflow/example_dags/example_skip_dag.py
[2023-03-27 21:28:37,660] {logging_mixin.py:115} INFO - [2023-03-27 21:28:37,660] {dag.py:2379} INFO - Sync 1 DAGs
[2023-03-27 21:28:37,667] {logging_mixin.py:115} INFO - [2023-03-27 21:28:37,667] {dag.py:2927} INFO - Setting next_dagrun for example_skip_dag to 2023-03-27T00:28:37.667407+00:00, run_after=2023-03-28T00:28:37.667407+00:00
[2023-03-27 21:28:37,673] {processor.py:161} INFO - Processing /Users/gabrielroger/Documents/projects/weather-data/.venv/lib/python3.9/site-packages/airflow/example_dags/example_skip_dag.py took 0.050 seconds
[2023-03-27 21:29:40,671] {processor.py:153} INFO - Started process (PID=8117) to work on /Users/gabrielroger/Documents/projects/weather-data/.venv/lib/python3.9/site-packages/airflow/example_dags/example_skip_dag.py
[2023-03-27 21:29:40,671] {processor.py:641} INFO - Processing file /Users/gabrielroger/Documents/projects/weather-data/.venv/lib/python3.9/site-packages/airflow/example_dags/example_skip_dag.py for tasks to queue
[2023-03-27 21:29:40,671] {logging_mixin.py:115} INFO - [2023-03-27 21:29:40,671] {dagbag.py:507} INFO - Filling up the DagBag from /Users/gabrielroger/Documents/projects/weather-data/.venv/lib/python3.9/site-packages/airflow/example_dags/example_skip_dag.py
[2023-03-27 21:29:40,678] {processor.py:651} INFO - DAG(s) dict_keys(['example_skip_dag']) retrieved from /Users/gabrielroger/Documents/projects/weather-data/.venv/lib/python3.9/site-packages/airflow/example_dags/example_skip_dag.py
[2023-03-27 21:29:40,708] {logging_mixin.py:115} INFO - [2023-03-27 21:29:40,708] {dag.py:2379} INFO - Sync 1 DAGs
[2023-03-27 21:29:40,715] {logging_mixin.py:115} INFO - [2023-03-27 21:29:40,715] {dag.py:2927} INFO - Setting next_dagrun for example_skip_dag to 2023-03-27T00:29:40.715310+00:00, run_after=2023-03-28T00:29:40.715310+00:00
[2023-03-27 21:29:40,720] {processor.py:161} INFO - Processing /Users/gabrielroger/Documents/projects/weather-data/.venv/lib/python3.9/site-packages/airflow/example_dags/example_skip_dag.py took 0.050 seconds
[2023-03-27 21:30:24,233] {processor.py:153} INFO - Started process (PID=8214) to work on /Users/gabrielroger/Documents/projects/weather-data/.venv/lib/python3.9/site-packages/airflow/example_dags/example_skip_dag.py
[2023-03-27 21:30:24,234] {processor.py:641} INFO - Processing file /Users/gabrielroger/Documents/projects/weather-data/.venv/lib/python3.9/site-packages/airflow/example_dags/example_skip_dag.py for tasks to queue
[2023-03-27 21:30:24,234] {logging_mixin.py:115} INFO - [2023-03-27 21:30:24,234] {dagbag.py:507} INFO - Filling up the DagBag from /Users/gabrielroger/Documents/projects/weather-data/.venv/lib/python3.9/site-packages/airflow/example_dags/example_skip_dag.py
[2023-03-27 21:30:24,240] {processor.py:651} INFO - DAG(s) dict_keys(['example_skip_dag']) retrieved from /Users/gabrielroger/Documents/projects/weather-data/.venv/lib/python3.9/site-packages/airflow/example_dags/example_skip_dag.py
[2023-03-27 21:30:24,270] {logging_mixin.py:115} INFO - [2023-03-27 21:30:24,270] {dag.py:2379} INFO - Sync 1 DAGs
[2023-03-27 21:30:24,277] {logging_mixin.py:115} INFO - [2023-03-27 21:30:24,277] {dag.py:2927} INFO - Setting next_dagrun for example_skip_dag to 2023-03-27T00:30:24.277068+00:00, run_after=2023-03-28T00:30:24.277068+00:00
[2023-03-27 21:30:24,283] {processor.py:161} INFO - Processing /Users/gabrielroger/Documents/projects/weather-data/.venv/lib/python3.9/site-packages/airflow/example_dags/example_skip_dag.py took 0.049 seconds
[2023-03-27 21:31:27,070] {processor.py:153} INFO - Started process (PID=8319) to work on /Users/gabrielroger/Documents/projects/weather-data/.venv/lib/python3.9/site-packages/airflow/example_dags/example_skip_dag.py
[2023-03-27 21:31:27,070] {processor.py:641} INFO - Processing file /Users/gabrielroger/Documents/projects/weather-data/.venv/lib/python3.9/site-packages/airflow/example_dags/example_skip_dag.py for tasks to queue
[2023-03-27 21:31:27,070] {logging_mixin.py:115} INFO - [2023-03-27 21:31:27,070] {dagbag.py:507} INFO - Filling up the DagBag from /Users/gabrielroger/Documents/projects/weather-data/.venv/lib/python3.9/site-packages/airflow/example_dags/example_skip_dag.py
[2023-03-27 21:31:27,077] {processor.py:651} INFO - DAG(s) dict_keys(['example_skip_dag']) retrieved from /Users/gabrielroger/Documents/projects/weather-data/.venv/lib/python3.9/site-packages/airflow/example_dags/example_skip_dag.py
[2023-03-27 21:31:27,107] {logging_mixin.py:115} INFO - [2023-03-27 21:31:27,107] {dag.py:2379} INFO - Sync 1 DAGs
[2023-03-27 21:31:27,113] {logging_mixin.py:115} INFO - [2023-03-27 21:31:27,113] {dag.py:2927} INFO - Setting next_dagrun for example_skip_dag to 2023-03-27T00:31:27.113647+00:00, run_after=2023-03-28T00:31:27.113647+00:00
[2023-03-27 21:31:27,119] {processor.py:161} INFO - Processing /Users/gabrielroger/Documents/projects/weather-data/.venv/lib/python3.9/site-packages/airflow/example_dags/example_skip_dag.py took 0.049 seconds
[2023-03-27 21:32:10,632] {processor.py:153} INFO - Started process (PID=8391) to work on /Users/gabrielroger/Documents/projects/weather-data/.venv/lib/python3.9/site-packages/airflow/example_dags/example_skip_dag.py
[2023-03-27 21:32:10,632] {processor.py:641} INFO - Processing file /Users/gabrielroger/Documents/projects/weather-data/.venv/lib/python3.9/site-packages/airflow/example_dags/example_skip_dag.py for tasks to queue
[2023-03-27 21:32:10,632] {logging_mixin.py:115} INFO - [2023-03-27 21:32:10,632] {dagbag.py:507} INFO - Filling up the DagBag from /Users/gabrielroger/Documents/projects/weather-data/.venv/lib/python3.9/site-packages/airflow/example_dags/example_skip_dag.py
[2023-03-27 21:32:10,638] {processor.py:651} INFO - DAG(s) dict_keys(['example_skip_dag']) retrieved from /Users/gabrielroger/Documents/projects/weather-data/.venv/lib/python3.9/site-packages/airflow/example_dags/example_skip_dag.py
[2023-03-27 21:32:10,668] {logging_mixin.py:115} INFO - [2023-03-27 21:32:10,668] {dag.py:2379} INFO - Sync 1 DAGs
[2023-03-27 21:32:10,675] {logging_mixin.py:115} INFO - [2023-03-27 21:32:10,675] {dag.py:2927} INFO - Setting next_dagrun for example_skip_dag to 2023-03-27T00:32:10.675101+00:00, run_after=2023-03-28T00:32:10.675101+00:00
[2023-03-27 21:32:10,680] {processor.py:161} INFO - Processing /Users/gabrielroger/Documents/projects/weather-data/.venv/lib/python3.9/site-packages/airflow/example_dags/example_skip_dag.py took 0.049 seconds
[2023-03-27 21:32:55,059] {processor.py:153} INFO - Started process (PID=8465) to work on /Users/gabrielroger/Documents/projects/weather-data/.venv/lib/python3.9/site-packages/airflow/example_dags/example_skip_dag.py
[2023-03-27 21:32:55,059] {processor.py:641} INFO - Processing file /Users/gabrielroger/Documents/projects/weather-data/.venv/lib/python3.9/site-packages/airflow/example_dags/example_skip_dag.py for tasks to queue
[2023-03-27 21:32:55,059] {logging_mixin.py:115} INFO - [2023-03-27 21:32:55,059] {dagbag.py:507} INFO - Filling up the DagBag from /Users/gabrielroger/Documents/projects/weather-data/.venv/lib/python3.9/site-packages/airflow/example_dags/example_skip_dag.py
[2023-03-27 21:32:55,066] {processor.py:651} INFO - DAG(s) dict_keys(['example_skip_dag']) retrieved from /Users/gabrielroger/Documents/projects/weather-data/.venv/lib/python3.9/site-packages/airflow/example_dags/example_skip_dag.py
[2023-03-27 21:32:55,095] {logging_mixin.py:115} INFO - [2023-03-27 21:32:55,095] {dag.py:2379} INFO - Sync 1 DAGs
[2023-03-27 21:32:55,102] {logging_mixin.py:115} INFO - [2023-03-27 21:32:55,102] {dag.py:2927} INFO - Setting next_dagrun for example_skip_dag to 2023-03-27T00:32:55.102681+00:00, run_after=2023-03-28T00:32:55.102681+00:00
[2023-03-27 21:32:55,108] {processor.py:161} INFO - Processing /Users/gabrielroger/Documents/projects/weather-data/.venv/lib/python3.9/site-packages/airflow/example_dags/example_skip_dag.py took 0.050 seconds
[2023-03-27 21:33:40,768] {processor.py:153} INFO - Started process (PID=8538) to work on /Users/gabrielroger/Documents/projects/weather-data/.venv/lib/python3.9/site-packages/airflow/example_dags/example_skip_dag.py
[2023-03-27 21:33:40,768] {processor.py:641} INFO - Processing file /Users/gabrielroger/Documents/projects/weather-data/.venv/lib/python3.9/site-packages/airflow/example_dags/example_skip_dag.py for tasks to queue
[2023-03-27 21:33:40,768] {logging_mixin.py:115} INFO - [2023-03-27 21:33:40,768] {dagbag.py:507} INFO - Filling up the DagBag from /Users/gabrielroger/Documents/projects/weather-data/.venv/lib/python3.9/site-packages/airflow/example_dags/example_skip_dag.py
[2023-03-27 21:33:40,776] {processor.py:651} INFO - DAG(s) dict_keys(['example_skip_dag']) retrieved from /Users/gabrielroger/Documents/projects/weather-data/.venv/lib/python3.9/site-packages/airflow/example_dags/example_skip_dag.py
[2023-03-27 21:33:40,813] {logging_mixin.py:115} INFO - [2023-03-27 21:33:40,813] {dag.py:2379} INFO - Sync 1 DAGs
[2023-03-27 21:33:40,820] {logging_mixin.py:115} INFO - [2023-03-27 21:33:40,820] {dag.py:2927} INFO - Setting next_dagrun for example_skip_dag to 2023-03-27T00:33:40.820185+00:00, run_after=2023-03-28T00:33:40.820185+00:00
[2023-03-27 21:33:40,826] {processor.py:161} INFO - Processing /Users/gabrielroger/Documents/projects/weather-data/.venv/lib/python3.9/site-packages/airflow/example_dags/example_skip_dag.py took 0.058 seconds
[2023-03-27 21:34:24,858] {processor.py:153} INFO - Started process (PID=8625) to work on /Users/gabrielroger/Documents/projects/weather-data/.venv/lib/python3.9/site-packages/airflow/example_dags/example_skip_dag.py
[2023-03-27 21:34:24,858] {processor.py:641} INFO - Processing file /Users/gabrielroger/Documents/projects/weather-data/.venv/lib/python3.9/site-packages/airflow/example_dags/example_skip_dag.py for tasks to queue
[2023-03-27 21:34:24,858] {logging_mixin.py:115} INFO - [2023-03-27 21:34:24,858] {dagbag.py:507} INFO - Filling up the DagBag from /Users/gabrielroger/Documents/projects/weather-data/.venv/lib/python3.9/site-packages/airflow/example_dags/example_skip_dag.py
[2023-03-27 21:34:24,865] {processor.py:651} INFO - DAG(s) dict_keys(['example_skip_dag']) retrieved from /Users/gabrielroger/Documents/projects/weather-data/.venv/lib/python3.9/site-packages/airflow/example_dags/example_skip_dag.py
[2023-03-27 21:34:24,896] {logging_mixin.py:115} INFO - [2023-03-27 21:34:24,896] {dag.py:2379} INFO - Sync 1 DAGs
[2023-03-27 21:34:24,902] {logging_mixin.py:115} INFO - [2023-03-27 21:34:24,902] {dag.py:2927} INFO - Setting next_dagrun for example_skip_dag to 2023-03-27T00:34:24.902837+00:00, run_after=2023-03-28T00:34:24.902837+00:00
[2023-03-27 21:34:24,908] {processor.py:161} INFO - Processing /Users/gabrielroger/Documents/projects/weather-data/.venv/lib/python3.9/site-packages/airflow/example_dags/example_skip_dag.py took 0.050 seconds
[2023-03-27 21:59:57,554] {processor.py:153} INFO - Started process (PID=8757) to work on /Users/gabrielroger/Documents/projects/weather-data/.venv/lib/python3.9/site-packages/airflow/example_dags/example_skip_dag.py
[2023-03-27 21:59:57,555] {processor.py:641} INFO - Processing file /Users/gabrielroger/Documents/projects/weather-data/.venv/lib/python3.9/site-packages/airflow/example_dags/example_skip_dag.py for tasks to queue
[2023-03-27 21:59:57,555] {logging_mixin.py:115} INFO - [2023-03-27 21:59:57,555] {dagbag.py:507} INFO - Filling up the DagBag from /Users/gabrielroger/Documents/projects/weather-data/.venv/lib/python3.9/site-packages/airflow/example_dags/example_skip_dag.py
[2023-03-27 21:59:57,561] {processor.py:651} INFO - DAG(s) dict_keys(['example_skip_dag']) retrieved from /Users/gabrielroger/Documents/projects/weather-data/.venv/lib/python3.9/site-packages/airflow/example_dags/example_skip_dag.py
[2023-03-27 21:59:57,591] {logging_mixin.py:115} INFO - [2023-03-27 21:59:57,591] {dag.py:2379} INFO - Sync 1 DAGs
[2023-03-27 21:59:57,597] {logging_mixin.py:115} INFO - [2023-03-27 21:59:57,597] {dag.py:2927} INFO - Setting next_dagrun for example_skip_dag to 2023-03-27T00:59:57.597716+00:00, run_after=2023-03-28T00:59:57.597716+00:00
[2023-03-27 21:59:57,603] {processor.py:161} INFO - Processing /Users/gabrielroger/Documents/projects/weather-data/.venv/lib/python3.9/site-packages/airflow/example_dags/example_skip_dag.py took 0.049 seconds
[2023-03-27 22:27:57,014] {processor.py:153} INFO - Started process (PID=8899) to work on /Users/gabrielroger/Documents/projects/weather-data/.venv/lib/python3.9/site-packages/airflow/example_dags/example_skip_dag.py
[2023-03-27 22:27:57,014] {processor.py:641} INFO - Processing file /Users/gabrielroger/Documents/projects/weather-data/.venv/lib/python3.9/site-packages/airflow/example_dags/example_skip_dag.py for tasks to queue
[2023-03-27 22:27:57,014] {logging_mixin.py:115} INFO - [2023-03-27 22:27:57,014] {dagbag.py:507} INFO - Filling up the DagBag from /Users/gabrielroger/Documents/projects/weather-data/.venv/lib/python3.9/site-packages/airflow/example_dags/example_skip_dag.py
[2023-03-27 22:27:57,022] {processor.py:651} INFO - DAG(s) dict_keys(['example_skip_dag']) retrieved from /Users/gabrielroger/Documents/projects/weather-data/.venv/lib/python3.9/site-packages/airflow/example_dags/example_skip_dag.py
[2023-03-27 22:27:57,065] {logging_mixin.py:115} INFO - [2023-03-27 22:27:57,065] {dag.py:2379} INFO - Sync 1 DAGs
[2023-03-27 22:27:57,077] {logging_mixin.py:115} INFO - [2023-03-27 22:27:57,077] {dag.py:2927} INFO - Setting next_dagrun for example_skip_dag to 2023-03-27T01:27:57.077408+00:00, run_after=2023-03-28T01:27:57.077408+00:00
[2023-03-27 22:27:57,083] {processor.py:161} INFO - Processing /Users/gabrielroger/Documents/projects/weather-data/.venv/lib/python3.9/site-packages/airflow/example_dags/example_skip_dag.py took 0.070 seconds
[2023-03-27 23:28:06,342] {processor.py:153} INFO - Started process (PID=9026) to work on /Users/gabrielroger/Documents/projects/weather-data/.venv/lib/python3.9/site-packages/airflow/example_dags/example_skip_dag.py
[2023-03-27 23:28:06,343] {processor.py:641} INFO - Processing file /Users/gabrielroger/Documents/projects/weather-data/.venv/lib/python3.9/site-packages/airflow/example_dags/example_skip_dag.py for tasks to queue
[2023-03-27 23:28:06,343] {logging_mixin.py:115} INFO - [2023-03-27 23:28:06,343] {dagbag.py:507} INFO - Filling up the DagBag from /Users/gabrielroger/Documents/projects/weather-data/.venv/lib/python3.9/site-packages/airflow/example_dags/example_skip_dag.py
[2023-03-27 23:28:06,350] {processor.py:651} INFO - DAG(s) dict_keys(['example_skip_dag']) retrieved from /Users/gabrielroger/Documents/projects/weather-data/.venv/lib/python3.9/site-packages/airflow/example_dags/example_skip_dag.py
[2023-03-27 23:28:06,380] {logging_mixin.py:115} INFO - [2023-03-27 23:28:06,380] {dag.py:2379} INFO - Sync 1 DAGs
[2023-03-27 23:28:06,386] {logging_mixin.py:115} INFO - [2023-03-27 23:28:06,386] {dag.py:2927} INFO - Setting next_dagrun for example_skip_dag to 2023-03-27T02:28:06.386494+00:00, run_after=2023-03-28T02:28:06.386494+00:00
[2023-03-27 23:28:06,391] {processor.py:161} INFO - Processing /Users/gabrielroger/Documents/projects/weather-data/.venv/lib/python3.9/site-packages/airflow/example_dags/example_skip_dag.py took 0.050 seconds
