[2023-03-27 21:10:10,205] {processor.py:153} INFO - Started process (PID=6094) to work on /Users/gabrielroger/Documents/projects/weather-data/.venv/lib/python3.9/site-packages/airflow/example_dags/example_kubernetes_executor.py
[2023-03-27 21:10:10,205] {processor.py:641} INFO - Processing file /Users/gabrielroger/Documents/projects/weather-data/.venv/lib/python3.9/site-packages/airflow/example_dags/example_kubernetes_executor.py for tasks to queue
[2023-03-27 21:10:10,205] {logging_mixin.py:115} INFO - [2023-03-27 21:10:10,205] {dagbag.py:507} INFO - Filling up the DagBag from /Users/gabrielroger/Documents/projects/weather-data/.venv/lib/python3.9/site-packages/airflow/example_dags/example_kubernetes_executor.py
[2023-03-27 21:10:10,218] {logging_mixin.py:115} INFO - [2023-03-27 21:10:10,218] {example_kubernetes_executor.py:39} WARNING - The example_kubernetes_executor example DAG requires the kubernetes provider. Please install it with: pip install apache-airflow[cncf.kubernetes]
[2023-03-27 21:10:10,218] {processor.py:653} WARNING - No viable dags retrieved from /Users/gabrielroger/Documents/projects/weather-data/.venv/lib/python3.9/site-packages/airflow/example_dags/example_kubernetes_executor.py
[2023-03-27 21:10:10,239] {processor.py:161} INFO - Processing /Users/gabrielroger/Documents/projects/weather-data/.venv/lib/python3.9/site-packages/airflow/example_dags/example_kubernetes_executor.py took 0.034 seconds
[2023-03-27 21:11:01,614] {processor.py:153} INFO - Started process (PID=6184) to work on /Users/gabrielroger/Documents/projects/weather-data/.venv/lib/python3.9/site-packages/airflow/example_dags/example_kubernetes_executor.py
[2023-03-27 21:11:01,615] {processor.py:641} INFO - Processing file /Users/gabrielroger/Documents/projects/weather-data/.venv/lib/python3.9/site-packages/airflow/example_dags/example_kubernetes_executor.py for tasks to queue
[2023-03-27 21:11:01,615] {logging_mixin.py:115} INFO - [2023-03-27 21:11:01,615] {dagbag.py:507} INFO - Filling up the DagBag from /Users/gabrielroger/Documents/projects/weather-data/.venv/lib/python3.9/site-packages/airflow/example_dags/example_kubernetes_executor.py
[2023-03-27 21:11:01,628] {logging_mixin.py:115} INFO - [2023-03-27 21:11:01,628] {example_kubernetes_executor.py:39} WARNING - The example_kubernetes_executor example DAG requires the kubernetes provider. Please install it with: pip install apache-airflow[cncf.kubernetes]
[2023-03-27 21:11:01,628] {processor.py:653} WARNING - No viable dags retrieved from /Users/gabrielroger/Documents/projects/weather-data/.venv/lib/python3.9/site-packages/airflow/example_dags/example_kubernetes_executor.py
[2023-03-27 21:11:01,648] {processor.py:161} INFO - Processing /Users/gabrielroger/Documents/projects/weather-data/.venv/lib/python3.9/site-packages/airflow/example_dags/example_kubernetes_executor.py took 0.034 seconds
[2023-03-27 21:11:53,219] {processor.py:153} INFO - Started process (PID=6272) to work on /Users/gabrielroger/Documents/projects/weather-data/.venv/lib/python3.9/site-packages/airflow/example_dags/example_kubernetes_executor.py
[2023-03-27 21:11:53,220] {processor.py:641} INFO - Processing file /Users/gabrielroger/Documents/projects/weather-data/.venv/lib/python3.9/site-packages/airflow/example_dags/example_kubernetes_executor.py for tasks to queue
[2023-03-27 21:11:53,220] {logging_mixin.py:115} INFO - [2023-03-27 21:11:53,220] {dagbag.py:507} INFO - Filling up the DagBag from /Users/gabrielroger/Documents/projects/weather-data/.venv/lib/python3.9/site-packages/airflow/example_dags/example_kubernetes_executor.py
[2023-03-27 21:11:53,233] {logging_mixin.py:115} INFO - [2023-03-27 21:11:53,233] {example_kubernetes_executor.py:39} WARNING - The example_kubernetes_executor example DAG requires the kubernetes provider. Please install it with: pip install apache-airflow[cncf.kubernetes]
[2023-03-27 21:11:53,233] {processor.py:653} WARNING - No viable dags retrieved from /Users/gabrielroger/Documents/projects/weather-data/.venv/lib/python3.9/site-packages/airflow/example_dags/example_kubernetes_executor.py
[2023-03-27 21:11:53,252] {processor.py:161} INFO - Processing /Users/gabrielroger/Documents/projects/weather-data/.venv/lib/python3.9/site-packages/airflow/example_dags/example_kubernetes_executor.py took 0.034 seconds
[2023-03-27 21:13:04,026] {processor.py:153} INFO - Started process (PID=6385) to work on /Users/gabrielroger/Documents/projects/weather-data/.venv/lib/python3.9/site-packages/airflow/example_dags/example_kubernetes_executor.py
[2023-03-27 21:13:04,027] {processor.py:641} INFO - Processing file /Users/gabrielroger/Documents/projects/weather-data/.venv/lib/python3.9/site-packages/airflow/example_dags/example_kubernetes_executor.py for tasks to queue
[2023-03-27 21:13:04,027] {logging_mixin.py:115} INFO - [2023-03-27 21:13:04,027] {dagbag.py:507} INFO - Filling up the DagBag from /Users/gabrielroger/Documents/projects/weather-data/.venv/lib/python3.9/site-packages/airflow/example_dags/example_kubernetes_executor.py
[2023-03-27 21:13:04,040] {logging_mixin.py:115} INFO - [2023-03-27 21:13:04,040] {example_kubernetes_executor.py:39} WARNING - The example_kubernetes_executor example DAG requires the kubernetes provider. Please install it with: pip install apache-airflow[cncf.kubernetes]
[2023-03-27 21:13:04,040] {processor.py:653} WARNING - No viable dags retrieved from /Users/gabrielroger/Documents/projects/weather-data/.venv/lib/python3.9/site-packages/airflow/example_dags/example_kubernetes_executor.py
[2023-03-27 21:13:04,059] {processor.py:161} INFO - Processing /Users/gabrielroger/Documents/projects/weather-data/.venv/lib/python3.9/site-packages/airflow/example_dags/example_kubernetes_executor.py took 0.034 seconds
[2023-03-27 21:14:10,733] {processor.py:153} INFO - Started process (PID=6500) to work on /Users/gabrielroger/Documents/projects/weather-data/.venv/lib/python3.9/site-packages/airflow/example_dags/example_kubernetes_executor.py
[2023-03-27 21:14:10,733] {processor.py:641} INFO - Processing file /Users/gabrielroger/Documents/projects/weather-data/.venv/lib/python3.9/site-packages/airflow/example_dags/example_kubernetes_executor.py for tasks to queue
[2023-03-27 21:14:10,733] {logging_mixin.py:115} INFO - [2023-03-27 21:14:10,733] {dagbag.py:507} INFO - Filling up the DagBag from /Users/gabrielroger/Documents/projects/weather-data/.venv/lib/python3.9/site-packages/airflow/example_dags/example_kubernetes_executor.py
[2023-03-27 21:14:10,746] {logging_mixin.py:115} INFO - [2023-03-27 21:14:10,746] {example_kubernetes_executor.py:39} WARNING - The example_kubernetes_executor example DAG requires the kubernetes provider. Please install it with: pip install apache-airflow[cncf.kubernetes]
[2023-03-27 21:14:10,747] {processor.py:653} WARNING - No viable dags retrieved from /Users/gabrielroger/Documents/projects/weather-data/.venv/lib/python3.9/site-packages/airflow/example_dags/example_kubernetes_executor.py
[2023-03-27 21:14:10,766] {processor.py:161} INFO - Processing /Users/gabrielroger/Documents/projects/weather-data/.venv/lib/python3.9/site-packages/airflow/example_dags/example_kubernetes_executor.py took 0.034 seconds
[2023-03-27 21:15:08,927] {processor.py:153} INFO - Started process (PID=6598) to work on /Users/gabrielroger/Documents/projects/weather-data/.venv/lib/python3.9/site-packages/airflow/example_dags/example_kubernetes_executor.py
[2023-03-27 21:15:08,928] {processor.py:641} INFO - Processing file /Users/gabrielroger/Documents/projects/weather-data/.venv/lib/python3.9/site-packages/airflow/example_dags/example_kubernetes_executor.py for tasks to queue
[2023-03-27 21:15:08,928] {logging_mixin.py:115} INFO - [2023-03-27 21:15:08,928] {dagbag.py:507} INFO - Filling up the DagBag from /Users/gabrielroger/Documents/projects/weather-data/.venv/lib/python3.9/site-packages/airflow/example_dags/example_kubernetes_executor.py
[2023-03-27 21:15:08,941] {logging_mixin.py:115} INFO - [2023-03-27 21:15:08,941] {example_kubernetes_executor.py:39} WARNING - The example_kubernetes_executor example DAG requires the kubernetes provider. Please install it with: pip install apache-airflow[cncf.kubernetes]
[2023-03-27 21:15:08,941] {processor.py:653} WARNING - No viable dags retrieved from /Users/gabrielroger/Documents/projects/weather-data/.venv/lib/python3.9/site-packages/airflow/example_dags/example_kubernetes_executor.py
[2023-03-27 21:15:08,960] {processor.py:161} INFO - Processing /Users/gabrielroger/Documents/projects/weather-data/.venv/lib/python3.9/site-packages/airflow/example_dags/example_kubernetes_executor.py took 0.034 seconds
[2023-03-27 21:16:15,213] {processor.py:153} INFO - Started process (PID=6707) to work on /Users/gabrielroger/Documents/projects/weather-data/.venv/lib/python3.9/site-packages/airflow/example_dags/example_kubernetes_executor.py
[2023-03-27 21:16:15,214] {processor.py:641} INFO - Processing file /Users/gabrielroger/Documents/projects/weather-data/.venv/lib/python3.9/site-packages/airflow/example_dags/example_kubernetes_executor.py for tasks to queue
[2023-03-27 21:16:15,214] {logging_mixin.py:115} INFO - [2023-03-27 21:16:15,214] {dagbag.py:507} INFO - Filling up the DagBag from /Users/gabrielroger/Documents/projects/weather-data/.venv/lib/python3.9/site-packages/airflow/example_dags/example_kubernetes_executor.py
[2023-03-27 21:16:15,227] {logging_mixin.py:115} INFO - [2023-03-27 21:16:15,227] {example_kubernetes_executor.py:39} WARNING - The example_kubernetes_executor example DAG requires the kubernetes provider. Please install it with: pip install apache-airflow[cncf.kubernetes]
[2023-03-27 21:16:15,227] {processor.py:653} WARNING - No viable dags retrieved from /Users/gabrielroger/Documents/projects/weather-data/.venv/lib/python3.9/site-packages/airflow/example_dags/example_kubernetes_executor.py
[2023-03-27 21:16:15,246] {processor.py:161} INFO - Processing /Users/gabrielroger/Documents/projects/weather-data/.venv/lib/python3.9/site-packages/airflow/example_dags/example_kubernetes_executor.py took 0.034 seconds
[2023-03-27 21:17:20,283] {processor.py:153} INFO - Started process (PID=6814) to work on /Users/gabrielroger/Documents/projects/weather-data/.venv/lib/python3.9/site-packages/airflow/example_dags/example_kubernetes_executor.py
[2023-03-27 21:17:20,283] {processor.py:641} INFO - Processing file /Users/gabrielroger/Documents/projects/weather-data/.venv/lib/python3.9/site-packages/airflow/example_dags/example_kubernetes_executor.py for tasks to queue
[2023-03-27 21:17:20,283] {logging_mixin.py:115} INFO - [2023-03-27 21:17:20,283] {dagbag.py:507} INFO - Filling up the DagBag from /Users/gabrielroger/Documents/projects/weather-data/.venv/lib/python3.9/site-packages/airflow/example_dags/example_kubernetes_executor.py
[2023-03-27 21:17:20,295] {logging_mixin.py:115} INFO - [2023-03-27 21:17:20,295] {example_kubernetes_executor.py:39} WARNING - The example_kubernetes_executor example DAG requires the kubernetes provider. Please install it with: pip install apache-airflow[cncf.kubernetes]
[2023-03-27 21:17:20,295] {processor.py:653} WARNING - No viable dags retrieved from /Users/gabrielroger/Documents/projects/weather-data/.venv/lib/python3.9/site-packages/airflow/example_dags/example_kubernetes_executor.py
[2023-03-27 21:17:20,314] {processor.py:161} INFO - Processing /Users/gabrielroger/Documents/projects/weather-data/.venv/lib/python3.9/site-packages/airflow/example_dags/example_kubernetes_executor.py took 0.032 seconds
[2023-03-27 21:18:24,358] {processor.py:153} INFO - Started process (PID=6921) to work on /Users/gabrielroger/Documents/projects/weather-data/.venv/lib/python3.9/site-packages/airflow/example_dags/example_kubernetes_executor.py
[2023-03-27 21:18:24,359] {processor.py:641} INFO - Processing file /Users/gabrielroger/Documents/projects/weather-data/.venv/lib/python3.9/site-packages/airflow/example_dags/example_kubernetes_executor.py for tasks to queue
[2023-03-27 21:18:24,359] {logging_mixin.py:115} INFO - [2023-03-27 21:18:24,359] {dagbag.py:507} INFO - Filling up the DagBag from /Users/gabrielroger/Documents/projects/weather-data/.venv/lib/python3.9/site-packages/airflow/example_dags/example_kubernetes_executor.py
[2023-03-27 21:18:24,372] {logging_mixin.py:115} INFO - [2023-03-27 21:18:24,372] {example_kubernetes_executor.py:39} WARNING - The example_kubernetes_executor example DAG requires the kubernetes provider. Please install it with: pip install apache-airflow[cncf.kubernetes]
[2023-03-27 21:18:24,372] {processor.py:653} WARNING - No viable dags retrieved from /Users/gabrielroger/Documents/projects/weather-data/.venv/lib/python3.9/site-packages/airflow/example_dags/example_kubernetes_executor.py
[2023-03-27 21:18:24,392] {processor.py:161} INFO - Processing /Users/gabrielroger/Documents/projects/weather-data/.venv/lib/python3.9/site-packages/airflow/example_dags/example_kubernetes_executor.py took 0.034 seconds
[2023-03-27 21:19:29,654] {processor.py:153} INFO - Started process (PID=7036) to work on /Users/gabrielroger/Documents/projects/weather-data/.venv/lib/python3.9/site-packages/airflow/example_dags/example_kubernetes_executor.py
[2023-03-27 21:19:29,655] {processor.py:641} INFO - Processing file /Users/gabrielroger/Documents/projects/weather-data/.venv/lib/python3.9/site-packages/airflow/example_dags/example_kubernetes_executor.py for tasks to queue
[2023-03-27 21:19:29,655] {logging_mixin.py:115} INFO - [2023-03-27 21:19:29,655] {dagbag.py:507} INFO - Filling up the DagBag from /Users/gabrielroger/Documents/projects/weather-data/.venv/lib/python3.9/site-packages/airflow/example_dags/example_kubernetes_executor.py
[2023-03-27 21:19:29,667] {logging_mixin.py:115} INFO - [2023-03-27 21:19:29,667] {example_kubernetes_executor.py:39} WARNING - The example_kubernetes_executor example DAG requires the kubernetes provider. Please install it with: pip install apache-airflow[cncf.kubernetes]
[2023-03-27 21:19:29,668] {processor.py:653} WARNING - No viable dags retrieved from /Users/gabrielroger/Documents/projects/weather-data/.venv/lib/python3.9/site-packages/airflow/example_dags/example_kubernetes_executor.py
[2023-03-27 21:19:29,686] {processor.py:161} INFO - Processing /Users/gabrielroger/Documents/projects/weather-data/.venv/lib/python3.9/site-packages/airflow/example_dags/example_kubernetes_executor.py took 0.033 seconds
[2023-03-27 21:20:37,883] {processor.py:153} INFO - Started process (PID=7147) to work on /Users/gabrielroger/Documents/projects/weather-data/.venv/lib/python3.9/site-packages/airflow/example_dags/example_kubernetes_executor.py
[2023-03-27 21:20:37,883] {processor.py:641} INFO - Processing file /Users/gabrielroger/Documents/projects/weather-data/.venv/lib/python3.9/site-packages/airflow/example_dags/example_kubernetes_executor.py for tasks to queue
[2023-03-27 21:20:37,883] {logging_mixin.py:115} INFO - [2023-03-27 21:20:37,883] {dagbag.py:507} INFO - Filling up the DagBag from /Users/gabrielroger/Documents/projects/weather-data/.venv/lib/python3.9/site-packages/airflow/example_dags/example_kubernetes_executor.py
[2023-03-27 21:20:37,896] {logging_mixin.py:115} INFO - [2023-03-27 21:20:37,896] {example_kubernetes_executor.py:39} WARNING - The example_kubernetes_executor example DAG requires the kubernetes provider. Please install it with: pip install apache-airflow[cncf.kubernetes]
[2023-03-27 21:20:37,896] {processor.py:653} WARNING - No viable dags retrieved from /Users/gabrielroger/Documents/projects/weather-data/.venv/lib/python3.9/site-packages/airflow/example_dags/example_kubernetes_executor.py
[2023-03-27 21:20:37,915] {processor.py:161} INFO - Processing /Users/gabrielroger/Documents/projects/weather-data/.venv/lib/python3.9/site-packages/airflow/example_dags/example_kubernetes_executor.py took 0.033 seconds
[2023-03-27 21:21:44,416] {processor.py:153} INFO - Started process (PID=7257) to work on /Users/gabrielroger/Documents/projects/weather-data/.venv/lib/python3.9/site-packages/airflow/example_dags/example_kubernetes_executor.py
[2023-03-27 21:21:44,416] {processor.py:641} INFO - Processing file /Users/gabrielroger/Documents/projects/weather-data/.venv/lib/python3.9/site-packages/airflow/example_dags/example_kubernetes_executor.py for tasks to queue
[2023-03-27 21:21:44,416] {logging_mixin.py:115} INFO - [2023-03-27 21:21:44,416] {dagbag.py:507} INFO - Filling up the DagBag from /Users/gabrielroger/Documents/projects/weather-data/.venv/lib/python3.9/site-packages/airflow/example_dags/example_kubernetes_executor.py
[2023-03-27 21:21:44,429] {logging_mixin.py:115} INFO - [2023-03-27 21:21:44,429] {example_kubernetes_executor.py:39} WARNING - The example_kubernetes_executor example DAG requires the kubernetes provider. Please install it with: pip install apache-airflow[cncf.kubernetes]
[2023-03-27 21:21:44,429] {processor.py:653} WARNING - No viable dags retrieved from /Users/gabrielroger/Documents/projects/weather-data/.venv/lib/python3.9/site-packages/airflow/example_dags/example_kubernetes_executor.py
[2023-03-27 21:21:44,448] {processor.py:161} INFO - Processing /Users/gabrielroger/Documents/projects/weather-data/.venv/lib/python3.9/site-packages/airflow/example_dags/example_kubernetes_executor.py took 0.032 seconds
[2023-03-27 21:22:52,882] {processor.py:153} INFO - Started process (PID=7370) to work on /Users/gabrielroger/Documents/projects/weather-data/.venv/lib/python3.9/site-packages/airflow/example_dags/example_kubernetes_executor.py
[2023-03-27 21:22:52,883] {processor.py:641} INFO - Processing file /Users/gabrielroger/Documents/projects/weather-data/.venv/lib/python3.9/site-packages/airflow/example_dags/example_kubernetes_executor.py for tasks to queue
[2023-03-27 21:22:52,883] {logging_mixin.py:115} INFO - [2023-03-27 21:22:52,883] {dagbag.py:507} INFO - Filling up the DagBag from /Users/gabrielroger/Documents/projects/weather-data/.venv/lib/python3.9/site-packages/airflow/example_dags/example_kubernetes_executor.py
[2023-03-27 21:22:52,895] {logging_mixin.py:115} INFO - [2023-03-27 21:22:52,895] {example_kubernetes_executor.py:39} WARNING - The example_kubernetes_executor example DAG requires the kubernetes provider. Please install it with: pip install apache-airflow[cncf.kubernetes]
[2023-03-27 21:22:52,895] {processor.py:653} WARNING - No viable dags retrieved from /Users/gabrielroger/Documents/projects/weather-data/.venv/lib/python3.9/site-packages/airflow/example_dags/example_kubernetes_executor.py
[2023-03-27 21:22:52,914] {processor.py:161} INFO - Processing /Users/gabrielroger/Documents/projects/weather-data/.venv/lib/python3.9/site-packages/airflow/example_dags/example_kubernetes_executor.py took 0.032 seconds
[2023-03-27 21:23:58,072] {processor.py:153} INFO - Started process (PID=7483) to work on /Users/gabrielroger/Documents/projects/weather-data/.venv/lib/python3.9/site-packages/airflow/example_dags/example_kubernetes_executor.py
[2023-03-27 21:23:58,073] {processor.py:641} INFO - Processing file /Users/gabrielroger/Documents/projects/weather-data/.venv/lib/python3.9/site-packages/airflow/example_dags/example_kubernetes_executor.py for tasks to queue
[2023-03-27 21:23:58,073] {logging_mixin.py:115} INFO - [2023-03-27 21:23:58,073] {dagbag.py:507} INFO - Filling up the DagBag from /Users/gabrielroger/Documents/projects/weather-data/.venv/lib/python3.9/site-packages/airflow/example_dags/example_kubernetes_executor.py
[2023-03-27 21:23:58,086] {logging_mixin.py:115} INFO - [2023-03-27 21:23:58,086] {example_kubernetes_executor.py:39} WARNING - The example_kubernetes_executor example DAG requires the kubernetes provider. Please install it with: pip install apache-airflow[cncf.kubernetes]
[2023-03-27 21:23:58,086] {processor.py:653} WARNING - No viable dags retrieved from /Users/gabrielroger/Documents/projects/weather-data/.venv/lib/python3.9/site-packages/airflow/example_dags/example_kubernetes_executor.py
[2023-03-27 21:23:58,106] {processor.py:161} INFO - Processing /Users/gabrielroger/Documents/projects/weather-data/.venv/lib/python3.9/site-packages/airflow/example_dags/example_kubernetes_executor.py took 0.035 seconds
[2023-03-27 21:25:03,930] {processor.py:153} INFO - Started process (PID=7621) to work on /Users/gabrielroger/Documents/projects/weather-data/.venv/lib/python3.9/site-packages/airflow/example_dags/example_kubernetes_executor.py
[2023-03-27 21:25:03,930] {processor.py:641} INFO - Processing file /Users/gabrielroger/Documents/projects/weather-data/.venv/lib/python3.9/site-packages/airflow/example_dags/example_kubernetes_executor.py for tasks to queue
[2023-03-27 21:25:03,931] {logging_mixin.py:115} INFO - [2023-03-27 21:25:03,931] {dagbag.py:507} INFO - Filling up the DagBag from /Users/gabrielroger/Documents/projects/weather-data/.venv/lib/python3.9/site-packages/airflow/example_dags/example_kubernetes_executor.py
[2023-03-27 21:25:03,943] {logging_mixin.py:115} INFO - [2023-03-27 21:25:03,943] {example_kubernetes_executor.py:39} WARNING - The example_kubernetes_executor example DAG requires the kubernetes provider. Please install it with: pip install apache-airflow[cncf.kubernetes]
[2023-03-27 21:25:03,943] {processor.py:653} WARNING - No viable dags retrieved from /Users/gabrielroger/Documents/projects/weather-data/.venv/lib/python3.9/site-packages/airflow/example_dags/example_kubernetes_executor.py
[2023-03-27 21:25:03,962] {processor.py:161} INFO - Processing /Users/gabrielroger/Documents/projects/weather-data/.venv/lib/python3.9/site-packages/airflow/example_dags/example_kubernetes_executor.py took 0.033 seconds
[2023-03-27 21:26:09,276] {processor.py:153} INFO - Started process (PID=7742) to work on /Users/gabrielroger/Documents/projects/weather-data/.venv/lib/python3.9/site-packages/airflow/example_dags/example_kubernetes_executor.py
[2023-03-27 21:26:09,276] {processor.py:641} INFO - Processing file /Users/gabrielroger/Documents/projects/weather-data/.venv/lib/python3.9/site-packages/airflow/example_dags/example_kubernetes_executor.py for tasks to queue
[2023-03-27 21:26:09,276] {logging_mixin.py:115} INFO - [2023-03-27 21:26:09,276] {dagbag.py:507} INFO - Filling up the DagBag from /Users/gabrielroger/Documents/projects/weather-data/.venv/lib/python3.9/site-packages/airflow/example_dags/example_kubernetes_executor.py
[2023-03-27 21:26:09,289] {logging_mixin.py:115} INFO - [2023-03-27 21:26:09,289] {example_kubernetes_executor.py:39} WARNING - The example_kubernetes_executor example DAG requires the kubernetes provider. Please install it with: pip install apache-airflow[cncf.kubernetes]
[2023-03-27 21:26:09,289] {processor.py:653} WARNING - No viable dags retrieved from /Users/gabrielroger/Documents/projects/weather-data/.venv/lib/python3.9/site-packages/airflow/example_dags/example_kubernetes_executor.py
[2023-03-27 21:26:09,308] {processor.py:161} INFO - Processing /Users/gabrielroger/Documents/projects/weather-data/.venv/lib/python3.9/site-packages/airflow/example_dags/example_kubernetes_executor.py took 0.032 seconds
[2023-03-27 21:27:18,724] {processor.py:153} INFO - Started process (PID=7855) to work on /Users/gabrielroger/Documents/projects/weather-data/.venv/lib/python3.9/site-packages/airflow/example_dags/example_kubernetes_executor.py
[2023-03-27 21:27:18,725] {processor.py:641} INFO - Processing file /Users/gabrielroger/Documents/projects/weather-data/.venv/lib/python3.9/site-packages/airflow/example_dags/example_kubernetes_executor.py for tasks to queue
[2023-03-27 21:27:18,725] {logging_mixin.py:115} INFO - [2023-03-27 21:27:18,725] {dagbag.py:507} INFO - Filling up the DagBag from /Users/gabrielroger/Documents/projects/weather-data/.venv/lib/python3.9/site-packages/airflow/example_dags/example_kubernetes_executor.py
[2023-03-27 21:27:18,737] {logging_mixin.py:115} INFO - [2023-03-27 21:27:18,737] {example_kubernetes_executor.py:39} WARNING - The example_kubernetes_executor example DAG requires the kubernetes provider. Please install it with: pip install apache-airflow[cncf.kubernetes]
[2023-03-27 21:27:18,737] {processor.py:653} WARNING - No viable dags retrieved from /Users/gabrielroger/Documents/projects/weather-data/.venv/lib/python3.9/site-packages/airflow/example_dags/example_kubernetes_executor.py
[2023-03-27 21:27:18,756] {processor.py:161} INFO - Processing /Users/gabrielroger/Documents/projects/weather-data/.venv/lib/python3.9/site-packages/airflow/example_dags/example_kubernetes_executor.py took 0.032 seconds
[2023-03-27 21:28:22,300] {processor.py:153} INFO - Started process (PID=7964) to work on /Users/gabrielroger/Documents/projects/weather-data/.venv/lib/python3.9/site-packages/airflow/example_dags/example_kubernetes_executor.py
[2023-03-27 21:28:22,300] {processor.py:641} INFO - Processing file /Users/gabrielroger/Documents/projects/weather-data/.venv/lib/python3.9/site-packages/airflow/example_dags/example_kubernetes_executor.py for tasks to queue
[2023-03-27 21:28:22,300] {logging_mixin.py:115} INFO - [2023-03-27 21:28:22,300] {dagbag.py:507} INFO - Filling up the DagBag from /Users/gabrielroger/Documents/projects/weather-data/.venv/lib/python3.9/site-packages/airflow/example_dags/example_kubernetes_executor.py
[2023-03-27 21:28:22,313] {logging_mixin.py:115} INFO - [2023-03-27 21:28:22,313] {example_kubernetes_executor.py:39} WARNING - The example_kubernetes_executor example DAG requires the kubernetes provider. Please install it with: pip install apache-airflow[cncf.kubernetes]
[2023-03-27 21:28:22,313] {processor.py:653} WARNING - No viable dags retrieved from /Users/gabrielroger/Documents/projects/weather-data/.venv/lib/python3.9/site-packages/airflow/example_dags/example_kubernetes_executor.py
[2023-03-27 21:28:22,331] {processor.py:161} INFO - Processing /Users/gabrielroger/Documents/projects/weather-data/.venv/lib/python3.9/site-packages/airflow/example_dags/example_kubernetes_executor.py took 0.032 seconds
[2023-03-27 21:29:25,408] {processor.py:153} INFO - Started process (PID=8083) to work on /Users/gabrielroger/Documents/projects/weather-data/.venv/lib/python3.9/site-packages/airflow/example_dags/example_kubernetes_executor.py
[2023-03-27 21:29:25,408] {processor.py:641} INFO - Processing file /Users/gabrielroger/Documents/projects/weather-data/.venv/lib/python3.9/site-packages/airflow/example_dags/example_kubernetes_executor.py for tasks to queue
[2023-03-27 21:29:25,408] {logging_mixin.py:115} INFO - [2023-03-27 21:29:25,408] {dagbag.py:507} INFO - Filling up the DagBag from /Users/gabrielroger/Documents/projects/weather-data/.venv/lib/python3.9/site-packages/airflow/example_dags/example_kubernetes_executor.py
[2023-03-27 21:29:25,421] {logging_mixin.py:115} INFO - [2023-03-27 21:29:25,421] {example_kubernetes_executor.py:39} WARNING - The example_kubernetes_executor example DAG requires the kubernetes provider. Please install it with: pip install apache-airflow[cncf.kubernetes]
[2023-03-27 21:29:25,421] {processor.py:653} WARNING - No viable dags retrieved from /Users/gabrielroger/Documents/projects/weather-data/.venv/lib/python3.9/site-packages/airflow/example_dags/example_kubernetes_executor.py
[2023-03-27 21:29:25,440] {processor.py:161} INFO - Processing /Users/gabrielroger/Documents/projects/weather-data/.venv/lib/python3.9/site-packages/airflow/example_dags/example_kubernetes_executor.py took 0.032 seconds
[2023-03-27 21:30:29,773] {processor.py:153} INFO - Started process (PID=8224) to work on /Users/gabrielroger/Documents/projects/weather-data/.venv/lib/python3.9/site-packages/airflow/example_dags/example_kubernetes_executor.py
[2023-03-27 21:30:29,774] {processor.py:641} INFO - Processing file /Users/gabrielroger/Documents/projects/weather-data/.venv/lib/python3.9/site-packages/airflow/example_dags/example_kubernetes_executor.py for tasks to queue
[2023-03-27 21:30:29,774] {logging_mixin.py:115} INFO - [2023-03-27 21:30:29,774] {dagbag.py:507} INFO - Filling up the DagBag from /Users/gabrielroger/Documents/projects/weather-data/.venv/lib/python3.9/site-packages/airflow/example_dags/example_kubernetes_executor.py
[2023-03-27 21:30:29,787] {logging_mixin.py:115} INFO - [2023-03-27 21:30:29,787] {example_kubernetes_executor.py:39} WARNING - The example_kubernetes_executor example DAG requires the kubernetes provider. Please install it with: pip install apache-airflow[cncf.kubernetes]
[2023-03-27 21:30:29,787] {processor.py:653} WARNING - No viable dags retrieved from /Users/gabrielroger/Documents/projects/weather-data/.venv/lib/python3.9/site-packages/airflow/example_dags/example_kubernetes_executor.py
[2023-03-27 21:30:29,806] {processor.py:161} INFO - Processing /Users/gabrielroger/Documents/projects/weather-data/.venv/lib/python3.9/site-packages/airflow/example_dags/example_kubernetes_executor.py took 0.033 seconds
[2023-03-27 21:31:33,950] {processor.py:153} INFO - Started process (PID=8330) to work on /Users/gabrielroger/Documents/projects/weather-data/.venv/lib/python3.9/site-packages/airflow/example_dags/example_kubernetes_executor.py
[2023-03-27 21:31:33,950] {processor.py:641} INFO - Processing file /Users/gabrielroger/Documents/projects/weather-data/.venv/lib/python3.9/site-packages/airflow/example_dags/example_kubernetes_executor.py for tasks to queue
[2023-03-27 21:31:33,950] {logging_mixin.py:115} INFO - [2023-03-27 21:31:33,950] {dagbag.py:507} INFO - Filling up the DagBag from /Users/gabrielroger/Documents/projects/weather-data/.venv/lib/python3.9/site-packages/airflow/example_dags/example_kubernetes_executor.py
[2023-03-27 21:31:33,963] {logging_mixin.py:115} INFO - [2023-03-27 21:31:33,963] {example_kubernetes_executor.py:39} WARNING - The example_kubernetes_executor example DAG requires the kubernetes provider. Please install it with: pip install apache-airflow[cncf.kubernetes]
[2023-03-27 21:31:33,963] {processor.py:653} WARNING - No viable dags retrieved from /Users/gabrielroger/Documents/projects/weather-data/.venv/lib/python3.9/site-packages/airflow/example_dags/example_kubernetes_executor.py
[2023-03-27 21:31:33,982] {processor.py:161} INFO - Processing /Users/gabrielroger/Documents/projects/weather-data/.venv/lib/python3.9/site-packages/airflow/example_dags/example_kubernetes_executor.py took 0.033 seconds
[2023-03-27 21:32:40,096] {processor.py:153} INFO - Started process (PID=8440) to work on /Users/gabrielroger/Documents/projects/weather-data/.venv/lib/python3.9/site-packages/airflow/example_dags/example_kubernetes_executor.py
[2023-03-27 21:32:40,096] {processor.py:641} INFO - Processing file /Users/gabrielroger/Documents/projects/weather-data/.venv/lib/python3.9/site-packages/airflow/example_dags/example_kubernetes_executor.py for tasks to queue
[2023-03-27 21:32:40,096] {logging_mixin.py:115} INFO - [2023-03-27 21:32:40,096] {dagbag.py:507} INFO - Filling up the DagBag from /Users/gabrielroger/Documents/projects/weather-data/.venv/lib/python3.9/site-packages/airflow/example_dags/example_kubernetes_executor.py
[2023-03-27 21:32:40,109] {logging_mixin.py:115} INFO - [2023-03-27 21:32:40,109] {example_kubernetes_executor.py:39} WARNING - The example_kubernetes_executor example DAG requires the kubernetes provider. Please install it with: pip install apache-airflow[cncf.kubernetes]
[2023-03-27 21:32:40,109] {processor.py:653} WARNING - No viable dags retrieved from /Users/gabrielroger/Documents/projects/weather-data/.venv/lib/python3.9/site-packages/airflow/example_dags/example_kubernetes_executor.py
[2023-03-27 21:32:40,128] {processor.py:161} INFO - Processing /Users/gabrielroger/Documents/projects/weather-data/.venv/lib/python3.9/site-packages/airflow/example_dags/example_kubernetes_executor.py took 0.032 seconds
[2023-03-27 21:33:47,852] {processor.py:153} INFO - Started process (PID=8556) to work on /Users/gabrielroger/Documents/projects/weather-data/.venv/lib/python3.9/site-packages/airflow/example_dags/example_kubernetes_executor.py
[2023-03-27 21:33:47,852] {processor.py:641} INFO - Processing file /Users/gabrielroger/Documents/projects/weather-data/.venv/lib/python3.9/site-packages/airflow/example_dags/example_kubernetes_executor.py for tasks to queue
[2023-03-27 21:33:47,852] {logging_mixin.py:115} INFO - [2023-03-27 21:33:47,852] {dagbag.py:507} INFO - Filling up the DagBag from /Users/gabrielroger/Documents/projects/weather-data/.venv/lib/python3.9/site-packages/airflow/example_dags/example_kubernetes_executor.py
[2023-03-27 21:33:47,865] {logging_mixin.py:115} INFO - [2023-03-27 21:33:47,865] {example_kubernetes_executor.py:39} WARNING - The example_kubernetes_executor example DAG requires the kubernetes provider. Please install it with: pip install apache-airflow[cncf.kubernetes]
[2023-03-27 21:33:47,865] {processor.py:653} WARNING - No viable dags retrieved from /Users/gabrielroger/Documents/projects/weather-data/.venv/lib/python3.9/site-packages/airflow/example_dags/example_kubernetes_executor.py
[2023-03-27 21:33:47,884] {processor.py:161} INFO - Processing /Users/gabrielroger/Documents/projects/weather-data/.venv/lib/python3.9/site-packages/airflow/example_dags/example_kubernetes_executor.py took 0.032 seconds
[2023-03-27 21:59:29,884] {processor.py:153} INFO - Started process (PID=8706) to work on /Users/gabrielroger/Documents/projects/weather-data/.venv/lib/python3.9/site-packages/airflow/example_dags/example_kubernetes_executor.py
[2023-03-27 21:59:29,885] {processor.py:641} INFO - Processing file /Users/gabrielroger/Documents/projects/weather-data/.venv/lib/python3.9/site-packages/airflow/example_dags/example_kubernetes_executor.py for tasks to queue
[2023-03-27 21:59:29,885] {logging_mixin.py:115} INFO - [2023-03-27 21:59:29,885] {dagbag.py:507} INFO - Filling up the DagBag from /Users/gabrielroger/Documents/projects/weather-data/.venv/lib/python3.9/site-packages/airflow/example_dags/example_kubernetes_executor.py
[2023-03-27 21:59:29,898] {logging_mixin.py:115} INFO - [2023-03-27 21:59:29,898] {example_kubernetes_executor.py:39} WARNING - The example_kubernetes_executor example DAG requires the kubernetes provider. Please install it with: pip install apache-airflow[cncf.kubernetes]
[2023-03-27 21:59:29,898] {processor.py:653} WARNING - No viable dags retrieved from /Users/gabrielroger/Documents/projects/weather-data/.venv/lib/python3.9/site-packages/airflow/example_dags/example_kubernetes_executor.py
[2023-03-27 21:59:29,918] {processor.py:161} INFO - Processing /Users/gabrielroger/Documents/projects/weather-data/.venv/lib/python3.9/site-packages/airflow/example_dags/example_kubernetes_executor.py took 0.034 seconds
[2023-03-27 22:07:57,586] {processor.py:153} INFO - Started process (PID=8845) to work on /Users/gabrielroger/Documents/projects/weather-data/.venv/lib/python3.9/site-packages/airflow/example_dags/example_kubernetes_executor.py
[2023-03-27 22:07:57,587] {processor.py:641} INFO - Processing file /Users/gabrielroger/Documents/projects/weather-data/.venv/lib/python3.9/site-packages/airflow/example_dags/example_kubernetes_executor.py for tasks to queue
[2023-03-27 22:07:57,587] {logging_mixin.py:115} INFO - [2023-03-27 22:07:57,587] {dagbag.py:507} INFO - Filling up the DagBag from /Users/gabrielroger/Documents/projects/weather-data/.venv/lib/python3.9/site-packages/airflow/example_dags/example_kubernetes_executor.py
[2023-03-27 22:07:57,600] {logging_mixin.py:115} INFO - [2023-03-27 22:07:57,600] {example_kubernetes_executor.py:39} WARNING - The example_kubernetes_executor example DAG requires the kubernetes provider. Please install it with: pip install apache-airflow[cncf.kubernetes]
[2023-03-27 22:07:57,600] {processor.py:653} WARNING - No viable dags retrieved from /Users/gabrielroger/Documents/projects/weather-data/.venv/lib/python3.9/site-packages/airflow/example_dags/example_kubernetes_executor.py
[2023-03-27 22:07:57,620] {processor.py:161} INFO - Processing /Users/gabrielroger/Documents/projects/weather-data/.venv/lib/python3.9/site-packages/airflow/example_dags/example_kubernetes_executor.py took 0.034 seconds
