[2023-03-27 21:09:47,745] {processor.py:153} INFO - Started process (PID=6053) to work on /Users/gabrielroger/Documents/projects/weather-data/.venv/lib/python3.9/site-packages/airflow/example_dags/example_xcom.py
[2023-03-27 21:09:47,745] {processor.py:641} INFO - Processing file /Users/gabrielroger/Documents/projects/weather-data/.venv/lib/python3.9/site-packages/airflow/example_dags/example_xcom.py for tasks to queue
[2023-03-27 21:09:47,745] {logging_mixin.py:115} INFO - [2023-03-27 21:09:47,745] {dagbag.py:507} INFO - Filling up the DagBag from /Users/gabrielroger/Documents/projects/weather-data/.venv/lib/python3.9/site-packages/airflow/example_dags/example_xcom.py
[2023-03-27 21:09:47,763] {processor.py:651} INFO - DAG(s) dict_keys(['example_xcom']) retrieved from /Users/gabrielroger/Documents/projects/weather-data/.venv/lib/python3.9/site-packages/airflow/example_dags/example_xcom.py
[2023-03-27 21:09:48,080] {logging_mixin.py:115} INFO - [2023-03-27 21:09:48,080] {dag.py:2379} INFO - Sync 1 DAGs
[2023-03-27 21:09:48,088] {logging_mixin.py:115} INFO - [2023-03-27 21:09:48,088] {dag.py:2927} INFO - Setting next_dagrun for example_xcom to 2021-01-01T00:00:00+00:00, run_after=2021-01-01T00:00:00+00:00
[2023-03-27 21:09:48,094] {processor.py:161} INFO - Processing /Users/gabrielroger/Documents/projects/weather-data/.venv/lib/python3.9/site-packages/airflow/example_dags/example_xcom.py took 0.350 seconds
[2023-03-27 21:10:38,917] {processor.py:153} INFO - Started process (PID=6143) to work on /Users/gabrielroger/Documents/projects/weather-data/.venv/lib/python3.9/site-packages/airflow/example_dags/example_xcom.py
[2023-03-27 21:10:38,918] {processor.py:641} INFO - Processing file /Users/gabrielroger/Documents/projects/weather-data/.venv/lib/python3.9/site-packages/airflow/example_dags/example_xcom.py for tasks to queue
[2023-03-27 21:10:38,918] {logging_mixin.py:115} INFO - [2023-03-27 21:10:38,918] {dagbag.py:507} INFO - Filling up the DagBag from /Users/gabrielroger/Documents/projects/weather-data/.venv/lib/python3.9/site-packages/airflow/example_dags/example_xcom.py
[2023-03-27 21:10:38,936] {processor.py:651} INFO - DAG(s) dict_keys(['example_xcom']) retrieved from /Users/gabrielroger/Documents/projects/weather-data/.venv/lib/python3.9/site-packages/airflow/example_dags/example_xcom.py
[2023-03-27 21:10:39,248] {logging_mixin.py:115} INFO - [2023-03-27 21:10:39,247] {dag.py:2379} INFO - Sync 1 DAGs
[2023-03-27 21:10:39,254] {logging_mixin.py:115} INFO - [2023-03-27 21:10:39,254] {dag.py:2927} INFO - Setting next_dagrun for example_xcom to 2021-01-01T00:00:00+00:00, run_after=2021-01-01T00:00:00+00:00
[2023-03-27 21:10:39,264] {processor.py:161} INFO - Processing /Users/gabrielroger/Documents/projects/weather-data/.venv/lib/python3.9/site-packages/airflow/example_dags/example_xcom.py took 0.347 seconds
[2023-03-27 21:11:23,447] {processor.py:153} INFO - Started process (PID=6223) to work on /Users/gabrielroger/Documents/projects/weather-data/.venv/lib/python3.9/site-packages/airflow/example_dags/example_xcom.py
[2023-03-27 21:11:23,448] {processor.py:641} INFO - Processing file /Users/gabrielroger/Documents/projects/weather-data/.venv/lib/python3.9/site-packages/airflow/example_dags/example_xcom.py for tasks to queue
[2023-03-27 21:11:23,448] {logging_mixin.py:115} INFO - [2023-03-27 21:11:23,448] {dagbag.py:507} INFO - Filling up the DagBag from /Users/gabrielroger/Documents/projects/weather-data/.venv/lib/python3.9/site-packages/airflow/example_dags/example_xcom.py
[2023-03-27 21:11:23,467] {processor.py:651} INFO - DAG(s) dict_keys(['example_xcom']) retrieved from /Users/gabrielroger/Documents/projects/weather-data/.venv/lib/python3.9/site-packages/airflow/example_dags/example_xcom.py
[2023-03-27 21:11:23,779] {logging_mixin.py:115} INFO - [2023-03-27 21:11:23,779] {dag.py:2379} INFO - Sync 1 DAGs
[2023-03-27 21:11:23,786] {logging_mixin.py:115} INFO - [2023-03-27 21:11:23,786] {dag.py:2927} INFO - Setting next_dagrun for example_xcom to 2021-01-01T00:00:00+00:00, run_after=2021-01-01T00:00:00+00:00
[2023-03-27 21:11:23,793] {processor.py:161} INFO - Processing /Users/gabrielroger/Documents/projects/weather-data/.venv/lib/python3.9/site-packages/airflow/example_dags/example_xcom.py took 0.347 seconds
[2023-03-27 21:12:08,947] {processor.py:153} INFO - Started process (PID=6296) to work on /Users/gabrielroger/Documents/projects/weather-data/.venv/lib/python3.9/site-packages/airflow/example_dags/example_xcom.py
[2023-03-27 21:12:08,947] {processor.py:641} INFO - Processing file /Users/gabrielroger/Documents/projects/weather-data/.venv/lib/python3.9/site-packages/airflow/example_dags/example_xcom.py for tasks to queue
[2023-03-27 21:12:08,947] {logging_mixin.py:115} INFO - [2023-03-27 21:12:08,947] {dagbag.py:507} INFO - Filling up the DagBag from /Users/gabrielroger/Documents/projects/weather-data/.venv/lib/python3.9/site-packages/airflow/example_dags/example_xcom.py
[2023-03-27 21:12:08,966] {processor.py:651} INFO - DAG(s) dict_keys(['example_xcom']) retrieved from /Users/gabrielroger/Documents/projects/weather-data/.venv/lib/python3.9/site-packages/airflow/example_dags/example_xcom.py
[2023-03-27 21:12:09,278] {logging_mixin.py:115} INFO - [2023-03-27 21:12:09,278] {dag.py:2379} INFO - Sync 1 DAGs
[2023-03-27 21:12:09,284] {logging_mixin.py:115} INFO - [2023-03-27 21:12:09,284] {dag.py:2927} INFO - Setting next_dagrun for example_xcom to 2021-01-01T00:00:00+00:00, run_after=2021-01-01T00:00:00+00:00
[2023-03-27 21:12:09,291] {processor.py:161} INFO - Processing /Users/gabrielroger/Documents/projects/weather-data/.venv/lib/python3.9/site-packages/airflow/example_dags/example_xcom.py took 0.344 seconds
[2023-03-27 21:12:57,393] {processor.py:153} INFO - Started process (PID=6374) to work on /Users/gabrielroger/Documents/projects/weather-data/.venv/lib/python3.9/site-packages/airflow/example_dags/example_xcom.py
[2023-03-27 21:12:57,394] {processor.py:641} INFO - Processing file /Users/gabrielroger/Documents/projects/weather-data/.venv/lib/python3.9/site-packages/airflow/example_dags/example_xcom.py for tasks to queue
[2023-03-27 21:12:57,394] {logging_mixin.py:115} INFO - [2023-03-27 21:12:57,394] {dagbag.py:507} INFO - Filling up the DagBag from /Users/gabrielroger/Documents/projects/weather-data/.venv/lib/python3.9/site-packages/airflow/example_dags/example_xcom.py
[2023-03-27 21:12:57,412] {processor.py:651} INFO - DAG(s) dict_keys(['example_xcom']) retrieved from /Users/gabrielroger/Documents/projects/weather-data/.venv/lib/python3.9/site-packages/airflow/example_dags/example_xcom.py
[2023-03-27 21:12:57,720] {logging_mixin.py:115} INFO - [2023-03-27 21:12:57,720] {dag.py:2379} INFO - Sync 1 DAGs
[2023-03-27 21:12:57,728] {logging_mixin.py:115} INFO - [2023-03-27 21:12:57,727] {dag.py:2927} INFO - Setting next_dagrun for example_xcom to 2021-01-01T00:00:00+00:00, run_after=2021-01-01T00:00:00+00:00
[2023-03-27 21:12:57,734] {processor.py:161} INFO - Processing /Users/gabrielroger/Documents/projects/weather-data/.venv/lib/python3.9/site-packages/airflow/example_dags/example_xcom.py took 0.342 seconds
[2023-03-27 21:13:42,594] {processor.py:153} INFO - Started process (PID=6454) to work on /Users/gabrielroger/Documents/projects/weather-data/.venv/lib/python3.9/site-packages/airflow/example_dags/example_xcom.py
[2023-03-27 21:13:42,595] {processor.py:641} INFO - Processing file /Users/gabrielroger/Documents/projects/weather-data/.venv/lib/python3.9/site-packages/airflow/example_dags/example_xcom.py for tasks to queue
[2023-03-27 21:13:42,595] {logging_mixin.py:115} INFO - [2023-03-27 21:13:42,595] {dagbag.py:507} INFO - Filling up the DagBag from /Users/gabrielroger/Documents/projects/weather-data/.venv/lib/python3.9/site-packages/airflow/example_dags/example_xcom.py
[2023-03-27 21:13:42,614] {processor.py:651} INFO - DAG(s) dict_keys(['example_xcom']) retrieved from /Users/gabrielroger/Documents/projects/weather-data/.venv/lib/python3.9/site-packages/airflow/example_dags/example_xcom.py
[2023-03-27 21:13:42,937] {logging_mixin.py:115} INFO - [2023-03-27 21:13:42,937] {dag.py:2379} INFO - Sync 1 DAGs
[2023-03-27 21:13:42,944] {logging_mixin.py:115} INFO - [2023-03-27 21:13:42,944] {dag.py:2927} INFO - Setting next_dagrun for example_xcom to 2021-01-01T00:00:00+00:00, run_after=2021-01-01T00:00:00+00:00
[2023-03-27 21:13:42,950] {processor.py:161} INFO - Processing /Users/gabrielroger/Documents/projects/weather-data/.venv/lib/python3.9/site-packages/airflow/example_dags/example_xcom.py took 0.356 seconds
[2023-03-27 21:14:31,387] {processor.py:153} INFO - Started process (PID=6535) to work on /Users/gabrielroger/Documents/projects/weather-data/.venv/lib/python3.9/site-packages/airflow/example_dags/example_xcom.py
[2023-03-27 21:14:31,387] {processor.py:641} INFO - Processing file /Users/gabrielroger/Documents/projects/weather-data/.venv/lib/python3.9/site-packages/airflow/example_dags/example_xcom.py for tasks to queue
[2023-03-27 21:14:31,387] {logging_mixin.py:115} INFO - [2023-03-27 21:14:31,387] {dagbag.py:507} INFO - Filling up the DagBag from /Users/gabrielroger/Documents/projects/weather-data/.venv/lib/python3.9/site-packages/airflow/example_dags/example_xcom.py
[2023-03-27 21:14:31,405] {processor.py:651} INFO - DAG(s) dict_keys(['example_xcom']) retrieved from /Users/gabrielroger/Documents/projects/weather-data/.venv/lib/python3.9/site-packages/airflow/example_dags/example_xcom.py
[2023-03-27 21:14:31,717] {logging_mixin.py:115} INFO - [2023-03-27 21:14:31,717] {dag.py:2379} INFO - Sync 1 DAGs
[2023-03-27 21:14:31,724] {logging_mixin.py:115} INFO - [2023-03-27 21:14:31,724] {dag.py:2927} INFO - Setting next_dagrun for example_xcom to 2021-01-01T00:00:00+00:00, run_after=2021-01-01T00:00:00+00:00
[2023-03-27 21:14:31,730] {processor.py:161} INFO - Processing /Users/gabrielroger/Documents/projects/weather-data/.venv/lib/python3.9/site-packages/airflow/example_dags/example_xcom.py took 0.344 seconds
[2023-03-27 21:15:15,507] {processor.py:153} INFO - Started process (PID=6609) to work on /Users/gabrielroger/Documents/projects/weather-data/.venv/lib/python3.9/site-packages/airflow/example_dags/example_xcom.py
[2023-03-27 21:15:15,508] {processor.py:641} INFO - Processing file /Users/gabrielroger/Documents/projects/weather-data/.venv/lib/python3.9/site-packages/airflow/example_dags/example_xcom.py for tasks to queue
[2023-03-27 21:15:15,508] {logging_mixin.py:115} INFO - [2023-03-27 21:15:15,508] {dagbag.py:507} INFO - Filling up the DagBag from /Users/gabrielroger/Documents/projects/weather-data/.venv/lib/python3.9/site-packages/airflow/example_dags/example_xcom.py
[2023-03-27 21:15:15,526] {processor.py:651} INFO - DAG(s) dict_keys(['example_xcom']) retrieved from /Users/gabrielroger/Documents/projects/weather-data/.venv/lib/python3.9/site-packages/airflow/example_dags/example_xcom.py
[2023-03-27 21:15:15,841] {logging_mixin.py:115} INFO - [2023-03-27 21:15:15,841] {dag.py:2379} INFO - Sync 1 DAGs
[2023-03-27 21:15:15,848] {logging_mixin.py:115} INFO - [2023-03-27 21:15:15,848] {dag.py:2927} INFO - Setting next_dagrun for example_xcom to 2021-01-01T00:00:00+00:00, run_after=2021-01-01T00:00:00+00:00
[2023-03-27 21:15:15,854] {processor.py:161} INFO - Processing /Users/gabrielroger/Documents/projects/weather-data/.venv/lib/python3.9/site-packages/airflow/example_dags/example_xcom.py took 0.348 seconds
[2023-03-27 21:16:00,545] {processor.py:153} INFO - Started process (PID=6683) to work on /Users/gabrielroger/Documents/projects/weather-data/.venv/lib/python3.9/site-packages/airflow/example_dags/example_xcom.py
[2023-03-27 21:16:00,546] {processor.py:641} INFO - Processing file /Users/gabrielroger/Documents/projects/weather-data/.venv/lib/python3.9/site-packages/airflow/example_dags/example_xcom.py for tasks to queue
[2023-03-27 21:16:00,546] {logging_mixin.py:115} INFO - [2023-03-27 21:16:00,546] {dagbag.py:507} INFO - Filling up the DagBag from /Users/gabrielroger/Documents/projects/weather-data/.venv/lib/python3.9/site-packages/airflow/example_dags/example_xcom.py
[2023-03-27 21:16:00,564] {processor.py:651} INFO - DAG(s) dict_keys(['example_xcom']) retrieved from /Users/gabrielroger/Documents/projects/weather-data/.venv/lib/python3.9/site-packages/airflow/example_dags/example_xcom.py
[2023-03-27 21:16:00,887] {logging_mixin.py:115} INFO - [2023-03-27 21:16:00,886] {dag.py:2379} INFO - Sync 1 DAGs
[2023-03-27 21:16:00,893] {logging_mixin.py:115} INFO - [2023-03-27 21:16:00,893] {dag.py:2927} INFO - Setting next_dagrun for example_xcom to 2021-01-01T00:00:00+00:00, run_after=2021-01-01T00:00:00+00:00
[2023-03-27 21:16:00,901] {processor.py:161} INFO - Processing /Users/gabrielroger/Documents/projects/weather-data/.venv/lib/python3.9/site-packages/airflow/example_dags/example_xcom.py took 0.356 seconds
[2023-03-27 21:16:45,675] {processor.py:153} INFO - Started process (PID=6757) to work on /Users/gabrielroger/Documents/projects/weather-data/.venv/lib/python3.9/site-packages/airflow/example_dags/example_xcom.py
[2023-03-27 21:16:45,675] {processor.py:641} INFO - Processing file /Users/gabrielroger/Documents/projects/weather-data/.venv/lib/python3.9/site-packages/airflow/example_dags/example_xcom.py for tasks to queue
[2023-03-27 21:16:45,675] {logging_mixin.py:115} INFO - [2023-03-27 21:16:45,675] {dagbag.py:507} INFO - Filling up the DagBag from /Users/gabrielroger/Documents/projects/weather-data/.venv/lib/python3.9/site-packages/airflow/example_dags/example_xcom.py
[2023-03-27 21:16:45,693] {processor.py:651} INFO - DAG(s) dict_keys(['example_xcom']) retrieved from /Users/gabrielroger/Documents/projects/weather-data/.venv/lib/python3.9/site-packages/airflow/example_dags/example_xcom.py
[2023-03-27 21:16:46,002] {logging_mixin.py:115} INFO - [2023-03-27 21:16:46,002] {dag.py:2379} INFO - Sync 1 DAGs
[2023-03-27 21:16:46,008] {logging_mixin.py:115} INFO - [2023-03-27 21:16:46,008] {dag.py:2927} INFO - Setting next_dagrun for example_xcom to 2021-01-01T00:00:00+00:00, run_after=2021-01-01T00:00:00+00:00
[2023-03-27 21:16:46,015] {processor.py:161} INFO - Processing /Users/gabrielroger/Documents/projects/weather-data/.venv/lib/python3.9/site-packages/airflow/example_dags/example_xcom.py took 0.341 seconds
[2023-03-27 21:17:27,765] {processor.py:153} INFO - Started process (PID=6826) to work on /Users/gabrielroger/Documents/projects/weather-data/.venv/lib/python3.9/site-packages/airflow/example_dags/example_xcom.py
[2023-03-27 21:17:27,765] {processor.py:641} INFO - Processing file /Users/gabrielroger/Documents/projects/weather-data/.venv/lib/python3.9/site-packages/airflow/example_dags/example_xcom.py for tasks to queue
[2023-03-27 21:17:27,765] {logging_mixin.py:115} INFO - [2023-03-27 21:17:27,765] {dagbag.py:507} INFO - Filling up the DagBag from /Users/gabrielroger/Documents/projects/weather-data/.venv/lib/python3.9/site-packages/airflow/example_dags/example_xcom.py
[2023-03-27 21:17:27,782] {processor.py:651} INFO - DAG(s) dict_keys(['example_xcom']) retrieved from /Users/gabrielroger/Documents/projects/weather-data/.venv/lib/python3.9/site-packages/airflow/example_dags/example_xcom.py
[2023-03-27 21:17:28,090] {logging_mixin.py:115} INFO - [2023-03-27 21:17:28,090] {dag.py:2379} INFO - Sync 1 DAGs
[2023-03-27 21:17:28,097] {logging_mixin.py:115} INFO - [2023-03-27 21:17:28,097] {dag.py:2927} INFO - Setting next_dagrun for example_xcom to 2021-01-01T00:00:00+00:00, run_after=2021-01-01T00:00:00+00:00
[2023-03-27 21:17:28,103] {processor.py:161} INFO - Processing /Users/gabrielroger/Documents/projects/weather-data/.venv/lib/python3.9/site-packages/airflow/example_dags/example_xcom.py took 0.339 seconds
[2023-03-27 21:18:09,665] {processor.py:153} INFO - Started process (PID=6898) to work on /Users/gabrielroger/Documents/projects/weather-data/.venv/lib/python3.9/site-packages/airflow/example_dags/example_xcom.py
[2023-03-27 21:18:09,665] {processor.py:641} INFO - Processing file /Users/gabrielroger/Documents/projects/weather-data/.venv/lib/python3.9/site-packages/airflow/example_dags/example_xcom.py for tasks to queue
[2023-03-27 21:18:09,665] {logging_mixin.py:115} INFO - [2023-03-27 21:18:09,665] {dagbag.py:507} INFO - Filling up the DagBag from /Users/gabrielroger/Documents/projects/weather-data/.venv/lib/python3.9/site-packages/airflow/example_dags/example_xcom.py
[2023-03-27 21:18:09,683] {processor.py:651} INFO - DAG(s) dict_keys(['example_xcom']) retrieved from /Users/gabrielroger/Documents/projects/weather-data/.venv/lib/python3.9/site-packages/airflow/example_dags/example_xcom.py
[2023-03-27 21:18:09,994] {logging_mixin.py:115} INFO - [2023-03-27 21:18:09,994] {dag.py:2379} INFO - Sync 1 DAGs
[2023-03-27 21:18:10,002] {logging_mixin.py:115} INFO - [2023-03-27 21:18:10,002] {dag.py:2927} INFO - Setting next_dagrun for example_xcom to 2021-01-01T00:00:00+00:00, run_after=2021-01-01T00:00:00+00:00
[2023-03-27 21:18:10,008] {processor.py:161} INFO - Processing /Users/gabrielroger/Documents/projects/weather-data/.venv/lib/python3.9/site-packages/airflow/example_dags/example_xcom.py took 0.343 seconds
[2023-03-27 21:18:53,278] {processor.py:153} INFO - Started process (PID=6973) to work on /Users/gabrielroger/Documents/projects/weather-data/.venv/lib/python3.9/site-packages/airflow/example_dags/example_xcom.py
[2023-03-27 21:18:53,279] {processor.py:641} INFO - Processing file /Users/gabrielroger/Documents/projects/weather-data/.venv/lib/python3.9/site-packages/airflow/example_dags/example_xcom.py for tasks to queue
[2023-03-27 21:18:53,279] {logging_mixin.py:115} INFO - [2023-03-27 21:18:53,279] {dagbag.py:507} INFO - Filling up the DagBag from /Users/gabrielroger/Documents/projects/weather-data/.venv/lib/python3.9/site-packages/airflow/example_dags/example_xcom.py
[2023-03-27 21:18:53,297] {processor.py:651} INFO - DAG(s) dict_keys(['example_xcom']) retrieved from /Users/gabrielroger/Documents/projects/weather-data/.venv/lib/python3.9/site-packages/airflow/example_dags/example_xcom.py
[2023-03-27 21:18:53,605] {logging_mixin.py:115} INFO - [2023-03-27 21:18:53,605] {dag.py:2379} INFO - Sync 1 DAGs
[2023-03-27 21:18:53,612] {logging_mixin.py:115} INFO - [2023-03-27 21:18:53,612] {dag.py:2927} INFO - Setting next_dagrun for example_xcom to 2021-01-01T00:00:00+00:00, run_after=2021-01-01T00:00:00+00:00
[2023-03-27 21:18:53,618] {processor.py:161} INFO - Processing /Users/gabrielroger/Documents/projects/weather-data/.venv/lib/python3.9/site-packages/airflow/example_dags/example_xcom.py took 0.341 seconds
[2023-03-27 21:19:37,369] {processor.py:153} INFO - Started process (PID=7048) to work on /Users/gabrielroger/Documents/projects/weather-data/.venv/lib/python3.9/site-packages/airflow/example_dags/example_xcom.py
[2023-03-27 21:19:37,370] {processor.py:641} INFO - Processing file /Users/gabrielroger/Documents/projects/weather-data/.venv/lib/python3.9/site-packages/airflow/example_dags/example_xcom.py for tasks to queue
[2023-03-27 21:19:37,370] {logging_mixin.py:115} INFO - [2023-03-27 21:19:37,370] {dagbag.py:507} INFO - Filling up the DagBag from /Users/gabrielroger/Documents/projects/weather-data/.venv/lib/python3.9/site-packages/airflow/example_dags/example_xcom.py
[2023-03-27 21:19:37,387] {processor.py:651} INFO - DAG(s) dict_keys(['example_xcom']) retrieved from /Users/gabrielroger/Documents/projects/weather-data/.venv/lib/python3.9/site-packages/airflow/example_dags/example_xcom.py
[2023-03-27 21:19:37,696] {logging_mixin.py:115} INFO - [2023-03-27 21:19:37,695] {dag.py:2379} INFO - Sync 1 DAGs
[2023-03-27 21:19:37,702] {logging_mixin.py:115} INFO - [2023-03-27 21:19:37,702] {dag.py:2927} INFO - Setting next_dagrun for example_xcom to 2021-01-01T00:00:00+00:00, run_after=2021-01-01T00:00:00+00:00
[2023-03-27 21:19:37,709] {processor.py:161} INFO - Processing /Users/gabrielroger/Documents/projects/weather-data/.venv/lib/python3.9/site-packages/airflow/example_dags/example_xcom.py took 0.340 seconds
[2023-03-27 21:20:21,338] {processor.py:153} INFO - Started process (PID=7120) to work on /Users/gabrielroger/Documents/projects/weather-data/.venv/lib/python3.9/site-packages/airflow/example_dags/example_xcom.py
[2023-03-27 21:20:21,338] {processor.py:641} INFO - Processing file /Users/gabrielroger/Documents/projects/weather-data/.venv/lib/python3.9/site-packages/airflow/example_dags/example_xcom.py for tasks to queue
[2023-03-27 21:20:21,338] {logging_mixin.py:115} INFO - [2023-03-27 21:20:21,338] {dagbag.py:507} INFO - Filling up the DagBag from /Users/gabrielroger/Documents/projects/weather-data/.venv/lib/python3.9/site-packages/airflow/example_dags/example_xcom.py
[2023-03-27 21:20:21,356] {processor.py:651} INFO - DAG(s) dict_keys(['example_xcom']) retrieved from /Users/gabrielroger/Documents/projects/weather-data/.venv/lib/python3.9/site-packages/airflow/example_dags/example_xcom.py
[2023-03-27 21:20:21,666] {logging_mixin.py:115} INFO - [2023-03-27 21:20:21,666] {dag.py:2379} INFO - Sync 1 DAGs
[2023-03-27 21:20:21,673] {logging_mixin.py:115} INFO - [2023-03-27 21:20:21,673] {dag.py:2927} INFO - Setting next_dagrun for example_xcom to 2021-01-01T00:00:00+00:00, run_after=2021-01-01T00:00:00+00:00
[2023-03-27 21:20:21,679] {processor.py:161} INFO - Processing /Users/gabrielroger/Documents/projects/weather-data/.venv/lib/python3.9/site-packages/airflow/example_dags/example_xcom.py took 0.342 seconds
[2023-03-27 21:21:07,147] {processor.py:153} INFO - Started process (PID=7195) to work on /Users/gabrielroger/Documents/projects/weather-data/.venv/lib/python3.9/site-packages/airflow/example_dags/example_xcom.py
[2023-03-27 21:21:07,147] {processor.py:641} INFO - Processing file /Users/gabrielroger/Documents/projects/weather-data/.venv/lib/python3.9/site-packages/airflow/example_dags/example_xcom.py for tasks to queue
[2023-03-27 21:21:07,147] {logging_mixin.py:115} INFO - [2023-03-27 21:21:07,147] {dagbag.py:507} INFO - Filling up the DagBag from /Users/gabrielroger/Documents/projects/weather-data/.venv/lib/python3.9/site-packages/airflow/example_dags/example_xcom.py
[2023-03-27 21:21:07,164] {processor.py:651} INFO - DAG(s) dict_keys(['example_xcom']) retrieved from /Users/gabrielroger/Documents/projects/weather-data/.venv/lib/python3.9/site-packages/airflow/example_dags/example_xcom.py
[2023-03-27 21:21:07,471] {logging_mixin.py:115} INFO - [2023-03-27 21:21:07,471] {dag.py:2379} INFO - Sync 1 DAGs
[2023-03-27 21:21:07,478] {logging_mixin.py:115} INFO - [2023-03-27 21:21:07,478] {dag.py:2927} INFO - Setting next_dagrun for example_xcom to 2021-01-01T00:00:00+00:00, run_after=2021-01-01T00:00:00+00:00
[2023-03-27 21:21:07,484] {processor.py:161} INFO - Processing /Users/gabrielroger/Documents/projects/weather-data/.venv/lib/python3.9/site-packages/airflow/example_dags/example_xcom.py took 0.338 seconds
[2023-03-27 21:21:52,469] {processor.py:153} INFO - Started process (PID=7269) to work on /Users/gabrielroger/Documents/projects/weather-data/.venv/lib/python3.9/site-packages/airflow/example_dags/example_xcom.py
[2023-03-27 21:21:52,470] {processor.py:641} INFO - Processing file /Users/gabrielroger/Documents/projects/weather-data/.venv/lib/python3.9/site-packages/airflow/example_dags/example_xcom.py for tasks to queue
[2023-03-27 21:21:52,470] {logging_mixin.py:115} INFO - [2023-03-27 21:21:52,470] {dagbag.py:507} INFO - Filling up the DagBag from /Users/gabrielroger/Documents/projects/weather-data/.venv/lib/python3.9/site-packages/airflow/example_dags/example_xcom.py
[2023-03-27 21:21:52,487] {processor.py:651} INFO - DAG(s) dict_keys(['example_xcom']) retrieved from /Users/gabrielroger/Documents/projects/weather-data/.venv/lib/python3.9/site-packages/airflow/example_dags/example_xcom.py
[2023-03-27 21:21:52,793] {logging_mixin.py:115} INFO - [2023-03-27 21:21:52,793] {dag.py:2379} INFO - Sync 1 DAGs
[2023-03-27 21:21:52,800] {logging_mixin.py:115} INFO - [2023-03-27 21:21:52,800] {dag.py:2927} INFO - Setting next_dagrun for example_xcom to 2021-01-01T00:00:00+00:00, run_after=2021-01-01T00:00:00+00:00
[2023-03-27 21:21:52,806] {processor.py:161} INFO - Processing /Users/gabrielroger/Documents/projects/weather-data/.venv/lib/python3.9/site-packages/airflow/example_dags/example_xcom.py took 0.337 seconds
[2023-03-27 21:22:37,931] {processor.py:153} INFO - Started process (PID=7343) to work on /Users/gabrielroger/Documents/projects/weather-data/.venv/lib/python3.9/site-packages/airflow/example_dags/example_xcom.py
[2023-03-27 21:22:37,931] {processor.py:641} INFO - Processing file /Users/gabrielroger/Documents/projects/weather-data/.venv/lib/python3.9/site-packages/airflow/example_dags/example_xcom.py for tasks to queue
[2023-03-27 21:22:37,932] {logging_mixin.py:115} INFO - [2023-03-27 21:22:37,932] {dagbag.py:507} INFO - Filling up the DagBag from /Users/gabrielroger/Documents/projects/weather-data/.venv/lib/python3.9/site-packages/airflow/example_dags/example_xcom.py
[2023-03-27 21:22:37,949] {processor.py:651} INFO - DAG(s) dict_keys(['example_xcom']) retrieved from /Users/gabrielroger/Documents/projects/weather-data/.venv/lib/python3.9/site-packages/airflow/example_dags/example_xcom.py
[2023-03-27 21:22:38,257] {logging_mixin.py:115} INFO - [2023-03-27 21:22:38,257] {dag.py:2379} INFO - Sync 1 DAGs
[2023-03-27 21:22:38,263] {logging_mixin.py:115} INFO - [2023-03-27 21:22:38,263] {dag.py:2927} INFO - Setting next_dagrun for example_xcom to 2021-01-01T00:00:00+00:00, run_after=2021-01-01T00:00:00+00:00
[2023-03-27 21:22:38,270] {processor.py:161} INFO - Processing /Users/gabrielroger/Documents/projects/weather-data/.venv/lib/python3.9/site-packages/airflow/example_dags/example_xcom.py took 0.339 seconds
[2023-03-27 21:23:20,094] {processor.py:153} INFO - Started process (PID=7416) to work on /Users/gabrielroger/Documents/projects/weather-data/.venv/lib/python3.9/site-packages/airflow/example_dags/example_xcom.py
[2023-03-27 21:23:20,094] {processor.py:641} INFO - Processing file /Users/gabrielroger/Documents/projects/weather-data/.venv/lib/python3.9/site-packages/airflow/example_dags/example_xcom.py for tasks to queue
[2023-03-27 21:23:20,094] {logging_mixin.py:115} INFO - [2023-03-27 21:23:20,094] {dagbag.py:507} INFO - Filling up the DagBag from /Users/gabrielroger/Documents/projects/weather-data/.venv/lib/python3.9/site-packages/airflow/example_dags/example_xcom.py
[2023-03-27 21:23:20,111] {processor.py:651} INFO - DAG(s) dict_keys(['example_xcom']) retrieved from /Users/gabrielroger/Documents/projects/weather-data/.venv/lib/python3.9/site-packages/airflow/example_dags/example_xcom.py
[2023-03-27 21:23:20,419] {logging_mixin.py:115} INFO - [2023-03-27 21:23:20,419] {dag.py:2379} INFO - Sync 1 DAGs
[2023-03-27 21:23:20,426] {logging_mixin.py:115} INFO - [2023-03-27 21:23:20,426] {dag.py:2927} INFO - Setting next_dagrun for example_xcom to 2021-01-01T00:00:00+00:00, run_after=2021-01-01T00:00:00+00:00
[2023-03-27 21:23:20,432] {processor.py:161} INFO - Processing /Users/gabrielroger/Documents/projects/weather-data/.venv/lib/python3.9/site-packages/airflow/example_dags/example_xcom.py took 0.338 seconds
[2023-03-27 21:24:05,677] {processor.py:153} INFO - Started process (PID=7497) to work on /Users/gabrielroger/Documents/projects/weather-data/.venv/lib/python3.9/site-packages/airflow/example_dags/example_xcom.py
[2023-03-27 21:24:05,677] {processor.py:641} INFO - Processing file /Users/gabrielroger/Documents/projects/weather-data/.venv/lib/python3.9/site-packages/airflow/example_dags/example_xcom.py for tasks to queue
[2023-03-27 21:24:05,677] {logging_mixin.py:115} INFO - [2023-03-27 21:24:05,677] {dagbag.py:507} INFO - Filling up the DagBag from /Users/gabrielroger/Documents/projects/weather-data/.venv/lib/python3.9/site-packages/airflow/example_dags/example_xcom.py
[2023-03-27 21:24:05,695] {processor.py:651} INFO - DAG(s) dict_keys(['example_xcom']) retrieved from /Users/gabrielroger/Documents/projects/weather-data/.venv/lib/python3.9/site-packages/airflow/example_dags/example_xcom.py
[2023-03-27 21:24:06,020] {logging_mixin.py:115} INFO - [2023-03-27 21:24:06,020] {dag.py:2379} INFO - Sync 1 DAGs
[2023-03-27 21:24:06,027] {logging_mixin.py:115} INFO - [2023-03-27 21:24:06,027] {dag.py:2927} INFO - Setting next_dagrun for example_xcom to 2021-01-01T00:00:00+00:00, run_after=2021-01-01T00:00:00+00:00
[2023-03-27 21:24:06,033] {processor.py:161} INFO - Processing /Users/gabrielroger/Documents/projects/weather-data/.venv/lib/python3.9/site-packages/airflow/example_dags/example_xcom.py took 0.357 seconds
[2023-03-27 21:24:49,933] {processor.py:153} INFO - Started process (PID=7592) to work on /Users/gabrielroger/Documents/projects/weather-data/.venv/lib/python3.9/site-packages/airflow/example_dags/example_xcom.py
[2023-03-27 21:24:49,933] {processor.py:641} INFO - Processing file /Users/gabrielroger/Documents/projects/weather-data/.venv/lib/python3.9/site-packages/airflow/example_dags/example_xcom.py for tasks to queue
[2023-03-27 21:24:49,934] {logging_mixin.py:115} INFO - [2023-03-27 21:24:49,934] {dagbag.py:507} INFO - Filling up the DagBag from /Users/gabrielroger/Documents/projects/weather-data/.venv/lib/python3.9/site-packages/airflow/example_dags/example_xcom.py
[2023-03-27 21:24:49,951] {processor.py:651} INFO - DAG(s) dict_keys(['example_xcom']) retrieved from /Users/gabrielroger/Documents/projects/weather-data/.venv/lib/python3.9/site-packages/airflow/example_dags/example_xcom.py
[2023-03-27 21:24:50,263] {logging_mixin.py:115} INFO - [2023-03-27 21:24:50,263] {dag.py:2379} INFO - Sync 1 DAGs
[2023-03-27 21:24:50,270] {logging_mixin.py:115} INFO - [2023-03-27 21:24:50,270] {dag.py:2927} INFO - Setting next_dagrun for example_xcom to 2021-01-01T00:00:00+00:00, run_after=2021-01-01T00:00:00+00:00
[2023-03-27 21:24:50,276] {processor.py:161} INFO - Processing /Users/gabrielroger/Documents/projects/weather-data/.venv/lib/python3.9/site-packages/airflow/example_dags/example_xcom.py took 0.344 seconds
[2023-03-27 21:25:32,813] {processor.py:153} INFO - Started process (PID=7678) to work on /Users/gabrielroger/Documents/projects/weather-data/.venv/lib/python3.9/site-packages/airflow/example_dags/example_xcom.py
[2023-03-27 21:25:32,813] {processor.py:641} INFO - Processing file /Users/gabrielroger/Documents/projects/weather-data/.venv/lib/python3.9/site-packages/airflow/example_dags/example_xcom.py for tasks to queue
[2023-03-27 21:25:32,813] {logging_mixin.py:115} INFO - [2023-03-27 21:25:32,813] {dagbag.py:507} INFO - Filling up the DagBag from /Users/gabrielroger/Documents/projects/weather-data/.venv/lib/python3.9/site-packages/airflow/example_dags/example_xcom.py
[2023-03-27 21:25:32,831] {processor.py:651} INFO - DAG(s) dict_keys(['example_xcom']) retrieved from /Users/gabrielroger/Documents/projects/weather-data/.venv/lib/python3.9/site-packages/airflow/example_dags/example_xcom.py
[2023-03-27 21:25:33,140] {logging_mixin.py:115} INFO - [2023-03-27 21:25:33,140] {dag.py:2379} INFO - Sync 1 DAGs
[2023-03-27 21:25:33,147] {logging_mixin.py:115} INFO - [2023-03-27 21:25:33,147] {dag.py:2927} INFO - Setting next_dagrun for example_xcom to 2021-01-01T00:00:00+00:00, run_after=2021-01-01T00:00:00+00:00
[2023-03-27 21:25:33,153] {processor.py:161} INFO - Processing /Users/gabrielroger/Documents/projects/weather-data/.venv/lib/python3.9/site-packages/airflow/example_dags/example_xcom.py took 0.341 seconds
[2023-03-27 21:26:16,708] {processor.py:153} INFO - Started process (PID=7754) to work on /Users/gabrielroger/Documents/projects/weather-data/.venv/lib/python3.9/site-packages/airflow/example_dags/example_xcom.py
[2023-03-27 21:26:16,708] {processor.py:641} INFO - Processing file /Users/gabrielroger/Documents/projects/weather-data/.venv/lib/python3.9/site-packages/airflow/example_dags/example_xcom.py for tasks to queue
[2023-03-27 21:26:16,708] {logging_mixin.py:115} INFO - [2023-03-27 21:26:16,708] {dagbag.py:507} INFO - Filling up the DagBag from /Users/gabrielroger/Documents/projects/weather-data/.venv/lib/python3.9/site-packages/airflow/example_dags/example_xcom.py
[2023-03-27 21:26:16,725] {processor.py:651} INFO - DAG(s) dict_keys(['example_xcom']) retrieved from /Users/gabrielroger/Documents/projects/weather-data/.venv/lib/python3.9/site-packages/airflow/example_dags/example_xcom.py
[2023-03-27 21:26:17,035] {logging_mixin.py:115} INFO - [2023-03-27 21:26:17,035] {dag.py:2379} INFO - Sync 1 DAGs
[2023-03-27 21:26:17,042] {logging_mixin.py:115} INFO - [2023-03-27 21:26:17,041] {dag.py:2927} INFO - Setting next_dagrun for example_xcom to 2021-01-01T00:00:00+00:00, run_after=2021-01-01T00:00:00+00:00
[2023-03-27 21:26:17,048] {processor.py:161} INFO - Processing /Users/gabrielroger/Documents/projects/weather-data/.venv/lib/python3.9/site-packages/airflow/example_dags/example_xcom.py took 0.341 seconds
[2023-03-27 21:27:02,199] {processor.py:153} INFO - Started process (PID=7829) to work on /Users/gabrielroger/Documents/projects/weather-data/.venv/lib/python3.9/site-packages/airflow/example_dags/example_xcom.py
[2023-03-27 21:27:02,200] {processor.py:641} INFO - Processing file /Users/gabrielroger/Documents/projects/weather-data/.venv/lib/python3.9/site-packages/airflow/example_dags/example_xcom.py for tasks to queue
[2023-03-27 21:27:02,200] {logging_mixin.py:115} INFO - [2023-03-27 21:27:02,200] {dagbag.py:507} INFO - Filling up the DagBag from /Users/gabrielroger/Documents/projects/weather-data/.venv/lib/python3.9/site-packages/airflow/example_dags/example_xcom.py
[2023-03-27 21:27:02,217] {processor.py:651} INFO - DAG(s) dict_keys(['example_xcom']) retrieved from /Users/gabrielroger/Documents/projects/weather-data/.venv/lib/python3.9/site-packages/airflow/example_dags/example_xcom.py
[2023-03-27 21:27:02,522] {logging_mixin.py:115} INFO - [2023-03-27 21:27:02,521] {dag.py:2379} INFO - Sync 1 DAGs
[2023-03-27 21:27:02,528] {logging_mixin.py:115} INFO - [2023-03-27 21:27:02,528] {dag.py:2927} INFO - Setting next_dagrun for example_xcom to 2021-01-01T00:00:00+00:00, run_after=2021-01-01T00:00:00+00:00
[2023-03-27 21:27:02,535] {processor.py:161} INFO - Processing /Users/gabrielroger/Documents/projects/weather-data/.venv/lib/python3.9/site-packages/airflow/example_dags/example_xcom.py took 0.336 seconds
[2023-03-27 21:27:45,832] {processor.py:153} INFO - Started process (PID=7900) to work on /Users/gabrielroger/Documents/projects/weather-data/.venv/lib/python3.9/site-packages/airflow/example_dags/example_xcom.py
[2023-03-27 21:27:45,832] {processor.py:641} INFO - Processing file /Users/gabrielroger/Documents/projects/weather-data/.venv/lib/python3.9/site-packages/airflow/example_dags/example_xcom.py for tasks to queue
[2023-03-27 21:27:45,832] {logging_mixin.py:115} INFO - [2023-03-27 21:27:45,832] {dagbag.py:507} INFO - Filling up the DagBag from /Users/gabrielroger/Documents/projects/weather-data/.venv/lib/python3.9/site-packages/airflow/example_dags/example_xcom.py
[2023-03-27 21:27:45,849] {processor.py:651} INFO - DAG(s) dict_keys(['example_xcom']) retrieved from /Users/gabrielroger/Documents/projects/weather-data/.venv/lib/python3.9/site-packages/airflow/example_dags/example_xcom.py
[2023-03-27 21:27:46,156] {logging_mixin.py:115} INFO - [2023-03-27 21:27:46,156] {dag.py:2379} INFO - Sync 1 DAGs
[2023-03-27 21:27:46,163] {logging_mixin.py:115} INFO - [2023-03-27 21:27:46,163] {dag.py:2927} INFO - Setting next_dagrun for example_xcom to 2021-01-01T00:00:00+00:00, run_after=2021-01-01T00:00:00+00:00
[2023-03-27 21:27:46,169] {processor.py:161} INFO - Processing /Users/gabrielroger/Documents/projects/weather-data/.venv/lib/python3.9/site-packages/airflow/example_dags/example_xcom.py took 0.338 seconds
[2023-03-27 21:28:29,804] {processor.py:153} INFO - Started process (PID=7976) to work on /Users/gabrielroger/Documents/projects/weather-data/.venv/lib/python3.9/site-packages/airflow/example_dags/example_xcom.py
[2023-03-27 21:28:29,804] {processor.py:641} INFO - Processing file /Users/gabrielroger/Documents/projects/weather-data/.venv/lib/python3.9/site-packages/airflow/example_dags/example_xcom.py for tasks to queue
[2023-03-27 21:28:29,804] {logging_mixin.py:115} INFO - [2023-03-27 21:28:29,804] {dagbag.py:507} INFO - Filling up the DagBag from /Users/gabrielroger/Documents/projects/weather-data/.venv/lib/python3.9/site-packages/airflow/example_dags/example_xcom.py
[2023-03-27 21:28:29,821] {processor.py:651} INFO - DAG(s) dict_keys(['example_xcom']) retrieved from /Users/gabrielroger/Documents/projects/weather-data/.venv/lib/python3.9/site-packages/airflow/example_dags/example_xcom.py
[2023-03-27 21:28:30,127] {logging_mixin.py:115} INFO - [2023-03-27 21:28:30,127] {dag.py:2379} INFO - Sync 1 DAGs
[2023-03-27 21:28:30,133] {logging_mixin.py:115} INFO - [2023-03-27 21:28:30,133] {dag.py:2927} INFO - Setting next_dagrun for example_xcom to 2021-01-01T00:00:00+00:00, run_after=2021-01-01T00:00:00+00:00
[2023-03-27 21:28:30,140] {processor.py:161} INFO - Processing /Users/gabrielroger/Documents/projects/weather-data/.venv/lib/python3.9/site-packages/airflow/example_dags/example_xcom.py took 0.336 seconds
[2023-03-27 21:29:11,785] {processor.py:153} INFO - Started process (PID=8062) to work on /Users/gabrielroger/Documents/projects/weather-data/.venv/lib/python3.9/site-packages/airflow/example_dags/example_xcom.py
[2023-03-27 21:29:11,785] {processor.py:641} INFO - Processing file /Users/gabrielroger/Documents/projects/weather-data/.venv/lib/python3.9/site-packages/airflow/example_dags/example_xcom.py for tasks to queue
[2023-03-27 21:29:11,785] {logging_mixin.py:115} INFO - [2023-03-27 21:29:11,785] {dagbag.py:507} INFO - Filling up the DagBag from /Users/gabrielroger/Documents/projects/weather-data/.venv/lib/python3.9/site-packages/airflow/example_dags/example_xcom.py
[2023-03-27 21:29:11,803] {processor.py:651} INFO - DAG(s) dict_keys(['example_xcom']) retrieved from /Users/gabrielroger/Documents/projects/weather-data/.venv/lib/python3.9/site-packages/airflow/example_dags/example_xcom.py
[2023-03-27 21:29:12,119] {logging_mixin.py:115} INFO - [2023-03-27 21:29:12,119] {dag.py:2379} INFO - Sync 1 DAGs
[2023-03-27 21:29:12,126] {logging_mixin.py:115} INFO - [2023-03-27 21:29:12,126] {dag.py:2927} INFO - Setting next_dagrun for example_xcom to 2021-01-01T00:00:00+00:00, run_after=2021-01-01T00:00:00+00:00
[2023-03-27 21:29:12,132] {processor.py:161} INFO - Processing /Users/gabrielroger/Documents/projects/weather-data/.venv/lib/python3.9/site-packages/airflow/example_dags/example_xcom.py took 0.347 seconds
[2023-03-27 21:29:54,093] {processor.py:153} INFO - Started process (PID=8150) to work on /Users/gabrielroger/Documents/projects/weather-data/.venv/lib/python3.9/site-packages/airflow/example_dags/example_xcom.py
[2023-03-27 21:29:54,093] {processor.py:641} INFO - Processing file /Users/gabrielroger/Documents/projects/weather-data/.venv/lib/python3.9/site-packages/airflow/example_dags/example_xcom.py for tasks to queue
[2023-03-27 21:29:54,093] {logging_mixin.py:115} INFO - [2023-03-27 21:29:54,093] {dagbag.py:507} INFO - Filling up the DagBag from /Users/gabrielroger/Documents/projects/weather-data/.venv/lib/python3.9/site-packages/airflow/example_dags/example_xcom.py
[2023-03-27 21:29:54,111] {processor.py:651} INFO - DAG(s) dict_keys(['example_xcom']) retrieved from /Users/gabrielroger/Documents/projects/weather-data/.venv/lib/python3.9/site-packages/airflow/example_dags/example_xcom.py
[2023-03-27 21:29:54,420] {logging_mixin.py:115} INFO - [2023-03-27 21:29:54,420] {dag.py:2379} INFO - Sync 1 DAGs
[2023-03-27 21:29:54,427] {logging_mixin.py:115} INFO - [2023-03-27 21:29:54,427] {dag.py:2927} INFO - Setting next_dagrun for example_xcom to 2021-01-01T00:00:00+00:00, run_after=2021-01-01T00:00:00+00:00
[2023-03-27 21:29:54,433] {processor.py:161} INFO - Processing /Users/gabrielroger/Documents/projects/weather-data/.venv/lib/python3.9/site-packages/airflow/example_dags/example_xcom.py took 0.341 seconds
[2023-03-27 21:30:37,271] {processor.py:153} INFO - Started process (PID=8236) to work on /Users/gabrielroger/Documents/projects/weather-data/.venv/lib/python3.9/site-packages/airflow/example_dags/example_xcom.py
[2023-03-27 21:30:37,271] {processor.py:641} INFO - Processing file /Users/gabrielroger/Documents/projects/weather-data/.venv/lib/python3.9/site-packages/airflow/example_dags/example_xcom.py for tasks to queue
[2023-03-27 21:30:37,272] {logging_mixin.py:115} INFO - [2023-03-27 21:30:37,272] {dagbag.py:507} INFO - Filling up the DagBag from /Users/gabrielroger/Documents/projects/weather-data/.venv/lib/python3.9/site-packages/airflow/example_dags/example_xcom.py
[2023-03-27 21:30:37,289] {processor.py:651} INFO - DAG(s) dict_keys(['example_xcom']) retrieved from /Users/gabrielroger/Documents/projects/weather-data/.venv/lib/python3.9/site-packages/airflow/example_dags/example_xcom.py
[2023-03-27 21:30:37,598] {logging_mixin.py:115} INFO - [2023-03-27 21:30:37,598] {dag.py:2379} INFO - Sync 1 DAGs
[2023-03-27 21:30:37,605] {logging_mixin.py:115} INFO - [2023-03-27 21:30:37,605] {dag.py:2927} INFO - Setting next_dagrun for example_xcom to 2021-01-01T00:00:00+00:00, run_after=2021-01-01T00:00:00+00:00
[2023-03-27 21:30:37,611] {processor.py:161} INFO - Processing /Users/gabrielroger/Documents/projects/weather-data/.venv/lib/python3.9/site-packages/airflow/example_dags/example_xcom.py took 0.340 seconds
[2023-03-27 21:31:19,599] {processor.py:153} INFO - Started process (PID=8307) to work on /Users/gabrielroger/Documents/projects/weather-data/.venv/lib/python3.9/site-packages/airflow/example_dags/example_xcom.py
[2023-03-27 21:31:19,599] {processor.py:641} INFO - Processing file /Users/gabrielroger/Documents/projects/weather-data/.venv/lib/python3.9/site-packages/airflow/example_dags/example_xcom.py for tasks to queue
[2023-03-27 21:31:19,599] {logging_mixin.py:115} INFO - [2023-03-27 21:31:19,599] {dagbag.py:507} INFO - Filling up the DagBag from /Users/gabrielroger/Documents/projects/weather-data/.venv/lib/python3.9/site-packages/airflow/example_dags/example_xcom.py
[2023-03-27 21:31:19,617] {processor.py:651} INFO - DAG(s) dict_keys(['example_xcom']) retrieved from /Users/gabrielroger/Documents/projects/weather-data/.venv/lib/python3.9/site-packages/airflow/example_dags/example_xcom.py
[2023-03-27 21:31:19,924] {logging_mixin.py:115} INFO - [2023-03-27 21:31:19,924] {dag.py:2379} INFO - Sync 1 DAGs
[2023-03-27 21:31:19,930] {logging_mixin.py:115} INFO - [2023-03-27 21:31:19,930] {dag.py:2927} INFO - Setting next_dagrun for example_xcom to 2021-01-01T00:00:00+00:00, run_after=2021-01-01T00:00:00+00:00
[2023-03-27 21:31:19,937] {processor.py:161} INFO - Processing /Users/gabrielroger/Documents/projects/weather-data/.venv/lib/python3.9/site-packages/airflow/example_dags/example_xcom.py took 0.338 seconds
[2023-03-27 21:32:03,181] {processor.py:153} INFO - Started process (PID=8379) to work on /Users/gabrielroger/Documents/projects/weather-data/.venv/lib/python3.9/site-packages/airflow/example_dags/example_xcom.py
[2023-03-27 21:32:03,181] {processor.py:641} INFO - Processing file /Users/gabrielroger/Documents/projects/weather-data/.venv/lib/python3.9/site-packages/airflow/example_dags/example_xcom.py for tasks to queue
[2023-03-27 21:32:03,181] {logging_mixin.py:115} INFO - [2023-03-27 21:32:03,181] {dagbag.py:507} INFO - Filling up the DagBag from /Users/gabrielroger/Documents/projects/weather-data/.venv/lib/python3.9/site-packages/airflow/example_dags/example_xcom.py
[2023-03-27 21:32:03,199] {processor.py:651} INFO - DAG(s) dict_keys(['example_xcom']) retrieved from /Users/gabrielroger/Documents/projects/weather-data/.venv/lib/python3.9/site-packages/airflow/example_dags/example_xcom.py
[2023-03-27 21:32:03,510] {logging_mixin.py:115} INFO - [2023-03-27 21:32:03,510] {dag.py:2379} INFO - Sync 1 DAGs
[2023-03-27 21:32:03,516] {logging_mixin.py:115} INFO - [2023-03-27 21:32:03,516] {dag.py:2927} INFO - Setting next_dagrun for example_xcom to 2021-01-01T00:00:00+00:00, run_after=2021-01-01T00:00:00+00:00
[2023-03-27 21:32:03,523] {processor.py:161} INFO - Processing /Users/gabrielroger/Documents/projects/weather-data/.venv/lib/python3.9/site-packages/airflow/example_dags/example_xcom.py took 0.342 seconds
[2023-03-27 21:32:47,588] {processor.py:153} INFO - Started process (PID=8453) to work on /Users/gabrielroger/Documents/projects/weather-data/.venv/lib/python3.9/site-packages/airflow/example_dags/example_xcom.py
[2023-03-27 21:32:47,588] {processor.py:641} INFO - Processing file /Users/gabrielroger/Documents/projects/weather-data/.venv/lib/python3.9/site-packages/airflow/example_dags/example_xcom.py for tasks to queue
[2023-03-27 21:32:47,588] {logging_mixin.py:115} INFO - [2023-03-27 21:32:47,588] {dagbag.py:507} INFO - Filling up the DagBag from /Users/gabrielroger/Documents/projects/weather-data/.venv/lib/python3.9/site-packages/airflow/example_dags/example_xcom.py
[2023-03-27 21:32:47,606] {processor.py:651} INFO - DAG(s) dict_keys(['example_xcom']) retrieved from /Users/gabrielroger/Documents/projects/weather-data/.venv/lib/python3.9/site-packages/airflow/example_dags/example_xcom.py
[2023-03-27 21:32:47,911] {logging_mixin.py:115} INFO - [2023-03-27 21:32:47,911] {dag.py:2379} INFO - Sync 1 DAGs
[2023-03-27 21:32:47,918] {logging_mixin.py:115} INFO - [2023-03-27 21:32:47,918] {dag.py:2927} INFO - Setting next_dagrun for example_xcom to 2021-01-01T00:00:00+00:00, run_after=2021-01-01T00:00:00+00:00
[2023-03-27 21:32:47,924] {processor.py:161} INFO - Processing /Users/gabrielroger/Documents/projects/weather-data/.venv/lib/python3.9/site-packages/airflow/example_dags/example_xcom.py took 0.337 seconds
[2023-03-27 21:33:33,282] {processor.py:153} INFO - Started process (PID=8526) to work on /Users/gabrielroger/Documents/projects/weather-data/.venv/lib/python3.9/site-packages/airflow/example_dags/example_xcom.py
[2023-03-27 21:33:33,282] {processor.py:641} INFO - Processing file /Users/gabrielroger/Documents/projects/weather-data/.venv/lib/python3.9/site-packages/airflow/example_dags/example_xcom.py for tasks to queue
[2023-03-27 21:33:33,282] {logging_mixin.py:115} INFO - [2023-03-27 21:33:33,282] {dagbag.py:507} INFO - Filling up the DagBag from /Users/gabrielroger/Documents/projects/weather-data/.venv/lib/python3.9/site-packages/airflow/example_dags/example_xcom.py
[2023-03-27 21:33:33,299] {processor.py:651} INFO - DAG(s) dict_keys(['example_xcom']) retrieved from /Users/gabrielroger/Documents/projects/weather-data/.venv/lib/python3.9/site-packages/airflow/example_dags/example_xcom.py
[2023-03-27 21:33:33,604] {logging_mixin.py:115} INFO - [2023-03-27 21:33:33,604] {dag.py:2379} INFO - Sync 1 DAGs
[2023-03-27 21:33:33,610] {logging_mixin.py:115} INFO - [2023-03-27 21:33:33,610] {dag.py:2927} INFO - Setting next_dagrun for example_xcom to 2021-01-01T00:00:00+00:00, run_after=2021-01-01T00:00:00+00:00
[2023-03-27 21:33:33,617] {processor.py:161} INFO - Processing /Users/gabrielroger/Documents/projects/weather-data/.venv/lib/python3.9/site-packages/airflow/example_dags/example_xcom.py took 0.336 seconds
[2023-03-27 21:34:17,768] {processor.py:153} INFO - Started process (PID=8606) to work on /Users/gabrielroger/Documents/projects/weather-data/.venv/lib/python3.9/site-packages/airflow/example_dags/example_xcom.py
[2023-03-27 21:34:17,768] {processor.py:641} INFO - Processing file /Users/gabrielroger/Documents/projects/weather-data/.venv/lib/python3.9/site-packages/airflow/example_dags/example_xcom.py for tasks to queue
[2023-03-27 21:34:17,768] {logging_mixin.py:115} INFO - [2023-03-27 21:34:17,768] {dagbag.py:507} INFO - Filling up the DagBag from /Users/gabrielroger/Documents/projects/weather-data/.venv/lib/python3.9/site-packages/airflow/example_dags/example_xcom.py
[2023-03-27 21:34:17,786] {processor.py:651} INFO - DAG(s) dict_keys(['example_xcom']) retrieved from /Users/gabrielroger/Documents/projects/weather-data/.venv/lib/python3.9/site-packages/airflow/example_dags/example_xcom.py
[2023-03-27 21:34:18,094] {logging_mixin.py:115} INFO - [2023-03-27 21:34:18,094] {dag.py:2379} INFO - Sync 1 DAGs
[2023-03-27 21:34:18,100] {logging_mixin.py:115} INFO - [2023-03-27 21:34:18,100] {dag.py:2927} INFO - Setting next_dagrun for example_xcom to 2021-01-01T00:00:00+00:00, run_after=2021-01-01T00:00:00+00:00
[2023-03-27 21:34:18,106] {processor.py:161} INFO - Processing /Users/gabrielroger/Documents/projects/weather-data/.venv/lib/python3.9/site-packages/airflow/example_dags/example_xcom.py took 0.339 seconds
[2023-03-27 21:59:45,029] {processor.py:153} INFO - Started process (PID=8735) to work on /Users/gabrielroger/Documents/projects/weather-data/.venv/lib/python3.9/site-packages/airflow/example_dags/example_xcom.py
[2023-03-27 21:59:45,029] {processor.py:641} INFO - Processing file /Users/gabrielroger/Documents/projects/weather-data/.venv/lib/python3.9/site-packages/airflow/example_dags/example_xcom.py for tasks to queue
[2023-03-27 21:59:45,030] {logging_mixin.py:115} INFO - [2023-03-27 21:59:45,030] {dagbag.py:507} INFO - Filling up the DagBag from /Users/gabrielroger/Documents/projects/weather-data/.venv/lib/python3.9/site-packages/airflow/example_dags/example_xcom.py
[2023-03-27 21:59:45,047] {processor.py:651} INFO - DAG(s) dict_keys(['example_xcom']) retrieved from /Users/gabrielroger/Documents/projects/weather-data/.venv/lib/python3.9/site-packages/airflow/example_dags/example_xcom.py
[2023-03-27 21:59:45,353] {logging_mixin.py:115} INFO - [2023-03-27 21:59:45,353] {dag.py:2379} INFO - Sync 1 DAGs
[2023-03-27 21:59:45,359] {logging_mixin.py:115} INFO - [2023-03-27 21:59:45,359] {dag.py:2927} INFO - Setting next_dagrun for example_xcom to 2021-01-01T00:00:00+00:00, run_after=2021-01-01T00:00:00+00:00
[2023-03-27 21:59:45,365] {processor.py:161} INFO - Processing /Users/gabrielroger/Documents/projects/weather-data/.venv/lib/python3.9/site-packages/airflow/example_dags/example_xcom.py took 0.337 seconds
[2023-03-27 22:00:30,562] {processor.py:153} INFO - Started process (PID=8823) to work on /Users/gabrielroger/Documents/projects/weather-data/.venv/lib/python3.9/site-packages/airflow/example_dags/example_xcom.py
[2023-03-27 22:00:30,563] {processor.py:641} INFO - Processing file /Users/gabrielroger/Documents/projects/weather-data/.venv/lib/python3.9/site-packages/airflow/example_dags/example_xcom.py for tasks to queue
[2023-03-27 22:00:30,563] {logging_mixin.py:115} INFO - [2023-03-27 22:00:30,563] {dagbag.py:507} INFO - Filling up the DagBag from /Users/gabrielroger/Documents/projects/weather-data/.venv/lib/python3.9/site-packages/airflow/example_dags/example_xcom.py
[2023-03-27 22:00:30,581] {processor.py:651} INFO - DAG(s) dict_keys(['example_xcom']) retrieved from /Users/gabrielroger/Documents/projects/weather-data/.venv/lib/python3.9/site-packages/airflow/example_dags/example_xcom.py
[2023-03-27 22:00:30,889] {logging_mixin.py:115} INFO - [2023-03-27 22:00:30,889] {dag.py:2379} INFO - Sync 1 DAGs
[2023-03-27 22:00:30,895] {logging_mixin.py:115} INFO - [2023-03-27 22:00:30,895] {dag.py:2927} INFO - Setting next_dagrun for example_xcom to 2021-01-01T00:00:00+00:00, run_after=2021-01-01T00:00:00+00:00
[2023-03-27 22:00:30,902] {processor.py:161} INFO - Processing /Users/gabrielroger/Documents/projects/weather-data/.venv/lib/python3.9/site-packages/airflow/example_dags/example_xcom.py took 0.340 seconds
[2023-03-27 22:08:14,755] {processor.py:153} INFO - Started process (PID=8876) to work on /Users/gabrielroger/Documents/projects/weather-data/.venv/lib/python3.9/site-packages/airflow/example_dags/example_xcom.py
[2023-03-27 22:08:14,755] {processor.py:641} INFO - Processing file /Users/gabrielroger/Documents/projects/weather-data/.venv/lib/python3.9/site-packages/airflow/example_dags/example_xcom.py for tasks to queue
[2023-03-27 22:08:14,756] {logging_mixin.py:115} INFO - [2023-03-27 22:08:14,756] {dagbag.py:507} INFO - Filling up the DagBag from /Users/gabrielroger/Documents/projects/weather-data/.venv/lib/python3.9/site-packages/airflow/example_dags/example_xcom.py
[2023-03-27 22:08:14,773] {processor.py:651} INFO - DAG(s) dict_keys(['example_xcom']) retrieved from /Users/gabrielroger/Documents/projects/weather-data/.venv/lib/python3.9/site-packages/airflow/example_dags/example_xcom.py
[2023-03-27 22:08:15,076] {logging_mixin.py:115} INFO - [2023-03-27 22:08:15,076] {dag.py:2379} INFO - Sync 1 DAGs
[2023-03-27 22:08:15,083] {logging_mixin.py:115} INFO - [2023-03-27 22:08:15,083] {dag.py:2927} INFO - Setting next_dagrun for example_xcom to 2021-01-01T00:00:00+00:00, run_after=2021-01-01T00:00:00+00:00
[2023-03-27 22:08:15,089] {processor.py:161} INFO - Processing /Users/gabrielroger/Documents/projects/weather-data/.venv/lib/python3.9/site-packages/airflow/example_dags/example_xcom.py took 0.334 seconds
[2023-03-27 23:12:13,139] {processor.py:153} INFO - Started process (PID=8988) to work on /Users/gabrielroger/Documents/projects/weather-data/.venv/lib/python3.9/site-packages/airflow/example_dags/example_xcom.py
[2023-03-27 23:12:13,140] {processor.py:641} INFO - Processing file /Users/gabrielroger/Documents/projects/weather-data/.venv/lib/python3.9/site-packages/airflow/example_dags/example_xcom.py for tasks to queue
[2023-03-27 23:12:13,140] {logging_mixin.py:115} INFO - [2023-03-27 23:12:13,140] {dagbag.py:507} INFO - Filling up the DagBag from /Users/gabrielroger/Documents/projects/weather-data/.venv/lib/python3.9/site-packages/airflow/example_dags/example_xcom.py
[2023-03-27 23:12:13,158] {processor.py:651} INFO - DAG(s) dict_keys(['example_xcom']) retrieved from /Users/gabrielroger/Documents/projects/weather-data/.venv/lib/python3.9/site-packages/airflow/example_dags/example_xcom.py
[2023-03-27 23:12:13,463] {logging_mixin.py:115} INFO - [2023-03-27 23:12:13,463] {dag.py:2379} INFO - Sync 1 DAGs
[2023-03-27 23:12:13,470] {logging_mixin.py:115} INFO - [2023-03-27 23:12:13,470] {dag.py:2927} INFO - Setting next_dagrun for example_xcom to 2021-01-01T00:00:00+00:00, run_after=2021-01-01T00:00:00+00:00
[2023-03-27 23:27:53,282] {processor.py:161} INFO - Processing /Users/gabrielroger/Documents/projects/weather-data/.venv/lib/python3.9/site-packages/airflow/example_dags/example_xcom.py took 0.669 seconds
