[2023-03-27 21:10:25,043] {processor.py:153} INFO - Started process (PID=6120) to work on /Users/gabrielroger/Documents/projects/weather-data/.venv/lib/python3.9/site-packages/airflow/example_dags/example_bash_operator.py
[2023-03-27 21:10:25,044] {processor.py:641} INFO - Processing file /Users/gabrielroger/Documents/projects/weather-data/.venv/lib/python3.9/site-packages/airflow/example_dags/example_bash_operator.py for tasks to queue
[2023-03-27 21:10:25,044] {logging_mixin.py:115} INFO - [2023-03-27 21:10:25,044] {dagbag.py:507} INFO - Filling up the DagBag from /Users/gabrielroger/Documents/projects/weather-data/.venv/lib/python3.9/site-packages/airflow/example_dags/example_bash_operator.py
[2023-03-27 21:10:25,053] {processor.py:651} INFO - DAG(s) dict_keys(['example_bash_operator']) retrieved from /Users/gabrielroger/Documents/projects/weather-data/.venv/lib/python3.9/site-packages/airflow/example_dags/example_bash_operator.py
[2023-03-27 21:10:25,085] {logging_mixin.py:115} INFO - [2023-03-27 21:10:25,084] {dag.py:2379} INFO - Sync 1 DAGs
[2023-03-27 21:10:25,092] {logging_mixin.py:115} INFO - [2023-03-27 21:10:25,092] {dag.py:2927} INFO - Setting next_dagrun for example_bash_operator to 2023-03-27T00:00:00+00:00, run_after=2023-03-28T00:00:00+00:00
[2023-03-27 21:10:25,098] {processor.py:161} INFO - Processing /Users/gabrielroger/Documents/projects/weather-data/.venv/lib/python3.9/site-packages/airflow/example_dags/example_bash_operator.py took 0.054 seconds
[2023-03-27 21:11:31,028] {processor.py:153} INFO - Started process (PID=6235) to work on /Users/gabrielroger/Documents/projects/weather-data/.venv/lib/python3.9/site-packages/airflow/example_dags/example_bash_operator.py
[2023-03-27 21:11:31,028] {processor.py:641} INFO - Processing file /Users/gabrielroger/Documents/projects/weather-data/.venv/lib/python3.9/site-packages/airflow/example_dags/example_bash_operator.py for tasks to queue
[2023-03-27 21:11:31,028] {logging_mixin.py:115} INFO - [2023-03-27 21:11:31,028] {dagbag.py:507} INFO - Filling up the DagBag from /Users/gabrielroger/Documents/projects/weather-data/.venv/lib/python3.9/site-packages/airflow/example_dags/example_bash_operator.py
[2023-03-27 21:11:31,039] {processor.py:651} INFO - DAG(s) dict_keys(['example_bash_operator']) retrieved from /Users/gabrielroger/Documents/projects/weather-data/.venv/lib/python3.9/site-packages/airflow/example_dags/example_bash_operator.py
[2023-03-27 21:11:31,075] {logging_mixin.py:115} INFO - [2023-03-27 21:11:31,075] {dag.py:2379} INFO - Sync 1 DAGs
[2023-03-27 21:11:31,086] {logging_mixin.py:115} INFO - [2023-03-27 21:11:31,086] {dag.py:2927} INFO - Setting next_dagrun for example_bash_operator to 2023-03-27T00:00:00+00:00, run_after=2023-03-28T00:00:00+00:00
[2023-03-27 21:11:31,092] {processor.py:161} INFO - Processing /Users/gabrielroger/Documents/projects/weather-data/.venv/lib/python3.9/site-packages/airflow/example_dags/example_bash_operator.py took 0.065 seconds
[2023-03-27 21:12:41,720] {processor.py:153} INFO - Started process (PID=6350) to work on /Users/gabrielroger/Documents/projects/weather-data/.venv/lib/python3.9/site-packages/airflow/example_dags/example_bash_operator.py
[2023-03-27 21:12:41,721] {processor.py:641} INFO - Processing file /Users/gabrielroger/Documents/projects/weather-data/.venv/lib/python3.9/site-packages/airflow/example_dags/example_bash_operator.py for tasks to queue
[2023-03-27 21:12:41,721] {logging_mixin.py:115} INFO - [2023-03-27 21:12:41,721] {dagbag.py:507} INFO - Filling up the DagBag from /Users/gabrielroger/Documents/projects/weather-data/.venv/lib/python3.9/site-packages/airflow/example_dags/example_bash_operator.py
[2023-03-27 21:12:41,730] {processor.py:651} INFO - DAG(s) dict_keys(['example_bash_operator']) retrieved from /Users/gabrielroger/Documents/projects/weather-data/.venv/lib/python3.9/site-packages/airflow/example_dags/example_bash_operator.py
[2023-03-27 21:12:41,760] {logging_mixin.py:115} INFO - [2023-03-27 21:12:41,760] {dag.py:2379} INFO - Sync 1 DAGs
[2023-03-27 21:12:41,768] {logging_mixin.py:115} INFO - [2023-03-27 21:12:41,768] {dag.py:2927} INFO - Setting next_dagrun for example_bash_operator to 2023-03-27T00:00:00+00:00, run_after=2023-03-28T00:00:00+00:00
[2023-03-27 21:12:41,773] {processor.py:161} INFO - Processing /Users/gabrielroger/Documents/projects/weather-data/.venv/lib/python3.9/site-packages/airflow/example_dags/example_bash_operator.py took 0.054 seconds
[2023-03-27 21:13:49,997] {processor.py:153} INFO - Started process (PID=6465) to work on /Users/gabrielroger/Documents/projects/weather-data/.venv/lib/python3.9/site-packages/airflow/example_dags/example_bash_operator.py
[2023-03-27 21:13:49,998] {processor.py:641} INFO - Processing file /Users/gabrielroger/Documents/projects/weather-data/.venv/lib/python3.9/site-packages/airflow/example_dags/example_bash_operator.py for tasks to queue
[2023-03-27 21:13:49,998] {logging_mixin.py:115} INFO - [2023-03-27 21:13:49,998] {dagbag.py:507} INFO - Filling up the DagBag from /Users/gabrielroger/Documents/projects/weather-data/.venv/lib/python3.9/site-packages/airflow/example_dags/example_bash_operator.py
[2023-03-27 21:13:50,007] {processor.py:651} INFO - DAG(s) dict_keys(['example_bash_operator']) retrieved from /Users/gabrielroger/Documents/projects/weather-data/.venv/lib/python3.9/site-packages/airflow/example_dags/example_bash_operator.py
[2023-03-27 21:13:50,038] {logging_mixin.py:115} INFO - [2023-03-27 21:13:50,038] {dag.py:2379} INFO - Sync 1 DAGs
[2023-03-27 21:13:50,045] {logging_mixin.py:115} INFO - [2023-03-27 21:13:50,045] {dag.py:2927} INFO - Setting next_dagrun for example_bash_operator to 2023-03-27T00:00:00+00:00, run_after=2023-03-28T00:00:00+00:00
[2023-03-27 21:13:50,051] {processor.py:161} INFO - Processing /Users/gabrielroger/Documents/projects/weather-data/.venv/lib/python3.9/site-packages/airflow/example_dags/example_bash_operator.py took 0.054 seconds
[2023-03-27 21:14:49,342] {processor.py:153} INFO - Started process (PID=6566) to work on /Users/gabrielroger/Documents/projects/weather-data/.venv/lib/python3.9/site-packages/airflow/example_dags/example_bash_operator.py
[2023-03-27 21:14:49,342] {processor.py:641} INFO - Processing file /Users/gabrielroger/Documents/projects/weather-data/.venv/lib/python3.9/site-packages/airflow/example_dags/example_bash_operator.py for tasks to queue
[2023-03-27 21:14:49,342] {logging_mixin.py:115} INFO - [2023-03-27 21:14:49,342] {dagbag.py:507} INFO - Filling up the DagBag from /Users/gabrielroger/Documents/projects/weather-data/.venv/lib/python3.9/site-packages/airflow/example_dags/example_bash_operator.py
[2023-03-27 21:14:49,351] {processor.py:651} INFO - DAG(s) dict_keys(['example_bash_operator']) retrieved from /Users/gabrielroger/Documents/projects/weather-data/.venv/lib/python3.9/site-packages/airflow/example_dags/example_bash_operator.py
[2023-03-27 21:14:49,382] {logging_mixin.py:115} INFO - [2023-03-27 21:14:49,382] {dag.py:2379} INFO - Sync 1 DAGs
[2023-03-27 21:14:49,390] {logging_mixin.py:115} INFO - [2023-03-27 21:14:49,390] {dag.py:2927} INFO - Setting next_dagrun for example_bash_operator to 2023-03-27T00:00:00+00:00, run_after=2023-03-28T00:00:00+00:00
[2023-03-27 21:14:49,395] {processor.py:161} INFO - Processing /Users/gabrielroger/Documents/projects/weather-data/.venv/lib/python3.9/site-packages/airflow/example_dags/example_bash_operator.py took 0.054 seconds
[2023-03-27 21:15:54,627] {processor.py:153} INFO - Started process (PID=6674) to work on /Users/gabrielroger/Documents/projects/weather-data/.venv/lib/python3.9/site-packages/airflow/example_dags/example_bash_operator.py
[2023-03-27 21:15:54,627] {processor.py:641} INFO - Processing file /Users/gabrielroger/Documents/projects/weather-data/.venv/lib/python3.9/site-packages/airflow/example_dags/example_bash_operator.py for tasks to queue
[2023-03-27 21:15:54,627] {logging_mixin.py:115} INFO - [2023-03-27 21:15:54,627] {dagbag.py:507} INFO - Filling up the DagBag from /Users/gabrielroger/Documents/projects/weather-data/.venv/lib/python3.9/site-packages/airflow/example_dags/example_bash_operator.py
[2023-03-27 21:15:54,636] {processor.py:651} INFO - DAG(s) dict_keys(['example_bash_operator']) retrieved from /Users/gabrielroger/Documents/projects/weather-data/.venv/lib/python3.9/site-packages/airflow/example_dags/example_bash_operator.py
[2023-03-27 21:15:54,666] {logging_mixin.py:115} INFO - [2023-03-27 21:15:54,666] {dag.py:2379} INFO - Sync 1 DAGs
[2023-03-27 21:15:54,673] {logging_mixin.py:115} INFO - [2023-03-27 21:15:54,673] {dag.py:2927} INFO - Setting next_dagrun for example_bash_operator to 2023-03-27T00:00:00+00:00, run_after=2023-03-28T00:00:00+00:00
[2023-03-27 21:15:54,679] {processor.py:161} INFO - Processing /Users/gabrielroger/Documents/projects/weather-data/.venv/lib/python3.9/site-packages/airflow/example_dags/example_bash_operator.py took 0.052 seconds
[2023-03-27 21:17:00,851] {processor.py:153} INFO - Started process (PID=6782) to work on /Users/gabrielroger/Documents/projects/weather-data/.venv/lib/python3.9/site-packages/airflow/example_dags/example_bash_operator.py
[2023-03-27 21:17:00,851] {processor.py:641} INFO - Processing file /Users/gabrielroger/Documents/projects/weather-data/.venv/lib/python3.9/site-packages/airflow/example_dags/example_bash_operator.py for tasks to queue
[2023-03-27 21:17:00,851] {logging_mixin.py:115} INFO - [2023-03-27 21:17:00,851] {dagbag.py:507} INFO - Filling up the DagBag from /Users/gabrielroger/Documents/projects/weather-data/.venv/lib/python3.9/site-packages/airflow/example_dags/example_bash_operator.py
[2023-03-27 21:17:00,860] {processor.py:651} INFO - DAG(s) dict_keys(['example_bash_operator']) retrieved from /Users/gabrielroger/Documents/projects/weather-data/.venv/lib/python3.9/site-packages/airflow/example_dags/example_bash_operator.py
[2023-03-27 21:17:00,890] {logging_mixin.py:115} INFO - [2023-03-27 21:17:00,890] {dag.py:2379} INFO - Sync 1 DAGs
[2023-03-27 21:17:00,897] {logging_mixin.py:115} INFO - [2023-03-27 21:17:00,897] {dag.py:2927} INFO - Setting next_dagrun for example_bash_operator to 2023-03-27T00:00:00+00:00, run_after=2023-03-28T00:00:00+00:00
[2023-03-27 21:17:00,903] {processor.py:161} INFO - Processing /Users/gabrielroger/Documents/projects/weather-data/.venv/lib/python3.9/site-packages/airflow/example_dags/example_bash_operator.py took 0.052 seconds
[2023-03-27 21:18:04,076] {processor.py:153} INFO - Started process (PID=6888) to work on /Users/gabrielroger/Documents/projects/weather-data/.venv/lib/python3.9/site-packages/airflow/example_dags/example_bash_operator.py
[2023-03-27 21:18:04,077] {processor.py:641} INFO - Processing file /Users/gabrielroger/Documents/projects/weather-data/.venv/lib/python3.9/site-packages/airflow/example_dags/example_bash_operator.py for tasks to queue
[2023-03-27 21:18:04,077] {logging_mixin.py:115} INFO - [2023-03-27 21:18:04,077] {dagbag.py:507} INFO - Filling up the DagBag from /Users/gabrielroger/Documents/projects/weather-data/.venv/lib/python3.9/site-packages/airflow/example_dags/example_bash_operator.py
[2023-03-27 21:18:04,085] {processor.py:651} INFO - DAG(s) dict_keys(['example_bash_operator']) retrieved from /Users/gabrielroger/Documents/projects/weather-data/.venv/lib/python3.9/site-packages/airflow/example_dags/example_bash_operator.py
[2023-03-27 21:18:04,115] {logging_mixin.py:115} INFO - [2023-03-27 21:18:04,115] {dag.py:2379} INFO - Sync 1 DAGs
[2023-03-27 21:18:04,123] {logging_mixin.py:115} INFO - [2023-03-27 21:18:04,123] {dag.py:2927} INFO - Setting next_dagrun for example_bash_operator to 2023-03-27T00:00:00+00:00, run_after=2023-03-28T00:00:00+00:00
[2023-03-27 21:18:04,129] {processor.py:161} INFO - Processing /Users/gabrielroger/Documents/projects/weather-data/.venv/lib/python3.9/site-packages/airflow/example_dags/example_bash_operator.py took 0.053 seconds
[2023-03-27 21:19:08,834] {processor.py:153} INFO - Started process (PID=7001) to work on /Users/gabrielroger/Documents/projects/weather-data/.venv/lib/python3.9/site-packages/airflow/example_dags/example_bash_operator.py
[2023-03-27 21:19:08,835] {processor.py:641} INFO - Processing file /Users/gabrielroger/Documents/projects/weather-data/.venv/lib/python3.9/site-packages/airflow/example_dags/example_bash_operator.py for tasks to queue
[2023-03-27 21:19:08,835] {logging_mixin.py:115} INFO - [2023-03-27 21:19:08,835] {dagbag.py:507} INFO - Filling up the DagBag from /Users/gabrielroger/Documents/projects/weather-data/.venv/lib/python3.9/site-packages/airflow/example_dags/example_bash_operator.py
[2023-03-27 21:19:08,844] {processor.py:651} INFO - DAG(s) dict_keys(['example_bash_operator']) retrieved from /Users/gabrielroger/Documents/projects/weather-data/.venv/lib/python3.9/site-packages/airflow/example_dags/example_bash_operator.py
[2023-03-27 21:19:08,875] {logging_mixin.py:115} INFO - [2023-03-27 21:19:08,875] {dag.py:2379} INFO - Sync 1 DAGs
[2023-03-27 21:19:08,882] {logging_mixin.py:115} INFO - [2023-03-27 21:19:08,882] {dag.py:2927} INFO - Setting next_dagrun for example_bash_operator to 2023-03-27T00:00:00+00:00, run_after=2023-03-28T00:00:00+00:00
[2023-03-27 21:19:08,888] {processor.py:161} INFO - Processing /Users/gabrielroger/Documents/projects/weather-data/.venv/lib/python3.9/site-packages/airflow/example_dags/example_bash_operator.py took 0.054 seconds
[2023-03-27 21:20:15,751] {processor.py:153} INFO - Started process (PID=7111) to work on /Users/gabrielroger/Documents/projects/weather-data/.venv/lib/python3.9/site-packages/airflow/example_dags/example_bash_operator.py
[2023-03-27 21:20:15,751] {processor.py:641} INFO - Processing file /Users/gabrielroger/Documents/projects/weather-data/.venv/lib/python3.9/site-packages/airflow/example_dags/example_bash_operator.py for tasks to queue
[2023-03-27 21:20:15,751] {logging_mixin.py:115} INFO - [2023-03-27 21:20:15,751] {dagbag.py:507} INFO - Filling up the DagBag from /Users/gabrielroger/Documents/projects/weather-data/.venv/lib/python3.9/site-packages/airflow/example_dags/example_bash_operator.py
[2023-03-27 21:20:15,760] {processor.py:651} INFO - DAG(s) dict_keys(['example_bash_operator']) retrieved from /Users/gabrielroger/Documents/projects/weather-data/.venv/lib/python3.9/site-packages/airflow/example_dags/example_bash_operator.py
[2023-03-27 21:20:15,790] {logging_mixin.py:115} INFO - [2023-03-27 21:20:15,790] {dag.py:2379} INFO - Sync 1 DAGs
[2023-03-27 21:20:15,797] {logging_mixin.py:115} INFO - [2023-03-27 21:20:15,797] {dag.py:2927} INFO - Setting next_dagrun for example_bash_operator to 2023-03-27T00:00:00+00:00, run_after=2023-03-28T00:00:00+00:00
[2023-03-27 21:20:15,803] {processor.py:161} INFO - Processing /Users/gabrielroger/Documents/projects/weather-data/.venv/lib/python3.9/site-packages/airflow/example_dags/example_bash_operator.py took 0.052 seconds
[2023-03-27 21:21:23,308] {processor.py:153} INFO - Started process (PID=7221) to work on /Users/gabrielroger/Documents/projects/weather-data/.venv/lib/python3.9/site-packages/airflow/example_dags/example_bash_operator.py
[2023-03-27 21:21:23,308] {processor.py:641} INFO - Processing file /Users/gabrielroger/Documents/projects/weather-data/.venv/lib/python3.9/site-packages/airflow/example_dags/example_bash_operator.py for tasks to queue
[2023-03-27 21:21:23,308] {logging_mixin.py:115} INFO - [2023-03-27 21:21:23,308] {dagbag.py:507} INFO - Filling up the DagBag from /Users/gabrielroger/Documents/projects/weather-data/.venv/lib/python3.9/site-packages/airflow/example_dags/example_bash_operator.py
[2023-03-27 21:21:23,316] {processor.py:651} INFO - DAG(s) dict_keys(['example_bash_operator']) retrieved from /Users/gabrielroger/Documents/projects/weather-data/.venv/lib/python3.9/site-packages/airflow/example_dags/example_bash_operator.py
[2023-03-27 21:21:23,346] {logging_mixin.py:115} INFO - [2023-03-27 21:21:23,346] {dag.py:2379} INFO - Sync 1 DAGs
[2023-03-27 21:21:23,353] {logging_mixin.py:115} INFO - [2023-03-27 21:21:23,353] {dag.py:2927} INFO - Setting next_dagrun for example_bash_operator to 2023-03-27T00:00:00+00:00, run_after=2023-03-28T00:00:00+00:00
[2023-03-27 21:21:23,358] {processor.py:161} INFO - Processing /Users/gabrielroger/Documents/projects/weather-data/.venv/lib/python3.9/site-packages/airflow/example_dags/example_bash_operator.py took 0.051 seconds
[2023-03-27 21:22:32,373] {processor.py:153} INFO - Started process (PID=7334) to work on /Users/gabrielroger/Documents/projects/weather-data/.venv/lib/python3.9/site-packages/airflow/example_dags/example_bash_operator.py
[2023-03-27 21:22:32,373] {processor.py:641} INFO - Processing file /Users/gabrielroger/Documents/projects/weather-data/.venv/lib/python3.9/site-packages/airflow/example_dags/example_bash_operator.py for tasks to queue
[2023-03-27 21:22:32,373] {logging_mixin.py:115} INFO - [2023-03-27 21:22:32,373] {dagbag.py:507} INFO - Filling up the DagBag from /Users/gabrielroger/Documents/projects/weather-data/.venv/lib/python3.9/site-packages/airflow/example_dags/example_bash_operator.py
[2023-03-27 21:22:32,381] {processor.py:651} INFO - DAG(s) dict_keys(['example_bash_operator']) retrieved from /Users/gabrielroger/Documents/projects/weather-data/.venv/lib/python3.9/site-packages/airflow/example_dags/example_bash_operator.py
[2023-03-27 21:22:32,411] {logging_mixin.py:115} INFO - [2023-03-27 21:22:32,411] {dag.py:2379} INFO - Sync 1 DAGs
[2023-03-27 21:22:32,419] {logging_mixin.py:115} INFO - [2023-03-27 21:22:32,419] {dag.py:2927} INFO - Setting next_dagrun for example_bash_operator to 2023-03-27T00:00:00+00:00, run_after=2023-03-28T00:00:00+00:00
[2023-03-27 21:22:32,425] {processor.py:161} INFO - Processing /Users/gabrielroger/Documents/projects/weather-data/.venv/lib/python3.9/site-packages/airflow/example_dags/example_bash_operator.py took 0.052 seconds
[2023-03-27 21:23:37,308] {processor.py:153} INFO - Started process (PID=7444) to work on /Users/gabrielroger/Documents/projects/weather-data/.venv/lib/python3.9/site-packages/airflow/example_dags/example_bash_operator.py
[2023-03-27 21:23:37,308] {processor.py:641} INFO - Processing file /Users/gabrielroger/Documents/projects/weather-data/.venv/lib/python3.9/site-packages/airflow/example_dags/example_bash_operator.py for tasks to queue
[2023-03-27 21:23:37,308] {logging_mixin.py:115} INFO - [2023-03-27 21:23:37,308] {dagbag.py:507} INFO - Filling up the DagBag from /Users/gabrielroger/Documents/projects/weather-data/.venv/lib/python3.9/site-packages/airflow/example_dags/example_bash_operator.py
[2023-03-27 21:23:37,316] {processor.py:651} INFO - DAG(s) dict_keys(['example_bash_operator']) retrieved from /Users/gabrielroger/Documents/projects/weather-data/.venv/lib/python3.9/site-packages/airflow/example_dags/example_bash_operator.py
[2023-03-27 21:23:37,346] {logging_mixin.py:115} INFO - [2023-03-27 21:23:37,346] {dag.py:2379} INFO - Sync 1 DAGs
[2023-03-27 21:23:37,353] {logging_mixin.py:115} INFO - [2023-03-27 21:23:37,353] {dag.py:2927} INFO - Setting next_dagrun for example_bash_operator to 2023-03-27T00:00:00+00:00, run_after=2023-03-28T00:00:00+00:00
[2023-03-27 21:23:37,359] {processor.py:161} INFO - Processing /Users/gabrielroger/Documents/projects/weather-data/.venv/lib/python3.9/site-packages/airflow/example_dags/example_bash_operator.py took 0.051 seconds
[2023-03-27 21:24:43,531] {processor.py:153} INFO - Started process (PID=7581) to work on /Users/gabrielroger/Documents/projects/weather-data/.venv/lib/python3.9/site-packages/airflow/example_dags/example_bash_operator.py
[2023-03-27 21:24:43,531] {processor.py:641} INFO - Processing file /Users/gabrielroger/Documents/projects/weather-data/.venv/lib/python3.9/site-packages/airflow/example_dags/example_bash_operator.py for tasks to queue
[2023-03-27 21:24:43,531] {logging_mixin.py:115} INFO - [2023-03-27 21:24:43,531] {dagbag.py:507} INFO - Filling up the DagBag from /Users/gabrielroger/Documents/projects/weather-data/.venv/lib/python3.9/site-packages/airflow/example_dags/example_bash_operator.py
[2023-03-27 21:24:43,540] {processor.py:651} INFO - DAG(s) dict_keys(['example_bash_operator']) retrieved from /Users/gabrielroger/Documents/projects/weather-data/.venv/lib/python3.9/site-packages/airflow/example_dags/example_bash_operator.py
[2023-03-27 21:24:43,576] {logging_mixin.py:115} INFO - [2023-03-27 21:24:43,576] {dag.py:2379} INFO - Sync 1 DAGs
[2023-03-27 21:24:43,583] {logging_mixin.py:115} INFO - [2023-03-27 21:24:43,583] {dag.py:2927} INFO - Setting next_dagrun for example_bash_operator to 2023-03-27T00:00:00+00:00, run_after=2023-03-28T00:00:00+00:00
[2023-03-27 21:24:43,589] {processor.py:161} INFO - Processing /Users/gabrielroger/Documents/projects/weather-data/.venv/lib/python3.9/site-packages/airflow/example_dags/example_bash_operator.py took 0.058 seconds
[2023-03-27 21:25:48,442] {processor.py:153} INFO - Started process (PID=7707) to work on /Users/gabrielroger/Documents/projects/weather-data/.venv/lib/python3.9/site-packages/airflow/example_dags/example_bash_operator.py
[2023-03-27 21:25:48,442] {processor.py:641} INFO - Processing file /Users/gabrielroger/Documents/projects/weather-data/.venv/lib/python3.9/site-packages/airflow/example_dags/example_bash_operator.py for tasks to queue
[2023-03-27 21:25:48,442] {logging_mixin.py:115} INFO - [2023-03-27 21:25:48,442] {dagbag.py:507} INFO - Filling up the DagBag from /Users/gabrielroger/Documents/projects/weather-data/.venv/lib/python3.9/site-packages/airflow/example_dags/example_bash_operator.py
[2023-03-27 21:25:48,450] {processor.py:651} INFO - DAG(s) dict_keys(['example_bash_operator']) retrieved from /Users/gabrielroger/Documents/projects/weather-data/.venv/lib/python3.9/site-packages/airflow/example_dags/example_bash_operator.py
[2023-03-27 21:25:48,480] {logging_mixin.py:115} INFO - [2023-03-27 21:25:48,480] {dag.py:2379} INFO - Sync 1 DAGs
[2023-03-27 21:25:48,488] {logging_mixin.py:115} INFO - [2023-03-27 21:25:48,488] {dag.py:2927} INFO - Setting next_dagrun for example_bash_operator to 2023-03-27T00:00:00+00:00, run_after=2023-03-28T00:00:00+00:00
[2023-03-27 21:25:48,493] {processor.py:161} INFO - Processing /Users/gabrielroger/Documents/projects/weather-data/.venv/lib/python3.9/site-packages/airflow/example_dags/example_bash_operator.py took 0.052 seconds
[2023-03-27 21:26:56,629] {processor.py:153} INFO - Started process (PID=7820) to work on /Users/gabrielroger/Documents/projects/weather-data/.venv/lib/python3.9/site-packages/airflow/example_dags/example_bash_operator.py
[2023-03-27 21:26:56,630] {processor.py:641} INFO - Processing file /Users/gabrielroger/Documents/projects/weather-data/.venv/lib/python3.9/site-packages/airflow/example_dags/example_bash_operator.py for tasks to queue
[2023-03-27 21:26:56,630] {logging_mixin.py:115} INFO - [2023-03-27 21:26:56,630] {dagbag.py:507} INFO - Filling up the DagBag from /Users/gabrielroger/Documents/projects/weather-data/.venv/lib/python3.9/site-packages/airflow/example_dags/example_bash_operator.py
[2023-03-27 21:26:56,638] {processor.py:651} INFO - DAG(s) dict_keys(['example_bash_operator']) retrieved from /Users/gabrielroger/Documents/projects/weather-data/.venv/lib/python3.9/site-packages/airflow/example_dags/example_bash_operator.py
[2023-03-27 21:26:56,668] {logging_mixin.py:115} INFO - [2023-03-27 21:26:56,668] {dag.py:2379} INFO - Sync 1 DAGs
[2023-03-27 21:26:56,675] {logging_mixin.py:115} INFO - [2023-03-27 21:26:56,675] {dag.py:2927} INFO - Setting next_dagrun for example_bash_operator to 2023-03-27T00:00:00+00:00, run_after=2023-03-28T00:00:00+00:00
[2023-03-27 21:26:56,681] {processor.py:161} INFO - Processing /Users/gabrielroger/Documents/projects/weather-data/.venv/lib/python3.9/site-packages/airflow/example_dags/example_bash_operator.py took 0.051 seconds
[2023-03-27 21:28:01,406] {processor.py:153} INFO - Started process (PID=7926) to work on /Users/gabrielroger/Documents/projects/weather-data/.venv/lib/python3.9/site-packages/airflow/example_dags/example_bash_operator.py
[2023-03-27 21:28:01,407] {processor.py:641} INFO - Processing file /Users/gabrielroger/Documents/projects/weather-data/.venv/lib/python3.9/site-packages/airflow/example_dags/example_bash_operator.py for tasks to queue
[2023-03-27 21:28:01,407] {logging_mixin.py:115} INFO - [2023-03-27 21:28:01,407] {dagbag.py:507} INFO - Filling up the DagBag from /Users/gabrielroger/Documents/projects/weather-data/.venv/lib/python3.9/site-packages/airflow/example_dags/example_bash_operator.py
[2023-03-27 21:28:01,415] {processor.py:651} INFO - DAG(s) dict_keys(['example_bash_operator']) retrieved from /Users/gabrielroger/Documents/projects/weather-data/.venv/lib/python3.9/site-packages/airflow/example_dags/example_bash_operator.py
[2023-03-27 21:28:01,445] {logging_mixin.py:115} INFO - [2023-03-27 21:28:01,445] {dag.py:2379} INFO - Sync 1 DAGs
[2023-03-27 21:28:01,452] {logging_mixin.py:115} INFO - [2023-03-27 21:28:01,452] {dag.py:2927} INFO - Setting next_dagrun for example_bash_operator to 2023-03-27T00:00:00+00:00, run_after=2023-03-28T00:00:00+00:00
[2023-03-27 21:28:01,458] {processor.py:161} INFO - Processing /Users/gabrielroger/Documents/projects/weather-data/.venv/lib/python3.9/site-packages/airflow/example_dags/example_bash_operator.py took 0.052 seconds
[2023-03-27 21:29:05,845] {processor.py:153} INFO - Started process (PID=8047) to work on /Users/gabrielroger/Documents/projects/weather-data/.venv/lib/python3.9/site-packages/airflow/example_dags/example_bash_operator.py
[2023-03-27 21:29:05,846] {processor.py:641} INFO - Processing file /Users/gabrielroger/Documents/projects/weather-data/.venv/lib/python3.9/site-packages/airflow/example_dags/example_bash_operator.py for tasks to queue
[2023-03-27 21:29:05,846] {logging_mixin.py:115} INFO - [2023-03-27 21:29:05,846] {dagbag.py:507} INFO - Filling up the DagBag from /Users/gabrielroger/Documents/projects/weather-data/.venv/lib/python3.9/site-packages/airflow/example_dags/example_bash_operator.py
[2023-03-27 21:29:05,854] {processor.py:651} INFO - DAG(s) dict_keys(['example_bash_operator']) retrieved from /Users/gabrielroger/Documents/projects/weather-data/.venv/lib/python3.9/site-packages/airflow/example_dags/example_bash_operator.py
[2023-03-27 21:29:05,884] {logging_mixin.py:115} INFO - [2023-03-27 21:29:05,884] {dag.py:2379} INFO - Sync 1 DAGs
[2023-03-27 21:29:05,891] {logging_mixin.py:115} INFO - [2023-03-27 21:29:05,891] {dag.py:2927} INFO - Setting next_dagrun for example_bash_operator to 2023-03-27T00:00:00+00:00, run_after=2023-03-28T00:00:00+00:00
[2023-03-27 21:29:05,897] {processor.py:161} INFO - Processing /Users/gabrielroger/Documents/projects/weather-data/.venv/lib/python3.9/site-packages/airflow/example_dags/example_bash_operator.py took 0.052 seconds
[2023-03-27 21:30:10,619] {processor.py:153} INFO - Started process (PID=8191) to work on /Users/gabrielroger/Documents/projects/weather-data/.venv/lib/python3.9/site-packages/airflow/example_dags/example_bash_operator.py
[2023-03-27 21:30:10,620] {processor.py:641} INFO - Processing file /Users/gabrielroger/Documents/projects/weather-data/.venv/lib/python3.9/site-packages/airflow/example_dags/example_bash_operator.py for tasks to queue
[2023-03-27 21:30:10,620] {logging_mixin.py:115} INFO - [2023-03-27 21:30:10,620] {dagbag.py:507} INFO - Filling up the DagBag from /Users/gabrielroger/Documents/projects/weather-data/.venv/lib/python3.9/site-packages/airflow/example_dags/example_bash_operator.py
[2023-03-27 21:30:10,629] {processor.py:651} INFO - DAG(s) dict_keys(['example_bash_operator']) retrieved from /Users/gabrielroger/Documents/projects/weather-data/.venv/lib/python3.9/site-packages/airflow/example_dags/example_bash_operator.py
[2023-03-27 21:30:10,658] {logging_mixin.py:115} INFO - [2023-03-27 21:30:10,658] {dag.py:2379} INFO - Sync 1 DAGs
[2023-03-27 21:30:10,666] {logging_mixin.py:115} INFO - [2023-03-27 21:30:10,666] {dag.py:2927} INFO - Setting next_dagrun for example_bash_operator to 2023-03-27T00:00:00+00:00, run_after=2023-03-28T00:00:00+00:00
[2023-03-27 21:30:10,671] {processor.py:161} INFO - Processing /Users/gabrielroger/Documents/projects/weather-data/.venv/lib/python3.9/site-packages/airflow/example_dags/example_bash_operator.py took 0.052 seconds
[2023-03-27 21:31:13,678] {processor.py:153} INFO - Started process (PID=8297) to work on /Users/gabrielroger/Documents/projects/weather-data/.venv/lib/python3.9/site-packages/airflow/example_dags/example_bash_operator.py
[2023-03-27 21:31:13,678] {processor.py:641} INFO - Processing file /Users/gabrielroger/Documents/projects/weather-data/.venv/lib/python3.9/site-packages/airflow/example_dags/example_bash_operator.py for tasks to queue
[2023-03-27 21:31:13,678] {logging_mixin.py:115} INFO - [2023-03-27 21:31:13,678] {dagbag.py:507} INFO - Filling up the DagBag from /Users/gabrielroger/Documents/projects/weather-data/.venv/lib/python3.9/site-packages/airflow/example_dags/example_bash_operator.py
[2023-03-27 21:31:13,686] {processor.py:651} INFO - DAG(s) dict_keys(['example_bash_operator']) retrieved from /Users/gabrielroger/Documents/projects/weather-data/.venv/lib/python3.9/site-packages/airflow/example_dags/example_bash_operator.py
[2023-03-27 21:31:13,716] {logging_mixin.py:115} INFO - [2023-03-27 21:31:13,716] {dag.py:2379} INFO - Sync 1 DAGs
[2023-03-27 21:31:13,724] {logging_mixin.py:115} INFO - [2023-03-27 21:31:13,724] {dag.py:2927} INFO - Setting next_dagrun for example_bash_operator to 2023-03-27T00:00:00+00:00, run_after=2023-03-28T00:00:00+00:00
[2023-03-27 21:31:13,729] {processor.py:161} INFO - Processing /Users/gabrielroger/Documents/projects/weather-data/.venv/lib/python3.9/site-packages/airflow/example_dags/example_bash_operator.py took 0.052 seconds
[2023-03-27 21:32:19,078] {processor.py:153} INFO - Started process (PID=8405) to work on /Users/gabrielroger/Documents/projects/weather-data/.venv/lib/python3.9/site-packages/airflow/example_dags/example_bash_operator.py
[2023-03-27 21:32:19,078] {processor.py:641} INFO - Processing file /Users/gabrielroger/Documents/projects/weather-data/.venv/lib/python3.9/site-packages/airflow/example_dags/example_bash_operator.py for tasks to queue
[2023-03-27 21:32:19,078] {logging_mixin.py:115} INFO - [2023-03-27 21:32:19,078] {dagbag.py:507} INFO - Filling up the DagBag from /Users/gabrielroger/Documents/projects/weather-data/.venv/lib/python3.9/site-packages/airflow/example_dags/example_bash_operator.py
[2023-03-27 21:32:19,086] {processor.py:651} INFO - DAG(s) dict_keys(['example_bash_operator']) retrieved from /Users/gabrielroger/Documents/projects/weather-data/.venv/lib/python3.9/site-packages/airflow/example_dags/example_bash_operator.py
[2023-03-27 21:32:19,116] {logging_mixin.py:115} INFO - [2023-03-27 21:32:19,116] {dag.py:2379} INFO - Sync 1 DAGs
[2023-03-27 21:32:19,124] {logging_mixin.py:115} INFO - [2023-03-27 21:32:19,124] {dag.py:2927} INFO - Setting next_dagrun for example_bash_operator to 2023-03-27T00:00:00+00:00, run_after=2023-03-28T00:00:00+00:00
[2023-03-27 21:32:19,129] {processor.py:161} INFO - Processing /Users/gabrielroger/Documents/projects/weather-data/.venv/lib/python3.9/site-packages/airflow/example_dags/example_bash_operator.py took 0.052 seconds
[2023-03-27 21:33:26,767] {processor.py:153} INFO - Started process (PID=8516) to work on /Users/gabrielroger/Documents/projects/weather-data/.venv/lib/python3.9/site-packages/airflow/example_dags/example_bash_operator.py
[2023-03-27 21:33:26,767] {processor.py:641} INFO - Processing file /Users/gabrielroger/Documents/projects/weather-data/.venv/lib/python3.9/site-packages/airflow/example_dags/example_bash_operator.py for tasks to queue
[2023-03-27 21:33:26,767] {logging_mixin.py:115} INFO - [2023-03-27 21:33:26,767] {dagbag.py:507} INFO - Filling up the DagBag from /Users/gabrielroger/Documents/projects/weather-data/.venv/lib/python3.9/site-packages/airflow/example_dags/example_bash_operator.py
[2023-03-27 21:33:26,775] {processor.py:651} INFO - DAG(s) dict_keys(['example_bash_operator']) retrieved from /Users/gabrielroger/Documents/projects/weather-data/.venv/lib/python3.9/site-packages/airflow/example_dags/example_bash_operator.py
[2023-03-27 21:33:26,805] {logging_mixin.py:115} INFO - [2023-03-27 21:33:26,805] {dag.py:2379} INFO - Sync 1 DAGs
[2023-03-27 21:33:26,812] {logging_mixin.py:115} INFO - [2023-03-27 21:33:26,812] {dag.py:2927} INFO - Setting next_dagrun for example_bash_operator to 2023-03-27T00:00:00+00:00, run_after=2023-03-28T00:00:00+00:00
[2023-03-27 21:33:26,818] {processor.py:161} INFO - Processing /Users/gabrielroger/Documents/projects/weather-data/.venv/lib/python3.9/site-packages/airflow/example_dags/example_bash_operator.py took 0.052 seconds
[2023-03-27 21:34:33,728] {processor.py:153} INFO - Started process (PID=8645) to work on /Users/gabrielroger/Documents/projects/weather-data/.venv/lib/python3.9/site-packages/airflow/example_dags/example_bash_operator.py
[2023-03-27 21:34:33,729] {processor.py:641} INFO - Processing file /Users/gabrielroger/Documents/projects/weather-data/.venv/lib/python3.9/site-packages/airflow/example_dags/example_bash_operator.py for tasks to queue
[2023-03-27 21:34:33,729] {logging_mixin.py:115} INFO - [2023-03-27 21:34:33,729] {dagbag.py:507} INFO - Filling up the DagBag from /Users/gabrielroger/Documents/projects/weather-data/.venv/lib/python3.9/site-packages/airflow/example_dags/example_bash_operator.py
[2023-03-27 21:34:33,738] {processor.py:651} INFO - DAG(s) dict_keys(['example_bash_operator']) retrieved from /Users/gabrielroger/Documents/projects/weather-data/.venv/lib/python3.9/site-packages/airflow/example_dags/example_bash_operator.py
[2023-03-27 21:34:33,768] {logging_mixin.py:115} INFO - [2023-03-27 21:34:33,768] {dag.py:2379} INFO - Sync 1 DAGs
[2023-03-27 21:34:33,776] {logging_mixin.py:115} INFO - [2023-03-27 21:34:33,776] {dag.py:2927} INFO - Setting next_dagrun for example_bash_operator to 2023-03-27T00:00:00+00:00, run_after=2023-03-28T00:00:00+00:00
[2023-03-27 21:34:33,781] {processor.py:161} INFO - Processing /Users/gabrielroger/Documents/projects/weather-data/.venv/lib/python3.9/site-packages/airflow/example_dags/example_bash_operator.py took 0.053 seconds
[2023-03-27 22:00:14,993] {processor.py:153} INFO - Started process (PID=8790) to work on /Users/gabrielroger/Documents/projects/weather-data/.venv/lib/python3.9/site-packages/airflow/example_dags/example_bash_operator.py
[2023-03-27 22:00:14,994] {processor.py:641} INFO - Processing file /Users/gabrielroger/Documents/projects/weather-data/.venv/lib/python3.9/site-packages/airflow/example_dags/example_bash_operator.py for tasks to queue
[2023-03-27 22:00:14,994] {logging_mixin.py:115} INFO - [2023-03-27 22:00:14,994] {dagbag.py:507} INFO - Filling up the DagBag from /Users/gabrielroger/Documents/projects/weather-data/.venv/lib/python3.9/site-packages/airflow/example_dags/example_bash_operator.py
[2023-03-27 22:00:15,002] {processor.py:651} INFO - DAG(s) dict_keys(['example_bash_operator']) retrieved from /Users/gabrielroger/Documents/projects/weather-data/.venv/lib/python3.9/site-packages/airflow/example_dags/example_bash_operator.py
[2023-03-27 22:00:15,033] {logging_mixin.py:115} INFO - [2023-03-27 22:00:15,033] {dag.py:2379} INFO - Sync 1 DAGs
[2023-03-27 22:00:15,042] {logging_mixin.py:115} INFO - [2023-03-27 22:00:15,042] {dag.py:2927} INFO - Setting next_dagrun for example_bash_operator to 2023-03-27T00:00:00+00:00, run_after=2023-03-28T00:00:00+00:00
[2023-03-27 22:00:15,048] {processor.py:161} INFO - Processing /Users/gabrielroger/Documents/projects/weather-data/.venv/lib/python3.9/site-packages/airflow/example_dags/example_bash_operator.py took 0.056 seconds
[2023-03-27 23:11:57,964] {processor.py:153} INFO - Started process (PID=8960) to work on /Users/gabrielroger/Documents/projects/weather-data/.venv/lib/python3.9/site-packages/airflow/example_dags/example_bash_operator.py
[2023-03-27 23:11:57,965] {processor.py:641} INFO - Processing file /Users/gabrielroger/Documents/projects/weather-data/.venv/lib/python3.9/site-packages/airflow/example_dags/example_bash_operator.py for tasks to queue
[2023-03-27 23:11:57,965] {logging_mixin.py:115} INFO - [2023-03-27 23:11:57,965] {dagbag.py:507} INFO - Filling up the DagBag from /Users/gabrielroger/Documents/projects/weather-data/.venv/lib/python3.9/site-packages/airflow/example_dags/example_bash_operator.py
[2023-03-27 23:11:57,973] {processor.py:651} INFO - DAG(s) dict_keys(['example_bash_operator']) retrieved from /Users/gabrielroger/Documents/projects/weather-data/.venv/lib/python3.9/site-packages/airflow/example_dags/example_bash_operator.py
[2023-03-27 23:11:58,003] {logging_mixin.py:115} INFO - [2023-03-27 23:11:58,003] {dag.py:2379} INFO - Sync 1 DAGs
[2023-03-27 23:11:58,010] {logging_mixin.py:115} INFO - [2023-03-27 23:11:58,010] {dag.py:2927} INFO - Setting next_dagrun for example_bash_operator to 2023-03-27T00:00:00+00:00, run_after=2023-03-28T00:00:00+00:00
[2023-03-27 23:11:58,015] {processor.py:161} INFO - Processing /Users/gabrielroger/Documents/projects/weather-data/.venv/lib/python3.9/site-packages/airflow/example_dags/example_bash_operator.py took 0.052 seconds
