[2023-03-27 21:10:08,643] {processor.py:153} INFO - Started process (PID=6092) to work on /Users/gabrielroger/Documents/projects/weather-data/.venv/lib/python3.9/site-packages/airflow/example_dags/example_latest_only.py
[2023-03-27 21:10:08,643] {processor.py:641} INFO - Processing file /Users/gabrielroger/Documents/projects/weather-data/.venv/lib/python3.9/site-packages/airflow/example_dags/example_latest_only.py for tasks to queue
[2023-03-27 21:10:08,643] {logging_mixin.py:115} INFO - [2023-03-27 21:10:08,643] {dagbag.py:507} INFO - Filling up the DagBag from /Users/gabrielroger/Documents/projects/weather-data/.venv/lib/python3.9/site-packages/airflow/example_dags/example_latest_only.py
[2023-03-27 21:10:08,650] {processor.py:651} INFO - DAG(s) dict_keys(['latest_only']) retrieved from /Users/gabrielroger/Documents/projects/weather-data/.venv/lib/python3.9/site-packages/airflow/example_dags/example_latest_only.py
[2023-03-27 21:10:08,680] {logging_mixin.py:115} INFO - [2023-03-27 21:10:08,680] {dag.py:2379} INFO - Sync 1 DAGs
[2023-03-27 21:10:08,687] {logging_mixin.py:115} INFO - [2023-03-27 21:10:08,687] {dag.py:2927} INFO - Setting next_dagrun for latest_only to 2023-03-27T20:10:08.687404+00:00, run_after=2023-03-28T00:10:08.687404+00:00
[2023-03-27 21:10:08,693] {processor.py:161} INFO - Processing /Users/gabrielroger/Documents/projects/weather-data/.venv/lib/python3.9/site-packages/airflow/example_dags/example_latest_only.py took 0.050 seconds
[2023-03-27 21:11:00,871] {processor.py:153} INFO - Started process (PID=6180) to work on /Users/gabrielroger/Documents/projects/weather-data/.venv/lib/python3.9/site-packages/airflow/example_dags/example_latest_only.py
[2023-03-27 21:11:00,871] {processor.py:641} INFO - Processing file /Users/gabrielroger/Documents/projects/weather-data/.venv/lib/python3.9/site-packages/airflow/example_dags/example_latest_only.py for tasks to queue
[2023-03-27 21:11:00,871] {logging_mixin.py:115} INFO - [2023-03-27 21:11:00,871] {dagbag.py:507} INFO - Filling up the DagBag from /Users/gabrielroger/Documents/projects/weather-data/.venv/lib/python3.9/site-packages/airflow/example_dags/example_latest_only.py
[2023-03-27 21:11:00,878] {processor.py:651} INFO - DAG(s) dict_keys(['latest_only']) retrieved from /Users/gabrielroger/Documents/projects/weather-data/.venv/lib/python3.9/site-packages/airflow/example_dags/example_latest_only.py
[2023-03-27 21:11:00,911] {logging_mixin.py:115} INFO - [2023-03-27 21:11:00,911] {dag.py:2379} INFO - Sync 1 DAGs
[2023-03-27 21:11:00,918] {logging_mixin.py:115} INFO - [2023-03-27 21:11:00,918] {dag.py:2927} INFO - Setting next_dagrun for latest_only to 2023-03-27T20:11:00.918227+00:00, run_after=2023-03-28T00:11:00.918227+00:00
[2023-03-27 21:11:00,924] {processor.py:161} INFO - Processing /Users/gabrielroger/Documents/projects/weather-data/.venv/lib/python3.9/site-packages/airflow/example_dags/example_latest_only.py took 0.053 seconds
[2023-03-27 21:11:51,655] {processor.py:153} INFO - Started process (PID=6269) to work on /Users/gabrielroger/Documents/projects/weather-data/.venv/lib/python3.9/site-packages/airflow/example_dags/example_latest_only.py
[2023-03-27 21:11:51,656] {processor.py:641} INFO - Processing file /Users/gabrielroger/Documents/projects/weather-data/.venv/lib/python3.9/site-packages/airflow/example_dags/example_latest_only.py for tasks to queue
[2023-03-27 21:11:51,656] {logging_mixin.py:115} INFO - [2023-03-27 21:11:51,656] {dagbag.py:507} INFO - Filling up the DagBag from /Users/gabrielroger/Documents/projects/weather-data/.venv/lib/python3.9/site-packages/airflow/example_dags/example_latest_only.py
[2023-03-27 21:11:51,663] {processor.py:651} INFO - DAG(s) dict_keys(['latest_only']) retrieved from /Users/gabrielroger/Documents/projects/weather-data/.venv/lib/python3.9/site-packages/airflow/example_dags/example_latest_only.py
[2023-03-27 21:11:51,692] {logging_mixin.py:115} INFO - [2023-03-27 21:11:51,692] {dag.py:2379} INFO - Sync 1 DAGs
[2023-03-27 21:11:51,699] {logging_mixin.py:115} INFO - [2023-03-27 21:11:51,699] {dag.py:2927} INFO - Setting next_dagrun for latest_only to 2023-03-27T20:11:51.699355+00:00, run_after=2023-03-28T00:11:51.699355+00:00
[2023-03-27 21:11:51,704] {processor.py:161} INFO - Processing /Users/gabrielroger/Documents/projects/weather-data/.venv/lib/python3.9/site-packages/airflow/example_dags/example_latest_only.py took 0.050 seconds
[2023-03-27 21:13:02,459] {processor.py:153} INFO - Started process (PID=6382) to work on /Users/gabrielroger/Documents/projects/weather-data/.venv/lib/python3.9/site-packages/airflow/example_dags/example_latest_only.py
[2023-03-27 21:13:02,460] {processor.py:641} INFO - Processing file /Users/gabrielroger/Documents/projects/weather-data/.venv/lib/python3.9/site-packages/airflow/example_dags/example_latest_only.py for tasks to queue
[2023-03-27 21:13:02,460] {logging_mixin.py:115} INFO - [2023-03-27 21:13:02,460] {dagbag.py:507} INFO - Filling up the DagBag from /Users/gabrielroger/Documents/projects/weather-data/.venv/lib/python3.9/site-packages/airflow/example_dags/example_latest_only.py
[2023-03-27 21:13:02,466] {processor.py:651} INFO - DAG(s) dict_keys(['latest_only']) retrieved from /Users/gabrielroger/Documents/projects/weather-data/.venv/lib/python3.9/site-packages/airflow/example_dags/example_latest_only.py
[2023-03-27 21:13:02,496] {logging_mixin.py:115} INFO - [2023-03-27 21:13:02,496] {dag.py:2379} INFO - Sync 1 DAGs
[2023-03-27 21:13:02,503] {logging_mixin.py:115} INFO - [2023-03-27 21:13:02,503] {dag.py:2927} INFO - Setting next_dagrun for latest_only to 2023-03-27T20:13:02.503035+00:00, run_after=2023-03-28T00:13:02.503035+00:00
[2023-03-27 21:13:02,508] {processor.py:161} INFO - Processing /Users/gabrielroger/Documents/projects/weather-data/.venv/lib/python3.9/site-packages/airflow/example_dags/example_latest_only.py took 0.050 seconds
[2023-03-27 21:14:09,160] {processor.py:153} INFO - Started process (PID=6497) to work on /Users/gabrielroger/Documents/projects/weather-data/.venv/lib/python3.9/site-packages/airflow/example_dags/example_latest_only.py
[2023-03-27 21:14:09,160] {processor.py:641} INFO - Processing file /Users/gabrielroger/Documents/projects/weather-data/.venv/lib/python3.9/site-packages/airflow/example_dags/example_latest_only.py for tasks to queue
[2023-03-27 21:14:09,160] {logging_mixin.py:115} INFO - [2023-03-27 21:14:09,160] {dagbag.py:507} INFO - Filling up the DagBag from /Users/gabrielroger/Documents/projects/weather-data/.venv/lib/python3.9/site-packages/airflow/example_dags/example_latest_only.py
[2023-03-27 21:14:09,168] {processor.py:651} INFO - DAG(s) dict_keys(['latest_only']) retrieved from /Users/gabrielroger/Documents/projects/weather-data/.venv/lib/python3.9/site-packages/airflow/example_dags/example_latest_only.py
[2023-03-27 21:14:09,198] {logging_mixin.py:115} INFO - [2023-03-27 21:14:09,198] {dag.py:2379} INFO - Sync 1 DAGs
[2023-03-27 21:14:09,205] {logging_mixin.py:115} INFO - [2023-03-27 21:14:09,205] {dag.py:2927} INFO - Setting next_dagrun for latest_only to 2023-03-27T20:14:09.205497+00:00, run_after=2023-03-28T00:14:09.205497+00:00
[2023-03-27 21:14:09,211] {processor.py:161} INFO - Processing /Users/gabrielroger/Documents/projects/weather-data/.venv/lib/python3.9/site-packages/airflow/example_dags/example_latest_only.py took 0.051 seconds
[2023-03-27 21:15:08,057] {processor.py:153} INFO - Started process (PID=6596) to work on /Users/gabrielroger/Documents/projects/weather-data/.venv/lib/python3.9/site-packages/airflow/example_dags/example_latest_only.py
[2023-03-27 21:15:08,058] {processor.py:641} INFO - Processing file /Users/gabrielroger/Documents/projects/weather-data/.venv/lib/python3.9/site-packages/airflow/example_dags/example_latest_only.py for tasks to queue
[2023-03-27 21:15:08,058] {logging_mixin.py:115} INFO - [2023-03-27 21:15:08,058] {dagbag.py:507} INFO - Filling up the DagBag from /Users/gabrielroger/Documents/projects/weather-data/.venv/lib/python3.9/site-packages/airflow/example_dags/example_latest_only.py
[2023-03-27 21:15:08,065] {processor.py:651} INFO - DAG(s) dict_keys(['latest_only']) retrieved from /Users/gabrielroger/Documents/projects/weather-data/.venv/lib/python3.9/site-packages/airflow/example_dags/example_latest_only.py
[2023-03-27 21:15:08,094] {logging_mixin.py:115} INFO - [2023-03-27 21:15:08,094] {dag.py:2379} INFO - Sync 1 DAGs
[2023-03-27 21:15:08,101] {logging_mixin.py:115} INFO - [2023-03-27 21:15:08,101] {dag.py:2927} INFO - Setting next_dagrun for latest_only to 2023-03-27T20:15:08.101366+00:00, run_after=2023-03-28T00:15:08.101366+00:00
[2023-03-27 21:15:08,106] {processor.py:161} INFO - Processing /Users/gabrielroger/Documents/projects/weather-data/.venv/lib/python3.9/site-packages/airflow/example_dags/example_latest_only.py took 0.050 seconds
[2023-03-27 21:16:14,347] {processor.py:153} INFO - Started process (PID=6705) to work on /Users/gabrielroger/Documents/projects/weather-data/.venv/lib/python3.9/site-packages/airflow/example_dags/example_latest_only.py
[2023-03-27 21:16:14,348] {processor.py:641} INFO - Processing file /Users/gabrielroger/Documents/projects/weather-data/.venv/lib/python3.9/site-packages/airflow/example_dags/example_latest_only.py for tasks to queue
[2023-03-27 21:16:14,348] {logging_mixin.py:115} INFO - [2023-03-27 21:16:14,348] {dagbag.py:507} INFO - Filling up the DagBag from /Users/gabrielroger/Documents/projects/weather-data/.venv/lib/python3.9/site-packages/airflow/example_dags/example_latest_only.py
[2023-03-27 21:16:14,355] {processor.py:651} INFO - DAG(s) dict_keys(['latest_only']) retrieved from /Users/gabrielroger/Documents/projects/weather-data/.venv/lib/python3.9/site-packages/airflow/example_dags/example_latest_only.py
[2023-03-27 21:16:14,384] {logging_mixin.py:115} INFO - [2023-03-27 21:16:14,384] {dag.py:2379} INFO - Sync 1 DAGs
[2023-03-27 21:16:14,391] {logging_mixin.py:115} INFO - [2023-03-27 21:16:14,391] {dag.py:2927} INFO - Setting next_dagrun for latest_only to 2023-03-27T20:16:14.391584+00:00, run_after=2023-03-28T00:16:14.391584+00:00
[2023-03-27 21:16:14,397] {processor.py:161} INFO - Processing /Users/gabrielroger/Documents/projects/weather-data/.venv/lib/python3.9/site-packages/airflow/example_dags/example_latest_only.py took 0.049 seconds
[2023-03-27 21:17:18,679] {processor.py:153} INFO - Started process (PID=6812) to work on /Users/gabrielroger/Documents/projects/weather-data/.venv/lib/python3.9/site-packages/airflow/example_dags/example_latest_only.py
[2023-03-27 21:17:18,679] {processor.py:641} INFO - Processing file /Users/gabrielroger/Documents/projects/weather-data/.venv/lib/python3.9/site-packages/airflow/example_dags/example_latest_only.py for tasks to queue
[2023-03-27 21:17:18,679] {logging_mixin.py:115} INFO - [2023-03-27 21:17:18,679] {dagbag.py:507} INFO - Filling up the DagBag from /Users/gabrielroger/Documents/projects/weather-data/.venv/lib/python3.9/site-packages/airflow/example_dags/example_latest_only.py
[2023-03-27 21:17:18,685] {processor.py:651} INFO - DAG(s) dict_keys(['latest_only']) retrieved from /Users/gabrielroger/Documents/projects/weather-data/.venv/lib/python3.9/site-packages/airflow/example_dags/example_latest_only.py
[2023-03-27 21:17:18,715] {logging_mixin.py:115} INFO - [2023-03-27 21:17:18,715] {dag.py:2379} INFO - Sync 1 DAGs
[2023-03-27 21:17:18,722] {logging_mixin.py:115} INFO - [2023-03-27 21:17:18,722] {dag.py:2927} INFO - Setting next_dagrun for latest_only to 2023-03-27T20:17:18.721914+00:00, run_after=2023-03-28T00:17:18.721914+00:00
[2023-03-27 21:17:18,727] {processor.py:161} INFO - Processing /Users/gabrielroger/Documents/projects/weather-data/.venv/lib/python3.9/site-packages/airflow/example_dags/example_latest_only.py took 0.049 seconds
[2023-03-27 21:18:22,822] {processor.py:153} INFO - Started process (PID=6919) to work on /Users/gabrielroger/Documents/projects/weather-data/.venv/lib/python3.9/site-packages/airflow/example_dags/example_latest_only.py
[2023-03-27 21:18:22,823] {processor.py:641} INFO - Processing file /Users/gabrielroger/Documents/projects/weather-data/.venv/lib/python3.9/site-packages/airflow/example_dags/example_latest_only.py for tasks to queue
[2023-03-27 21:18:22,823] {logging_mixin.py:115} INFO - [2023-03-27 21:18:22,823] {dagbag.py:507} INFO - Filling up the DagBag from /Users/gabrielroger/Documents/projects/weather-data/.venv/lib/python3.9/site-packages/airflow/example_dags/example_latest_only.py
[2023-03-27 21:18:22,829] {processor.py:651} INFO - DAG(s) dict_keys(['latest_only']) retrieved from /Users/gabrielroger/Documents/projects/weather-data/.venv/lib/python3.9/site-packages/airflow/example_dags/example_latest_only.py
[2023-03-27 21:18:22,859] {logging_mixin.py:115} INFO - [2023-03-27 21:18:22,859] {dag.py:2379} INFO - Sync 1 DAGs
[2023-03-27 21:18:22,866] {logging_mixin.py:115} INFO - [2023-03-27 21:18:22,866] {dag.py:2927} INFO - Setting next_dagrun for latest_only to 2023-03-27T20:18:22.866185+00:00, run_after=2023-03-28T00:18:22.866185+00:00
[2023-03-27 21:18:22,871] {processor.py:161} INFO - Processing /Users/gabrielroger/Documents/projects/weather-data/.venv/lib/python3.9/site-packages/airflow/example_dags/example_latest_only.py took 0.050 seconds
[2023-03-27 21:19:28,098] {processor.py:153} INFO - Started process (PID=7034) to work on /Users/gabrielroger/Documents/projects/weather-data/.venv/lib/python3.9/site-packages/airflow/example_dags/example_latest_only.py
[2023-03-27 21:19:28,099] {processor.py:641} INFO - Processing file /Users/gabrielroger/Documents/projects/weather-data/.venv/lib/python3.9/site-packages/airflow/example_dags/example_latest_only.py for tasks to queue
[2023-03-27 21:19:28,099] {logging_mixin.py:115} INFO - [2023-03-27 21:19:28,099] {dagbag.py:507} INFO - Filling up the DagBag from /Users/gabrielroger/Documents/projects/weather-data/.venv/lib/python3.9/site-packages/airflow/example_dags/example_latest_only.py
[2023-03-27 21:19:28,106] {processor.py:651} INFO - DAG(s) dict_keys(['latest_only']) retrieved from /Users/gabrielroger/Documents/projects/weather-data/.venv/lib/python3.9/site-packages/airflow/example_dags/example_latest_only.py
[2023-03-27 21:19:28,137] {logging_mixin.py:115} INFO - [2023-03-27 21:19:28,137] {dag.py:2379} INFO - Sync 1 DAGs
[2023-03-27 21:19:28,144] {logging_mixin.py:115} INFO - [2023-03-27 21:19:28,143] {dag.py:2927} INFO - Setting next_dagrun for latest_only to 2023-03-27T20:19:28.143865+00:00, run_after=2023-03-28T00:19:28.143865+00:00
[2023-03-27 21:19:28,149] {processor.py:161} INFO - Processing /Users/gabrielroger/Documents/projects/weather-data/.venv/lib/python3.9/site-packages/airflow/example_dags/example_latest_only.py took 0.051 seconds
[2023-03-27 21:20:36,307] {processor.py:153} INFO - Started process (PID=7144) to work on /Users/gabrielroger/Documents/projects/weather-data/.venv/lib/python3.9/site-packages/airflow/example_dags/example_latest_only.py
[2023-03-27 21:20:36,307] {processor.py:641} INFO - Processing file /Users/gabrielroger/Documents/projects/weather-data/.venv/lib/python3.9/site-packages/airflow/example_dags/example_latest_only.py for tasks to queue
[2023-03-27 21:20:36,307] {logging_mixin.py:115} INFO - [2023-03-27 21:20:36,307] {dagbag.py:507} INFO - Filling up the DagBag from /Users/gabrielroger/Documents/projects/weather-data/.venv/lib/python3.9/site-packages/airflow/example_dags/example_latest_only.py
[2023-03-27 21:20:36,314] {processor.py:651} INFO - DAG(s) dict_keys(['latest_only']) retrieved from /Users/gabrielroger/Documents/projects/weather-data/.venv/lib/python3.9/site-packages/airflow/example_dags/example_latest_only.py
[2023-03-27 21:20:36,344] {logging_mixin.py:115} INFO - [2023-03-27 21:20:36,344] {dag.py:2379} INFO - Sync 1 DAGs
[2023-03-27 21:20:36,350] {logging_mixin.py:115} INFO - [2023-03-27 21:20:36,350] {dag.py:2927} INFO - Setting next_dagrun for latest_only to 2023-03-27T20:20:36.350760+00:00, run_after=2023-03-28T00:20:36.350760+00:00
[2023-03-27 21:20:36,356] {processor.py:161} INFO - Processing /Users/gabrielroger/Documents/projects/weather-data/.venv/lib/python3.9/site-packages/airflow/example_dags/example_latest_only.py took 0.049 seconds
[2023-03-27 21:21:43,428] {processor.py:153} INFO - Started process (PID=7255) to work on /Users/gabrielroger/Documents/projects/weather-data/.venv/lib/python3.9/site-packages/airflow/example_dags/example_latest_only.py
[2023-03-27 21:21:43,428] {processor.py:641} INFO - Processing file /Users/gabrielroger/Documents/projects/weather-data/.venv/lib/python3.9/site-packages/airflow/example_dags/example_latest_only.py for tasks to queue
[2023-03-27 21:21:43,428] {logging_mixin.py:115} INFO - [2023-03-27 21:21:43,428] {dagbag.py:507} INFO - Filling up the DagBag from /Users/gabrielroger/Documents/projects/weather-data/.venv/lib/python3.9/site-packages/airflow/example_dags/example_latest_only.py
[2023-03-27 21:21:43,435] {processor.py:651} INFO - DAG(s) dict_keys(['latest_only']) retrieved from /Users/gabrielroger/Documents/projects/weather-data/.venv/lib/python3.9/site-packages/airflow/example_dags/example_latest_only.py
[2023-03-27 21:21:43,464] {logging_mixin.py:115} INFO - [2023-03-27 21:21:43,464] {dag.py:2379} INFO - Sync 1 DAGs
[2023-03-27 21:21:43,471] {logging_mixin.py:115} INFO - [2023-03-27 21:21:43,471] {dag.py:2927} INFO - Setting next_dagrun for latest_only to 2023-03-27T20:21:43.471068+00:00, run_after=2023-03-28T00:21:43.471068+00:00
[2023-03-27 21:21:43,476] {processor.py:161} INFO - Processing /Users/gabrielroger/Documents/projects/weather-data/.venv/lib/python3.9/site-packages/airflow/example_dags/example_latest_only.py took 0.049 seconds
[2023-03-27 21:22:51,312] {processor.py:153} INFO - Started process (PID=7368) to work on /Users/gabrielroger/Documents/projects/weather-data/.venv/lib/python3.9/site-packages/airflow/example_dags/example_latest_only.py
[2023-03-27 21:22:51,312] {processor.py:641} INFO - Processing file /Users/gabrielroger/Documents/projects/weather-data/.venv/lib/python3.9/site-packages/airflow/example_dags/example_latest_only.py for tasks to queue
[2023-03-27 21:22:51,312] {logging_mixin.py:115} INFO - [2023-03-27 21:22:51,312] {dagbag.py:507} INFO - Filling up the DagBag from /Users/gabrielroger/Documents/projects/weather-data/.venv/lib/python3.9/site-packages/airflow/example_dags/example_latest_only.py
[2023-03-27 21:22:51,318] {processor.py:651} INFO - DAG(s) dict_keys(['latest_only']) retrieved from /Users/gabrielroger/Documents/projects/weather-data/.venv/lib/python3.9/site-packages/airflow/example_dags/example_latest_only.py
[2023-03-27 21:22:51,348] {logging_mixin.py:115} INFO - [2023-03-27 21:22:51,348] {dag.py:2379} INFO - Sync 1 DAGs
[2023-03-27 21:22:51,355] {logging_mixin.py:115} INFO - [2023-03-27 21:22:51,355] {dag.py:2927} INFO - Setting next_dagrun for latest_only to 2023-03-27T20:22:51.355357+00:00, run_after=2023-03-28T00:22:51.355357+00:00
[2023-03-27 21:22:51,361] {processor.py:161} INFO - Processing /Users/gabrielroger/Documents/projects/weather-data/.venv/lib/python3.9/site-packages/airflow/example_dags/example_latest_only.py took 0.049 seconds
[2023-03-27 21:23:56,484] {processor.py:153} INFO - Started process (PID=7481) to work on /Users/gabrielroger/Documents/projects/weather-data/.venv/lib/python3.9/site-packages/airflow/example_dags/example_latest_only.py
[2023-03-27 21:23:56,485] {processor.py:641} INFO - Processing file /Users/gabrielroger/Documents/projects/weather-data/.venv/lib/python3.9/site-packages/airflow/example_dags/example_latest_only.py for tasks to queue
[2023-03-27 21:23:56,485] {logging_mixin.py:115} INFO - [2023-03-27 21:23:56,485] {dagbag.py:507} INFO - Filling up the DagBag from /Users/gabrielroger/Documents/projects/weather-data/.venv/lib/python3.9/site-packages/airflow/example_dags/example_latest_only.py
[2023-03-27 21:23:56,492] {processor.py:651} INFO - DAG(s) dict_keys(['latest_only']) retrieved from /Users/gabrielroger/Documents/projects/weather-data/.venv/lib/python3.9/site-packages/airflow/example_dags/example_latest_only.py
[2023-03-27 21:23:56,522] {logging_mixin.py:115} INFO - [2023-03-27 21:23:56,521] {dag.py:2379} INFO - Sync 1 DAGs
[2023-03-27 21:23:56,528] {logging_mixin.py:115} INFO - [2023-03-27 21:23:56,528] {dag.py:2927} INFO - Setting next_dagrun for latest_only to 2023-03-27T20:23:56.528701+00:00, run_after=2023-03-28T00:23:56.528701+00:00
[2023-03-27 21:23:56,534] {processor.py:161} INFO - Processing /Users/gabrielroger/Documents/projects/weather-data/.venv/lib/python3.9/site-packages/airflow/example_dags/example_latest_only.py took 0.050 seconds
[2023-03-27 21:25:03,088] {processor.py:153} INFO - Started process (PID=7620) to work on /Users/gabrielroger/Documents/projects/weather-data/.venv/lib/python3.9/site-packages/airflow/example_dags/example_latest_only.py
[2023-03-27 21:25:03,088] {processor.py:641} INFO - Processing file /Users/gabrielroger/Documents/projects/weather-data/.venv/lib/python3.9/site-packages/airflow/example_dags/example_latest_only.py for tasks to queue
[2023-03-27 21:25:03,088] {logging_mixin.py:115} INFO - [2023-03-27 21:25:03,088] {dagbag.py:507} INFO - Filling up the DagBag from /Users/gabrielroger/Documents/projects/weather-data/.venv/lib/python3.9/site-packages/airflow/example_dags/example_latest_only.py
[2023-03-27 21:25:03,095] {processor.py:651} INFO - DAG(s) dict_keys(['latest_only']) retrieved from /Users/gabrielroger/Documents/projects/weather-data/.venv/lib/python3.9/site-packages/airflow/example_dags/example_latest_only.py
[2023-03-27 21:25:03,124] {logging_mixin.py:115} INFO - [2023-03-27 21:25:03,124] {dag.py:2379} INFO - Sync 1 DAGs
[2023-03-27 21:25:03,131] {logging_mixin.py:115} INFO - [2023-03-27 21:25:03,131] {dag.py:2927} INFO - Setting next_dagrun for latest_only to 2023-03-27T20:25:03.131256+00:00, run_after=2023-03-28T00:25:03.131256+00:00
[2023-03-27 21:25:03,136] {processor.py:161} INFO - Processing /Users/gabrielroger/Documents/projects/weather-data/.venv/lib/python3.9/site-packages/airflow/example_dags/example_latest_only.py took 0.049 seconds
[2023-03-27 21:26:07,714] {processor.py:153} INFO - Started process (PID=7740) to work on /Users/gabrielroger/Documents/projects/weather-data/.venv/lib/python3.9/site-packages/airflow/example_dags/example_latest_only.py
[2023-03-27 21:26:07,714] {processor.py:641} INFO - Processing file /Users/gabrielroger/Documents/projects/weather-data/.venv/lib/python3.9/site-packages/airflow/example_dags/example_latest_only.py for tasks to queue
[2023-03-27 21:26:07,714] {logging_mixin.py:115} INFO - [2023-03-27 21:26:07,714] {dagbag.py:507} INFO - Filling up the DagBag from /Users/gabrielroger/Documents/projects/weather-data/.venv/lib/python3.9/site-packages/airflow/example_dags/example_latest_only.py
[2023-03-27 21:26:07,721] {processor.py:651} INFO - DAG(s) dict_keys(['latest_only']) retrieved from /Users/gabrielroger/Documents/projects/weather-data/.venv/lib/python3.9/site-packages/airflow/example_dags/example_latest_only.py
[2023-03-27 21:26:07,750] {logging_mixin.py:115} INFO - [2023-03-27 21:26:07,750] {dag.py:2379} INFO - Sync 1 DAGs
[2023-03-27 21:26:07,757] {logging_mixin.py:115} INFO - [2023-03-27 21:26:07,757] {dag.py:2927} INFO - Setting next_dagrun for latest_only to 2023-03-27T20:26:07.757486+00:00, run_after=2023-03-28T00:26:07.757486+00:00
[2023-03-27 21:26:07,763] {processor.py:161} INFO - Processing /Users/gabrielroger/Documents/projects/weather-data/.venv/lib/python3.9/site-packages/airflow/example_dags/example_latest_only.py took 0.049 seconds
[2023-03-27 21:27:17,165] {processor.py:153} INFO - Started process (PID=7853) to work on /Users/gabrielroger/Documents/projects/weather-data/.venv/lib/python3.9/site-packages/airflow/example_dags/example_latest_only.py
[2023-03-27 21:27:17,165] {processor.py:641} INFO - Processing file /Users/gabrielroger/Documents/projects/weather-data/.venv/lib/python3.9/site-packages/airflow/example_dags/example_latest_only.py for tasks to queue
[2023-03-27 21:27:17,165] {logging_mixin.py:115} INFO - [2023-03-27 21:27:17,165] {dagbag.py:507} INFO - Filling up the DagBag from /Users/gabrielroger/Documents/projects/weather-data/.venv/lib/python3.9/site-packages/airflow/example_dags/example_latest_only.py
[2023-03-27 21:27:17,171] {processor.py:651} INFO - DAG(s) dict_keys(['latest_only']) retrieved from /Users/gabrielroger/Documents/projects/weather-data/.venv/lib/python3.9/site-packages/airflow/example_dags/example_latest_only.py
[2023-03-27 21:27:17,201] {logging_mixin.py:115} INFO - [2023-03-27 21:27:17,201] {dag.py:2379} INFO - Sync 1 DAGs
[2023-03-27 21:27:17,208] {logging_mixin.py:115} INFO - [2023-03-27 21:27:17,208] {dag.py:2927} INFO - Setting next_dagrun for latest_only to 2023-03-27T20:27:17.208295+00:00, run_after=2023-03-28T00:27:17.208295+00:00
[2023-03-27 21:27:17,214] {processor.py:161} INFO - Processing /Users/gabrielroger/Documents/projects/weather-data/.venv/lib/python3.9/site-packages/airflow/example_dags/example_latest_only.py took 0.049 seconds
[2023-03-27 21:28:20,750] {processor.py:153} INFO - Started process (PID=7962) to work on /Users/gabrielroger/Documents/projects/weather-data/.venv/lib/python3.9/site-packages/airflow/example_dags/example_latest_only.py
[2023-03-27 21:28:20,750] {processor.py:641} INFO - Processing file /Users/gabrielroger/Documents/projects/weather-data/.venv/lib/python3.9/site-packages/airflow/example_dags/example_latest_only.py for tasks to queue
[2023-03-27 21:28:20,750] {logging_mixin.py:115} INFO - [2023-03-27 21:28:20,750] {dagbag.py:507} INFO - Filling up the DagBag from /Users/gabrielroger/Documents/projects/weather-data/.venv/lib/python3.9/site-packages/airflow/example_dags/example_latest_only.py
[2023-03-27 21:28:20,757] {processor.py:651} INFO - DAG(s) dict_keys(['latest_only']) retrieved from /Users/gabrielroger/Documents/projects/weather-data/.venv/lib/python3.9/site-packages/airflow/example_dags/example_latest_only.py
[2023-03-27 21:28:20,786] {logging_mixin.py:115} INFO - [2023-03-27 21:28:20,786] {dag.py:2379} INFO - Sync 1 DAGs
[2023-03-27 21:28:20,793] {logging_mixin.py:115} INFO - [2023-03-27 21:28:20,793] {dag.py:2927} INFO - Setting next_dagrun for latest_only to 2023-03-27T20:28:20.792996+00:00, run_after=2023-03-28T00:28:20.792996+00:00
[2023-03-27 21:28:20,798] {processor.py:161} INFO - Processing /Users/gabrielroger/Documents/projects/weather-data/.venv/lib/python3.9/site-packages/airflow/example_dags/example_latest_only.py took 0.049 seconds
[2023-03-27 21:29:24,045] {processor.py:153} INFO - Started process (PID=8081) to work on /Users/gabrielroger/Documents/projects/weather-data/.venv/lib/python3.9/site-packages/airflow/example_dags/example_latest_only.py
[2023-03-27 21:29:24,046] {processor.py:641} INFO - Processing file /Users/gabrielroger/Documents/projects/weather-data/.venv/lib/python3.9/site-packages/airflow/example_dags/example_latest_only.py for tasks to queue
[2023-03-27 21:29:24,046] {logging_mixin.py:115} INFO - [2023-03-27 21:29:24,046] {dagbag.py:507} INFO - Filling up the DagBag from /Users/gabrielroger/Documents/projects/weather-data/.venv/lib/python3.9/site-packages/airflow/example_dags/example_latest_only.py
[2023-03-27 21:29:24,052] {processor.py:651} INFO - DAG(s) dict_keys(['latest_only']) retrieved from /Users/gabrielroger/Documents/projects/weather-data/.venv/lib/python3.9/site-packages/airflow/example_dags/example_latest_only.py
[2023-03-27 21:29:24,082] {logging_mixin.py:115} INFO - [2023-03-27 21:29:24,082] {dag.py:2379} INFO - Sync 1 DAGs
[2023-03-27 21:29:24,089] {logging_mixin.py:115} INFO - [2023-03-27 21:29:24,089] {dag.py:2927} INFO - Setting next_dagrun for latest_only to 2023-03-27T20:29:24.089602+00:00, run_after=2023-03-28T00:29:24.089602+00:00
[2023-03-27 21:29:24,095] {processor.py:161} INFO - Processing /Users/gabrielroger/Documents/projects/weather-data/.venv/lib/python3.9/site-packages/airflow/example_dags/example_latest_only.py took 0.050 seconds
[2023-03-27 21:30:28,937] {processor.py:153} INFO - Started process (PID=8223) to work on /Users/gabrielroger/Documents/projects/weather-data/.venv/lib/python3.9/site-packages/airflow/example_dags/example_latest_only.py
[2023-03-27 21:30:28,938] {processor.py:641} INFO - Processing file /Users/gabrielroger/Documents/projects/weather-data/.venv/lib/python3.9/site-packages/airflow/example_dags/example_latest_only.py for tasks to queue
[2023-03-27 21:30:28,938] {logging_mixin.py:115} INFO - [2023-03-27 21:30:28,938] {dagbag.py:507} INFO - Filling up the DagBag from /Users/gabrielroger/Documents/projects/weather-data/.venv/lib/python3.9/site-packages/airflow/example_dags/example_latest_only.py
[2023-03-27 21:30:28,945] {processor.py:651} INFO - DAG(s) dict_keys(['latest_only']) retrieved from /Users/gabrielroger/Documents/projects/weather-data/.venv/lib/python3.9/site-packages/airflow/example_dags/example_latest_only.py
[2023-03-27 21:30:28,974] {logging_mixin.py:115} INFO - [2023-03-27 21:30:28,974] {dag.py:2379} INFO - Sync 1 DAGs
[2023-03-27 21:30:28,981] {logging_mixin.py:115} INFO - [2023-03-27 21:30:28,981] {dag.py:2927} INFO - Setting next_dagrun for latest_only to 2023-03-27T20:30:28.981203+00:00, run_after=2023-03-28T00:30:28.981203+00:00
[2023-03-27 21:30:28,987] {processor.py:161} INFO - Processing /Users/gabrielroger/Documents/projects/weather-data/.venv/lib/python3.9/site-packages/airflow/example_dags/example_latest_only.py took 0.050 seconds
[2023-03-27 21:31:32,381] {processor.py:153} INFO - Started process (PID=8328) to work on /Users/gabrielroger/Documents/projects/weather-data/.venv/lib/python3.9/site-packages/airflow/example_dags/example_latest_only.py
[2023-03-27 21:31:32,381] {processor.py:641} INFO - Processing file /Users/gabrielroger/Documents/projects/weather-data/.venv/lib/python3.9/site-packages/airflow/example_dags/example_latest_only.py for tasks to queue
[2023-03-27 21:31:32,381] {logging_mixin.py:115} INFO - [2023-03-27 21:31:32,381] {dagbag.py:507} INFO - Filling up the DagBag from /Users/gabrielroger/Documents/projects/weather-data/.venv/lib/python3.9/site-packages/airflow/example_dags/example_latest_only.py
[2023-03-27 21:31:32,388] {processor.py:651} INFO - DAG(s) dict_keys(['latest_only']) retrieved from /Users/gabrielroger/Documents/projects/weather-data/.venv/lib/python3.9/site-packages/airflow/example_dags/example_latest_only.py
[2023-03-27 21:31:32,418] {logging_mixin.py:115} INFO - [2023-03-27 21:31:32,418] {dag.py:2379} INFO - Sync 1 DAGs
[2023-03-27 21:31:32,424] {logging_mixin.py:115} INFO - [2023-03-27 21:31:32,424] {dag.py:2927} INFO - Setting next_dagrun for latest_only to 2023-03-27T20:31:32.424680+00:00, run_after=2023-03-28T00:31:32.424680+00:00
[2023-03-27 21:31:32,430] {processor.py:161} INFO - Processing /Users/gabrielroger/Documents/projects/weather-data/.venv/lib/python3.9/site-packages/airflow/example_dags/example_latest_only.py took 0.050 seconds
[2023-03-27 21:32:39,225] {processor.py:153} INFO - Started process (PID=8438) to work on /Users/gabrielroger/Documents/projects/weather-data/.venv/lib/python3.9/site-packages/airflow/example_dags/example_latest_only.py
[2023-03-27 21:32:39,225] {processor.py:641} INFO - Processing file /Users/gabrielroger/Documents/projects/weather-data/.venv/lib/python3.9/site-packages/airflow/example_dags/example_latest_only.py for tasks to queue
[2023-03-27 21:32:39,225] {logging_mixin.py:115} INFO - [2023-03-27 21:32:39,225] {dagbag.py:507} INFO - Filling up the DagBag from /Users/gabrielroger/Documents/projects/weather-data/.venv/lib/python3.9/site-packages/airflow/example_dags/example_latest_only.py
[2023-03-27 21:32:39,231] {processor.py:651} INFO - DAG(s) dict_keys(['latest_only']) retrieved from /Users/gabrielroger/Documents/projects/weather-data/.venv/lib/python3.9/site-packages/airflow/example_dags/example_latest_only.py
[2023-03-27 21:32:39,260] {logging_mixin.py:115} INFO - [2023-03-27 21:32:39,260] {dag.py:2379} INFO - Sync 1 DAGs
[2023-03-27 21:32:39,267] {logging_mixin.py:115} INFO - [2023-03-27 21:32:39,267] {dag.py:2927} INFO - Setting next_dagrun for latest_only to 2023-03-27T20:32:39.267353+00:00, run_after=2023-03-28T00:32:39.267353+00:00
[2023-03-27 21:32:39,273] {processor.py:161} INFO - Processing /Users/gabrielroger/Documents/projects/weather-data/.venv/lib/python3.9/site-packages/airflow/example_dags/example_latest_only.py took 0.048 seconds
[2023-03-27 21:33:46,348] {processor.py:153} INFO - Started process (PID=8554) to work on /Users/gabrielroger/Documents/projects/weather-data/.venv/lib/python3.9/site-packages/airflow/example_dags/example_latest_only.py
[2023-03-27 21:33:46,348] {processor.py:641} INFO - Processing file /Users/gabrielroger/Documents/projects/weather-data/.venv/lib/python3.9/site-packages/airflow/example_dags/example_latest_only.py for tasks to queue
[2023-03-27 21:33:46,348] {logging_mixin.py:115} INFO - [2023-03-27 21:33:46,348] {dagbag.py:507} INFO - Filling up the DagBag from /Users/gabrielroger/Documents/projects/weather-data/.venv/lib/python3.9/site-packages/airflow/example_dags/example_latest_only.py
[2023-03-27 21:33:46,354] {processor.py:651} INFO - DAG(s) dict_keys(['latest_only']) retrieved from /Users/gabrielroger/Documents/projects/weather-data/.venv/lib/python3.9/site-packages/airflow/example_dags/example_latest_only.py
[2023-03-27 21:33:46,384] {logging_mixin.py:115} INFO - [2023-03-27 21:33:46,384] {dag.py:2379} INFO - Sync 1 DAGs
[2023-03-27 21:33:46,390] {logging_mixin.py:115} INFO - [2023-03-27 21:33:46,390] {dag.py:2927} INFO - Setting next_dagrun for latest_only to 2023-03-27T20:33:46.390776+00:00, run_after=2023-03-28T00:33:46.390776+00:00
[2023-03-27 21:33:46,396] {processor.py:161} INFO - Processing /Users/gabrielroger/Documents/projects/weather-data/.venv/lib/python3.9/site-packages/airflow/example_dags/example_latest_only.py took 0.049 seconds
[2023-03-27 21:59:28,316] {processor.py:153} INFO - Started process (PID=8702) to work on /Users/gabrielroger/Documents/projects/weather-data/.venv/lib/python3.9/site-packages/airflow/example_dags/example_latest_only.py
[2023-03-27 21:59:28,316] {processor.py:641} INFO - Processing file /Users/gabrielroger/Documents/projects/weather-data/.venv/lib/python3.9/site-packages/airflow/example_dags/example_latest_only.py for tasks to queue
[2023-03-27 21:59:28,316] {logging_mixin.py:115} INFO - [2023-03-27 21:59:28,316] {dagbag.py:507} INFO - Filling up the DagBag from /Users/gabrielroger/Documents/projects/weather-data/.venv/lib/python3.9/site-packages/airflow/example_dags/example_latest_only.py
[2023-03-27 21:59:28,323] {processor.py:651} INFO - DAG(s) dict_keys(['latest_only']) retrieved from /Users/gabrielroger/Documents/projects/weather-data/.venv/lib/python3.9/site-packages/airflow/example_dags/example_latest_only.py
[2023-03-27 21:59:28,352] {logging_mixin.py:115} INFO - [2023-03-27 21:59:28,352] {dag.py:2379} INFO - Sync 1 DAGs
[2023-03-27 21:59:28,359] {logging_mixin.py:115} INFO - [2023-03-27 21:59:28,359] {dag.py:2927} INFO - Setting next_dagrun for latest_only to 2023-03-27T20:59:28.359224+00:00, run_after=2023-03-28T00:59:28.359224+00:00
[2023-03-27 21:59:28,364] {processor.py:161} INFO - Processing /Users/gabrielroger/Documents/projects/weather-data/.venv/lib/python3.9/site-packages/airflow/example_dags/example_latest_only.py took 0.049 seconds
[2023-03-27 22:07:55,999] {processor.py:153} INFO - Started process (PID=8841) to work on /Users/gabrielroger/Documents/projects/weather-data/.venv/lib/python3.9/site-packages/airflow/example_dags/example_latest_only.py
[2023-03-27 22:07:55,999] {processor.py:641} INFO - Processing file /Users/gabrielroger/Documents/projects/weather-data/.venv/lib/python3.9/site-packages/airflow/example_dags/example_latest_only.py for tasks to queue
[2023-03-27 22:07:55,999] {logging_mixin.py:115} INFO - [2023-03-27 22:07:55,999] {dagbag.py:507} INFO - Filling up the DagBag from /Users/gabrielroger/Documents/projects/weather-data/.venv/lib/python3.9/site-packages/airflow/example_dags/example_latest_only.py
[2023-03-27 22:07:56,007] {processor.py:651} INFO - DAG(s) dict_keys(['latest_only']) retrieved from /Users/gabrielroger/Documents/projects/weather-data/.venv/lib/python3.9/site-packages/airflow/example_dags/example_latest_only.py
[2023-03-27 22:07:56,037] {logging_mixin.py:115} INFO - [2023-03-27 22:07:56,037] {dag.py:2379} INFO - Sync 1 DAGs
[2023-03-27 22:07:56,044] {logging_mixin.py:115} INFO - [2023-03-27 22:07:56,044] {dag.py:2927} INFO - Setting next_dagrun for latest_only to 2023-03-27T21:07:56.044329+00:00, run_after=2023-03-28T01:07:56.044329+00:00
[2023-03-27 22:07:56,050] {processor.py:161} INFO - Processing /Users/gabrielroger/Documents/projects/weather-data/.venv/lib/python3.9/site-packages/airflow/example_dags/example_latest_only.py took 0.052 seconds
