[2023-03-27 21:09:57,834] {processor.py:153} INFO - Started process (PID=6072) to work on /Users/gabrielroger/Documents/projects/weather-data/.venv/lib/python3.9/site-packages/airflow/example_dags/example_sla_dag.py
[2023-03-27 21:09:57,834] {processor.py:641} INFO - Processing file /Users/gabrielroger/Documents/projects/weather-data/.venv/lib/python3.9/site-packages/airflow/example_dags/example_sla_dag.py for tasks to queue
[2023-03-27 21:09:57,834] {logging_mixin.py:115} INFO - [2023-03-27 21:09:57,834] {dagbag.py:507} INFO - Filling up the DagBag from /Users/gabrielroger/Documents/projects/weather-data/.venv/lib/python3.9/site-packages/airflow/example_dags/example_sla_dag.py
[2023-03-27 21:09:57,853] {processor.py:651} INFO - DAG(s) dict_keys(['example_sla_dag']) retrieved from /Users/gabrielroger/Documents/projects/weather-data/.venv/lib/python3.9/site-packages/airflow/example_dags/example_sla_dag.py
[2023-03-27 21:09:57,884] {logging_mixin.py:115} INFO - [2023-03-27 21:09:57,884] {dag.py:2379} INFO - Sync 1 DAGs
[2023-03-27 21:09:57,893] {logging_mixin.py:115} INFO - [2023-03-27 21:09:57,893] {dag.py:2927} INFO - Setting next_dagrun for example_sla_dag to 2023-03-28T00:06:00+00:00, run_after=2023-03-28T00:08:00+00:00
[2023-03-27 21:09:57,898] {processor.py:161} INFO - Processing /Users/gabrielroger/Documents/projects/weather-data/.venv/lib/python3.9/site-packages/airflow/example_dags/example_sla_dag.py took 0.064 seconds
[2023-03-27 21:10:48,907] {processor.py:153} INFO - Started process (PID=6160) to work on /Users/gabrielroger/Documents/projects/weather-data/.venv/lib/python3.9/site-packages/airflow/example_dags/example_sla_dag.py
[2023-03-27 21:10:48,908] {processor.py:641} INFO - Processing file /Users/gabrielroger/Documents/projects/weather-data/.venv/lib/python3.9/site-packages/airflow/example_dags/example_sla_dag.py for tasks to queue
[2023-03-27 21:10:48,908] {logging_mixin.py:115} INFO - [2023-03-27 21:10:48,908] {dagbag.py:507} INFO - Filling up the DagBag from /Users/gabrielroger/Documents/projects/weather-data/.venv/lib/python3.9/site-packages/airflow/example_dags/example_sla_dag.py
[2023-03-27 21:10:48,927] {processor.py:651} INFO - DAG(s) dict_keys(['example_sla_dag']) retrieved from /Users/gabrielroger/Documents/projects/weather-data/.venv/lib/python3.9/site-packages/airflow/example_dags/example_sla_dag.py
[2023-03-27 21:10:48,960] {logging_mixin.py:115} INFO - [2023-03-27 21:10:48,960] {dag.py:2379} INFO - Sync 1 DAGs
[2023-03-27 21:10:48,970] {logging_mixin.py:115} INFO - [2023-03-27 21:10:48,969] {dag.py:2927} INFO - Setting next_dagrun for example_sla_dag to 2023-03-28T00:08:00+00:00, run_after=2023-03-28T00:10:00+00:00
[2023-03-27 21:10:48,975] {processor.py:161} INFO - Processing /Users/gabrielroger/Documents/projects/weather-data/.venv/lib/python3.9/site-packages/airflow/example_dags/example_sla_dag.py took 0.068 seconds
[2023-03-27 21:11:40,495] {processor.py:153} INFO - Started process (PID=6251) to work on /Users/gabrielroger/Documents/projects/weather-data/.venv/lib/python3.9/site-packages/airflow/example_dags/example_sla_dag.py
[2023-03-27 21:11:40,496] {processor.py:641} INFO - Processing file /Users/gabrielroger/Documents/projects/weather-data/.venv/lib/python3.9/site-packages/airflow/example_dags/example_sla_dag.py for tasks to queue
[2023-03-27 21:11:40,496] {logging_mixin.py:115} INFO - [2023-03-27 21:11:40,496] {dagbag.py:507} INFO - Filling up the DagBag from /Users/gabrielroger/Documents/projects/weather-data/.venv/lib/python3.9/site-packages/airflow/example_dags/example_sla_dag.py
[2023-03-27 21:11:40,514] {processor.py:651} INFO - DAG(s) dict_keys(['example_sla_dag']) retrieved from /Users/gabrielroger/Documents/projects/weather-data/.venv/lib/python3.9/site-packages/airflow/example_dags/example_sla_dag.py
[2023-03-27 21:11:40,545] {logging_mixin.py:115} INFO - [2023-03-27 21:11:40,545] {dag.py:2379} INFO - Sync 1 DAGs
[2023-03-27 21:11:40,553] {logging_mixin.py:115} INFO - [2023-03-27 21:11:40,553] {dag.py:2927} INFO - Setting next_dagrun for example_sla_dag to 2023-03-28T00:08:00+00:00, run_after=2023-03-28T00:10:00+00:00
[2023-03-27 21:11:40,558] {processor.py:161} INFO - Processing /Users/gabrielroger/Documents/projects/weather-data/.venv/lib/python3.9/site-packages/airflow/example_dags/example_sla_dag.py took 0.064 seconds
[2023-03-27 21:12:28,111] {processor.py:153} INFO - Started process (PID=6326) to work on /Users/gabrielroger/Documents/projects/weather-data/.venv/lib/python3.9/site-packages/airflow/example_dags/example_sla_dag.py
[2023-03-27 21:12:28,112] {processor.py:641} INFO - Processing file /Users/gabrielroger/Documents/projects/weather-data/.venv/lib/python3.9/site-packages/airflow/example_dags/example_sla_dag.py for tasks to queue
[2023-03-27 21:12:28,112] {logging_mixin.py:115} INFO - [2023-03-27 21:12:28,112] {dagbag.py:507} INFO - Filling up the DagBag from /Users/gabrielroger/Documents/projects/weather-data/.venv/lib/python3.9/site-packages/airflow/example_dags/example_sla_dag.py
[2023-03-27 21:12:28,130] {processor.py:651} INFO - DAG(s) dict_keys(['example_sla_dag']) retrieved from /Users/gabrielroger/Documents/projects/weather-data/.venv/lib/python3.9/site-packages/airflow/example_dags/example_sla_dag.py
[2023-03-27 21:12:28,161] {logging_mixin.py:115} INFO - [2023-03-27 21:12:28,161] {dag.py:2379} INFO - Sync 1 DAGs
[2023-03-27 21:12:28,169] {logging_mixin.py:115} INFO - [2023-03-27 21:12:28,169] {dag.py:2927} INFO - Setting next_dagrun for example_sla_dag to 2023-03-28T00:10:00+00:00, run_after=2023-03-28T00:12:00+00:00
[2023-03-27 21:12:28,174] {processor.py:161} INFO - Processing /Users/gabrielroger/Documents/projects/weather-data/.venv/lib/python3.9/site-packages/airflow/example_dags/example_sla_dag.py took 0.063 seconds
[2023-03-27 21:13:15,182] {processor.py:153} INFO - Started process (PID=6403) to work on /Users/gabrielroger/Documents/projects/weather-data/.venv/lib/python3.9/site-packages/airflow/example_dags/example_sla_dag.py
[2023-03-27 21:13:15,182] {processor.py:641} INFO - Processing file /Users/gabrielroger/Documents/projects/weather-data/.venv/lib/python3.9/site-packages/airflow/example_dags/example_sla_dag.py for tasks to queue
[2023-03-27 21:13:15,182] {logging_mixin.py:115} INFO - [2023-03-27 21:13:15,182] {dagbag.py:507} INFO - Filling up the DagBag from /Users/gabrielroger/Documents/projects/weather-data/.venv/lib/python3.9/site-packages/airflow/example_dags/example_sla_dag.py
[2023-03-27 21:13:15,200] {processor.py:651} INFO - DAG(s) dict_keys(['example_sla_dag']) retrieved from /Users/gabrielroger/Documents/projects/weather-data/.venv/lib/python3.9/site-packages/airflow/example_dags/example_sla_dag.py
[2023-03-27 21:13:15,230] {logging_mixin.py:115} INFO - [2023-03-27 21:13:15,230] {dag.py:2379} INFO - Sync 1 DAGs
[2023-03-27 21:13:15,239] {logging_mixin.py:115} INFO - [2023-03-27 21:13:15,239] {dag.py:2927} INFO - Setting next_dagrun for example_sla_dag to 2023-03-28T00:10:00+00:00, run_after=2023-03-28T00:12:00+00:00
[2023-03-27 21:13:15,244] {processor.py:161} INFO - Processing /Users/gabrielroger/Documents/projects/weather-data/.venv/lib/python3.9/site-packages/airflow/example_dags/example_sla_dag.py took 0.062 seconds
[2023-03-27 21:13:59,560] {processor.py:153} INFO - Started process (PID=6481) to work on /Users/gabrielroger/Documents/projects/weather-data/.venv/lib/python3.9/site-packages/airflow/example_dags/example_sla_dag.py
[2023-03-27 21:13:59,561] {processor.py:641} INFO - Processing file /Users/gabrielroger/Documents/projects/weather-data/.venv/lib/python3.9/site-packages/airflow/example_dags/example_sla_dag.py for tasks to queue
[2023-03-27 21:13:59,561] {logging_mixin.py:115} INFO - [2023-03-27 21:13:59,561] {dagbag.py:507} INFO - Filling up the DagBag from /Users/gabrielroger/Documents/projects/weather-data/.venv/lib/python3.9/site-packages/airflow/example_dags/example_sla_dag.py
[2023-03-27 21:13:59,579] {processor.py:651} INFO - DAG(s) dict_keys(['example_sla_dag']) retrieved from /Users/gabrielroger/Documents/projects/weather-data/.venv/lib/python3.9/site-packages/airflow/example_dags/example_sla_dag.py
[2023-03-27 21:13:59,610] {logging_mixin.py:115} INFO - [2023-03-27 21:13:59,610] {dag.py:2379} INFO - Sync 1 DAGs
[2023-03-27 21:13:59,618] {logging_mixin.py:115} INFO - [2023-03-27 21:13:59,618] {dag.py:2927} INFO - Setting next_dagrun for example_sla_dag to 2023-03-28T00:10:00+00:00, run_after=2023-03-28T00:12:00+00:00
[2023-03-27 21:13:59,625] {processor.py:161} INFO - Processing /Users/gabrielroger/Documents/projects/weather-data/.venv/lib/python3.9/site-packages/airflow/example_dags/example_sla_dag.py took 0.065 seconds
[2023-03-27 21:14:42,264] {processor.py:153} INFO - Started process (PID=6553) to work on /Users/gabrielroger/Documents/projects/weather-data/.venv/lib/python3.9/site-packages/airflow/example_dags/example_sla_dag.py
[2023-03-27 21:14:42,265] {processor.py:641} INFO - Processing file /Users/gabrielroger/Documents/projects/weather-data/.venv/lib/python3.9/site-packages/airflow/example_dags/example_sla_dag.py for tasks to queue
[2023-03-27 21:14:42,265] {logging_mixin.py:115} INFO - [2023-03-27 21:14:42,265] {dagbag.py:507} INFO - Filling up the DagBag from /Users/gabrielroger/Documents/projects/weather-data/.venv/lib/python3.9/site-packages/airflow/example_dags/example_sla_dag.py
[2023-03-27 21:14:42,283] {processor.py:651} INFO - DAG(s) dict_keys(['example_sla_dag']) retrieved from /Users/gabrielroger/Documents/projects/weather-data/.venv/lib/python3.9/site-packages/airflow/example_dags/example_sla_dag.py
[2023-03-27 21:14:42,313] {logging_mixin.py:115} INFO - [2023-03-27 21:14:42,313] {dag.py:2379} INFO - Sync 1 DAGs
[2023-03-27 21:14:42,321] {logging_mixin.py:115} INFO - [2023-03-27 21:14:42,321] {dag.py:2927} INFO - Setting next_dagrun for example_sla_dag to 2023-03-28T00:12:00+00:00, run_after=2023-03-28T00:14:00+00:00
[2023-03-27 21:14:42,326] {processor.py:161} INFO - Processing /Users/gabrielroger/Documents/projects/weather-data/.venv/lib/python3.9/site-packages/airflow/example_dags/example_sla_dag.py took 0.063 seconds
[2023-03-27 21:15:41,939] {processor.py:153} INFO - Started process (PID=6653) to work on /Users/gabrielroger/Documents/projects/weather-data/.venv/lib/python3.9/site-packages/airflow/example_dags/example_sla_dag.py
[2023-03-27 21:15:41,940] {processor.py:641} INFO - Processing file /Users/gabrielroger/Documents/projects/weather-data/.venv/lib/python3.9/site-packages/airflow/example_dags/example_sla_dag.py for tasks to queue
[2023-03-27 21:15:41,940] {logging_mixin.py:115} INFO - [2023-03-27 21:15:41,940] {dagbag.py:507} INFO - Filling up the DagBag from /Users/gabrielroger/Documents/projects/weather-data/.venv/lib/python3.9/site-packages/airflow/example_dags/example_sla_dag.py
[2023-03-27 21:15:41,958] {processor.py:651} INFO - DAG(s) dict_keys(['example_sla_dag']) retrieved from /Users/gabrielroger/Documents/projects/weather-data/.venv/lib/python3.9/site-packages/airflow/example_dags/example_sla_dag.py
[2023-03-27 21:15:41,988] {logging_mixin.py:115} INFO - [2023-03-27 21:15:41,988] {dag.py:2379} INFO - Sync 1 DAGs
[2023-03-27 21:15:41,996] {logging_mixin.py:115} INFO - [2023-03-27 21:15:41,996] {dag.py:2927} INFO - Setting next_dagrun for example_sla_dag to 2023-03-28T00:12:00+00:00, run_after=2023-03-28T00:14:00+00:00
[2023-03-27 21:15:42,001] {processor.py:161} INFO - Processing /Users/gabrielroger/Documents/projects/weather-data/.venv/lib/python3.9/site-packages/airflow/example_dags/example_sla_dag.py took 0.062 seconds
[2023-03-27 21:16:27,082] {processor.py:153} INFO - Started process (PID=6726) to work on /Users/gabrielroger/Documents/projects/weather-data/.venv/lib/python3.9/site-packages/airflow/example_dags/example_sla_dag.py
[2023-03-27 21:16:27,083] {processor.py:641} INFO - Processing file /Users/gabrielroger/Documents/projects/weather-data/.venv/lib/python3.9/site-packages/airflow/example_dags/example_sla_dag.py for tasks to queue
[2023-03-27 21:16:27,083] {logging_mixin.py:115} INFO - [2023-03-27 21:16:27,083] {dagbag.py:507} INFO - Filling up the DagBag from /Users/gabrielroger/Documents/projects/weather-data/.venv/lib/python3.9/site-packages/airflow/example_dags/example_sla_dag.py
[2023-03-27 21:16:27,101] {processor.py:651} INFO - DAG(s) dict_keys(['example_sla_dag']) retrieved from /Users/gabrielroger/Documents/projects/weather-data/.venv/lib/python3.9/site-packages/airflow/example_dags/example_sla_dag.py
[2023-03-27 21:16:27,131] {logging_mixin.py:115} INFO - [2023-03-27 21:16:27,131] {dag.py:2379} INFO - Sync 1 DAGs
[2023-03-27 21:16:27,139] {logging_mixin.py:115} INFO - [2023-03-27 21:16:27,139] {dag.py:2927} INFO - Setting next_dagrun for example_sla_dag to 2023-03-28T00:14:00+00:00, run_after=2023-03-28T00:16:00+00:00
[2023-03-27 21:16:27,144] {processor.py:161} INFO - Processing /Users/gabrielroger/Documents/projects/weather-data/.venv/lib/python3.9/site-packages/airflow/example_dags/example_sla_dag.py took 0.062 seconds
[2023-03-27 21:17:10,912] {processor.py:153} INFO - Started process (PID=6799) to work on /Users/gabrielroger/Documents/projects/weather-data/.venv/lib/python3.9/site-packages/airflow/example_dags/example_sla_dag.py
[2023-03-27 21:17:10,912] {processor.py:641} INFO - Processing file /Users/gabrielroger/Documents/projects/weather-data/.venv/lib/python3.9/site-packages/airflow/example_dags/example_sla_dag.py for tasks to queue
[2023-03-27 21:17:10,912] {logging_mixin.py:115} INFO - [2023-03-27 21:17:10,912] {dagbag.py:507} INFO - Filling up the DagBag from /Users/gabrielroger/Documents/projects/weather-data/.venv/lib/python3.9/site-packages/airflow/example_dags/example_sla_dag.py
[2023-03-27 21:17:10,929] {processor.py:651} INFO - DAG(s) dict_keys(['example_sla_dag']) retrieved from /Users/gabrielroger/Documents/projects/weather-data/.venv/lib/python3.9/site-packages/airflow/example_dags/example_sla_dag.py
[2023-03-27 21:17:10,960] {logging_mixin.py:115} INFO - [2023-03-27 21:17:10,959] {dag.py:2379} INFO - Sync 1 DAGs
[2023-03-27 21:17:10,968] {logging_mixin.py:115} INFO - [2023-03-27 21:17:10,968] {dag.py:2927} INFO - Setting next_dagrun for example_sla_dag to 2023-03-28T00:14:00+00:00, run_after=2023-03-28T00:16:00+00:00
[2023-03-27 21:17:10,973] {processor.py:161} INFO - Processing /Users/gabrielroger/Documents/projects/weather-data/.venv/lib/python3.9/site-packages/airflow/example_dags/example_sla_dag.py took 0.061 seconds
[2023-03-27 21:17:56,083] {processor.py:153} INFO - Started process (PID=6875) to work on /Users/gabrielroger/Documents/projects/weather-data/.venv/lib/python3.9/site-packages/airflow/example_dags/example_sla_dag.py
[2023-03-27 21:17:56,083] {processor.py:641} INFO - Processing file /Users/gabrielroger/Documents/projects/weather-data/.venv/lib/python3.9/site-packages/airflow/example_dags/example_sla_dag.py for tasks to queue
[2023-03-27 21:17:56,083] {logging_mixin.py:115} INFO - [2023-03-27 21:17:56,083] {dagbag.py:507} INFO - Filling up the DagBag from /Users/gabrielroger/Documents/projects/weather-data/.venv/lib/python3.9/site-packages/airflow/example_dags/example_sla_dag.py
[2023-03-27 21:17:56,100] {processor.py:651} INFO - DAG(s) dict_keys(['example_sla_dag']) retrieved from /Users/gabrielroger/Documents/projects/weather-data/.venv/lib/python3.9/site-packages/airflow/example_dags/example_sla_dag.py
[2023-03-27 21:17:56,130] {logging_mixin.py:115} INFO - [2023-03-27 21:17:56,130] {dag.py:2379} INFO - Sync 1 DAGs
[2023-03-27 21:17:56,139] {logging_mixin.py:115} INFO - [2023-03-27 21:17:56,139] {dag.py:2927} INFO - Setting next_dagrun for example_sla_dag to 2023-03-28T00:14:00+00:00, run_after=2023-03-28T00:16:00+00:00
[2023-03-27 21:17:56,144] {processor.py:161} INFO - Processing /Users/gabrielroger/Documents/projects/weather-data/.venv/lib/python3.9/site-packages/airflow/example_dags/example_sla_dag.py took 0.061 seconds
[2023-03-27 21:18:37,561] {processor.py:153} INFO - Started process (PID=6945) to work on /Users/gabrielroger/Documents/projects/weather-data/.venv/lib/python3.9/site-packages/airflow/example_dags/example_sla_dag.py
[2023-03-27 21:18:37,562] {processor.py:641} INFO - Processing file /Users/gabrielroger/Documents/projects/weather-data/.venv/lib/python3.9/site-packages/airflow/example_dags/example_sla_dag.py for tasks to queue
[2023-03-27 21:18:37,562] {logging_mixin.py:115} INFO - [2023-03-27 21:18:37,562] {dagbag.py:507} INFO - Filling up the DagBag from /Users/gabrielroger/Documents/projects/weather-data/.venv/lib/python3.9/site-packages/airflow/example_dags/example_sla_dag.py
[2023-03-27 21:18:37,580] {processor.py:651} INFO - DAG(s) dict_keys(['example_sla_dag']) retrieved from /Users/gabrielroger/Documents/projects/weather-data/.venv/lib/python3.9/site-packages/airflow/example_dags/example_sla_dag.py
[2023-03-27 21:18:37,610] {logging_mixin.py:115} INFO - [2023-03-27 21:18:37,610] {dag.py:2379} INFO - Sync 1 DAGs
[2023-03-27 21:18:37,619] {logging_mixin.py:115} INFO - [2023-03-27 21:18:37,619] {dag.py:2927} INFO - Setting next_dagrun for example_sla_dag to 2023-03-28T00:16:00+00:00, run_after=2023-03-28T00:18:00+00:00
[2023-03-27 21:18:37,624] {processor.py:161} INFO - Processing /Users/gabrielroger/Documents/projects/weather-data/.venv/lib/python3.9/site-packages/airflow/example_dags/example_sla_dag.py took 0.063 seconds
[2023-03-27 21:19:21,552] {processor.py:153} INFO - Started process (PID=7022) to work on /Users/gabrielroger/Documents/projects/weather-data/.venv/lib/python3.9/site-packages/airflow/example_dags/example_sla_dag.py
[2023-03-27 21:19:21,553] {processor.py:641} INFO - Processing file /Users/gabrielroger/Documents/projects/weather-data/.venv/lib/python3.9/site-packages/airflow/example_dags/example_sla_dag.py for tasks to queue
[2023-03-27 21:19:21,553] {logging_mixin.py:115} INFO - [2023-03-27 21:19:21,553] {dagbag.py:507} INFO - Filling up the DagBag from /Users/gabrielroger/Documents/projects/weather-data/.venv/lib/python3.9/site-packages/airflow/example_dags/example_sla_dag.py
[2023-03-27 21:19:21,570] {processor.py:651} INFO - DAG(s) dict_keys(['example_sla_dag']) retrieved from /Users/gabrielroger/Documents/projects/weather-data/.venv/lib/python3.9/site-packages/airflow/example_dags/example_sla_dag.py
[2023-03-27 21:19:21,600] {logging_mixin.py:115} INFO - [2023-03-27 21:19:21,600] {dag.py:2379} INFO - Sync 1 DAGs
[2023-03-27 21:19:21,609] {logging_mixin.py:115} INFO - [2023-03-27 21:19:21,609] {dag.py:2927} INFO - Setting next_dagrun for example_sla_dag to 2023-03-28T00:16:00+00:00, run_after=2023-03-28T00:18:00+00:00
[2023-03-27 21:19:21,613] {processor.py:161} INFO - Processing /Users/gabrielroger/Documents/projects/weather-data/.venv/lib/python3.9/site-packages/airflow/example_dags/example_sla_dag.py took 0.062 seconds
[2023-03-27 21:20:06,176] {processor.py:153} INFO - Started process (PID=7095) to work on /Users/gabrielroger/Documents/projects/weather-data/.venv/lib/python3.9/site-packages/airflow/example_dags/example_sla_dag.py
[2023-03-27 21:20:06,176] {processor.py:641} INFO - Processing file /Users/gabrielroger/Documents/projects/weather-data/.venv/lib/python3.9/site-packages/airflow/example_dags/example_sla_dag.py for tasks to queue
[2023-03-27 21:20:06,176] {logging_mixin.py:115} INFO - [2023-03-27 21:20:06,176] {dagbag.py:507} INFO - Filling up the DagBag from /Users/gabrielroger/Documents/projects/weather-data/.venv/lib/python3.9/site-packages/airflow/example_dags/example_sla_dag.py
[2023-03-27 21:20:06,193] {processor.py:651} INFO - DAG(s) dict_keys(['example_sla_dag']) retrieved from /Users/gabrielroger/Documents/projects/weather-data/.venv/lib/python3.9/site-packages/airflow/example_dags/example_sla_dag.py
[2023-03-27 21:20:06,224] {logging_mixin.py:115} INFO - [2023-03-27 21:20:06,224] {dag.py:2379} INFO - Sync 1 DAGs
[2023-03-27 21:20:06,233] {logging_mixin.py:115} INFO - [2023-03-27 21:20:06,233] {dag.py:2927} INFO - Setting next_dagrun for example_sla_dag to 2023-03-28T00:18:00+00:00, run_after=2023-03-28T00:20:00+00:00
[2023-03-27 21:20:06,238] {processor.py:161} INFO - Processing /Users/gabrielroger/Documents/projects/weather-data/.venv/lib/python3.9/site-packages/airflow/example_dags/example_sla_dag.py took 0.062 seconds
[2023-03-27 21:20:51,890] {processor.py:153} INFO - Started process (PID=7171) to work on /Users/gabrielroger/Documents/projects/weather-data/.venv/lib/python3.9/site-packages/airflow/example_dags/example_sla_dag.py
[2023-03-27 21:20:51,890] {processor.py:641} INFO - Processing file /Users/gabrielroger/Documents/projects/weather-data/.venv/lib/python3.9/site-packages/airflow/example_dags/example_sla_dag.py for tasks to queue
[2023-03-27 21:20:51,890] {logging_mixin.py:115} INFO - [2023-03-27 21:20:51,890] {dagbag.py:507} INFO - Filling up the DagBag from /Users/gabrielroger/Documents/projects/weather-data/.venv/lib/python3.9/site-packages/airflow/example_dags/example_sla_dag.py
[2023-03-27 21:20:51,908] {processor.py:651} INFO - DAG(s) dict_keys(['example_sla_dag']) retrieved from /Users/gabrielroger/Documents/projects/weather-data/.venv/lib/python3.9/site-packages/airflow/example_dags/example_sla_dag.py
[2023-03-27 21:20:51,938] {logging_mixin.py:115} INFO - [2023-03-27 21:20:51,938] {dag.py:2379} INFO - Sync 1 DAGs
[2023-03-27 21:20:51,946] {logging_mixin.py:115} INFO - [2023-03-27 21:20:51,946] {dag.py:2927} INFO - Setting next_dagrun for example_sla_dag to 2023-03-28T00:18:00+00:00, run_after=2023-03-28T00:20:00+00:00
[2023-03-27 21:20:51,951] {processor.py:161} INFO - Processing /Users/gabrielroger/Documents/projects/weather-data/.venv/lib/python3.9/site-packages/airflow/example_dags/example_sla_dag.py took 0.061 seconds
[2023-03-27 21:21:37,003] {processor.py:153} INFO - Started process (PID=7243) to work on /Users/gabrielroger/Documents/projects/weather-data/.venv/lib/python3.9/site-packages/airflow/example_dags/example_sla_dag.py
[2023-03-27 21:21:37,003] {processor.py:641} INFO - Processing file /Users/gabrielroger/Documents/projects/weather-data/.venv/lib/python3.9/site-packages/airflow/example_dags/example_sla_dag.py for tasks to queue
[2023-03-27 21:21:37,003] {logging_mixin.py:115} INFO - [2023-03-27 21:21:37,003] {dagbag.py:507} INFO - Filling up the DagBag from /Users/gabrielroger/Documents/projects/weather-data/.venv/lib/python3.9/site-packages/airflow/example_dags/example_sla_dag.py
[2023-03-27 21:21:37,020] {processor.py:651} INFO - DAG(s) dict_keys(['example_sla_dag']) retrieved from /Users/gabrielroger/Documents/projects/weather-data/.venv/lib/python3.9/site-packages/airflow/example_dags/example_sla_dag.py
[2023-03-27 21:21:37,050] {logging_mixin.py:115} INFO - [2023-03-27 21:21:37,050] {dag.py:2379} INFO - Sync 1 DAGs
[2023-03-27 21:21:37,058] {logging_mixin.py:115} INFO - [2023-03-27 21:21:37,058] {dag.py:2927} INFO - Setting next_dagrun for example_sla_dag to 2023-03-28T00:18:00+00:00, run_after=2023-03-28T00:20:00+00:00
[2023-03-27 21:21:37,063] {processor.py:161} INFO - Processing /Users/gabrielroger/Documents/projects/weather-data/.venv/lib/python3.9/site-packages/airflow/example_dags/example_sla_dag.py took 0.061 seconds
[2023-03-27 21:22:22,800] {processor.py:153} INFO - Started process (PID=7318) to work on /Users/gabrielroger/Documents/projects/weather-data/.venv/lib/python3.9/site-packages/airflow/example_dags/example_sla_dag.py
[2023-03-27 21:22:22,800] {processor.py:641} INFO - Processing file /Users/gabrielroger/Documents/projects/weather-data/.venv/lib/python3.9/site-packages/airflow/example_dags/example_sla_dag.py for tasks to queue
[2023-03-27 21:22:22,800] {logging_mixin.py:115} INFO - [2023-03-27 21:22:22,800] {dagbag.py:507} INFO - Filling up the DagBag from /Users/gabrielroger/Documents/projects/weather-data/.venv/lib/python3.9/site-packages/airflow/example_dags/example_sla_dag.py
[2023-03-27 21:22:22,817] {processor.py:651} INFO - DAG(s) dict_keys(['example_sla_dag']) retrieved from /Users/gabrielroger/Documents/projects/weather-data/.venv/lib/python3.9/site-packages/airflow/example_dags/example_sla_dag.py
[2023-03-27 21:22:22,847] {logging_mixin.py:115} INFO - [2023-03-27 21:22:22,847] {dag.py:2379} INFO - Sync 1 DAGs
[2023-03-27 21:22:22,855] {logging_mixin.py:115} INFO - [2023-03-27 21:22:22,855] {dag.py:2927} INFO - Setting next_dagrun for example_sla_dag to 2023-03-28T00:20:00+00:00, run_after=2023-03-28T00:22:00+00:00
[2023-03-27 21:22:22,860] {processor.py:161} INFO - Processing /Users/gabrielroger/Documents/projects/weather-data/.venv/lib/python3.9/site-packages/airflow/example_dags/example_sla_dag.py took 0.061 seconds
[2023-03-27 21:23:07,063] {processor.py:153} INFO - Started process (PID=7395) to work on /Users/gabrielroger/Documents/projects/weather-data/.venv/lib/python3.9/site-packages/airflow/example_dags/example_sla_dag.py
[2023-03-27 21:23:07,063] {processor.py:641} INFO - Processing file /Users/gabrielroger/Documents/projects/weather-data/.venv/lib/python3.9/site-packages/airflow/example_dags/example_sla_dag.py for tasks to queue
[2023-03-27 21:23:07,063] {logging_mixin.py:115} INFO - [2023-03-27 21:23:07,063] {dagbag.py:507} INFO - Filling up the DagBag from /Users/gabrielroger/Documents/projects/weather-data/.venv/lib/python3.9/site-packages/airflow/example_dags/example_sla_dag.py
[2023-03-27 21:23:07,080] {processor.py:651} INFO - DAG(s) dict_keys(['example_sla_dag']) retrieved from /Users/gabrielroger/Documents/projects/weather-data/.venv/lib/python3.9/site-packages/airflow/example_dags/example_sla_dag.py
[2023-03-27 21:23:07,112] {logging_mixin.py:115} INFO - [2023-03-27 21:23:07,112] {dag.py:2379} INFO - Sync 1 DAGs
[2023-03-27 21:23:07,122] {logging_mixin.py:115} INFO - [2023-03-27 21:23:07,122] {dag.py:2927} INFO - Setting next_dagrun for example_sla_dag to 2023-03-28T00:20:00+00:00, run_after=2023-03-28T00:22:00+00:00
[2023-03-27 21:23:07,127] {processor.py:161} INFO - Processing /Users/gabrielroger/Documents/projects/weather-data/.venv/lib/python3.9/site-packages/airflow/example_dags/example_sla_dag.py took 0.065 seconds
[2023-03-27 21:23:49,344] {processor.py:153} INFO - Started process (PID=7469) to work on /Users/gabrielroger/Documents/projects/weather-data/.venv/lib/python3.9/site-packages/airflow/example_dags/example_sla_dag.py
[2023-03-27 21:23:49,345] {processor.py:641} INFO - Processing file /Users/gabrielroger/Documents/projects/weather-data/.venv/lib/python3.9/site-packages/airflow/example_dags/example_sla_dag.py for tasks to queue
[2023-03-27 21:23:49,345] {logging_mixin.py:115} INFO - [2023-03-27 21:23:49,345] {dagbag.py:507} INFO - Filling up the DagBag from /Users/gabrielroger/Documents/projects/weather-data/.venv/lib/python3.9/site-packages/airflow/example_dags/example_sla_dag.py
[2023-03-27 21:23:49,363] {processor.py:651} INFO - DAG(s) dict_keys(['example_sla_dag']) retrieved from /Users/gabrielroger/Documents/projects/weather-data/.venv/lib/python3.9/site-packages/airflow/example_dags/example_sla_dag.py
[2023-03-27 21:23:49,394] {logging_mixin.py:115} INFO - [2023-03-27 21:23:49,393] {dag.py:2379} INFO - Sync 1 DAGs
[2023-03-27 21:23:49,402] {logging_mixin.py:115} INFO - [2023-03-27 21:23:49,402] {dag.py:2927} INFO - Setting next_dagrun for example_sla_dag to 2023-03-28T00:20:00+00:00, run_after=2023-03-28T00:22:00+00:00
[2023-03-27 21:23:49,407] {processor.py:161} INFO - Processing /Users/gabrielroger/Documents/projects/weather-data/.venv/lib/python3.9/site-packages/airflow/example_dags/example_sla_dag.py took 0.063 seconds
[2023-03-27 21:24:33,464] {processor.py:153} INFO - Started process (PID=7558) to work on /Users/gabrielroger/Documents/projects/weather-data/.venv/lib/python3.9/site-packages/airflow/example_dags/example_sla_dag.py
[2023-03-27 21:24:33,465] {processor.py:641} INFO - Processing file /Users/gabrielroger/Documents/projects/weather-data/.venv/lib/python3.9/site-packages/airflow/example_dags/example_sla_dag.py for tasks to queue
[2023-03-27 21:24:33,465] {logging_mixin.py:115} INFO - [2023-03-27 21:24:33,465] {dagbag.py:507} INFO - Filling up the DagBag from /Users/gabrielroger/Documents/projects/weather-data/.venv/lib/python3.9/site-packages/airflow/example_dags/example_sla_dag.py
[2023-03-27 21:24:33,482] {processor.py:651} INFO - DAG(s) dict_keys(['example_sla_dag']) retrieved from /Users/gabrielroger/Documents/projects/weather-data/.venv/lib/python3.9/site-packages/airflow/example_dags/example_sla_dag.py
[2023-03-27 21:24:33,513] {logging_mixin.py:115} INFO - [2023-03-27 21:24:33,513] {dag.py:2379} INFO - Sync 1 DAGs
[2023-03-27 21:24:33,522] {logging_mixin.py:115} INFO - [2023-03-27 21:24:33,522] {dag.py:2927} INFO - Setting next_dagrun for example_sla_dag to 2023-03-28T00:22:00+00:00, run_after=2023-03-28T00:24:00+00:00
[2023-03-27 21:24:33,527] {processor.py:161} INFO - Processing /Users/gabrielroger/Documents/projects/weather-data/.venv/lib/python3.9/site-packages/airflow/example_dags/example_sla_dag.py took 0.063 seconds
[2023-03-27 21:25:18,194] {processor.py:153} INFO - Started process (PID=7650) to work on /Users/gabrielroger/Documents/projects/weather-data/.venv/lib/python3.9/site-packages/airflow/example_dags/example_sla_dag.py
[2023-03-27 21:25:18,194] {processor.py:641} INFO - Processing file /Users/gabrielroger/Documents/projects/weather-data/.venv/lib/python3.9/site-packages/airflow/example_dags/example_sla_dag.py for tasks to queue
[2023-03-27 21:25:18,194] {logging_mixin.py:115} INFO - [2023-03-27 21:25:18,194] {dagbag.py:507} INFO - Filling up the DagBag from /Users/gabrielroger/Documents/projects/weather-data/.venv/lib/python3.9/site-packages/airflow/example_dags/example_sla_dag.py
[2023-03-27 21:25:18,212] {processor.py:651} INFO - DAG(s) dict_keys(['example_sla_dag']) retrieved from /Users/gabrielroger/Documents/projects/weather-data/.venv/lib/python3.9/site-packages/airflow/example_dags/example_sla_dag.py
[2023-03-27 21:25:18,242] {logging_mixin.py:115} INFO - [2023-03-27 21:25:18,242] {dag.py:2379} INFO - Sync 1 DAGs
[2023-03-27 21:25:18,251] {logging_mixin.py:115} INFO - [2023-03-27 21:25:18,251] {dag.py:2927} INFO - Setting next_dagrun for example_sla_dag to 2023-03-28T00:22:00+00:00, run_after=2023-03-28T00:24:00+00:00
[2023-03-27 21:25:18,255] {processor.py:161} INFO - Processing /Users/gabrielroger/Documents/projects/weather-data/.venv/lib/python3.9/site-packages/airflow/example_dags/example_sla_dag.py took 0.062 seconds
[2023-03-27 21:26:01,493] {processor.py:153} INFO - Started process (PID=7728) to work on /Users/gabrielroger/Documents/projects/weather-data/.venv/lib/python3.9/site-packages/airflow/example_dags/example_sla_dag.py
[2023-03-27 21:26:01,493] {processor.py:641} INFO - Processing file /Users/gabrielroger/Documents/projects/weather-data/.venv/lib/python3.9/site-packages/airflow/example_dags/example_sla_dag.py for tasks to queue
[2023-03-27 21:26:01,494] {logging_mixin.py:115} INFO - [2023-03-27 21:26:01,494] {dagbag.py:507} INFO - Filling up the DagBag from /Users/gabrielroger/Documents/projects/weather-data/.venv/lib/python3.9/site-packages/airflow/example_dags/example_sla_dag.py
[2023-03-27 21:26:01,511] {processor.py:651} INFO - DAG(s) dict_keys(['example_sla_dag']) retrieved from /Users/gabrielroger/Documents/projects/weather-data/.venv/lib/python3.9/site-packages/airflow/example_dags/example_sla_dag.py
[2023-03-27 21:26:01,541] {logging_mixin.py:115} INFO - [2023-03-27 21:26:01,541] {dag.py:2379} INFO - Sync 1 DAGs
[2023-03-27 21:26:01,549] {logging_mixin.py:115} INFO - [2023-03-27 21:26:01,549] {dag.py:2927} INFO - Setting next_dagrun for example_sla_dag to 2023-03-28T00:24:00+00:00, run_after=2023-03-28T00:26:00+00:00
[2023-03-27 21:26:01,554] {processor.py:161} INFO - Processing /Users/gabrielroger/Documents/projects/weather-data/.venv/lib/python3.9/site-packages/airflow/example_dags/example_sla_dag.py took 0.061 seconds
[2023-03-27 21:26:47,052] {processor.py:153} INFO - Started process (PID=7804) to work on /Users/gabrielroger/Documents/projects/weather-data/.venv/lib/python3.9/site-packages/airflow/example_dags/example_sla_dag.py
[2023-03-27 21:26:47,052] {processor.py:641} INFO - Processing file /Users/gabrielroger/Documents/projects/weather-data/.venv/lib/python3.9/site-packages/airflow/example_dags/example_sla_dag.py for tasks to queue
[2023-03-27 21:26:47,052] {logging_mixin.py:115} INFO - [2023-03-27 21:26:47,052] {dagbag.py:507} INFO - Filling up the DagBag from /Users/gabrielroger/Documents/projects/weather-data/.venv/lib/python3.9/site-packages/airflow/example_dags/example_sla_dag.py
[2023-03-27 21:26:47,069] {processor.py:651} INFO - DAG(s) dict_keys(['example_sla_dag']) retrieved from /Users/gabrielroger/Documents/projects/weather-data/.venv/lib/python3.9/site-packages/airflow/example_dags/example_sla_dag.py
[2023-03-27 21:26:47,099] {logging_mixin.py:115} INFO - [2023-03-27 21:26:47,099] {dag.py:2379} INFO - Sync 1 DAGs
[2023-03-27 21:26:47,107] {logging_mixin.py:115} INFO - [2023-03-27 21:26:47,107] {dag.py:2927} INFO - Setting next_dagrun for example_sla_dag to 2023-03-28T00:24:00+00:00, run_after=2023-03-28T00:26:00+00:00
[2023-03-27 21:26:47,112] {processor.py:161} INFO - Processing /Users/gabrielroger/Documents/projects/weather-data/.venv/lib/python3.9/site-packages/airflow/example_dags/example_sla_dag.py took 0.061 seconds
[2023-03-27 21:27:31,786] {processor.py:153} INFO - Started process (PID=7877) to work on /Users/gabrielroger/Documents/projects/weather-data/.venv/lib/python3.9/site-packages/airflow/example_dags/example_sla_dag.py
[2023-03-27 21:27:31,786] {processor.py:641} INFO - Processing file /Users/gabrielroger/Documents/projects/weather-data/.venv/lib/python3.9/site-packages/airflow/example_dags/example_sla_dag.py for tasks to queue
[2023-03-27 21:27:31,786] {logging_mixin.py:115} INFO - [2023-03-27 21:27:31,786] {dagbag.py:507} INFO - Filling up the DagBag from /Users/gabrielroger/Documents/projects/weather-data/.venv/lib/python3.9/site-packages/airflow/example_dags/example_sla_dag.py
[2023-03-27 21:27:31,804] {processor.py:651} INFO - DAG(s) dict_keys(['example_sla_dag']) retrieved from /Users/gabrielroger/Documents/projects/weather-data/.venv/lib/python3.9/site-packages/airflow/example_dags/example_sla_dag.py
[2023-03-27 21:27:31,834] {logging_mixin.py:115} INFO - [2023-03-27 21:27:31,833] {dag.py:2379} INFO - Sync 1 DAGs
[2023-03-27 21:27:31,842] {logging_mixin.py:115} INFO - [2023-03-27 21:27:31,842] {dag.py:2927} INFO - Setting next_dagrun for example_sla_dag to 2023-03-28T00:24:00+00:00, run_after=2023-03-28T00:26:00+00:00
[2023-03-27 21:27:31,847] {processor.py:161} INFO - Processing /Users/gabrielroger/Documents/projects/weather-data/.venv/lib/python3.9/site-packages/airflow/example_dags/example_sla_dag.py took 0.061 seconds
[2023-03-27 21:28:13,599] {processor.py:153} INFO - Started process (PID=7950) to work on /Users/gabrielroger/Documents/projects/weather-data/.venv/lib/python3.9/site-packages/airflow/example_dags/example_sla_dag.py
[2023-03-27 21:28:13,599] {processor.py:641} INFO - Processing file /Users/gabrielroger/Documents/projects/weather-data/.venv/lib/python3.9/site-packages/airflow/example_dags/example_sla_dag.py for tasks to queue
[2023-03-27 21:28:13,599] {logging_mixin.py:115} INFO - [2023-03-27 21:28:13,599] {dagbag.py:507} INFO - Filling up the DagBag from /Users/gabrielroger/Documents/projects/weather-data/.venv/lib/python3.9/site-packages/airflow/example_dags/example_sla_dag.py
[2023-03-27 21:28:13,617] {processor.py:651} INFO - DAG(s) dict_keys(['example_sla_dag']) retrieved from /Users/gabrielroger/Documents/projects/weather-data/.venv/lib/python3.9/site-packages/airflow/example_dags/example_sla_dag.py
[2023-03-27 21:28:13,647] {logging_mixin.py:115} INFO - [2023-03-27 21:28:13,647] {dag.py:2379} INFO - Sync 1 DAGs
[2023-03-27 21:28:13,655] {logging_mixin.py:115} INFO - [2023-03-27 21:28:13,655] {dag.py:2927} INFO - Setting next_dagrun for example_sla_dag to 2023-03-28T00:26:00+00:00, run_after=2023-03-28T00:28:00+00:00
[2023-03-27 21:28:13,660] {processor.py:161} INFO - Processing /Users/gabrielroger/Documents/projects/weather-data/.venv/lib/python3.9/site-packages/airflow/example_dags/example_sla_dag.py took 0.061 seconds
[2023-03-27 21:28:56,282] {processor.py:153} INFO - Started process (PID=8030) to work on /Users/gabrielroger/Documents/projects/weather-data/.venv/lib/python3.9/site-packages/airflow/example_dags/example_sla_dag.py
[2023-03-27 21:28:56,282] {processor.py:641} INFO - Processing file /Users/gabrielroger/Documents/projects/weather-data/.venv/lib/python3.9/site-packages/airflow/example_dags/example_sla_dag.py for tasks to queue
[2023-03-27 21:28:56,282] {logging_mixin.py:115} INFO - [2023-03-27 21:28:56,282] {dagbag.py:507} INFO - Filling up the DagBag from /Users/gabrielroger/Documents/projects/weather-data/.venv/lib/python3.9/site-packages/airflow/example_dags/example_sla_dag.py
[2023-03-27 21:28:56,300] {processor.py:651} INFO - DAG(s) dict_keys(['example_sla_dag']) retrieved from /Users/gabrielroger/Documents/projects/weather-data/.venv/lib/python3.9/site-packages/airflow/example_dags/example_sla_dag.py
[2023-03-27 21:28:56,330] {logging_mixin.py:115} INFO - [2023-03-27 21:28:56,330] {dag.py:2379} INFO - Sync 1 DAGs
[2023-03-27 21:28:56,338] {logging_mixin.py:115} INFO - [2023-03-27 21:28:56,338] {dag.py:2927} INFO - Setting next_dagrun for example_sla_dag to 2023-03-28T00:26:00+00:00, run_after=2023-03-28T00:28:00+00:00
[2023-03-27 21:28:56,343] {processor.py:161} INFO - Processing /Users/gabrielroger/Documents/projects/weather-data/.venv/lib/python3.9/site-packages/airflow/example_dags/example_sla_dag.py took 0.062 seconds
[2023-03-27 21:29:39,076] {processor.py:153} INFO - Started process (PID=8114) to work on /Users/gabrielroger/Documents/projects/weather-data/.venv/lib/python3.9/site-packages/airflow/example_dags/example_sla_dag.py
[2023-03-27 21:29:39,077] {processor.py:641} INFO - Processing file /Users/gabrielroger/Documents/projects/weather-data/.venv/lib/python3.9/site-packages/airflow/example_dags/example_sla_dag.py for tasks to queue
[2023-03-27 21:29:39,077] {logging_mixin.py:115} INFO - [2023-03-27 21:29:39,077] {dagbag.py:507} INFO - Filling up the DagBag from /Users/gabrielroger/Documents/projects/weather-data/.venv/lib/python3.9/site-packages/airflow/example_dags/example_sla_dag.py
[2023-03-27 21:29:39,095] {processor.py:651} INFO - DAG(s) dict_keys(['example_sla_dag']) retrieved from /Users/gabrielroger/Documents/projects/weather-data/.venv/lib/python3.9/site-packages/airflow/example_dags/example_sla_dag.py
[2023-03-27 21:29:39,126] {logging_mixin.py:115} INFO - [2023-03-27 21:29:39,126] {dag.py:2379} INFO - Sync 1 DAGs
[2023-03-27 21:29:39,134] {logging_mixin.py:115} INFO - [2023-03-27 21:29:39,134] {dag.py:2927} INFO - Setting next_dagrun for example_sla_dag to 2023-03-28T00:26:00+00:00, run_after=2023-03-28T00:28:00+00:00
[2023-03-27 21:29:39,139] {processor.py:161} INFO - Processing /Users/gabrielroger/Documents/projects/weather-data/.venv/lib/python3.9/site-packages/airflow/example_dags/example_sla_dag.py took 0.063 seconds
[2023-03-27 21:30:22,644] {processor.py:153} INFO - Started process (PID=8212) to work on /Users/gabrielroger/Documents/projects/weather-data/.venv/lib/python3.9/site-packages/airflow/example_dags/example_sla_dag.py
[2023-03-27 21:30:22,644] {processor.py:641} INFO - Processing file /Users/gabrielroger/Documents/projects/weather-data/.venv/lib/python3.9/site-packages/airflow/example_dags/example_sla_dag.py for tasks to queue
[2023-03-27 21:30:22,644] {logging_mixin.py:115} INFO - [2023-03-27 21:30:22,644] {dagbag.py:507} INFO - Filling up the DagBag from /Users/gabrielroger/Documents/projects/weather-data/.venv/lib/python3.9/site-packages/airflow/example_dags/example_sla_dag.py
[2023-03-27 21:30:22,661] {processor.py:651} INFO - DAG(s) dict_keys(['example_sla_dag']) retrieved from /Users/gabrielroger/Documents/projects/weather-data/.venv/lib/python3.9/site-packages/airflow/example_dags/example_sla_dag.py
[2023-03-27 21:30:22,693] {logging_mixin.py:115} INFO - [2023-03-27 21:30:22,692] {dag.py:2379} INFO - Sync 1 DAGs
[2023-03-27 21:30:22,701] {logging_mixin.py:115} INFO - [2023-03-27 21:30:22,701] {dag.py:2927} INFO - Setting next_dagrun for example_sla_dag to 2023-03-28T00:28:00+00:00, run_after=2023-03-28T00:30:00+00:00
[2023-03-27 21:30:22,706] {processor.py:161} INFO - Processing /Users/gabrielroger/Documents/projects/weather-data/.venv/lib/python3.9/site-packages/airflow/example_dags/example_sla_dag.py took 0.063 seconds
[2023-03-27 21:31:05,974] {processor.py:153} INFO - Started process (PID=8284) to work on /Users/gabrielroger/Documents/projects/weather-data/.venv/lib/python3.9/site-packages/airflow/example_dags/example_sla_dag.py
[2023-03-27 21:31:05,975] {processor.py:641} INFO - Processing file /Users/gabrielroger/Documents/projects/weather-data/.venv/lib/python3.9/site-packages/airflow/example_dags/example_sla_dag.py for tasks to queue
[2023-03-27 21:31:05,975] {logging_mixin.py:115} INFO - [2023-03-27 21:31:05,975] {dagbag.py:507} INFO - Filling up the DagBag from /Users/gabrielroger/Documents/projects/weather-data/.venv/lib/python3.9/site-packages/airflow/example_dags/example_sla_dag.py
[2023-03-27 21:31:05,992] {processor.py:651} INFO - DAG(s) dict_keys(['example_sla_dag']) retrieved from /Users/gabrielroger/Documents/projects/weather-data/.venv/lib/python3.9/site-packages/airflow/example_dags/example_sla_dag.py
[2023-03-27 21:31:06,022] {logging_mixin.py:115} INFO - [2023-03-27 21:31:06,022] {dag.py:2379} INFO - Sync 1 DAGs
[2023-03-27 21:31:06,030] {logging_mixin.py:115} INFO - [2023-03-27 21:31:06,030] {dag.py:2927} INFO - Setting next_dagrun for example_sla_dag to 2023-03-28T00:28:00+00:00, run_after=2023-03-28T00:30:00+00:00
[2023-03-27 21:31:06,035] {processor.py:161} INFO - Processing /Users/gabrielroger/Documents/projects/weather-data/.venv/lib/python3.9/site-packages/airflow/example_dags/example_sla_dag.py took 0.061 seconds
[2023-03-27 21:31:47,946] {processor.py:153} INFO - Started process (PID=8354) to work on /Users/gabrielroger/Documents/projects/weather-data/.venv/lib/python3.9/site-packages/airflow/example_dags/example_sla_dag.py
[2023-03-27 21:31:47,947] {processor.py:641} INFO - Processing file /Users/gabrielroger/Documents/projects/weather-data/.venv/lib/python3.9/site-packages/airflow/example_dags/example_sla_dag.py for tasks to queue
[2023-03-27 21:31:47,947] {logging_mixin.py:115} INFO - [2023-03-27 21:31:47,947] {dagbag.py:507} INFO - Filling up the DagBag from /Users/gabrielroger/Documents/projects/weather-data/.venv/lib/python3.9/site-packages/airflow/example_dags/example_sla_dag.py
[2023-03-27 21:31:47,964] {processor.py:651} INFO - DAG(s) dict_keys(['example_sla_dag']) retrieved from /Users/gabrielroger/Documents/projects/weather-data/.venv/lib/python3.9/site-packages/airflow/example_dags/example_sla_dag.py
[2023-03-27 21:31:47,994] {logging_mixin.py:115} INFO - [2023-03-27 21:31:47,994] {dag.py:2379} INFO - Sync 1 DAGs
[2023-03-27 21:31:48,002] {logging_mixin.py:115} INFO - [2023-03-27 21:31:48,002] {dag.py:2927} INFO - Setting next_dagrun for example_sla_dag to 2023-03-28T00:28:00+00:00, run_after=2023-03-28T00:30:00+00:00
[2023-03-27 21:31:48,007] {processor.py:161} INFO - Processing /Users/gabrielroger/Documents/projects/weather-data/.venv/lib/python3.9/site-packages/airflow/example_dags/example_sla_dag.py took 0.061 seconds
[2023-03-27 21:32:32,084] {processor.py:153} INFO - Started process (PID=8426) to work on /Users/gabrielroger/Documents/projects/weather-data/.venv/lib/python3.9/site-packages/airflow/example_dags/example_sla_dag.py
[2023-03-27 21:32:32,084] {processor.py:641} INFO - Processing file /Users/gabrielroger/Documents/projects/weather-data/.venv/lib/python3.9/site-packages/airflow/example_dags/example_sla_dag.py for tasks to queue
[2023-03-27 21:32:32,084] {logging_mixin.py:115} INFO - [2023-03-27 21:32:32,084] {dagbag.py:507} INFO - Filling up the DagBag from /Users/gabrielroger/Documents/projects/weather-data/.venv/lib/python3.9/site-packages/airflow/example_dags/example_sla_dag.py
[2023-03-27 21:32:32,101] {processor.py:651} INFO - DAG(s) dict_keys(['example_sla_dag']) retrieved from /Users/gabrielroger/Documents/projects/weather-data/.venv/lib/python3.9/site-packages/airflow/example_dags/example_sla_dag.py
[2023-03-27 21:32:32,132] {logging_mixin.py:115} INFO - [2023-03-27 21:32:32,131] {dag.py:2379} INFO - Sync 1 DAGs
[2023-03-27 21:32:32,141] {logging_mixin.py:115} INFO - [2023-03-27 21:32:32,141] {dag.py:2927} INFO - Setting next_dagrun for example_sla_dag to 2023-03-28T00:30:00+00:00, run_after=2023-03-28T00:32:00+00:00
[2023-03-27 21:32:32,146] {processor.py:161} INFO - Processing /Users/gabrielroger/Documents/projects/weather-data/.venv/lib/python3.9/site-packages/airflow/example_dags/example_sla_dag.py took 0.062 seconds
[2023-03-27 21:33:17,767] {processor.py:153} INFO - Started process (PID=8501) to work on /Users/gabrielroger/Documents/projects/weather-data/.venv/lib/python3.9/site-packages/airflow/example_dags/example_sla_dag.py
[2023-03-27 21:33:17,767] {processor.py:641} INFO - Processing file /Users/gabrielroger/Documents/projects/weather-data/.venv/lib/python3.9/site-packages/airflow/example_dags/example_sla_dag.py for tasks to queue
[2023-03-27 21:33:17,767] {logging_mixin.py:115} INFO - [2023-03-27 21:33:17,767] {dagbag.py:507} INFO - Filling up the DagBag from /Users/gabrielroger/Documents/projects/weather-data/.venv/lib/python3.9/site-packages/airflow/example_dags/example_sla_dag.py
[2023-03-27 21:33:17,784] {processor.py:651} INFO - DAG(s) dict_keys(['example_sla_dag']) retrieved from /Users/gabrielroger/Documents/projects/weather-data/.venv/lib/python3.9/site-packages/airflow/example_dags/example_sla_dag.py
[2023-03-27 21:33:17,814] {logging_mixin.py:115} INFO - [2023-03-27 21:33:17,814] {dag.py:2379} INFO - Sync 1 DAGs
[2023-03-27 21:33:17,822] {logging_mixin.py:115} INFO - [2023-03-27 21:33:17,822] {dag.py:2927} INFO - Setting next_dagrun for example_sla_dag to 2023-03-28T00:30:00+00:00, run_after=2023-03-28T00:32:00+00:00
[2023-03-27 21:33:17,827] {processor.py:161} INFO - Processing /Users/gabrielroger/Documents/projects/weather-data/.venv/lib/python3.9/site-packages/airflow/example_dags/example_sla_dag.py took 0.061 seconds
[2023-03-27 21:34:01,502] {processor.py:153} INFO - Started process (PID=8579) to work on /Users/gabrielroger/Documents/projects/weather-data/.venv/lib/python3.9/site-packages/airflow/example_dags/example_sla_dag.py
[2023-03-27 21:34:01,502] {processor.py:641} INFO - Processing file /Users/gabrielroger/Documents/projects/weather-data/.venv/lib/python3.9/site-packages/airflow/example_dags/example_sla_dag.py for tasks to queue
[2023-03-27 21:34:01,502] {logging_mixin.py:115} INFO - [2023-03-27 21:34:01,502] {dagbag.py:507} INFO - Filling up the DagBag from /Users/gabrielroger/Documents/projects/weather-data/.venv/lib/python3.9/site-packages/airflow/example_dags/example_sla_dag.py
[2023-03-27 21:34:01,519] {processor.py:651} INFO - DAG(s) dict_keys(['example_sla_dag']) retrieved from /Users/gabrielroger/Documents/projects/weather-data/.venv/lib/python3.9/site-packages/airflow/example_dags/example_sla_dag.py
[2023-03-27 21:34:01,550] {logging_mixin.py:115} INFO - [2023-03-27 21:34:01,550] {dag.py:2379} INFO - Sync 1 DAGs
[2023-03-27 21:34:01,558] {logging_mixin.py:115} INFO - [2023-03-27 21:34:01,558] {dag.py:2927} INFO - Setting next_dagrun for example_sla_dag to 2023-03-28T00:32:00+00:00, run_after=2023-03-28T00:34:00+00:00
[2023-03-27 21:34:01,563] {processor.py:161} INFO - Processing /Users/gabrielroger/Documents/projects/weather-data/.venv/lib/python3.9/site-packages/airflow/example_dags/example_sla_dag.py took 0.062 seconds
[2023-03-27 21:52:13,004] {processor.py:153} INFO - Started process (PID=8667) to work on /Users/gabrielroger/Documents/projects/weather-data/.venv/lib/python3.9/site-packages/airflow/example_dags/example_sla_dag.py
[2023-03-27 21:52:13,004] {processor.py:641} INFO - Processing file /Users/gabrielroger/Documents/projects/weather-data/.venv/lib/python3.9/site-packages/airflow/example_dags/example_sla_dag.py for tasks to queue
[2023-03-27 21:52:13,004] {logging_mixin.py:115} INFO - [2023-03-27 21:52:13,004] {dagbag.py:507} INFO - Filling up the DagBag from /Users/gabrielroger/Documents/projects/weather-data/.venv/lib/python3.9/site-packages/airflow/example_dags/example_sla_dag.py
[2023-03-27 21:52:13,050] {processor.py:651} INFO - DAG(s) dict_keys(['example_sla_dag']) retrieved from /Users/gabrielroger/Documents/projects/weather-data/.venv/lib/python3.9/site-packages/airflow/example_dags/example_sla_dag.py
[2023-03-27 21:52:13,112] {logging_mixin.py:115} INFO - [2023-03-27 21:52:13,112] {dag.py:2379} INFO - Sync 1 DAGs
[2023-03-27 21:52:13,121] {logging_mixin.py:115} INFO - [2023-03-27 21:52:13,121] {dag.py:2927} INFO - Setting next_dagrun for example_sla_dag to 2023-03-28T00:50:00+00:00, run_after=2023-03-28T00:52:00+00:00
[2023-03-27 21:52:13,127] {processor.py:161} INFO - Processing /Users/gabrielroger/Documents/projects/weather-data/.venv/lib/python3.9/site-packages/airflow/example_dags/example_sla_dag.py took 0.124 seconds
[2023-03-27 21:59:56,732] {processor.py:153} INFO - Started process (PID=8756) to work on /Users/gabrielroger/Documents/projects/weather-data/.venv/lib/python3.9/site-packages/airflow/example_dags/example_sla_dag.py
[2023-03-27 21:59:56,733] {processor.py:641} INFO - Processing file /Users/gabrielroger/Documents/projects/weather-data/.venv/lib/python3.9/site-packages/airflow/example_dags/example_sla_dag.py for tasks to queue
[2023-03-27 21:59:56,733] {logging_mixin.py:115} INFO - [2023-03-27 21:59:56,733] {dagbag.py:507} INFO - Filling up the DagBag from /Users/gabrielroger/Documents/projects/weather-data/.venv/lib/python3.9/site-packages/airflow/example_dags/example_sla_dag.py
[2023-03-27 21:59:56,750] {processor.py:651} INFO - DAG(s) dict_keys(['example_sla_dag']) retrieved from /Users/gabrielroger/Documents/projects/weather-data/.venv/lib/python3.9/site-packages/airflow/example_dags/example_sla_dag.py
[2023-03-27 21:59:56,780] {logging_mixin.py:115} INFO - [2023-03-27 21:59:56,780] {dag.py:2379} INFO - Sync 1 DAGs
[2023-03-27 21:59:56,788] {logging_mixin.py:115} INFO - [2023-03-27 21:59:56,788] {dag.py:2927} INFO - Setting next_dagrun for example_sla_dag to 2023-03-28T00:56:00+00:00, run_after=2023-03-28T00:58:00+00:00
[2023-03-27 21:59:56,793] {processor.py:161} INFO - Processing /Users/gabrielroger/Documents/projects/weather-data/.venv/lib/python3.9/site-packages/airflow/example_dags/example_sla_dag.py took 0.061 seconds
[2023-03-27 22:09:24,544] {processor.py:153} INFO - Started process (PID=8896) to work on /Users/gabrielroger/Documents/projects/weather-data/.venv/lib/python3.9/site-packages/airflow/example_dags/example_sla_dag.py
[2023-03-27 22:09:24,544] {processor.py:641} INFO - Processing file /Users/gabrielroger/Documents/projects/weather-data/.venv/lib/python3.9/site-packages/airflow/example_dags/example_sla_dag.py for tasks to queue
[2023-03-27 22:09:24,544] {logging_mixin.py:115} INFO - [2023-03-27 22:09:24,544] {dagbag.py:507} INFO - Filling up the DagBag from /Users/gabrielroger/Documents/projects/weather-data/.venv/lib/python3.9/site-packages/airflow/example_dags/example_sla_dag.py
[2023-03-27 22:09:24,562] {processor.py:651} INFO - DAG(s) dict_keys(['example_sla_dag']) retrieved from /Users/gabrielroger/Documents/projects/weather-data/.venv/lib/python3.9/site-packages/airflow/example_dags/example_sla_dag.py
[2023-03-27 22:09:24,592] {logging_mixin.py:115} INFO - [2023-03-27 22:09:24,592] {dag.py:2379} INFO - Sync 1 DAGs
[2023-03-27 22:09:24,600] {logging_mixin.py:115} INFO - [2023-03-27 22:09:24,600] {dag.py:2927} INFO - Setting next_dagrun for example_sla_dag to 2023-03-28T01:06:00+00:00, run_after=2023-03-28T01:08:00+00:00
[2023-03-27 22:09:24,605] {processor.py:161} INFO - Processing /Users/gabrielroger/Documents/projects/weather-data/.venv/lib/python3.9/site-packages/airflow/example_dags/example_sla_dag.py took 0.062 seconds
[2023-03-27 23:28:04,760] {processor.py:153} INFO - Started process (PID=9022) to work on /Users/gabrielroger/Documents/projects/weather-data/.venv/lib/python3.9/site-packages/airflow/example_dags/example_sla_dag.py
[2023-03-27 23:28:04,761] {processor.py:641} INFO - Processing file /Users/gabrielroger/Documents/projects/weather-data/.venv/lib/python3.9/site-packages/airflow/example_dags/example_sla_dag.py for tasks to queue
[2023-03-27 23:28:04,761] {logging_mixin.py:115} INFO - [2023-03-27 23:28:04,761] {dagbag.py:507} INFO - Filling up the DagBag from /Users/gabrielroger/Documents/projects/weather-data/.venv/lib/python3.9/site-packages/airflow/example_dags/example_sla_dag.py
[2023-03-27 23:28:04,778] {processor.py:651} INFO - DAG(s) dict_keys(['example_sla_dag']) retrieved from /Users/gabrielroger/Documents/projects/weather-data/.venv/lib/python3.9/site-packages/airflow/example_dags/example_sla_dag.py
[2023-03-27 23:28:04,808] {logging_mixin.py:115} INFO - [2023-03-27 23:28:04,808] {dag.py:2379} INFO - Sync 1 DAGs
[2023-03-27 23:28:04,817] {logging_mixin.py:115} INFO - [2023-03-27 23:28:04,817] {dag.py:2927} INFO - Setting next_dagrun for example_sla_dag to 2023-03-28T02:26:00+00:00, run_after=2023-03-28T02:28:00+00:00
[2023-03-27 23:28:04,822] {processor.py:161} INFO - Processing /Users/gabrielroger/Documents/projects/weather-data/.venv/lib/python3.9/site-packages/airflow/example_dags/example_sla_dag.py took 0.062 seconds
