[2023-03-27 21:10:11,078] {processor.py:153} INFO - Started process (PID=6097) to work on /Users/gabrielroger/Documents/projects/weather-data/.venv/lib/python3.9/site-packages/airflow/example_dags/example_external_task_marker_dag.py
[2023-03-27 21:10:11,078] {processor.py:641} INFO - Processing file /Users/gabrielroger/Documents/projects/weather-data/.venv/lib/python3.9/site-packages/airflow/example_dags/example_external_task_marker_dag.py for tasks to queue
[2023-03-27 21:10:11,078] {logging_mixin.py:115} INFO - [2023-03-27 21:10:11,078] {dagbag.py:507} INFO - Filling up the DagBag from /Users/gabrielroger/Documents/projects/weather-data/.venv/lib/python3.9/site-packages/airflow/example_dags/example_external_task_marker_dag.py
[2023-03-27 21:10:11,085] {processor.py:651} INFO - DAG(s) dict_keys(['example_external_task_marker_parent', 'example_external_task_marker_child']) retrieved from /Users/gabrielroger/Documents/projects/weather-data/.venv/lib/python3.9/site-packages/airflow/example_dags/example_external_task_marker_dag.py
[2023-03-27 21:10:11,119] {logging_mixin.py:115} INFO - [2023-03-27 21:10:11,119] {dag.py:2379} INFO - Sync 2 DAGs
[2023-03-27 21:10:11,125] {logging_mixin.py:115} INFO - [2023-03-27 21:10:11,125] {dag.py:2927} INFO - Setting next_dagrun for example_external_task_marker_child to None, run_after=None
[2023-03-27 21:10:11,126] {logging_mixin.py:115} INFO - [2023-03-27 21:10:11,126] {dag.py:2927} INFO - Setting next_dagrun for example_external_task_marker_parent to None, run_after=None
[2023-03-27 21:10:11,131] {processor.py:161} INFO - Processing /Users/gabrielroger/Documents/projects/weather-data/.venv/lib/python3.9/site-packages/airflow/example_dags/example_external_task_marker_dag.py took 0.054 seconds
[2023-03-27 21:11:03,196] {processor.py:153} INFO - Started process (PID=6189) to work on /Users/gabrielroger/Documents/projects/weather-data/.venv/lib/python3.9/site-packages/airflow/example_dags/example_external_task_marker_dag.py
[2023-03-27 21:11:03,197] {processor.py:641} INFO - Processing file /Users/gabrielroger/Documents/projects/weather-data/.venv/lib/python3.9/site-packages/airflow/example_dags/example_external_task_marker_dag.py for tasks to queue
[2023-03-27 21:11:03,197] {logging_mixin.py:115} INFO - [2023-03-27 21:11:03,197] {dagbag.py:507} INFO - Filling up the DagBag from /Users/gabrielroger/Documents/projects/weather-data/.venv/lib/python3.9/site-packages/airflow/example_dags/example_external_task_marker_dag.py
[2023-03-27 21:11:03,205] {processor.py:651} INFO - DAG(s) dict_keys(['example_external_task_marker_parent', 'example_external_task_marker_child']) retrieved from /Users/gabrielroger/Documents/projects/weather-data/.venv/lib/python3.9/site-packages/airflow/example_dags/example_external_task_marker_dag.py
[2023-03-27 21:11:03,244] {logging_mixin.py:115} INFO - [2023-03-27 21:11:03,244] {dag.py:2379} INFO - Sync 2 DAGs
[2023-03-27 21:11:03,251] {logging_mixin.py:115} INFO - [2023-03-27 21:11:03,251] {dag.py:2927} INFO - Setting next_dagrun for example_external_task_marker_child to None, run_after=None
[2023-03-27 21:11:03,251] {logging_mixin.py:115} INFO - [2023-03-27 21:11:03,251] {dag.py:2927} INFO - Setting next_dagrun for example_external_task_marker_parent to None, run_after=None
[2023-03-27 21:11:03,257] {processor.py:161} INFO - Processing /Users/gabrielroger/Documents/projects/weather-data/.venv/lib/python3.9/site-packages/airflow/example_dags/example_external_task_marker_dag.py took 0.062 seconds
[2023-03-27 21:12:10,848] {processor.py:153} INFO - Started process (PID=6299) to work on /Users/gabrielroger/Documents/projects/weather-data/.venv/lib/python3.9/site-packages/airflow/example_dags/example_external_task_marker_dag.py
[2023-03-27 21:12:10,849] {processor.py:641} INFO - Processing file /Users/gabrielroger/Documents/projects/weather-data/.venv/lib/python3.9/site-packages/airflow/example_dags/example_external_task_marker_dag.py for tasks to queue
[2023-03-27 21:12:10,849] {logging_mixin.py:115} INFO - [2023-03-27 21:12:10,849] {dagbag.py:507} INFO - Filling up the DagBag from /Users/gabrielroger/Documents/projects/weather-data/.venv/lib/python3.9/site-packages/airflow/example_dags/example_external_task_marker_dag.py
[2023-03-27 21:12:10,856] {processor.py:651} INFO - DAG(s) dict_keys(['example_external_task_marker_parent', 'example_external_task_marker_child']) retrieved from /Users/gabrielroger/Documents/projects/weather-data/.venv/lib/python3.9/site-packages/airflow/example_dags/example_external_task_marker_dag.py
[2023-03-27 21:12:10,890] {logging_mixin.py:115} INFO - [2023-03-27 21:12:10,890] {dag.py:2379} INFO - Sync 2 DAGs
[2023-03-27 21:12:10,896] {logging_mixin.py:115} INFO - [2023-03-27 21:12:10,896] {dag.py:2927} INFO - Setting next_dagrun for example_external_task_marker_child to None, run_after=None
[2023-03-27 21:12:10,896] {logging_mixin.py:115} INFO - [2023-03-27 21:12:10,896] {dag.py:2927} INFO - Setting next_dagrun for example_external_task_marker_parent to None, run_after=None
[2023-03-27 21:12:10,902] {processor.py:161} INFO - Processing /Users/gabrielroger/Documents/projects/weather-data/.venv/lib/python3.9/site-packages/airflow/example_dags/example_external_task_marker_dag.py took 0.054 seconds
[2023-03-27 21:13:05,595] {processor.py:153} INFO - Started process (PID=6387) to work on /Users/gabrielroger/Documents/projects/weather-data/.venv/lib/python3.9/site-packages/airflow/example_dags/example_external_task_marker_dag.py
[2023-03-27 21:13:05,596] {processor.py:641} INFO - Processing file /Users/gabrielroger/Documents/projects/weather-data/.venv/lib/python3.9/site-packages/airflow/example_dags/example_external_task_marker_dag.py for tasks to queue
[2023-03-27 21:13:05,596] {logging_mixin.py:115} INFO - [2023-03-27 21:13:05,596] {dagbag.py:507} INFO - Filling up the DagBag from /Users/gabrielroger/Documents/projects/weather-data/.venv/lib/python3.9/site-packages/airflow/example_dags/example_external_task_marker_dag.py
[2023-03-27 21:13:05,603] {processor.py:651} INFO - DAG(s) dict_keys(['example_external_task_marker_parent', 'example_external_task_marker_child']) retrieved from /Users/gabrielroger/Documents/projects/weather-data/.venv/lib/python3.9/site-packages/airflow/example_dags/example_external_task_marker_dag.py
[2023-03-27 21:13:05,636] {logging_mixin.py:115} INFO - [2023-03-27 21:13:05,636] {dag.py:2379} INFO - Sync 2 DAGs
[2023-03-27 21:13:05,643] {logging_mixin.py:115} INFO - [2023-03-27 21:13:05,643] {dag.py:2927} INFO - Setting next_dagrun for example_external_task_marker_child to None, run_after=None
[2023-03-27 21:13:05,643] {logging_mixin.py:115} INFO - [2023-03-27 21:13:05,643] {dag.py:2927} INFO - Setting next_dagrun for example_external_task_marker_parent to None, run_after=None
[2023-03-27 21:13:05,648] {processor.py:161} INFO - Processing /Users/gabrielroger/Documents/projects/weather-data/.venv/lib/python3.9/site-packages/airflow/example_dags/example_external_task_marker_dag.py took 0.054 seconds
[2023-03-27 21:14:11,995] {processor.py:153} INFO - Started process (PID=6502) to work on /Users/gabrielroger/Documents/projects/weather-data/.venv/lib/python3.9/site-packages/airflow/example_dags/example_external_task_marker_dag.py
[2023-03-27 21:14:11,995] {processor.py:641} INFO - Processing file /Users/gabrielroger/Documents/projects/weather-data/.venv/lib/python3.9/site-packages/airflow/example_dags/example_external_task_marker_dag.py for tasks to queue
[2023-03-27 21:14:11,995] {logging_mixin.py:115} INFO - [2023-03-27 21:14:11,995] {dagbag.py:507} INFO - Filling up the DagBag from /Users/gabrielroger/Documents/projects/weather-data/.venv/lib/python3.9/site-packages/airflow/example_dags/example_external_task_marker_dag.py
[2023-03-27 21:14:12,003] {processor.py:651} INFO - DAG(s) dict_keys(['example_external_task_marker_parent', 'example_external_task_marker_child']) retrieved from /Users/gabrielroger/Documents/projects/weather-data/.venv/lib/python3.9/site-packages/airflow/example_dags/example_external_task_marker_dag.py
[2023-03-27 21:14:12,041] {logging_mixin.py:115} INFO - [2023-03-27 21:14:12,041] {dag.py:2379} INFO - Sync 2 DAGs
[2023-03-27 21:14:12,048] {logging_mixin.py:115} INFO - [2023-03-27 21:14:12,047] {dag.py:2927} INFO - Setting next_dagrun for example_external_task_marker_child to None, run_after=None
[2023-03-27 21:14:12,048] {logging_mixin.py:115} INFO - [2023-03-27 21:14:12,048] {dag.py:2927} INFO - Setting next_dagrun for example_external_task_marker_parent to None, run_after=None
[2023-03-27 21:14:12,053] {processor.py:161} INFO - Processing /Users/gabrielroger/Documents/projects/weather-data/.venv/lib/python3.9/site-packages/airflow/example_dags/example_external_task_marker_dag.py took 0.058 seconds
[2023-03-27 21:15:10,506] {processor.py:153} INFO - Started process (PID=6600) to work on /Users/gabrielroger/Documents/projects/weather-data/.venv/lib/python3.9/site-packages/airflow/example_dags/example_external_task_marker_dag.py
[2023-03-27 21:15:10,507] {processor.py:641} INFO - Processing file /Users/gabrielroger/Documents/projects/weather-data/.venv/lib/python3.9/site-packages/airflow/example_dags/example_external_task_marker_dag.py for tasks to queue
[2023-03-27 21:15:10,507] {logging_mixin.py:115} INFO - [2023-03-27 21:15:10,507] {dagbag.py:507} INFO - Filling up the DagBag from /Users/gabrielroger/Documents/projects/weather-data/.venv/lib/python3.9/site-packages/airflow/example_dags/example_external_task_marker_dag.py
[2023-03-27 21:15:10,514] {processor.py:651} INFO - DAG(s) dict_keys(['example_external_task_marker_parent', 'example_external_task_marker_child']) retrieved from /Users/gabrielroger/Documents/projects/weather-data/.venv/lib/python3.9/site-packages/airflow/example_dags/example_external_task_marker_dag.py
[2023-03-27 21:15:10,552] {logging_mixin.py:115} INFO - [2023-03-27 21:15:10,552] {dag.py:2379} INFO - Sync 2 DAGs
[2023-03-27 21:15:10,558] {logging_mixin.py:115} INFO - [2023-03-27 21:15:10,558] {dag.py:2927} INFO - Setting next_dagrun for example_external_task_marker_child to None, run_after=None
[2023-03-27 21:15:10,558] {logging_mixin.py:115} INFO - [2023-03-27 21:15:10,558] {dag.py:2927} INFO - Setting next_dagrun for example_external_task_marker_parent to None, run_after=None
[2023-03-27 21:15:10,564] {processor.py:161} INFO - Processing /Users/gabrielroger/Documents/projects/weather-data/.venv/lib/python3.9/site-packages/airflow/example_dags/example_external_task_marker_dag.py took 0.058 seconds
[2023-03-27 21:16:16,457] {processor.py:153} INFO - Started process (PID=6709) to work on /Users/gabrielroger/Documents/projects/weather-data/.venv/lib/python3.9/site-packages/airflow/example_dags/example_external_task_marker_dag.py
[2023-03-27 21:16:16,458] {processor.py:641} INFO - Processing file /Users/gabrielroger/Documents/projects/weather-data/.venv/lib/python3.9/site-packages/airflow/example_dags/example_external_task_marker_dag.py for tasks to queue
[2023-03-27 21:16:16,458] {logging_mixin.py:115} INFO - [2023-03-27 21:16:16,458] {dagbag.py:507} INFO - Filling up the DagBag from /Users/gabrielroger/Documents/projects/weather-data/.venv/lib/python3.9/site-packages/airflow/example_dags/example_external_task_marker_dag.py
[2023-03-27 21:16:16,465] {processor.py:651} INFO - DAG(s) dict_keys(['example_external_task_marker_parent', 'example_external_task_marker_child']) retrieved from /Users/gabrielroger/Documents/projects/weather-data/.venv/lib/python3.9/site-packages/airflow/example_dags/example_external_task_marker_dag.py
[2023-03-27 21:16:16,498] {logging_mixin.py:115} INFO - [2023-03-27 21:16:16,498] {dag.py:2379} INFO - Sync 2 DAGs
[2023-03-27 21:16:16,505] {logging_mixin.py:115} INFO - [2023-03-27 21:16:16,505] {dag.py:2927} INFO - Setting next_dagrun for example_external_task_marker_child to None, run_after=None
[2023-03-27 21:16:16,505] {logging_mixin.py:115} INFO - [2023-03-27 21:16:16,505] {dag.py:2927} INFO - Setting next_dagrun for example_external_task_marker_parent to None, run_after=None
[2023-03-27 21:16:16,510] {processor.py:161} INFO - Processing /Users/gabrielroger/Documents/projects/weather-data/.venv/lib/python3.9/site-packages/airflow/example_dags/example_external_task_marker_dag.py took 0.054 seconds
[2023-03-27 21:17:21,512] {processor.py:153} INFO - Started process (PID=6817) to work on /Users/gabrielroger/Documents/projects/weather-data/.venv/lib/python3.9/site-packages/airflow/example_dags/example_external_task_marker_dag.py
[2023-03-27 21:17:21,512] {processor.py:641} INFO - Processing file /Users/gabrielroger/Documents/projects/weather-data/.venv/lib/python3.9/site-packages/airflow/example_dags/example_external_task_marker_dag.py for tasks to queue
[2023-03-27 21:17:21,512] {logging_mixin.py:115} INFO - [2023-03-27 21:17:21,512] {dagbag.py:507} INFO - Filling up the DagBag from /Users/gabrielroger/Documents/projects/weather-data/.venv/lib/python3.9/site-packages/airflow/example_dags/example_external_task_marker_dag.py
[2023-03-27 21:17:21,519] {processor.py:651} INFO - DAG(s) dict_keys(['example_external_task_marker_parent', 'example_external_task_marker_child']) retrieved from /Users/gabrielroger/Documents/projects/weather-data/.venv/lib/python3.9/site-packages/airflow/example_dags/example_external_task_marker_dag.py
[2023-03-27 21:17:21,552] {logging_mixin.py:115} INFO - [2023-03-27 21:17:21,552] {dag.py:2379} INFO - Sync 2 DAGs
[2023-03-27 21:17:21,560] {logging_mixin.py:115} INFO - [2023-03-27 21:17:21,560] {dag.py:2927} INFO - Setting next_dagrun for example_external_task_marker_child to None, run_after=None
[2023-03-27 21:17:21,560] {logging_mixin.py:115} INFO - [2023-03-27 21:17:21,560] {dag.py:2927} INFO - Setting next_dagrun for example_external_task_marker_parent to None, run_after=None
[2023-03-27 21:17:21,566] {processor.py:161} INFO - Processing /Users/gabrielroger/Documents/projects/weather-data/.venv/lib/python3.9/site-packages/airflow/example_dags/example_external_task_marker_dag.py took 0.054 seconds
[2023-03-27 21:18:25,924] {processor.py:153} INFO - Started process (PID=6924) to work on /Users/gabrielroger/Documents/projects/weather-data/.venv/lib/python3.9/site-packages/airflow/example_dags/example_external_task_marker_dag.py
[2023-03-27 21:18:25,924] {processor.py:641} INFO - Processing file /Users/gabrielroger/Documents/projects/weather-data/.venv/lib/python3.9/site-packages/airflow/example_dags/example_external_task_marker_dag.py for tasks to queue
[2023-03-27 21:18:25,925] {logging_mixin.py:115} INFO - [2023-03-27 21:18:25,925] {dagbag.py:507} INFO - Filling up the DagBag from /Users/gabrielroger/Documents/projects/weather-data/.venv/lib/python3.9/site-packages/airflow/example_dags/example_external_task_marker_dag.py
[2023-03-27 21:18:25,932] {processor.py:651} INFO - DAG(s) dict_keys(['example_external_task_marker_parent', 'example_external_task_marker_child']) retrieved from /Users/gabrielroger/Documents/projects/weather-data/.venv/lib/python3.9/site-packages/airflow/example_dags/example_external_task_marker_dag.py
[2023-03-27 21:18:25,965] {logging_mixin.py:115} INFO - [2023-03-27 21:18:25,965] {dag.py:2379} INFO - Sync 2 DAGs
[2023-03-27 21:18:25,971] {logging_mixin.py:115} INFO - [2023-03-27 21:18:25,971] {dag.py:2927} INFO - Setting next_dagrun for example_external_task_marker_child to None, run_after=None
[2023-03-27 21:18:25,971] {logging_mixin.py:115} INFO - [2023-03-27 21:18:25,971] {dag.py:2927} INFO - Setting next_dagrun for example_external_task_marker_parent to None, run_after=None
[2023-03-27 21:18:25,977] {processor.py:161} INFO - Processing /Users/gabrielroger/Documents/projects/weather-data/.venv/lib/python3.9/site-packages/airflow/example_dags/example_external_task_marker_dag.py took 0.054 seconds
[2023-03-27 21:19:31,230] {processor.py:153} INFO - Started process (PID=7038) to work on /Users/gabrielroger/Documents/projects/weather-data/.venv/lib/python3.9/site-packages/airflow/example_dags/example_external_task_marker_dag.py
[2023-03-27 21:19:31,231] {processor.py:641} INFO - Processing file /Users/gabrielroger/Documents/projects/weather-data/.venv/lib/python3.9/site-packages/airflow/example_dags/example_external_task_marker_dag.py for tasks to queue
[2023-03-27 21:19:31,231] {logging_mixin.py:115} INFO - [2023-03-27 21:19:31,231] {dagbag.py:507} INFO - Filling up the DagBag from /Users/gabrielroger/Documents/projects/weather-data/.venv/lib/python3.9/site-packages/airflow/example_dags/example_external_task_marker_dag.py
[2023-03-27 21:19:31,238] {processor.py:651} INFO - DAG(s) dict_keys(['example_external_task_marker_parent', 'example_external_task_marker_child']) retrieved from /Users/gabrielroger/Documents/projects/weather-data/.venv/lib/python3.9/site-packages/airflow/example_dags/example_external_task_marker_dag.py
[2023-03-27 21:19:31,271] {logging_mixin.py:115} INFO - [2023-03-27 21:19:31,270] {dag.py:2379} INFO - Sync 2 DAGs
[2023-03-27 21:19:31,277] {logging_mixin.py:115} INFO - [2023-03-27 21:19:31,277] {dag.py:2927} INFO - Setting next_dagrun for example_external_task_marker_child to None, run_after=None
[2023-03-27 21:19:31,277] {logging_mixin.py:115} INFO - [2023-03-27 21:19:31,277] {dag.py:2927} INFO - Setting next_dagrun for example_external_task_marker_parent to None, run_after=None
[2023-03-27 21:19:31,282] {processor.py:161} INFO - Processing /Users/gabrielroger/Documents/projects/weather-data/.venv/lib/python3.9/site-packages/airflow/example_dags/example_external_task_marker_dag.py took 0.053 seconds
[2023-03-27 21:20:38,736] {processor.py:153} INFO - Started process (PID=7148) to work on /Users/gabrielroger/Documents/projects/weather-data/.venv/lib/python3.9/site-packages/airflow/example_dags/example_external_task_marker_dag.py
[2023-03-27 21:20:38,737] {processor.py:641} INFO - Processing file /Users/gabrielroger/Documents/projects/weather-data/.venv/lib/python3.9/site-packages/airflow/example_dags/example_external_task_marker_dag.py for tasks to queue
[2023-03-27 21:20:38,737] {logging_mixin.py:115} INFO - [2023-03-27 21:20:38,737] {dagbag.py:507} INFO - Filling up the DagBag from /Users/gabrielroger/Documents/projects/weather-data/.venv/lib/python3.9/site-packages/airflow/example_dags/example_external_task_marker_dag.py
[2023-03-27 21:20:38,743] {processor.py:651} INFO - DAG(s) dict_keys(['example_external_task_marker_parent', 'example_external_task_marker_child']) retrieved from /Users/gabrielroger/Documents/projects/weather-data/.venv/lib/python3.9/site-packages/airflow/example_dags/example_external_task_marker_dag.py
[2023-03-27 21:20:38,777] {logging_mixin.py:115} INFO - [2023-03-27 21:20:38,777] {dag.py:2379} INFO - Sync 2 DAGs
[2023-03-27 21:20:38,783] {logging_mixin.py:115} INFO - [2023-03-27 21:20:38,783] {dag.py:2927} INFO - Setting next_dagrun for example_external_task_marker_child to None, run_after=None
[2023-03-27 21:20:38,783] {logging_mixin.py:115} INFO - [2023-03-27 21:20:38,783] {dag.py:2927} INFO - Setting next_dagrun for example_external_task_marker_parent to None, run_after=None
[2023-03-27 21:20:38,789] {processor.py:161} INFO - Processing /Users/gabrielroger/Documents/projects/weather-data/.venv/lib/python3.9/site-packages/airflow/example_dags/example_external_task_marker_dag.py took 0.053 seconds
[2023-03-27 21:21:45,999] {processor.py:153} INFO - Started process (PID=7259) to work on /Users/gabrielroger/Documents/projects/weather-data/.venv/lib/python3.9/site-packages/airflow/example_dags/example_external_task_marker_dag.py
[2023-03-27 21:21:45,999] {processor.py:641} INFO - Processing file /Users/gabrielroger/Documents/projects/weather-data/.venv/lib/python3.9/site-packages/airflow/example_dags/example_external_task_marker_dag.py for tasks to queue
[2023-03-27 21:21:46,000] {logging_mixin.py:115} INFO - [2023-03-27 21:21:46,000] {dagbag.py:507} INFO - Filling up the DagBag from /Users/gabrielroger/Documents/projects/weather-data/.venv/lib/python3.9/site-packages/airflow/example_dags/example_external_task_marker_dag.py
[2023-03-27 21:21:46,006] {processor.py:651} INFO - DAG(s) dict_keys(['example_external_task_marker_parent', 'example_external_task_marker_child']) retrieved from /Users/gabrielroger/Documents/projects/weather-data/.venv/lib/python3.9/site-packages/airflow/example_dags/example_external_task_marker_dag.py
[2023-03-27 21:21:46,039] {logging_mixin.py:115} INFO - [2023-03-27 21:21:46,039] {dag.py:2379} INFO - Sync 2 DAGs
[2023-03-27 21:21:46,045] {logging_mixin.py:115} INFO - [2023-03-27 21:21:46,045] {dag.py:2927} INFO - Setting next_dagrun for example_external_task_marker_child to None, run_after=None
[2023-03-27 21:21:46,045] {logging_mixin.py:115} INFO - [2023-03-27 21:21:46,045] {dag.py:2927} INFO - Setting next_dagrun for example_external_task_marker_parent to None, run_after=None
[2023-03-27 21:21:46,051] {processor.py:161} INFO - Processing /Users/gabrielroger/Documents/projects/weather-data/.venv/lib/python3.9/site-packages/airflow/example_dags/example_external_task_marker_dag.py took 0.052 seconds
[2023-03-27 21:22:54,441] {processor.py:153} INFO - Started process (PID=7373) to work on /Users/gabrielroger/Documents/projects/weather-data/.venv/lib/python3.9/site-packages/airflow/example_dags/example_external_task_marker_dag.py
[2023-03-27 21:22:54,442] {processor.py:641} INFO - Processing file /Users/gabrielroger/Documents/projects/weather-data/.venv/lib/python3.9/site-packages/airflow/example_dags/example_external_task_marker_dag.py for tasks to queue
[2023-03-27 21:22:54,442] {logging_mixin.py:115} INFO - [2023-03-27 21:22:54,442] {dagbag.py:507} INFO - Filling up the DagBag from /Users/gabrielroger/Documents/projects/weather-data/.venv/lib/python3.9/site-packages/airflow/example_dags/example_external_task_marker_dag.py
[2023-03-27 21:22:54,448] {processor.py:651} INFO - DAG(s) dict_keys(['example_external_task_marker_parent', 'example_external_task_marker_child']) retrieved from /Users/gabrielroger/Documents/projects/weather-data/.venv/lib/python3.9/site-packages/airflow/example_dags/example_external_task_marker_dag.py
[2023-03-27 21:22:54,481] {logging_mixin.py:115} INFO - [2023-03-27 21:22:54,481] {dag.py:2379} INFO - Sync 2 DAGs
[2023-03-27 21:22:54,488] {logging_mixin.py:115} INFO - [2023-03-27 21:22:54,487] {dag.py:2927} INFO - Setting next_dagrun for example_external_task_marker_child to None, run_after=None
[2023-03-27 21:22:54,488] {logging_mixin.py:115} INFO - [2023-03-27 21:22:54,488] {dag.py:2927} INFO - Setting next_dagrun for example_external_task_marker_parent to None, run_after=None
[2023-03-27 21:22:54,493] {processor.py:161} INFO - Processing /Users/gabrielroger/Documents/projects/weather-data/.venv/lib/python3.9/site-packages/airflow/example_dags/example_external_task_marker_dag.py took 0.052 seconds
[2023-03-27 21:23:59,637] {processor.py:153} INFO - Started process (PID=7486) to work on /Users/gabrielroger/Documents/projects/weather-data/.venv/lib/python3.9/site-packages/airflow/example_dags/example_external_task_marker_dag.py
[2023-03-27 21:23:59,638] {processor.py:641} INFO - Processing file /Users/gabrielroger/Documents/projects/weather-data/.venv/lib/python3.9/site-packages/airflow/example_dags/example_external_task_marker_dag.py for tasks to queue
[2023-03-27 21:23:59,638] {logging_mixin.py:115} INFO - [2023-03-27 21:23:59,638] {dagbag.py:507} INFO - Filling up the DagBag from /Users/gabrielroger/Documents/projects/weather-data/.venv/lib/python3.9/site-packages/airflow/example_dags/example_external_task_marker_dag.py
[2023-03-27 21:23:59,645] {processor.py:651} INFO - DAG(s) dict_keys(['example_external_task_marker_parent', 'example_external_task_marker_child']) retrieved from /Users/gabrielroger/Documents/projects/weather-data/.venv/lib/python3.9/site-packages/airflow/example_dags/example_external_task_marker_dag.py
[2023-03-27 21:23:59,679] {logging_mixin.py:115} INFO - [2023-03-27 21:23:59,679] {dag.py:2379} INFO - Sync 2 DAGs
[2023-03-27 21:23:59,685] {logging_mixin.py:115} INFO - [2023-03-27 21:23:59,685] {dag.py:2927} INFO - Setting next_dagrun for example_external_task_marker_child to None, run_after=None
[2023-03-27 21:23:59,686] {logging_mixin.py:115} INFO - [2023-03-27 21:23:59,686] {dag.py:2927} INFO - Setting next_dagrun for example_external_task_marker_parent to None, run_after=None
[2023-03-27 21:23:59,691] {processor.py:161} INFO - Processing /Users/gabrielroger/Documents/projects/weather-data/.venv/lib/python3.9/site-packages/airflow/example_dags/example_external_task_marker_dag.py took 0.054 seconds
[2023-03-27 21:25:05,506] {processor.py:153} INFO - Started process (PID=7624) to work on /Users/gabrielroger/Documents/projects/weather-data/.venv/lib/python3.9/site-packages/airflow/example_dags/example_external_task_marker_dag.py
[2023-03-27 21:25:05,506] {processor.py:641} INFO - Processing file /Users/gabrielroger/Documents/projects/weather-data/.venv/lib/python3.9/site-packages/airflow/example_dags/example_external_task_marker_dag.py for tasks to queue
[2023-03-27 21:25:05,506] {logging_mixin.py:115} INFO - [2023-03-27 21:25:05,506] {dagbag.py:507} INFO - Filling up the DagBag from /Users/gabrielroger/Documents/projects/weather-data/.venv/lib/python3.9/site-packages/airflow/example_dags/example_external_task_marker_dag.py
[2023-03-27 21:25:05,513] {processor.py:651} INFO - DAG(s) dict_keys(['example_external_task_marker_parent', 'example_external_task_marker_child']) retrieved from /Users/gabrielroger/Documents/projects/weather-data/.venv/lib/python3.9/site-packages/airflow/example_dags/example_external_task_marker_dag.py
[2023-03-27 21:25:05,548] {logging_mixin.py:115} INFO - [2023-03-27 21:25:05,547] {dag.py:2379} INFO - Sync 2 DAGs
[2023-03-27 21:25:05,554] {logging_mixin.py:115} INFO - [2023-03-27 21:25:05,554] {dag.py:2927} INFO - Setting next_dagrun for example_external_task_marker_child to None, run_after=None
[2023-03-27 21:25:05,554] {logging_mixin.py:115} INFO - [2023-03-27 21:25:05,554] {dag.py:2927} INFO - Setting next_dagrun for example_external_task_marker_parent to None, run_after=None
[2023-03-27 21:25:05,560] {processor.py:161} INFO - Processing /Users/gabrielroger/Documents/projects/weather-data/.venv/lib/python3.9/site-packages/airflow/example_dags/example_external_task_marker_dag.py took 0.054 seconds
[2023-03-27 21:26:10,857] {processor.py:153} INFO - Started process (PID=7745) to work on /Users/gabrielroger/Documents/projects/weather-data/.venv/lib/python3.9/site-packages/airflow/example_dags/example_external_task_marker_dag.py
[2023-03-27 21:26:10,858] {processor.py:641} INFO - Processing file /Users/gabrielroger/Documents/projects/weather-data/.venv/lib/python3.9/site-packages/airflow/example_dags/example_external_task_marker_dag.py for tasks to queue
[2023-03-27 21:26:10,858] {logging_mixin.py:115} INFO - [2023-03-27 21:26:10,858] {dagbag.py:507} INFO - Filling up the DagBag from /Users/gabrielroger/Documents/projects/weather-data/.venv/lib/python3.9/site-packages/airflow/example_dags/example_external_task_marker_dag.py
[2023-03-27 21:26:10,865] {processor.py:651} INFO - DAG(s) dict_keys(['example_external_task_marker_parent', 'example_external_task_marker_child']) retrieved from /Users/gabrielroger/Documents/projects/weather-data/.venv/lib/python3.9/site-packages/airflow/example_dags/example_external_task_marker_dag.py
[2023-03-27 21:26:10,898] {logging_mixin.py:115} INFO - [2023-03-27 21:26:10,898] {dag.py:2379} INFO - Sync 2 DAGs
[2023-03-27 21:26:10,904] {logging_mixin.py:115} INFO - [2023-03-27 21:26:10,904] {dag.py:2927} INFO - Setting next_dagrun for example_external_task_marker_child to None, run_after=None
[2023-03-27 21:26:10,904] {logging_mixin.py:115} INFO - [2023-03-27 21:26:10,904] {dag.py:2927} INFO - Setting next_dagrun for example_external_task_marker_parent to None, run_after=None
[2023-03-27 21:26:10,910] {processor.py:161} INFO - Processing /Users/gabrielroger/Documents/projects/weather-data/.venv/lib/python3.9/site-packages/airflow/example_dags/example_external_task_marker_dag.py took 0.053 seconds
[2023-03-27 21:27:19,584] {processor.py:153} INFO - Started process (PID=7857) to work on /Users/gabrielroger/Documents/projects/weather-data/.venv/lib/python3.9/site-packages/airflow/example_dags/example_external_task_marker_dag.py
[2023-03-27 21:27:19,584] {processor.py:641} INFO - Processing file /Users/gabrielroger/Documents/projects/weather-data/.venv/lib/python3.9/site-packages/airflow/example_dags/example_external_task_marker_dag.py for tasks to queue
[2023-03-27 21:27:19,584] {logging_mixin.py:115} INFO - [2023-03-27 21:27:19,584] {dagbag.py:507} INFO - Filling up the DagBag from /Users/gabrielroger/Documents/projects/weather-data/.venv/lib/python3.9/site-packages/airflow/example_dags/example_external_task_marker_dag.py
[2023-03-27 21:27:19,590] {processor.py:651} INFO - DAG(s) dict_keys(['example_external_task_marker_parent', 'example_external_task_marker_child']) retrieved from /Users/gabrielroger/Documents/projects/weather-data/.venv/lib/python3.9/site-packages/airflow/example_dags/example_external_task_marker_dag.py
[2023-03-27 21:27:19,623] {logging_mixin.py:115} INFO - [2023-03-27 21:27:19,623] {dag.py:2379} INFO - Sync 2 DAGs
[2023-03-27 21:27:19,630] {logging_mixin.py:115} INFO - [2023-03-27 21:27:19,630] {dag.py:2927} INFO - Setting next_dagrun for example_external_task_marker_child to None, run_after=None
[2023-03-27 21:27:19,630] {logging_mixin.py:115} INFO - [2023-03-27 21:27:19,630] {dag.py:2927} INFO - Setting next_dagrun for example_external_task_marker_parent to None, run_after=None
[2023-03-27 21:27:19,636] {processor.py:161} INFO - Processing /Users/gabrielroger/Documents/projects/weather-data/.venv/lib/python3.9/site-packages/airflow/example_dags/example_external_task_marker_dag.py took 0.052 seconds
[2023-03-27 21:28:23,884] {processor.py:153} INFO - Started process (PID=7967) to work on /Users/gabrielroger/Documents/projects/weather-data/.venv/lib/python3.9/site-packages/airflow/example_dags/example_external_task_marker_dag.py
[2023-03-27 21:28:23,885] {processor.py:641} INFO - Processing file /Users/gabrielroger/Documents/projects/weather-data/.venv/lib/python3.9/site-packages/airflow/example_dags/example_external_task_marker_dag.py for tasks to queue
[2023-03-27 21:28:23,885] {logging_mixin.py:115} INFO - [2023-03-27 21:28:23,885] {dagbag.py:507} INFO - Filling up the DagBag from /Users/gabrielroger/Documents/projects/weather-data/.venv/lib/python3.9/site-packages/airflow/example_dags/example_external_task_marker_dag.py
[2023-03-27 21:28:23,891] {processor.py:651} INFO - DAG(s) dict_keys(['example_external_task_marker_parent', 'example_external_task_marker_child']) retrieved from /Users/gabrielroger/Documents/projects/weather-data/.venv/lib/python3.9/site-packages/airflow/example_dags/example_external_task_marker_dag.py
[2023-03-27 21:28:23,924] {logging_mixin.py:115} INFO - [2023-03-27 21:28:23,924] {dag.py:2379} INFO - Sync 2 DAGs
[2023-03-27 21:28:23,930] {logging_mixin.py:115} INFO - [2023-03-27 21:28:23,930] {dag.py:2927} INFO - Setting next_dagrun for example_external_task_marker_child to None, run_after=None
[2023-03-27 21:28:23,930] {logging_mixin.py:115} INFO - [2023-03-27 21:28:23,930] {dag.py:2927} INFO - Setting next_dagrun for example_external_task_marker_parent to None, run_after=None
[2023-03-27 21:28:23,936] {processor.py:161} INFO - Processing /Users/gabrielroger/Documents/projects/weather-data/.venv/lib/python3.9/site-packages/airflow/example_dags/example_external_task_marker_dag.py took 0.052 seconds
[2023-03-27 21:29:26,457] {processor.py:153} INFO - Started process (PID=8085) to work on /Users/gabrielroger/Documents/projects/weather-data/.venv/lib/python3.9/site-packages/airflow/example_dags/example_external_task_marker_dag.py
[2023-03-27 21:29:26,458] {processor.py:641} INFO - Processing file /Users/gabrielroger/Documents/projects/weather-data/.venv/lib/python3.9/site-packages/airflow/example_dags/example_external_task_marker_dag.py for tasks to queue
[2023-03-27 21:29:26,458] {logging_mixin.py:115} INFO - [2023-03-27 21:29:26,458] {dagbag.py:507} INFO - Filling up the DagBag from /Users/gabrielroger/Documents/projects/weather-data/.venv/lib/python3.9/site-packages/airflow/example_dags/example_external_task_marker_dag.py
[2023-03-27 21:29:26,464] {processor.py:651} INFO - DAG(s) dict_keys(['example_external_task_marker_parent', 'example_external_task_marker_child']) retrieved from /Users/gabrielroger/Documents/projects/weather-data/.venv/lib/python3.9/site-packages/airflow/example_dags/example_external_task_marker_dag.py
[2023-03-27 21:29:26,497] {logging_mixin.py:115} INFO - [2023-03-27 21:29:26,497] {dag.py:2379} INFO - Sync 2 DAGs
[2023-03-27 21:29:26,504] {logging_mixin.py:115} INFO - [2023-03-27 21:29:26,504] {dag.py:2927} INFO - Setting next_dagrun for example_external_task_marker_child to None, run_after=None
[2023-03-27 21:29:26,504] {logging_mixin.py:115} INFO - [2023-03-27 21:29:26,504] {dag.py:2927} INFO - Setting next_dagrun for example_external_task_marker_parent to None, run_after=None
[2023-03-27 21:29:26,510] {processor.py:161} INFO - Processing /Users/gabrielroger/Documents/projects/weather-data/.venv/lib/python3.9/site-packages/airflow/example_dags/example_external_task_marker_dag.py took 0.053 seconds
[2023-03-27 21:30:31,350] {processor.py:153} INFO - Started process (PID=8227) to work on /Users/gabrielroger/Documents/projects/weather-data/.venv/lib/python3.9/site-packages/airflow/example_dags/example_external_task_marker_dag.py
[2023-03-27 21:30:31,351] {processor.py:641} INFO - Processing file /Users/gabrielroger/Documents/projects/weather-data/.venv/lib/python3.9/site-packages/airflow/example_dags/example_external_task_marker_dag.py for tasks to queue
[2023-03-27 21:30:31,351] {logging_mixin.py:115} INFO - [2023-03-27 21:30:31,351] {dagbag.py:507} INFO - Filling up the DagBag from /Users/gabrielroger/Documents/projects/weather-data/.venv/lib/python3.9/site-packages/airflow/example_dags/example_external_task_marker_dag.py
[2023-03-27 21:30:31,357] {processor.py:651} INFO - DAG(s) dict_keys(['example_external_task_marker_parent', 'example_external_task_marker_child']) retrieved from /Users/gabrielroger/Documents/projects/weather-data/.venv/lib/python3.9/site-packages/airflow/example_dags/example_external_task_marker_dag.py
[2023-03-27 21:30:31,390] {logging_mixin.py:115} INFO - [2023-03-27 21:30:31,390] {dag.py:2379} INFO - Sync 2 DAGs
[2023-03-27 21:30:31,396] {logging_mixin.py:115} INFO - [2023-03-27 21:30:31,396] {dag.py:2927} INFO - Setting next_dagrun for example_external_task_marker_child to None, run_after=None
[2023-03-27 21:30:31,397] {logging_mixin.py:115} INFO - [2023-03-27 21:30:31,397] {dag.py:2927} INFO - Setting next_dagrun for example_external_task_marker_parent to None, run_after=None
[2023-03-27 21:30:31,402] {processor.py:161} INFO - Processing /Users/gabrielroger/Documents/projects/weather-data/.venv/lib/python3.9/site-packages/airflow/example_dags/example_external_task_marker_dag.py took 0.053 seconds
[2023-03-27 21:31:35,537] {processor.py:153} INFO - Started process (PID=8333) to work on /Users/gabrielroger/Documents/projects/weather-data/.venv/lib/python3.9/site-packages/airflow/example_dags/example_external_task_marker_dag.py
[2023-03-27 21:31:35,537] {processor.py:641} INFO - Processing file /Users/gabrielroger/Documents/projects/weather-data/.venv/lib/python3.9/site-packages/airflow/example_dags/example_external_task_marker_dag.py for tasks to queue
[2023-03-27 21:31:35,538] {logging_mixin.py:115} INFO - [2023-03-27 21:31:35,538] {dagbag.py:507} INFO - Filling up the DagBag from /Users/gabrielroger/Documents/projects/weather-data/.venv/lib/python3.9/site-packages/airflow/example_dags/example_external_task_marker_dag.py
[2023-03-27 21:31:35,544] {processor.py:651} INFO - DAG(s) dict_keys(['example_external_task_marker_parent', 'example_external_task_marker_child']) retrieved from /Users/gabrielroger/Documents/projects/weather-data/.venv/lib/python3.9/site-packages/airflow/example_dags/example_external_task_marker_dag.py
[2023-03-27 21:31:35,577] {logging_mixin.py:115} INFO - [2023-03-27 21:31:35,577] {dag.py:2379} INFO - Sync 2 DAGs
[2023-03-27 21:31:35,583] {logging_mixin.py:115} INFO - [2023-03-27 21:31:35,583] {dag.py:2927} INFO - Setting next_dagrun for example_external_task_marker_child to None, run_after=None
[2023-03-27 21:31:35,583] {logging_mixin.py:115} INFO - [2023-03-27 21:31:35,583] {dag.py:2927} INFO - Setting next_dagrun for example_external_task_marker_parent to None, run_after=None
[2023-03-27 21:31:35,589] {processor.py:161} INFO - Processing /Users/gabrielroger/Documents/projects/weather-data/.venv/lib/python3.9/site-packages/airflow/example_dags/example_external_task_marker_dag.py took 0.052 seconds
[2023-03-27 21:32:41,673] {processor.py:153} INFO - Started process (PID=8443) to work on /Users/gabrielroger/Documents/projects/weather-data/.venv/lib/python3.9/site-packages/airflow/example_dags/example_external_task_marker_dag.py
[2023-03-27 21:32:41,673] {processor.py:641} INFO - Processing file /Users/gabrielroger/Documents/projects/weather-data/.venv/lib/python3.9/site-packages/airflow/example_dags/example_external_task_marker_dag.py for tasks to queue
[2023-03-27 21:32:41,674] {logging_mixin.py:115} INFO - [2023-03-27 21:32:41,674] {dagbag.py:507} INFO - Filling up the DagBag from /Users/gabrielroger/Documents/projects/weather-data/.venv/lib/python3.9/site-packages/airflow/example_dags/example_external_task_marker_dag.py
[2023-03-27 21:32:41,680] {processor.py:651} INFO - DAG(s) dict_keys(['example_external_task_marker_parent', 'example_external_task_marker_child']) retrieved from /Users/gabrielroger/Documents/projects/weather-data/.venv/lib/python3.9/site-packages/airflow/example_dags/example_external_task_marker_dag.py
[2023-03-27 21:32:41,713] {logging_mixin.py:115} INFO - [2023-03-27 21:32:41,713] {dag.py:2379} INFO - Sync 2 DAGs
[2023-03-27 21:32:41,719] {logging_mixin.py:115} INFO - [2023-03-27 21:32:41,719] {dag.py:2927} INFO - Setting next_dagrun for example_external_task_marker_child to None, run_after=None
[2023-03-27 21:32:41,720] {logging_mixin.py:115} INFO - [2023-03-27 21:32:41,720] {dag.py:2927} INFO - Setting next_dagrun for example_external_task_marker_parent to None, run_after=None
[2023-03-27 21:32:41,725] {processor.py:161} INFO - Processing /Users/gabrielroger/Documents/projects/weather-data/.venv/lib/python3.9/site-packages/airflow/example_dags/example_external_task_marker_dag.py took 0.052 seconds
[2023-03-27 21:33:49,418] {processor.py:153} INFO - Started process (PID=8558) to work on /Users/gabrielroger/Documents/projects/weather-data/.venv/lib/python3.9/site-packages/airflow/example_dags/example_external_task_marker_dag.py
[2023-03-27 21:33:49,418] {processor.py:641} INFO - Processing file /Users/gabrielroger/Documents/projects/weather-data/.venv/lib/python3.9/site-packages/airflow/example_dags/example_external_task_marker_dag.py for tasks to queue
[2023-03-27 21:33:49,418] {logging_mixin.py:115} INFO - [2023-03-27 21:33:49,418] {dagbag.py:507} INFO - Filling up the DagBag from /Users/gabrielroger/Documents/projects/weather-data/.venv/lib/python3.9/site-packages/airflow/example_dags/example_external_task_marker_dag.py
[2023-03-27 21:33:49,425] {processor.py:651} INFO - DAG(s) dict_keys(['example_external_task_marker_parent', 'example_external_task_marker_child']) retrieved from /Users/gabrielroger/Documents/projects/weather-data/.venv/lib/python3.9/site-packages/airflow/example_dags/example_external_task_marker_dag.py
[2023-03-27 21:33:49,458] {logging_mixin.py:115} INFO - [2023-03-27 21:33:49,458] {dag.py:2379} INFO - Sync 2 DAGs
[2023-03-27 21:33:49,464] {logging_mixin.py:115} INFO - [2023-03-27 21:33:49,464] {dag.py:2927} INFO - Setting next_dagrun for example_external_task_marker_child to None, run_after=None
[2023-03-27 21:33:49,464] {logging_mixin.py:115} INFO - [2023-03-27 21:33:49,464] {dag.py:2927} INFO - Setting next_dagrun for example_external_task_marker_parent to None, run_after=None
[2023-03-27 21:33:49,470] {processor.py:161} INFO - Processing /Users/gabrielroger/Documents/projects/weather-data/.venv/lib/python3.9/site-packages/airflow/example_dags/example_external_task_marker_dag.py took 0.052 seconds
[2023-03-27 21:59:30,962] {processor.py:153} INFO - Started process (PID=8709) to work on /Users/gabrielroger/Documents/projects/weather-data/.venv/lib/python3.9/site-packages/airflow/example_dags/example_external_task_marker_dag.py
[2023-03-27 21:59:30,963] {processor.py:641} INFO - Processing file /Users/gabrielroger/Documents/projects/weather-data/.venv/lib/python3.9/site-packages/airflow/example_dags/example_external_task_marker_dag.py for tasks to queue
[2023-03-27 21:59:30,963] {logging_mixin.py:115} INFO - [2023-03-27 21:59:30,963] {dagbag.py:507} INFO - Filling up the DagBag from /Users/gabrielroger/Documents/projects/weather-data/.venv/lib/python3.9/site-packages/airflow/example_dags/example_external_task_marker_dag.py
[2023-03-27 21:59:30,969] {processor.py:651} INFO - DAG(s) dict_keys(['example_external_task_marker_parent', 'example_external_task_marker_child']) retrieved from /Users/gabrielroger/Documents/projects/weather-data/.venv/lib/python3.9/site-packages/airflow/example_dags/example_external_task_marker_dag.py
[2023-03-27 21:59:31,004] {logging_mixin.py:115} INFO - [2023-03-27 21:59:31,004] {dag.py:2379} INFO - Sync 2 DAGs
[2023-03-27 21:59:31,011] {logging_mixin.py:115} INFO - [2023-03-27 21:59:31,011] {dag.py:2927} INFO - Setting next_dagrun for example_external_task_marker_child to None, run_after=None
[2023-03-27 21:59:31,011] {logging_mixin.py:115} INFO - [2023-03-27 21:59:31,011] {dag.py:2927} INFO - Setting next_dagrun for example_external_task_marker_parent to None, run_after=None
[2023-03-27 21:59:31,016] {processor.py:161} INFO - Processing /Users/gabrielroger/Documents/projects/weather-data/.venv/lib/python3.9/site-packages/airflow/example_dags/example_external_task_marker_dag.py took 0.054 seconds
[2023-03-27 22:07:59,136] {processor.py:153} INFO - Started process (PID=8847) to work on /Users/gabrielroger/Documents/projects/weather-data/.venv/lib/python3.9/site-packages/airflow/example_dags/example_external_task_marker_dag.py
[2023-03-27 22:07:59,137] {processor.py:641} INFO - Processing file /Users/gabrielroger/Documents/projects/weather-data/.venv/lib/python3.9/site-packages/airflow/example_dags/example_external_task_marker_dag.py for tasks to queue
[2023-03-27 22:07:59,137] {logging_mixin.py:115} INFO - [2023-03-27 22:07:59,137] {dagbag.py:507} INFO - Filling up the DagBag from /Users/gabrielroger/Documents/projects/weather-data/.venv/lib/python3.9/site-packages/airflow/example_dags/example_external_task_marker_dag.py
[2023-03-27 22:07:59,144] {processor.py:651} INFO - DAG(s) dict_keys(['example_external_task_marker_parent', 'example_external_task_marker_child']) retrieved from /Users/gabrielroger/Documents/projects/weather-data/.venv/lib/python3.9/site-packages/airflow/example_dags/example_external_task_marker_dag.py
[2023-03-27 22:07:59,178] {logging_mixin.py:115} INFO - [2023-03-27 22:07:59,178] {dag.py:2379} INFO - Sync 2 DAGs
[2023-03-27 22:07:59,184] {logging_mixin.py:115} INFO - [2023-03-27 22:07:59,184] {dag.py:2927} INFO - Setting next_dagrun for example_external_task_marker_child to None, run_after=None
[2023-03-27 22:07:59,184] {logging_mixin.py:115} INFO - [2023-03-27 22:07:59,184] {dag.py:2927} INFO - Setting next_dagrun for example_external_task_marker_parent to None, run_after=None
[2023-03-27 22:07:59,190] {processor.py:161} INFO - Processing /Users/gabrielroger/Documents/projects/weather-data/.venv/lib/python3.9/site-packages/airflow/example_dags/example_external_task_marker_dag.py took 0.054 seconds
