[2023-03-27 21:09:54,860] {processor.py:153} INFO - Started process (PID=6065) to work on /Users/gabrielroger/Documents/projects/weather-data/.venv/lib/python3.9/site-packages/airflow/example_dags/example_task_group.py
[2023-03-27 21:09:54,861] {processor.py:641} INFO - Processing file /Users/gabrielroger/Documents/projects/weather-data/.venv/lib/python3.9/site-packages/airflow/example_dags/example_task_group.py for tasks to queue
[2023-03-27 21:09:54,861] {logging_mixin.py:115} INFO - [2023-03-27 21:09:54,861] {dagbag.py:507} INFO - Filling up the DagBag from /Users/gabrielroger/Documents/projects/weather-data/.venv/lib/python3.9/site-packages/airflow/example_dags/example_task_group.py
[2023-03-27 21:09:54,869] {processor.py:651} INFO - DAG(s) dict_keys(['example_task_group']) retrieved from /Users/gabrielroger/Documents/projects/weather-data/.venv/lib/python3.9/site-packages/airflow/example_dags/example_task_group.py
[2023-03-27 21:09:54,900] {logging_mixin.py:115} INFO - [2023-03-27 21:09:54,899] {dag.py:2379} INFO - Sync 1 DAGs
[2023-03-27 21:09:54,906] {logging_mixin.py:115} INFO - [2023-03-27 21:09:54,906] {dag.py:2927} INFO - Setting next_dagrun for example_task_group to 2023-03-27T00:09:54.906532+00:00, run_after=2023-03-28T00:09:54.906532+00:00
[2023-03-27 21:09:54,912] {processor.py:161} INFO - Processing /Users/gabrielroger/Documents/projects/weather-data/.venv/lib/python3.9/site-packages/airflow/example_dags/example_task_group.py took 0.052 seconds
[2023-03-27 21:10:46,470] {processor.py:153} INFO - Started process (PID=6155) to work on /Users/gabrielroger/Documents/projects/weather-data/.venv/lib/python3.9/site-packages/airflow/example_dags/example_task_group.py
[2023-03-27 21:10:46,470] {processor.py:641} INFO - Processing file /Users/gabrielroger/Documents/projects/weather-data/.venv/lib/python3.9/site-packages/airflow/example_dags/example_task_group.py for tasks to queue
[2023-03-27 21:10:46,471] {logging_mixin.py:115} INFO - [2023-03-27 21:10:46,471] {dagbag.py:507} INFO - Filling up the DagBag from /Users/gabrielroger/Documents/projects/weather-data/.venv/lib/python3.9/site-packages/airflow/example_dags/example_task_group.py
[2023-03-27 21:10:46,478] {processor.py:651} INFO - DAG(s) dict_keys(['example_task_group']) retrieved from /Users/gabrielroger/Documents/projects/weather-data/.venv/lib/python3.9/site-packages/airflow/example_dags/example_task_group.py
[2023-03-27 21:10:46,509] {logging_mixin.py:115} INFO - [2023-03-27 21:10:46,509] {dag.py:2379} INFO - Sync 1 DAGs
[2023-03-27 21:10:46,516] {logging_mixin.py:115} INFO - [2023-03-27 21:10:46,516] {dag.py:2927} INFO - Setting next_dagrun for example_task_group to 2023-03-27T00:10:46.516836+00:00, run_after=2023-03-28T00:10:46.516836+00:00
[2023-03-27 21:10:46,522] {processor.py:161} INFO - Processing /Users/gabrielroger/Documents/projects/weather-data/.venv/lib/python3.9/site-packages/airflow/example_dags/example_task_group.py took 0.053 seconds
[2023-03-27 21:11:38,097] {processor.py:153} INFO - Started process (PID=6246) to work on /Users/gabrielroger/Documents/projects/weather-data/.venv/lib/python3.9/site-packages/airflow/example_dags/example_task_group.py
[2023-03-27 21:11:38,098] {processor.py:641} INFO - Processing file /Users/gabrielroger/Documents/projects/weather-data/.venv/lib/python3.9/site-packages/airflow/example_dags/example_task_group.py for tasks to queue
[2023-03-27 21:11:38,098] {logging_mixin.py:115} INFO - [2023-03-27 21:11:38,098] {dagbag.py:507} INFO - Filling up the DagBag from /Users/gabrielroger/Documents/projects/weather-data/.venv/lib/python3.9/site-packages/airflow/example_dags/example_task_group.py
[2023-03-27 21:11:38,105] {processor.py:651} INFO - DAG(s) dict_keys(['example_task_group']) retrieved from /Users/gabrielroger/Documents/projects/weather-data/.venv/lib/python3.9/site-packages/airflow/example_dags/example_task_group.py
[2023-03-27 21:11:38,136] {logging_mixin.py:115} INFO - [2023-03-27 21:11:38,136] {dag.py:2379} INFO - Sync 1 DAGs
[2023-03-27 21:11:38,143] {logging_mixin.py:115} INFO - [2023-03-27 21:11:38,143] {dag.py:2927} INFO - Setting next_dagrun for example_task_group to 2023-03-27T00:11:38.143417+00:00, run_after=2023-03-28T00:11:38.143417+00:00
[2023-03-27 21:11:38,149] {processor.py:161} INFO - Processing /Users/gabrielroger/Documents/projects/weather-data/.venv/lib/python3.9/site-packages/airflow/example_dags/example_task_group.py took 0.053 seconds
[2023-03-27 21:12:24,974] {processor.py:153} INFO - Started process (PID=6321) to work on /Users/gabrielroger/Documents/projects/weather-data/.venv/lib/python3.9/site-packages/airflow/example_dags/example_task_group.py
[2023-03-27 21:12:24,974] {processor.py:641} INFO - Processing file /Users/gabrielroger/Documents/projects/weather-data/.venv/lib/python3.9/site-packages/airflow/example_dags/example_task_group.py for tasks to queue
[2023-03-27 21:12:24,975] {logging_mixin.py:115} INFO - [2023-03-27 21:12:24,975] {dagbag.py:507} INFO - Filling up the DagBag from /Users/gabrielroger/Documents/projects/weather-data/.venv/lib/python3.9/site-packages/airflow/example_dags/example_task_group.py
[2023-03-27 21:12:24,982] {processor.py:651} INFO - DAG(s) dict_keys(['example_task_group']) retrieved from /Users/gabrielroger/Documents/projects/weather-data/.venv/lib/python3.9/site-packages/airflow/example_dags/example_task_group.py
[2023-03-27 21:12:25,013] {logging_mixin.py:115} INFO - [2023-03-27 21:12:25,013] {dag.py:2379} INFO - Sync 1 DAGs
[2023-03-27 21:12:25,020] {logging_mixin.py:115} INFO - [2023-03-27 21:12:25,020] {dag.py:2927} INFO - Setting next_dagrun for example_task_group to 2023-03-27T00:12:25.019921+00:00, run_after=2023-03-28T00:12:25.019921+00:00
[2023-03-27 21:12:25,025] {processor.py:161} INFO - Processing /Users/gabrielroger/Documents/projects/weather-data/.venv/lib/python3.9/site-packages/airflow/example_dags/example_task_group.py took 0.052 seconds
[2023-03-27 21:13:12,005] {processor.py:153} INFO - Started process (PID=6398) to work on /Users/gabrielroger/Documents/projects/weather-data/.venv/lib/python3.9/site-packages/airflow/example_dags/example_task_group.py
[2023-03-27 21:13:12,005] {processor.py:641} INFO - Processing file /Users/gabrielroger/Documents/projects/weather-data/.venv/lib/python3.9/site-packages/airflow/example_dags/example_task_group.py for tasks to queue
[2023-03-27 21:13:12,005] {logging_mixin.py:115} INFO - [2023-03-27 21:13:12,005] {dagbag.py:507} INFO - Filling up the DagBag from /Users/gabrielroger/Documents/projects/weather-data/.venv/lib/python3.9/site-packages/airflow/example_dags/example_task_group.py
[2023-03-27 21:13:12,012] {processor.py:651} INFO - DAG(s) dict_keys(['example_task_group']) retrieved from /Users/gabrielroger/Documents/projects/weather-data/.venv/lib/python3.9/site-packages/airflow/example_dags/example_task_group.py
[2023-03-27 21:13:12,043] {logging_mixin.py:115} INFO - [2023-03-27 21:13:12,043] {dag.py:2379} INFO - Sync 1 DAGs
[2023-03-27 21:13:12,050] {logging_mixin.py:115} INFO - [2023-03-27 21:13:12,050] {dag.py:2927} INFO - Setting next_dagrun for example_task_group to 2023-03-27T00:13:12.050401+00:00, run_after=2023-03-28T00:13:12.050401+00:00
[2023-03-27 21:13:12,056] {processor.py:161} INFO - Processing /Users/gabrielroger/Documents/projects/weather-data/.venv/lib/python3.9/site-packages/airflow/example_dags/example_task_group.py took 0.051 seconds
[2023-03-27 21:13:56,411] {processor.py:153} INFO - Started process (PID=6476) to work on /Users/gabrielroger/Documents/projects/weather-data/.venv/lib/python3.9/site-packages/airflow/example_dags/example_task_group.py
[2023-03-27 21:13:56,412] {processor.py:641} INFO - Processing file /Users/gabrielroger/Documents/projects/weather-data/.venv/lib/python3.9/site-packages/airflow/example_dags/example_task_group.py for tasks to queue
[2023-03-27 21:13:56,412] {logging_mixin.py:115} INFO - [2023-03-27 21:13:56,412] {dagbag.py:507} INFO - Filling up the DagBag from /Users/gabrielroger/Documents/projects/weather-data/.venv/lib/python3.9/site-packages/airflow/example_dags/example_task_group.py
[2023-03-27 21:13:56,419] {processor.py:651} INFO - DAG(s) dict_keys(['example_task_group']) retrieved from /Users/gabrielroger/Documents/projects/weather-data/.venv/lib/python3.9/site-packages/airflow/example_dags/example_task_group.py
[2023-03-27 21:13:56,451] {logging_mixin.py:115} INFO - [2023-03-27 21:13:56,451] {dag.py:2379} INFO - Sync 1 DAGs
[2023-03-27 21:13:56,458] {logging_mixin.py:115} INFO - [2023-03-27 21:13:56,457] {dag.py:2927} INFO - Setting next_dagrun for example_task_group to 2023-03-27T00:13:56.457898+00:00, run_after=2023-03-28T00:13:56.457898+00:00
[2023-03-27 21:13:56,463] {processor.py:161} INFO - Processing /Users/gabrielroger/Documents/projects/weather-data/.venv/lib/python3.9/site-packages/airflow/example_dags/example_task_group.py took 0.052 seconds
[2023-03-27 21:14:39,121] {processor.py:153} INFO - Started process (PID=6547) to work on /Users/gabrielroger/Documents/projects/weather-data/.venv/lib/python3.9/site-packages/airflow/example_dags/example_task_group.py
[2023-03-27 21:14:39,121] {processor.py:641} INFO - Processing file /Users/gabrielroger/Documents/projects/weather-data/.venv/lib/python3.9/site-packages/airflow/example_dags/example_task_group.py for tasks to queue
[2023-03-27 21:14:39,121] {logging_mixin.py:115} INFO - [2023-03-27 21:14:39,121] {dagbag.py:507} INFO - Filling up the DagBag from /Users/gabrielroger/Documents/projects/weather-data/.venv/lib/python3.9/site-packages/airflow/example_dags/example_task_group.py
[2023-03-27 21:14:39,128] {processor.py:651} INFO - DAG(s) dict_keys(['example_task_group']) retrieved from /Users/gabrielroger/Documents/projects/weather-data/.venv/lib/python3.9/site-packages/airflow/example_dags/example_task_group.py
[2023-03-27 21:14:39,159] {logging_mixin.py:115} INFO - [2023-03-27 21:14:39,159] {dag.py:2379} INFO - Sync 1 DAGs
[2023-03-27 21:14:39,165] {logging_mixin.py:115} INFO - [2023-03-27 21:14:39,165] {dag.py:2927} INFO - Setting next_dagrun for example_task_group to 2023-03-27T00:14:39.165571+00:00, run_after=2023-03-28T00:14:39.165571+00:00
[2023-03-27 21:14:39,171] {processor.py:161} INFO - Processing /Users/gabrielroger/Documents/projects/weather-data/.venv/lib/python3.9/site-packages/airflow/example_dags/example_task_group.py took 0.050 seconds
[2023-03-27 21:15:23,637] {processor.py:153} INFO - Started process (PID=6622) to work on /Users/gabrielroger/Documents/projects/weather-data/.venv/lib/python3.9/site-packages/airflow/example_dags/example_task_group.py
[2023-03-27 21:15:23,638] {processor.py:641} INFO - Processing file /Users/gabrielroger/Documents/projects/weather-data/.venv/lib/python3.9/site-packages/airflow/example_dags/example_task_group.py for tasks to queue
[2023-03-27 21:15:23,638] {logging_mixin.py:115} INFO - [2023-03-27 21:15:23,638] {dagbag.py:507} INFO - Filling up the DagBag from /Users/gabrielroger/Documents/projects/weather-data/.venv/lib/python3.9/site-packages/airflow/example_dags/example_task_group.py
[2023-03-27 21:15:23,646] {processor.py:651} INFO - DAG(s) dict_keys(['example_task_group']) retrieved from /Users/gabrielroger/Documents/projects/weather-data/.venv/lib/python3.9/site-packages/airflow/example_dags/example_task_group.py
[2023-03-27 21:15:23,676] {logging_mixin.py:115} INFO - [2023-03-27 21:15:23,676] {dag.py:2379} INFO - Sync 1 DAGs
[2023-03-27 21:15:23,683] {logging_mixin.py:115} INFO - [2023-03-27 21:15:23,682] {dag.py:2927} INFO - Setting next_dagrun for example_task_group to 2023-03-27T00:15:23.682904+00:00, run_after=2023-03-28T00:15:23.682904+00:00
[2023-03-27 21:15:23,688] {processor.py:161} INFO - Processing /Users/gabrielroger/Documents/projects/weather-data/.venv/lib/python3.9/site-packages/airflow/example_dags/example_task_group.py took 0.051 seconds
[2023-03-27 21:16:08,317] {processor.py:153} INFO - Started process (PID=6695) to work on /Users/gabrielroger/Documents/projects/weather-data/.venv/lib/python3.9/site-packages/airflow/example_dags/example_task_group.py
[2023-03-27 21:16:08,318] {processor.py:641} INFO - Processing file /Users/gabrielroger/Documents/projects/weather-data/.venv/lib/python3.9/site-packages/airflow/example_dags/example_task_group.py for tasks to queue
[2023-03-27 21:16:08,318] {logging_mixin.py:115} INFO - [2023-03-27 21:16:08,318] {dagbag.py:507} INFO - Filling up the DagBag from /Users/gabrielroger/Documents/projects/weather-data/.venv/lib/python3.9/site-packages/airflow/example_dags/example_task_group.py
[2023-03-27 21:16:08,326] {processor.py:651} INFO - DAG(s) dict_keys(['example_task_group']) retrieved from /Users/gabrielroger/Documents/projects/weather-data/.venv/lib/python3.9/site-packages/airflow/example_dags/example_task_group.py
[2023-03-27 21:16:08,356] {logging_mixin.py:115} INFO - [2023-03-27 21:16:08,356] {dag.py:2379} INFO - Sync 1 DAGs
[2023-03-27 21:16:08,363] {logging_mixin.py:115} INFO - [2023-03-27 21:16:08,363] {dag.py:2927} INFO - Setting next_dagrun for example_task_group to 2023-03-27T00:16:08.363148+00:00, run_after=2023-03-28T00:16:08.363148+00:00
[2023-03-27 21:16:08,368] {processor.py:161} INFO - Processing /Users/gabrielroger/Documents/projects/weather-data/.venv/lib/python3.9/site-packages/airflow/example_dags/example_task_group.py took 0.051 seconds
[2023-03-27 21:16:53,164] {processor.py:153} INFO - Started process (PID=6769) to work on /Users/gabrielroger/Documents/projects/weather-data/.venv/lib/python3.9/site-packages/airflow/example_dags/example_task_group.py
[2023-03-27 21:16:53,164] {processor.py:641} INFO - Processing file /Users/gabrielroger/Documents/projects/weather-data/.venv/lib/python3.9/site-packages/airflow/example_dags/example_task_group.py for tasks to queue
[2023-03-27 21:16:53,164] {logging_mixin.py:115} INFO - [2023-03-27 21:16:53,164] {dagbag.py:507} INFO - Filling up the DagBag from /Users/gabrielroger/Documents/projects/weather-data/.venv/lib/python3.9/site-packages/airflow/example_dags/example_task_group.py
[2023-03-27 21:16:53,172] {processor.py:651} INFO - DAG(s) dict_keys(['example_task_group']) retrieved from /Users/gabrielroger/Documents/projects/weather-data/.venv/lib/python3.9/site-packages/airflow/example_dags/example_task_group.py
[2023-03-27 21:16:53,202] {logging_mixin.py:115} INFO - [2023-03-27 21:16:53,202] {dag.py:2379} INFO - Sync 1 DAGs
[2023-03-27 21:16:53,209] {logging_mixin.py:115} INFO - [2023-03-27 21:16:53,209] {dag.py:2927} INFO - Setting next_dagrun for example_task_group to 2023-03-27T00:16:53.209235+00:00, run_after=2023-03-28T00:16:53.209235+00:00
[2023-03-27 21:16:53,215] {processor.py:161} INFO - Processing /Users/gabrielroger/Documents/projects/weather-data/.venv/lib/python3.9/site-packages/airflow/example_dags/example_task_group.py took 0.051 seconds
[2023-03-27 21:17:52,940] {processor.py:153} INFO - Started process (PID=6870) to work on /Users/gabrielroger/Documents/projects/weather-data/.venv/lib/python3.9/site-packages/airflow/example_dags/example_task_group.py
[2023-03-27 21:17:52,940] {processor.py:641} INFO - Processing file /Users/gabrielroger/Documents/projects/weather-data/.venv/lib/python3.9/site-packages/airflow/example_dags/example_task_group.py for tasks to queue
[2023-03-27 21:17:52,940] {logging_mixin.py:115} INFO - [2023-03-27 21:17:52,940] {dagbag.py:507} INFO - Filling up the DagBag from /Users/gabrielroger/Documents/projects/weather-data/.venv/lib/python3.9/site-packages/airflow/example_dags/example_task_group.py
[2023-03-27 21:17:52,947] {processor.py:651} INFO - DAG(s) dict_keys(['example_task_group']) retrieved from /Users/gabrielroger/Documents/projects/weather-data/.venv/lib/python3.9/site-packages/airflow/example_dags/example_task_group.py
[2023-03-27 21:17:52,977] {logging_mixin.py:115} INFO - [2023-03-27 21:17:52,977] {dag.py:2379} INFO - Sync 1 DAGs
[2023-03-27 21:17:52,984] {logging_mixin.py:115} INFO - [2023-03-27 21:17:52,983] {dag.py:2927} INFO - Setting next_dagrun for example_task_group to 2023-03-27T00:17:52.983908+00:00, run_after=2023-03-28T00:17:52.983908+00:00
[2023-03-27 21:17:52,989] {processor.py:161} INFO - Processing /Users/gabrielroger/Documents/projects/weather-data/.venv/lib/python3.9/site-packages/airflow/example_dags/example_task_group.py took 0.050 seconds
[2023-03-27 21:18:34,874] {processor.py:153} INFO - Started process (PID=6940) to work on /Users/gabrielroger/Documents/projects/weather-data/.venv/lib/python3.9/site-packages/airflow/example_dags/example_task_group.py
[2023-03-27 21:18:34,875] {processor.py:641} INFO - Processing file /Users/gabrielroger/Documents/projects/weather-data/.venv/lib/python3.9/site-packages/airflow/example_dags/example_task_group.py for tasks to queue
[2023-03-27 21:18:34,875] {logging_mixin.py:115} INFO - [2023-03-27 21:18:34,875] {dagbag.py:507} INFO - Filling up the DagBag from /Users/gabrielroger/Documents/projects/weather-data/.venv/lib/python3.9/site-packages/airflow/example_dags/example_task_group.py
[2023-03-27 21:18:34,883] {processor.py:651} INFO - DAG(s) dict_keys(['example_task_group']) retrieved from /Users/gabrielroger/Documents/projects/weather-data/.venv/lib/python3.9/site-packages/airflow/example_dags/example_task_group.py
[2023-03-27 21:18:34,913] {logging_mixin.py:115} INFO - [2023-03-27 21:18:34,913] {dag.py:2379} INFO - Sync 1 DAGs
[2023-03-27 21:18:34,919] {logging_mixin.py:115} INFO - [2023-03-27 21:18:34,919] {dag.py:2927} INFO - Setting next_dagrun for example_task_group to 2023-03-27T00:18:34.919682+00:00, run_after=2023-03-28T00:18:34.919682+00:00
[2023-03-27 21:18:34,925] {processor.py:161} INFO - Processing /Users/gabrielroger/Documents/projects/weather-data/.venv/lib/python3.9/site-packages/airflow/example_dags/example_task_group.py took 0.051 seconds
[2023-03-27 21:19:19,100] {processor.py:153} INFO - Started process (PID=7018) to work on /Users/gabrielroger/Documents/projects/weather-data/.venv/lib/python3.9/site-packages/airflow/example_dags/example_task_group.py
[2023-03-27 21:19:19,101] {processor.py:641} INFO - Processing file /Users/gabrielroger/Documents/projects/weather-data/.venv/lib/python3.9/site-packages/airflow/example_dags/example_task_group.py for tasks to queue
[2023-03-27 21:19:19,101] {logging_mixin.py:115} INFO - [2023-03-27 21:19:19,101] {dagbag.py:507} INFO - Filling up the DagBag from /Users/gabrielroger/Documents/projects/weather-data/.venv/lib/python3.9/site-packages/airflow/example_dags/example_task_group.py
[2023-03-27 21:19:19,108] {processor.py:651} INFO - DAG(s) dict_keys(['example_task_group']) retrieved from /Users/gabrielroger/Documents/projects/weather-data/.venv/lib/python3.9/site-packages/airflow/example_dags/example_task_group.py
[2023-03-27 21:19:19,138] {logging_mixin.py:115} INFO - [2023-03-27 21:19:19,138] {dag.py:2379} INFO - Sync 1 DAGs
[2023-03-27 21:19:19,145] {logging_mixin.py:115} INFO - [2023-03-27 21:19:19,145] {dag.py:2927} INFO - Setting next_dagrun for example_task_group to 2023-03-27T00:19:19.145183+00:00, run_after=2023-03-28T00:19:19.145183+00:00
[2023-03-27 21:19:19,150] {processor.py:161} INFO - Processing /Users/gabrielroger/Documents/projects/weather-data/.venv/lib/python3.9/site-packages/airflow/example_dags/example_task_group.py took 0.051 seconds
[2023-03-27 21:20:03,044] {processor.py:153} INFO - Started process (PID=7090) to work on /Users/gabrielroger/Documents/projects/weather-data/.venv/lib/python3.9/site-packages/airflow/example_dags/example_task_group.py
[2023-03-27 21:20:03,044] {processor.py:641} INFO - Processing file /Users/gabrielroger/Documents/projects/weather-data/.venv/lib/python3.9/site-packages/airflow/example_dags/example_task_group.py for tasks to queue
[2023-03-27 21:20:03,045] {logging_mixin.py:115} INFO - [2023-03-27 21:20:03,044] {dagbag.py:507} INFO - Filling up the DagBag from /Users/gabrielroger/Documents/projects/weather-data/.venv/lib/python3.9/site-packages/airflow/example_dags/example_task_group.py
[2023-03-27 21:20:03,052] {processor.py:651} INFO - DAG(s) dict_keys(['example_task_group']) retrieved from /Users/gabrielroger/Documents/projects/weather-data/.venv/lib/python3.9/site-packages/airflow/example_dags/example_task_group.py
[2023-03-27 21:20:03,083] {logging_mixin.py:115} INFO - [2023-03-27 21:20:03,083] {dag.py:2379} INFO - Sync 1 DAGs
[2023-03-27 21:20:03,089] {logging_mixin.py:115} INFO - [2023-03-27 21:20:03,089] {dag.py:2927} INFO - Setting next_dagrun for example_task_group to 2023-03-27T00:20:03.089631+00:00, run_after=2023-03-28T00:20:03.089631+00:00
[2023-03-27 21:20:03,095] {processor.py:161} INFO - Processing /Users/gabrielroger/Documents/projects/weather-data/.venv/lib/python3.9/site-packages/airflow/example_dags/example_task_group.py took 0.051 seconds
[2023-03-27 21:20:49,369] {processor.py:153} INFO - Started process (PID=7166) to work on /Users/gabrielroger/Documents/projects/weather-data/.venv/lib/python3.9/site-packages/airflow/example_dags/example_task_group.py
[2023-03-27 21:20:49,369] {processor.py:641} INFO - Processing file /Users/gabrielroger/Documents/projects/weather-data/.venv/lib/python3.9/site-packages/airflow/example_dags/example_task_group.py for tasks to queue
[2023-03-27 21:20:49,369] {logging_mixin.py:115} INFO - [2023-03-27 21:20:49,369] {dagbag.py:507} INFO - Filling up the DagBag from /Users/gabrielroger/Documents/projects/weather-data/.venv/lib/python3.9/site-packages/airflow/example_dags/example_task_group.py
[2023-03-27 21:20:49,377] {processor.py:651} INFO - DAG(s) dict_keys(['example_task_group']) retrieved from /Users/gabrielroger/Documents/projects/weather-data/.venv/lib/python3.9/site-packages/airflow/example_dags/example_task_group.py
[2023-03-27 21:20:49,406] {logging_mixin.py:115} INFO - [2023-03-27 21:20:49,406] {dag.py:2379} INFO - Sync 1 DAGs
[2023-03-27 21:20:49,413] {logging_mixin.py:115} INFO - [2023-03-27 21:20:49,413] {dag.py:2927} INFO - Setting next_dagrun for example_task_group to 2023-03-27T00:20:49.413342+00:00, run_after=2023-03-28T00:20:49.413342+00:00
[2023-03-27 21:20:49,419] {processor.py:161} INFO - Processing /Users/gabrielroger/Documents/projects/weather-data/.venv/lib/python3.9/site-packages/airflow/example_dags/example_task_group.py took 0.050 seconds
[2023-03-27 21:21:33,851] {processor.py:153} INFO - Started process (PID=7238) to work on /Users/gabrielroger/Documents/projects/weather-data/.venv/lib/python3.9/site-packages/airflow/example_dags/example_task_group.py
[2023-03-27 21:21:33,851] {processor.py:641} INFO - Processing file /Users/gabrielroger/Documents/projects/weather-data/.venv/lib/python3.9/site-packages/airflow/example_dags/example_task_group.py for tasks to queue
[2023-03-27 21:21:33,851] {logging_mixin.py:115} INFO - [2023-03-27 21:21:33,851] {dagbag.py:507} INFO - Filling up the DagBag from /Users/gabrielroger/Documents/projects/weather-data/.venv/lib/python3.9/site-packages/airflow/example_dags/example_task_group.py
[2023-03-27 21:21:33,858] {processor.py:651} INFO - DAG(s) dict_keys(['example_task_group']) retrieved from /Users/gabrielroger/Documents/projects/weather-data/.venv/lib/python3.9/site-packages/airflow/example_dags/example_task_group.py
[2023-03-27 21:21:33,888] {logging_mixin.py:115} INFO - [2023-03-27 21:21:33,888] {dag.py:2379} INFO - Sync 1 DAGs
[2023-03-27 21:21:33,895] {logging_mixin.py:115} INFO - [2023-03-27 21:21:33,894] {dag.py:2927} INFO - Setting next_dagrun for example_task_group to 2023-03-27T00:21:33.894875+00:00, run_after=2023-03-28T00:21:33.894875+00:00
[2023-03-27 21:21:33,900] {processor.py:161} INFO - Processing /Users/gabrielroger/Documents/projects/weather-data/.venv/lib/python3.9/site-packages/airflow/example_dags/example_task_group.py took 0.050 seconds
[2023-03-27 21:22:19,644] {processor.py:153} INFO - Started process (PID=7313) to work on /Users/gabrielroger/Documents/projects/weather-data/.venv/lib/python3.9/site-packages/airflow/example_dags/example_task_group.py
[2023-03-27 21:22:19,644] {processor.py:641} INFO - Processing file /Users/gabrielroger/Documents/projects/weather-data/.venv/lib/python3.9/site-packages/airflow/example_dags/example_task_group.py for tasks to queue
[2023-03-27 21:22:19,644] {logging_mixin.py:115} INFO - [2023-03-27 21:22:19,644] {dagbag.py:507} INFO - Filling up the DagBag from /Users/gabrielroger/Documents/projects/weather-data/.venv/lib/python3.9/site-packages/airflow/example_dags/example_task_group.py
[2023-03-27 21:22:19,651] {processor.py:651} INFO - DAG(s) dict_keys(['example_task_group']) retrieved from /Users/gabrielroger/Documents/projects/weather-data/.venv/lib/python3.9/site-packages/airflow/example_dags/example_task_group.py
[2023-03-27 21:22:19,681] {logging_mixin.py:115} INFO - [2023-03-27 21:22:19,681] {dag.py:2379} INFO - Sync 1 DAGs
[2023-03-27 21:22:19,687] {logging_mixin.py:115} INFO - [2023-03-27 21:22:19,687] {dag.py:2927} INFO - Setting next_dagrun for example_task_group to 2023-03-27T00:22:19.687797+00:00, run_after=2023-03-28T00:22:19.687797+00:00
[2023-03-27 21:22:19,693] {processor.py:161} INFO - Processing /Users/gabrielroger/Documents/projects/weather-data/.venv/lib/python3.9/site-packages/airflow/example_dags/example_task_group.py took 0.049 seconds
[2023-03-27 21:23:03,903] {processor.py:153} INFO - Started process (PID=7390) to work on /Users/gabrielroger/Documents/projects/weather-data/.venv/lib/python3.9/site-packages/airflow/example_dags/example_task_group.py
[2023-03-27 21:23:03,903] {processor.py:641} INFO - Processing file /Users/gabrielroger/Documents/projects/weather-data/.venv/lib/python3.9/site-packages/airflow/example_dags/example_task_group.py for tasks to queue
[2023-03-27 21:23:03,903] {logging_mixin.py:115} INFO - [2023-03-27 21:23:03,903] {dagbag.py:507} INFO - Filling up the DagBag from /Users/gabrielroger/Documents/projects/weather-data/.venv/lib/python3.9/site-packages/airflow/example_dags/example_task_group.py
[2023-03-27 21:23:03,911] {processor.py:651} INFO - DAG(s) dict_keys(['example_task_group']) retrieved from /Users/gabrielroger/Documents/projects/weather-data/.venv/lib/python3.9/site-packages/airflow/example_dags/example_task_group.py
[2023-03-27 21:23:03,941] {logging_mixin.py:115} INFO - [2023-03-27 21:23:03,941] {dag.py:2379} INFO - Sync 1 DAGs
[2023-03-27 21:23:03,948] {logging_mixin.py:115} INFO - [2023-03-27 21:23:03,948] {dag.py:2927} INFO - Setting next_dagrun for example_task_group to 2023-03-27T00:23:03.947958+00:00, run_after=2023-03-28T00:23:03.947958+00:00
[2023-03-27 21:23:03,953] {processor.py:161} INFO - Processing /Users/gabrielroger/Documents/projects/weather-data/.venv/lib/python3.9/site-packages/airflow/example_dags/example_task_group.py took 0.051 seconds
[2023-03-27 21:23:46,950] {processor.py:153} INFO - Started process (PID=7465) to work on /Users/gabrielroger/Documents/projects/weather-data/.venv/lib/python3.9/site-packages/airflow/example_dags/example_task_group.py
[2023-03-27 21:23:46,950] {processor.py:641} INFO - Processing file /Users/gabrielroger/Documents/projects/weather-data/.venv/lib/python3.9/site-packages/airflow/example_dags/example_task_group.py for tasks to queue
[2023-03-27 21:23:46,950] {logging_mixin.py:115} INFO - [2023-03-27 21:23:46,950] {dagbag.py:507} INFO - Filling up the DagBag from /Users/gabrielroger/Documents/projects/weather-data/.venv/lib/python3.9/site-packages/airflow/example_dags/example_task_group.py
[2023-03-27 21:23:46,959] {processor.py:651} INFO - DAG(s) dict_keys(['example_task_group']) retrieved from /Users/gabrielroger/Documents/projects/weather-data/.venv/lib/python3.9/site-packages/airflow/example_dags/example_task_group.py
[2023-03-27 21:23:46,989] {logging_mixin.py:115} INFO - [2023-03-27 21:23:46,989] {dag.py:2379} INFO - Sync 1 DAGs
[2023-03-27 21:23:46,996] {logging_mixin.py:115} INFO - [2023-03-27 21:23:46,996] {dag.py:2927} INFO - Setting next_dagrun for example_task_group to 2023-03-27T00:23:46.996258+00:00, run_after=2023-03-28T00:23:46.996258+00:00
[2023-03-27 21:23:47,001] {processor.py:161} INFO - Processing /Users/gabrielroger/Documents/projects/weather-data/.venv/lib/python3.9/site-packages/airflow/example_dags/example_task_group.py took 0.052 seconds
[2023-03-27 21:24:31,359] {processor.py:153} INFO - Started process (PID=7553) to work on /Users/gabrielroger/Documents/projects/weather-data/.venv/lib/python3.9/site-packages/airflow/example_dags/example_task_group.py
[2023-03-27 21:24:31,360] {processor.py:641} INFO - Processing file /Users/gabrielroger/Documents/projects/weather-data/.venv/lib/python3.9/site-packages/airflow/example_dags/example_task_group.py for tasks to queue
[2023-03-27 21:24:31,360] {logging_mixin.py:115} INFO - [2023-03-27 21:24:31,360] {dagbag.py:507} INFO - Filling up the DagBag from /Users/gabrielroger/Documents/projects/weather-data/.venv/lib/python3.9/site-packages/airflow/example_dags/example_task_group.py
[2023-03-27 21:24:31,367] {processor.py:651} INFO - DAG(s) dict_keys(['example_task_group']) retrieved from /Users/gabrielroger/Documents/projects/weather-data/.venv/lib/python3.9/site-packages/airflow/example_dags/example_task_group.py
[2023-03-27 21:24:31,397] {logging_mixin.py:115} INFO - [2023-03-27 21:24:31,397] {dag.py:2379} INFO - Sync 1 DAGs
[2023-03-27 21:24:31,404] {logging_mixin.py:115} INFO - [2023-03-27 21:24:31,404] {dag.py:2927} INFO - Setting next_dagrun for example_task_group to 2023-03-27T00:24:31.404569+00:00, run_after=2023-03-28T00:24:31.404569+00:00
[2023-03-27 21:24:31,410] {processor.py:161} INFO - Processing /Users/gabrielroger/Documents/projects/weather-data/.venv/lib/python3.9/site-packages/airflow/example_dags/example_task_group.py took 0.051 seconds
[2023-03-27 21:25:15,570] {processor.py:153} INFO - Started process (PID=7645) to work on /Users/gabrielroger/Documents/projects/weather-data/.venv/lib/python3.9/site-packages/airflow/example_dags/example_task_group.py
[2023-03-27 21:25:15,571] {processor.py:641} INFO - Processing file /Users/gabrielroger/Documents/projects/weather-data/.venv/lib/python3.9/site-packages/airflow/example_dags/example_task_group.py for tasks to queue
[2023-03-27 21:25:15,571] {logging_mixin.py:115} INFO - [2023-03-27 21:25:15,571] {dagbag.py:507} INFO - Filling up the DagBag from /Users/gabrielroger/Documents/projects/weather-data/.venv/lib/python3.9/site-packages/airflow/example_dags/example_task_group.py
[2023-03-27 21:25:15,578] {processor.py:651} INFO - DAG(s) dict_keys(['example_task_group']) retrieved from /Users/gabrielroger/Documents/projects/weather-data/.venv/lib/python3.9/site-packages/airflow/example_dags/example_task_group.py
[2023-03-27 21:25:15,609] {logging_mixin.py:115} INFO - [2023-03-27 21:25:15,608] {dag.py:2379} INFO - Sync 1 DAGs
[2023-03-27 21:25:15,615] {logging_mixin.py:115} INFO - [2023-03-27 21:25:15,615] {dag.py:2927} INFO - Setting next_dagrun for example_task_group to 2023-03-27T00:25:15.615633+00:00, run_after=2023-03-28T00:25:15.615633+00:00
[2023-03-27 21:25:15,621] {processor.py:161} INFO - Processing /Users/gabrielroger/Documents/projects/weather-data/.venv/lib/python3.9/site-packages/airflow/example_dags/example_task_group.py took 0.051 seconds
[2023-03-27 21:25:58,343] {processor.py:153} INFO - Started process (PID=7723) to work on /Users/gabrielroger/Documents/projects/weather-data/.venv/lib/python3.9/site-packages/airflow/example_dags/example_task_group.py
[2023-03-27 21:25:58,343] {processor.py:641} INFO - Processing file /Users/gabrielroger/Documents/projects/weather-data/.venv/lib/python3.9/site-packages/airflow/example_dags/example_task_group.py for tasks to queue
[2023-03-27 21:25:58,343] {logging_mixin.py:115} INFO - [2023-03-27 21:25:58,343] {dagbag.py:507} INFO - Filling up the DagBag from /Users/gabrielroger/Documents/projects/weather-data/.venv/lib/python3.9/site-packages/airflow/example_dags/example_task_group.py
[2023-03-27 21:25:58,351] {processor.py:651} INFO - DAG(s) dict_keys(['example_task_group']) retrieved from /Users/gabrielroger/Documents/projects/weather-data/.venv/lib/python3.9/site-packages/airflow/example_dags/example_task_group.py
[2023-03-27 21:25:58,381] {logging_mixin.py:115} INFO - [2023-03-27 21:25:58,381] {dag.py:2379} INFO - Sync 1 DAGs
[2023-03-27 21:25:58,388] {logging_mixin.py:115} INFO - [2023-03-27 21:25:58,387] {dag.py:2927} INFO - Setting next_dagrun for example_task_group to 2023-03-27T00:25:58.387890+00:00, run_after=2023-03-28T00:25:58.387890+00:00
[2023-03-27 21:25:58,393] {processor.py:161} INFO - Processing /Users/gabrielroger/Documents/projects/weather-data/.venv/lib/python3.9/site-packages/airflow/example_dags/example_task_group.py took 0.051 seconds
[2023-03-27 21:26:43,877] {processor.py:153} INFO - Started process (PID=7799) to work on /Users/gabrielroger/Documents/projects/weather-data/.venv/lib/python3.9/site-packages/airflow/example_dags/example_task_group.py
[2023-03-27 21:26:43,877] {processor.py:641} INFO - Processing file /Users/gabrielroger/Documents/projects/weather-data/.venv/lib/python3.9/site-packages/airflow/example_dags/example_task_group.py for tasks to queue
[2023-03-27 21:26:43,877] {logging_mixin.py:115} INFO - [2023-03-27 21:26:43,877] {dagbag.py:507} INFO - Filling up the DagBag from /Users/gabrielroger/Documents/projects/weather-data/.venv/lib/python3.9/site-packages/airflow/example_dags/example_task_group.py
[2023-03-27 21:26:43,884] {processor.py:651} INFO - DAG(s) dict_keys(['example_task_group']) retrieved from /Users/gabrielroger/Documents/projects/weather-data/.venv/lib/python3.9/site-packages/airflow/example_dags/example_task_group.py
[2023-03-27 21:26:43,914] {logging_mixin.py:115} INFO - [2023-03-27 21:26:43,914] {dag.py:2379} INFO - Sync 1 DAGs
[2023-03-27 21:26:43,921] {logging_mixin.py:115} INFO - [2023-03-27 21:26:43,921] {dag.py:2927} INFO - Setting next_dagrun for example_task_group to 2023-03-27T00:26:43.921288+00:00, run_after=2023-03-28T00:26:43.921288+00:00
[2023-03-27 21:26:43,927] {processor.py:161} INFO - Processing /Users/gabrielroger/Documents/projects/weather-data/.venv/lib/python3.9/site-packages/airflow/example_dags/example_task_group.py took 0.050 seconds
[2023-03-27 21:27:28,634] {processor.py:153} INFO - Started process (PID=7872) to work on /Users/gabrielroger/Documents/projects/weather-data/.venv/lib/python3.9/site-packages/airflow/example_dags/example_task_group.py
[2023-03-27 21:27:28,634] {processor.py:641} INFO - Processing file /Users/gabrielroger/Documents/projects/weather-data/.venv/lib/python3.9/site-packages/airflow/example_dags/example_task_group.py for tasks to queue
[2023-03-27 21:27:28,634] {logging_mixin.py:115} INFO - [2023-03-27 21:27:28,634] {dagbag.py:507} INFO - Filling up the DagBag from /Users/gabrielroger/Documents/projects/weather-data/.venv/lib/python3.9/site-packages/airflow/example_dags/example_task_group.py
[2023-03-27 21:27:28,641] {processor.py:651} INFO - DAG(s) dict_keys(['example_task_group']) retrieved from /Users/gabrielroger/Documents/projects/weather-data/.venv/lib/python3.9/site-packages/airflow/example_dags/example_task_group.py
[2023-03-27 21:27:28,671] {logging_mixin.py:115} INFO - [2023-03-27 21:27:28,671] {dag.py:2379} INFO - Sync 1 DAGs
[2023-03-27 21:27:28,678] {logging_mixin.py:115} INFO - [2023-03-27 21:27:28,678] {dag.py:2927} INFO - Setting next_dagrun for example_task_group to 2023-03-27T00:27:28.678272+00:00, run_after=2023-03-28T00:27:28.678272+00:00
[2023-03-27 21:27:28,683] {processor.py:161} INFO - Processing /Users/gabrielroger/Documents/projects/weather-data/.venv/lib/python3.9/site-packages/airflow/example_dags/example_task_group.py took 0.050 seconds
[2023-03-27 21:28:11,116] {processor.py:153} INFO - Started process (PID=7943) to work on /Users/gabrielroger/Documents/projects/weather-data/.venv/lib/python3.9/site-packages/airflow/example_dags/example_task_group.py
[2023-03-27 21:28:11,117] {processor.py:641} INFO - Processing file /Users/gabrielroger/Documents/projects/weather-data/.venv/lib/python3.9/site-packages/airflow/example_dags/example_task_group.py for tasks to queue
[2023-03-27 21:28:11,117] {logging_mixin.py:115} INFO - [2023-03-27 21:28:11,117] {dagbag.py:507} INFO - Filling up the DagBag from /Users/gabrielroger/Documents/projects/weather-data/.venv/lib/python3.9/site-packages/airflow/example_dags/example_task_group.py
[2023-03-27 21:28:11,124] {processor.py:651} INFO - DAG(s) dict_keys(['example_task_group']) retrieved from /Users/gabrielroger/Documents/projects/weather-data/.venv/lib/python3.9/site-packages/airflow/example_dags/example_task_group.py
[2023-03-27 21:28:11,154] {logging_mixin.py:115} INFO - [2023-03-27 21:28:11,154] {dag.py:2379} INFO - Sync 1 DAGs
[2023-03-27 21:28:11,161] {logging_mixin.py:115} INFO - [2023-03-27 21:28:11,161] {dag.py:2927} INFO - Setting next_dagrun for example_task_group to 2023-03-27T00:28:11.161120+00:00, run_after=2023-03-28T00:28:11.161120+00:00
[2023-03-27 21:28:11,167] {processor.py:161} INFO - Processing /Users/gabrielroger/Documents/projects/weather-data/.venv/lib/python3.9/site-packages/airflow/example_dags/example_task_group.py took 0.051 seconds
[2023-03-27 21:28:53,731] {processor.py:153} INFO - Started process (PID=8026) to work on /Users/gabrielroger/Documents/projects/weather-data/.venv/lib/python3.9/site-packages/airflow/example_dags/example_task_group.py
[2023-03-27 21:28:53,731] {processor.py:641} INFO - Processing file /Users/gabrielroger/Documents/projects/weather-data/.venv/lib/python3.9/site-packages/airflow/example_dags/example_task_group.py for tasks to queue
[2023-03-27 21:28:53,731] {logging_mixin.py:115} INFO - [2023-03-27 21:28:53,731] {dagbag.py:507} INFO - Filling up the DagBag from /Users/gabrielroger/Documents/projects/weather-data/.venv/lib/python3.9/site-packages/airflow/example_dags/example_task_group.py
[2023-03-27 21:28:53,739] {processor.py:651} INFO - DAG(s) dict_keys(['example_task_group']) retrieved from /Users/gabrielroger/Documents/projects/weather-data/.venv/lib/python3.9/site-packages/airflow/example_dags/example_task_group.py
[2023-03-27 21:28:53,769] {logging_mixin.py:115} INFO - [2023-03-27 21:28:53,769] {dag.py:2379} INFO - Sync 1 DAGs
[2023-03-27 21:28:53,776] {logging_mixin.py:115} INFO - [2023-03-27 21:28:53,776] {dag.py:2927} INFO - Setting next_dagrun for example_task_group to 2023-03-27T00:28:53.776336+00:00, run_after=2023-03-28T00:28:53.776336+00:00
[2023-03-27 21:28:53,782] {processor.py:161} INFO - Processing /Users/gabrielroger/Documents/projects/weather-data/.venv/lib/python3.9/site-packages/airflow/example_dags/example_task_group.py took 0.051 seconds
[2023-03-27 21:29:35,927] {processor.py:153} INFO - Started process (PID=8109) to work on /Users/gabrielroger/Documents/projects/weather-data/.venv/lib/python3.9/site-packages/airflow/example_dags/example_task_group.py
[2023-03-27 21:29:35,928] {processor.py:641} INFO - Processing file /Users/gabrielroger/Documents/projects/weather-data/.venv/lib/python3.9/site-packages/airflow/example_dags/example_task_group.py for tasks to queue
[2023-03-27 21:29:35,928] {logging_mixin.py:115} INFO - [2023-03-27 21:29:35,928] {dagbag.py:507} INFO - Filling up the DagBag from /Users/gabrielroger/Documents/projects/weather-data/.venv/lib/python3.9/site-packages/airflow/example_dags/example_task_group.py
[2023-03-27 21:29:35,935] {processor.py:651} INFO - DAG(s) dict_keys(['example_task_group']) retrieved from /Users/gabrielroger/Documents/projects/weather-data/.venv/lib/python3.9/site-packages/airflow/example_dags/example_task_group.py
[2023-03-27 21:29:35,966] {logging_mixin.py:115} INFO - [2023-03-27 21:29:35,966] {dag.py:2379} INFO - Sync 1 DAGs
[2023-03-27 21:29:35,972] {logging_mixin.py:115} INFO - [2023-03-27 21:29:35,972] {dag.py:2927} INFO - Setting next_dagrun for example_task_group to 2023-03-27T00:29:35.972690+00:00, run_after=2023-03-28T00:29:35.972690+00:00
[2023-03-27 21:29:35,978] {processor.py:161} INFO - Processing /Users/gabrielroger/Documents/projects/weather-data/.venv/lib/python3.9/site-packages/airflow/example_dags/example_task_group.py took 0.051 seconds
[2023-03-27 21:30:19,962] {processor.py:153} INFO - Started process (PID=8207) to work on /Users/gabrielroger/Documents/projects/weather-data/.venv/lib/python3.9/site-packages/airflow/example_dags/example_task_group.py
[2023-03-27 21:30:19,962] {processor.py:641} INFO - Processing file /Users/gabrielroger/Documents/projects/weather-data/.venv/lib/python3.9/site-packages/airflow/example_dags/example_task_group.py for tasks to queue
[2023-03-27 21:30:19,962] {logging_mixin.py:115} INFO - [2023-03-27 21:30:19,962] {dagbag.py:507} INFO - Filling up the DagBag from /Users/gabrielroger/Documents/projects/weather-data/.venv/lib/python3.9/site-packages/airflow/example_dags/example_task_group.py
[2023-03-27 21:30:19,969] {processor.py:651} INFO - DAG(s) dict_keys(['example_task_group']) retrieved from /Users/gabrielroger/Documents/projects/weather-data/.venv/lib/python3.9/site-packages/airflow/example_dags/example_task_group.py
[2023-03-27 21:30:20,000] {logging_mixin.py:115} INFO - [2023-03-27 21:30:20,000] {dag.py:2379} INFO - Sync 1 DAGs
[2023-03-27 21:30:20,007] {logging_mixin.py:115} INFO - [2023-03-27 21:30:20,007] {dag.py:2927} INFO - Setting next_dagrun for example_task_group to 2023-03-27T00:30:20.006980+00:00, run_after=2023-03-28T00:30:20.006980+00:00
[2023-03-27 21:30:20,012] {processor.py:161} INFO - Processing /Users/gabrielroger/Documents/projects/weather-data/.venv/lib/python3.9/site-packages/airflow/example_dags/example_task_group.py took 0.051 seconds
[2023-03-27 21:31:02,831] {processor.py:153} INFO - Started process (PID=8279) to work on /Users/gabrielroger/Documents/projects/weather-data/.venv/lib/python3.9/site-packages/airflow/example_dags/example_task_group.py
[2023-03-27 21:31:02,831] {processor.py:641} INFO - Processing file /Users/gabrielroger/Documents/projects/weather-data/.venv/lib/python3.9/site-packages/airflow/example_dags/example_task_group.py for tasks to queue
[2023-03-27 21:31:02,831] {logging_mixin.py:115} INFO - [2023-03-27 21:31:02,831] {dagbag.py:507} INFO - Filling up the DagBag from /Users/gabrielroger/Documents/projects/weather-data/.venv/lib/python3.9/site-packages/airflow/example_dags/example_task_group.py
[2023-03-27 21:31:02,838] {processor.py:651} INFO - DAG(s) dict_keys(['example_task_group']) retrieved from /Users/gabrielroger/Documents/projects/weather-data/.venv/lib/python3.9/site-packages/airflow/example_dags/example_task_group.py
[2023-03-27 21:31:02,868] {logging_mixin.py:115} INFO - [2023-03-27 21:31:02,868] {dag.py:2379} INFO - Sync 1 DAGs
[2023-03-27 21:31:02,875] {logging_mixin.py:115} INFO - [2023-03-27 21:31:02,875] {dag.py:2927} INFO - Setting next_dagrun for example_task_group to 2023-03-27T00:31:02.874967+00:00, run_after=2023-03-28T00:31:02.874967+00:00
[2023-03-27 21:31:02,881] {processor.py:161} INFO - Processing /Users/gabrielroger/Documents/projects/weather-data/.venv/lib/python3.9/site-packages/airflow/example_dags/example_task_group.py took 0.050 seconds
[2023-03-27 21:31:45,119] {processor.py:153} INFO - Started process (PID=8350) to work on /Users/gabrielroger/Documents/projects/weather-data/.venv/lib/python3.9/site-packages/airflow/example_dags/example_task_group.py
[2023-03-27 21:31:45,119] {processor.py:641} INFO - Processing file /Users/gabrielroger/Documents/projects/weather-data/.venv/lib/python3.9/site-packages/airflow/example_dags/example_task_group.py for tasks to queue
[2023-03-27 21:31:45,120] {logging_mixin.py:115} INFO - [2023-03-27 21:31:45,119] {dagbag.py:507} INFO - Filling up the DagBag from /Users/gabrielroger/Documents/projects/weather-data/.venv/lib/python3.9/site-packages/airflow/example_dags/example_task_group.py
[2023-03-27 21:31:45,127] {processor.py:651} INFO - DAG(s) dict_keys(['example_task_group']) retrieved from /Users/gabrielroger/Documents/projects/weather-data/.venv/lib/python3.9/site-packages/airflow/example_dags/example_task_group.py
[2023-03-27 21:31:45,157] {logging_mixin.py:115} INFO - [2023-03-27 21:31:45,157] {dag.py:2379} INFO - Sync 1 DAGs
[2023-03-27 21:31:45,163] {logging_mixin.py:115} INFO - [2023-03-27 21:31:45,163] {dag.py:2927} INFO - Setting next_dagrun for example_task_group to 2023-03-27T00:31:45.163744+00:00, run_after=2023-03-28T00:31:45.163744+00:00
[2023-03-27 21:31:45,169] {processor.py:161} INFO - Processing /Users/gabrielroger/Documents/projects/weather-data/.venv/lib/python3.9/site-packages/airflow/example_dags/example_task_group.py took 0.050 seconds
[2023-03-27 21:32:28,937] {processor.py:153} INFO - Started process (PID=8421) to work on /Users/gabrielroger/Documents/projects/weather-data/.venv/lib/python3.9/site-packages/airflow/example_dags/example_task_group.py
[2023-03-27 21:32:28,937] {processor.py:641} INFO - Processing file /Users/gabrielroger/Documents/projects/weather-data/.venv/lib/python3.9/site-packages/airflow/example_dags/example_task_group.py for tasks to queue
[2023-03-27 21:32:28,937] {logging_mixin.py:115} INFO - [2023-03-27 21:32:28,937] {dagbag.py:507} INFO - Filling up the DagBag from /Users/gabrielroger/Documents/projects/weather-data/.venv/lib/python3.9/site-packages/airflow/example_dags/example_task_group.py
[2023-03-27 21:32:28,944] {processor.py:651} INFO - DAG(s) dict_keys(['example_task_group']) retrieved from /Users/gabrielroger/Documents/projects/weather-data/.venv/lib/python3.9/site-packages/airflow/example_dags/example_task_group.py
[2023-03-27 21:32:28,974] {logging_mixin.py:115} INFO - [2023-03-27 21:32:28,974] {dag.py:2379} INFO - Sync 1 DAGs
[2023-03-27 21:32:28,981] {logging_mixin.py:115} INFO - [2023-03-27 21:32:28,981] {dag.py:2927} INFO - Setting next_dagrun for example_task_group to 2023-03-27T00:32:28.980993+00:00, run_after=2023-03-28T00:32:28.980993+00:00
[2023-03-27 21:32:28,987] {processor.py:161} INFO - Processing /Users/gabrielroger/Documents/projects/weather-data/.venv/lib/python3.9/site-packages/airflow/example_dags/example_task_group.py took 0.050 seconds
[2023-03-27 21:33:14,671] {processor.py:153} INFO - Started process (PID=8496) to work on /Users/gabrielroger/Documents/projects/weather-data/.venv/lib/python3.9/site-packages/airflow/example_dags/example_task_group.py
[2023-03-27 21:33:14,671] {processor.py:641} INFO - Processing file /Users/gabrielroger/Documents/projects/weather-data/.venv/lib/python3.9/site-packages/airflow/example_dags/example_task_group.py for tasks to queue
[2023-03-27 21:33:14,671] {logging_mixin.py:115} INFO - [2023-03-27 21:33:14,671] {dagbag.py:507} INFO - Filling up the DagBag from /Users/gabrielroger/Documents/projects/weather-data/.venv/lib/python3.9/site-packages/airflow/example_dags/example_task_group.py
[2023-03-27 21:33:14,678] {processor.py:651} INFO - DAG(s) dict_keys(['example_task_group']) retrieved from /Users/gabrielroger/Documents/projects/weather-data/.venv/lib/python3.9/site-packages/airflow/example_dags/example_task_group.py
[2023-03-27 21:33:14,708] {logging_mixin.py:115} INFO - [2023-03-27 21:33:14,708] {dag.py:2379} INFO - Sync 1 DAGs
[2023-03-27 21:33:14,715] {logging_mixin.py:115} INFO - [2023-03-27 21:33:14,715] {dag.py:2927} INFO - Setting next_dagrun for example_task_group to 2023-03-27T00:33:14.715257+00:00, run_after=2023-03-28T00:33:14.715257+00:00
[2023-03-27 21:33:14,721] {processor.py:161} INFO - Processing /Users/gabrielroger/Documents/projects/weather-data/.venv/lib/python3.9/site-packages/airflow/example_dags/example_task_group.py took 0.050 seconds
[2023-03-27 21:33:58,356] {processor.py:153} INFO - Started process (PID=8574) to work on /Users/gabrielroger/Documents/projects/weather-data/.venv/lib/python3.9/site-packages/airflow/example_dags/example_task_group.py
[2023-03-27 21:33:58,357] {processor.py:641} INFO - Processing file /Users/gabrielroger/Documents/projects/weather-data/.venv/lib/python3.9/site-packages/airflow/example_dags/example_task_group.py for tasks to queue
[2023-03-27 21:33:58,357] {logging_mixin.py:115} INFO - [2023-03-27 21:33:58,357] {dagbag.py:507} INFO - Filling up the DagBag from /Users/gabrielroger/Documents/projects/weather-data/.venv/lib/python3.9/site-packages/airflow/example_dags/example_task_group.py
[2023-03-27 21:33:58,364] {processor.py:651} INFO - DAG(s) dict_keys(['example_task_group']) retrieved from /Users/gabrielroger/Documents/projects/weather-data/.venv/lib/python3.9/site-packages/airflow/example_dags/example_task_group.py
[2023-03-27 21:33:58,394] {logging_mixin.py:115} INFO - [2023-03-27 21:33:58,394] {dag.py:2379} INFO - Sync 1 DAGs
[2023-03-27 21:33:58,400] {logging_mixin.py:115} INFO - [2023-03-27 21:33:58,400] {dag.py:2927} INFO - Setting next_dagrun for example_task_group to 2023-03-27T00:33:58.400825+00:00, run_after=2023-03-28T00:33:58.400825+00:00
[2023-03-27 21:33:58,406] {processor.py:161} INFO - Processing /Users/gabrielroger/Documents/projects/weather-data/.venv/lib/python3.9/site-packages/airflow/example_dags/example_task_group.py took 0.050 seconds
[2023-03-27 21:34:43,607] {processor.py:153} INFO - Started process (PID=8662) to work on /Users/gabrielroger/Documents/projects/weather-data/.venv/lib/python3.9/site-packages/airflow/example_dags/example_task_group.py
[2023-03-27 21:34:43,608] {processor.py:641} INFO - Processing file /Users/gabrielroger/Documents/projects/weather-data/.venv/lib/python3.9/site-packages/airflow/example_dags/example_task_group.py for tasks to queue
[2023-03-27 21:34:43,609] {logging_mixin.py:115} INFO - [2023-03-27 21:34:43,609] {dagbag.py:507} INFO - Filling up the DagBag from /Users/gabrielroger/Documents/projects/weather-data/.venv/lib/python3.9/site-packages/airflow/example_dags/example_task_group.py
[2023-03-27 21:34:43,616] {processor.py:651} INFO - DAG(s) dict_keys(['example_task_group']) retrieved from /Users/gabrielroger/Documents/projects/weather-data/.venv/lib/python3.9/site-packages/airflow/example_dags/example_task_group.py
[2023-03-27 21:34:43,645] {logging_mixin.py:115} INFO - [2023-03-27 21:34:43,645] {dag.py:2379} INFO - Sync 1 DAGs
[2023-03-27 21:34:43,652] {logging_mixin.py:115} INFO - [2023-03-27 21:34:43,652] {dag.py:2927} INFO - Setting next_dagrun for example_task_group to 2023-03-27T00:34:43.652459+00:00, run_after=2023-03-28T00:34:43.652459+00:00
[2023-03-27 21:34:43,658] {processor.py:161} INFO - Processing /Users/gabrielroger/Documents/projects/weather-data/.venv/lib/python3.9/site-packages/airflow/example_dags/example_task_group.py took 0.051 seconds
[2023-03-27 21:59:53,552] {processor.py:153} INFO - Started process (PID=8748) to work on /Users/gabrielroger/Documents/projects/weather-data/.venv/lib/python3.9/site-packages/airflow/example_dags/example_task_group.py
[2023-03-27 21:59:53,553] {processor.py:641} INFO - Processing file /Users/gabrielroger/Documents/projects/weather-data/.venv/lib/python3.9/site-packages/airflow/example_dags/example_task_group.py for tasks to queue
[2023-03-27 21:59:53,553] {logging_mixin.py:115} INFO - [2023-03-27 21:59:53,553] {dagbag.py:507} INFO - Filling up the DagBag from /Users/gabrielroger/Documents/projects/weather-data/.venv/lib/python3.9/site-packages/airflow/example_dags/example_task_group.py
[2023-03-27 21:59:53,560] {processor.py:651} INFO - DAG(s) dict_keys(['example_task_group']) retrieved from /Users/gabrielroger/Documents/projects/weather-data/.venv/lib/python3.9/site-packages/airflow/example_dags/example_task_group.py
[2023-03-27 21:59:53,591] {logging_mixin.py:115} INFO - [2023-03-27 21:59:53,591] {dag.py:2379} INFO - Sync 1 DAGs
[2023-03-27 21:59:53,597] {logging_mixin.py:115} INFO - [2023-03-27 21:59:53,597] {dag.py:2927} INFO - Setting next_dagrun for example_task_group to 2023-03-27T00:59:53.597583+00:00, run_after=2023-03-28T00:59:53.597583+00:00
[2023-03-27 21:59:53,603] {processor.py:161} INFO - Processing /Users/gabrielroger/Documents/projects/weather-data/.venv/lib/python3.9/site-packages/airflow/example_dags/example_task_group.py took 0.051 seconds
[2023-03-27 22:09:21,743] {processor.py:153} INFO - Started process (PID=8892) to work on /Users/gabrielroger/Documents/projects/weather-data/.venv/lib/python3.9/site-packages/airflow/example_dags/example_task_group.py
[2023-03-27 22:09:21,743] {processor.py:641} INFO - Processing file /Users/gabrielroger/Documents/projects/weather-data/.venv/lib/python3.9/site-packages/airflow/example_dags/example_task_group.py for tasks to queue
[2023-03-27 22:09:21,744] {logging_mixin.py:115} INFO - [2023-03-27 22:09:21,744] {dagbag.py:507} INFO - Filling up the DagBag from /Users/gabrielroger/Documents/projects/weather-data/.venv/lib/python3.9/site-packages/airflow/example_dags/example_task_group.py
[2023-03-27 22:09:21,751] {processor.py:651} INFO - DAG(s) dict_keys(['example_task_group']) retrieved from /Users/gabrielroger/Documents/projects/weather-data/.venv/lib/python3.9/site-packages/airflow/example_dags/example_task_group.py
[2023-03-27 22:09:21,781] {logging_mixin.py:115} INFO - [2023-03-27 22:09:21,781] {dag.py:2379} INFO - Sync 1 DAGs
[2023-03-27 22:09:21,788] {logging_mixin.py:115} INFO - [2023-03-27 22:09:21,788] {dag.py:2927} INFO - Setting next_dagrun for example_task_group to 2023-03-27T01:09:21.787962+00:00, run_after=2023-03-28T01:09:21.787962+00:00
[2023-03-27 22:09:21,793] {processor.py:161} INFO - Processing /Users/gabrielroger/Documents/projects/weather-data/.venv/lib/python3.9/site-packages/airflow/example_dags/example_task_group.py took 0.051 seconds
[2023-03-27 23:28:01,604] {processor.py:153} INFO - Started process (PID=9014) to work on /Users/gabrielroger/Documents/projects/weather-data/.venv/lib/python3.9/site-packages/airflow/example_dags/example_task_group.py
[2023-03-27 23:28:01,605] {processor.py:641} INFO - Processing file /Users/gabrielroger/Documents/projects/weather-data/.venv/lib/python3.9/site-packages/airflow/example_dags/example_task_group.py for tasks to queue
[2023-03-27 23:28:01,605] {logging_mixin.py:115} INFO - [2023-03-27 23:28:01,605] {dagbag.py:507} INFO - Filling up the DagBag from /Users/gabrielroger/Documents/projects/weather-data/.venv/lib/python3.9/site-packages/airflow/example_dags/example_task_group.py
[2023-03-27 23:28:01,612] {processor.py:651} INFO - DAG(s) dict_keys(['example_task_group']) retrieved from /Users/gabrielroger/Documents/projects/weather-data/.venv/lib/python3.9/site-packages/airflow/example_dags/example_task_group.py
[2023-03-27 23:28:01,644] {logging_mixin.py:115} INFO - [2023-03-27 23:28:01,644] {dag.py:2379} INFO - Sync 1 DAGs
[2023-03-27 23:28:01,651] {logging_mixin.py:115} INFO - [2023-03-27 23:28:01,651] {dag.py:2927} INFO - Setting next_dagrun for example_task_group to 2023-03-27T02:28:01.651554+00:00, run_after=2023-03-28T02:28:01.651554+00:00
[2023-03-27 23:28:01,658] {processor.py:161} INFO - Processing /Users/gabrielroger/Documents/projects/weather-data/.venv/lib/python3.9/site-packages/airflow/example_dags/example_task_group.py took 0.054 seconds
