[2023-03-27 21:09:51,790] {processor.py:153} INFO - Started process (PID=6060) to work on /Users/gabrielroger/Documents/projects/weather-data/.venv/lib/python3.9/site-packages/airflow/example_dags/example_time_delta_sensor_async.py
[2023-03-27 21:09:51,790] {processor.py:641} INFO - Processing file /Users/gabrielroger/Documents/projects/weather-data/.venv/lib/python3.9/site-packages/airflow/example_dags/example_time_delta_sensor_async.py for tasks to queue
[2023-03-27 21:09:51,790] {logging_mixin.py:115} INFO - [2023-03-27 21:09:51,790] {dagbag.py:507} INFO - Filling up the DagBag from /Users/gabrielroger/Documents/projects/weather-data/.venv/lib/python3.9/site-packages/airflow/example_dags/example_time_delta_sensor_async.py
[2023-03-27 21:09:51,797] {processor.py:651} INFO - DAG(s) dict_keys(['example_time_delta_sensor_async']) retrieved from /Users/gabrielroger/Documents/projects/weather-data/.venv/lib/python3.9/site-packages/airflow/example_dags/example_time_delta_sensor_async.py
[2023-03-27 21:09:51,832] {logging_mixin.py:115} INFO - [2023-03-27 21:09:51,832] {dag.py:2379} INFO - Sync 1 DAGs
[2023-03-27 21:09:51,840] {logging_mixin.py:115} INFO - [2023-03-27 21:09:51,839] {dag.py:2927} INFO - Setting next_dagrun for example_time_delta_sensor_async to None, run_after=None
[2023-03-27 21:09:51,846] {processor.py:161} INFO - Processing /Users/gabrielroger/Documents/projects/weather-data/.venv/lib/python3.9/site-packages/airflow/example_dags/example_time_delta_sensor_async.py took 0.056 seconds
[2023-03-27 21:10:43,993] {processor.py:153} INFO - Started process (PID=6151) to work on /Users/gabrielroger/Documents/projects/weather-data/.venv/lib/python3.9/site-packages/airflow/example_dags/example_time_delta_sensor_async.py
[2023-03-27 21:10:43,994] {processor.py:641} INFO - Processing file /Users/gabrielroger/Documents/projects/weather-data/.venv/lib/python3.9/site-packages/airflow/example_dags/example_time_delta_sensor_async.py for tasks to queue
[2023-03-27 21:10:43,994] {logging_mixin.py:115} INFO - [2023-03-27 21:10:43,994] {dagbag.py:507} INFO - Filling up the DagBag from /Users/gabrielroger/Documents/projects/weather-data/.venv/lib/python3.9/site-packages/airflow/example_dags/example_time_delta_sensor_async.py
[2023-03-27 21:10:44,001] {processor.py:651} INFO - DAG(s) dict_keys(['example_time_delta_sensor_async']) retrieved from /Users/gabrielroger/Documents/projects/weather-data/.venv/lib/python3.9/site-packages/airflow/example_dags/example_time_delta_sensor_async.py
[2023-03-27 21:10:44,041] {logging_mixin.py:115} INFO - [2023-03-27 21:10:44,041] {dag.py:2379} INFO - Sync 1 DAGs
[2023-03-27 21:10:44,048] {logging_mixin.py:115} INFO - [2023-03-27 21:10:44,048] {dag.py:2927} INFO - Setting next_dagrun for example_time_delta_sensor_async to None, run_after=None
[2023-03-27 21:10:44,053] {processor.py:161} INFO - Processing /Users/gabrielroger/Documents/projects/weather-data/.venv/lib/python3.9/site-packages/airflow/example_dags/example_time_delta_sensor_async.py took 0.061 seconds
[2023-03-27 21:11:34,895] {processor.py:153} INFO - Started process (PID=6241) to work on /Users/gabrielroger/Documents/projects/weather-data/.venv/lib/python3.9/site-packages/airflow/example_dags/example_time_delta_sensor_async.py
[2023-03-27 21:11:34,896] {processor.py:641} INFO - Processing file /Users/gabrielroger/Documents/projects/weather-data/.venv/lib/python3.9/site-packages/airflow/example_dags/example_time_delta_sensor_async.py for tasks to queue
[2023-03-27 21:11:34,896] {logging_mixin.py:115} INFO - [2023-03-27 21:11:34,896] {dagbag.py:507} INFO - Filling up the DagBag from /Users/gabrielroger/Documents/projects/weather-data/.venv/lib/python3.9/site-packages/airflow/example_dags/example_time_delta_sensor_async.py
[2023-03-27 21:11:34,903] {processor.py:651} INFO - DAG(s) dict_keys(['example_time_delta_sensor_async']) retrieved from /Users/gabrielroger/Documents/projects/weather-data/.venv/lib/python3.9/site-packages/airflow/example_dags/example_time_delta_sensor_async.py
[2023-03-27 21:11:34,942] {logging_mixin.py:115} INFO - [2023-03-27 21:11:34,942] {dag.py:2379} INFO - Sync 1 DAGs
[2023-03-27 21:11:34,949] {logging_mixin.py:115} INFO - [2023-03-27 21:11:34,949] {dag.py:2927} INFO - Setting next_dagrun for example_time_delta_sensor_async to None, run_after=None
[2023-03-27 21:11:34,954] {processor.py:161} INFO - Processing /Users/gabrielroger/Documents/projects/weather-data/.venv/lib/python3.9/site-packages/airflow/example_dags/example_time_delta_sensor_async.py took 0.060 seconds
[2023-03-27 21:12:21,532] {processor.py:153} INFO - Started process (PID=6316) to work on /Users/gabrielroger/Documents/projects/weather-data/.venv/lib/python3.9/site-packages/airflow/example_dags/example_time_delta_sensor_async.py
[2023-03-27 21:12:21,532] {processor.py:641} INFO - Processing file /Users/gabrielroger/Documents/projects/weather-data/.venv/lib/python3.9/site-packages/airflow/example_dags/example_time_delta_sensor_async.py for tasks to queue
[2023-03-27 21:12:21,532] {logging_mixin.py:115} INFO - [2023-03-27 21:12:21,532] {dagbag.py:507} INFO - Filling up the DagBag from /Users/gabrielroger/Documents/projects/weather-data/.venv/lib/python3.9/site-packages/airflow/example_dags/example_time_delta_sensor_async.py
[2023-03-27 21:12:21,539] {processor.py:651} INFO - DAG(s) dict_keys(['example_time_delta_sensor_async']) retrieved from /Users/gabrielroger/Documents/projects/weather-data/.venv/lib/python3.9/site-packages/airflow/example_dags/example_time_delta_sensor_async.py
[2023-03-27 21:12:21,576] {logging_mixin.py:115} INFO - [2023-03-27 21:12:21,576] {dag.py:2379} INFO - Sync 1 DAGs
[2023-03-27 21:12:21,583] {logging_mixin.py:115} INFO - [2023-03-27 21:12:21,583] {dag.py:2927} INFO - Setting next_dagrun for example_time_delta_sensor_async to None, run_after=None
[2023-03-27 21:12:21,589] {processor.py:161} INFO - Processing /Users/gabrielroger/Documents/projects/weather-data/.venv/lib/python3.9/site-packages/airflow/example_dags/example_time_delta_sensor_async.py took 0.057 seconds
[2023-03-27 21:13:09,476] {processor.py:153} INFO - Started process (PID=6394) to work on /Users/gabrielroger/Documents/projects/weather-data/.venv/lib/python3.9/site-packages/airflow/example_dags/example_time_delta_sensor_async.py
[2023-03-27 21:13:09,476] {processor.py:641} INFO - Processing file /Users/gabrielroger/Documents/projects/weather-data/.venv/lib/python3.9/site-packages/airflow/example_dags/example_time_delta_sensor_async.py for tasks to queue
[2023-03-27 21:13:09,476] {logging_mixin.py:115} INFO - [2023-03-27 21:13:09,476] {dagbag.py:507} INFO - Filling up the DagBag from /Users/gabrielroger/Documents/projects/weather-data/.venv/lib/python3.9/site-packages/airflow/example_dags/example_time_delta_sensor_async.py
[2023-03-27 21:13:09,483] {processor.py:651} INFO - DAG(s) dict_keys(['example_time_delta_sensor_async']) retrieved from /Users/gabrielroger/Documents/projects/weather-data/.venv/lib/python3.9/site-packages/airflow/example_dags/example_time_delta_sensor_async.py
[2023-03-27 21:13:09,515] {logging_mixin.py:115} INFO - [2023-03-27 21:13:09,515] {dag.py:2379} INFO - Sync 1 DAGs
[2023-03-27 21:13:09,522] {logging_mixin.py:115} INFO - [2023-03-27 21:13:09,522] {dag.py:2927} INFO - Setting next_dagrun for example_time_delta_sensor_async to None, run_after=None
[2023-03-27 21:13:09,527] {processor.py:161} INFO - Processing /Users/gabrielroger/Documents/projects/weather-data/.venv/lib/python3.9/site-packages/airflow/example_dags/example_time_delta_sensor_async.py took 0.052 seconds
[2023-03-27 21:13:53,140] {processor.py:153} INFO - Started process (PID=6471) to work on /Users/gabrielroger/Documents/projects/weather-data/.venv/lib/python3.9/site-packages/airflow/example_dags/example_time_delta_sensor_async.py
[2023-03-27 21:13:53,141] {processor.py:641} INFO - Processing file /Users/gabrielroger/Documents/projects/weather-data/.venv/lib/python3.9/site-packages/airflow/example_dags/example_time_delta_sensor_async.py for tasks to queue
[2023-03-27 21:13:53,141] {logging_mixin.py:115} INFO - [2023-03-27 21:13:53,141] {dagbag.py:507} INFO - Filling up the DagBag from /Users/gabrielroger/Documents/projects/weather-data/.venv/lib/python3.9/site-packages/airflow/example_dags/example_time_delta_sensor_async.py
[2023-03-27 21:13:53,148] {processor.py:651} INFO - DAG(s) dict_keys(['example_time_delta_sensor_async']) retrieved from /Users/gabrielroger/Documents/projects/weather-data/.venv/lib/python3.9/site-packages/airflow/example_dags/example_time_delta_sensor_async.py
[2023-03-27 21:13:53,185] {logging_mixin.py:115} INFO - [2023-03-27 21:13:53,185] {dag.py:2379} INFO - Sync 1 DAGs
[2023-03-27 21:13:53,192] {logging_mixin.py:115} INFO - [2023-03-27 21:13:53,191] {dag.py:2927} INFO - Setting next_dagrun for example_time_delta_sensor_async to None, run_after=None
[2023-03-27 21:13:53,197] {processor.py:161} INFO - Processing /Users/gabrielroger/Documents/projects/weather-data/.venv/lib/python3.9/site-packages/airflow/example_dags/example_time_delta_sensor_async.py took 0.057 seconds
[2023-03-27 21:14:35,602] {processor.py:153} INFO - Started process (PID=6542) to work on /Users/gabrielroger/Documents/projects/weather-data/.venv/lib/python3.9/site-packages/airflow/example_dags/example_time_delta_sensor_async.py
[2023-03-27 21:14:35,603] {processor.py:641} INFO - Processing file /Users/gabrielroger/Documents/projects/weather-data/.venv/lib/python3.9/site-packages/airflow/example_dags/example_time_delta_sensor_async.py for tasks to queue
[2023-03-27 21:14:35,603] {logging_mixin.py:115} INFO - [2023-03-27 21:14:35,603] {dagbag.py:507} INFO - Filling up the DagBag from /Users/gabrielroger/Documents/projects/weather-data/.venv/lib/python3.9/site-packages/airflow/example_dags/example_time_delta_sensor_async.py
[2023-03-27 21:14:35,610] {processor.py:651} INFO - DAG(s) dict_keys(['example_time_delta_sensor_async']) retrieved from /Users/gabrielroger/Documents/projects/weather-data/.venv/lib/python3.9/site-packages/airflow/example_dags/example_time_delta_sensor_async.py
[2023-03-27 21:14:35,648] {logging_mixin.py:115} INFO - [2023-03-27 21:14:35,648] {dag.py:2379} INFO - Sync 1 DAGs
[2023-03-27 21:14:35,655] {logging_mixin.py:115} INFO - [2023-03-27 21:14:35,655] {dag.py:2927} INFO - Setting next_dagrun for example_time_delta_sensor_async to None, run_after=None
[2023-03-27 21:14:35,660] {processor.py:161} INFO - Processing /Users/gabrielroger/Documents/projects/weather-data/.venv/lib/python3.9/site-packages/airflow/example_dags/example_time_delta_sensor_async.py took 0.058 seconds
[2023-03-27 21:15:20,159] {processor.py:153} INFO - Started process (PID=6617) to work on /Users/gabrielroger/Documents/projects/weather-data/.venv/lib/python3.9/site-packages/airflow/example_dags/example_time_delta_sensor_async.py
[2023-03-27 21:15:20,159] {processor.py:641} INFO - Processing file /Users/gabrielroger/Documents/projects/weather-data/.venv/lib/python3.9/site-packages/airflow/example_dags/example_time_delta_sensor_async.py for tasks to queue
[2023-03-27 21:15:20,159] {logging_mixin.py:115} INFO - [2023-03-27 21:15:20,159] {dagbag.py:507} INFO - Filling up the DagBag from /Users/gabrielroger/Documents/projects/weather-data/.venv/lib/python3.9/site-packages/airflow/example_dags/example_time_delta_sensor_async.py
[2023-03-27 21:15:20,166] {processor.py:651} INFO - DAG(s) dict_keys(['example_time_delta_sensor_async']) retrieved from /Users/gabrielroger/Documents/projects/weather-data/.venv/lib/python3.9/site-packages/airflow/example_dags/example_time_delta_sensor_async.py
[2023-03-27 21:15:20,199] {logging_mixin.py:115} INFO - [2023-03-27 21:15:20,199] {dag.py:2379} INFO - Sync 1 DAGs
[2023-03-27 21:15:20,206] {logging_mixin.py:115} INFO - [2023-03-27 21:15:20,206] {dag.py:2927} INFO - Setting next_dagrun for example_time_delta_sensor_async to None, run_after=None
[2023-03-27 21:15:20,211] {processor.py:161} INFO - Processing /Users/gabrielroger/Documents/projects/weather-data/.venv/lib/python3.9/site-packages/airflow/example_dags/example_time_delta_sensor_async.py took 0.053 seconds
[2023-03-27 21:16:05,626] {processor.py:153} INFO - Started process (PID=6691) to work on /Users/gabrielroger/Documents/projects/weather-data/.venv/lib/python3.9/site-packages/airflow/example_dags/example_time_delta_sensor_async.py
[2023-03-27 21:16:05,626] {processor.py:641} INFO - Processing file /Users/gabrielroger/Documents/projects/weather-data/.venv/lib/python3.9/site-packages/airflow/example_dags/example_time_delta_sensor_async.py for tasks to queue
[2023-03-27 21:16:05,627] {logging_mixin.py:115} INFO - [2023-03-27 21:16:05,627] {dagbag.py:507} INFO - Filling up the DagBag from /Users/gabrielroger/Documents/projects/weather-data/.venv/lib/python3.9/site-packages/airflow/example_dags/example_time_delta_sensor_async.py
[2023-03-27 21:16:05,633] {processor.py:651} INFO - DAG(s) dict_keys(['example_time_delta_sensor_async']) retrieved from /Users/gabrielroger/Documents/projects/weather-data/.venv/lib/python3.9/site-packages/airflow/example_dags/example_time_delta_sensor_async.py
[2023-03-27 21:16:05,670] {logging_mixin.py:115} INFO - [2023-03-27 21:16:05,670] {dag.py:2379} INFO - Sync 1 DAGs
[2023-03-27 21:16:05,676] {logging_mixin.py:115} INFO - [2023-03-27 21:16:05,676] {dag.py:2927} INFO - Setting next_dagrun for example_time_delta_sensor_async to None, run_after=None
[2023-03-27 21:16:05,682] {processor.py:161} INFO - Processing /Users/gabrielroger/Documents/projects/weather-data/.venv/lib/python3.9/site-packages/airflow/example_dags/example_time_delta_sensor_async.py took 0.056 seconds
[2023-03-27 21:16:50,348] {processor.py:153} INFO - Started process (PID=6765) to work on /Users/gabrielroger/Documents/projects/weather-data/.venv/lib/python3.9/site-packages/airflow/example_dags/example_time_delta_sensor_async.py
[2023-03-27 21:16:50,348] {processor.py:641} INFO - Processing file /Users/gabrielroger/Documents/projects/weather-data/.venv/lib/python3.9/site-packages/airflow/example_dags/example_time_delta_sensor_async.py for tasks to queue
[2023-03-27 21:16:50,349] {logging_mixin.py:115} INFO - [2023-03-27 21:16:50,349] {dagbag.py:507} INFO - Filling up the DagBag from /Users/gabrielroger/Documents/projects/weather-data/.venv/lib/python3.9/site-packages/airflow/example_dags/example_time_delta_sensor_async.py
[2023-03-27 21:16:50,355] {processor.py:651} INFO - DAG(s) dict_keys(['example_time_delta_sensor_async']) retrieved from /Users/gabrielroger/Documents/projects/weather-data/.venv/lib/python3.9/site-packages/airflow/example_dags/example_time_delta_sensor_async.py
[2023-03-27 21:16:50,387] {logging_mixin.py:115} INFO - [2023-03-27 21:16:50,387] {dag.py:2379} INFO - Sync 1 DAGs
[2023-03-27 21:16:50,394] {logging_mixin.py:115} INFO - [2023-03-27 21:16:50,394] {dag.py:2927} INFO - Setting next_dagrun for example_time_delta_sensor_async to None, run_after=None
[2023-03-27 21:16:50,399] {processor.py:161} INFO - Processing /Users/gabrielroger/Documents/projects/weather-data/.venv/lib/python3.9/site-packages/airflow/example_dags/example_time_delta_sensor_async.py took 0.051 seconds
[2023-03-27 21:17:32,062] {processor.py:153} INFO - Started process (PID=6833) to work on /Users/gabrielroger/Documents/projects/weather-data/.venv/lib/python3.9/site-packages/airflow/example_dags/example_time_delta_sensor_async.py
[2023-03-27 21:17:32,062] {processor.py:641} INFO - Processing file /Users/gabrielroger/Documents/projects/weather-data/.venv/lib/python3.9/site-packages/airflow/example_dags/example_time_delta_sensor_async.py for tasks to queue
[2023-03-27 21:17:32,063] {logging_mixin.py:115} INFO - [2023-03-27 21:17:32,063] {dagbag.py:507} INFO - Filling up the DagBag from /Users/gabrielroger/Documents/projects/weather-data/.venv/lib/python3.9/site-packages/airflow/example_dags/example_time_delta_sensor_async.py
[2023-03-27 21:17:32,069] {processor.py:651} INFO - DAG(s) dict_keys(['example_time_delta_sensor_async']) retrieved from /Users/gabrielroger/Documents/projects/weather-data/.venv/lib/python3.9/site-packages/airflow/example_dags/example_time_delta_sensor_async.py
[2023-03-27 21:17:32,101] {logging_mixin.py:115} INFO - [2023-03-27 21:17:32,101] {dag.py:2379} INFO - Sync 1 DAGs
[2023-03-27 21:17:32,108] {logging_mixin.py:115} INFO - [2023-03-27 21:17:32,108] {dag.py:2927} INFO - Setting next_dagrun for example_time_delta_sensor_async to None, run_after=None
[2023-03-27 21:17:32,114] {processor.py:161} INFO - Processing /Users/gabrielroger/Documents/projects/weather-data/.venv/lib/python3.9/site-packages/airflow/example_dags/example_time_delta_sensor_async.py took 0.052 seconds
[2023-03-27 21:18:13,744] {processor.py:153} INFO - Started process (PID=6904) to work on /Users/gabrielroger/Documents/projects/weather-data/.venv/lib/python3.9/site-packages/airflow/example_dags/example_time_delta_sensor_async.py
[2023-03-27 21:18:13,744] {processor.py:641} INFO - Processing file /Users/gabrielroger/Documents/projects/weather-data/.venv/lib/python3.9/site-packages/airflow/example_dags/example_time_delta_sensor_async.py for tasks to queue
[2023-03-27 21:18:13,745] {logging_mixin.py:115} INFO - [2023-03-27 21:18:13,744] {dagbag.py:507} INFO - Filling up the DagBag from /Users/gabrielroger/Documents/projects/weather-data/.venv/lib/python3.9/site-packages/airflow/example_dags/example_time_delta_sensor_async.py
[2023-03-27 21:18:13,752] {processor.py:651} INFO - DAG(s) dict_keys(['example_time_delta_sensor_async']) retrieved from /Users/gabrielroger/Documents/projects/weather-data/.venv/lib/python3.9/site-packages/airflow/example_dags/example_time_delta_sensor_async.py
[2023-03-27 21:18:13,789] {logging_mixin.py:115} INFO - [2023-03-27 21:18:13,788] {dag.py:2379} INFO - Sync 1 DAGs
[2023-03-27 21:18:13,795] {logging_mixin.py:115} INFO - [2023-03-27 21:18:13,795] {dag.py:2927} INFO - Setting next_dagrun for example_time_delta_sensor_async to None, run_after=None
[2023-03-27 21:18:13,801] {processor.py:161} INFO - Processing /Users/gabrielroger/Documents/projects/weather-data/.venv/lib/python3.9/site-packages/airflow/example_dags/example_time_delta_sensor_async.py took 0.057 seconds
[2023-03-27 21:18:57,649] {processor.py:153} INFO - Started process (PID=6980) to work on /Users/gabrielroger/Documents/projects/weather-data/.venv/lib/python3.9/site-packages/airflow/example_dags/example_time_delta_sensor_async.py
[2023-03-27 21:18:57,650] {processor.py:641} INFO - Processing file /Users/gabrielroger/Documents/projects/weather-data/.venv/lib/python3.9/site-packages/airflow/example_dags/example_time_delta_sensor_async.py for tasks to queue
[2023-03-27 21:18:57,650] {logging_mixin.py:115} INFO - [2023-03-27 21:18:57,650] {dagbag.py:507} INFO - Filling up the DagBag from /Users/gabrielroger/Documents/projects/weather-data/.venv/lib/python3.9/site-packages/airflow/example_dags/example_time_delta_sensor_async.py
[2023-03-27 21:18:57,657] {processor.py:651} INFO - DAG(s) dict_keys(['example_time_delta_sensor_async']) retrieved from /Users/gabrielroger/Documents/projects/weather-data/.venv/lib/python3.9/site-packages/airflow/example_dags/example_time_delta_sensor_async.py
[2023-03-27 21:18:57,689] {logging_mixin.py:115} INFO - [2023-03-27 21:18:57,689] {dag.py:2379} INFO - Sync 1 DAGs
[2023-03-27 21:18:57,696] {logging_mixin.py:115} INFO - [2023-03-27 21:18:57,696] {dag.py:2927} INFO - Setting next_dagrun for example_time_delta_sensor_async to None, run_after=None
[2023-03-27 21:18:57,701] {processor.py:161} INFO - Processing /Users/gabrielroger/Documents/projects/weather-data/.venv/lib/python3.9/site-packages/airflow/example_dags/example_time_delta_sensor_async.py took 0.052 seconds
[2023-03-27 21:19:41,553] {processor.py:153} INFO - Started process (PID=7056) to work on /Users/gabrielroger/Documents/projects/weather-data/.venv/lib/python3.9/site-packages/airflow/example_dags/example_time_delta_sensor_async.py
[2023-03-27 21:19:41,553] {processor.py:641} INFO - Processing file /Users/gabrielroger/Documents/projects/weather-data/.venv/lib/python3.9/site-packages/airflow/example_dags/example_time_delta_sensor_async.py for tasks to queue
[2023-03-27 21:19:41,553] {logging_mixin.py:115} INFO - [2023-03-27 21:19:41,553] {dagbag.py:507} INFO - Filling up the DagBag from /Users/gabrielroger/Documents/projects/weather-data/.venv/lib/python3.9/site-packages/airflow/example_dags/example_time_delta_sensor_async.py
[2023-03-27 21:19:41,559] {processor.py:651} INFO - DAG(s) dict_keys(['example_time_delta_sensor_async']) retrieved from /Users/gabrielroger/Documents/projects/weather-data/.venv/lib/python3.9/site-packages/airflow/example_dags/example_time_delta_sensor_async.py
[2023-03-27 21:19:41,592] {logging_mixin.py:115} INFO - [2023-03-27 21:19:41,592] {dag.py:2379} INFO - Sync 1 DAGs
[2023-03-27 21:19:41,598] {logging_mixin.py:115} INFO - [2023-03-27 21:19:41,598] {dag.py:2927} INFO - Setting next_dagrun for example_time_delta_sensor_async to None, run_after=None
[2023-03-27 21:19:41,604] {processor.py:161} INFO - Processing /Users/gabrielroger/Documents/projects/weather-data/.venv/lib/python3.9/site-packages/airflow/example_dags/example_time_delta_sensor_async.py took 0.052 seconds
[2023-03-27 21:20:26,396] {processor.py:153} INFO - Started process (PID=7128) to work on /Users/gabrielroger/Documents/projects/weather-data/.venv/lib/python3.9/site-packages/airflow/example_dags/example_time_delta_sensor_async.py
[2023-03-27 21:20:26,396] {processor.py:641} INFO - Processing file /Users/gabrielroger/Documents/projects/weather-data/.venv/lib/python3.9/site-packages/airflow/example_dags/example_time_delta_sensor_async.py for tasks to queue
[2023-03-27 21:20:26,397] {logging_mixin.py:115} INFO - [2023-03-27 21:20:26,397] {dagbag.py:507} INFO - Filling up the DagBag from /Users/gabrielroger/Documents/projects/weather-data/.venv/lib/python3.9/site-packages/airflow/example_dags/example_time_delta_sensor_async.py
[2023-03-27 21:20:26,403] {processor.py:651} INFO - DAG(s) dict_keys(['example_time_delta_sensor_async']) retrieved from /Users/gabrielroger/Documents/projects/weather-data/.venv/lib/python3.9/site-packages/airflow/example_dags/example_time_delta_sensor_async.py
[2023-03-27 21:20:26,435] {logging_mixin.py:115} INFO - [2023-03-27 21:20:26,435] {dag.py:2379} INFO - Sync 1 DAGs
[2023-03-27 21:20:26,441] {logging_mixin.py:115} INFO - [2023-03-27 21:20:26,441] {dag.py:2927} INFO - Setting next_dagrun for example_time_delta_sensor_async to None, run_after=None
[2023-03-27 21:20:26,447] {processor.py:161} INFO - Processing /Users/gabrielroger/Documents/projects/weather-data/.venv/lib/python3.9/site-packages/airflow/example_dags/example_time_delta_sensor_async.py took 0.051 seconds
[2023-03-27 21:21:11,809] {processor.py:153} INFO - Started process (PID=7202) to work on /Users/gabrielroger/Documents/projects/weather-data/.venv/lib/python3.9/site-packages/airflow/example_dags/example_time_delta_sensor_async.py
[2023-03-27 21:21:11,810] {processor.py:641} INFO - Processing file /Users/gabrielroger/Documents/projects/weather-data/.venv/lib/python3.9/site-packages/airflow/example_dags/example_time_delta_sensor_async.py for tasks to queue
[2023-03-27 21:21:11,810] {logging_mixin.py:115} INFO - [2023-03-27 21:21:11,810] {dagbag.py:507} INFO - Filling up the DagBag from /Users/gabrielroger/Documents/projects/weather-data/.venv/lib/python3.9/site-packages/airflow/example_dags/example_time_delta_sensor_async.py
[2023-03-27 21:21:11,816] {processor.py:651} INFO - DAG(s) dict_keys(['example_time_delta_sensor_async']) retrieved from /Users/gabrielroger/Documents/projects/weather-data/.venv/lib/python3.9/site-packages/airflow/example_dags/example_time_delta_sensor_async.py
[2023-03-27 21:21:11,848] {logging_mixin.py:115} INFO - [2023-03-27 21:21:11,848] {dag.py:2379} INFO - Sync 1 DAGs
[2023-03-27 21:21:11,855] {logging_mixin.py:115} INFO - [2023-03-27 21:21:11,855] {dag.py:2927} INFO - Setting next_dagrun for example_time_delta_sensor_async to None, run_after=None
[2023-03-27 21:21:11,860] {processor.py:161} INFO - Processing /Users/gabrielroger/Documents/projects/weather-data/.venv/lib/python3.9/site-packages/airflow/example_dags/example_time_delta_sensor_async.py took 0.051 seconds
[2023-03-27 21:21:56,493] {processor.py:153} INFO - Started process (PID=7276) to work on /Users/gabrielroger/Documents/projects/weather-data/.venv/lib/python3.9/site-packages/airflow/example_dags/example_time_delta_sensor_async.py
[2023-03-27 21:21:56,493] {processor.py:641} INFO - Processing file /Users/gabrielroger/Documents/projects/weather-data/.venv/lib/python3.9/site-packages/airflow/example_dags/example_time_delta_sensor_async.py for tasks to queue
[2023-03-27 21:21:56,493] {logging_mixin.py:115} INFO - [2023-03-27 21:21:56,493] {dagbag.py:507} INFO - Filling up the DagBag from /Users/gabrielroger/Documents/projects/weather-data/.venv/lib/python3.9/site-packages/airflow/example_dags/example_time_delta_sensor_async.py
[2023-03-27 21:21:56,500] {processor.py:651} INFO - DAG(s) dict_keys(['example_time_delta_sensor_async']) retrieved from /Users/gabrielroger/Documents/projects/weather-data/.venv/lib/python3.9/site-packages/airflow/example_dags/example_time_delta_sensor_async.py
[2023-03-27 21:21:56,532] {logging_mixin.py:115} INFO - [2023-03-27 21:21:56,532] {dag.py:2379} INFO - Sync 1 DAGs
[2023-03-27 21:21:56,538] {logging_mixin.py:115} INFO - [2023-03-27 21:21:56,538] {dag.py:2927} INFO - Setting next_dagrun for example_time_delta_sensor_async to None, run_after=None
[2023-03-27 21:21:56,544] {processor.py:161} INFO - Processing /Users/gabrielroger/Documents/projects/weather-data/.venv/lib/python3.9/site-packages/airflow/example_dags/example_time_delta_sensor_async.py took 0.051 seconds
[2023-03-27 21:22:42,966] {processor.py:153} INFO - Started process (PID=7352) to work on /Users/gabrielroger/Documents/projects/weather-data/.venv/lib/python3.9/site-packages/airflow/example_dags/example_time_delta_sensor_async.py
[2023-03-27 21:22:42,966] {processor.py:641} INFO - Processing file /Users/gabrielroger/Documents/projects/weather-data/.venv/lib/python3.9/site-packages/airflow/example_dags/example_time_delta_sensor_async.py for tasks to queue
[2023-03-27 21:22:42,966] {logging_mixin.py:115} INFO - [2023-03-27 21:22:42,966] {dagbag.py:507} INFO - Filling up the DagBag from /Users/gabrielroger/Documents/projects/weather-data/.venv/lib/python3.9/site-packages/airflow/example_dags/example_time_delta_sensor_async.py
[2023-03-27 21:22:42,972] {processor.py:651} INFO - DAG(s) dict_keys(['example_time_delta_sensor_async']) retrieved from /Users/gabrielroger/Documents/projects/weather-data/.venv/lib/python3.9/site-packages/airflow/example_dags/example_time_delta_sensor_async.py
[2023-03-27 21:22:43,004] {logging_mixin.py:115} INFO - [2023-03-27 21:22:43,004] {dag.py:2379} INFO - Sync 1 DAGs
[2023-03-27 21:22:43,011] {logging_mixin.py:115} INFO - [2023-03-27 21:22:43,011] {dag.py:2927} INFO - Setting next_dagrun for example_time_delta_sensor_async to None, run_after=None
[2023-03-27 21:22:43,016] {processor.py:161} INFO - Processing /Users/gabrielroger/Documents/projects/weather-data/.venv/lib/python3.9/site-packages/airflow/example_dags/example_time_delta_sensor_async.py took 0.051 seconds
[2023-03-27 21:23:25,130] {processor.py:153} INFO - Started process (PID=7423) to work on /Users/gabrielroger/Documents/projects/weather-data/.venv/lib/python3.9/site-packages/airflow/example_dags/example_time_delta_sensor_async.py
[2023-03-27 21:23:25,130] {processor.py:641} INFO - Processing file /Users/gabrielroger/Documents/projects/weather-data/.venv/lib/python3.9/site-packages/airflow/example_dags/example_time_delta_sensor_async.py for tasks to queue
[2023-03-27 21:23:25,130] {logging_mixin.py:115} INFO - [2023-03-27 21:23:25,130] {dagbag.py:507} INFO - Filling up the DagBag from /Users/gabrielroger/Documents/projects/weather-data/.venv/lib/python3.9/site-packages/airflow/example_dags/example_time_delta_sensor_async.py
[2023-03-27 21:23:25,137] {processor.py:651} INFO - DAG(s) dict_keys(['example_time_delta_sensor_async']) retrieved from /Users/gabrielroger/Documents/projects/weather-data/.venv/lib/python3.9/site-packages/airflow/example_dags/example_time_delta_sensor_async.py
[2023-03-27 21:23:25,169] {logging_mixin.py:115} INFO - [2023-03-27 21:23:25,169] {dag.py:2379} INFO - Sync 1 DAGs
[2023-03-27 21:23:25,175] {logging_mixin.py:115} INFO - [2023-03-27 21:23:25,175] {dag.py:2927} INFO - Setting next_dagrun for example_time_delta_sensor_async to None, run_after=None
[2023-03-27 21:23:25,181] {processor.py:161} INFO - Processing /Users/gabrielroger/Documents/projects/weather-data/.venv/lib/python3.9/site-packages/airflow/example_dags/example_time_delta_sensor_async.py took 0.051 seconds
[2023-03-27 21:24:10,201] {processor.py:153} INFO - Started process (PID=7504) to work on /Users/gabrielroger/Documents/projects/weather-data/.venv/lib/python3.9/site-packages/airflow/example_dags/example_time_delta_sensor_async.py
[2023-03-27 21:24:10,201] {processor.py:641} INFO - Processing file /Users/gabrielroger/Documents/projects/weather-data/.venv/lib/python3.9/site-packages/airflow/example_dags/example_time_delta_sensor_async.py for tasks to queue
[2023-03-27 21:24:10,201] {logging_mixin.py:115} INFO - [2023-03-27 21:24:10,201] {dagbag.py:507} INFO - Filling up the DagBag from /Users/gabrielroger/Documents/projects/weather-data/.venv/lib/python3.9/site-packages/airflow/example_dags/example_time_delta_sensor_async.py
[2023-03-27 21:24:10,209] {processor.py:651} INFO - DAG(s) dict_keys(['example_time_delta_sensor_async']) retrieved from /Users/gabrielroger/Documents/projects/weather-data/.venv/lib/python3.9/site-packages/airflow/example_dags/example_time_delta_sensor_async.py
[2023-03-27 21:24:10,249] {logging_mixin.py:115} INFO - [2023-03-27 21:24:10,249] {dag.py:2379} INFO - Sync 1 DAGs
[2023-03-27 21:24:10,256] {logging_mixin.py:115} INFO - [2023-03-27 21:24:10,256] {dag.py:2927} INFO - Setting next_dagrun for example_time_delta_sensor_async to None, run_after=None
[2023-03-27 21:24:10,262] {processor.py:161} INFO - Processing /Users/gabrielroger/Documents/projects/weather-data/.venv/lib/python3.9/site-packages/airflow/example_dags/example_time_delta_sensor_async.py took 0.062 seconds
[2023-03-27 21:24:54,083] {processor.py:153} INFO - Started process (PID=7600) to work on /Users/gabrielroger/Documents/projects/weather-data/.venv/lib/python3.9/site-packages/airflow/example_dags/example_time_delta_sensor_async.py
[2023-03-27 21:24:54,084] {processor.py:641} INFO - Processing file /Users/gabrielroger/Documents/projects/weather-data/.venv/lib/python3.9/site-packages/airflow/example_dags/example_time_delta_sensor_async.py for tasks to queue
[2023-03-27 21:24:54,084] {logging_mixin.py:115} INFO - [2023-03-27 21:24:54,084] {dagbag.py:507} INFO - Filling up the DagBag from /Users/gabrielroger/Documents/projects/weather-data/.venv/lib/python3.9/site-packages/airflow/example_dags/example_time_delta_sensor_async.py
[2023-03-27 21:24:54,091] {processor.py:651} INFO - DAG(s) dict_keys(['example_time_delta_sensor_async']) retrieved from /Users/gabrielroger/Documents/projects/weather-data/.venv/lib/python3.9/site-packages/airflow/example_dags/example_time_delta_sensor_async.py
[2023-03-27 21:24:54,129] {logging_mixin.py:115} INFO - [2023-03-27 21:24:54,129] {dag.py:2379} INFO - Sync 1 DAGs
[2023-03-27 21:24:54,135] {logging_mixin.py:115} INFO - [2023-03-27 21:24:54,135] {dag.py:2927} INFO - Setting next_dagrun for example_time_delta_sensor_async to None, run_after=None
[2023-03-27 21:24:54,141] {processor.py:161} INFO - Processing /Users/gabrielroger/Documents/projects/weather-data/.venv/lib/python3.9/site-packages/airflow/example_dags/example_time_delta_sensor_async.py took 0.058 seconds
[2023-03-27 21:25:37,895] {processor.py:153} INFO - Started process (PID=7686) to work on /Users/gabrielroger/Documents/projects/weather-data/.venv/lib/python3.9/site-packages/airflow/example_dags/example_time_delta_sensor_async.py
[2023-03-27 21:25:37,895] {processor.py:641} INFO - Processing file /Users/gabrielroger/Documents/projects/weather-data/.venv/lib/python3.9/site-packages/airflow/example_dags/example_time_delta_sensor_async.py for tasks to queue
[2023-03-27 21:25:37,895] {logging_mixin.py:115} INFO - [2023-03-27 21:25:37,895] {dagbag.py:507} INFO - Filling up the DagBag from /Users/gabrielroger/Documents/projects/weather-data/.venv/lib/python3.9/site-packages/airflow/example_dags/example_time_delta_sensor_async.py
[2023-03-27 21:25:37,902] {processor.py:651} INFO - DAG(s) dict_keys(['example_time_delta_sensor_async']) retrieved from /Users/gabrielroger/Documents/projects/weather-data/.venv/lib/python3.9/site-packages/airflow/example_dags/example_time_delta_sensor_async.py
[2023-03-27 21:25:37,935] {logging_mixin.py:115} INFO - [2023-03-27 21:25:37,935] {dag.py:2379} INFO - Sync 1 DAGs
[2023-03-27 21:25:37,942] {logging_mixin.py:115} INFO - [2023-03-27 21:25:37,942] {dag.py:2927} INFO - Setting next_dagrun for example_time_delta_sensor_async to None, run_after=None
[2023-03-27 21:25:37,947] {processor.py:161} INFO - Processing /Users/gabrielroger/Documents/projects/weather-data/.venv/lib/python3.9/site-packages/airflow/example_dags/example_time_delta_sensor_async.py took 0.052 seconds
[2023-03-27 21:26:21,048] {processor.py:153} INFO - Started process (PID=7761) to work on /Users/gabrielroger/Documents/projects/weather-data/.venv/lib/python3.9/site-packages/airflow/example_dags/example_time_delta_sensor_async.py
[2023-03-27 21:26:21,048] {processor.py:641} INFO - Processing file /Users/gabrielroger/Documents/projects/weather-data/.venv/lib/python3.9/site-packages/airflow/example_dags/example_time_delta_sensor_async.py for tasks to queue
[2023-03-27 21:26:21,049] {logging_mixin.py:115} INFO - [2023-03-27 21:26:21,048] {dagbag.py:507} INFO - Filling up the DagBag from /Users/gabrielroger/Documents/projects/weather-data/.venv/lib/python3.9/site-packages/airflow/example_dags/example_time_delta_sensor_async.py
[2023-03-27 21:26:21,055] {processor.py:651} INFO - DAG(s) dict_keys(['example_time_delta_sensor_async']) retrieved from /Users/gabrielroger/Documents/projects/weather-data/.venv/lib/python3.9/site-packages/airflow/example_dags/example_time_delta_sensor_async.py
[2023-03-27 21:26:21,087] {logging_mixin.py:115} INFO - [2023-03-27 21:26:21,087] {dag.py:2379} INFO - Sync 1 DAGs
[2023-03-27 21:26:21,094] {logging_mixin.py:115} INFO - [2023-03-27 21:26:21,094] {dag.py:2927} INFO - Setting next_dagrun for example_time_delta_sensor_async to None, run_after=None
[2023-03-27 21:26:21,100] {processor.py:161} INFO - Processing /Users/gabrielroger/Documents/projects/weather-data/.venv/lib/python3.9/site-packages/airflow/example_dags/example_time_delta_sensor_async.py took 0.052 seconds
[2023-03-27 21:27:07,227] {processor.py:153} INFO - Started process (PID=7836) to work on /Users/gabrielroger/Documents/projects/weather-data/.venv/lib/python3.9/site-packages/airflow/example_dags/example_time_delta_sensor_async.py
[2023-03-27 21:27:07,227] {processor.py:641} INFO - Processing file /Users/gabrielroger/Documents/projects/weather-data/.venv/lib/python3.9/site-packages/airflow/example_dags/example_time_delta_sensor_async.py for tasks to queue
[2023-03-27 21:27:07,227] {logging_mixin.py:115} INFO - [2023-03-27 21:27:07,227] {dagbag.py:507} INFO - Filling up the DagBag from /Users/gabrielroger/Documents/projects/weather-data/.venv/lib/python3.9/site-packages/airflow/example_dags/example_time_delta_sensor_async.py
[2023-03-27 21:27:07,234] {processor.py:651} INFO - DAG(s) dict_keys(['example_time_delta_sensor_async']) retrieved from /Users/gabrielroger/Documents/projects/weather-data/.venv/lib/python3.9/site-packages/airflow/example_dags/example_time_delta_sensor_async.py
[2023-03-27 21:27:07,266] {logging_mixin.py:115} INFO - [2023-03-27 21:27:07,266] {dag.py:2379} INFO - Sync 1 DAGs
[2023-03-27 21:27:07,272] {logging_mixin.py:115} INFO - [2023-03-27 21:27:07,272] {dag.py:2927} INFO - Setting next_dagrun for example_time_delta_sensor_async to None, run_after=None
[2023-03-27 21:27:07,277] {processor.py:161} INFO - Processing /Users/gabrielroger/Documents/projects/weather-data/.venv/lib/python3.9/site-packages/airflow/example_dags/example_time_delta_sensor_async.py took 0.051 seconds
[2023-03-27 21:27:50,883] {processor.py:153} INFO - Started process (PID=7908) to work on /Users/gabrielroger/Documents/projects/weather-data/.venv/lib/python3.9/site-packages/airflow/example_dags/example_time_delta_sensor_async.py
[2023-03-27 21:27:50,884] {processor.py:641} INFO - Processing file /Users/gabrielroger/Documents/projects/weather-data/.venv/lib/python3.9/site-packages/airflow/example_dags/example_time_delta_sensor_async.py for tasks to queue
[2023-03-27 21:27:50,884] {logging_mixin.py:115} INFO - [2023-03-27 21:27:50,884] {dagbag.py:507} INFO - Filling up the DagBag from /Users/gabrielroger/Documents/projects/weather-data/.venv/lib/python3.9/site-packages/airflow/example_dags/example_time_delta_sensor_async.py
[2023-03-27 21:27:50,890] {processor.py:651} INFO - DAG(s) dict_keys(['example_time_delta_sensor_async']) retrieved from /Users/gabrielroger/Documents/projects/weather-data/.venv/lib/python3.9/site-packages/airflow/example_dags/example_time_delta_sensor_async.py
[2023-03-27 21:27:50,923] {logging_mixin.py:115} INFO - [2023-03-27 21:27:50,923] {dag.py:2379} INFO - Sync 1 DAGs
[2023-03-27 21:27:50,930] {logging_mixin.py:115} INFO - [2023-03-27 21:27:50,930] {dag.py:2927} INFO - Setting next_dagrun for example_time_delta_sensor_async to None, run_after=None
[2023-03-27 21:27:50,936] {processor.py:161} INFO - Processing /Users/gabrielroger/Documents/projects/weather-data/.venv/lib/python3.9/site-packages/airflow/example_dags/example_time_delta_sensor_async.py took 0.053 seconds
[2023-03-27 21:28:34,466] {processor.py:153} INFO - Started process (PID=7986) to work on /Users/gabrielroger/Documents/projects/weather-data/.venv/lib/python3.9/site-packages/airflow/example_dags/example_time_delta_sensor_async.py
[2023-03-27 21:28:34,466] {processor.py:641} INFO - Processing file /Users/gabrielroger/Documents/projects/weather-data/.venv/lib/python3.9/site-packages/airflow/example_dags/example_time_delta_sensor_async.py for tasks to queue
[2023-03-27 21:28:34,466] {logging_mixin.py:115} INFO - [2023-03-27 21:28:34,466] {dagbag.py:507} INFO - Filling up the DagBag from /Users/gabrielroger/Documents/projects/weather-data/.venv/lib/python3.9/site-packages/airflow/example_dags/example_time_delta_sensor_async.py
[2023-03-27 21:28:34,472] {processor.py:651} INFO - DAG(s) dict_keys(['example_time_delta_sensor_async']) retrieved from /Users/gabrielroger/Documents/projects/weather-data/.venv/lib/python3.9/site-packages/airflow/example_dags/example_time_delta_sensor_async.py
[2023-03-27 21:28:34,504] {logging_mixin.py:115} INFO - [2023-03-27 21:28:34,504] {dag.py:2379} INFO - Sync 1 DAGs
[2023-03-27 21:28:34,511] {logging_mixin.py:115} INFO - [2023-03-27 21:28:34,511] {dag.py:2927} INFO - Setting next_dagrun for example_time_delta_sensor_async to None, run_after=None
[2023-03-27 21:28:34,516] {processor.py:161} INFO - Processing /Users/gabrielroger/Documents/projects/weather-data/.venv/lib/python3.9/site-packages/airflow/example_dags/example_time_delta_sensor_async.py took 0.051 seconds
[2023-03-27 21:29:15,798] {processor.py:153} INFO - Started process (PID=8068) to work on /Users/gabrielroger/Documents/projects/weather-data/.venv/lib/python3.9/site-packages/airflow/example_dags/example_time_delta_sensor_async.py
[2023-03-27 21:29:15,798] {processor.py:641} INFO - Processing file /Users/gabrielroger/Documents/projects/weather-data/.venv/lib/python3.9/site-packages/airflow/example_dags/example_time_delta_sensor_async.py for tasks to queue
[2023-03-27 21:29:15,798] {logging_mixin.py:115} INFO - [2023-03-27 21:29:15,798] {dagbag.py:507} INFO - Filling up the DagBag from /Users/gabrielroger/Documents/projects/weather-data/.venv/lib/python3.9/site-packages/airflow/example_dags/example_time_delta_sensor_async.py
[2023-03-27 21:29:15,805] {processor.py:651} INFO - DAG(s) dict_keys(['example_time_delta_sensor_async']) retrieved from /Users/gabrielroger/Documents/projects/weather-data/.venv/lib/python3.9/site-packages/airflow/example_dags/example_time_delta_sensor_async.py
[2023-03-27 21:29:15,838] {logging_mixin.py:115} INFO - [2023-03-27 21:29:15,837] {dag.py:2379} INFO - Sync 1 DAGs
[2023-03-27 21:29:15,844] {logging_mixin.py:115} INFO - [2023-03-27 21:29:15,844] {dag.py:2927} INFO - Setting next_dagrun for example_time_delta_sensor_async to None, run_after=None
[2023-03-27 21:29:15,850] {processor.py:161} INFO - Processing /Users/gabrielroger/Documents/projects/weather-data/.venv/lib/python3.9/site-packages/airflow/example_dags/example_time_delta_sensor_async.py took 0.052 seconds
[2023-03-27 21:29:58,630] {processor.py:153} INFO - Started process (PID=8164) to work on /Users/gabrielroger/Documents/projects/weather-data/.venv/lib/python3.9/site-packages/airflow/example_dags/example_time_delta_sensor_async.py
[2023-03-27 21:29:58,631] {processor.py:641} INFO - Processing file /Users/gabrielroger/Documents/projects/weather-data/.venv/lib/python3.9/site-packages/airflow/example_dags/example_time_delta_sensor_async.py for tasks to queue
[2023-03-27 21:29:58,631] {logging_mixin.py:115} INFO - [2023-03-27 21:29:58,631] {dagbag.py:507} INFO - Filling up the DagBag from /Users/gabrielroger/Documents/projects/weather-data/.venv/lib/python3.9/site-packages/airflow/example_dags/example_time_delta_sensor_async.py
[2023-03-27 21:29:58,638] {processor.py:651} INFO - DAG(s) dict_keys(['example_time_delta_sensor_async']) retrieved from /Users/gabrielroger/Documents/projects/weather-data/.venv/lib/python3.9/site-packages/airflow/example_dags/example_time_delta_sensor_async.py
[2023-03-27 21:29:58,672] {logging_mixin.py:115} INFO - [2023-03-27 21:29:58,672] {dag.py:2379} INFO - Sync 1 DAGs
[2023-03-27 21:29:58,679] {logging_mixin.py:115} INFO - [2023-03-27 21:29:58,679] {dag.py:2927} INFO - Setting next_dagrun for example_time_delta_sensor_async to None, run_after=None
[2023-03-27 21:29:58,684] {processor.py:161} INFO - Processing /Users/gabrielroger/Documents/projects/weather-data/.venv/lib/python3.9/site-packages/airflow/example_dags/example_time_delta_sensor_async.py took 0.055 seconds
[2023-03-27 21:30:42,328] {processor.py:153} INFO - Started process (PID=8245) to work on /Users/gabrielroger/Documents/projects/weather-data/.venv/lib/python3.9/site-packages/airflow/example_dags/example_time_delta_sensor_async.py
[2023-03-27 21:30:42,328] {processor.py:641} INFO - Processing file /Users/gabrielroger/Documents/projects/weather-data/.venv/lib/python3.9/site-packages/airflow/example_dags/example_time_delta_sensor_async.py for tasks to queue
[2023-03-27 21:30:42,329] {logging_mixin.py:115} INFO - [2023-03-27 21:30:42,329] {dagbag.py:507} INFO - Filling up the DagBag from /Users/gabrielroger/Documents/projects/weather-data/.venv/lib/python3.9/site-packages/airflow/example_dags/example_time_delta_sensor_async.py
[2023-03-27 21:30:42,335] {processor.py:651} INFO - DAG(s) dict_keys(['example_time_delta_sensor_async']) retrieved from /Users/gabrielroger/Documents/projects/weather-data/.venv/lib/python3.9/site-packages/airflow/example_dags/example_time_delta_sensor_async.py
[2023-03-27 21:30:42,367] {logging_mixin.py:115} INFO - [2023-03-27 21:30:42,367] {dag.py:2379} INFO - Sync 1 DAGs
[2023-03-27 21:30:42,373] {logging_mixin.py:115} INFO - [2023-03-27 21:30:42,373] {dag.py:2927} INFO - Setting next_dagrun for example_time_delta_sensor_async to None, run_after=None
[2023-03-27 21:30:42,379] {processor.py:161} INFO - Processing /Users/gabrielroger/Documents/projects/weather-data/.venv/lib/python3.9/site-packages/airflow/example_dags/example_time_delta_sensor_async.py took 0.051 seconds
[2023-03-27 21:31:23,587] {processor.py:153} INFO - Started process (PID=8313) to work on /Users/gabrielroger/Documents/projects/weather-data/.venv/lib/python3.9/site-packages/airflow/example_dags/example_time_delta_sensor_async.py
[2023-03-27 21:31:23,587] {processor.py:641} INFO - Processing file /Users/gabrielroger/Documents/projects/weather-data/.venv/lib/python3.9/site-packages/airflow/example_dags/example_time_delta_sensor_async.py for tasks to queue
[2023-03-27 21:31:23,587] {logging_mixin.py:115} INFO - [2023-03-27 21:31:23,587] {dagbag.py:507} INFO - Filling up the DagBag from /Users/gabrielroger/Documents/projects/weather-data/.venv/lib/python3.9/site-packages/airflow/example_dags/example_time_delta_sensor_async.py
[2023-03-27 21:31:23,594] {processor.py:651} INFO - DAG(s) dict_keys(['example_time_delta_sensor_async']) retrieved from /Users/gabrielroger/Documents/projects/weather-data/.venv/lib/python3.9/site-packages/airflow/example_dags/example_time_delta_sensor_async.py
[2023-03-27 21:31:23,626] {logging_mixin.py:115} INFO - [2023-03-27 21:31:23,626] {dag.py:2379} INFO - Sync 1 DAGs
[2023-03-27 21:31:23,632] {logging_mixin.py:115} INFO - [2023-03-27 21:31:23,632] {dag.py:2927} INFO - Setting next_dagrun for example_time_delta_sensor_async to None, run_after=None
[2023-03-27 21:31:23,638] {processor.py:161} INFO - Processing /Users/gabrielroger/Documents/projects/weather-data/.venv/lib/python3.9/site-packages/airflow/example_dags/example_time_delta_sensor_async.py took 0.051 seconds
[2023-03-27 21:32:07,173] {processor.py:153} INFO - Started process (PID=8386) to work on /Users/gabrielroger/Documents/projects/weather-data/.venv/lib/python3.9/site-packages/airflow/example_dags/example_time_delta_sensor_async.py
[2023-03-27 21:32:07,173] {processor.py:641} INFO - Processing file /Users/gabrielroger/Documents/projects/weather-data/.venv/lib/python3.9/site-packages/airflow/example_dags/example_time_delta_sensor_async.py for tasks to queue
[2023-03-27 21:32:07,174] {logging_mixin.py:115} INFO - [2023-03-27 21:32:07,173] {dagbag.py:507} INFO - Filling up the DagBag from /Users/gabrielroger/Documents/projects/weather-data/.venv/lib/python3.9/site-packages/airflow/example_dags/example_time_delta_sensor_async.py
[2023-03-27 21:32:07,180] {processor.py:651} INFO - DAG(s) dict_keys(['example_time_delta_sensor_async']) retrieved from /Users/gabrielroger/Documents/projects/weather-data/.venv/lib/python3.9/site-packages/airflow/example_dags/example_time_delta_sensor_async.py
[2023-03-27 21:32:07,212] {logging_mixin.py:115} INFO - [2023-03-27 21:32:07,212] {dag.py:2379} INFO - Sync 1 DAGs
[2023-03-27 21:32:07,219] {logging_mixin.py:115} INFO - [2023-03-27 21:32:07,219] {dag.py:2927} INFO - Setting next_dagrun for example_time_delta_sensor_async to None, run_after=None
[2023-03-27 21:32:07,224] {processor.py:161} INFO - Processing /Users/gabrielroger/Documents/projects/weather-data/.venv/lib/python3.9/site-packages/airflow/example_dags/example_time_delta_sensor_async.py took 0.051 seconds
[2023-03-27 21:32:51,584] {processor.py:153} INFO - Started process (PID=8460) to work on /Users/gabrielroger/Documents/projects/weather-data/.venv/lib/python3.9/site-packages/airflow/example_dags/example_time_delta_sensor_async.py
[2023-03-27 21:32:51,584] {processor.py:641} INFO - Processing file /Users/gabrielroger/Documents/projects/weather-data/.venv/lib/python3.9/site-packages/airflow/example_dags/example_time_delta_sensor_async.py for tasks to queue
[2023-03-27 21:32:51,584] {logging_mixin.py:115} INFO - [2023-03-27 21:32:51,584] {dagbag.py:507} INFO - Filling up the DagBag from /Users/gabrielroger/Documents/projects/weather-data/.venv/lib/python3.9/site-packages/airflow/example_dags/example_time_delta_sensor_async.py
[2023-03-27 21:32:51,591] {processor.py:651} INFO - DAG(s) dict_keys(['example_time_delta_sensor_async']) retrieved from /Users/gabrielroger/Documents/projects/weather-data/.venv/lib/python3.9/site-packages/airflow/example_dags/example_time_delta_sensor_async.py
[2023-03-27 21:32:51,623] {logging_mixin.py:115} INFO - [2023-03-27 21:32:51,623] {dag.py:2379} INFO - Sync 1 DAGs
[2023-03-27 21:32:51,629] {logging_mixin.py:115} INFO - [2023-03-27 21:32:51,629] {dag.py:2927} INFO - Setting next_dagrun for example_time_delta_sensor_async to None, run_after=None
[2023-03-27 21:32:51,635] {processor.py:161} INFO - Processing /Users/gabrielroger/Documents/projects/weather-data/.venv/lib/python3.9/site-packages/airflow/example_dags/example_time_delta_sensor_async.py took 0.051 seconds
[2023-03-27 21:33:37,273] {processor.py:153} INFO - Started process (PID=8533) to work on /Users/gabrielroger/Documents/projects/weather-data/.venv/lib/python3.9/site-packages/airflow/example_dags/example_time_delta_sensor_async.py
[2023-03-27 21:33:37,273] {processor.py:641} INFO - Processing file /Users/gabrielroger/Documents/projects/weather-data/.venv/lib/python3.9/site-packages/airflow/example_dags/example_time_delta_sensor_async.py for tasks to queue
[2023-03-27 21:33:37,274] {logging_mixin.py:115} INFO - [2023-03-27 21:33:37,274] {dagbag.py:507} INFO - Filling up the DagBag from /Users/gabrielroger/Documents/projects/weather-data/.venv/lib/python3.9/site-packages/airflow/example_dags/example_time_delta_sensor_async.py
[2023-03-27 21:33:37,280] {processor.py:651} INFO - DAG(s) dict_keys(['example_time_delta_sensor_async']) retrieved from /Users/gabrielroger/Documents/projects/weather-data/.venv/lib/python3.9/site-packages/airflow/example_dags/example_time_delta_sensor_async.py
[2023-03-27 21:33:37,313] {logging_mixin.py:115} INFO - [2023-03-27 21:33:37,313] {dag.py:2379} INFO - Sync 1 DAGs
[2023-03-27 21:33:37,320] {logging_mixin.py:115} INFO - [2023-03-27 21:33:37,320] {dag.py:2927} INFO - Setting next_dagrun for example_time_delta_sensor_async to None, run_after=None
[2023-03-27 21:33:37,325] {processor.py:161} INFO - Processing /Users/gabrielroger/Documents/projects/weather-data/.venv/lib/python3.9/site-packages/airflow/example_dags/example_time_delta_sensor_async.py took 0.052 seconds
[2023-03-27 21:34:22,457] {processor.py:153} INFO - Started process (PID=8617) to work on /Users/gabrielroger/Documents/projects/weather-data/.venv/lib/python3.9/site-packages/airflow/example_dags/example_time_delta_sensor_async.py
[2023-03-27 21:34:22,458] {processor.py:641} INFO - Processing file /Users/gabrielroger/Documents/projects/weather-data/.venv/lib/python3.9/site-packages/airflow/example_dags/example_time_delta_sensor_async.py for tasks to queue
[2023-03-27 21:34:22,458] {logging_mixin.py:115} INFO - [2023-03-27 21:34:22,458] {dagbag.py:507} INFO - Filling up the DagBag from /Users/gabrielroger/Documents/projects/weather-data/.venv/lib/python3.9/site-packages/airflow/example_dags/example_time_delta_sensor_async.py
[2023-03-27 21:34:22,465] {processor.py:651} INFO - DAG(s) dict_keys(['example_time_delta_sensor_async']) retrieved from /Users/gabrielroger/Documents/projects/weather-data/.venv/lib/python3.9/site-packages/airflow/example_dags/example_time_delta_sensor_async.py
[2023-03-27 21:34:22,504] {logging_mixin.py:115} INFO - [2023-03-27 21:34:22,504] {dag.py:2379} INFO - Sync 1 DAGs
[2023-03-27 21:34:22,511] {logging_mixin.py:115} INFO - [2023-03-27 21:34:22,511] {dag.py:2927} INFO - Setting next_dagrun for example_time_delta_sensor_async to None, run_after=None
[2023-03-27 21:34:22,517] {processor.py:161} INFO - Processing /Users/gabrielroger/Documents/projects/weather-data/.venv/lib/python3.9/site-packages/airflow/example_dags/example_time_delta_sensor_async.py took 0.060 seconds
[2023-03-27 21:59:50,057] {processor.py:153} INFO - Started process (PID=8742) to work on /Users/gabrielroger/Documents/projects/weather-data/.venv/lib/python3.9/site-packages/airflow/example_dags/example_time_delta_sensor_async.py
[2023-03-27 21:59:50,058] {processor.py:641} INFO - Processing file /Users/gabrielroger/Documents/projects/weather-data/.venv/lib/python3.9/site-packages/airflow/example_dags/example_time_delta_sensor_async.py for tasks to queue
[2023-03-27 21:59:50,058] {logging_mixin.py:115} INFO - [2023-03-27 21:59:50,058] {dagbag.py:507} INFO - Filling up the DagBag from /Users/gabrielroger/Documents/projects/weather-data/.venv/lib/python3.9/site-packages/airflow/example_dags/example_time_delta_sensor_async.py
[2023-03-27 21:59:50,065] {processor.py:651} INFO - DAG(s) dict_keys(['example_time_delta_sensor_async']) retrieved from /Users/gabrielroger/Documents/projects/weather-data/.venv/lib/python3.9/site-packages/airflow/example_dags/example_time_delta_sensor_async.py
[2023-03-27 21:59:50,097] {logging_mixin.py:115} INFO - [2023-03-27 21:59:50,097] {dag.py:2379} INFO - Sync 1 DAGs
[2023-03-27 21:59:50,104] {logging_mixin.py:115} INFO - [2023-03-27 21:59:50,104] {dag.py:2927} INFO - Setting next_dagrun for example_time_delta_sensor_async to None, run_after=None
[2023-03-27 21:59:50,109] {processor.py:161} INFO - Processing /Users/gabrielroger/Documents/projects/weather-data/.venv/lib/python3.9/site-packages/airflow/example_dags/example_time_delta_sensor_async.py took 0.052 seconds
[2023-03-27 22:09:18,207] {processor.py:153} INFO - Started process (PID=8884) to work on /Users/gabrielroger/Documents/projects/weather-data/.venv/lib/python3.9/site-packages/airflow/example_dags/example_time_delta_sensor_async.py
[2023-03-27 22:09:18,207] {processor.py:641} INFO - Processing file /Users/gabrielroger/Documents/projects/weather-data/.venv/lib/python3.9/site-packages/airflow/example_dags/example_time_delta_sensor_async.py for tasks to queue
[2023-03-27 22:09:18,207] {logging_mixin.py:115} INFO - [2023-03-27 22:09:18,207] {dagbag.py:507} INFO - Filling up the DagBag from /Users/gabrielroger/Documents/projects/weather-data/.venv/lib/python3.9/site-packages/airflow/example_dags/example_time_delta_sensor_async.py
[2023-03-27 22:09:18,214] {processor.py:651} INFO - DAG(s) dict_keys(['example_time_delta_sensor_async']) retrieved from /Users/gabrielroger/Documents/projects/weather-data/.venv/lib/python3.9/site-packages/airflow/example_dags/example_time_delta_sensor_async.py
[2023-03-27 22:09:18,252] {logging_mixin.py:115} INFO - [2023-03-27 22:09:18,252] {dag.py:2379} INFO - Sync 1 DAGs
[2023-03-27 22:09:18,259] {logging_mixin.py:115} INFO - [2023-03-27 22:09:18,259] {dag.py:2927} INFO - Setting next_dagrun for example_time_delta_sensor_async to None, run_after=None
[2023-03-27 22:09:18,265] {processor.py:161} INFO - Processing /Users/gabrielroger/Documents/projects/weather-data/.venv/lib/python3.9/site-packages/airflow/example_dags/example_time_delta_sensor_async.py took 0.058 seconds
[2023-03-27 23:27:58,100] {processor.py:153} INFO - Started process (PID=9006) to work on /Users/gabrielroger/Documents/projects/weather-data/.venv/lib/python3.9/site-packages/airflow/example_dags/example_time_delta_sensor_async.py
[2023-03-27 23:27:58,100] {processor.py:641} INFO - Processing file /Users/gabrielroger/Documents/projects/weather-data/.venv/lib/python3.9/site-packages/airflow/example_dags/example_time_delta_sensor_async.py for tasks to queue
[2023-03-27 23:27:58,100] {logging_mixin.py:115} INFO - [2023-03-27 23:27:58,100] {dagbag.py:507} INFO - Filling up the DagBag from /Users/gabrielroger/Documents/projects/weather-data/.venv/lib/python3.9/site-packages/airflow/example_dags/example_time_delta_sensor_async.py
[2023-03-27 23:27:58,108] {processor.py:651} INFO - DAG(s) dict_keys(['example_time_delta_sensor_async']) retrieved from /Users/gabrielroger/Documents/projects/weather-data/.venv/lib/python3.9/site-packages/airflow/example_dags/example_time_delta_sensor_async.py
[2023-03-27 23:27:58,143] {logging_mixin.py:115} INFO - [2023-03-27 23:27:58,143] {dag.py:2379} INFO - Sync 1 DAGs
[2023-03-27 23:27:58,150] {logging_mixin.py:115} INFO - [2023-03-27 23:27:58,150] {dag.py:2927} INFO - Setting next_dagrun for example_time_delta_sensor_async to None, run_after=None
[2023-03-27 23:27:58,155] {processor.py:161} INFO - Processing /Users/gabrielroger/Documents/projects/weather-data/.venv/lib/python3.9/site-packages/airflow/example_dags/example_time_delta_sensor_async.py took 0.056 seconds
