[2023-03-27 21:10:12,655] {processor.py:153} INFO - Started process (PID=6101) to work on /Users/gabrielroger/Documents/projects/weather-data/.venv/lib/python3.9/site-packages/airflow/example_dags/example_dag_decorator.py
[2023-03-27 21:10:12,655] {processor.py:641} INFO - Processing file /Users/gabrielroger/Documents/projects/weather-data/.venv/lib/python3.9/site-packages/airflow/example_dags/example_dag_decorator.py for tasks to queue
[2023-03-27 21:10:12,655] {logging_mixin.py:115} INFO - [2023-03-27 21:10:12,655] {dagbag.py:507} INFO - Filling up the DagBag from /Users/gabrielroger/Documents/projects/weather-data/.venv/lib/python3.9/site-packages/airflow/example_dags/example_dag_decorator.py
[2023-03-27 21:10:12,788] {processor.py:651} INFO - DAG(s) dict_keys(['example_dag_decorator']) retrieved from /Users/gabrielroger/Documents/projects/weather-data/.venv/lib/python3.9/site-packages/airflow/example_dags/example_dag_decorator.py
[2023-03-27 21:10:13,081] {logging_mixin.py:115} INFO - [2023-03-27 21:10:13,080] {dag.py:2379} INFO - Sync 1 DAGs
[2023-03-27 21:10:13,088] {logging_mixin.py:115} INFO - [2023-03-27 21:10:13,088] {dag.py:2927} INFO - Setting next_dagrun for example_dag_decorator to None, run_after=None
[2023-03-27 21:10:13,094] {processor.py:161} INFO - Processing /Users/gabrielroger/Documents/projects/weather-data/.venv/lib/python3.9/site-packages/airflow/example_dags/example_dag_decorator.py took 0.440 seconds
[2023-03-27 21:11:04,544] {processor.py:153} INFO - Started process (PID=6191) to work on /Users/gabrielroger/Documents/projects/weather-data/.venv/lib/python3.9/site-packages/airflow/example_dags/example_dag_decorator.py
[2023-03-27 21:11:04,544] {processor.py:641} INFO - Processing file /Users/gabrielroger/Documents/projects/weather-data/.venv/lib/python3.9/site-packages/airflow/example_dags/example_dag_decorator.py for tasks to queue
[2023-03-27 21:11:04,544] {logging_mixin.py:115} INFO - [2023-03-27 21:11:04,544] {dagbag.py:507} INFO - Filling up the DagBag from /Users/gabrielroger/Documents/projects/weather-data/.venv/lib/python3.9/site-packages/airflow/example_dags/example_dag_decorator.py
[2023-03-27 21:11:04,661] {processor.py:651} INFO - DAG(s) dict_keys(['example_dag_decorator']) retrieved from /Users/gabrielroger/Documents/projects/weather-data/.venv/lib/python3.9/site-packages/airflow/example_dags/example_dag_decorator.py
[2023-03-27 21:11:04,954] {logging_mixin.py:115} INFO - [2023-03-27 21:11:04,954] {dag.py:2379} INFO - Sync 1 DAGs
[2023-03-27 21:11:04,963] {logging_mixin.py:115} INFO - [2023-03-27 21:11:04,963] {dag.py:2927} INFO - Setting next_dagrun for example_dag_decorator to None, run_after=None
[2023-03-27 21:11:04,969] {processor.py:161} INFO - Processing /Users/gabrielroger/Documents/projects/weather-data/.venv/lib/python3.9/site-packages/airflow/example_dags/example_dag_decorator.py took 0.426 seconds
[2023-03-27 21:12:12,422] {processor.py:153} INFO - Started process (PID=6301) to work on /Users/gabrielroger/Documents/projects/weather-data/.venv/lib/python3.9/site-packages/airflow/example_dags/example_dag_decorator.py
[2023-03-27 21:12:12,422] {processor.py:641} INFO - Processing file /Users/gabrielroger/Documents/projects/weather-data/.venv/lib/python3.9/site-packages/airflow/example_dags/example_dag_decorator.py for tasks to queue
[2023-03-27 21:12:12,423] {logging_mixin.py:115} INFO - [2023-03-27 21:12:12,423] {dagbag.py:507} INFO - Filling up the DagBag from /Users/gabrielroger/Documents/projects/weather-data/.venv/lib/python3.9/site-packages/airflow/example_dags/example_dag_decorator.py
[2023-03-27 21:12:12,523] {processor.py:651} INFO - DAG(s) dict_keys(['example_dag_decorator']) retrieved from /Users/gabrielroger/Documents/projects/weather-data/.venv/lib/python3.9/site-packages/airflow/example_dags/example_dag_decorator.py
[2023-03-27 21:12:12,758] {logging_mixin.py:115} INFO - [2023-03-27 21:12:12,758] {dag.py:2379} INFO - Sync 1 DAGs
[2023-03-27 21:12:12,766] {logging_mixin.py:115} INFO - [2023-03-27 21:12:12,766] {dag.py:2927} INFO - Setting next_dagrun for example_dag_decorator to None, run_after=None
[2023-03-27 21:12:12,772] {processor.py:161} INFO - Processing /Users/gabrielroger/Documents/projects/weather-data/.venv/lib/python3.9/site-packages/airflow/example_dags/example_dag_decorator.py took 0.351 seconds
[2023-03-27 21:13:23,168] {processor.py:153} INFO - Started process (PID=6417) to work on /Users/gabrielroger/Documents/projects/weather-data/.venv/lib/python3.9/site-packages/airflow/example_dags/example_dag_decorator.py
[2023-03-27 21:13:23,168] {processor.py:641} INFO - Processing file /Users/gabrielroger/Documents/projects/weather-data/.venv/lib/python3.9/site-packages/airflow/example_dags/example_dag_decorator.py for tasks to queue
[2023-03-27 21:13:23,169] {logging_mixin.py:115} INFO - [2023-03-27 21:13:23,169] {dagbag.py:507} INFO - Filling up the DagBag from /Users/gabrielroger/Documents/projects/weather-data/.venv/lib/python3.9/site-packages/airflow/example_dags/example_dag_decorator.py
[2023-03-27 21:13:23,269] {processor.py:651} INFO - DAG(s) dict_keys(['example_dag_decorator']) retrieved from /Users/gabrielroger/Documents/projects/weather-data/.venv/lib/python3.9/site-packages/airflow/example_dags/example_dag_decorator.py
[2023-03-27 21:13:23,498] {logging_mixin.py:115} INFO - [2023-03-27 21:13:23,498] {dag.py:2379} INFO - Sync 1 DAGs
[2023-03-27 21:13:23,505] {logging_mixin.py:115} INFO - [2023-03-27 21:13:23,505] {dag.py:2927} INFO - Setting next_dagrun for example_dag_decorator to None, run_after=None
[2023-03-27 21:13:23,511] {processor.py:161} INFO - Processing /Users/gabrielroger/Documents/projects/weather-data/.venv/lib/python3.9/site-packages/airflow/example_dags/example_dag_decorator.py took 0.344 seconds
[2023-03-27 21:14:26,287] {processor.py:153} INFO - Started process (PID=6526) to work on /Users/gabrielroger/Documents/projects/weather-data/.venv/lib/python3.9/site-packages/airflow/example_dags/example_dag_decorator.py
[2023-03-27 21:14:26,288] {processor.py:641} INFO - Processing file /Users/gabrielroger/Documents/projects/weather-data/.venv/lib/python3.9/site-packages/airflow/example_dags/example_dag_decorator.py for tasks to queue
[2023-03-27 21:14:26,288] {logging_mixin.py:115} INFO - [2023-03-27 21:14:26,288] {dagbag.py:507} INFO - Filling up the DagBag from /Users/gabrielroger/Documents/projects/weather-data/.venv/lib/python3.9/site-packages/airflow/example_dags/example_dag_decorator.py
[2023-03-27 21:14:26,389] {processor.py:651} INFO - DAG(s) dict_keys(['example_dag_decorator']) retrieved from /Users/gabrielroger/Documents/projects/weather-data/.venv/lib/python3.9/site-packages/airflow/example_dags/example_dag_decorator.py
[2023-03-27 21:14:26,623] {logging_mixin.py:115} INFO - [2023-03-27 21:14:26,623] {dag.py:2379} INFO - Sync 1 DAGs
[2023-03-27 21:14:26,631] {logging_mixin.py:115} INFO - [2023-03-27 21:14:26,630] {dag.py:2927} INFO - Setting next_dagrun for example_dag_decorator to None, run_after=None
[2023-03-27 21:14:26,636] {processor.py:161} INFO - Processing /Users/gabrielroger/Documents/projects/weather-data/.venv/lib/python3.9/site-packages/airflow/example_dags/example_dag_decorator.py took 0.350 seconds
[2023-03-27 21:15:27,984] {processor.py:153} INFO - Started process (PID=6629) to work on /Users/gabrielroger/Documents/projects/weather-data/.venv/lib/python3.9/site-packages/airflow/example_dags/example_dag_decorator.py
[2023-03-27 21:15:27,985] {processor.py:641} INFO - Processing file /Users/gabrielroger/Documents/projects/weather-data/.venv/lib/python3.9/site-packages/airflow/example_dags/example_dag_decorator.py for tasks to queue
[2023-03-27 21:15:27,985] {logging_mixin.py:115} INFO - [2023-03-27 21:15:27,985] {dagbag.py:507} INFO - Filling up the DagBag from /Users/gabrielroger/Documents/projects/weather-data/.venv/lib/python3.9/site-packages/airflow/example_dags/example_dag_decorator.py
[2023-03-27 21:15:28,085] {processor.py:651} INFO - DAG(s) dict_keys(['example_dag_decorator']) retrieved from /Users/gabrielroger/Documents/projects/weather-data/.venv/lib/python3.9/site-packages/airflow/example_dags/example_dag_decorator.py
[2023-03-27 21:15:28,315] {logging_mixin.py:115} INFO - [2023-03-27 21:15:28,315] {dag.py:2379} INFO - Sync 1 DAGs
[2023-03-27 21:15:28,322] {logging_mixin.py:115} INFO - [2023-03-27 21:15:28,322] {dag.py:2927} INFO - Setting next_dagrun for example_dag_decorator to None, run_after=None
[2023-03-27 21:15:28,327] {processor.py:161} INFO - Processing /Users/gabrielroger/Documents/projects/weather-data/.venv/lib/python3.9/site-packages/airflow/example_dags/example_dag_decorator.py took 0.344 seconds
[2023-03-27 21:16:35,138] {processor.py:153} INFO - Started process (PID=6739) to work on /Users/gabrielroger/Documents/projects/weather-data/.venv/lib/python3.9/site-packages/airflow/example_dags/example_dag_decorator.py
[2023-03-27 21:16:35,139] {processor.py:641} INFO - Processing file /Users/gabrielroger/Documents/projects/weather-data/.venv/lib/python3.9/site-packages/airflow/example_dags/example_dag_decorator.py for tasks to queue
[2023-03-27 21:16:35,139] {logging_mixin.py:115} INFO - [2023-03-27 21:16:35,139] {dagbag.py:507} INFO - Filling up the DagBag from /Users/gabrielroger/Documents/projects/weather-data/.venv/lib/python3.9/site-packages/airflow/example_dags/example_dag_decorator.py
[2023-03-27 21:16:35,238] {processor.py:651} INFO - DAG(s) dict_keys(['example_dag_decorator']) retrieved from /Users/gabrielroger/Documents/projects/weather-data/.venv/lib/python3.9/site-packages/airflow/example_dags/example_dag_decorator.py
[2023-03-27 21:16:35,466] {logging_mixin.py:115} INFO - [2023-03-27 21:16:35,466] {dag.py:2379} INFO - Sync 1 DAGs
[2023-03-27 21:16:35,474] {logging_mixin.py:115} INFO - [2023-03-27 21:16:35,473] {dag.py:2927} INFO - Setting next_dagrun for example_dag_decorator to None, run_after=None
[2023-03-27 21:16:35,479] {processor.py:161} INFO - Processing /Users/gabrielroger/Documents/projects/weather-data/.venv/lib/python3.9/site-packages/airflow/example_dags/example_dag_decorator.py took 0.341 seconds
[2023-03-27 21:17:38,396] {processor.py:153} INFO - Started process (PID=6843) to work on /Users/gabrielroger/Documents/projects/weather-data/.venv/lib/python3.9/site-packages/airflow/example_dags/example_dag_decorator.py
[2023-03-27 21:17:38,396] {processor.py:641} INFO - Processing file /Users/gabrielroger/Documents/projects/weather-data/.venv/lib/python3.9/site-packages/airflow/example_dags/example_dag_decorator.py for tasks to queue
[2023-03-27 21:17:38,396] {logging_mixin.py:115} INFO - [2023-03-27 21:17:38,396] {dagbag.py:507} INFO - Filling up the DagBag from /Users/gabrielroger/Documents/projects/weather-data/.venv/lib/python3.9/site-packages/airflow/example_dags/example_dag_decorator.py
[2023-03-27 21:17:38,494] {processor.py:651} INFO - DAG(s) dict_keys(['example_dag_decorator']) retrieved from /Users/gabrielroger/Documents/projects/weather-data/.venv/lib/python3.9/site-packages/airflow/example_dags/example_dag_decorator.py
[2023-03-27 21:17:38,722] {logging_mixin.py:115} INFO - [2023-03-27 21:17:38,722] {dag.py:2379} INFO - Sync 1 DAGs
[2023-03-27 21:17:38,730] {logging_mixin.py:115} INFO - [2023-03-27 21:17:38,730] {dag.py:2927} INFO - Setting next_dagrun for example_dag_decorator to None, run_after=None
[2023-03-27 21:17:38,735] {processor.py:161} INFO - Processing /Users/gabrielroger/Documents/projects/weather-data/.venv/lib/python3.9/site-packages/airflow/example_dags/example_dag_decorator.py took 0.340 seconds
[2023-03-27 21:18:42,318] {processor.py:153} INFO - Started process (PID=6956) to work on /Users/gabrielroger/Documents/projects/weather-data/.venv/lib/python3.9/site-packages/airflow/example_dags/example_dag_decorator.py
[2023-03-27 21:18:42,319] {processor.py:641} INFO - Processing file /Users/gabrielroger/Documents/projects/weather-data/.venv/lib/python3.9/site-packages/airflow/example_dags/example_dag_decorator.py for tasks to queue
[2023-03-27 21:18:42,319] {logging_mixin.py:115} INFO - [2023-03-27 21:18:42,319] {dagbag.py:507} INFO - Filling up the DagBag from /Users/gabrielroger/Documents/projects/weather-data/.venv/lib/python3.9/site-packages/airflow/example_dags/example_dag_decorator.py
[2023-03-27 21:18:42,418] {processor.py:651} INFO - DAG(s) dict_keys(['example_dag_decorator']) retrieved from /Users/gabrielroger/Documents/projects/weather-data/.venv/lib/python3.9/site-packages/airflow/example_dags/example_dag_decorator.py
[2023-03-27 21:18:42,649] {logging_mixin.py:115} INFO - [2023-03-27 21:18:42,649] {dag.py:2379} INFO - Sync 1 DAGs
[2023-03-27 21:18:42,656] {logging_mixin.py:115} INFO - [2023-03-27 21:18:42,656] {dag.py:2927} INFO - Setting next_dagrun for example_dag_decorator to None, run_after=None
[2023-03-27 21:18:42,662] {processor.py:161} INFO - Processing /Users/gabrielroger/Documents/projects/weather-data/.venv/lib/python3.9/site-packages/airflow/example_dags/example_dag_decorator.py took 0.345 seconds
[2023-03-27 21:19:48,174] {processor.py:153} INFO - Started process (PID=7066) to work on /Users/gabrielroger/Documents/projects/weather-data/.venv/lib/python3.9/site-packages/airflow/example_dags/example_dag_decorator.py
[2023-03-27 21:19:48,175] {processor.py:641} INFO - Processing file /Users/gabrielroger/Documents/projects/weather-data/.venv/lib/python3.9/site-packages/airflow/example_dags/example_dag_decorator.py for tasks to queue
[2023-03-27 21:19:48,175] {logging_mixin.py:115} INFO - [2023-03-27 21:19:48,175] {dagbag.py:507} INFO - Filling up the DagBag from /Users/gabrielroger/Documents/projects/weather-data/.venv/lib/python3.9/site-packages/airflow/example_dags/example_dag_decorator.py
[2023-03-27 21:19:48,274] {processor.py:651} INFO - DAG(s) dict_keys(['example_dag_decorator']) retrieved from /Users/gabrielroger/Documents/projects/weather-data/.venv/lib/python3.9/site-packages/airflow/example_dags/example_dag_decorator.py
[2023-03-27 21:19:48,501] {logging_mixin.py:115} INFO - [2023-03-27 21:19:48,501] {dag.py:2379} INFO - Sync 1 DAGs
[2023-03-27 21:19:48,508] {logging_mixin.py:115} INFO - [2023-03-27 21:19:48,508] {dag.py:2927} INFO - Setting next_dagrun for example_dag_decorator to None, run_after=None
[2023-03-27 21:19:48,514] {processor.py:161} INFO - Processing /Users/gabrielroger/Documents/projects/weather-data/.venv/lib/python3.9/site-packages/airflow/example_dags/example_dag_decorator.py took 0.340 seconds
[2023-03-27 21:20:55,907] {processor.py:153} INFO - Started process (PID=7177) to work on /Users/gabrielroger/Documents/projects/weather-data/.venv/lib/python3.9/site-packages/airflow/example_dags/example_dag_decorator.py
[2023-03-27 21:20:55,907] {processor.py:641} INFO - Processing file /Users/gabrielroger/Documents/projects/weather-data/.venv/lib/python3.9/site-packages/airflow/example_dags/example_dag_decorator.py for tasks to queue
[2023-03-27 21:20:55,908] {logging_mixin.py:115} INFO - [2023-03-27 21:20:55,908] {dagbag.py:507} INFO - Filling up the DagBag from /Users/gabrielroger/Documents/projects/weather-data/.venv/lib/python3.9/site-packages/airflow/example_dags/example_dag_decorator.py
[2023-03-27 21:20:56,005] {processor.py:651} INFO - DAG(s) dict_keys(['example_dag_decorator']) retrieved from /Users/gabrielroger/Documents/projects/weather-data/.venv/lib/python3.9/site-packages/airflow/example_dags/example_dag_decorator.py
[2023-03-27 21:20:56,234] {logging_mixin.py:115} INFO - [2023-03-27 21:20:56,234] {dag.py:2379} INFO - Sync 1 DAGs
[2023-03-27 21:20:56,242] {logging_mixin.py:115} INFO - [2023-03-27 21:20:56,242] {dag.py:2927} INFO - Setting next_dagrun for example_dag_decorator to None, run_after=None
[2023-03-27 21:20:56,248] {processor.py:161} INFO - Processing /Users/gabrielroger/Documents/projects/weather-data/.venv/lib/python3.9/site-packages/airflow/example_dags/example_dag_decorator.py took 0.341 seconds
[2023-03-27 21:22:04,685] {processor.py:153} INFO - Started process (PID=7289) to work on /Users/gabrielroger/Documents/projects/weather-data/.venv/lib/python3.9/site-packages/airflow/example_dags/example_dag_decorator.py
[2023-03-27 21:22:04,685] {processor.py:641} INFO - Processing file /Users/gabrielroger/Documents/projects/weather-data/.venv/lib/python3.9/site-packages/airflow/example_dags/example_dag_decorator.py for tasks to queue
[2023-03-27 21:22:04,685] {logging_mixin.py:115} INFO - [2023-03-27 21:22:04,685] {dagbag.py:507} INFO - Filling up the DagBag from /Users/gabrielroger/Documents/projects/weather-data/.venv/lib/python3.9/site-packages/airflow/example_dags/example_dag_decorator.py
[2023-03-27 21:22:04,785] {processor.py:651} INFO - DAG(s) dict_keys(['example_dag_decorator']) retrieved from /Users/gabrielroger/Documents/projects/weather-data/.venv/lib/python3.9/site-packages/airflow/example_dags/example_dag_decorator.py
[2023-03-27 21:22:05,012] {logging_mixin.py:115} INFO - [2023-03-27 21:22:05,011] {dag.py:2379} INFO - Sync 1 DAGs
[2023-03-27 21:22:05,019] {logging_mixin.py:115} INFO - [2023-03-27 21:22:05,019] {dag.py:2927} INFO - Setting next_dagrun for example_dag_decorator to None, run_after=None
[2023-03-27 21:22:05,025] {processor.py:161} INFO - Processing /Users/gabrielroger/Documents/projects/weather-data/.venv/lib/python3.9/site-packages/airflow/example_dags/example_dag_decorator.py took 0.340 seconds
[2023-03-27 21:23:10,065] {processor.py:153} INFO - Started process (PID=7399) to work on /Users/gabrielroger/Documents/projects/weather-data/.venv/lib/python3.9/site-packages/airflow/example_dags/example_dag_decorator.py
[2023-03-27 21:23:10,065] {processor.py:641} INFO - Processing file /Users/gabrielroger/Documents/projects/weather-data/.venv/lib/python3.9/site-packages/airflow/example_dags/example_dag_decorator.py for tasks to queue
[2023-03-27 21:23:10,065] {logging_mixin.py:115} INFO - [2023-03-27 21:23:10,065] {dagbag.py:507} INFO - Filling up the DagBag from /Users/gabrielroger/Documents/projects/weather-data/.venv/lib/python3.9/site-packages/airflow/example_dags/example_dag_decorator.py
[2023-03-27 21:23:10,164] {processor.py:651} INFO - DAG(s) dict_keys(['example_dag_decorator']) retrieved from /Users/gabrielroger/Documents/projects/weather-data/.venv/lib/python3.9/site-packages/airflow/example_dags/example_dag_decorator.py
[2023-03-27 21:23:10,397] {logging_mixin.py:115} INFO - [2023-03-27 21:23:10,397] {dag.py:2379} INFO - Sync 1 DAGs
[2023-03-27 21:23:10,404] {logging_mixin.py:115} INFO - [2023-03-27 21:23:10,404] {dag.py:2927} INFO - Setting next_dagrun for example_dag_decorator to None, run_after=None
[2023-03-27 21:23:10,410] {processor.py:161} INFO - Processing /Users/gabrielroger/Documents/projects/weather-data/.venv/lib/python3.9/site-packages/airflow/example_dags/example_dag_decorator.py took 0.346 seconds
[2023-03-27 21:24:16,679] {processor.py:153} INFO - Started process (PID=7514) to work on /Users/gabrielroger/Documents/projects/weather-data/.venv/lib/python3.9/site-packages/airflow/example_dags/example_dag_decorator.py
[2023-03-27 21:24:16,679] {processor.py:641} INFO - Processing file /Users/gabrielroger/Documents/projects/weather-data/.venv/lib/python3.9/site-packages/airflow/example_dags/example_dag_decorator.py for tasks to queue
[2023-03-27 21:24:16,679] {logging_mixin.py:115} INFO - [2023-03-27 21:24:16,679] {dagbag.py:507} INFO - Filling up the DagBag from /Users/gabrielroger/Documents/projects/weather-data/.venv/lib/python3.9/site-packages/airflow/example_dags/example_dag_decorator.py
[2023-03-27 21:24:16,778] {processor.py:651} INFO - DAG(s) dict_keys(['example_dag_decorator']) retrieved from /Users/gabrielroger/Documents/projects/weather-data/.venv/lib/python3.9/site-packages/airflow/example_dags/example_dag_decorator.py
[2023-03-27 21:24:17,019] {logging_mixin.py:115} INFO - [2023-03-27 21:24:17,019] {dag.py:2379} INFO - Sync 1 DAGs
[2023-03-27 21:24:17,028] {logging_mixin.py:115} INFO - [2023-03-27 21:24:17,027] {dag.py:2927} INFO - Setting next_dagrun for example_dag_decorator to None, run_after=None
[2023-03-27 21:24:17,033] {processor.py:161} INFO - Processing /Users/gabrielroger/Documents/projects/weather-data/.venv/lib/python3.9/site-packages/airflow/example_dags/example_dag_decorator.py took 0.355 seconds
[2023-03-27 21:25:22,690] {processor.py:153} INFO - Started process (PID=7657) to work on /Users/gabrielroger/Documents/projects/weather-data/.venv/lib/python3.9/site-packages/airflow/example_dags/example_dag_decorator.py
[2023-03-27 21:25:22,691] {processor.py:641} INFO - Processing file /Users/gabrielroger/Documents/projects/weather-data/.venv/lib/python3.9/site-packages/airflow/example_dags/example_dag_decorator.py for tasks to queue
[2023-03-27 21:25:22,691] {logging_mixin.py:115} INFO - [2023-03-27 21:25:22,691] {dagbag.py:507} INFO - Filling up the DagBag from /Users/gabrielroger/Documents/projects/weather-data/.venv/lib/python3.9/site-packages/airflow/example_dags/example_dag_decorator.py
[2023-03-27 21:25:22,793] {processor.py:651} INFO - DAG(s) dict_keys(['example_dag_decorator']) retrieved from /Users/gabrielroger/Documents/projects/weather-data/.venv/lib/python3.9/site-packages/airflow/example_dags/example_dag_decorator.py
[2023-03-27 21:25:23,028] {logging_mixin.py:115} INFO - [2023-03-27 21:25:23,027] {dag.py:2379} INFO - Sync 1 DAGs
[2023-03-27 21:25:23,035] {logging_mixin.py:115} INFO - [2023-03-27 21:25:23,035] {dag.py:2927} INFO - Setting next_dagrun for example_dag_decorator to None, run_after=None
[2023-03-27 21:25:23,040] {processor.py:161} INFO - Processing /Users/gabrielroger/Documents/projects/weather-data/.venv/lib/python3.9/site-packages/airflow/example_dags/example_dag_decorator.py took 0.351 seconds
[2023-03-27 21:26:28,923] {processor.py:153} INFO - Started process (PID=7774) to work on /Users/gabrielroger/Documents/projects/weather-data/.venv/lib/python3.9/site-packages/airflow/example_dags/example_dag_decorator.py
[2023-03-27 21:26:28,923] {processor.py:641} INFO - Processing file /Users/gabrielroger/Documents/projects/weather-data/.venv/lib/python3.9/site-packages/airflow/example_dags/example_dag_decorator.py for tasks to queue
[2023-03-27 21:26:28,923] {logging_mixin.py:115} INFO - [2023-03-27 21:26:28,923] {dagbag.py:507} INFO - Filling up the DagBag from /Users/gabrielroger/Documents/projects/weather-data/.venv/lib/python3.9/site-packages/airflow/example_dags/example_dag_decorator.py
[2023-03-27 21:26:29,022] {processor.py:651} INFO - DAG(s) dict_keys(['example_dag_decorator']) retrieved from /Users/gabrielroger/Documents/projects/weather-data/.venv/lib/python3.9/site-packages/airflow/example_dags/example_dag_decorator.py
[2023-03-27 21:26:29,252] {logging_mixin.py:115} INFO - [2023-03-27 21:26:29,252] {dag.py:2379} INFO - Sync 1 DAGs
[2023-03-27 21:26:29,260] {logging_mixin.py:115} INFO - [2023-03-27 21:26:29,260] {dag.py:2927} INFO - Setting next_dagrun for example_dag_decorator to None, run_after=None
[2023-03-27 21:26:29,265] {processor.py:161} INFO - Processing /Users/gabrielroger/Documents/projects/weather-data/.venv/lib/python3.9/site-packages/airflow/example_dags/example_dag_decorator.py took 0.343 seconds
[2023-03-27 21:27:34,922] {processor.py:153} INFO - Started process (PID=7882) to work on /Users/gabrielroger/Documents/projects/weather-data/.venv/lib/python3.9/site-packages/airflow/example_dags/example_dag_decorator.py
[2023-03-27 21:27:34,922] {processor.py:641} INFO - Processing file /Users/gabrielroger/Documents/projects/weather-data/.venv/lib/python3.9/site-packages/airflow/example_dags/example_dag_decorator.py for tasks to queue
[2023-03-27 21:27:34,922] {logging_mixin.py:115} INFO - [2023-03-27 21:27:34,922] {dagbag.py:507} INFO - Filling up the DagBag from /Users/gabrielroger/Documents/projects/weather-data/.venv/lib/python3.9/site-packages/airflow/example_dags/example_dag_decorator.py
[2023-03-27 21:27:35,019] {processor.py:651} INFO - DAG(s) dict_keys(['example_dag_decorator']) retrieved from /Users/gabrielroger/Documents/projects/weather-data/.venv/lib/python3.9/site-packages/airflow/example_dags/example_dag_decorator.py
[2023-03-27 21:27:35,246] {logging_mixin.py:115} INFO - [2023-03-27 21:27:35,245] {dag.py:2379} INFO - Sync 1 DAGs
[2023-03-27 21:27:35,253] {logging_mixin.py:115} INFO - [2023-03-27 21:27:35,253] {dag.py:2927} INFO - Setting next_dagrun for example_dag_decorator to None, run_after=None
[2023-03-27 21:27:35,259] {processor.py:161} INFO - Processing /Users/gabrielroger/Documents/projects/weather-data/.venv/lib/python3.9/site-packages/airflow/example_dags/example_dag_decorator.py took 0.337 seconds
[2023-03-27 21:28:40,333] {processor.py:153} INFO - Started process (PID=7998) to work on /Users/gabrielroger/Documents/projects/weather-data/.venv/lib/python3.9/site-packages/airflow/example_dags/example_dag_decorator.py
[2023-03-27 21:28:40,333] {processor.py:641} INFO - Processing file /Users/gabrielroger/Documents/projects/weather-data/.venv/lib/python3.9/site-packages/airflow/example_dags/example_dag_decorator.py for tasks to queue
[2023-03-27 21:28:40,334] {logging_mixin.py:115} INFO - [2023-03-27 21:28:40,334] {dagbag.py:507} INFO - Filling up the DagBag from /Users/gabrielroger/Documents/projects/weather-data/.venv/lib/python3.9/site-packages/airflow/example_dags/example_dag_decorator.py
[2023-03-27 21:28:40,439] {processor.py:651} INFO - DAG(s) dict_keys(['example_dag_decorator']) retrieved from /Users/gabrielroger/Documents/projects/weather-data/.venv/lib/python3.9/site-packages/airflow/example_dags/example_dag_decorator.py
[2023-03-27 21:28:40,702] {logging_mixin.py:115} INFO - [2023-03-27 21:28:40,702] {dag.py:2379} INFO - Sync 1 DAGs
[2023-03-27 21:28:40,710] {logging_mixin.py:115} INFO - [2023-03-27 21:28:40,710] {dag.py:2927} INFO - Setting next_dagrun for example_dag_decorator to None, run_after=None
[2023-03-27 21:28:40,717] {processor.py:161} INFO - Processing /Users/gabrielroger/Documents/projects/weather-data/.venv/lib/python3.9/site-packages/airflow/example_dags/example_dag_decorator.py took 0.384 seconds
[2023-03-27 21:29:43,069] {processor.py:153} INFO - Started process (PID=8122) to work on /Users/gabrielroger/Documents/projects/weather-data/.venv/lib/python3.9/site-packages/airflow/example_dags/example_dag_decorator.py
[2023-03-27 21:29:43,069] {processor.py:641} INFO - Processing file /Users/gabrielroger/Documents/projects/weather-data/.venv/lib/python3.9/site-packages/airflow/example_dags/example_dag_decorator.py for tasks to queue
[2023-03-27 21:29:43,070] {logging_mixin.py:115} INFO - [2023-03-27 21:29:43,070] {dagbag.py:507} INFO - Filling up the DagBag from /Users/gabrielroger/Documents/projects/weather-data/.venv/lib/python3.9/site-packages/airflow/example_dags/example_dag_decorator.py
[2023-03-27 21:29:43,184] {processor.py:651} INFO - DAG(s) dict_keys(['example_dag_decorator']) retrieved from /Users/gabrielroger/Documents/projects/weather-data/.venv/lib/python3.9/site-packages/airflow/example_dags/example_dag_decorator.py
[2023-03-27 21:29:43,464] {logging_mixin.py:115} INFO - [2023-03-27 21:29:43,464] {dag.py:2379} INFO - Sync 1 DAGs
[2023-03-27 21:29:43,471] {logging_mixin.py:115} INFO - [2023-03-27 21:29:43,471] {dag.py:2927} INFO - Setting next_dagrun for example_dag_decorator to None, run_after=None
[2023-03-27 21:29:43,477] {processor.py:161} INFO - Processing /Users/gabrielroger/Documents/projects/weather-data/.venv/lib/python3.9/site-packages/airflow/example_dags/example_dag_decorator.py took 0.408 seconds
[2023-03-27 21:30:48,505] {processor.py:153} INFO - Started process (PID=8255) to work on /Users/gabrielroger/Documents/projects/weather-data/.venv/lib/python3.9/site-packages/airflow/example_dags/example_dag_decorator.py
[2023-03-27 21:30:48,505] {processor.py:641} INFO - Processing file /Users/gabrielroger/Documents/projects/weather-data/.venv/lib/python3.9/site-packages/airflow/example_dags/example_dag_decorator.py for tasks to queue
[2023-03-27 21:30:48,505] {logging_mixin.py:115} INFO - [2023-03-27 21:30:48,505] {dagbag.py:507} INFO - Filling up the DagBag from /Users/gabrielroger/Documents/projects/weather-data/.venv/lib/python3.9/site-packages/airflow/example_dags/example_dag_decorator.py
[2023-03-27 21:30:48,604] {processor.py:651} INFO - DAG(s) dict_keys(['example_dag_decorator']) retrieved from /Users/gabrielroger/Documents/projects/weather-data/.venv/lib/python3.9/site-packages/airflow/example_dags/example_dag_decorator.py
[2023-03-27 21:30:48,834] {logging_mixin.py:115} INFO - [2023-03-27 21:30:48,834] {dag.py:2379} INFO - Sync 1 DAGs
[2023-03-27 21:30:48,841] {logging_mixin.py:115} INFO - [2023-03-27 21:30:48,841] {dag.py:2927} INFO - Setting next_dagrun for example_dag_decorator to None, run_after=None
[2023-03-27 21:30:48,847] {processor.py:161} INFO - Processing /Users/gabrielroger/Documents/projects/weather-data/.venv/lib/python3.9/site-packages/airflow/example_dags/example_dag_decorator.py took 0.343 seconds
[2023-03-27 21:31:52,272] {processor.py:153} INFO - Started process (PID=8361) to work on /Users/gabrielroger/Documents/projects/weather-data/.venv/lib/python3.9/site-packages/airflow/example_dags/example_dag_decorator.py
[2023-03-27 21:31:52,272] {processor.py:641} INFO - Processing file /Users/gabrielroger/Documents/projects/weather-data/.venv/lib/python3.9/site-packages/airflow/example_dags/example_dag_decorator.py for tasks to queue
[2023-03-27 21:31:52,272] {logging_mixin.py:115} INFO - [2023-03-27 21:31:52,272] {dagbag.py:507} INFO - Filling up the DagBag from /Users/gabrielroger/Documents/projects/weather-data/.venv/lib/python3.9/site-packages/airflow/example_dags/example_dag_decorator.py
[2023-03-27 21:31:52,371] {processor.py:651} INFO - DAG(s) dict_keys(['example_dag_decorator']) retrieved from /Users/gabrielroger/Documents/projects/weather-data/.venv/lib/python3.9/site-packages/airflow/example_dags/example_dag_decorator.py
[2023-03-27 21:31:52,598] {logging_mixin.py:115} INFO - [2023-03-27 21:31:52,598] {dag.py:2379} INFO - Sync 1 DAGs
[2023-03-27 21:31:52,605] {logging_mixin.py:115} INFO - [2023-03-27 21:31:52,605] {dag.py:2927} INFO - Setting next_dagrun for example_dag_decorator to None, run_after=None
[2023-03-27 21:31:52,611] {processor.py:161} INFO - Processing /Users/gabrielroger/Documents/projects/weather-data/.venv/lib/python3.9/site-packages/airflow/example_dags/example_dag_decorator.py took 0.340 seconds
[2023-03-27 21:32:59,775] {processor.py:153} INFO - Started process (PID=8472) to work on /Users/gabrielroger/Documents/projects/weather-data/.venv/lib/python3.9/site-packages/airflow/example_dags/example_dag_decorator.py
[2023-03-27 21:32:59,775] {processor.py:641} INFO - Processing file /Users/gabrielroger/Documents/projects/weather-data/.venv/lib/python3.9/site-packages/airflow/example_dags/example_dag_decorator.py for tasks to queue
[2023-03-27 21:32:59,775] {logging_mixin.py:115} INFO - [2023-03-27 21:32:59,775] {dagbag.py:507} INFO - Filling up the DagBag from /Users/gabrielroger/Documents/projects/weather-data/.venv/lib/python3.9/site-packages/airflow/example_dags/example_dag_decorator.py
[2023-03-27 21:32:59,872] {processor.py:651} INFO - DAG(s) dict_keys(['example_dag_decorator']) retrieved from /Users/gabrielroger/Documents/projects/weather-data/.venv/lib/python3.9/site-packages/airflow/example_dags/example_dag_decorator.py
[2023-03-27 21:33:00,102] {logging_mixin.py:115} INFO - [2023-03-27 21:33:00,102] {dag.py:2379} INFO - Sync 1 DAGs
[2023-03-27 21:33:00,109] {logging_mixin.py:115} INFO - [2023-03-27 21:33:00,109] {dag.py:2927} INFO - Setting next_dagrun for example_dag_decorator to None, run_after=None
[2023-03-27 21:33:00,115] {processor.py:161} INFO - Processing /Users/gabrielroger/Documents/projects/weather-data/.venv/lib/python3.9/site-packages/airflow/example_dags/example_dag_decorator.py took 0.341 seconds
[2023-03-27 21:34:07,494] {processor.py:153} INFO - Started process (PID=8588) to work on /Users/gabrielroger/Documents/projects/weather-data/.venv/lib/python3.9/site-packages/airflow/example_dags/example_dag_decorator.py
[2023-03-27 21:34:07,494] {processor.py:641} INFO - Processing file /Users/gabrielroger/Documents/projects/weather-data/.venv/lib/python3.9/site-packages/airflow/example_dags/example_dag_decorator.py for tasks to queue
[2023-03-27 21:34:07,494] {logging_mixin.py:115} INFO - [2023-03-27 21:34:07,494] {dagbag.py:507} INFO - Filling up the DagBag from /Users/gabrielroger/Documents/projects/weather-data/.venv/lib/python3.9/site-packages/airflow/example_dags/example_dag_decorator.py
[2023-03-27 21:34:07,591] {processor.py:651} INFO - DAG(s) dict_keys(['example_dag_decorator']) retrieved from /Users/gabrielroger/Documents/projects/weather-data/.venv/lib/python3.9/site-packages/airflow/example_dags/example_dag_decorator.py
[2023-03-27 21:34:07,822] {logging_mixin.py:115} INFO - [2023-03-27 21:34:07,822] {dag.py:2379} INFO - Sync 1 DAGs
[2023-03-27 21:34:07,829] {logging_mixin.py:115} INFO - [2023-03-27 21:34:07,829] {dag.py:2927} INFO - Setting next_dagrun for example_dag_decorator to None, run_after=None
[2023-03-27 21:34:07,835] {processor.py:161} INFO - Processing /Users/gabrielroger/Documents/projects/weather-data/.venv/lib/python3.9/site-packages/airflow/example_dags/example_dag_decorator.py took 0.342 seconds
[2023-03-27 22:00:04,126] {processor.py:153} INFO - Started process (PID=8769) to work on /Users/gabrielroger/Documents/projects/weather-data/.venv/lib/python3.9/site-packages/airflow/example_dags/example_dag_decorator.py
[2023-03-27 22:00:04,126] {processor.py:641} INFO - Processing file /Users/gabrielroger/Documents/projects/weather-data/.venv/lib/python3.9/site-packages/airflow/example_dags/example_dag_decorator.py for tasks to queue
[2023-03-27 22:00:04,126] {logging_mixin.py:115} INFO - [2023-03-27 22:00:04,126] {dagbag.py:507} INFO - Filling up the DagBag from /Users/gabrielroger/Documents/projects/weather-data/.venv/lib/python3.9/site-packages/airflow/example_dags/example_dag_decorator.py
[2023-03-27 22:00:04,224] {processor.py:651} INFO - DAG(s) dict_keys(['example_dag_decorator']) retrieved from /Users/gabrielroger/Documents/projects/weather-data/.venv/lib/python3.9/site-packages/airflow/example_dags/example_dag_decorator.py
[2023-03-27 22:00:04,450] {logging_mixin.py:115} INFO - [2023-03-27 22:00:04,450] {dag.py:2379} INFO - Sync 1 DAGs
[2023-03-27 22:00:04,457] {logging_mixin.py:115} INFO - [2023-03-27 22:00:04,457] {dag.py:2927} INFO - Setting next_dagrun for example_dag_decorator to None, run_after=None
[2023-03-27 22:00:04,463] {processor.py:161} INFO - Processing /Users/gabrielroger/Documents/projects/weather-data/.venv/lib/python3.9/site-packages/airflow/example_dags/example_dag_decorator.py took 0.337 seconds
[2023-03-27 22:56:20,365] {processor.py:153} INFO - Started process (PID=8930) to work on /Users/gabrielroger/Documents/projects/weather-data/.venv/lib/python3.9/site-packages/airflow/example_dags/example_dag_decorator.py
[2023-03-27 22:56:20,365] {processor.py:641} INFO - Processing file /Users/gabrielroger/Documents/projects/weather-data/.venv/lib/python3.9/site-packages/airflow/example_dags/example_dag_decorator.py for tasks to queue
[2023-03-27 22:56:20,365] {logging_mixin.py:115} INFO - [2023-03-27 22:56:20,365] {dagbag.py:507} INFO - Filling up the DagBag from /Users/gabrielroger/Documents/projects/weather-data/.venv/lib/python3.9/site-packages/airflow/example_dags/example_dag_decorator.py
[2023-03-27 22:56:20,486] {processor.py:651} INFO - DAG(s) dict_keys(['example_dag_decorator']) retrieved from /Users/gabrielroger/Documents/projects/weather-data/.venv/lib/python3.9/site-packages/airflow/example_dags/example_dag_decorator.py
[2023-03-27 22:56:20,739] {logging_mixin.py:115} INFO - [2023-03-27 22:56:20,738] {dag.py:2379} INFO - Sync 1 DAGs
[2023-03-27 22:56:20,746] {logging_mixin.py:115} INFO - [2023-03-27 22:56:20,746] {dag.py:2927} INFO - Setting next_dagrun for example_dag_decorator to None, run_after=None
[2023-03-27 22:56:20,751] {processor.py:161} INFO - Processing /Users/gabrielroger/Documents/projects/weather-data/.venv/lib/python3.9/site-packages/airflow/example_dags/example_dag_decorator.py took 0.386 seconds
