[2023-03-27 21:09:40,847] {processor.py:153} INFO - Started process (PID=6039) to work on /Users/gabrielroger/Documents/projects/weather-data/.venv/lib/python3.9/site-packages/airflow/example_dags/tutorial_taskflow_api_etl.py
[2023-03-27 21:09:40,847] {processor.py:641} INFO - Processing file /Users/gabrielroger/Documents/projects/weather-data/.venv/lib/python3.9/site-packages/airflow/example_dags/tutorial_taskflow_api_etl.py for tasks to queue
[2023-03-27 21:09:40,847] {logging_mixin.py:115} INFO - [2023-03-27 21:09:40,847] {dagbag.py:507} INFO - Filling up the DagBag from /Users/gabrielroger/Documents/projects/weather-data/.venv/lib/python3.9/site-packages/airflow/example_dags/tutorial_taskflow_api_etl.py
[2023-03-27 21:09:40,867] {processor.py:651} INFO - DAG(s) dict_keys(['tutorial_taskflow_api_etl']) retrieved from /Users/gabrielroger/Documents/projects/weather-data/.venv/lib/python3.9/site-packages/airflow/example_dags/tutorial_taskflow_api_etl.py
[2023-03-27 21:09:41,202] {logging_mixin.py:115} INFO - [2023-03-27 21:09:41,202] {dag.py:2379} INFO - Sync 1 DAGs
[2023-03-27 21:09:41,208] {logging_mixin.py:115} INFO - [2023-03-27 21:09:41,208] {dag.py:2927} INFO - Setting next_dagrun for tutorial_taskflow_api_etl to None, run_after=None
[2023-03-27 21:09:41,214] {processor.py:161} INFO - Processing /Users/gabrielroger/Documents/projects/weather-data/.venv/lib/python3.9/site-packages/airflow/example_dags/tutorial_taskflow_api_etl.py took 0.368 seconds
[2023-03-27 21:10:32,878] {processor.py:153} INFO - Started process (PID=6134) to work on /Users/gabrielroger/Documents/projects/weather-data/.venv/lib/python3.9/site-packages/airflow/example_dags/tutorial_taskflow_api_etl.py
[2023-03-27 21:10:32,879] {processor.py:641} INFO - Processing file /Users/gabrielroger/Documents/projects/weather-data/.venv/lib/python3.9/site-packages/airflow/example_dags/tutorial_taskflow_api_etl.py for tasks to queue
[2023-03-27 21:10:32,879] {logging_mixin.py:115} INFO - [2023-03-27 21:10:32,879] {dagbag.py:507} INFO - Filling up the DagBag from /Users/gabrielroger/Documents/projects/weather-data/.venv/lib/python3.9/site-packages/airflow/example_dags/tutorial_taskflow_api_etl.py
[2023-03-27 21:10:32,897] {processor.py:651} INFO - DAG(s) dict_keys(['tutorial_taskflow_api_etl']) retrieved from /Users/gabrielroger/Documents/projects/weather-data/.venv/lib/python3.9/site-packages/airflow/example_dags/tutorial_taskflow_api_etl.py
[2023-03-27 21:10:33,324] {logging_mixin.py:115} INFO - [2023-03-27 21:10:33,324] {dag.py:2379} INFO - Sync 1 DAGs
[2023-03-27 21:10:33,331] {logging_mixin.py:115} INFO - [2023-03-27 21:10:33,331] {dag.py:2927} INFO - Setting next_dagrun for tutorial_taskflow_api_etl to None, run_after=None
[2023-03-27 21:10:33,338] {processor.py:161} INFO - Processing /Users/gabrielroger/Documents/projects/weather-data/.venv/lib/python3.9/site-packages/airflow/example_dags/tutorial_taskflow_api_etl.py took 0.460 seconds
[2023-03-27 21:11:17,482] {processor.py:153} INFO - Started process (PID=6212) to work on /Users/gabrielroger/Documents/projects/weather-data/.venv/lib/python3.9/site-packages/airflow/example_dags/tutorial_taskflow_api_etl.py
[2023-03-27 21:11:17,482] {processor.py:641} INFO - Processing file /Users/gabrielroger/Documents/projects/weather-data/.venv/lib/python3.9/site-packages/airflow/example_dags/tutorial_taskflow_api_etl.py for tasks to queue
[2023-03-27 21:11:17,482] {logging_mixin.py:115} INFO - [2023-03-27 21:11:17,482] {dagbag.py:507} INFO - Filling up the DagBag from /Users/gabrielroger/Documents/projects/weather-data/.venv/lib/python3.9/site-packages/airflow/example_dags/tutorial_taskflow_api_etl.py
[2023-03-27 21:11:17,500] {processor.py:651} INFO - DAG(s) dict_keys(['tutorial_taskflow_api_etl']) retrieved from /Users/gabrielroger/Documents/projects/weather-data/.venv/lib/python3.9/site-packages/airflow/example_dags/tutorial_taskflow_api_etl.py
[2023-03-27 21:11:17,862] {logging_mixin.py:115} INFO - [2023-03-27 21:11:17,862] {dag.py:2379} INFO - Sync 1 DAGs
[2023-03-27 21:11:17,869] {logging_mixin.py:115} INFO - [2023-03-27 21:11:17,869] {dag.py:2927} INFO - Setting next_dagrun for tutorial_taskflow_api_etl to None, run_after=None
[2023-03-27 21:11:17,876] {processor.py:161} INFO - Processing /Users/gabrielroger/Documents/projects/weather-data/.venv/lib/python3.9/site-packages/airflow/example_dags/tutorial_taskflow_api_etl.py took 0.394 seconds
[2023-03-27 21:12:01,982] {processor.py:153} INFO - Started process (PID=6286) to work on /Users/gabrielroger/Documents/projects/weather-data/.venv/lib/python3.9/site-packages/airflow/example_dags/tutorial_taskflow_api_etl.py
[2023-03-27 21:12:01,983] {processor.py:641} INFO - Processing file /Users/gabrielroger/Documents/projects/weather-data/.venv/lib/python3.9/site-packages/airflow/example_dags/tutorial_taskflow_api_etl.py for tasks to queue
[2023-03-27 21:12:01,983] {logging_mixin.py:115} INFO - [2023-03-27 21:12:01,983] {dagbag.py:507} INFO - Filling up the DagBag from /Users/gabrielroger/Documents/projects/weather-data/.venv/lib/python3.9/site-packages/airflow/example_dags/tutorial_taskflow_api_etl.py
[2023-03-27 21:12:02,002] {processor.py:651} INFO - DAG(s) dict_keys(['tutorial_taskflow_api_etl']) retrieved from /Users/gabrielroger/Documents/projects/weather-data/.venv/lib/python3.9/site-packages/airflow/example_dags/tutorial_taskflow_api_etl.py
[2023-03-27 21:12:02,313] {logging_mixin.py:115} INFO - [2023-03-27 21:12:02,313] {dag.py:2379} INFO - Sync 1 DAGs
[2023-03-27 21:12:02,320] {logging_mixin.py:115} INFO - [2023-03-27 21:12:02,320] {dag.py:2927} INFO - Setting next_dagrun for tutorial_taskflow_api_etl to None, run_after=None
[2023-03-27 21:12:02,326] {processor.py:161} INFO - Processing /Users/gabrielroger/Documents/projects/weather-data/.venv/lib/python3.9/site-packages/airflow/example_dags/tutorial_taskflow_api_etl.py took 0.345 seconds
[2023-03-27 21:12:50,418] {processor.py:153} INFO - Started process (PID=6364) to work on /Users/gabrielroger/Documents/projects/weather-data/.venv/lib/python3.9/site-packages/airflow/example_dags/tutorial_taskflow_api_etl.py
[2023-03-27 21:12:50,419] {processor.py:641} INFO - Processing file /Users/gabrielroger/Documents/projects/weather-data/.venv/lib/python3.9/site-packages/airflow/example_dags/tutorial_taskflow_api_etl.py for tasks to queue
[2023-03-27 21:12:50,419] {logging_mixin.py:115} INFO - [2023-03-27 21:12:50,419] {dagbag.py:507} INFO - Filling up the DagBag from /Users/gabrielroger/Documents/projects/weather-data/.venv/lib/python3.9/site-packages/airflow/example_dags/tutorial_taskflow_api_etl.py
[2023-03-27 21:12:50,436] {processor.py:651} INFO - DAG(s) dict_keys(['tutorial_taskflow_api_etl']) retrieved from /Users/gabrielroger/Documents/projects/weather-data/.venv/lib/python3.9/site-packages/airflow/example_dags/tutorial_taskflow_api_etl.py
[2023-03-27 21:12:50,746] {logging_mixin.py:115} INFO - [2023-03-27 21:12:50,746] {dag.py:2379} INFO - Sync 1 DAGs
[2023-03-27 21:12:50,752] {logging_mixin.py:115} INFO - [2023-03-27 21:12:50,752] {dag.py:2927} INFO - Setting next_dagrun for tutorial_taskflow_api_etl to None, run_after=None
[2023-03-27 21:12:50,759] {processor.py:161} INFO - Processing /Users/gabrielroger/Documents/projects/weather-data/.venv/lib/python3.9/site-packages/airflow/example_dags/tutorial_taskflow_api_etl.py took 0.341 seconds
[2023-03-27 21:13:36,229] {processor.py:153} INFO - Started process (PID=6439) to work on /Users/gabrielroger/Documents/projects/weather-data/.venv/lib/python3.9/site-packages/airflow/example_dags/tutorial_taskflow_api_etl.py
[2023-03-27 21:13:36,229] {processor.py:641} INFO - Processing file /Users/gabrielroger/Documents/projects/weather-data/.venv/lib/python3.9/site-packages/airflow/example_dags/tutorial_taskflow_api_etl.py for tasks to queue
[2023-03-27 21:13:36,229] {logging_mixin.py:115} INFO - [2023-03-27 21:13:36,229] {dagbag.py:507} INFO - Filling up the DagBag from /Users/gabrielroger/Documents/projects/weather-data/.venv/lib/python3.9/site-packages/airflow/example_dags/tutorial_taskflow_api_etl.py
[2023-03-27 21:13:36,246] {processor.py:651} INFO - DAG(s) dict_keys(['tutorial_taskflow_api_etl']) retrieved from /Users/gabrielroger/Documents/projects/weather-data/.venv/lib/python3.9/site-packages/airflow/example_dags/tutorial_taskflow_api_etl.py
[2023-03-27 21:13:36,555] {logging_mixin.py:115} INFO - [2023-03-27 21:13:36,555] {dag.py:2379} INFO - Sync 1 DAGs
[2023-03-27 21:13:36,562] {logging_mixin.py:115} INFO - [2023-03-27 21:13:36,562] {dag.py:2927} INFO - Setting next_dagrun for tutorial_taskflow_api_etl to None, run_after=None
[2023-03-27 21:13:36,569] {processor.py:161} INFO - Processing /Users/gabrielroger/Documents/projects/weather-data/.venv/lib/python3.9/site-packages/airflow/example_dags/tutorial_taskflow_api_etl.py took 0.340 seconds
[2023-03-27 21:14:18,727] {processor.py:153} INFO - Started process (PID=6514) to work on /Users/gabrielroger/Documents/projects/weather-data/.venv/lib/python3.9/site-packages/airflow/example_dags/tutorial_taskflow_api_etl.py
[2023-03-27 21:14:18,728] {processor.py:641} INFO - Processing file /Users/gabrielroger/Documents/projects/weather-data/.venv/lib/python3.9/site-packages/airflow/example_dags/tutorial_taskflow_api_etl.py for tasks to queue
[2023-03-27 21:14:18,728] {logging_mixin.py:115} INFO - [2023-03-27 21:14:18,728] {dagbag.py:507} INFO - Filling up the DagBag from /Users/gabrielroger/Documents/projects/weather-data/.venv/lib/python3.9/site-packages/airflow/example_dags/tutorial_taskflow_api_etl.py
[2023-03-27 21:14:18,746] {processor.py:651} INFO - DAG(s) dict_keys(['tutorial_taskflow_api_etl']) retrieved from /Users/gabrielroger/Documents/projects/weather-data/.venv/lib/python3.9/site-packages/airflow/example_dags/tutorial_taskflow_api_etl.py
[2023-03-27 21:14:19,118] {logging_mixin.py:115} INFO - [2023-03-27 21:14:19,118] {dag.py:2379} INFO - Sync 1 DAGs
[2023-03-27 21:14:19,125] {logging_mixin.py:115} INFO - [2023-03-27 21:14:19,125] {dag.py:2927} INFO - Setting next_dagrun for tutorial_taskflow_api_etl to None, run_after=None
[2023-03-27 21:14:19,131] {processor.py:161} INFO - Processing /Users/gabrielroger/Documents/projects/weather-data/.venv/lib/python3.9/site-packages/airflow/example_dags/tutorial_taskflow_api_etl.py took 0.404 seconds
[2023-03-27 21:14:57,344] {processor.py:153} INFO - Started process (PID=6579) to work on /Users/gabrielroger/Documents/projects/weather-data/.venv/lib/python3.9/site-packages/airflow/example_dags/tutorial_taskflow_api_etl.py
[2023-03-27 21:14:57,345] {processor.py:641} INFO - Processing file /Users/gabrielroger/Documents/projects/weather-data/.venv/lib/python3.9/site-packages/airflow/example_dags/tutorial_taskflow_api_etl.py for tasks to queue
[2023-03-27 21:14:57,345] {logging_mixin.py:115} INFO - [2023-03-27 21:14:57,345] {dagbag.py:507} INFO - Filling up the DagBag from /Users/gabrielroger/Documents/projects/weather-data/.venv/lib/python3.9/site-packages/airflow/example_dags/tutorial_taskflow_api_etl.py
[2023-03-27 21:14:57,363] {processor.py:651} INFO - DAG(s) dict_keys(['tutorial_taskflow_api_etl']) retrieved from /Users/gabrielroger/Documents/projects/weather-data/.venv/lib/python3.9/site-packages/airflow/example_dags/tutorial_taskflow_api_etl.py
[2023-03-27 21:14:57,756] {logging_mixin.py:115} INFO - [2023-03-27 21:14:57,755] {dag.py:2379} INFO - Sync 1 DAGs
[2023-03-27 21:14:57,762] {logging_mixin.py:115} INFO - [2023-03-27 21:14:57,762] {dag.py:2927} INFO - Setting next_dagrun for tutorial_taskflow_api_etl to None, run_after=None
[2023-03-27 21:14:57,769] {processor.py:161} INFO - Processing /Users/gabrielroger/Documents/projects/weather-data/.venv/lib/python3.9/site-packages/airflow/example_dags/tutorial_taskflow_api_etl.py took 0.425 seconds
[2023-03-27 21:15:40,035] {processor.py:153} INFO - Started process (PID=6649) to work on /Users/gabrielroger/Documents/projects/weather-data/.venv/lib/python3.9/site-packages/airflow/example_dags/tutorial_taskflow_api_etl.py
[2023-03-27 21:15:40,035] {processor.py:641} INFO - Processing file /Users/gabrielroger/Documents/projects/weather-data/.venv/lib/python3.9/site-packages/airflow/example_dags/tutorial_taskflow_api_etl.py for tasks to queue
[2023-03-27 21:15:40,035] {logging_mixin.py:115} INFO - [2023-03-27 21:15:40,035] {dagbag.py:507} INFO - Filling up the DagBag from /Users/gabrielroger/Documents/projects/weather-data/.venv/lib/python3.9/site-packages/airflow/example_dags/tutorial_taskflow_api_etl.py
[2023-03-27 21:15:40,052] {processor.py:651} INFO - DAG(s) dict_keys(['tutorial_taskflow_api_etl']) retrieved from /Users/gabrielroger/Documents/projects/weather-data/.venv/lib/python3.9/site-packages/airflow/example_dags/tutorial_taskflow_api_etl.py
[2023-03-27 21:15:40,358] {logging_mixin.py:115} INFO - [2023-03-27 21:15:40,358] {dag.py:2379} INFO - Sync 1 DAGs
[2023-03-27 21:15:40,364] {logging_mixin.py:115} INFO - [2023-03-27 21:15:40,364] {dag.py:2927} INFO - Setting next_dagrun for tutorial_taskflow_api_etl to None, run_after=None
[2023-03-27 21:15:40,370] {processor.py:161} INFO - Processing /Users/gabrielroger/Documents/projects/weather-data/.venv/lib/python3.9/site-packages/airflow/example_dags/tutorial_taskflow_api_etl.py took 0.336 seconds
[2023-03-27 21:16:25,172] {processor.py:153} INFO - Started process (PID=6723) to work on /Users/gabrielroger/Documents/projects/weather-data/.venv/lib/python3.9/site-packages/airflow/example_dags/tutorial_taskflow_api_etl.py
[2023-03-27 21:16:25,173] {processor.py:641} INFO - Processing file /Users/gabrielroger/Documents/projects/weather-data/.venv/lib/python3.9/site-packages/airflow/example_dags/tutorial_taskflow_api_etl.py for tasks to queue
[2023-03-27 21:16:25,173] {logging_mixin.py:115} INFO - [2023-03-27 21:16:25,173] {dagbag.py:507} INFO - Filling up the DagBag from /Users/gabrielroger/Documents/projects/weather-data/.venv/lib/python3.9/site-packages/airflow/example_dags/tutorial_taskflow_api_etl.py
[2023-03-27 21:16:25,190] {processor.py:651} INFO - DAG(s) dict_keys(['tutorial_taskflow_api_etl']) retrieved from /Users/gabrielroger/Documents/projects/weather-data/.venv/lib/python3.9/site-packages/airflow/example_dags/tutorial_taskflow_api_etl.py
[2023-03-27 21:16:25,502] {logging_mixin.py:115} INFO - [2023-03-27 21:16:25,502] {dag.py:2379} INFO - Sync 1 DAGs
[2023-03-27 21:16:25,508] {logging_mixin.py:115} INFO - [2023-03-27 21:16:25,508] {dag.py:2927} INFO - Setting next_dagrun for tutorial_taskflow_api_etl to None, run_after=None
[2023-03-27 21:16:25,515] {processor.py:161} INFO - Processing /Users/gabrielroger/Documents/projects/weather-data/.venv/lib/python3.9/site-packages/airflow/example_dags/tutorial_taskflow_api_etl.py took 0.343 seconds
[2023-03-27 21:17:09,031] {processor.py:153} INFO - Started process (PID=6796) to work on /Users/gabrielroger/Documents/projects/weather-data/.venv/lib/python3.9/site-packages/airflow/example_dags/tutorial_taskflow_api_etl.py
[2023-03-27 21:17:09,031] {processor.py:641} INFO - Processing file /Users/gabrielroger/Documents/projects/weather-data/.venv/lib/python3.9/site-packages/airflow/example_dags/tutorial_taskflow_api_etl.py for tasks to queue
[2023-03-27 21:17:09,032] {logging_mixin.py:115} INFO - [2023-03-27 21:17:09,032] {dagbag.py:507} INFO - Filling up the DagBag from /Users/gabrielroger/Documents/projects/weather-data/.venv/lib/python3.9/site-packages/airflow/example_dags/tutorial_taskflow_api_etl.py
[2023-03-27 21:17:09,048] {processor.py:651} INFO - DAG(s) dict_keys(['tutorial_taskflow_api_etl']) retrieved from /Users/gabrielroger/Documents/projects/weather-data/.venv/lib/python3.9/site-packages/airflow/example_dags/tutorial_taskflow_api_etl.py
[2023-03-27 21:17:09,357] {logging_mixin.py:115} INFO - [2023-03-27 21:17:09,357] {dag.py:2379} INFO - Sync 1 DAGs
[2023-03-27 21:17:09,364] {logging_mixin.py:115} INFO - [2023-03-27 21:17:09,364] {dag.py:2927} INFO - Setting next_dagrun for tutorial_taskflow_api_etl to None, run_after=None
[2023-03-27 21:17:09,371] {processor.py:161} INFO - Processing /Users/gabrielroger/Documents/projects/weather-data/.venv/lib/python3.9/site-packages/airflow/example_dags/tutorial_taskflow_api_etl.py took 0.340 seconds
[2023-03-27 21:17:51,043] {processor.py:153} INFO - Started process (PID=6867) to work on /Users/gabrielroger/Documents/projects/weather-data/.venv/lib/python3.9/site-packages/airflow/example_dags/tutorial_taskflow_api_etl.py
[2023-03-27 21:17:51,043] {processor.py:641} INFO - Processing file /Users/gabrielroger/Documents/projects/weather-data/.venv/lib/python3.9/site-packages/airflow/example_dags/tutorial_taskflow_api_etl.py for tasks to queue
[2023-03-27 21:17:51,043] {logging_mixin.py:115} INFO - [2023-03-27 21:17:51,043] {dagbag.py:507} INFO - Filling up the DagBag from /Users/gabrielroger/Documents/projects/weather-data/.venv/lib/python3.9/site-packages/airflow/example_dags/tutorial_taskflow_api_etl.py
[2023-03-27 21:17:51,059] {processor.py:651} INFO - DAG(s) dict_keys(['tutorial_taskflow_api_etl']) retrieved from /Users/gabrielroger/Documents/projects/weather-data/.venv/lib/python3.9/site-packages/airflow/example_dags/tutorial_taskflow_api_etl.py
[2023-03-27 21:17:51,366] {logging_mixin.py:115} INFO - [2023-03-27 21:17:51,366] {dag.py:2379} INFO - Sync 1 DAGs
[2023-03-27 21:17:51,374] {logging_mixin.py:115} INFO - [2023-03-27 21:17:51,374] {dag.py:2927} INFO - Setting next_dagrun for tutorial_taskflow_api_etl to None, run_after=None
[2023-03-27 21:17:51,381] {processor.py:161} INFO - Processing /Users/gabrielroger/Documents/projects/weather-data/.venv/lib/python3.9/site-packages/airflow/example_dags/tutorial_taskflow_api_etl.py took 0.338 seconds
[2023-03-27 21:18:33,977] {processor.py:153} INFO - Started process (PID=6937) to work on /Users/gabrielroger/Documents/projects/weather-data/.venv/lib/python3.9/site-packages/airflow/example_dags/tutorial_taskflow_api_etl.py
[2023-03-27 21:18:33,978] {processor.py:641} INFO - Processing file /Users/gabrielroger/Documents/projects/weather-data/.venv/lib/python3.9/site-packages/airflow/example_dags/tutorial_taskflow_api_etl.py for tasks to queue
[2023-03-27 21:18:33,978] {logging_mixin.py:115} INFO - [2023-03-27 21:18:33,978] {dagbag.py:507} INFO - Filling up the DagBag from /Users/gabrielroger/Documents/projects/weather-data/.venv/lib/python3.9/site-packages/airflow/example_dags/tutorial_taskflow_api_etl.py
[2023-03-27 21:18:33,995] {processor.py:651} INFO - DAG(s) dict_keys(['tutorial_taskflow_api_etl']) retrieved from /Users/gabrielroger/Documents/projects/weather-data/.venv/lib/python3.9/site-packages/airflow/example_dags/tutorial_taskflow_api_etl.py
[2023-03-27 21:18:34,306] {logging_mixin.py:115} INFO - [2023-03-27 21:18:34,306] {dag.py:2379} INFO - Sync 1 DAGs
[2023-03-27 21:18:34,313] {logging_mixin.py:115} INFO - [2023-03-27 21:18:34,313] {dag.py:2927} INFO - Setting next_dagrun for tutorial_taskflow_api_etl to None, run_after=None
[2023-03-27 21:18:34,319] {processor.py:161} INFO - Processing /Users/gabrielroger/Documents/projects/weather-data/.venv/lib/python3.9/site-packages/airflow/example_dags/tutorial_taskflow_api_etl.py took 0.342 seconds
[2023-03-27 21:19:17,194] {processor.py:153} INFO - Started process (PID=7015) to work on /Users/gabrielroger/Documents/projects/weather-data/.venv/lib/python3.9/site-packages/airflow/example_dags/tutorial_taskflow_api_etl.py
[2023-03-27 21:19:17,195] {processor.py:641} INFO - Processing file /Users/gabrielroger/Documents/projects/weather-data/.venv/lib/python3.9/site-packages/airflow/example_dags/tutorial_taskflow_api_etl.py for tasks to queue
[2023-03-27 21:19:17,195] {logging_mixin.py:115} INFO - [2023-03-27 21:19:17,195] {dagbag.py:507} INFO - Filling up the DagBag from /Users/gabrielroger/Documents/projects/weather-data/.venv/lib/python3.9/site-packages/airflow/example_dags/tutorial_taskflow_api_etl.py
[2023-03-27 21:19:17,212] {processor.py:651} INFO - DAG(s) dict_keys(['tutorial_taskflow_api_etl']) retrieved from /Users/gabrielroger/Documents/projects/weather-data/.venv/lib/python3.9/site-packages/airflow/example_dags/tutorial_taskflow_api_etl.py
[2023-03-27 21:19:17,520] {logging_mixin.py:115} INFO - [2023-03-27 21:19:17,520] {dag.py:2379} INFO - Sync 1 DAGs
[2023-03-27 21:19:17,526] {logging_mixin.py:115} INFO - [2023-03-27 21:19:17,526] {dag.py:2927} INFO - Setting next_dagrun for tutorial_taskflow_api_etl to None, run_after=None
[2023-03-27 21:19:17,533] {processor.py:161} INFO - Processing /Users/gabrielroger/Documents/projects/weather-data/.venv/lib/python3.9/site-packages/airflow/example_dags/tutorial_taskflow_api_etl.py took 0.339 seconds
[2023-03-27 21:20:01,135] {processor.py:153} INFO - Started process (PID=7087) to work on /Users/gabrielroger/Documents/projects/weather-data/.venv/lib/python3.9/site-packages/airflow/example_dags/tutorial_taskflow_api_etl.py
[2023-03-27 21:20:01,135] {processor.py:641} INFO - Processing file /Users/gabrielroger/Documents/projects/weather-data/.venv/lib/python3.9/site-packages/airflow/example_dags/tutorial_taskflow_api_etl.py for tasks to queue
[2023-03-27 21:20:01,135] {logging_mixin.py:115} INFO - [2023-03-27 21:20:01,135] {dagbag.py:507} INFO - Filling up the DagBag from /Users/gabrielroger/Documents/projects/weather-data/.venv/lib/python3.9/site-packages/airflow/example_dags/tutorial_taskflow_api_etl.py
[2023-03-27 21:20:01,152] {processor.py:651} INFO - DAG(s) dict_keys(['tutorial_taskflow_api_etl']) retrieved from /Users/gabrielroger/Documents/projects/weather-data/.venv/lib/python3.9/site-packages/airflow/example_dags/tutorial_taskflow_api_etl.py
[2023-03-27 21:20:01,458] {logging_mixin.py:115} INFO - [2023-03-27 21:20:01,458] {dag.py:2379} INFO - Sync 1 DAGs
[2023-03-27 21:20:01,465] {logging_mixin.py:115} INFO - [2023-03-27 21:20:01,465] {dag.py:2927} INFO - Setting next_dagrun for tutorial_taskflow_api_etl to None, run_after=None
[2023-03-27 21:20:01,471] {processor.py:161} INFO - Processing /Users/gabrielroger/Documents/projects/weather-data/.venv/lib/python3.9/site-packages/airflow/example_dags/tutorial_taskflow_api_etl.py took 0.337 seconds
[2023-03-27 21:20:47,471] {processor.py:153} INFO - Started process (PID=7164) to work on /Users/gabrielroger/Documents/projects/weather-data/.venv/lib/python3.9/site-packages/airflow/example_dags/tutorial_taskflow_api_etl.py
[2023-03-27 21:20:47,471] {processor.py:641} INFO - Processing file /Users/gabrielroger/Documents/projects/weather-data/.venv/lib/python3.9/site-packages/airflow/example_dags/tutorial_taskflow_api_etl.py for tasks to queue
[2023-03-27 21:20:47,471] {logging_mixin.py:115} INFO - [2023-03-27 21:20:47,471] {dagbag.py:507} INFO - Filling up the DagBag from /Users/gabrielroger/Documents/projects/weather-data/.venv/lib/python3.9/site-packages/airflow/example_dags/tutorial_taskflow_api_etl.py
[2023-03-27 21:20:47,488] {processor.py:651} INFO - DAG(s) dict_keys(['tutorial_taskflow_api_etl']) retrieved from /Users/gabrielroger/Documents/projects/weather-data/.venv/lib/python3.9/site-packages/airflow/example_dags/tutorial_taskflow_api_etl.py
[2023-03-27 21:20:47,798] {logging_mixin.py:115} INFO - [2023-03-27 21:20:47,798] {dag.py:2379} INFO - Sync 1 DAGs
[2023-03-27 21:20:47,804] {logging_mixin.py:115} INFO - [2023-03-27 21:20:47,804] {dag.py:2927} INFO - Setting next_dagrun for tutorial_taskflow_api_etl to None, run_after=None
[2023-03-27 21:20:47,811] {processor.py:161} INFO - Processing /Users/gabrielroger/Documents/projects/weather-data/.venv/lib/python3.9/site-packages/airflow/example_dags/tutorial_taskflow_api_etl.py took 0.340 seconds
[2023-03-27 21:21:31,945] {processor.py:153} INFO - Started process (PID=7235) to work on /Users/gabrielroger/Documents/projects/weather-data/.venv/lib/python3.9/site-packages/airflow/example_dags/tutorial_taskflow_api_etl.py
[2023-03-27 21:21:31,945] {processor.py:641} INFO - Processing file /Users/gabrielroger/Documents/projects/weather-data/.venv/lib/python3.9/site-packages/airflow/example_dags/tutorial_taskflow_api_etl.py for tasks to queue
[2023-03-27 21:21:31,945] {logging_mixin.py:115} INFO - [2023-03-27 21:21:31,945] {dagbag.py:507} INFO - Filling up the DagBag from /Users/gabrielroger/Documents/projects/weather-data/.venv/lib/python3.9/site-packages/airflow/example_dags/tutorial_taskflow_api_etl.py
[2023-03-27 21:21:31,962] {processor.py:651} INFO - DAG(s) dict_keys(['tutorial_taskflow_api_etl']) retrieved from /Users/gabrielroger/Documents/projects/weather-data/.venv/lib/python3.9/site-packages/airflow/example_dags/tutorial_taskflow_api_etl.py
[2023-03-27 21:21:32,269] {logging_mixin.py:115} INFO - [2023-03-27 21:21:32,269] {dag.py:2379} INFO - Sync 1 DAGs
[2023-03-27 21:21:32,276] {logging_mixin.py:115} INFO - [2023-03-27 21:21:32,276] {dag.py:2927} INFO - Setting next_dagrun for tutorial_taskflow_api_etl to None, run_after=None
[2023-03-27 21:21:32,282] {processor.py:161} INFO - Processing /Users/gabrielroger/Documents/projects/weather-data/.venv/lib/python3.9/site-packages/airflow/example_dags/tutorial_taskflow_api_etl.py took 0.337 seconds
[2023-03-27 21:22:17,752] {processor.py:153} INFO - Started process (PID=7311) to work on /Users/gabrielroger/Documents/projects/weather-data/.venv/lib/python3.9/site-packages/airflow/example_dags/tutorial_taskflow_api_etl.py
[2023-03-27 21:22:17,752] {processor.py:641} INFO - Processing file /Users/gabrielroger/Documents/projects/weather-data/.venv/lib/python3.9/site-packages/airflow/example_dags/tutorial_taskflow_api_etl.py for tasks to queue
[2023-03-27 21:22:17,752] {logging_mixin.py:115} INFO - [2023-03-27 21:22:17,752] {dagbag.py:507} INFO - Filling up the DagBag from /Users/gabrielroger/Documents/projects/weather-data/.venv/lib/python3.9/site-packages/airflow/example_dags/tutorial_taskflow_api_etl.py
[2023-03-27 21:22:17,769] {processor.py:651} INFO - DAG(s) dict_keys(['tutorial_taskflow_api_etl']) retrieved from /Users/gabrielroger/Documents/projects/weather-data/.venv/lib/python3.9/site-packages/airflow/example_dags/tutorial_taskflow_api_etl.py
[2023-03-27 21:22:18,075] {logging_mixin.py:115} INFO - [2023-03-27 21:22:18,075] {dag.py:2379} INFO - Sync 1 DAGs
[2023-03-27 21:22:18,081] {logging_mixin.py:115} INFO - [2023-03-27 21:22:18,081] {dag.py:2927} INFO - Setting next_dagrun for tutorial_taskflow_api_etl to None, run_after=None
[2023-03-27 21:22:18,088] {processor.py:161} INFO - Processing /Users/gabrielroger/Documents/projects/weather-data/.venv/lib/python3.9/site-packages/airflow/example_dags/tutorial_taskflow_api_etl.py took 0.336 seconds
[2023-03-27 21:23:02,008] {processor.py:153} INFO - Started process (PID=7386) to work on /Users/gabrielroger/Documents/projects/weather-data/.venv/lib/python3.9/site-packages/airflow/example_dags/tutorial_taskflow_api_etl.py
[2023-03-27 21:23:02,008] {processor.py:641} INFO - Processing file /Users/gabrielroger/Documents/projects/weather-data/.venv/lib/python3.9/site-packages/airflow/example_dags/tutorial_taskflow_api_etl.py for tasks to queue
[2023-03-27 21:23:02,008] {logging_mixin.py:115} INFO - [2023-03-27 21:23:02,008] {dagbag.py:507} INFO - Filling up the DagBag from /Users/gabrielroger/Documents/projects/weather-data/.venv/lib/python3.9/site-packages/airflow/example_dags/tutorial_taskflow_api_etl.py
[2023-03-27 21:23:02,025] {processor.py:651} INFO - DAG(s) dict_keys(['tutorial_taskflow_api_etl']) retrieved from /Users/gabrielroger/Documents/projects/weather-data/.venv/lib/python3.9/site-packages/airflow/example_dags/tutorial_taskflow_api_etl.py
[2023-03-27 21:23:02,331] {logging_mixin.py:115} INFO - [2023-03-27 21:23:02,331] {dag.py:2379} INFO - Sync 1 DAGs
[2023-03-27 21:23:02,337] {logging_mixin.py:115} INFO - [2023-03-27 21:23:02,337] {dag.py:2927} INFO - Setting next_dagrun for tutorial_taskflow_api_etl to None, run_after=None
[2023-03-27 21:23:02,344] {processor.py:161} INFO - Processing /Users/gabrielroger/Documents/projects/weather-data/.venv/lib/python3.9/site-packages/airflow/example_dags/tutorial_taskflow_api_etl.py took 0.336 seconds
[2023-03-27 21:23:45,331] {processor.py:153} INFO - Started process (PID=7462) to work on /Users/gabrielroger/Documents/projects/weather-data/.venv/lib/python3.9/site-packages/airflow/example_dags/tutorial_taskflow_api_etl.py
[2023-03-27 21:23:45,332] {processor.py:641} INFO - Processing file /Users/gabrielroger/Documents/projects/weather-data/.venv/lib/python3.9/site-packages/airflow/example_dags/tutorial_taskflow_api_etl.py for tasks to queue
[2023-03-27 21:23:45,332] {logging_mixin.py:115} INFO - [2023-03-27 21:23:45,332] {dagbag.py:507} INFO - Filling up the DagBag from /Users/gabrielroger/Documents/projects/weather-data/.venv/lib/python3.9/site-packages/airflow/example_dags/tutorial_taskflow_api_etl.py
[2023-03-27 21:23:45,350] {processor.py:651} INFO - DAG(s) dict_keys(['tutorial_taskflow_api_etl']) retrieved from /Users/gabrielroger/Documents/projects/weather-data/.venv/lib/python3.9/site-packages/airflow/example_dags/tutorial_taskflow_api_etl.py
[2023-03-27 21:23:45,715] {logging_mixin.py:115} INFO - [2023-03-27 21:23:45,715] {dag.py:2379} INFO - Sync 1 DAGs
[2023-03-27 21:23:45,722] {logging_mixin.py:115} INFO - [2023-03-27 21:23:45,722] {dag.py:2927} INFO - Setting next_dagrun for tutorial_taskflow_api_etl to None, run_after=None
[2023-03-27 21:23:45,728] {processor.py:161} INFO - Processing /Users/gabrielroger/Documents/projects/weather-data/.venv/lib/python3.9/site-packages/airflow/example_dags/tutorial_taskflow_api_etl.py took 0.397 seconds
[2023-03-27 21:24:29,512] {processor.py:153} INFO - Started process (PID=7548) to work on /Users/gabrielroger/Documents/projects/weather-data/.venv/lib/python3.9/site-packages/airflow/example_dags/tutorial_taskflow_api_etl.py
[2023-03-27 21:24:29,513] {processor.py:641} INFO - Processing file /Users/gabrielroger/Documents/projects/weather-data/.venv/lib/python3.9/site-packages/airflow/example_dags/tutorial_taskflow_api_etl.py for tasks to queue
[2023-03-27 21:24:29,513] {logging_mixin.py:115} INFO - [2023-03-27 21:24:29,513] {dagbag.py:507} INFO - Filling up the DagBag from /Users/gabrielroger/Documents/projects/weather-data/.venv/lib/python3.9/site-packages/airflow/example_dags/tutorial_taskflow_api_etl.py
[2023-03-27 21:24:29,531] {processor.py:651} INFO - DAG(s) dict_keys(['tutorial_taskflow_api_etl']) retrieved from /Users/gabrielroger/Documents/projects/weather-data/.venv/lib/python3.9/site-packages/airflow/example_dags/tutorial_taskflow_api_etl.py
[2023-03-27 21:24:29,856] {logging_mixin.py:115} INFO - [2023-03-27 21:24:29,856] {dag.py:2379} INFO - Sync 1 DAGs
[2023-03-27 21:24:29,862] {logging_mixin.py:115} INFO - [2023-03-27 21:24:29,862] {dag.py:2927} INFO - Setting next_dagrun for tutorial_taskflow_api_etl to None, run_after=None
[2023-03-27 21:24:29,868] {processor.py:161} INFO - Processing /Users/gabrielroger/Documents/projects/weather-data/.venv/lib/python3.9/site-packages/airflow/example_dags/tutorial_taskflow_api_etl.py took 0.357 seconds
[2023-03-27 21:25:13,653] {processor.py:153} INFO - Started process (PID=7643) to work on /Users/gabrielroger/Documents/projects/weather-data/.venv/lib/python3.9/site-packages/airflow/example_dags/tutorial_taskflow_api_etl.py
[2023-03-27 21:25:13,653] {processor.py:641} INFO - Processing file /Users/gabrielroger/Documents/projects/weather-data/.venv/lib/python3.9/site-packages/airflow/example_dags/tutorial_taskflow_api_etl.py for tasks to queue
[2023-03-27 21:25:13,654] {logging_mixin.py:115} INFO - [2023-03-27 21:25:13,654] {dagbag.py:507} INFO - Filling up the DagBag from /Users/gabrielroger/Documents/projects/weather-data/.venv/lib/python3.9/site-packages/airflow/example_dags/tutorial_taskflow_api_etl.py
[2023-03-27 21:25:13,672] {processor.py:651} INFO - DAG(s) dict_keys(['tutorial_taskflow_api_etl']) retrieved from /Users/gabrielroger/Documents/projects/weather-data/.venv/lib/python3.9/site-packages/airflow/example_dags/tutorial_taskflow_api_etl.py
[2023-03-27 21:25:13,986] {logging_mixin.py:115} INFO - [2023-03-27 21:25:13,986] {dag.py:2379} INFO - Sync 1 DAGs
[2023-03-27 21:25:13,993] {logging_mixin.py:115} INFO - [2023-03-27 21:25:13,993] {dag.py:2927} INFO - Setting next_dagrun for tutorial_taskflow_api_etl to None, run_after=None
[2023-03-27 21:25:13,999] {processor.py:161} INFO - Processing /Users/gabrielroger/Documents/projects/weather-data/.venv/lib/python3.9/site-packages/airflow/example_dags/tutorial_taskflow_api_etl.py took 0.346 seconds
[2023-03-27 21:25:56,420] {processor.py:153} INFO - Started process (PID=7720) to work on /Users/gabrielroger/Documents/projects/weather-data/.venv/lib/python3.9/site-packages/airflow/example_dags/tutorial_taskflow_api_etl.py
[2023-03-27 21:25:56,420] {processor.py:641} INFO - Processing file /Users/gabrielroger/Documents/projects/weather-data/.venv/lib/python3.9/site-packages/airflow/example_dags/tutorial_taskflow_api_etl.py for tasks to queue
[2023-03-27 21:25:56,420] {logging_mixin.py:115} INFO - [2023-03-27 21:25:56,420] {dagbag.py:507} INFO - Filling up the DagBag from /Users/gabrielroger/Documents/projects/weather-data/.venv/lib/python3.9/site-packages/airflow/example_dags/tutorial_taskflow_api_etl.py
[2023-03-27 21:25:56,437] {processor.py:651} INFO - DAG(s) dict_keys(['tutorial_taskflow_api_etl']) retrieved from /Users/gabrielroger/Documents/projects/weather-data/.venv/lib/python3.9/site-packages/airflow/example_dags/tutorial_taskflow_api_etl.py
[2023-03-27 21:25:56,750] {logging_mixin.py:115} INFO - [2023-03-27 21:25:56,750] {dag.py:2379} INFO - Sync 1 DAGs
[2023-03-27 21:25:56,757] {logging_mixin.py:115} INFO - [2023-03-27 21:25:56,757] {dag.py:2927} INFO - Setting next_dagrun for tutorial_taskflow_api_etl to None, run_after=None
[2023-03-27 21:25:56,765] {processor.py:161} INFO - Processing /Users/gabrielroger/Documents/projects/weather-data/.venv/lib/python3.9/site-packages/airflow/example_dags/tutorial_taskflow_api_etl.py took 0.345 seconds
[2023-03-27 21:26:41,989] {processor.py:153} INFO - Started process (PID=7796) to work on /Users/gabrielroger/Documents/projects/weather-data/.venv/lib/python3.9/site-packages/airflow/example_dags/tutorial_taskflow_api_etl.py
[2023-03-27 21:26:41,989] {processor.py:641} INFO - Processing file /Users/gabrielroger/Documents/projects/weather-data/.venv/lib/python3.9/site-packages/airflow/example_dags/tutorial_taskflow_api_etl.py for tasks to queue
[2023-03-27 21:26:41,989] {logging_mixin.py:115} INFO - [2023-03-27 21:26:41,989] {dagbag.py:507} INFO - Filling up the DagBag from /Users/gabrielroger/Documents/projects/weather-data/.venv/lib/python3.9/site-packages/airflow/example_dags/tutorial_taskflow_api_etl.py
[2023-03-27 21:26:42,006] {processor.py:651} INFO - DAG(s) dict_keys(['tutorial_taskflow_api_etl']) retrieved from /Users/gabrielroger/Documents/projects/weather-data/.venv/lib/python3.9/site-packages/airflow/example_dags/tutorial_taskflow_api_etl.py
[2023-03-27 21:26:42,314] {logging_mixin.py:115} INFO - [2023-03-27 21:26:42,314] {dag.py:2379} INFO - Sync 1 DAGs
[2023-03-27 21:26:42,320] {logging_mixin.py:115} INFO - [2023-03-27 21:26:42,320] {dag.py:2927} INFO - Setting next_dagrun for tutorial_taskflow_api_etl to None, run_after=None
[2023-03-27 21:26:42,327] {processor.py:161} INFO - Processing /Users/gabrielroger/Documents/projects/weather-data/.venv/lib/python3.9/site-packages/airflow/example_dags/tutorial_taskflow_api_etl.py took 0.338 seconds
[2023-03-27 21:27:26,736] {processor.py:153} INFO - Started process (PID=7870) to work on /Users/gabrielroger/Documents/projects/weather-data/.venv/lib/python3.9/site-packages/airflow/example_dags/tutorial_taskflow_api_etl.py
[2023-03-27 21:27:26,736] {processor.py:641} INFO - Processing file /Users/gabrielroger/Documents/projects/weather-data/.venv/lib/python3.9/site-packages/airflow/example_dags/tutorial_taskflow_api_etl.py for tasks to queue
[2023-03-27 21:27:26,736] {logging_mixin.py:115} INFO - [2023-03-27 21:27:26,736] {dagbag.py:507} INFO - Filling up the DagBag from /Users/gabrielroger/Documents/projects/weather-data/.venv/lib/python3.9/site-packages/airflow/example_dags/tutorial_taskflow_api_etl.py
[2023-03-27 21:27:26,753] {processor.py:651} INFO - DAG(s) dict_keys(['tutorial_taskflow_api_etl']) retrieved from /Users/gabrielroger/Documents/projects/weather-data/.venv/lib/python3.9/site-packages/airflow/example_dags/tutorial_taskflow_api_etl.py
[2023-03-27 21:27:27,057] {logging_mixin.py:115} INFO - [2023-03-27 21:27:27,057] {dag.py:2379} INFO - Sync 1 DAGs
[2023-03-27 21:27:27,064] {logging_mixin.py:115} INFO - [2023-03-27 21:27:27,064] {dag.py:2927} INFO - Setting next_dagrun for tutorial_taskflow_api_etl to None, run_after=None
[2023-03-27 21:27:27,070] {processor.py:161} INFO - Processing /Users/gabrielroger/Documents/projects/weather-data/.venv/lib/python3.9/site-packages/airflow/example_dags/tutorial_taskflow_api_etl.py took 0.335 seconds
[2023-03-27 21:28:09,186] {processor.py:153} INFO - Started process (PID=7940) to work on /Users/gabrielroger/Documents/projects/weather-data/.venv/lib/python3.9/site-packages/airflow/example_dags/tutorial_taskflow_api_etl.py
[2023-03-27 21:28:09,186] {processor.py:641} INFO - Processing file /Users/gabrielroger/Documents/projects/weather-data/.venv/lib/python3.9/site-packages/airflow/example_dags/tutorial_taskflow_api_etl.py for tasks to queue
[2023-03-27 21:28:09,186] {logging_mixin.py:115} INFO - [2023-03-27 21:28:09,186] {dagbag.py:507} INFO - Filling up the DagBag from /Users/gabrielroger/Documents/projects/weather-data/.venv/lib/python3.9/site-packages/airflow/example_dags/tutorial_taskflow_api_etl.py
[2023-03-27 21:28:09,204] {processor.py:651} INFO - DAG(s) dict_keys(['tutorial_taskflow_api_etl']) retrieved from /Users/gabrielroger/Documents/projects/weather-data/.venv/lib/python3.9/site-packages/airflow/example_dags/tutorial_taskflow_api_etl.py
[2023-03-27 21:28:09,521] {logging_mixin.py:115} INFO - [2023-03-27 21:28:09,521] {dag.py:2379} INFO - Sync 1 DAGs
[2023-03-27 21:28:09,527] {logging_mixin.py:115} INFO - [2023-03-27 21:28:09,527] {dag.py:2927} INFO - Setting next_dagrun for tutorial_taskflow_api_etl to None, run_after=None
[2023-03-27 21:28:09,534] {processor.py:161} INFO - Processing /Users/gabrielroger/Documents/projects/weather-data/.venv/lib/python3.9/site-packages/airflow/example_dags/tutorial_taskflow_api_etl.py took 0.349 seconds
[2023-03-27 21:28:52,780] {processor.py:153} INFO - Started process (PID=8024) to work on /Users/gabrielroger/Documents/projects/weather-data/.venv/lib/python3.9/site-packages/airflow/example_dags/tutorial_taskflow_api_etl.py
[2023-03-27 21:28:52,780] {processor.py:641} INFO - Processing file /Users/gabrielroger/Documents/projects/weather-data/.venv/lib/python3.9/site-packages/airflow/example_dags/tutorial_taskflow_api_etl.py for tasks to queue
[2023-03-27 21:28:52,780] {logging_mixin.py:115} INFO - [2023-03-27 21:28:52,780] {dagbag.py:507} INFO - Filling up the DagBag from /Users/gabrielroger/Documents/projects/weather-data/.venv/lib/python3.9/site-packages/airflow/example_dags/tutorial_taskflow_api_etl.py
[2023-03-27 21:28:52,797] {processor.py:651} INFO - DAG(s) dict_keys(['tutorial_taskflow_api_etl']) retrieved from /Users/gabrielroger/Documents/projects/weather-data/.venv/lib/python3.9/site-packages/airflow/example_dags/tutorial_taskflow_api_etl.py
[2023-03-27 21:28:53,109] {logging_mixin.py:115} INFO - [2023-03-27 21:28:53,109] {dag.py:2379} INFO - Sync 1 DAGs
[2023-03-27 21:28:53,116] {logging_mixin.py:115} INFO - [2023-03-27 21:28:53,116] {dag.py:2927} INFO - Setting next_dagrun for tutorial_taskflow_api_etl to None, run_after=None
[2023-03-27 21:28:53,122] {processor.py:161} INFO - Processing /Users/gabrielroger/Documents/projects/weather-data/.venv/lib/python3.9/site-packages/airflow/example_dags/tutorial_taskflow_api_etl.py took 0.343 seconds
[2023-03-27 21:29:34,979] {processor.py:153} INFO - Started process (PID=8107) to work on /Users/gabrielroger/Documents/projects/weather-data/.venv/lib/python3.9/site-packages/airflow/example_dags/tutorial_taskflow_api_etl.py
[2023-03-27 21:29:34,980] {processor.py:641} INFO - Processing file /Users/gabrielroger/Documents/projects/weather-data/.venv/lib/python3.9/site-packages/airflow/example_dags/tutorial_taskflow_api_etl.py for tasks to queue
[2023-03-27 21:29:34,980] {logging_mixin.py:115} INFO - [2023-03-27 21:29:34,980] {dagbag.py:507} INFO - Filling up the DagBag from /Users/gabrielroger/Documents/projects/weather-data/.venv/lib/python3.9/site-packages/airflow/example_dags/tutorial_taskflow_api_etl.py
[2023-03-27 21:29:34,998] {processor.py:651} INFO - DAG(s) dict_keys(['tutorial_taskflow_api_etl']) retrieved from /Users/gabrielroger/Documents/projects/weather-data/.venv/lib/python3.9/site-packages/airflow/example_dags/tutorial_taskflow_api_etl.py
[2023-03-27 21:29:35,391] {logging_mixin.py:115} INFO - [2023-03-27 21:29:35,391] {dag.py:2379} INFO - Sync 1 DAGs
[2023-03-27 21:29:35,397] {logging_mixin.py:115} INFO - [2023-03-27 21:29:35,397] {dag.py:2927} INFO - Setting next_dagrun for tutorial_taskflow_api_etl to None, run_after=None
[2023-03-27 21:29:35,403] {processor.py:161} INFO - Processing /Users/gabrielroger/Documents/projects/weather-data/.venv/lib/python3.9/site-packages/airflow/example_dags/tutorial_taskflow_api_etl.py took 0.425 seconds
[2023-03-27 21:30:18,055] {processor.py:153} INFO - Started process (PID=8204) to work on /Users/gabrielroger/Documents/projects/weather-data/.venv/lib/python3.9/site-packages/airflow/example_dags/tutorial_taskflow_api_etl.py
[2023-03-27 21:30:18,055] {processor.py:641} INFO - Processing file /Users/gabrielroger/Documents/projects/weather-data/.venv/lib/python3.9/site-packages/airflow/example_dags/tutorial_taskflow_api_etl.py for tasks to queue
[2023-03-27 21:30:18,055] {logging_mixin.py:115} INFO - [2023-03-27 21:30:18,055] {dagbag.py:507} INFO - Filling up the DagBag from /Users/gabrielroger/Documents/projects/weather-data/.venv/lib/python3.9/site-packages/airflow/example_dags/tutorial_taskflow_api_etl.py
[2023-03-27 21:30:18,072] {processor.py:651} INFO - DAG(s) dict_keys(['tutorial_taskflow_api_etl']) retrieved from /Users/gabrielroger/Documents/projects/weather-data/.venv/lib/python3.9/site-packages/airflow/example_dags/tutorial_taskflow_api_etl.py
[2023-03-27 21:30:18,387] {logging_mixin.py:115} INFO - [2023-03-27 21:30:18,387] {dag.py:2379} INFO - Sync 1 DAGs
[2023-03-27 21:30:18,394] {logging_mixin.py:115} INFO - [2023-03-27 21:30:18,394] {dag.py:2927} INFO - Setting next_dagrun for tutorial_taskflow_api_etl to None, run_after=None
[2023-03-27 21:30:18,400] {processor.py:161} INFO - Processing /Users/gabrielroger/Documents/projects/weather-data/.venv/lib/python3.9/site-packages/airflow/example_dags/tutorial_taskflow_api_etl.py took 0.346 seconds
[2023-03-27 21:31:00,915] {processor.py:153} INFO - Started process (PID=8276) to work on /Users/gabrielroger/Documents/projects/weather-data/.venv/lib/python3.9/site-packages/airflow/example_dags/tutorial_taskflow_api_etl.py
[2023-03-27 21:31:00,915] {processor.py:641} INFO - Processing file /Users/gabrielroger/Documents/projects/weather-data/.venv/lib/python3.9/site-packages/airflow/example_dags/tutorial_taskflow_api_etl.py for tasks to queue
[2023-03-27 21:31:00,915] {logging_mixin.py:115} INFO - [2023-03-27 21:31:00,915] {dagbag.py:507} INFO - Filling up the DagBag from /Users/gabrielroger/Documents/projects/weather-data/.venv/lib/python3.9/site-packages/airflow/example_dags/tutorial_taskflow_api_etl.py
[2023-03-27 21:31:00,932] {processor.py:651} INFO - DAG(s) dict_keys(['tutorial_taskflow_api_etl']) retrieved from /Users/gabrielroger/Documents/projects/weather-data/.venv/lib/python3.9/site-packages/airflow/example_dags/tutorial_taskflow_api_etl.py
[2023-03-27 21:31:01,243] {logging_mixin.py:115} INFO - [2023-03-27 21:31:01,243] {dag.py:2379} INFO - Sync 1 DAGs
[2023-03-27 21:31:01,250] {logging_mixin.py:115} INFO - [2023-03-27 21:31:01,249] {dag.py:2927} INFO - Setting next_dagrun for tutorial_taskflow_api_etl to None, run_after=None
[2023-03-27 21:31:01,256] {processor.py:161} INFO - Processing /Users/gabrielroger/Documents/projects/weather-data/.venv/lib/python3.9/site-packages/airflow/example_dags/tutorial_taskflow_api_etl.py took 0.341 seconds
[2023-03-27 21:31:43,835] {processor.py:153} INFO - Started process (PID=8347) to work on /Users/gabrielroger/Documents/projects/weather-data/.venv/lib/python3.9/site-packages/airflow/example_dags/tutorial_taskflow_api_etl.py
[2023-03-27 21:31:43,835] {processor.py:641} INFO - Processing file /Users/gabrielroger/Documents/projects/weather-data/.venv/lib/python3.9/site-packages/airflow/example_dags/tutorial_taskflow_api_etl.py for tasks to queue
[2023-03-27 21:31:43,836] {logging_mixin.py:115} INFO - [2023-03-27 21:31:43,836] {dagbag.py:507} INFO - Filling up the DagBag from /Users/gabrielroger/Documents/projects/weather-data/.venv/lib/python3.9/site-packages/airflow/example_dags/tutorial_taskflow_api_etl.py
[2023-03-27 21:31:43,852] {processor.py:651} INFO - DAG(s) dict_keys(['tutorial_taskflow_api_etl']) retrieved from /Users/gabrielroger/Documents/projects/weather-data/.venv/lib/python3.9/site-packages/airflow/example_dags/tutorial_taskflow_api_etl.py
[2023-03-27 21:31:44,159] {logging_mixin.py:115} INFO - [2023-03-27 21:31:44,159] {dag.py:2379} INFO - Sync 1 DAGs
[2023-03-27 21:31:44,165] {logging_mixin.py:115} INFO - [2023-03-27 21:31:44,165] {dag.py:2927} INFO - Setting next_dagrun for tutorial_taskflow_api_etl to None, run_after=None
[2023-03-27 21:31:44,172] {processor.py:161} INFO - Processing /Users/gabrielroger/Documents/projects/weather-data/.venv/lib/python3.9/site-packages/airflow/example_dags/tutorial_taskflow_api_etl.py took 0.337 seconds
[2023-03-27 21:32:27,504] {processor.py:153} INFO - Started process (PID=8419) to work on /Users/gabrielroger/Documents/projects/weather-data/.venv/lib/python3.9/site-packages/airflow/example_dags/tutorial_taskflow_api_etl.py
[2023-03-27 21:32:27,504] {processor.py:641} INFO - Processing file /Users/gabrielroger/Documents/projects/weather-data/.venv/lib/python3.9/site-packages/airflow/example_dags/tutorial_taskflow_api_etl.py for tasks to queue
[2023-03-27 21:32:27,505] {logging_mixin.py:115} INFO - [2023-03-27 21:32:27,505] {dagbag.py:507} INFO - Filling up the DagBag from /Users/gabrielroger/Documents/projects/weather-data/.venv/lib/python3.9/site-packages/airflow/example_dags/tutorial_taskflow_api_etl.py
[2023-03-27 21:32:27,521] {processor.py:651} INFO - DAG(s) dict_keys(['tutorial_taskflow_api_etl']) retrieved from /Users/gabrielroger/Documents/projects/weather-data/.venv/lib/python3.9/site-packages/airflow/example_dags/tutorial_taskflow_api_etl.py
[2023-03-27 21:32:27,830] {logging_mixin.py:115} INFO - [2023-03-27 21:32:27,830] {dag.py:2379} INFO - Sync 1 DAGs
[2023-03-27 21:32:27,837] {logging_mixin.py:115} INFO - [2023-03-27 21:32:27,837] {dag.py:2927} INFO - Setting next_dagrun for tutorial_taskflow_api_etl to None, run_after=None
[2023-03-27 21:32:27,843] {processor.py:161} INFO - Processing /Users/gabrielroger/Documents/projects/weather-data/.venv/lib/python3.9/site-packages/airflow/example_dags/tutorial_taskflow_api_etl.py took 0.339 seconds
[2023-03-27 21:33:12,758] {processor.py:153} INFO - Started process (PID=8493) to work on /Users/gabrielroger/Documents/projects/weather-data/.venv/lib/python3.9/site-packages/airflow/example_dags/tutorial_taskflow_api_etl.py
[2023-03-27 21:33:12,759] {processor.py:641} INFO - Processing file /Users/gabrielroger/Documents/projects/weather-data/.venv/lib/python3.9/site-packages/airflow/example_dags/tutorial_taskflow_api_etl.py for tasks to queue
[2023-03-27 21:33:12,759] {logging_mixin.py:115} INFO - [2023-03-27 21:33:12,759] {dagbag.py:507} INFO - Filling up the DagBag from /Users/gabrielroger/Documents/projects/weather-data/.venv/lib/python3.9/site-packages/airflow/example_dags/tutorial_taskflow_api_etl.py
[2023-03-27 21:33:12,776] {processor.py:651} INFO - DAG(s) dict_keys(['tutorial_taskflow_api_etl']) retrieved from /Users/gabrielroger/Documents/projects/weather-data/.venv/lib/python3.9/site-packages/airflow/example_dags/tutorial_taskflow_api_etl.py
[2023-03-27 21:33:13,086] {logging_mixin.py:115} INFO - [2023-03-27 21:33:13,086] {dag.py:2379} INFO - Sync 1 DAGs
[2023-03-27 21:33:13,093] {logging_mixin.py:115} INFO - [2023-03-27 21:33:13,093] {dag.py:2927} INFO - Setting next_dagrun for tutorial_taskflow_api_etl to None, run_after=None
[2023-03-27 21:33:13,099] {processor.py:161} INFO - Processing /Users/gabrielroger/Documents/projects/weather-data/.venv/lib/python3.9/site-packages/airflow/example_dags/tutorial_taskflow_api_etl.py took 0.341 seconds
[2023-03-27 21:33:57,499] {processor.py:153} INFO - Started process (PID=8572) to work on /Users/gabrielroger/Documents/projects/weather-data/.venv/lib/python3.9/site-packages/airflow/example_dags/tutorial_taskflow_api_etl.py
[2023-03-27 21:33:57,499] {processor.py:641} INFO - Processing file /Users/gabrielroger/Documents/projects/weather-data/.venv/lib/python3.9/site-packages/airflow/example_dags/tutorial_taskflow_api_etl.py for tasks to queue
[2023-03-27 21:33:57,499] {logging_mixin.py:115} INFO - [2023-03-27 21:33:57,499] {dagbag.py:507} INFO - Filling up the DagBag from /Users/gabrielroger/Documents/projects/weather-data/.venv/lib/python3.9/site-packages/airflow/example_dags/tutorial_taskflow_api_etl.py
[2023-03-27 21:33:57,516] {processor.py:651} INFO - DAG(s) dict_keys(['tutorial_taskflow_api_etl']) retrieved from /Users/gabrielroger/Documents/projects/weather-data/.venv/lib/python3.9/site-packages/airflow/example_dags/tutorial_taskflow_api_etl.py
[2023-03-27 21:33:57,827] {logging_mixin.py:115} INFO - [2023-03-27 21:33:57,827] {dag.py:2379} INFO - Sync 1 DAGs
[2023-03-27 21:33:57,834] {logging_mixin.py:115} INFO - [2023-03-27 21:33:57,834] {dag.py:2927} INFO - Setting next_dagrun for tutorial_taskflow_api_etl to None, run_after=None
[2023-03-27 21:33:57,840] {processor.py:161} INFO - Processing /Users/gabrielroger/Documents/projects/weather-data/.venv/lib/python3.9/site-packages/airflow/example_dags/tutorial_taskflow_api_etl.py took 0.341 seconds
[2023-03-27 21:34:41,691] {processor.py:153} INFO - Started process (PID=8659) to work on /Users/gabrielroger/Documents/projects/weather-data/.venv/lib/python3.9/site-packages/airflow/example_dags/tutorial_taskflow_api_etl.py
[2023-03-27 21:34:41,692] {processor.py:641} INFO - Processing file /Users/gabrielroger/Documents/projects/weather-data/.venv/lib/python3.9/site-packages/airflow/example_dags/tutorial_taskflow_api_etl.py for tasks to queue
[2023-03-27 21:34:41,692] {logging_mixin.py:115} INFO - [2023-03-27 21:34:41,692] {dagbag.py:507} INFO - Filling up the DagBag from /Users/gabrielroger/Documents/projects/weather-data/.venv/lib/python3.9/site-packages/airflow/example_dags/tutorial_taskflow_api_etl.py
[2023-03-27 21:34:41,709] {processor.py:651} INFO - DAG(s) dict_keys(['tutorial_taskflow_api_etl']) retrieved from /Users/gabrielroger/Documents/projects/weather-data/.venv/lib/python3.9/site-packages/airflow/example_dags/tutorial_taskflow_api_etl.py
[2023-03-27 21:34:42,022] {logging_mixin.py:115} INFO - [2023-03-27 21:34:42,021] {dag.py:2379} INFO - Sync 1 DAGs
[2023-03-27 21:34:42,029] {logging_mixin.py:115} INFO - [2023-03-27 21:34:42,028] {dag.py:2927} INFO - Setting next_dagrun for tutorial_taskflow_api_etl to None, run_after=None
[2023-03-27 21:34:42,035] {processor.py:161} INFO - Processing /Users/gabrielroger/Documents/projects/weather-data/.venv/lib/python3.9/site-packages/airflow/example_dags/tutorial_taskflow_api_etl.py took 0.343 seconds
[2023-03-27 21:59:39,680] {processor.py:153} INFO - Started process (PID=8726) to work on /Users/gabrielroger/Documents/projects/weather-data/.venv/lib/python3.9/site-packages/airflow/example_dags/tutorial_taskflow_api_etl.py
[2023-03-27 21:59:39,681] {processor.py:641} INFO - Processing file /Users/gabrielroger/Documents/projects/weather-data/.venv/lib/python3.9/site-packages/airflow/example_dags/tutorial_taskflow_api_etl.py for tasks to queue
[2023-03-27 21:59:39,681] {logging_mixin.py:115} INFO - [2023-03-27 21:59:39,681] {dagbag.py:507} INFO - Filling up the DagBag from /Users/gabrielroger/Documents/projects/weather-data/.venv/lib/python3.9/site-packages/airflow/example_dags/tutorial_taskflow_api_etl.py
[2023-03-27 21:59:39,698] {processor.py:651} INFO - DAG(s) dict_keys(['tutorial_taskflow_api_etl']) retrieved from /Users/gabrielroger/Documents/projects/weather-data/.venv/lib/python3.9/site-packages/airflow/example_dags/tutorial_taskflow_api_etl.py
[2023-03-27 21:59:40,032] {logging_mixin.py:115} INFO - [2023-03-27 21:59:40,032] {dag.py:2379} INFO - Sync 1 DAGs
[2023-03-27 21:59:40,039] {logging_mixin.py:115} INFO - [2023-03-27 21:59:40,039] {dag.py:2927} INFO - Setting next_dagrun for tutorial_taskflow_api_etl to None, run_after=None
[2023-03-27 21:59:40,045] {processor.py:161} INFO - Processing /Users/gabrielroger/Documents/projects/weather-data/.venv/lib/python3.9/site-packages/airflow/example_dags/tutorial_taskflow_api_etl.py took 0.365 seconds
[2023-03-27 22:00:24,591] {processor.py:153} INFO - Started process (PID=8813) to work on /Users/gabrielroger/Documents/projects/weather-data/.venv/lib/python3.9/site-packages/airflow/example_dags/tutorial_taskflow_api_etl.py
[2023-03-27 22:00:24,592] {processor.py:641} INFO - Processing file /Users/gabrielroger/Documents/projects/weather-data/.venv/lib/python3.9/site-packages/airflow/example_dags/tutorial_taskflow_api_etl.py for tasks to queue
[2023-03-27 22:00:24,592] {logging_mixin.py:115} INFO - [2023-03-27 22:00:24,592] {dagbag.py:507} INFO - Filling up the DagBag from /Users/gabrielroger/Documents/projects/weather-data/.venv/lib/python3.9/site-packages/airflow/example_dags/tutorial_taskflow_api_etl.py
[2023-03-27 22:00:24,609] {processor.py:651} INFO - DAG(s) dict_keys(['tutorial_taskflow_api_etl']) retrieved from /Users/gabrielroger/Documents/projects/weather-data/.venv/lib/python3.9/site-packages/airflow/example_dags/tutorial_taskflow_api_etl.py
[2023-03-27 22:00:24,969] {logging_mixin.py:115} INFO - [2023-03-27 22:00:24,968] {dag.py:2379} INFO - Sync 1 DAGs
[2023-03-27 22:00:24,976] {logging_mixin.py:115} INFO - [2023-03-27 22:00:24,976] {dag.py:2927} INFO - Setting next_dagrun for tutorial_taskflow_api_etl to None, run_after=None
[2023-03-27 22:00:24,985] {processor.py:161} INFO - Processing /Users/gabrielroger/Documents/projects/weather-data/.venv/lib/python3.9/site-packages/airflow/example_dags/tutorial_taskflow_api_etl.py took 0.394 seconds
[2023-03-27 22:08:07,141] {processor.py:153} INFO - Started process (PID=8863) to work on /Users/gabrielroger/Documents/projects/weather-data/.venv/lib/python3.9/site-packages/airflow/example_dags/tutorial_taskflow_api_etl.py
[2023-03-27 22:08:07,142] {processor.py:641} INFO - Processing file /Users/gabrielroger/Documents/projects/weather-data/.venv/lib/python3.9/site-packages/airflow/example_dags/tutorial_taskflow_api_etl.py for tasks to queue
[2023-03-27 22:08:07,142] {logging_mixin.py:115} INFO - [2023-03-27 22:08:07,142] {dagbag.py:507} INFO - Filling up the DagBag from /Users/gabrielroger/Documents/projects/weather-data/.venv/lib/python3.9/site-packages/airflow/example_dags/tutorial_taskflow_api_etl.py
[2023-03-27 22:08:07,159] {processor.py:651} INFO - DAG(s) dict_keys(['tutorial_taskflow_api_etl']) retrieved from /Users/gabrielroger/Documents/projects/weather-data/.venv/lib/python3.9/site-packages/airflow/example_dags/tutorial_taskflow_api_etl.py
[2023-03-27 22:08:07,494] {logging_mixin.py:115} INFO - [2023-03-27 22:08:07,494] {dag.py:2379} INFO - Sync 1 DAGs
[2023-03-27 22:08:07,501] {logging_mixin.py:115} INFO - [2023-03-27 22:08:07,501] {dag.py:2927} INFO - Setting next_dagrun for tutorial_taskflow_api_etl to None, run_after=None
[2023-03-27 22:08:07,507] {processor.py:161} INFO - Processing /Users/gabrielroger/Documents/projects/weather-data/.venv/lib/python3.9/site-packages/airflow/example_dags/tutorial_taskflow_api_etl.py took 0.366 seconds
[2023-03-27 23:12:06,029] {processor.py:153} INFO - Started process (PID=8976) to work on /Users/gabrielroger/Documents/projects/weather-data/.venv/lib/python3.9/site-packages/airflow/example_dags/tutorial_taskflow_api_etl.py
[2023-03-27 23:12:06,030] {processor.py:641} INFO - Processing file /Users/gabrielroger/Documents/projects/weather-data/.venv/lib/python3.9/site-packages/airflow/example_dags/tutorial_taskflow_api_etl.py for tasks to queue
[2023-03-27 23:12:06,030] {logging_mixin.py:115} INFO - [2023-03-27 23:12:06,030] {dagbag.py:507} INFO - Filling up the DagBag from /Users/gabrielroger/Documents/projects/weather-data/.venv/lib/python3.9/site-packages/airflow/example_dags/tutorial_taskflow_api_etl.py
[2023-03-27 23:12:06,048] {processor.py:651} INFO - DAG(s) dict_keys(['tutorial_taskflow_api_etl']) retrieved from /Users/gabrielroger/Documents/projects/weather-data/.venv/lib/python3.9/site-packages/airflow/example_dags/tutorial_taskflow_api_etl.py
[2023-03-27 23:12:06,430] {logging_mixin.py:115} INFO - [2023-03-27 23:12:06,430] {dag.py:2379} INFO - Sync 1 DAGs
[2023-03-27 23:12:06,437] {logging_mixin.py:115} INFO - [2023-03-27 23:12:06,437] {dag.py:2927} INFO - Setting next_dagrun for tutorial_taskflow_api_etl to None, run_after=None
[2023-03-27 23:12:06,443] {processor.py:161} INFO - Processing /Users/gabrielroger/Documents/projects/weather-data/.venv/lib/python3.9/site-packages/airflow/example_dags/tutorial_taskflow_api_etl.py took 0.414 seconds
