[2023-03-27 21:09:44,207] {processor.py:153} INFO - Started process (PID=6048) to work on /Users/gabrielroger/Documents/projects/weather-data/.venv/lib/python3.9/site-packages/airflow/example_dags/tutorial.py
[2023-03-27 21:09:44,207] {processor.py:641} INFO - Processing file /Users/gabrielroger/Documents/projects/weather-data/.venv/lib/python3.9/site-packages/airflow/example_dags/tutorial.py for tasks to queue
[2023-03-27 21:09:44,208] {logging_mixin.py:115} INFO - [2023-03-27 21:09:44,207] {dagbag.py:507} INFO - Filling up the DagBag from /Users/gabrielroger/Documents/projects/weather-data/.venv/lib/python3.9/site-packages/airflow/example_dags/tutorial.py
[2023-03-27 21:09:44,214] {processor.py:651} INFO - DAG(s) dict_keys(['tutorial']) retrieved from /Users/gabrielroger/Documents/projects/weather-data/.venv/lib/python3.9/site-packages/airflow/example_dags/tutorial.py
[2023-03-27 21:09:44,245] {logging_mixin.py:115} INFO - [2023-03-27 21:09:44,245] {dag.py:2379} INFO - Sync 1 DAGs
[2023-03-27 21:09:44,252] {logging_mixin.py:115} INFO - [2023-03-27 21:09:44,252] {dag.py:2927} INFO - Setting next_dagrun for tutorial to 2023-03-27T00:09:44.252009+00:00, run_after=2023-03-28T00:09:44.252009+00:00
[2023-03-27 21:09:44,258] {processor.py:161} INFO - Processing /Users/gabrielroger/Documents/projects/weather-data/.venv/lib/python3.9/site-packages/airflow/example_dags/tutorial.py took 0.051 seconds
[2023-03-27 21:10:35,580] {processor.py:153} INFO - Started process (PID=6138) to work on /Users/gabrielroger/Documents/projects/weather-data/.venv/lib/python3.9/site-packages/airflow/example_dags/tutorial.py
[2023-03-27 21:10:35,581] {processor.py:641} INFO - Processing file /Users/gabrielroger/Documents/projects/weather-data/.venv/lib/python3.9/site-packages/airflow/example_dags/tutorial.py for tasks to queue
[2023-03-27 21:10:35,581] {logging_mixin.py:115} INFO - [2023-03-27 21:10:35,581] {dagbag.py:507} INFO - Filling up the DagBag from /Users/gabrielroger/Documents/projects/weather-data/.venv/lib/python3.9/site-packages/airflow/example_dags/tutorial.py
[2023-03-27 21:10:35,588] {processor.py:651} INFO - DAG(s) dict_keys(['tutorial']) retrieved from /Users/gabrielroger/Documents/projects/weather-data/.venv/lib/python3.9/site-packages/airflow/example_dags/tutorial.py
[2023-03-27 21:10:35,618] {logging_mixin.py:115} INFO - [2023-03-27 21:10:35,618] {dag.py:2379} INFO - Sync 1 DAGs
[2023-03-27 21:10:35,625] {logging_mixin.py:115} INFO - [2023-03-27 21:10:35,625] {dag.py:2927} INFO - Setting next_dagrun for tutorial to 2023-03-27T00:10:35.625498+00:00, run_after=2023-03-28T00:10:35.625498+00:00
[2023-03-27 21:10:35,631] {processor.py:161} INFO - Processing /Users/gabrielroger/Documents/projects/weather-data/.venv/lib/python3.9/site-packages/airflow/example_dags/tutorial.py took 0.051 seconds
[2023-03-27 21:11:20,551] {processor.py:153} INFO - Started process (PID=6218) to work on /Users/gabrielroger/Documents/projects/weather-data/.venv/lib/python3.9/site-packages/airflow/example_dags/tutorial.py
[2023-03-27 21:11:20,552] {processor.py:641} INFO - Processing file /Users/gabrielroger/Documents/projects/weather-data/.venv/lib/python3.9/site-packages/airflow/example_dags/tutorial.py for tasks to queue
[2023-03-27 21:11:20,552] {logging_mixin.py:115} INFO - [2023-03-27 21:11:20,552] {dagbag.py:507} INFO - Filling up the DagBag from /Users/gabrielroger/Documents/projects/weather-data/.venv/lib/python3.9/site-packages/airflow/example_dags/tutorial.py
[2023-03-27 21:11:20,558] {processor.py:651} INFO - DAG(s) dict_keys(['tutorial']) retrieved from /Users/gabrielroger/Documents/projects/weather-data/.venv/lib/python3.9/site-packages/airflow/example_dags/tutorial.py
[2023-03-27 21:11:20,589] {logging_mixin.py:115} INFO - [2023-03-27 21:11:20,589] {dag.py:2379} INFO - Sync 1 DAGs
[2023-03-27 21:11:20,596] {logging_mixin.py:115} INFO - [2023-03-27 21:11:20,596] {dag.py:2927} INFO - Setting next_dagrun for tutorial to 2023-03-27T00:11:20.595925+00:00, run_after=2023-03-28T00:11:20.595925+00:00
[2023-03-27 21:11:20,601] {processor.py:161} INFO - Processing /Users/gabrielroger/Documents/projects/weather-data/.venv/lib/python3.9/site-packages/airflow/example_dags/tutorial.py took 0.050 seconds
[2023-03-27 21:12:05,455] {processor.py:153} INFO - Started process (PID=6291) to work on /Users/gabrielroger/Documents/projects/weather-data/.venv/lib/python3.9/site-packages/airflow/example_dags/tutorial.py
[2023-03-27 21:12:05,456] {processor.py:641} INFO - Processing file /Users/gabrielroger/Documents/projects/weather-data/.venv/lib/python3.9/site-packages/airflow/example_dags/tutorial.py for tasks to queue
[2023-03-27 21:12:05,457] {logging_mixin.py:115} INFO - [2023-03-27 21:12:05,456] {dagbag.py:507} INFO - Filling up the DagBag from /Users/gabrielroger/Documents/projects/weather-data/.venv/lib/python3.9/site-packages/airflow/example_dags/tutorial.py
[2023-03-27 21:12:05,463] {processor.py:651} INFO - DAG(s) dict_keys(['tutorial']) retrieved from /Users/gabrielroger/Documents/projects/weather-data/.venv/lib/python3.9/site-packages/airflow/example_dags/tutorial.py
[2023-03-27 21:12:05,493] {logging_mixin.py:115} INFO - [2023-03-27 21:12:05,493] {dag.py:2379} INFO - Sync 1 DAGs
[2023-03-27 21:12:05,500] {logging_mixin.py:115} INFO - [2023-03-27 21:12:05,500] {dag.py:2927} INFO - Setting next_dagrun for tutorial to 2023-03-27T00:12:05.500311+00:00, run_after=2023-03-28T00:12:05.500311+00:00
[2023-03-27 21:12:05,505] {processor.py:161} INFO - Processing /Users/gabrielroger/Documents/projects/weather-data/.venv/lib/python3.9/site-packages/airflow/example_dags/tutorial.py took 0.050 seconds
[2023-03-27 21:12:53,911] {processor.py:153} INFO - Started process (PID=6369) to work on /Users/gabrielroger/Documents/projects/weather-data/.venv/lib/python3.9/site-packages/airflow/example_dags/tutorial.py
[2023-03-27 21:12:53,912] {processor.py:641} INFO - Processing file /Users/gabrielroger/Documents/projects/weather-data/.venv/lib/python3.9/site-packages/airflow/example_dags/tutorial.py for tasks to queue
[2023-03-27 21:12:53,912] {logging_mixin.py:115} INFO - [2023-03-27 21:12:53,912] {dagbag.py:507} INFO - Filling up the DagBag from /Users/gabrielroger/Documents/projects/weather-data/.venv/lib/python3.9/site-packages/airflow/example_dags/tutorial.py
[2023-03-27 21:12:53,919] {processor.py:651} INFO - DAG(s) dict_keys(['tutorial']) retrieved from /Users/gabrielroger/Documents/projects/weather-data/.venv/lib/python3.9/site-packages/airflow/example_dags/tutorial.py
[2023-03-27 21:12:53,949] {logging_mixin.py:115} INFO - [2023-03-27 21:12:53,949] {dag.py:2379} INFO - Sync 1 DAGs
[2023-03-27 21:12:53,956] {logging_mixin.py:115} INFO - [2023-03-27 21:12:53,956] {dag.py:2927} INFO - Setting next_dagrun for tutorial to 2023-03-27T00:12:53.956007+00:00, run_after=2023-03-28T00:12:53.956007+00:00
[2023-03-27 21:12:53,961] {processor.py:161} INFO - Processing /Users/gabrielroger/Documents/projects/weather-data/.venv/lib/python3.9/site-packages/airflow/example_dags/tutorial.py took 0.050 seconds
[2023-03-27 21:13:39,698] {processor.py:153} INFO - Started process (PID=6444) to work on /Users/gabrielroger/Documents/projects/weather-data/.venv/lib/python3.9/site-packages/airflow/example_dags/tutorial.py
[2023-03-27 21:13:39,698] {processor.py:641} INFO - Processing file /Users/gabrielroger/Documents/projects/weather-data/.venv/lib/python3.9/site-packages/airflow/example_dags/tutorial.py for tasks to queue
[2023-03-27 21:13:39,698] {logging_mixin.py:115} INFO - [2023-03-27 21:13:39,698] {dagbag.py:507} INFO - Filling up the DagBag from /Users/gabrielroger/Documents/projects/weather-data/.venv/lib/python3.9/site-packages/airflow/example_dags/tutorial.py
[2023-03-27 21:13:39,704] {processor.py:651} INFO - DAG(s) dict_keys(['tutorial']) retrieved from /Users/gabrielroger/Documents/projects/weather-data/.venv/lib/python3.9/site-packages/airflow/example_dags/tutorial.py
[2023-03-27 21:13:39,735] {logging_mixin.py:115} INFO - [2023-03-27 21:13:39,735] {dag.py:2379} INFO - Sync 1 DAGs
[2023-03-27 21:13:39,741] {logging_mixin.py:115} INFO - [2023-03-27 21:13:39,741] {dag.py:2927} INFO - Setting next_dagrun for tutorial to 2023-03-27T00:13:39.741851+00:00, run_after=2023-03-28T00:13:39.741851+00:00
[2023-03-27 21:13:39,747] {processor.py:161} INFO - Processing /Users/gabrielroger/Documents/projects/weather-data/.venv/lib/python3.9/site-packages/airflow/example_dags/tutorial.py took 0.050 seconds
[2023-03-27 21:14:22,297] {processor.py:153} INFO - Started process (PID=6520) to work on /Users/gabrielroger/Documents/projects/weather-data/.venv/lib/python3.9/site-packages/airflow/example_dags/tutorial.py
[2023-03-27 21:14:22,298] {processor.py:641} INFO - Processing file /Users/gabrielroger/Documents/projects/weather-data/.venv/lib/python3.9/site-packages/airflow/example_dags/tutorial.py for tasks to queue
[2023-03-27 21:14:22,298] {logging_mixin.py:115} INFO - [2023-03-27 21:14:22,298] {dagbag.py:507} INFO - Filling up the DagBag from /Users/gabrielroger/Documents/projects/weather-data/.venv/lib/python3.9/site-packages/airflow/example_dags/tutorial.py
[2023-03-27 21:14:22,304] {processor.py:651} INFO - DAG(s) dict_keys(['tutorial']) retrieved from /Users/gabrielroger/Documents/projects/weather-data/.venv/lib/python3.9/site-packages/airflow/example_dags/tutorial.py
[2023-03-27 21:14:22,335] {logging_mixin.py:115} INFO - [2023-03-27 21:14:22,335] {dag.py:2379} INFO - Sync 1 DAGs
[2023-03-27 21:14:22,342] {logging_mixin.py:115} INFO - [2023-03-27 21:14:22,342] {dag.py:2927} INFO - Setting next_dagrun for tutorial to 2023-03-27T00:14:22.341993+00:00, run_after=2023-03-28T00:14:22.341993+00:00
[2023-03-27 21:14:22,347] {processor.py:161} INFO - Processing /Users/gabrielroger/Documents/projects/weather-data/.venv/lib/python3.9/site-packages/airflow/example_dags/tutorial.py took 0.051 seconds
[2023-03-27 21:15:13,654] {processor.py:153} INFO - Started process (PID=6605) to work on /Users/gabrielroger/Documents/projects/weather-data/.venv/lib/python3.9/site-packages/airflow/example_dags/tutorial.py
[2023-03-27 21:15:13,654] {processor.py:641} INFO - Processing file /Users/gabrielroger/Documents/projects/weather-data/.venv/lib/python3.9/site-packages/airflow/example_dags/tutorial.py for tasks to queue
[2023-03-27 21:15:13,654] {logging_mixin.py:115} INFO - [2023-03-27 21:15:13,654] {dagbag.py:507} INFO - Filling up the DagBag from /Users/gabrielroger/Documents/projects/weather-data/.venv/lib/python3.9/site-packages/airflow/example_dags/tutorial.py
[2023-03-27 21:15:13,661] {processor.py:651} INFO - DAG(s) dict_keys(['tutorial']) retrieved from /Users/gabrielroger/Documents/projects/weather-data/.venv/lib/python3.9/site-packages/airflow/example_dags/tutorial.py
[2023-03-27 21:15:13,691] {logging_mixin.py:115} INFO - [2023-03-27 21:15:13,691] {dag.py:2379} INFO - Sync 1 DAGs
[2023-03-27 21:15:13,698] {logging_mixin.py:115} INFO - [2023-03-27 21:15:13,698] {dag.py:2927} INFO - Setting next_dagrun for tutorial to 2023-03-27T00:15:13.698048+00:00, run_after=2023-03-28T00:15:13.698048+00:00
[2023-03-27 21:15:13,703] {processor.py:161} INFO - Processing /Users/gabrielroger/Documents/projects/weather-data/.venv/lib/python3.9/site-packages/airflow/example_dags/tutorial.py took 0.050 seconds
[2023-03-27 21:15:57,762] {processor.py:153} INFO - Started process (PID=6679) to work on /Users/gabrielroger/Documents/projects/weather-data/.venv/lib/python3.9/site-packages/airflow/example_dags/tutorial.py
[2023-03-27 21:15:57,762] {processor.py:641} INFO - Processing file /Users/gabrielroger/Documents/projects/weather-data/.venv/lib/python3.9/site-packages/airflow/example_dags/tutorial.py for tasks to queue
[2023-03-27 21:15:57,762] {logging_mixin.py:115} INFO - [2023-03-27 21:15:57,762] {dagbag.py:507} INFO - Filling up the DagBag from /Users/gabrielroger/Documents/projects/weather-data/.venv/lib/python3.9/site-packages/airflow/example_dags/tutorial.py
[2023-03-27 21:15:57,768] {processor.py:651} INFO - DAG(s) dict_keys(['tutorial']) retrieved from /Users/gabrielroger/Documents/projects/weather-data/.venv/lib/python3.9/site-packages/airflow/example_dags/tutorial.py
[2023-03-27 21:15:57,798] {logging_mixin.py:115} INFO - [2023-03-27 21:15:57,798] {dag.py:2379} INFO - Sync 1 DAGs
[2023-03-27 21:15:57,805] {logging_mixin.py:115} INFO - [2023-03-27 21:15:57,805] {dag.py:2927} INFO - Setting next_dagrun for tutorial to 2023-03-27T00:15:57.805405+00:00, run_after=2023-03-28T00:15:57.805405+00:00
[2023-03-27 21:15:57,811] {processor.py:161} INFO - Processing /Users/gabrielroger/Documents/projects/weather-data/.venv/lib/python3.9/site-packages/airflow/example_dags/tutorial.py took 0.050 seconds
[2023-03-27 21:16:42,189] {processor.py:153} INFO - Started process (PID=6752) to work on /Users/gabrielroger/Documents/projects/weather-data/.venv/lib/python3.9/site-packages/airflow/example_dags/tutorial.py
[2023-03-27 21:16:42,189] {processor.py:641} INFO - Processing file /Users/gabrielroger/Documents/projects/weather-data/.venv/lib/python3.9/site-packages/airflow/example_dags/tutorial.py for tasks to queue
[2023-03-27 21:16:42,190] {logging_mixin.py:115} INFO - [2023-03-27 21:16:42,190] {dagbag.py:507} INFO - Filling up the DagBag from /Users/gabrielroger/Documents/projects/weather-data/.venv/lib/python3.9/site-packages/airflow/example_dags/tutorial.py
[2023-03-27 21:16:42,196] {processor.py:651} INFO - DAG(s) dict_keys(['tutorial']) retrieved from /Users/gabrielroger/Documents/projects/weather-data/.venv/lib/python3.9/site-packages/airflow/example_dags/tutorial.py
[2023-03-27 21:16:42,226] {logging_mixin.py:115} INFO - [2023-03-27 21:16:42,226] {dag.py:2379} INFO - Sync 1 DAGs
[2023-03-27 21:16:42,232] {logging_mixin.py:115} INFO - [2023-03-27 21:16:42,232] {dag.py:2927} INFO - Setting next_dagrun for tutorial to 2023-03-27T00:16:42.232728+00:00, run_after=2023-03-28T00:16:42.232728+00:00
[2023-03-27 21:16:42,238] {processor.py:161} INFO - Processing /Users/gabrielroger/Documents/projects/weather-data/.venv/lib/python3.9/site-packages/airflow/example_dags/tutorial.py took 0.049 seconds
[2023-03-27 21:17:24,653] {processor.py:153} INFO - Started process (PID=6822) to work on /Users/gabrielroger/Documents/projects/weather-data/.venv/lib/python3.9/site-packages/airflow/example_dags/tutorial.py
[2023-03-27 21:17:24,653] {processor.py:641} INFO - Processing file /Users/gabrielroger/Documents/projects/weather-data/.venv/lib/python3.9/site-packages/airflow/example_dags/tutorial.py for tasks to queue
[2023-03-27 21:17:24,653] {logging_mixin.py:115} INFO - [2023-03-27 21:17:24,653] {dagbag.py:507} INFO - Filling up the DagBag from /Users/gabrielroger/Documents/projects/weather-data/.venv/lib/python3.9/site-packages/airflow/example_dags/tutorial.py
[2023-03-27 21:17:24,659] {processor.py:651} INFO - DAG(s) dict_keys(['tutorial']) retrieved from /Users/gabrielroger/Documents/projects/weather-data/.venv/lib/python3.9/site-packages/airflow/example_dags/tutorial.py
[2023-03-27 21:17:24,689] {logging_mixin.py:115} INFO - [2023-03-27 21:17:24,689] {dag.py:2379} INFO - Sync 1 DAGs
[2023-03-27 21:17:24,696] {logging_mixin.py:115} INFO - [2023-03-27 21:17:24,696] {dag.py:2927} INFO - Setting next_dagrun for tutorial to 2023-03-27T00:17:24.696318+00:00, run_after=2023-03-28T00:17:24.696318+00:00
[2023-03-27 21:17:24,703] {processor.py:161} INFO - Processing /Users/gabrielroger/Documents/projects/weather-data/.venv/lib/python3.9/site-packages/airflow/example_dags/tutorial.py took 0.050 seconds
[2023-03-27 21:18:06,617] {processor.py:153} INFO - Started process (PID=6893) to work on /Users/gabrielroger/Documents/projects/weather-data/.venv/lib/python3.9/site-packages/airflow/example_dags/tutorial.py
[2023-03-27 21:18:06,617] {processor.py:641} INFO - Processing file /Users/gabrielroger/Documents/projects/weather-data/.venv/lib/python3.9/site-packages/airflow/example_dags/tutorial.py for tasks to queue
[2023-03-27 21:18:06,617] {logging_mixin.py:115} INFO - [2023-03-27 21:18:06,617] {dagbag.py:507} INFO - Filling up the DagBag from /Users/gabrielroger/Documents/projects/weather-data/.venv/lib/python3.9/site-packages/airflow/example_dags/tutorial.py
[2023-03-27 21:18:06,623] {processor.py:651} INFO - DAG(s) dict_keys(['tutorial']) retrieved from /Users/gabrielroger/Documents/projects/weather-data/.venv/lib/python3.9/site-packages/airflow/example_dags/tutorial.py
[2023-03-27 21:18:06,653] {logging_mixin.py:115} INFO - [2023-03-27 21:18:06,653] {dag.py:2379} INFO - Sync 1 DAGs
[2023-03-27 21:18:06,660] {logging_mixin.py:115} INFO - [2023-03-27 21:18:06,660] {dag.py:2927} INFO - Setting next_dagrun for tutorial to 2023-03-27T00:18:06.660491+00:00, run_after=2023-03-28T00:18:06.660491+00:00
[2023-03-27 21:18:06,666] {processor.py:161} INFO - Processing /Users/gabrielroger/Documents/projects/weather-data/.venv/lib/python3.9/site-packages/airflow/example_dags/tutorial.py took 0.049 seconds
[2023-03-27 21:18:49,796] {processor.py:153} INFO - Started process (PID=6968) to work on /Users/gabrielroger/Documents/projects/weather-data/.venv/lib/python3.9/site-packages/airflow/example_dags/tutorial.py
[2023-03-27 21:18:49,797] {processor.py:641} INFO - Processing file /Users/gabrielroger/Documents/projects/weather-data/.venv/lib/python3.9/site-packages/airflow/example_dags/tutorial.py for tasks to queue
[2023-03-27 21:18:49,797] {logging_mixin.py:115} INFO - [2023-03-27 21:18:49,797] {dagbag.py:507} INFO - Filling up the DagBag from /Users/gabrielroger/Documents/projects/weather-data/.venv/lib/python3.9/site-packages/airflow/example_dags/tutorial.py
[2023-03-27 21:18:49,804] {processor.py:651} INFO - DAG(s) dict_keys(['tutorial']) retrieved from /Users/gabrielroger/Documents/projects/weather-data/.venv/lib/python3.9/site-packages/airflow/example_dags/tutorial.py
[2023-03-27 21:18:49,834] {logging_mixin.py:115} INFO - [2023-03-27 21:18:49,834] {dag.py:2379} INFO - Sync 1 DAGs
[2023-03-27 21:18:49,840] {logging_mixin.py:115} INFO - [2023-03-27 21:18:49,840] {dag.py:2927} INFO - Setting next_dagrun for tutorial to 2023-03-27T00:18:49.840649+00:00, run_after=2023-03-28T00:18:49.840649+00:00
[2023-03-27 21:18:49,846] {processor.py:161} INFO - Processing /Users/gabrielroger/Documents/projects/weather-data/.venv/lib/python3.9/site-packages/airflow/example_dags/tutorial.py took 0.050 seconds
[2023-03-27 21:19:33,873] {processor.py:153} INFO - Started process (PID=7043) to work on /Users/gabrielroger/Documents/projects/weather-data/.venv/lib/python3.9/site-packages/airflow/example_dags/tutorial.py
[2023-03-27 21:19:33,873] {processor.py:641} INFO - Processing file /Users/gabrielroger/Documents/projects/weather-data/.venv/lib/python3.9/site-packages/airflow/example_dags/tutorial.py for tasks to queue
[2023-03-27 21:19:33,873] {logging_mixin.py:115} INFO - [2023-03-27 21:19:33,873] {dagbag.py:507} INFO - Filling up the DagBag from /Users/gabrielroger/Documents/projects/weather-data/.venv/lib/python3.9/site-packages/airflow/example_dags/tutorial.py
[2023-03-27 21:19:33,879] {processor.py:651} INFO - DAG(s) dict_keys(['tutorial']) retrieved from /Users/gabrielroger/Documents/projects/weather-data/.venv/lib/python3.9/site-packages/airflow/example_dags/tutorial.py
[2023-03-27 21:19:33,909] {logging_mixin.py:115} INFO - [2023-03-27 21:19:33,909] {dag.py:2379} INFO - Sync 1 DAGs
[2023-03-27 21:19:33,916] {logging_mixin.py:115} INFO - [2023-03-27 21:19:33,916] {dag.py:2927} INFO - Setting next_dagrun for tutorial to 2023-03-27T00:19:33.916313+00:00, run_after=2023-03-28T00:19:33.916313+00:00
[2023-03-27 21:19:33,922] {processor.py:161} INFO - Processing /Users/gabrielroger/Documents/projects/weather-data/.venv/lib/python3.9/site-packages/airflow/example_dags/tutorial.py took 0.049 seconds
[2023-03-27 21:20:18,898] {processor.py:153} INFO - Started process (PID=7116) to work on /Users/gabrielroger/Documents/projects/weather-data/.venv/lib/python3.9/site-packages/airflow/example_dags/tutorial.py
[2023-03-27 21:20:18,898] {processor.py:641} INFO - Processing file /Users/gabrielroger/Documents/projects/weather-data/.venv/lib/python3.9/site-packages/airflow/example_dags/tutorial.py for tasks to queue
[2023-03-27 21:20:18,898] {logging_mixin.py:115} INFO - [2023-03-27 21:20:18,898] {dagbag.py:507} INFO - Filling up the DagBag from /Users/gabrielroger/Documents/projects/weather-data/.venv/lib/python3.9/site-packages/airflow/example_dags/tutorial.py
[2023-03-27 21:20:18,905] {processor.py:651} INFO - DAG(s) dict_keys(['tutorial']) retrieved from /Users/gabrielroger/Documents/projects/weather-data/.venv/lib/python3.9/site-packages/airflow/example_dags/tutorial.py
[2023-03-27 21:20:18,934] {logging_mixin.py:115} INFO - [2023-03-27 21:20:18,934] {dag.py:2379} INFO - Sync 1 DAGs
[2023-03-27 21:20:18,941] {logging_mixin.py:115} INFO - [2023-03-27 21:20:18,941] {dag.py:2927} INFO - Setting next_dagrun for tutorial to 2023-03-27T00:20:18.941278+00:00, run_after=2023-03-28T00:20:18.941278+00:00
[2023-03-27 21:20:18,947] {processor.py:161} INFO - Processing /Users/gabrielroger/Documents/projects/weather-data/.venv/lib/python3.9/site-packages/airflow/example_dags/tutorial.py took 0.049 seconds
[2023-03-27 21:21:03,674] {processor.py:153} INFO - Started process (PID=7190) to work on /Users/gabrielroger/Documents/projects/weather-data/.venv/lib/python3.9/site-packages/airflow/example_dags/tutorial.py
[2023-03-27 21:21:03,674] {processor.py:641} INFO - Processing file /Users/gabrielroger/Documents/projects/weather-data/.venv/lib/python3.9/site-packages/airflow/example_dags/tutorial.py for tasks to queue
[2023-03-27 21:21:03,674] {logging_mixin.py:115} INFO - [2023-03-27 21:21:03,674] {dagbag.py:507} INFO - Filling up the DagBag from /Users/gabrielroger/Documents/projects/weather-data/.venv/lib/python3.9/site-packages/airflow/example_dags/tutorial.py
[2023-03-27 21:21:03,681] {processor.py:651} INFO - DAG(s) dict_keys(['tutorial']) retrieved from /Users/gabrielroger/Documents/projects/weather-data/.venv/lib/python3.9/site-packages/airflow/example_dags/tutorial.py
[2023-03-27 21:21:03,710] {logging_mixin.py:115} INFO - [2023-03-27 21:21:03,710] {dag.py:2379} INFO - Sync 1 DAGs
[2023-03-27 21:21:03,717] {logging_mixin.py:115} INFO - [2023-03-27 21:21:03,717] {dag.py:2927} INFO - Setting next_dagrun for tutorial to 2023-03-27T00:21:03.717316+00:00, run_after=2023-03-28T00:21:03.717316+00:00
[2023-03-27 21:21:03,723] {processor.py:161} INFO - Processing /Users/gabrielroger/Documents/projects/weather-data/.venv/lib/python3.9/site-packages/airflow/example_dags/tutorial.py took 0.049 seconds
[2023-03-27 21:21:49,002] {processor.py:153} INFO - Started process (PID=7264) to work on /Users/gabrielroger/Documents/projects/weather-data/.venv/lib/python3.9/site-packages/airflow/example_dags/tutorial.py
[2023-03-27 21:21:49,003] {processor.py:641} INFO - Processing file /Users/gabrielroger/Documents/projects/weather-data/.venv/lib/python3.9/site-packages/airflow/example_dags/tutorial.py for tasks to queue
[2023-03-27 21:21:49,003] {logging_mixin.py:115} INFO - [2023-03-27 21:21:49,003] {dagbag.py:507} INFO - Filling up the DagBag from /Users/gabrielroger/Documents/projects/weather-data/.venv/lib/python3.9/site-packages/airflow/example_dags/tutorial.py
[2023-03-27 21:21:49,009] {processor.py:651} INFO - DAG(s) dict_keys(['tutorial']) retrieved from /Users/gabrielroger/Documents/projects/weather-data/.venv/lib/python3.9/site-packages/airflow/example_dags/tutorial.py
[2023-03-27 21:21:49,038] {logging_mixin.py:115} INFO - [2023-03-27 21:21:49,038] {dag.py:2379} INFO - Sync 1 DAGs
[2023-03-27 21:21:49,045] {logging_mixin.py:115} INFO - [2023-03-27 21:21:49,045] {dag.py:2927} INFO - Setting next_dagrun for tutorial to 2023-03-27T00:21:49.045078+00:00, run_after=2023-03-28T00:21:49.045078+00:00
[2023-03-27 21:21:49,050] {processor.py:161} INFO - Processing /Users/gabrielroger/Documents/projects/weather-data/.venv/lib/python3.9/site-packages/airflow/example_dags/tutorial.py took 0.048 seconds
[2023-03-27 21:22:35,516] {processor.py:153} INFO - Started process (PID=7339) to work on /Users/gabrielroger/Documents/projects/weather-data/.venv/lib/python3.9/site-packages/airflow/example_dags/tutorial.py
[2023-03-27 21:22:35,516] {processor.py:641} INFO - Processing file /Users/gabrielroger/Documents/projects/weather-data/.venv/lib/python3.9/site-packages/airflow/example_dags/tutorial.py for tasks to queue
[2023-03-27 21:22:35,516] {logging_mixin.py:115} INFO - [2023-03-27 21:22:35,516] {dagbag.py:507} INFO - Filling up the DagBag from /Users/gabrielroger/Documents/projects/weather-data/.venv/lib/python3.9/site-packages/airflow/example_dags/tutorial.py
[2023-03-27 21:22:35,522] {processor.py:651} INFO - DAG(s) dict_keys(['tutorial']) retrieved from /Users/gabrielroger/Documents/projects/weather-data/.venv/lib/python3.9/site-packages/airflow/example_dags/tutorial.py
[2023-03-27 21:22:35,552] {logging_mixin.py:115} INFO - [2023-03-27 21:22:35,552] {dag.py:2379} INFO - Sync 1 DAGs
[2023-03-27 21:22:35,559] {logging_mixin.py:115} INFO - [2023-03-27 21:22:35,559] {dag.py:2927} INFO - Setting next_dagrun for tutorial to 2023-03-27T00:22:35.559340+00:00, run_after=2023-03-28T00:22:35.559340+00:00
[2023-03-27 21:22:35,565] {processor.py:161} INFO - Processing /Users/gabrielroger/Documents/projects/weather-data/.venv/lib/python3.9/site-packages/airflow/example_dags/tutorial.py took 0.049 seconds
[2023-03-27 21:23:16,603] {processor.py:153} INFO - Started process (PID=7411) to work on /Users/gabrielroger/Documents/projects/weather-data/.venv/lib/python3.9/site-packages/airflow/example_dags/tutorial.py
[2023-03-27 21:23:16,603] {processor.py:641} INFO - Processing file /Users/gabrielroger/Documents/projects/weather-data/.venv/lib/python3.9/site-packages/airflow/example_dags/tutorial.py for tasks to queue
[2023-03-27 21:23:16,603] {logging_mixin.py:115} INFO - [2023-03-27 21:23:16,603] {dagbag.py:507} INFO - Filling up the DagBag from /Users/gabrielroger/Documents/projects/weather-data/.venv/lib/python3.9/site-packages/airflow/example_dags/tutorial.py
[2023-03-27 21:23:16,610] {processor.py:651} INFO - DAG(s) dict_keys(['tutorial']) retrieved from /Users/gabrielroger/Documents/projects/weather-data/.venv/lib/python3.9/site-packages/airflow/example_dags/tutorial.py
[2023-03-27 21:23:16,639] {logging_mixin.py:115} INFO - [2023-03-27 21:23:16,639] {dag.py:2379} INFO - Sync 1 DAGs
[2023-03-27 21:23:16,646] {logging_mixin.py:115} INFO - [2023-03-27 21:23:16,646] {dag.py:2927} INFO - Setting next_dagrun for tutorial to 2023-03-27T00:23:16.646422+00:00, run_after=2023-03-28T00:23:16.646422+00:00
[2023-03-27 21:23:16,652] {processor.py:161} INFO - Processing /Users/gabrielroger/Documents/projects/weather-data/.venv/lib/python3.9/site-packages/airflow/example_dags/tutorial.py took 0.049 seconds
[2023-03-27 21:24:02,106] {processor.py:153} INFO - Started process (PID=7491) to work on /Users/gabrielroger/Documents/projects/weather-data/.venv/lib/python3.9/site-packages/airflow/example_dags/tutorial.py
[2023-03-27 21:24:02,107] {processor.py:641} INFO - Processing file /Users/gabrielroger/Documents/projects/weather-data/.venv/lib/python3.9/site-packages/airflow/example_dags/tutorial.py for tasks to queue
[2023-03-27 21:24:02,107] {logging_mixin.py:115} INFO - [2023-03-27 21:24:02,107] {dagbag.py:507} INFO - Filling up the DagBag from /Users/gabrielroger/Documents/projects/weather-data/.venv/lib/python3.9/site-packages/airflow/example_dags/tutorial.py
[2023-03-27 21:24:02,114] {processor.py:651} INFO - DAG(s) dict_keys(['tutorial']) retrieved from /Users/gabrielroger/Documents/projects/weather-data/.venv/lib/python3.9/site-packages/airflow/example_dags/tutorial.py
[2023-03-27 21:24:02,144] {logging_mixin.py:115} INFO - [2023-03-27 21:24:02,144] {dag.py:2379} INFO - Sync 1 DAGs
[2023-03-27 21:24:02,151] {logging_mixin.py:115} INFO - [2023-03-27 21:24:02,151] {dag.py:2927} INFO - Setting next_dagrun for tutorial to 2023-03-27T00:24:02.151216+00:00, run_after=2023-03-28T00:24:02.151216+00:00
[2023-03-27 21:24:02,156] {processor.py:161} INFO - Processing /Users/gabrielroger/Documents/projects/weather-data/.venv/lib/python3.9/site-packages/airflow/example_dags/tutorial.py took 0.051 seconds
[2023-03-27 21:24:46,328] {processor.py:153} INFO - Started process (PID=7586) to work on /Users/gabrielroger/Documents/projects/weather-data/.venv/lib/python3.9/site-packages/airflow/example_dags/tutorial.py
[2023-03-27 21:24:46,328] {processor.py:641} INFO - Processing file /Users/gabrielroger/Documents/projects/weather-data/.venv/lib/python3.9/site-packages/airflow/example_dags/tutorial.py for tasks to queue
[2023-03-27 21:24:46,328] {logging_mixin.py:115} INFO - [2023-03-27 21:24:46,328] {dagbag.py:507} INFO - Filling up the DagBag from /Users/gabrielroger/Documents/projects/weather-data/.venv/lib/python3.9/site-packages/airflow/example_dags/tutorial.py
[2023-03-27 21:24:46,336] {processor.py:651} INFO - DAG(s) dict_keys(['tutorial']) retrieved from /Users/gabrielroger/Documents/projects/weather-data/.venv/lib/python3.9/site-packages/airflow/example_dags/tutorial.py
[2023-03-27 21:24:46,366] {logging_mixin.py:115} INFO - [2023-03-27 21:24:46,365] {dag.py:2379} INFO - Sync 1 DAGs
[2023-03-27 21:24:46,372] {logging_mixin.py:115} INFO - [2023-03-27 21:24:46,372] {dag.py:2927} INFO - Setting next_dagrun for tutorial to 2023-03-27T00:24:46.372709+00:00, run_after=2023-03-28T00:24:46.372709+00:00
[2023-03-27 21:24:46,378] {processor.py:161} INFO - Processing /Users/gabrielroger/Documents/projects/weather-data/.venv/lib/python3.9/site-packages/airflow/example_dags/tutorial.py took 0.050 seconds
[2023-03-27 21:25:29,325] {processor.py:153} INFO - Started process (PID=7673) to work on /Users/gabrielroger/Documents/projects/weather-data/.venv/lib/python3.9/site-packages/airflow/example_dags/tutorial.py
[2023-03-27 21:25:29,325] {processor.py:641} INFO - Processing file /Users/gabrielroger/Documents/projects/weather-data/.venv/lib/python3.9/site-packages/airflow/example_dags/tutorial.py for tasks to queue
[2023-03-27 21:25:29,326] {logging_mixin.py:115} INFO - [2023-03-27 21:25:29,326] {dagbag.py:507} INFO - Filling up the DagBag from /Users/gabrielroger/Documents/projects/weather-data/.venv/lib/python3.9/site-packages/airflow/example_dags/tutorial.py
[2023-03-27 21:25:29,332] {processor.py:651} INFO - DAG(s) dict_keys(['tutorial']) retrieved from /Users/gabrielroger/Documents/projects/weather-data/.venv/lib/python3.9/site-packages/airflow/example_dags/tutorial.py
[2023-03-27 21:25:29,362] {logging_mixin.py:115} INFO - [2023-03-27 21:25:29,362] {dag.py:2379} INFO - Sync 1 DAGs
[2023-03-27 21:25:29,369] {logging_mixin.py:115} INFO - [2023-03-27 21:25:29,369] {dag.py:2927} INFO - Setting next_dagrun for tutorial to 2023-03-27T00:25:29.369497+00:00, run_after=2023-03-28T00:25:29.369497+00:00
[2023-03-27 21:25:29,375] {processor.py:161} INFO - Processing /Users/gabrielroger/Documents/projects/weather-data/.venv/lib/python3.9/site-packages/airflow/example_dags/tutorial.py took 0.050 seconds
[2023-03-27 21:26:13,283] {processor.py:153} INFO - Started process (PID=7749) to work on /Users/gabrielroger/Documents/projects/weather-data/.venv/lib/python3.9/site-packages/airflow/example_dags/tutorial.py
[2023-03-27 21:26:13,283] {processor.py:641} INFO - Processing file /Users/gabrielroger/Documents/projects/weather-data/.venv/lib/python3.9/site-packages/airflow/example_dags/tutorial.py for tasks to queue
[2023-03-27 21:26:13,283] {logging_mixin.py:115} INFO - [2023-03-27 21:26:13,283] {dagbag.py:507} INFO - Filling up the DagBag from /Users/gabrielroger/Documents/projects/weather-data/.venv/lib/python3.9/site-packages/airflow/example_dags/tutorial.py
[2023-03-27 21:26:13,290] {processor.py:651} INFO - DAG(s) dict_keys(['tutorial']) retrieved from /Users/gabrielroger/Documents/projects/weather-data/.venv/lib/python3.9/site-packages/airflow/example_dags/tutorial.py
[2023-03-27 21:26:13,319] {logging_mixin.py:115} INFO - [2023-03-27 21:26:13,319] {dag.py:2379} INFO - Sync 1 DAGs
[2023-03-27 21:26:13,326] {logging_mixin.py:115} INFO - [2023-03-27 21:26:13,326] {dag.py:2927} INFO - Setting next_dagrun for tutorial to 2023-03-27T00:26:13.326016+00:00, run_after=2023-03-28T00:26:13.326016+00:00
[2023-03-27 21:26:13,331] {processor.py:161} INFO - Processing /Users/gabrielroger/Documents/projects/weather-data/.venv/lib/python3.9/site-packages/airflow/example_dags/tutorial.py took 0.049 seconds
[2023-03-27 21:26:59,062] {processor.py:153} INFO - Started process (PID=7824) to work on /Users/gabrielroger/Documents/projects/weather-data/.venv/lib/python3.9/site-packages/airflow/example_dags/tutorial.py
[2023-03-27 21:26:59,063] {processor.py:641} INFO - Processing file /Users/gabrielroger/Documents/projects/weather-data/.venv/lib/python3.9/site-packages/airflow/example_dags/tutorial.py for tasks to queue
[2023-03-27 21:26:59,063] {logging_mixin.py:115} INFO - [2023-03-27 21:26:59,063] {dagbag.py:507} INFO - Filling up the DagBag from /Users/gabrielroger/Documents/projects/weather-data/.venv/lib/python3.9/site-packages/airflow/example_dags/tutorial.py
[2023-03-27 21:26:59,069] {processor.py:651} INFO - DAG(s) dict_keys(['tutorial']) retrieved from /Users/gabrielroger/Documents/projects/weather-data/.venv/lib/python3.9/site-packages/airflow/example_dags/tutorial.py
[2023-03-27 21:26:59,099] {logging_mixin.py:115} INFO - [2023-03-27 21:26:59,099] {dag.py:2379} INFO - Sync 1 DAGs
[2023-03-27 21:26:59,105] {logging_mixin.py:115} INFO - [2023-03-27 21:26:59,105] {dag.py:2927} INFO - Setting next_dagrun for tutorial to 2023-03-27T00:26:59.105710+00:00, run_after=2023-03-28T00:26:59.105710+00:00
[2023-03-27 21:26:59,111] {processor.py:161} INFO - Processing /Users/gabrielroger/Documents/projects/weather-data/.venv/lib/python3.9/site-packages/airflow/example_dags/tutorial.py took 0.049 seconds
[2023-03-27 21:27:42,376] {processor.py:153} INFO - Started process (PID=7895) to work on /Users/gabrielroger/Documents/projects/weather-data/.venv/lib/python3.9/site-packages/airflow/example_dags/tutorial.py
[2023-03-27 21:27:42,376] {processor.py:641} INFO - Processing file /Users/gabrielroger/Documents/projects/weather-data/.venv/lib/python3.9/site-packages/airflow/example_dags/tutorial.py for tasks to queue
[2023-03-27 21:27:42,377] {logging_mixin.py:115} INFO - [2023-03-27 21:27:42,377] {dagbag.py:507} INFO - Filling up the DagBag from /Users/gabrielroger/Documents/projects/weather-data/.venv/lib/python3.9/site-packages/airflow/example_dags/tutorial.py
[2023-03-27 21:27:42,383] {processor.py:651} INFO - DAG(s) dict_keys(['tutorial']) retrieved from /Users/gabrielroger/Documents/projects/weather-data/.venv/lib/python3.9/site-packages/airflow/example_dags/tutorial.py
[2023-03-27 21:27:42,413] {logging_mixin.py:115} INFO - [2023-03-27 21:27:42,413] {dag.py:2379} INFO - Sync 1 DAGs
[2023-03-27 21:27:42,420] {logging_mixin.py:115} INFO - [2023-03-27 21:27:42,420] {dag.py:2927} INFO - Setting next_dagrun for tutorial to 2023-03-27T00:27:42.420467+00:00, run_after=2023-03-28T00:27:42.420467+00:00
[2023-03-27 21:27:42,426] {processor.py:161} INFO - Processing /Users/gabrielroger/Documents/projects/weather-data/.venv/lib/python3.9/site-packages/airflow/example_dags/tutorial.py took 0.050 seconds
[2023-03-27 21:28:26,343] {processor.py:153} INFO - Started process (PID=7971) to work on /Users/gabrielroger/Documents/projects/weather-data/.venv/lib/python3.9/site-packages/airflow/example_dags/tutorial.py
[2023-03-27 21:28:26,344] {processor.py:641} INFO - Processing file /Users/gabrielroger/Documents/projects/weather-data/.venv/lib/python3.9/site-packages/airflow/example_dags/tutorial.py for tasks to queue
[2023-03-27 21:28:26,344] {logging_mixin.py:115} INFO - [2023-03-27 21:28:26,344] {dagbag.py:507} INFO - Filling up the DagBag from /Users/gabrielroger/Documents/projects/weather-data/.venv/lib/python3.9/site-packages/airflow/example_dags/tutorial.py
[2023-03-27 21:28:26,350] {processor.py:651} INFO - DAG(s) dict_keys(['tutorial']) retrieved from /Users/gabrielroger/Documents/projects/weather-data/.venv/lib/python3.9/site-packages/airflow/example_dags/tutorial.py
[2023-03-27 21:28:26,380] {logging_mixin.py:115} INFO - [2023-03-27 21:28:26,380] {dag.py:2379} INFO - Sync 1 DAGs
[2023-03-27 21:28:26,386] {logging_mixin.py:115} INFO - [2023-03-27 21:28:26,386] {dag.py:2927} INFO - Setting next_dagrun for tutorial to 2023-03-27T00:28:26.386799+00:00, run_after=2023-03-28T00:28:26.386799+00:00
[2023-03-27 21:28:26,392] {processor.py:161} INFO - Processing /Users/gabrielroger/Documents/projects/weather-data/.venv/lib/python3.9/site-packages/airflow/example_dags/tutorial.py took 0.049 seconds
[2023-03-27 21:29:09,050] {processor.py:153} INFO - Started process (PID=8056) to work on /Users/gabrielroger/Documents/projects/weather-data/.venv/lib/python3.9/site-packages/airflow/example_dags/tutorial.py
[2023-03-27 21:29:09,050] {processor.py:641} INFO - Processing file /Users/gabrielroger/Documents/projects/weather-data/.venv/lib/python3.9/site-packages/airflow/example_dags/tutorial.py for tasks to queue
[2023-03-27 21:29:09,050] {logging_mixin.py:115} INFO - [2023-03-27 21:29:09,050] {dagbag.py:507} INFO - Filling up the DagBag from /Users/gabrielroger/Documents/projects/weather-data/.venv/lib/python3.9/site-packages/airflow/example_dags/tutorial.py
[2023-03-27 21:29:09,057] {processor.py:651} INFO - DAG(s) dict_keys(['tutorial']) retrieved from /Users/gabrielroger/Documents/projects/weather-data/.venv/lib/python3.9/site-packages/airflow/example_dags/tutorial.py
[2023-03-27 21:29:09,087] {logging_mixin.py:115} INFO - [2023-03-27 21:29:09,087] {dag.py:2379} INFO - Sync 1 DAGs
[2023-03-27 21:29:09,094] {logging_mixin.py:115} INFO - [2023-03-27 21:29:09,094] {dag.py:2927} INFO - Setting next_dagrun for tutorial to 2023-03-27T00:29:09.093955+00:00, run_after=2023-03-28T00:29:09.093955+00:00
[2023-03-27 21:29:09,100] {processor.py:161} INFO - Processing /Users/gabrielroger/Documents/projects/weather-data/.venv/lib/python3.9/site-packages/airflow/example_dags/tutorial.py took 0.050 seconds
[2023-03-27 21:29:50,625] {processor.py:153} INFO - Started process (PID=8143) to work on /Users/gabrielroger/Documents/projects/weather-data/.venv/lib/python3.9/site-packages/airflow/example_dags/tutorial.py
[2023-03-27 21:29:50,626] {processor.py:641} INFO - Processing file /Users/gabrielroger/Documents/projects/weather-data/.venv/lib/python3.9/site-packages/airflow/example_dags/tutorial.py for tasks to queue
[2023-03-27 21:29:50,626] {logging_mixin.py:115} INFO - [2023-03-27 21:29:50,626] {dagbag.py:507} INFO - Filling up the DagBag from /Users/gabrielroger/Documents/projects/weather-data/.venv/lib/python3.9/site-packages/airflow/example_dags/tutorial.py
[2023-03-27 21:29:50,632] {processor.py:651} INFO - DAG(s) dict_keys(['tutorial']) retrieved from /Users/gabrielroger/Documents/projects/weather-data/.venv/lib/python3.9/site-packages/airflow/example_dags/tutorial.py
[2023-03-27 21:29:50,662] {logging_mixin.py:115} INFO - [2023-03-27 21:29:50,662] {dag.py:2379} INFO - Sync 1 DAGs
[2023-03-27 21:29:50,669] {logging_mixin.py:115} INFO - [2023-03-27 21:29:50,669] {dag.py:2927} INFO - Setting next_dagrun for tutorial to 2023-03-27T00:29:50.669093+00:00, run_after=2023-03-28T00:29:50.669093+00:00
[2023-03-27 21:29:50,674] {processor.py:161} INFO - Processing /Users/gabrielroger/Documents/projects/weather-data/.venv/lib/python3.9/site-packages/airflow/example_dags/tutorial.py took 0.049 seconds
[2023-03-27 21:30:33,793] {processor.py:153} INFO - Started process (PID=8231) to work on /Users/gabrielroger/Documents/projects/weather-data/.venv/lib/python3.9/site-packages/airflow/example_dags/tutorial.py
[2023-03-27 21:30:33,793] {processor.py:641} INFO - Processing file /Users/gabrielroger/Documents/projects/weather-data/.venv/lib/python3.9/site-packages/airflow/example_dags/tutorial.py for tasks to queue
[2023-03-27 21:30:33,793] {logging_mixin.py:115} INFO - [2023-03-27 21:30:33,793] {dagbag.py:507} INFO - Filling up the DagBag from /Users/gabrielroger/Documents/projects/weather-data/.venv/lib/python3.9/site-packages/airflow/example_dags/tutorial.py
[2023-03-27 21:30:33,799] {processor.py:651} INFO - DAG(s) dict_keys(['tutorial']) retrieved from /Users/gabrielroger/Documents/projects/weather-data/.venv/lib/python3.9/site-packages/airflow/example_dags/tutorial.py
[2023-03-27 21:30:33,830] {logging_mixin.py:115} INFO - [2023-03-27 21:30:33,830] {dag.py:2379} INFO - Sync 1 DAGs
[2023-03-27 21:30:33,836] {logging_mixin.py:115} INFO - [2023-03-27 21:30:33,836] {dag.py:2927} INFO - Setting next_dagrun for tutorial to 2023-03-27T00:30:33.836814+00:00, run_after=2023-03-28T00:30:33.836814+00:00
[2023-03-27 21:30:33,842] {processor.py:161} INFO - Processing /Users/gabrielroger/Documents/projects/weather-data/.venv/lib/python3.9/site-packages/airflow/example_dags/tutorial.py took 0.050 seconds
[2023-03-27 21:31:16,814] {processor.py:153} INFO - Started process (PID=8302) to work on /Users/gabrielroger/Documents/projects/weather-data/.venv/lib/python3.9/site-packages/airflow/example_dags/tutorial.py
[2023-03-27 21:31:16,814] {processor.py:641} INFO - Processing file /Users/gabrielroger/Documents/projects/weather-data/.venv/lib/python3.9/site-packages/airflow/example_dags/tutorial.py for tasks to queue
[2023-03-27 21:31:16,814] {logging_mixin.py:115} INFO - [2023-03-27 21:31:16,814] {dagbag.py:507} INFO - Filling up the DagBag from /Users/gabrielroger/Documents/projects/weather-data/.venv/lib/python3.9/site-packages/airflow/example_dags/tutorial.py
[2023-03-27 21:31:16,820] {processor.py:651} INFO - DAG(s) dict_keys(['tutorial']) retrieved from /Users/gabrielroger/Documents/projects/weather-data/.venv/lib/python3.9/site-packages/airflow/example_dags/tutorial.py
[2023-03-27 21:31:16,851] {logging_mixin.py:115} INFO - [2023-03-27 21:31:16,851] {dag.py:2379} INFO - Sync 1 DAGs
[2023-03-27 21:31:16,858] {logging_mixin.py:115} INFO - [2023-03-27 21:31:16,858] {dag.py:2927} INFO - Setting next_dagrun for tutorial to 2023-03-27T00:31:16.858075+00:00, run_after=2023-03-28T00:31:16.858075+00:00
[2023-03-27 21:31:16,863] {processor.py:161} INFO - Processing /Users/gabrielroger/Documents/projects/weather-data/.venv/lib/python3.9/site-packages/airflow/example_dags/tutorial.py took 0.050 seconds
[2023-03-27 21:32:00,468] {processor.py:153} INFO - Started process (PID=8374) to work on /Users/gabrielroger/Documents/projects/weather-data/.venv/lib/python3.9/site-packages/airflow/example_dags/tutorial.py
[2023-03-27 21:32:00,468] {processor.py:641} INFO - Processing file /Users/gabrielroger/Documents/projects/weather-data/.venv/lib/python3.9/site-packages/airflow/example_dags/tutorial.py for tasks to queue
[2023-03-27 21:32:00,468] {logging_mixin.py:115} INFO - [2023-03-27 21:32:00,468] {dagbag.py:507} INFO - Filling up the DagBag from /Users/gabrielroger/Documents/projects/weather-data/.venv/lib/python3.9/site-packages/airflow/example_dags/tutorial.py
[2023-03-27 21:32:00,474] {processor.py:651} INFO - DAG(s) dict_keys(['tutorial']) retrieved from /Users/gabrielroger/Documents/projects/weather-data/.venv/lib/python3.9/site-packages/airflow/example_dags/tutorial.py
[2023-03-27 21:32:00,504] {logging_mixin.py:115} INFO - [2023-03-27 21:32:00,504] {dag.py:2379} INFO - Sync 1 DAGs
[2023-03-27 21:32:00,510] {logging_mixin.py:115} INFO - [2023-03-27 21:32:00,510] {dag.py:2927} INFO - Setting next_dagrun for tutorial to 2023-03-27T00:32:00.510830+00:00, run_after=2023-03-28T00:32:00.510830+00:00
[2023-03-27 21:32:00,516] {processor.py:161} INFO - Processing /Users/gabrielroger/Documents/projects/weather-data/.venv/lib/python3.9/site-packages/airflow/example_dags/tutorial.py took 0.049 seconds
[2023-03-27 21:32:44,811] {processor.py:153} INFO - Started process (PID=8448) to work on /Users/gabrielroger/Documents/projects/weather-data/.venv/lib/python3.9/site-packages/airflow/example_dags/tutorial.py
[2023-03-27 21:32:44,812] {processor.py:641} INFO - Processing file /Users/gabrielroger/Documents/projects/weather-data/.venv/lib/python3.9/site-packages/airflow/example_dags/tutorial.py for tasks to queue
[2023-03-27 21:32:44,812] {logging_mixin.py:115} INFO - [2023-03-27 21:32:44,812] {dagbag.py:507} INFO - Filling up the DagBag from /Users/gabrielroger/Documents/projects/weather-data/.venv/lib/python3.9/site-packages/airflow/example_dags/tutorial.py
[2023-03-27 21:32:44,818] {processor.py:651} INFO - DAG(s) dict_keys(['tutorial']) retrieved from /Users/gabrielroger/Documents/projects/weather-data/.venv/lib/python3.9/site-packages/airflow/example_dags/tutorial.py
[2023-03-27 21:32:44,847] {logging_mixin.py:115} INFO - [2023-03-27 21:32:44,847] {dag.py:2379} INFO - Sync 1 DAGs
[2023-03-27 21:32:44,854] {logging_mixin.py:115} INFO - [2023-03-27 21:32:44,854] {dag.py:2927} INFO - Setting next_dagrun for tutorial to 2023-03-27T00:32:44.854433+00:00, run_after=2023-03-28T00:32:44.854433+00:00
[2023-03-27 21:32:44,860] {processor.py:161} INFO - Processing /Users/gabrielroger/Documents/projects/weather-data/.venv/lib/python3.9/site-packages/airflow/example_dags/tutorial.py took 0.049 seconds
[2023-03-27 21:33:29,822] {processor.py:153} INFO - Started process (PID=8521) to work on /Users/gabrielroger/Documents/projects/weather-data/.venv/lib/python3.9/site-packages/airflow/example_dags/tutorial.py
[2023-03-27 21:33:29,822] {processor.py:641} INFO - Processing file /Users/gabrielroger/Documents/projects/weather-data/.venv/lib/python3.9/site-packages/airflow/example_dags/tutorial.py for tasks to queue
[2023-03-27 21:33:29,822] {logging_mixin.py:115} INFO - [2023-03-27 21:33:29,822] {dagbag.py:507} INFO - Filling up the DagBag from /Users/gabrielroger/Documents/projects/weather-data/.venv/lib/python3.9/site-packages/airflow/example_dags/tutorial.py
[2023-03-27 21:33:29,828] {processor.py:651} INFO - DAG(s) dict_keys(['tutorial']) retrieved from /Users/gabrielroger/Documents/projects/weather-data/.venv/lib/python3.9/site-packages/airflow/example_dags/tutorial.py
[2023-03-27 21:33:29,859] {logging_mixin.py:115} INFO - [2023-03-27 21:33:29,859] {dag.py:2379} INFO - Sync 1 DAGs
[2023-03-27 21:33:29,866] {logging_mixin.py:115} INFO - [2023-03-27 21:33:29,866] {dag.py:2927} INFO - Setting next_dagrun for tutorial to 2023-03-27T00:33:29.866349+00:00, run_after=2023-03-28T00:33:29.866349+00:00
[2023-03-27 21:33:29,872] {processor.py:161} INFO - Processing /Users/gabrielroger/Documents/projects/weather-data/.venv/lib/python3.9/site-packages/airflow/example_dags/tutorial.py took 0.050 seconds
[2023-03-27 21:34:14,251] {processor.py:153} INFO - Started process (PID=8600) to work on /Users/gabrielroger/Documents/projects/weather-data/.venv/lib/python3.9/site-packages/airflow/example_dags/tutorial.py
[2023-03-27 21:34:14,251] {processor.py:641} INFO - Processing file /Users/gabrielroger/Documents/projects/weather-data/.venv/lib/python3.9/site-packages/airflow/example_dags/tutorial.py for tasks to queue
[2023-03-27 21:34:14,252] {logging_mixin.py:115} INFO - [2023-03-27 21:34:14,252] {dagbag.py:507} INFO - Filling up the DagBag from /Users/gabrielroger/Documents/projects/weather-data/.venv/lib/python3.9/site-packages/airflow/example_dags/tutorial.py
[2023-03-27 21:34:14,258] {processor.py:651} INFO - DAG(s) dict_keys(['tutorial']) retrieved from /Users/gabrielroger/Documents/projects/weather-data/.venv/lib/python3.9/site-packages/airflow/example_dags/tutorial.py
[2023-03-27 21:34:14,287] {logging_mixin.py:115} INFO - [2023-03-27 21:34:14,287] {dag.py:2379} INFO - Sync 1 DAGs
[2023-03-27 21:34:14,294] {logging_mixin.py:115} INFO - [2023-03-27 21:34:14,294] {dag.py:2927} INFO - Setting next_dagrun for tutorial to 2023-03-27T00:34:14.294153+00:00, run_after=2023-03-28T00:34:14.294153+00:00
[2023-03-27 21:34:14,299] {processor.py:161} INFO - Processing /Users/gabrielroger/Documents/projects/weather-data/.venv/lib/python3.9/site-packages/airflow/example_dags/tutorial.py took 0.048 seconds
[2023-03-27 21:59:42,287] {processor.py:153} INFO - Started process (PID=8730) to work on /Users/gabrielroger/Documents/projects/weather-data/.venv/lib/python3.9/site-packages/airflow/example_dags/tutorial.py
[2023-03-27 21:59:42,288] {processor.py:641} INFO - Processing file /Users/gabrielroger/Documents/projects/weather-data/.venv/lib/python3.9/site-packages/airflow/example_dags/tutorial.py for tasks to queue
[2023-03-27 21:59:42,288] {logging_mixin.py:115} INFO - [2023-03-27 21:59:42,288] {dagbag.py:507} INFO - Filling up the DagBag from /Users/gabrielroger/Documents/projects/weather-data/.venv/lib/python3.9/site-packages/airflow/example_dags/tutorial.py
[2023-03-27 21:59:42,294] {processor.py:651} INFO - DAG(s) dict_keys(['tutorial']) retrieved from /Users/gabrielroger/Documents/projects/weather-data/.venv/lib/python3.9/site-packages/airflow/example_dags/tutorial.py
[2023-03-27 21:59:42,325] {logging_mixin.py:115} INFO - [2023-03-27 21:59:42,325] {dag.py:2379} INFO - Sync 1 DAGs
[2023-03-27 21:59:42,331] {logging_mixin.py:115} INFO - [2023-03-27 21:59:42,331] {dag.py:2927} INFO - Setting next_dagrun for tutorial to 2023-03-27T00:59:42.331725+00:00, run_after=2023-03-28T00:59:42.331725+00:00
[2023-03-27 21:59:42,337] {processor.py:161} INFO - Processing /Users/gabrielroger/Documents/projects/weather-data/.venv/lib/python3.9/site-packages/airflow/example_dags/tutorial.py took 0.050 seconds
[2023-03-27 22:00:27,209] {processor.py:153} INFO - Started process (PID=8818) to work on /Users/gabrielroger/Documents/projects/weather-data/.venv/lib/python3.9/site-packages/airflow/example_dags/tutorial.py
[2023-03-27 22:00:27,210] {processor.py:641} INFO - Processing file /Users/gabrielroger/Documents/projects/weather-data/.venv/lib/python3.9/site-packages/airflow/example_dags/tutorial.py for tasks to queue
[2023-03-27 22:00:27,210] {logging_mixin.py:115} INFO - [2023-03-27 22:00:27,210] {dagbag.py:507} INFO - Filling up the DagBag from /Users/gabrielroger/Documents/projects/weather-data/.venv/lib/python3.9/site-packages/airflow/example_dags/tutorial.py
[2023-03-27 22:00:27,216] {processor.py:651} INFO - DAG(s) dict_keys(['tutorial']) retrieved from /Users/gabrielroger/Documents/projects/weather-data/.venv/lib/python3.9/site-packages/airflow/example_dags/tutorial.py
[2023-03-27 22:00:27,246] {logging_mixin.py:115} INFO - [2023-03-27 22:00:27,246] {dag.py:2379} INFO - Sync 1 DAGs
[2023-03-27 22:00:27,252] {logging_mixin.py:115} INFO - [2023-03-27 22:00:27,252] {dag.py:2927} INFO - Setting next_dagrun for tutorial to 2023-03-27T01:00:27.252761+00:00, run_after=2023-03-28T01:00:27.252761+00:00
[2023-03-27 22:00:27,258] {processor.py:161} INFO - Processing /Users/gabrielroger/Documents/projects/weather-data/.venv/lib/python3.9/site-packages/airflow/example_dags/tutorial.py took 0.049 seconds
[2023-03-27 22:08:11,253] {processor.py:153} INFO - Started process (PID=8871) to work on /Users/gabrielroger/Documents/projects/weather-data/.venv/lib/python3.9/site-packages/airflow/example_dags/tutorial.py
[2023-03-27 22:08:11,254] {processor.py:641} INFO - Processing file /Users/gabrielroger/Documents/projects/weather-data/.venv/lib/python3.9/site-packages/airflow/example_dags/tutorial.py for tasks to queue
[2023-03-27 22:08:11,254] {logging_mixin.py:115} INFO - [2023-03-27 22:08:11,254] {dagbag.py:507} INFO - Filling up the DagBag from /Users/gabrielroger/Documents/projects/weather-data/.venv/lib/python3.9/site-packages/airflow/example_dags/tutorial.py
[2023-03-27 22:08:11,261] {processor.py:651} INFO - DAG(s) dict_keys(['tutorial']) retrieved from /Users/gabrielroger/Documents/projects/weather-data/.venv/lib/python3.9/site-packages/airflow/example_dags/tutorial.py
[2023-03-27 22:08:11,290] {logging_mixin.py:115} INFO - [2023-03-27 22:08:11,290] {dag.py:2379} INFO - Sync 1 DAGs
[2023-03-27 22:08:11,297] {logging_mixin.py:115} INFO - [2023-03-27 22:08:11,297] {dag.py:2927} INFO - Setting next_dagrun for tutorial to 2023-03-27T01:08:11.296875+00:00, run_after=2023-03-28T01:08:11.296875+00:00
[2023-03-27 22:08:11,302] {processor.py:161} INFO - Processing /Users/gabrielroger/Documents/projects/weather-data/.venv/lib/python3.9/site-packages/airflow/example_dags/tutorial.py took 0.049 seconds
[2023-03-27 23:12:09,612] {processor.py:153} INFO - Started process (PID=8981) to work on /Users/gabrielroger/Documents/projects/weather-data/.venv/lib/python3.9/site-packages/airflow/example_dags/tutorial.py
[2023-03-27 23:12:09,613] {processor.py:641} INFO - Processing file /Users/gabrielroger/Documents/projects/weather-data/.venv/lib/python3.9/site-packages/airflow/example_dags/tutorial.py for tasks to queue
[2023-03-27 23:12:09,614] {logging_mixin.py:115} INFO - [2023-03-27 23:12:09,614] {dagbag.py:507} INFO - Filling up the DagBag from /Users/gabrielroger/Documents/projects/weather-data/.venv/lib/python3.9/site-packages/airflow/example_dags/tutorial.py
[2023-03-27 23:12:09,620] {processor.py:651} INFO - DAG(s) dict_keys(['tutorial']) retrieved from /Users/gabrielroger/Documents/projects/weather-data/.venv/lib/python3.9/site-packages/airflow/example_dags/tutorial.py
[2023-03-27 23:12:09,650] {logging_mixin.py:115} INFO - [2023-03-27 23:12:09,649] {dag.py:2379} INFO - Sync 1 DAGs
[2023-03-27 23:12:09,656] {logging_mixin.py:115} INFO - [2023-03-27 23:12:09,656] {dag.py:2927} INFO - Setting next_dagrun for tutorial to 2023-03-27T02:12:09.656414+00:00, run_after=2023-03-28T02:12:09.656414+00:00
[2023-03-27 23:12:09,661] {processor.py:161} INFO - Processing /Users/gabrielroger/Documents/projects/weather-data/.venv/lib/python3.9/site-packages/airflow/example_dags/tutorial.py took 0.049 seconds
