[2023-03-27 21:09:42,811] {processor.py:153} INFO - Started process (PID=6043) to work on /Users/gabrielroger/Documents/projects/weather-data/.venv/lib/python3.9/site-packages/airflow/example_dags/tutorial_etl_dag.py
[2023-03-27 21:09:42,811] {processor.py:641} INFO - Processing file /Users/gabrielroger/Documents/projects/weather-data/.venv/lib/python3.9/site-packages/airflow/example_dags/tutorial_etl_dag.py for tasks to queue
[2023-03-27 21:09:42,811] {logging_mixin.py:115} INFO - [2023-03-27 21:09:42,811] {dagbag.py:507} INFO - Filling up the DagBag from /Users/gabrielroger/Documents/projects/weather-data/.venv/lib/python3.9/site-packages/airflow/example_dags/tutorial_etl_dag.py
[2023-03-27 21:09:42,824] {processor.py:651} INFO - DAG(s) dict_keys(['tutorial_etl_dag']) retrieved from /Users/gabrielroger/Documents/projects/weather-data/.venv/lib/python3.9/site-packages/airflow/example_dags/tutorial_etl_dag.py
[2023-03-27 21:09:42,854] {logging_mixin.py:115} INFO - [2023-03-27 21:09:42,854] {dag.py:2379} INFO - Sync 1 DAGs
[2023-03-27 21:09:42,861] {logging_mixin.py:115} INFO - [2023-03-27 21:09:42,861] {dag.py:2927} INFO - Setting next_dagrun for tutorial_etl_dag to None, run_after=None
[2023-03-27 21:09:42,867] {processor.py:161} INFO - Processing /Users/gabrielroger/Documents/projects/weather-data/.venv/lib/python3.9/site-packages/airflow/example_dags/tutorial_etl_dag.py took 0.056 seconds
[2023-03-27 21:10:34,017] {processor.py:153} INFO - Started process (PID=6136) to work on /Users/gabrielroger/Documents/projects/weather-data/.venv/lib/python3.9/site-packages/airflow/example_dags/tutorial_etl_dag.py
[2023-03-27 21:10:34,017] {processor.py:641} INFO - Processing file /Users/gabrielroger/Documents/projects/weather-data/.venv/lib/python3.9/site-packages/airflow/example_dags/tutorial_etl_dag.py for tasks to queue
[2023-03-27 21:10:34,017] {logging_mixin.py:115} INFO - [2023-03-27 21:10:34,017] {dagbag.py:507} INFO - Filling up the DagBag from /Users/gabrielroger/Documents/projects/weather-data/.venv/lib/python3.9/site-packages/airflow/example_dags/tutorial_etl_dag.py
[2023-03-27 21:10:34,031] {processor.py:651} INFO - DAG(s) dict_keys(['tutorial_etl_dag']) retrieved from /Users/gabrielroger/Documents/projects/weather-data/.venv/lib/python3.9/site-packages/airflow/example_dags/tutorial_etl_dag.py
[2023-03-27 21:10:34,061] {logging_mixin.py:115} INFO - [2023-03-27 21:10:34,061] {dag.py:2379} INFO - Sync 1 DAGs
[2023-03-27 21:10:34,069] {logging_mixin.py:115} INFO - [2023-03-27 21:10:34,069] {dag.py:2927} INFO - Setting next_dagrun for tutorial_etl_dag to None, run_after=None
[2023-03-27 21:10:34,074] {processor.py:161} INFO - Processing /Users/gabrielroger/Documents/projects/weather-data/.venv/lib/python3.9/site-packages/airflow/example_dags/tutorial_etl_dag.py took 0.057 seconds
[2023-03-27 21:11:19,468] {processor.py:153} INFO - Started process (PID=6216) to work on /Users/gabrielroger/Documents/projects/weather-data/.venv/lib/python3.9/site-packages/airflow/example_dags/tutorial_etl_dag.py
[2023-03-27 21:11:19,468] {processor.py:641} INFO - Processing file /Users/gabrielroger/Documents/projects/weather-data/.venv/lib/python3.9/site-packages/airflow/example_dags/tutorial_etl_dag.py for tasks to queue
[2023-03-27 21:11:19,468] {logging_mixin.py:115} INFO - [2023-03-27 21:11:19,468] {dagbag.py:507} INFO - Filling up the DagBag from /Users/gabrielroger/Documents/projects/weather-data/.venv/lib/python3.9/site-packages/airflow/example_dags/tutorial_etl_dag.py
[2023-03-27 21:11:19,483] {processor.py:651} INFO - DAG(s) dict_keys(['tutorial_etl_dag']) retrieved from /Users/gabrielroger/Documents/projects/weather-data/.venv/lib/python3.9/site-packages/airflow/example_dags/tutorial_etl_dag.py
[2023-03-27 21:11:19,513] {logging_mixin.py:115} INFO - [2023-03-27 21:11:19,513] {dag.py:2379} INFO - Sync 1 DAGs
[2023-03-27 21:11:19,520] {logging_mixin.py:115} INFO - [2023-03-27 21:11:19,520] {dag.py:2927} INFO - Setting next_dagrun for tutorial_etl_dag to None, run_after=None
[2023-03-27 21:11:19,525] {processor.py:161} INFO - Processing /Users/gabrielroger/Documents/projects/weather-data/.venv/lib/python3.9/site-packages/airflow/example_dags/tutorial_etl_dag.py took 0.057 seconds
[2023-03-27 21:12:03,893] {processor.py:153} INFO - Started process (PID=6289) to work on /Users/gabrielroger/Documents/projects/weather-data/.venv/lib/python3.9/site-packages/airflow/example_dags/tutorial_etl_dag.py
[2023-03-27 21:12:03,894] {processor.py:641} INFO - Processing file /Users/gabrielroger/Documents/projects/weather-data/.venv/lib/python3.9/site-packages/airflow/example_dags/tutorial_etl_dag.py for tasks to queue
[2023-03-27 21:12:03,894] {logging_mixin.py:115} INFO - [2023-03-27 21:12:03,894] {dagbag.py:507} INFO - Filling up the DagBag from /Users/gabrielroger/Documents/projects/weather-data/.venv/lib/python3.9/site-packages/airflow/example_dags/tutorial_etl_dag.py
[2023-03-27 21:12:03,908] {processor.py:651} INFO - DAG(s) dict_keys(['tutorial_etl_dag']) retrieved from /Users/gabrielroger/Documents/projects/weather-data/.venv/lib/python3.9/site-packages/airflow/example_dags/tutorial_etl_dag.py
[2023-03-27 21:12:03,938] {logging_mixin.py:115} INFO - [2023-03-27 21:12:03,938] {dag.py:2379} INFO - Sync 1 DAGs
[2023-03-27 21:12:03,945] {logging_mixin.py:115} INFO - [2023-03-27 21:12:03,945] {dag.py:2927} INFO - Setting next_dagrun for tutorial_etl_dag to None, run_after=None
[2023-03-27 21:12:03,949] {processor.py:161} INFO - Processing /Users/gabrielroger/Documents/projects/weather-data/.venv/lib/python3.9/site-packages/airflow/example_dags/tutorial_etl_dag.py took 0.056 seconds
[2023-03-27 21:12:52,337] {processor.py:153} INFO - Started process (PID=6367) to work on /Users/gabrielroger/Documents/projects/weather-data/.venv/lib/python3.9/site-packages/airflow/example_dags/tutorial_etl_dag.py
[2023-03-27 21:12:52,338] {processor.py:641} INFO - Processing file /Users/gabrielroger/Documents/projects/weather-data/.venv/lib/python3.9/site-packages/airflow/example_dags/tutorial_etl_dag.py for tasks to queue
[2023-03-27 21:12:52,338] {logging_mixin.py:115} INFO - [2023-03-27 21:12:52,338] {dagbag.py:507} INFO - Filling up the DagBag from /Users/gabrielroger/Documents/projects/weather-data/.venv/lib/python3.9/site-packages/airflow/example_dags/tutorial_etl_dag.py
[2023-03-27 21:12:52,352] {processor.py:651} INFO - DAG(s) dict_keys(['tutorial_etl_dag']) retrieved from /Users/gabrielroger/Documents/projects/weather-data/.venv/lib/python3.9/site-packages/airflow/example_dags/tutorial_etl_dag.py
[2023-03-27 21:12:52,382] {logging_mixin.py:115} INFO - [2023-03-27 21:12:52,381] {dag.py:2379} INFO - Sync 1 DAGs
[2023-03-27 21:12:52,389] {logging_mixin.py:115} INFO - [2023-03-27 21:12:52,389] {dag.py:2927} INFO - Setting next_dagrun for tutorial_etl_dag to None, run_after=None
[2023-03-27 21:12:52,393] {processor.py:161} INFO - Processing /Users/gabrielroger/Documents/projects/weather-data/.venv/lib/python3.9/site-packages/airflow/example_dags/tutorial_etl_dag.py took 0.057 seconds
[2023-03-27 21:13:38,125] {processor.py:153} INFO - Started process (PID=6441) to work on /Users/gabrielroger/Documents/projects/weather-data/.venv/lib/python3.9/site-packages/airflow/example_dags/tutorial_etl_dag.py
[2023-03-27 21:13:38,125] {processor.py:641} INFO - Processing file /Users/gabrielroger/Documents/projects/weather-data/.venv/lib/python3.9/site-packages/airflow/example_dags/tutorial_etl_dag.py for tasks to queue
[2023-03-27 21:13:38,126] {logging_mixin.py:115} INFO - [2023-03-27 21:13:38,125] {dagbag.py:507} INFO - Filling up the DagBag from /Users/gabrielroger/Documents/projects/weather-data/.venv/lib/python3.9/site-packages/airflow/example_dags/tutorial_etl_dag.py
[2023-03-27 21:13:38,139] {processor.py:651} INFO - DAG(s) dict_keys(['tutorial_etl_dag']) retrieved from /Users/gabrielroger/Documents/projects/weather-data/.venv/lib/python3.9/site-packages/airflow/example_dags/tutorial_etl_dag.py
[2023-03-27 21:13:38,168] {logging_mixin.py:115} INFO - [2023-03-27 21:13:38,168] {dag.py:2379} INFO - Sync 1 DAGs
[2023-03-27 21:13:38,176] {logging_mixin.py:115} INFO - [2023-03-27 21:13:38,176] {dag.py:2927} INFO - Setting next_dagrun for tutorial_etl_dag to None, run_after=None
[2023-03-27 21:13:38,181] {processor.py:161} INFO - Processing /Users/gabrielroger/Documents/projects/weather-data/.venv/lib/python3.9/site-packages/airflow/example_dags/tutorial_etl_dag.py took 0.056 seconds
[2023-03-27 21:14:20,713] {processor.py:153} INFO - Started process (PID=6517) to work on /Users/gabrielroger/Documents/projects/weather-data/.venv/lib/python3.9/site-packages/airflow/example_dags/tutorial_etl_dag.py
[2023-03-27 21:14:20,714] {processor.py:641} INFO - Processing file /Users/gabrielroger/Documents/projects/weather-data/.venv/lib/python3.9/site-packages/airflow/example_dags/tutorial_etl_dag.py for tasks to queue
[2023-03-27 21:14:20,714] {logging_mixin.py:115} INFO - [2023-03-27 21:14:20,714] {dagbag.py:507} INFO - Filling up the DagBag from /Users/gabrielroger/Documents/projects/weather-data/.venv/lib/python3.9/site-packages/airflow/example_dags/tutorial_etl_dag.py
[2023-03-27 21:14:20,728] {processor.py:651} INFO - DAG(s) dict_keys(['tutorial_etl_dag']) retrieved from /Users/gabrielroger/Documents/projects/weather-data/.venv/lib/python3.9/site-packages/airflow/example_dags/tutorial_etl_dag.py
[2023-03-27 21:14:20,757] {logging_mixin.py:115} INFO - [2023-03-27 21:14:20,757] {dag.py:2379} INFO - Sync 1 DAGs
[2023-03-27 21:14:20,765] {logging_mixin.py:115} INFO - [2023-03-27 21:14:20,765] {dag.py:2927} INFO - Setting next_dagrun for tutorial_etl_dag to None, run_after=None
[2023-03-27 21:14:20,770] {processor.py:161} INFO - Processing /Users/gabrielroger/Documents/projects/weather-data/.venv/lib/python3.9/site-packages/airflow/example_dags/tutorial_etl_dag.py took 0.057 seconds
[2023-03-27 21:15:12,067] {processor.py:153} INFO - Started process (PID=6603) to work on /Users/gabrielroger/Documents/projects/weather-data/.venv/lib/python3.9/site-packages/airflow/example_dags/tutorial_etl_dag.py
[2023-03-27 21:15:12,068] {processor.py:641} INFO - Processing file /Users/gabrielroger/Documents/projects/weather-data/.venv/lib/python3.9/site-packages/airflow/example_dags/tutorial_etl_dag.py for tasks to queue
[2023-03-27 21:15:12,068] {logging_mixin.py:115} INFO - [2023-03-27 21:15:12,068] {dagbag.py:507} INFO - Filling up the DagBag from /Users/gabrielroger/Documents/projects/weather-data/.venv/lib/python3.9/site-packages/airflow/example_dags/tutorial_etl_dag.py
[2023-03-27 21:15:12,081] {processor.py:651} INFO - DAG(s) dict_keys(['tutorial_etl_dag']) retrieved from /Users/gabrielroger/Documents/projects/weather-data/.venv/lib/python3.9/site-packages/airflow/example_dags/tutorial_etl_dag.py
[2023-03-27 21:15:12,111] {logging_mixin.py:115} INFO - [2023-03-27 21:15:12,111] {dag.py:2379} INFO - Sync 1 DAGs
[2023-03-27 21:15:12,118] {logging_mixin.py:115} INFO - [2023-03-27 21:15:12,118] {dag.py:2927} INFO - Setting next_dagrun for tutorial_etl_dag to None, run_after=None
[2023-03-27 21:15:12,123] {processor.py:161} INFO - Processing /Users/gabrielroger/Documents/projects/weather-data/.venv/lib/python3.9/site-packages/airflow/example_dags/tutorial_etl_dag.py took 0.057 seconds
[2023-03-27 21:15:56,187] {processor.py:153} INFO - Started process (PID=6676) to work on /Users/gabrielroger/Documents/projects/weather-data/.venv/lib/python3.9/site-packages/airflow/example_dags/tutorial_etl_dag.py
[2023-03-27 21:15:56,187] {processor.py:641} INFO - Processing file /Users/gabrielroger/Documents/projects/weather-data/.venv/lib/python3.9/site-packages/airflow/example_dags/tutorial_etl_dag.py for tasks to queue
[2023-03-27 21:15:56,187] {logging_mixin.py:115} INFO - [2023-03-27 21:15:56,187] {dagbag.py:507} INFO - Filling up the DagBag from /Users/gabrielroger/Documents/projects/weather-data/.venv/lib/python3.9/site-packages/airflow/example_dags/tutorial_etl_dag.py
[2023-03-27 21:15:56,200] {processor.py:651} INFO - DAG(s) dict_keys(['tutorial_etl_dag']) retrieved from /Users/gabrielroger/Documents/projects/weather-data/.venv/lib/python3.9/site-packages/airflow/example_dags/tutorial_etl_dag.py
[2023-03-27 21:15:56,230] {logging_mixin.py:115} INFO - [2023-03-27 21:15:56,230] {dag.py:2379} INFO - Sync 1 DAGs
[2023-03-27 21:15:56,237] {logging_mixin.py:115} INFO - [2023-03-27 21:15:56,237] {dag.py:2927} INFO - Setting next_dagrun for tutorial_etl_dag to None, run_after=None
[2023-03-27 21:15:56,242] {processor.py:161} INFO - Processing /Users/gabrielroger/Documents/projects/weather-data/.venv/lib/python3.9/site-packages/airflow/example_dags/tutorial_etl_dag.py took 0.055 seconds
[2023-03-27 21:16:41,358] {processor.py:153} INFO - Started process (PID=6750) to work on /Users/gabrielroger/Documents/projects/weather-data/.venv/lib/python3.9/site-packages/airflow/example_dags/tutorial_etl_dag.py
[2023-03-27 21:16:41,358] {processor.py:641} INFO - Processing file /Users/gabrielroger/Documents/projects/weather-data/.venv/lib/python3.9/site-packages/airflow/example_dags/tutorial_etl_dag.py for tasks to queue
[2023-03-27 21:16:41,358] {logging_mixin.py:115} INFO - [2023-03-27 21:16:41,358] {dagbag.py:507} INFO - Filling up the DagBag from /Users/gabrielroger/Documents/projects/weather-data/.venv/lib/python3.9/site-packages/airflow/example_dags/tutorial_etl_dag.py
[2023-03-27 21:16:41,371] {processor.py:651} INFO - DAG(s) dict_keys(['tutorial_etl_dag']) retrieved from /Users/gabrielroger/Documents/projects/weather-data/.venv/lib/python3.9/site-packages/airflow/example_dags/tutorial_etl_dag.py
[2023-03-27 21:16:41,401] {logging_mixin.py:115} INFO - [2023-03-27 21:16:41,401] {dag.py:2379} INFO - Sync 1 DAGs
[2023-03-27 21:16:41,408] {logging_mixin.py:115} INFO - [2023-03-27 21:16:41,408] {dag.py:2927} INFO - Setting next_dagrun for tutorial_etl_dag to None, run_after=None
[2023-03-27 21:16:41,413] {processor.py:161} INFO - Processing /Users/gabrielroger/Documents/projects/weather-data/.venv/lib/python3.9/site-packages/airflow/example_dags/tutorial_etl_dag.py took 0.056 seconds
[2023-03-27 21:17:23,087] {processor.py:153} INFO - Started process (PID=6819) to work on /Users/gabrielroger/Documents/projects/weather-data/.venv/lib/python3.9/site-packages/airflow/example_dags/tutorial_etl_dag.py
[2023-03-27 21:17:23,087] {processor.py:641} INFO - Processing file /Users/gabrielroger/Documents/projects/weather-data/.venv/lib/python3.9/site-packages/airflow/example_dags/tutorial_etl_dag.py for tasks to queue
[2023-03-27 21:17:23,087] {logging_mixin.py:115} INFO - [2023-03-27 21:17:23,087] {dagbag.py:507} INFO - Filling up the DagBag from /Users/gabrielroger/Documents/projects/weather-data/.venv/lib/python3.9/site-packages/airflow/example_dags/tutorial_etl_dag.py
[2023-03-27 21:17:23,100] {processor.py:651} INFO - DAG(s) dict_keys(['tutorial_etl_dag']) retrieved from /Users/gabrielroger/Documents/projects/weather-data/.venv/lib/python3.9/site-packages/airflow/example_dags/tutorial_etl_dag.py
[2023-03-27 21:17:23,129] {logging_mixin.py:115} INFO - [2023-03-27 21:17:23,129] {dag.py:2379} INFO - Sync 1 DAGs
[2023-03-27 21:17:23,137] {logging_mixin.py:115} INFO - [2023-03-27 21:17:23,136] {dag.py:2927} INFO - Setting next_dagrun for tutorial_etl_dag to None, run_after=None
[2023-03-27 21:17:23,141] {processor.py:161} INFO - Processing /Users/gabrielroger/Documents/projects/weather-data/.venv/lib/python3.9/site-packages/airflow/example_dags/tutorial_etl_dag.py took 0.055 seconds
[2023-03-27 21:18:05,038] {processor.py:153} INFO - Started process (PID=6890) to work on /Users/gabrielroger/Documents/projects/weather-data/.venv/lib/python3.9/site-packages/airflow/example_dags/tutorial_etl_dag.py
[2023-03-27 21:18:05,038] {processor.py:641} INFO - Processing file /Users/gabrielroger/Documents/projects/weather-data/.venv/lib/python3.9/site-packages/airflow/example_dags/tutorial_etl_dag.py for tasks to queue
[2023-03-27 21:18:05,038] {logging_mixin.py:115} INFO - [2023-03-27 21:18:05,038] {dagbag.py:507} INFO - Filling up the DagBag from /Users/gabrielroger/Documents/projects/weather-data/.venv/lib/python3.9/site-packages/airflow/example_dags/tutorial_etl_dag.py
[2023-03-27 21:18:05,051] {processor.py:651} INFO - DAG(s) dict_keys(['tutorial_etl_dag']) retrieved from /Users/gabrielroger/Documents/projects/weather-data/.venv/lib/python3.9/site-packages/airflow/example_dags/tutorial_etl_dag.py
[2023-03-27 21:18:05,080] {logging_mixin.py:115} INFO - [2023-03-27 21:18:05,080] {dag.py:2379} INFO - Sync 1 DAGs
[2023-03-27 21:18:05,088] {logging_mixin.py:115} INFO - [2023-03-27 21:18:05,088] {dag.py:2927} INFO - Setting next_dagrun for tutorial_etl_dag to None, run_after=None
[2023-03-27 21:18:05,093] {processor.py:161} INFO - Processing /Users/gabrielroger/Documents/projects/weather-data/.venv/lib/python3.9/site-packages/airflow/example_dags/tutorial_etl_dag.py took 0.055 seconds
[2023-03-27 21:18:48,227] {processor.py:153} INFO - Started process (PID=6965) to work on /Users/gabrielroger/Documents/projects/weather-data/.venv/lib/python3.9/site-packages/airflow/example_dags/tutorial_etl_dag.py
[2023-03-27 21:18:48,228] {processor.py:641} INFO - Processing file /Users/gabrielroger/Documents/projects/weather-data/.venv/lib/python3.9/site-packages/airflow/example_dags/tutorial_etl_dag.py for tasks to queue
[2023-03-27 21:18:48,229] {logging_mixin.py:115} INFO - [2023-03-27 21:18:48,229] {dagbag.py:507} INFO - Filling up the DagBag from /Users/gabrielroger/Documents/projects/weather-data/.venv/lib/python3.9/site-packages/airflow/example_dags/tutorial_etl_dag.py
[2023-03-27 21:18:48,242] {processor.py:651} INFO - DAG(s) dict_keys(['tutorial_etl_dag']) retrieved from /Users/gabrielroger/Documents/projects/weather-data/.venv/lib/python3.9/site-packages/airflow/example_dags/tutorial_etl_dag.py
[2023-03-27 21:18:48,271] {logging_mixin.py:115} INFO - [2023-03-27 21:18:48,271] {dag.py:2379} INFO - Sync 1 DAGs
[2023-03-27 21:18:48,279] {logging_mixin.py:115} INFO - [2023-03-27 21:18:48,279] {dag.py:2927} INFO - Setting next_dagrun for tutorial_etl_dag to None, run_after=None
[2023-03-27 21:18:48,283] {processor.py:161} INFO - Processing /Users/gabrielroger/Documents/projects/weather-data/.venv/lib/python3.9/site-packages/airflow/example_dags/tutorial_etl_dag.py took 0.056 seconds
[2023-03-27 21:19:32,287] {processor.py:153} INFO - Started process (PID=7040) to work on /Users/gabrielroger/Documents/projects/weather-data/.venv/lib/python3.9/site-packages/airflow/example_dags/tutorial_etl_dag.py
[2023-03-27 21:19:32,287] {processor.py:641} INFO - Processing file /Users/gabrielroger/Documents/projects/weather-data/.venv/lib/python3.9/site-packages/airflow/example_dags/tutorial_etl_dag.py for tasks to queue
[2023-03-27 21:19:32,288] {logging_mixin.py:115} INFO - [2023-03-27 21:19:32,287] {dagbag.py:507} INFO - Filling up the DagBag from /Users/gabrielroger/Documents/projects/weather-data/.venv/lib/python3.9/site-packages/airflow/example_dags/tutorial_etl_dag.py
[2023-03-27 21:19:32,301] {processor.py:651} INFO - DAG(s) dict_keys(['tutorial_etl_dag']) retrieved from /Users/gabrielroger/Documents/projects/weather-data/.venv/lib/python3.9/site-packages/airflow/example_dags/tutorial_etl_dag.py
[2023-03-27 21:19:32,331] {logging_mixin.py:115} INFO - [2023-03-27 21:19:32,331] {dag.py:2379} INFO - Sync 1 DAGs
[2023-03-27 21:19:32,338] {logging_mixin.py:115} INFO - [2023-03-27 21:19:32,338] {dag.py:2927} INFO - Setting next_dagrun for tutorial_etl_dag to None, run_after=None
[2023-03-27 21:19:32,342] {processor.py:161} INFO - Processing /Users/gabrielroger/Documents/projects/weather-data/.venv/lib/python3.9/site-packages/airflow/example_dags/tutorial_etl_dag.py took 0.056 seconds
[2023-03-27 21:20:17,331] {processor.py:153} INFO - Started process (PID=7113) to work on /Users/gabrielroger/Documents/projects/weather-data/.venv/lib/python3.9/site-packages/airflow/example_dags/tutorial_etl_dag.py
[2023-03-27 21:20:17,331] {processor.py:641} INFO - Processing file /Users/gabrielroger/Documents/projects/weather-data/.venv/lib/python3.9/site-packages/airflow/example_dags/tutorial_etl_dag.py for tasks to queue
[2023-03-27 21:20:17,331] {logging_mixin.py:115} INFO - [2023-03-27 21:20:17,331] {dagbag.py:507} INFO - Filling up the DagBag from /Users/gabrielroger/Documents/projects/weather-data/.venv/lib/python3.9/site-packages/airflow/example_dags/tutorial_etl_dag.py
[2023-03-27 21:20:17,344] {processor.py:651} INFO - DAG(s) dict_keys(['tutorial_etl_dag']) retrieved from /Users/gabrielroger/Documents/projects/weather-data/.venv/lib/python3.9/site-packages/airflow/example_dags/tutorial_etl_dag.py
[2023-03-27 21:20:17,373] {logging_mixin.py:115} INFO - [2023-03-27 21:20:17,373] {dag.py:2379} INFO - Sync 1 DAGs
[2023-03-27 21:20:17,380] {logging_mixin.py:115} INFO - [2023-03-27 21:20:17,380] {dag.py:2927} INFO - Setting next_dagrun for tutorial_etl_dag to None, run_after=None
[2023-03-27 21:20:17,386] {processor.py:161} INFO - Processing /Users/gabrielroger/Documents/projects/weather-data/.venv/lib/python3.9/site-packages/airflow/example_dags/tutorial_etl_dag.py took 0.055 seconds
[2023-03-27 21:21:02,100] {processor.py:153} INFO - Started process (PID=7187) to work on /Users/gabrielroger/Documents/projects/weather-data/.venv/lib/python3.9/site-packages/airflow/example_dags/tutorial_etl_dag.py
[2023-03-27 21:21:02,100] {processor.py:641} INFO - Processing file /Users/gabrielroger/Documents/projects/weather-data/.venv/lib/python3.9/site-packages/airflow/example_dags/tutorial_etl_dag.py for tasks to queue
[2023-03-27 21:21:02,100] {logging_mixin.py:115} INFO - [2023-03-27 21:21:02,100] {dagbag.py:507} INFO - Filling up the DagBag from /Users/gabrielroger/Documents/projects/weather-data/.venv/lib/python3.9/site-packages/airflow/example_dags/tutorial_etl_dag.py
[2023-03-27 21:21:02,113] {processor.py:651} INFO - DAG(s) dict_keys(['tutorial_etl_dag']) retrieved from /Users/gabrielroger/Documents/projects/weather-data/.venv/lib/python3.9/site-packages/airflow/example_dags/tutorial_etl_dag.py
[2023-03-27 21:21:02,143] {logging_mixin.py:115} INFO - [2023-03-27 21:21:02,143] {dag.py:2379} INFO - Sync 1 DAGs
[2023-03-27 21:21:02,150] {logging_mixin.py:115} INFO - [2023-03-27 21:21:02,150] {dag.py:2927} INFO - Setting next_dagrun for tutorial_etl_dag to None, run_after=None
[2023-03-27 21:21:02,155] {processor.py:161} INFO - Processing /Users/gabrielroger/Documents/projects/weather-data/.venv/lib/python3.9/site-packages/airflow/example_dags/tutorial_etl_dag.py took 0.055 seconds
[2023-03-27 21:21:47,568] {processor.py:153} INFO - Started process (PID=7262) to work on /Users/gabrielroger/Documents/projects/weather-data/.venv/lib/python3.9/site-packages/airflow/example_dags/tutorial_etl_dag.py
[2023-03-27 21:21:47,568] {processor.py:641} INFO - Processing file /Users/gabrielroger/Documents/projects/weather-data/.venv/lib/python3.9/site-packages/airflow/example_dags/tutorial_etl_dag.py for tasks to queue
[2023-03-27 21:21:47,569] {logging_mixin.py:115} INFO - [2023-03-27 21:21:47,569] {dagbag.py:507} INFO - Filling up the DagBag from /Users/gabrielroger/Documents/projects/weather-data/.venv/lib/python3.9/site-packages/airflow/example_dags/tutorial_etl_dag.py
[2023-03-27 21:21:47,581] {processor.py:651} INFO - DAG(s) dict_keys(['tutorial_etl_dag']) retrieved from /Users/gabrielroger/Documents/projects/weather-data/.venv/lib/python3.9/site-packages/airflow/example_dags/tutorial_etl_dag.py
[2023-03-27 21:21:47,611] {logging_mixin.py:115} INFO - [2023-03-27 21:21:47,611] {dag.py:2379} INFO - Sync 1 DAGs
[2023-03-27 21:21:47,618] {logging_mixin.py:115} INFO - [2023-03-27 21:21:47,617] {dag.py:2927} INFO - Setting next_dagrun for tutorial_etl_dag to None, run_after=None
[2023-03-27 21:21:47,623] {processor.py:161} INFO - Processing /Users/gabrielroger/Documents/projects/weather-data/.venv/lib/python3.9/site-packages/airflow/example_dags/tutorial_etl_dag.py took 0.055 seconds
[2023-03-27 21:22:33,946] {processor.py:153} INFO - Started process (PID=7337) to work on /Users/gabrielroger/Documents/projects/weather-data/.venv/lib/python3.9/site-packages/airflow/example_dags/tutorial_etl_dag.py
[2023-03-27 21:22:33,946] {processor.py:641} INFO - Processing file /Users/gabrielroger/Documents/projects/weather-data/.venv/lib/python3.9/site-packages/airflow/example_dags/tutorial_etl_dag.py for tasks to queue
[2023-03-27 21:22:33,946] {logging_mixin.py:115} INFO - [2023-03-27 21:22:33,946] {dagbag.py:507} INFO - Filling up the DagBag from /Users/gabrielroger/Documents/projects/weather-data/.venv/lib/python3.9/site-packages/airflow/example_dags/tutorial_etl_dag.py
[2023-03-27 21:22:33,959] {processor.py:651} INFO - DAG(s) dict_keys(['tutorial_etl_dag']) retrieved from /Users/gabrielroger/Documents/projects/weather-data/.venv/lib/python3.9/site-packages/airflow/example_dags/tutorial_etl_dag.py
[2023-03-27 21:22:33,988] {logging_mixin.py:115} INFO - [2023-03-27 21:22:33,988] {dag.py:2379} INFO - Sync 1 DAGs
[2023-03-27 21:22:33,996] {logging_mixin.py:115} INFO - [2023-03-27 21:22:33,996] {dag.py:2927} INFO - Setting next_dagrun for tutorial_etl_dag to None, run_after=None
[2023-03-27 21:22:34,001] {processor.py:161} INFO - Processing /Users/gabrielroger/Documents/projects/weather-data/.venv/lib/python3.9/site-packages/airflow/example_dags/tutorial_etl_dag.py took 0.055 seconds
[2023-03-27 21:23:15,789] {processor.py:153} INFO - Started process (PID=7409) to work on /Users/gabrielroger/Documents/projects/weather-data/.venv/lib/python3.9/site-packages/airflow/example_dags/tutorial_etl_dag.py
[2023-03-27 21:23:15,790] {processor.py:641} INFO - Processing file /Users/gabrielroger/Documents/projects/weather-data/.venv/lib/python3.9/site-packages/airflow/example_dags/tutorial_etl_dag.py for tasks to queue
[2023-03-27 21:23:15,790] {logging_mixin.py:115} INFO - [2023-03-27 21:23:15,790] {dagbag.py:507} INFO - Filling up the DagBag from /Users/gabrielroger/Documents/projects/weather-data/.venv/lib/python3.9/site-packages/airflow/example_dags/tutorial_etl_dag.py
[2023-03-27 21:23:15,802] {processor.py:651} INFO - DAG(s) dict_keys(['tutorial_etl_dag']) retrieved from /Users/gabrielroger/Documents/projects/weather-data/.venv/lib/python3.9/site-packages/airflow/example_dags/tutorial_etl_dag.py
[2023-03-27 21:23:15,832] {logging_mixin.py:115} INFO - [2023-03-27 21:23:15,832] {dag.py:2379} INFO - Sync 1 DAGs
[2023-03-27 21:23:15,839] {logging_mixin.py:115} INFO - [2023-03-27 21:23:15,839] {dag.py:2927} INFO - Setting next_dagrun for tutorial_etl_dag to None, run_after=None
[2023-03-27 21:23:15,844] {processor.py:161} INFO - Processing /Users/gabrielroger/Documents/projects/weather-data/.venv/lib/python3.9/site-packages/airflow/example_dags/tutorial_etl_dag.py took 0.055 seconds
[2023-03-27 21:24:00,493] {processor.py:153} INFO - Started process (PID=7487) to work on /Users/gabrielroger/Documents/projects/weather-data/.venv/lib/python3.9/site-packages/airflow/example_dags/tutorial_etl_dag.py
[2023-03-27 21:24:00,494] {processor.py:641} INFO - Processing file /Users/gabrielroger/Documents/projects/weather-data/.venv/lib/python3.9/site-packages/airflow/example_dags/tutorial_etl_dag.py for tasks to queue
[2023-03-27 21:24:00,494] {logging_mixin.py:115} INFO - [2023-03-27 21:24:00,494] {dagbag.py:507} INFO - Filling up the DagBag from /Users/gabrielroger/Documents/projects/weather-data/.venv/lib/python3.9/site-packages/airflow/example_dags/tutorial_etl_dag.py
[2023-03-27 21:24:00,507] {processor.py:651} INFO - DAG(s) dict_keys(['tutorial_etl_dag']) retrieved from /Users/gabrielroger/Documents/projects/weather-data/.venv/lib/python3.9/site-packages/airflow/example_dags/tutorial_etl_dag.py
[2023-03-27 21:24:00,537] {logging_mixin.py:115} INFO - [2023-03-27 21:24:00,536] {dag.py:2379} INFO - Sync 1 DAGs
[2023-03-27 21:24:00,544] {logging_mixin.py:115} INFO - [2023-03-27 21:24:00,544] {dag.py:2927} INFO - Setting next_dagrun for tutorial_etl_dag to None, run_after=None
[2023-03-27 21:24:00,548] {processor.py:161} INFO - Processing /Users/gabrielroger/Documents/projects/weather-data/.venv/lib/python3.9/site-packages/airflow/example_dags/tutorial_etl_dag.py took 0.056 seconds
[2023-03-27 21:24:44,716] {processor.py:153} INFO - Started process (PID=7584) to work on /Users/gabrielroger/Documents/projects/weather-data/.venv/lib/python3.9/site-packages/airflow/example_dags/tutorial_etl_dag.py
[2023-03-27 21:24:44,716] {processor.py:641} INFO - Processing file /Users/gabrielroger/Documents/projects/weather-data/.venv/lib/python3.9/site-packages/airflow/example_dags/tutorial_etl_dag.py for tasks to queue
[2023-03-27 21:24:44,717] {logging_mixin.py:115} INFO - [2023-03-27 21:24:44,717] {dagbag.py:507} INFO - Filling up the DagBag from /Users/gabrielroger/Documents/projects/weather-data/.venv/lib/python3.9/site-packages/airflow/example_dags/tutorial_etl_dag.py
[2023-03-27 21:24:44,731] {processor.py:651} INFO - DAG(s) dict_keys(['tutorial_etl_dag']) retrieved from /Users/gabrielroger/Documents/projects/weather-data/.venv/lib/python3.9/site-packages/airflow/example_dags/tutorial_etl_dag.py
[2023-03-27 21:24:44,761] {logging_mixin.py:115} INFO - [2023-03-27 21:24:44,761] {dag.py:2379} INFO - Sync 1 DAGs
[2023-03-27 21:24:44,768] {logging_mixin.py:115} INFO - [2023-03-27 21:24:44,768] {dag.py:2927} INFO - Setting next_dagrun for tutorial_etl_dag to None, run_after=None
[2023-03-27 21:24:44,773] {processor.py:161} INFO - Processing /Users/gabrielroger/Documents/projects/weather-data/.venv/lib/python3.9/site-packages/airflow/example_dags/tutorial_etl_dag.py took 0.058 seconds
[2023-03-27 21:25:27,737] {processor.py:153} INFO - Started process (PID=7667) to work on /Users/gabrielroger/Documents/projects/weather-data/.venv/lib/python3.9/site-packages/airflow/example_dags/tutorial_etl_dag.py
[2023-03-27 21:25:27,737] {processor.py:641} INFO - Processing file /Users/gabrielroger/Documents/projects/weather-data/.venv/lib/python3.9/site-packages/airflow/example_dags/tutorial_etl_dag.py for tasks to queue
[2023-03-27 21:25:27,737] {logging_mixin.py:115} INFO - [2023-03-27 21:25:27,737] {dagbag.py:507} INFO - Filling up the DagBag from /Users/gabrielroger/Documents/projects/weather-data/.venv/lib/python3.9/site-packages/airflow/example_dags/tutorial_etl_dag.py
[2023-03-27 21:25:27,751] {processor.py:651} INFO - DAG(s) dict_keys(['tutorial_etl_dag']) retrieved from /Users/gabrielroger/Documents/projects/weather-data/.venv/lib/python3.9/site-packages/airflow/example_dags/tutorial_etl_dag.py
[2023-03-27 21:25:27,781] {logging_mixin.py:115} INFO - [2023-03-27 21:25:27,781] {dag.py:2379} INFO - Sync 1 DAGs
[2023-03-27 21:25:27,789] {logging_mixin.py:115} INFO - [2023-03-27 21:25:27,789] {dag.py:2927} INFO - Setting next_dagrun for tutorial_etl_dag to None, run_after=None
[2023-03-27 21:25:27,794] {processor.py:161} INFO - Processing /Users/gabrielroger/Documents/projects/weather-data/.venv/lib/python3.9/site-packages/airflow/example_dags/tutorial_etl_dag.py took 0.058 seconds
[2023-03-27 21:26:12,434] {processor.py:153} INFO - Started process (PID=7747) to work on /Users/gabrielroger/Documents/projects/weather-data/.venv/lib/python3.9/site-packages/airflow/example_dags/tutorial_etl_dag.py
[2023-03-27 21:26:12,435] {processor.py:641} INFO - Processing file /Users/gabrielroger/Documents/projects/weather-data/.venv/lib/python3.9/site-packages/airflow/example_dags/tutorial_etl_dag.py for tasks to queue
[2023-03-27 21:26:12,435] {logging_mixin.py:115} INFO - [2023-03-27 21:26:12,435] {dagbag.py:507} INFO - Filling up the DagBag from /Users/gabrielroger/Documents/projects/weather-data/.venv/lib/python3.9/site-packages/airflow/example_dags/tutorial_etl_dag.py
[2023-03-27 21:26:12,448] {processor.py:651} INFO - DAG(s) dict_keys(['tutorial_etl_dag']) retrieved from /Users/gabrielroger/Documents/projects/weather-data/.venv/lib/python3.9/site-packages/airflow/example_dags/tutorial_etl_dag.py
[2023-03-27 21:26:12,477] {logging_mixin.py:115} INFO - [2023-03-27 21:26:12,477] {dag.py:2379} INFO - Sync 1 DAGs
[2023-03-27 21:26:12,484] {logging_mixin.py:115} INFO - [2023-03-27 21:26:12,484] {dag.py:2927} INFO - Setting next_dagrun for tutorial_etl_dag to None, run_after=None
[2023-03-27 21:26:12,489] {processor.py:161} INFO - Processing /Users/gabrielroger/Documents/projects/weather-data/.venv/lib/python3.9/site-packages/airflow/example_dags/tutorial_etl_dag.py took 0.055 seconds
[2023-03-27 21:26:58,193] {processor.py:153} INFO - Started process (PID=7822) to work on /Users/gabrielroger/Documents/projects/weather-data/.venv/lib/python3.9/site-packages/airflow/example_dags/tutorial_etl_dag.py
[2023-03-27 21:26:58,193] {processor.py:641} INFO - Processing file /Users/gabrielroger/Documents/projects/weather-data/.venv/lib/python3.9/site-packages/airflow/example_dags/tutorial_etl_dag.py for tasks to queue
[2023-03-27 21:26:58,193] {logging_mixin.py:115} INFO - [2023-03-27 21:26:58,193] {dagbag.py:507} INFO - Filling up the DagBag from /Users/gabrielroger/Documents/projects/weather-data/.venv/lib/python3.9/site-packages/airflow/example_dags/tutorial_etl_dag.py
[2023-03-27 21:26:58,206] {processor.py:651} INFO - DAG(s) dict_keys(['tutorial_etl_dag']) retrieved from /Users/gabrielroger/Documents/projects/weather-data/.venv/lib/python3.9/site-packages/airflow/example_dags/tutorial_etl_dag.py
[2023-03-27 21:26:58,236] {logging_mixin.py:115} INFO - [2023-03-27 21:26:58,236] {dag.py:2379} INFO - Sync 1 DAGs
[2023-03-27 21:26:58,243] {logging_mixin.py:115} INFO - [2023-03-27 21:26:58,243] {dag.py:2927} INFO - Setting next_dagrun for tutorial_etl_dag to None, run_after=None
[2023-03-27 21:26:58,248] {processor.py:161} INFO - Processing /Users/gabrielroger/Documents/projects/weather-data/.venv/lib/python3.9/site-packages/airflow/example_dags/tutorial_etl_dag.py took 0.056 seconds
[2023-03-27 21:27:40,790] {processor.py:153} INFO - Started process (PID=7892) to work on /Users/gabrielroger/Documents/projects/weather-data/.venv/lib/python3.9/site-packages/airflow/example_dags/tutorial_etl_dag.py
[2023-03-27 21:27:40,790] {processor.py:641} INFO - Processing file /Users/gabrielroger/Documents/projects/weather-data/.venv/lib/python3.9/site-packages/airflow/example_dags/tutorial_etl_dag.py for tasks to queue
[2023-03-27 21:27:40,790] {logging_mixin.py:115} INFO - [2023-03-27 21:27:40,790] {dagbag.py:507} INFO - Filling up the DagBag from /Users/gabrielroger/Documents/projects/weather-data/.venv/lib/python3.9/site-packages/airflow/example_dags/tutorial_etl_dag.py
[2023-03-27 21:27:40,803] {processor.py:651} INFO - DAG(s) dict_keys(['tutorial_etl_dag']) retrieved from /Users/gabrielroger/Documents/projects/weather-data/.venv/lib/python3.9/site-packages/airflow/example_dags/tutorial_etl_dag.py
[2023-03-27 21:27:40,832] {logging_mixin.py:115} INFO - [2023-03-27 21:27:40,832] {dag.py:2379} INFO - Sync 1 DAGs
[2023-03-27 21:27:40,839] {logging_mixin.py:115} INFO - [2023-03-27 21:27:40,839] {dag.py:2927} INFO - Setting next_dagrun for tutorial_etl_dag to None, run_after=None
[2023-03-27 21:27:40,844] {processor.py:161} INFO - Processing /Users/gabrielroger/Documents/projects/weather-data/.venv/lib/python3.9/site-packages/airflow/example_dags/tutorial_etl_dag.py took 0.055 seconds
[2023-03-27 21:28:24,755] {processor.py:153} INFO - Started process (PID=7969) to work on /Users/gabrielroger/Documents/projects/weather-data/.venv/lib/python3.9/site-packages/airflow/example_dags/tutorial_etl_dag.py
[2023-03-27 21:28:24,756] {processor.py:641} INFO - Processing file /Users/gabrielroger/Documents/projects/weather-data/.venv/lib/python3.9/site-packages/airflow/example_dags/tutorial_etl_dag.py for tasks to queue
[2023-03-27 21:28:24,756] {logging_mixin.py:115} INFO - [2023-03-27 21:28:24,756] {dagbag.py:507} INFO - Filling up the DagBag from /Users/gabrielroger/Documents/projects/weather-data/.venv/lib/python3.9/site-packages/airflow/example_dags/tutorial_etl_dag.py
[2023-03-27 21:28:24,769] {processor.py:651} INFO - DAG(s) dict_keys(['tutorial_etl_dag']) retrieved from /Users/gabrielroger/Documents/projects/weather-data/.venv/lib/python3.9/site-packages/airflow/example_dags/tutorial_etl_dag.py
[2023-03-27 21:28:24,798] {logging_mixin.py:115} INFO - [2023-03-27 21:28:24,798] {dag.py:2379} INFO - Sync 1 DAGs
[2023-03-27 21:28:24,805] {logging_mixin.py:115} INFO - [2023-03-27 21:28:24,805] {dag.py:2927} INFO - Setting next_dagrun for tutorial_etl_dag to None, run_after=None
[2023-03-27 21:28:24,810] {processor.py:161} INFO - Processing /Users/gabrielroger/Documents/projects/weather-data/.venv/lib/python3.9/site-packages/airflow/example_dags/tutorial_etl_dag.py took 0.055 seconds
[2023-03-27 21:29:07,444] {processor.py:153} INFO - Started process (PID=8052) to work on /Users/gabrielroger/Documents/projects/weather-data/.venv/lib/python3.9/site-packages/airflow/example_dags/tutorial_etl_dag.py
[2023-03-27 21:29:07,445] {processor.py:641} INFO - Processing file /Users/gabrielroger/Documents/projects/weather-data/.venv/lib/python3.9/site-packages/airflow/example_dags/tutorial_etl_dag.py for tasks to queue
[2023-03-27 21:29:07,445] {logging_mixin.py:115} INFO - [2023-03-27 21:29:07,445] {dagbag.py:507} INFO - Filling up the DagBag from /Users/gabrielroger/Documents/projects/weather-data/.venv/lib/python3.9/site-packages/airflow/example_dags/tutorial_etl_dag.py
[2023-03-27 21:29:07,458] {processor.py:651} INFO - DAG(s) dict_keys(['tutorial_etl_dag']) retrieved from /Users/gabrielroger/Documents/projects/weather-data/.venv/lib/python3.9/site-packages/airflow/example_dags/tutorial_etl_dag.py
[2023-03-27 21:29:07,487] {logging_mixin.py:115} INFO - [2023-03-27 21:29:07,487] {dag.py:2379} INFO - Sync 1 DAGs
[2023-03-27 21:29:07,495] {logging_mixin.py:115} INFO - [2023-03-27 21:29:07,494] {dag.py:2927} INFO - Setting next_dagrun for tutorial_etl_dag to None, run_after=None
[2023-03-27 21:29:07,499] {processor.py:161} INFO - Processing /Users/gabrielroger/Documents/projects/weather-data/.venv/lib/python3.9/site-packages/airflow/example_dags/tutorial_etl_dag.py took 0.055 seconds
[2023-03-27 21:29:49,045] {processor.py:153} INFO - Started process (PID=8139) to work on /Users/gabrielroger/Documents/projects/weather-data/.venv/lib/python3.9/site-packages/airflow/example_dags/tutorial_etl_dag.py
[2023-03-27 21:29:49,045] {processor.py:641} INFO - Processing file /Users/gabrielroger/Documents/projects/weather-data/.venv/lib/python3.9/site-packages/airflow/example_dags/tutorial_etl_dag.py for tasks to queue
[2023-03-27 21:29:49,045] {logging_mixin.py:115} INFO - [2023-03-27 21:29:49,045] {dagbag.py:507} INFO - Filling up the DagBag from /Users/gabrielroger/Documents/projects/weather-data/.venv/lib/python3.9/site-packages/airflow/example_dags/tutorial_etl_dag.py
[2023-03-27 21:29:49,058] {processor.py:651} INFO - DAG(s) dict_keys(['tutorial_etl_dag']) retrieved from /Users/gabrielroger/Documents/projects/weather-data/.venv/lib/python3.9/site-packages/airflow/example_dags/tutorial_etl_dag.py
[2023-03-27 21:29:49,087] {logging_mixin.py:115} INFO - [2023-03-27 21:29:49,087] {dag.py:2379} INFO - Sync 1 DAGs
[2023-03-27 21:29:49,094] {logging_mixin.py:115} INFO - [2023-03-27 21:29:49,094] {dag.py:2927} INFO - Setting next_dagrun for tutorial_etl_dag to None, run_after=None
[2023-03-27 21:29:49,099] {processor.py:161} INFO - Processing /Users/gabrielroger/Documents/projects/weather-data/.venv/lib/python3.9/site-packages/airflow/example_dags/tutorial_etl_dag.py took 0.054 seconds
[2023-03-27 21:30:32,914] {processor.py:153} INFO - Started process (PID=8229) to work on /Users/gabrielroger/Documents/projects/weather-data/.venv/lib/python3.9/site-packages/airflow/example_dags/tutorial_etl_dag.py
[2023-03-27 21:30:32,914] {processor.py:641} INFO - Processing file /Users/gabrielroger/Documents/projects/weather-data/.venv/lib/python3.9/site-packages/airflow/example_dags/tutorial_etl_dag.py for tasks to queue
[2023-03-27 21:30:32,914] {logging_mixin.py:115} INFO - [2023-03-27 21:30:32,914] {dagbag.py:507} INFO - Filling up the DagBag from /Users/gabrielroger/Documents/projects/weather-data/.venv/lib/python3.9/site-packages/airflow/example_dags/tutorial_etl_dag.py
[2023-03-27 21:30:32,927] {processor.py:651} INFO - DAG(s) dict_keys(['tutorial_etl_dag']) retrieved from /Users/gabrielroger/Documents/projects/weather-data/.venv/lib/python3.9/site-packages/airflow/example_dags/tutorial_etl_dag.py
[2023-03-27 21:30:32,956] {logging_mixin.py:115} INFO - [2023-03-27 21:30:32,956] {dag.py:2379} INFO - Sync 1 DAGs
[2023-03-27 21:30:32,963] {logging_mixin.py:115} INFO - [2023-03-27 21:30:32,963] {dag.py:2927} INFO - Setting next_dagrun for tutorial_etl_dag to None, run_after=None
[2023-03-27 21:30:32,968] {processor.py:161} INFO - Processing /Users/gabrielroger/Documents/projects/weather-data/.venv/lib/python3.9/site-packages/airflow/example_dags/tutorial_etl_dag.py took 0.055 seconds
[2023-03-27 21:31:15,252] {processor.py:153} INFO - Started process (PID=8300) to work on /Users/gabrielroger/Documents/projects/weather-data/.venv/lib/python3.9/site-packages/airflow/example_dags/tutorial_etl_dag.py
[2023-03-27 21:31:15,253] {processor.py:641} INFO - Processing file /Users/gabrielroger/Documents/projects/weather-data/.venv/lib/python3.9/site-packages/airflow/example_dags/tutorial_etl_dag.py for tasks to queue
[2023-03-27 21:31:15,253] {logging_mixin.py:115} INFO - [2023-03-27 21:31:15,253] {dagbag.py:507} INFO - Filling up the DagBag from /Users/gabrielroger/Documents/projects/weather-data/.venv/lib/python3.9/site-packages/airflow/example_dags/tutorial_etl_dag.py
[2023-03-27 21:31:15,266] {processor.py:651} INFO - DAG(s) dict_keys(['tutorial_etl_dag']) retrieved from /Users/gabrielroger/Documents/projects/weather-data/.venv/lib/python3.9/site-packages/airflow/example_dags/tutorial_etl_dag.py
[2023-03-27 21:31:15,295] {logging_mixin.py:115} INFO - [2023-03-27 21:31:15,295] {dag.py:2379} INFO - Sync 1 DAGs
[2023-03-27 21:31:15,302] {logging_mixin.py:115} INFO - [2023-03-27 21:31:15,302] {dag.py:2927} INFO - Setting next_dagrun for tutorial_etl_dag to None, run_after=None
[2023-03-27 21:31:15,307] {processor.py:161} INFO - Processing /Users/gabrielroger/Documents/projects/weather-data/.venv/lib/python3.9/site-packages/airflow/example_dags/tutorial_etl_dag.py took 0.055 seconds
[2023-03-27 21:31:58,898] {processor.py:153} INFO - Started process (PID=8371) to work on /Users/gabrielroger/Documents/projects/weather-data/.venv/lib/python3.9/site-packages/airflow/example_dags/tutorial_etl_dag.py
[2023-03-27 21:31:58,898] {processor.py:641} INFO - Processing file /Users/gabrielroger/Documents/projects/weather-data/.venv/lib/python3.9/site-packages/airflow/example_dags/tutorial_etl_dag.py for tasks to queue
[2023-03-27 21:31:58,898] {logging_mixin.py:115} INFO - [2023-03-27 21:31:58,898] {dagbag.py:507} INFO - Filling up the DagBag from /Users/gabrielroger/Documents/projects/weather-data/.venv/lib/python3.9/site-packages/airflow/example_dags/tutorial_etl_dag.py
[2023-03-27 21:31:58,911] {processor.py:651} INFO - DAG(s) dict_keys(['tutorial_etl_dag']) retrieved from /Users/gabrielroger/Documents/projects/weather-data/.venv/lib/python3.9/site-packages/airflow/example_dags/tutorial_etl_dag.py
[2023-03-27 21:31:58,940] {logging_mixin.py:115} INFO - [2023-03-27 21:31:58,940] {dag.py:2379} INFO - Sync 1 DAGs
[2023-03-27 21:31:58,947] {logging_mixin.py:115} INFO - [2023-03-27 21:31:58,947] {dag.py:2927} INFO - Setting next_dagrun for tutorial_etl_dag to None, run_after=None
[2023-03-27 21:31:58,953] {processor.py:161} INFO - Processing /Users/gabrielroger/Documents/projects/weather-data/.venv/lib/python3.9/site-packages/airflow/example_dags/tutorial_etl_dag.py took 0.055 seconds
[2023-03-27 21:32:43,239] {processor.py:153} INFO - Started process (PID=8446) to work on /Users/gabrielroger/Documents/projects/weather-data/.venv/lib/python3.9/site-packages/airflow/example_dags/tutorial_etl_dag.py
[2023-03-27 21:32:43,239] {processor.py:641} INFO - Processing file /Users/gabrielroger/Documents/projects/weather-data/.venv/lib/python3.9/site-packages/airflow/example_dags/tutorial_etl_dag.py for tasks to queue
[2023-03-27 21:32:43,239] {logging_mixin.py:115} INFO - [2023-03-27 21:32:43,239] {dagbag.py:507} INFO - Filling up the DagBag from /Users/gabrielroger/Documents/projects/weather-data/.venv/lib/python3.9/site-packages/airflow/example_dags/tutorial_etl_dag.py
[2023-03-27 21:32:43,252] {processor.py:651} INFO - DAG(s) dict_keys(['tutorial_etl_dag']) retrieved from /Users/gabrielroger/Documents/projects/weather-data/.venv/lib/python3.9/site-packages/airflow/example_dags/tutorial_etl_dag.py
[2023-03-27 21:32:43,281] {logging_mixin.py:115} INFO - [2023-03-27 21:32:43,281] {dag.py:2379} INFO - Sync 1 DAGs
[2023-03-27 21:32:43,288] {logging_mixin.py:115} INFO - [2023-03-27 21:32:43,288] {dag.py:2927} INFO - Setting next_dagrun for tutorial_etl_dag to None, run_after=None
[2023-03-27 21:32:43,293] {processor.py:161} INFO - Processing /Users/gabrielroger/Documents/projects/weather-data/.venv/lib/python3.9/site-packages/airflow/example_dags/tutorial_etl_dag.py took 0.054 seconds
[2023-03-27 21:33:28,346] {processor.py:153} INFO - Started process (PID=8519) to work on /Users/gabrielroger/Documents/projects/weather-data/.venv/lib/python3.9/site-packages/airflow/example_dags/tutorial_etl_dag.py
[2023-03-27 21:33:28,346] {processor.py:641} INFO - Processing file /Users/gabrielroger/Documents/projects/weather-data/.venv/lib/python3.9/site-packages/airflow/example_dags/tutorial_etl_dag.py for tasks to queue
[2023-03-27 21:33:28,346] {logging_mixin.py:115} INFO - [2023-03-27 21:33:28,346] {dagbag.py:507} INFO - Filling up the DagBag from /Users/gabrielroger/Documents/projects/weather-data/.venv/lib/python3.9/site-packages/airflow/example_dags/tutorial_etl_dag.py
[2023-03-27 21:33:28,360] {processor.py:651} INFO - DAG(s) dict_keys(['tutorial_etl_dag']) retrieved from /Users/gabrielroger/Documents/projects/weather-data/.venv/lib/python3.9/site-packages/airflow/example_dags/tutorial_etl_dag.py
[2023-03-27 21:33:28,389] {logging_mixin.py:115} INFO - [2023-03-27 21:33:28,389] {dag.py:2379} INFO - Sync 1 DAGs
[2023-03-27 21:33:28,396] {logging_mixin.py:115} INFO - [2023-03-27 21:33:28,396] {dag.py:2927} INFO - Setting next_dagrun for tutorial_etl_dag to None, run_after=None
[2023-03-27 21:33:28,401] {processor.py:161} INFO - Processing /Users/gabrielroger/Documents/projects/weather-data/.venv/lib/python3.9/site-packages/airflow/example_dags/tutorial_etl_dag.py took 0.055 seconds
[2023-03-27 21:34:13,443] {processor.py:153} INFO - Started process (PID=8598) to work on /Users/gabrielroger/Documents/projects/weather-data/.venv/lib/python3.9/site-packages/airflow/example_dags/tutorial_etl_dag.py
[2023-03-27 21:34:13,443] {processor.py:641} INFO - Processing file /Users/gabrielroger/Documents/projects/weather-data/.venv/lib/python3.9/site-packages/airflow/example_dags/tutorial_etl_dag.py for tasks to queue
[2023-03-27 21:34:13,443] {logging_mixin.py:115} INFO - [2023-03-27 21:34:13,443] {dagbag.py:507} INFO - Filling up the DagBag from /Users/gabrielroger/Documents/projects/weather-data/.venv/lib/python3.9/site-packages/airflow/example_dags/tutorial_etl_dag.py
[2023-03-27 21:34:13,456] {processor.py:651} INFO - DAG(s) dict_keys(['tutorial_etl_dag']) retrieved from /Users/gabrielroger/Documents/projects/weather-data/.venv/lib/python3.9/site-packages/airflow/example_dags/tutorial_etl_dag.py
[2023-03-27 21:34:13,486] {logging_mixin.py:115} INFO - [2023-03-27 21:34:13,486] {dag.py:2379} INFO - Sync 1 DAGs
[2023-03-27 21:34:13,493] {logging_mixin.py:115} INFO - [2023-03-27 21:34:13,493] {dag.py:2927} INFO - Setting next_dagrun for tutorial_etl_dag to None, run_after=None
[2023-03-27 21:34:13,498] {processor.py:161} INFO - Processing /Users/gabrielroger/Documents/projects/weather-data/.venv/lib/python3.9/site-packages/airflow/example_dags/tutorial_etl_dag.py took 0.055 seconds
[2023-03-27 21:59:41,608] {processor.py:153} INFO - Started process (PID=8729) to work on /Users/gabrielroger/Documents/projects/weather-data/.venv/lib/python3.9/site-packages/airflow/example_dags/tutorial_etl_dag.py
[2023-03-27 21:59:41,609] {processor.py:641} INFO - Processing file /Users/gabrielroger/Documents/projects/weather-data/.venv/lib/python3.9/site-packages/airflow/example_dags/tutorial_etl_dag.py for tasks to queue
[2023-03-27 21:59:41,610] {logging_mixin.py:115} INFO - [2023-03-27 21:59:41,610] {dagbag.py:507} INFO - Filling up the DagBag from /Users/gabrielroger/Documents/projects/weather-data/.venv/lib/python3.9/site-packages/airflow/example_dags/tutorial_etl_dag.py
[2023-03-27 21:59:41,623] {processor.py:651} INFO - DAG(s) dict_keys(['tutorial_etl_dag']) retrieved from /Users/gabrielroger/Documents/projects/weather-data/.venv/lib/python3.9/site-packages/airflow/example_dags/tutorial_etl_dag.py
[2023-03-27 21:59:41,654] {logging_mixin.py:115} INFO - [2023-03-27 21:59:41,653] {dag.py:2379} INFO - Sync 1 DAGs
[2023-03-27 21:59:41,661] {logging_mixin.py:115} INFO - [2023-03-27 21:59:41,661] {dag.py:2927} INFO - Setting next_dagrun for tutorial_etl_dag to None, run_after=None
[2023-03-27 21:59:41,665] {processor.py:161} INFO - Processing /Users/gabrielroger/Documents/projects/weather-data/.venv/lib/python3.9/site-packages/airflow/example_dags/tutorial_etl_dag.py took 0.058 seconds
[2023-03-27 22:00:25,616] {processor.py:153} INFO - Started process (PID=8814) to work on /Users/gabrielroger/Documents/projects/weather-data/.venv/lib/python3.9/site-packages/airflow/example_dags/tutorial_etl_dag.py
[2023-03-27 22:00:25,616] {processor.py:641} INFO - Processing file /Users/gabrielroger/Documents/projects/weather-data/.venv/lib/python3.9/site-packages/airflow/example_dags/tutorial_etl_dag.py for tasks to queue
[2023-03-27 22:00:25,616] {logging_mixin.py:115} INFO - [2023-03-27 22:00:25,616] {dagbag.py:507} INFO - Filling up the DagBag from /Users/gabrielroger/Documents/projects/weather-data/.venv/lib/python3.9/site-packages/airflow/example_dags/tutorial_etl_dag.py
[2023-03-27 22:00:25,631] {processor.py:651} INFO - DAG(s) dict_keys(['tutorial_etl_dag']) retrieved from /Users/gabrielroger/Documents/projects/weather-data/.venv/lib/python3.9/site-packages/airflow/example_dags/tutorial_etl_dag.py
[2023-03-27 22:00:25,662] {logging_mixin.py:115} INFO - [2023-03-27 22:00:25,662] {dag.py:2379} INFO - Sync 1 DAGs
[2023-03-27 22:00:25,670] {logging_mixin.py:115} INFO - [2023-03-27 22:00:25,670] {dag.py:2927} INFO - Setting next_dagrun for tutorial_etl_dag to None, run_after=None
[2023-03-27 22:00:25,675] {processor.py:161} INFO - Processing /Users/gabrielroger/Documents/projects/weather-data/.venv/lib/python3.9/site-packages/airflow/example_dags/tutorial_etl_dag.py took 0.059 seconds
[2023-03-27 22:08:09,082] {processor.py:153} INFO - Started process (PID=8866) to work on /Users/gabrielroger/Documents/projects/weather-data/.venv/lib/python3.9/site-packages/airflow/example_dags/tutorial_etl_dag.py
[2023-03-27 22:08:09,082] {processor.py:641} INFO - Processing file /Users/gabrielroger/Documents/projects/weather-data/.venv/lib/python3.9/site-packages/airflow/example_dags/tutorial_etl_dag.py for tasks to queue
[2023-03-27 22:08:09,082] {logging_mixin.py:115} INFO - [2023-03-27 22:08:09,082] {dagbag.py:507} INFO - Filling up the DagBag from /Users/gabrielroger/Documents/projects/weather-data/.venv/lib/python3.9/site-packages/airflow/example_dags/tutorial_etl_dag.py
[2023-03-27 22:08:09,347] {processor.py:651} INFO - DAG(s) dict_keys(['tutorial_etl_dag']) retrieved from /Users/gabrielroger/Documents/projects/weather-data/.venv/lib/python3.9/site-packages/airflow/example_dags/tutorial_etl_dag.py
[2023-03-27 22:08:09,609] {logging_mixin.py:115} INFO - [2023-03-27 22:08:09,608] {dag.py:2379} INFO - Sync 1 DAGs
[2023-03-27 22:08:09,619] {logging_mixin.py:115} INFO - [2023-03-27 22:08:09,619] {dag.py:2927} INFO - Setting next_dagrun for tutorial_etl_dag to None, run_after=None
[2023-03-27 22:08:09,629] {processor.py:161} INFO - Processing /Users/gabrielroger/Documents/projects/weather-data/.venv/lib/python3.9/site-packages/airflow/example_dags/tutorial_etl_dag.py took 0.548 seconds
[2023-03-27 23:12:08,028] {processor.py:153} INFO - Started process (PID=8979) to work on /Users/gabrielroger/Documents/projects/weather-data/.venv/lib/python3.9/site-packages/airflow/example_dags/tutorial_etl_dag.py
[2023-03-27 23:12:08,029] {processor.py:641} INFO - Processing file /Users/gabrielroger/Documents/projects/weather-data/.venv/lib/python3.9/site-packages/airflow/example_dags/tutorial_etl_dag.py for tasks to queue
[2023-03-27 23:12:08,029] {logging_mixin.py:115} INFO - [2023-03-27 23:12:08,029] {dagbag.py:507} INFO - Filling up the DagBag from /Users/gabrielroger/Documents/projects/weather-data/.venv/lib/python3.9/site-packages/airflow/example_dags/tutorial_etl_dag.py
[2023-03-27 23:12:08,043] {processor.py:651} INFO - DAG(s) dict_keys(['tutorial_etl_dag']) retrieved from /Users/gabrielroger/Documents/projects/weather-data/.venv/lib/python3.9/site-packages/airflow/example_dags/tutorial_etl_dag.py
[2023-03-27 23:12:08,072] {logging_mixin.py:115} INFO - [2023-03-27 23:12:08,072] {dag.py:2379} INFO - Sync 1 DAGs
[2023-03-27 23:12:08,079] {logging_mixin.py:115} INFO - [2023-03-27 23:12:08,079] {dag.py:2927} INFO - Setting next_dagrun for tutorial_etl_dag to None, run_after=None
[2023-03-27 23:12:08,085] {processor.py:161} INFO - Processing /Users/gabrielroger/Documents/projects/weather-data/.venv/lib/python3.9/site-packages/airflow/example_dags/tutorial_etl_dag.py took 0.057 seconds
