[2023-03-29 23:22:25,682] {taskinstance.py:1159} INFO - Dependencies all met for <TaskInstance: weather_dag.create_folder manual__2023-03-30T02:22:23.630580+00:00 [queued]>
[2023-03-29 23:22:25,685] {taskinstance.py:1159} INFO - Dependencies all met for <TaskInstance: weather_dag.create_folder manual__2023-03-30T02:22:23.630580+00:00 [queued]>
[2023-03-29 23:22:25,685] {taskinstance.py:1356} INFO - 
--------------------------------------------------------------------------------
[2023-03-29 23:22:25,685] {taskinstance.py:1357} INFO - Starting attempt 1 of 1
[2023-03-29 23:22:25,685] {taskinstance.py:1358} INFO - 
--------------------------------------------------------------------------------
[2023-03-29 23:22:25,691] {taskinstance.py:1377} INFO - Executing <Task(BashOperator): create_folder> on 2023-03-30 02:22:23.630580+00:00
[2023-03-29 23:22:25,696] {standard_task_runner.py:52} INFO - Started process 11864 to run task
[2023-03-29 23:22:25,700] {standard_task_runner.py:79} INFO - Running: ['airflow', 'tasks', 'run', 'weather_dag', 'create_folder', 'manual__2023-03-30T02:22:23.630580+00:00', '--job-id', '54', '--raw', '--subdir', 'DAGS_FOLDER/weather_dag.py', '--cfg-path', '/var/folders/1t/ncp0s87s3bd37gfvks3bsb3w0000gn/T/tmpx1mzi_g4', '--error-file', '/var/folders/1t/ncp0s87s3bd37gfvks3bsb3w0000gn/T/tmpks8yhbc1']
[2023-03-29 23:22:25,701] {standard_task_runner.py:80} INFO - Job 54: Subtask create_folder
[2023-03-29 23:22:25,730] {task_command.py:370} INFO - Running <TaskInstance: weather_dag.create_folder manual__2023-03-30T02:22:23.630580+00:00 [running]> on host MacBook-Air-de-Gabriel.local
[2023-03-29 23:22:25,754] {taskinstance.py:1569} INFO - Exporting the following env vars:
AIRFLOW_CTX_DAG_OWNER=airflow
AIRFLOW_CTX_DAG_ID=weather_dag
AIRFLOW_CTX_TASK_ID=create_folder
AIRFLOW_CTX_EXECUTION_DATE=2023-03-30T02:22:23.630580+00:00
AIRFLOW_CTX_TRY_NUMBER=1
AIRFLOW_CTX_DAG_RUN_ID=manual__2023-03-30T02:22:23.630580+00:00
[2023-03-29 23:22:25,755] {subprocess.py:62} INFO - Tmp dir root location: 
 /var/folders/1t/ncp0s87s3bd37gfvks3bsb3w0000gn/T
[2023-03-29 23:22:25,755] {subprocess.py:74} INFO - Running command: ['bash', '-c', 'mkdir -p "/Users/gabrielroger/Documents/projects/weather-data/week=2023-03-27"']
[2023-03-29 23:22:25,763] {subprocess.py:85} INFO - Output:
[2023-03-29 23:22:25,779] {subprocess.py:96} INFO - Command exited with return code 0
[2023-03-29 23:22:25,791] {taskinstance.py:1395} INFO - Marking task as SUCCESS. dag_id=weather_dag, task_id=create_folder, execution_date=20230330T022223, start_date=20230330T022225, end_date=20230330T022225
[2023-03-29 23:22:25,807] {local_task_job.py:156} INFO - Task exited with return code 0
[2023-03-29 23:22:25,820] {local_task_job.py:273} INFO - 1 downstream tasks scheduled from follow-on schedule check
