[2023-03-23 22:57:09,628] {processor.py:153} INFO - Started process (PID=1803) to work on /Users/gabrielroger/Documents/projects/weather-data/dags/first_dag.py
[2023-03-23 22:57:09,628] {processor.py:641} INFO - Processing file /Users/gabrielroger/Documents/projects/weather-data/dags/first_dag.py for tasks to queue
[2023-03-23 22:57:09,628] {logging_mixin.py:115} INFO - [2023-03-23 22:57:09,628] {dagbag.py:507} INFO - Filling up the DagBag from /Users/gabrielroger/Documents/projects/weather-data/dags/first_dag.py
[2023-03-23 22:57:09,645] {processor.py:651} INFO - DAG(s) dict_keys(['first_dag']) retrieved from /Users/gabrielroger/Documents/projects/weather-data/dags/first_dag.py
[2023-03-23 22:57:10,360] {logging_mixin.py:115} INFO - [2023-03-23 22:57:10,360] {manager.py:508} INFO - Created Permission View: can delete on DAG:first_dag
[2023-03-23 22:57:10,365] {logging_mixin.py:115} INFO - [2023-03-23 22:57:10,365] {manager.py:508} INFO - Created Permission View: can read on DAG:first_dag
[2023-03-23 22:57:10,370] {logging_mixin.py:115} INFO - [2023-03-23 22:57:10,370] {manager.py:508} INFO - Created Permission View: can edit on DAG:first_dag
[2023-03-23 22:57:10,370] {logging_mixin.py:115} INFO - [2023-03-23 22:57:10,370] {dag.py:2379} INFO - Sync 1 DAGs
[2023-03-23 22:57:10,375] {logging_mixin.py:115} INFO - [2023-03-23 22:57:10,375] {dag.py:2398} INFO - Creating ORM DAG for first_dag
[2023-03-23 22:57:10,382] {logging_mixin.py:115} INFO - [2023-03-23 22:57:10,382] {dag.py:2927} INFO - Setting next_dagrun for first_dag to 2023-03-23T00:00:00+00:00, run_after=2023-03-24T00:00:00+00:00
[2023-03-23 22:57:10,391] {processor.py:161} INFO - Processing /Users/gabrielroger/Documents/projects/weather-data/dags/first_dag.py took 0.764 seconds
[2023-03-23 22:58:02,818] {processor.py:153} INFO - Started process (PID=1848) to work on /Users/gabrielroger/Documents/projects/weather-data/dags/first_dag.py
[2023-03-23 22:58:02,819] {processor.py:641} INFO - Processing file /Users/gabrielroger/Documents/projects/weather-data/dags/first_dag.py for tasks to queue
[2023-03-23 22:58:02,819] {logging_mixin.py:115} INFO - [2023-03-23 22:58:02,819] {dagbag.py:507} INFO - Filling up the DagBag from /Users/gabrielroger/Documents/projects/weather-data/dags/first_dag.py
[2023-03-23 22:58:02,827] {processor.py:651} INFO - DAG(s) dict_keys(['first_dag']) retrieved from /Users/gabrielroger/Documents/projects/weather-data/dags/first_dag.py
[2023-03-23 22:58:02,856] {logging_mixin.py:115} INFO - [2023-03-23 22:58:02,856] {dag.py:2379} INFO - Sync 1 DAGs
[2023-03-23 22:58:02,863] {logging_mixin.py:115} INFO - [2023-03-23 22:58:02,863] {dag.py:2927} INFO - Setting next_dagrun for first_dag to 2023-03-23T00:00:00+00:00, run_after=2023-03-24T00:00:00+00:00
[2023-03-23 22:58:02,868] {processor.py:161} INFO - Processing /Users/gabrielroger/Documents/projects/weather-data/dags/first_dag.py took 0.050 seconds
[2023-03-23 22:58:42,333] {processor.py:153} INFO - Started process (PID=1877) to work on /Users/gabrielroger/Documents/projects/weather-data/dags/first_dag.py
[2023-03-23 22:58:42,333] {processor.py:641} INFO - Processing file /Users/gabrielroger/Documents/projects/weather-data/dags/first_dag.py for tasks to queue
[2023-03-23 22:58:42,333] {logging_mixin.py:115} INFO - [2023-03-23 22:58:42,333] {dagbag.py:507} INFO - Filling up the DagBag from /Users/gabrielroger/Documents/projects/weather-data/dags/first_dag.py
[2023-03-23 22:58:42,341] {processor.py:651} INFO - DAG(s) dict_keys(['first_dag']) retrieved from /Users/gabrielroger/Documents/projects/weather-data/dags/first_dag.py
[2023-03-23 22:58:42,371] {logging_mixin.py:115} INFO - [2023-03-23 22:58:42,371] {dag.py:2379} INFO - Sync 1 DAGs
[2023-03-23 22:58:42,378] {logging_mixin.py:115} INFO - [2023-03-23 22:58:42,378] {dag.py:2927} INFO - Setting next_dagrun for first_dag to 2023-03-23T00:00:00+00:00, run_after=2023-03-24T00:00:00+00:00
[2023-03-23 22:58:42,383] {processor.py:161} INFO - Processing /Users/gabrielroger/Documents/projects/weather-data/dags/first_dag.py took 0.050 seconds
[2023-03-23 22:59:22,791] {processor.py:153} INFO - Started process (PID=1913) to work on /Users/gabrielroger/Documents/projects/weather-data/dags/first_dag.py
[2023-03-23 22:59:22,791] {processor.py:641} INFO - Processing file /Users/gabrielroger/Documents/projects/weather-data/dags/first_dag.py for tasks to queue
[2023-03-23 22:59:22,792] {logging_mixin.py:115} INFO - [2023-03-23 22:59:22,792] {dagbag.py:507} INFO - Filling up the DagBag from /Users/gabrielroger/Documents/projects/weather-data/dags/first_dag.py
[2023-03-23 22:59:22,799] {processor.py:651} INFO - DAG(s) dict_keys(['first_dag']) retrieved from /Users/gabrielroger/Documents/projects/weather-data/dags/first_dag.py
[2023-03-23 22:59:22,829] {logging_mixin.py:115} INFO - [2023-03-23 22:59:22,829] {dag.py:2379} INFO - Sync 1 DAGs
[2023-03-23 22:59:22,836] {logging_mixin.py:115} INFO - [2023-03-23 22:59:22,836] {dag.py:2927} INFO - Setting next_dagrun for first_dag to 2023-03-24T00:00:00+00:00, run_after=2023-03-25T00:00:00+00:00
[2023-03-23 22:59:22,841] {processor.py:161} INFO - Processing /Users/gabrielroger/Documents/projects/weather-data/dags/first_dag.py took 0.050 seconds
[2023-03-23 23:00:05,908] {processor.py:153} INFO - Started process (PID=1950) to work on /Users/gabrielroger/Documents/projects/weather-data/dags/first_dag.py
[2023-03-23 23:00:05,908] {processor.py:641} INFO - Processing file /Users/gabrielroger/Documents/projects/weather-data/dags/first_dag.py for tasks to queue
[2023-03-23 23:00:05,908] {logging_mixin.py:115} INFO - [2023-03-23 23:00:05,908] {dagbag.py:507} INFO - Filling up the DagBag from /Users/gabrielroger/Documents/projects/weather-data/dags/first_dag.py
[2023-03-23 23:00:05,925] {processor.py:651} INFO - DAG(s) dict_keys(['first_dag']) retrieved from /Users/gabrielroger/Documents/projects/weather-data/dags/first_dag.py
[2023-03-23 23:00:06,360] {logging_mixin.py:115} INFO - [2023-03-23 23:00:06,360] {dag.py:2379} INFO - Sync 1 DAGs
[2023-03-23 23:00:06,369] {logging_mixin.py:115} INFO - [2023-03-23 23:00:06,369] {dag.py:2927} INFO - Setting next_dagrun for first_dag to 2023-03-24T00:00:00+00:00, run_after=2023-03-25T00:00:00+00:00
[2023-03-23 23:00:06,376] {processor.py:161} INFO - Processing /Users/gabrielroger/Documents/projects/weather-data/dags/first_dag.py took 0.468 seconds
[2023-03-23 23:00:57,824] {processor.py:153} INFO - Started process (PID=1992) to work on /Users/gabrielroger/Documents/projects/weather-data/dags/first_dag.py
[2023-03-23 23:00:57,825] {processor.py:641} INFO - Processing file /Users/gabrielroger/Documents/projects/weather-data/dags/first_dag.py for tasks to queue
[2023-03-23 23:00:57,825] {logging_mixin.py:115} INFO - [2023-03-23 23:00:57,825] {dagbag.py:507} INFO - Filling up the DagBag from /Users/gabrielroger/Documents/projects/weather-data/dags/first_dag.py
[2023-03-23 23:00:57,833] {processor.py:651} INFO - DAG(s) dict_keys(['first_dag']) retrieved from /Users/gabrielroger/Documents/projects/weather-data/dags/first_dag.py
[2023-03-23 23:00:57,862] {logging_mixin.py:115} INFO - [2023-03-23 23:00:57,862] {dag.py:2379} INFO - Sync 1 DAGs
[2023-03-23 23:00:57,870] {logging_mixin.py:115} INFO - [2023-03-23 23:00:57,870] {dag.py:2927} INFO - Setting next_dagrun for first_dag to 2023-03-24T00:00:00+00:00, run_after=2023-03-25T00:00:00+00:00
[2023-03-23 23:00:57,875] {processor.py:161} INFO - Processing /Users/gabrielroger/Documents/projects/weather-data/dags/first_dag.py took 0.051 seconds
[2023-03-23 23:01:42,768] {processor.py:153} INFO - Started process (PID=2034) to work on /Users/gabrielroger/Documents/projects/weather-data/dags/first_dag.py
[2023-03-23 23:01:42,769] {processor.py:641} INFO - Processing file /Users/gabrielroger/Documents/projects/weather-data/dags/first_dag.py for tasks to queue
[2023-03-23 23:01:42,769] {logging_mixin.py:115} INFO - [2023-03-23 23:01:42,769] {dagbag.py:507} INFO - Filling up the DagBag from /Users/gabrielroger/Documents/projects/weather-data/dags/first_dag.py
[2023-03-23 23:01:42,777] {processor.py:651} INFO - DAG(s) dict_keys(['first_dag']) retrieved from /Users/gabrielroger/Documents/projects/weather-data/dags/first_dag.py
[2023-03-23 23:01:42,806] {logging_mixin.py:115} INFO - [2023-03-23 23:01:42,806] {dag.py:2379} INFO - Sync 1 DAGs
[2023-03-23 23:01:42,813] {logging_mixin.py:115} INFO - [2023-03-23 23:01:42,813] {dag.py:2927} INFO - Setting next_dagrun for first_dag to 2023-03-24T00:00:00+00:00, run_after=2023-03-25T00:00:00+00:00
[2023-03-23 23:01:42,818] {processor.py:161} INFO - Processing /Users/gabrielroger/Documents/projects/weather-data/dags/first_dag.py took 0.050 seconds
[2023-03-23 23:02:19,293] {processor.py:153} INFO - Started process (PID=2066) to work on /Users/gabrielroger/Documents/projects/weather-data/dags/first_dag.py
[2023-03-23 23:02:19,294] {processor.py:641} INFO - Processing file /Users/gabrielroger/Documents/projects/weather-data/dags/first_dag.py for tasks to queue
[2023-03-23 23:02:19,294] {logging_mixin.py:115} INFO - [2023-03-23 23:02:19,294] {dagbag.py:507} INFO - Filling up the DagBag from /Users/gabrielroger/Documents/projects/weather-data/dags/first_dag.py
[2023-03-23 23:02:19,307] {processor.py:651} INFO - DAG(s) dict_keys(['first_dag']) retrieved from /Users/gabrielroger/Documents/projects/weather-data/dags/first_dag.py
[2023-03-23 23:02:19,764] {logging_mixin.py:115} INFO - [2023-03-23 23:02:19,764] {dag.py:2379} INFO - Sync 1 DAGs
[2023-03-23 23:02:19,773] {logging_mixin.py:115} INFO - [2023-03-23 23:02:19,773] {dag.py:2927} INFO - Setting next_dagrun for first_dag to 2023-03-24T00:00:00+00:00, run_after=2023-03-25T00:00:00+00:00
[2023-03-23 23:02:19,782] {processor.py:161} INFO - Processing /Users/gabrielroger/Documents/projects/weather-data/dags/first_dag.py took 0.490 seconds
[2023-03-23 23:03:08,741] {processor.py:153} INFO - Started process (PID=2120) to work on /Users/gabrielroger/Documents/projects/weather-data/dags/first_dag.py
[2023-03-23 23:03:08,742] {processor.py:641} INFO - Processing file /Users/gabrielroger/Documents/projects/weather-data/dags/first_dag.py for tasks to queue
[2023-03-23 23:03:08,742] {logging_mixin.py:115} INFO - [2023-03-23 23:03:08,742] {dagbag.py:507} INFO - Filling up the DagBag from /Users/gabrielroger/Documents/projects/weather-data/dags/first_dag.py
[2023-03-23 23:03:08,749] {processor.py:651} INFO - DAG(s) dict_keys(['first_dag']) retrieved from /Users/gabrielroger/Documents/projects/weather-data/dags/first_dag.py
[2023-03-23 23:03:08,779] {logging_mixin.py:115} INFO - [2023-03-23 23:03:08,779] {dag.py:2379} INFO - Sync 1 DAGs
[2023-03-23 23:03:08,786] {logging_mixin.py:115} INFO - [2023-03-23 23:03:08,786] {dag.py:2927} INFO - Setting next_dagrun for first_dag to 2023-03-24T00:00:00+00:00, run_after=2023-03-25T00:00:00+00:00
[2023-03-23 23:03:08,791] {processor.py:161} INFO - Processing /Users/gabrielroger/Documents/projects/weather-data/dags/first_dag.py took 0.051 seconds
[2023-03-23 23:03:49,008] {processor.py:153} INFO - Started process (PID=2148) to work on /Users/gabrielroger/Documents/projects/weather-data/dags/first_dag.py
[2023-03-23 23:03:49,009] {processor.py:641} INFO - Processing file /Users/gabrielroger/Documents/projects/weather-data/dags/first_dag.py for tasks to queue
[2023-03-23 23:03:49,009] {logging_mixin.py:115} INFO - [2023-03-23 23:03:49,009] {dagbag.py:507} INFO - Filling up the DagBag from /Users/gabrielroger/Documents/projects/weather-data/dags/first_dag.py
[2023-03-23 23:03:49,016] {processor.py:651} INFO - DAG(s) dict_keys(['first_dag']) retrieved from /Users/gabrielroger/Documents/projects/weather-data/dags/first_dag.py
[2023-03-23 23:03:49,046] {logging_mixin.py:115} INFO - [2023-03-23 23:03:49,046] {dag.py:2379} INFO - Sync 1 DAGs
[2023-03-23 23:03:49,053] {logging_mixin.py:115} INFO - [2023-03-23 23:03:49,053] {dag.py:2927} INFO - Setting next_dagrun for first_dag to 2023-03-24T00:00:00+00:00, run_after=2023-03-25T00:00:00+00:00
[2023-03-23 23:03:49,059] {processor.py:161} INFO - Processing /Users/gabrielroger/Documents/projects/weather-data/dags/first_dag.py took 0.052 seconds
[2023-03-23 23:04:26,887] {processor.py:153} INFO - Started process (PID=2178) to work on /Users/gabrielroger/Documents/projects/weather-data/dags/first_dag.py
[2023-03-23 23:04:26,888] {processor.py:641} INFO - Processing file /Users/gabrielroger/Documents/projects/weather-data/dags/first_dag.py for tasks to queue
[2023-03-23 23:04:26,888] {logging_mixin.py:115} INFO - [2023-03-23 23:04:26,888] {dagbag.py:507} INFO - Filling up the DagBag from /Users/gabrielroger/Documents/projects/weather-data/dags/first_dag.py
[2023-03-23 23:04:26,896] {processor.py:651} INFO - DAG(s) dict_keys(['first_dag']) retrieved from /Users/gabrielroger/Documents/projects/weather-data/dags/first_dag.py
[2023-03-23 23:04:26,926] {logging_mixin.py:115} INFO - [2023-03-23 23:04:26,926] {dag.py:2379} INFO - Sync 1 DAGs
[2023-03-23 23:04:26,933] {logging_mixin.py:115} INFO - [2023-03-23 23:04:26,933] {dag.py:2927} INFO - Setting next_dagrun for first_dag to 2023-03-24T00:00:00+00:00, run_after=2023-03-25T00:00:00+00:00
[2023-03-23 23:04:26,939] {processor.py:161} INFO - Processing /Users/gabrielroger/Documents/projects/weather-data/dags/first_dag.py took 0.052 seconds
[2023-03-23 23:05:04,013] {processor.py:153} INFO - Started process (PID=2206) to work on /Users/gabrielroger/Documents/projects/weather-data/dags/first_dag.py
[2023-03-23 23:05:04,014] {processor.py:641} INFO - Processing file /Users/gabrielroger/Documents/projects/weather-data/dags/first_dag.py for tasks to queue
[2023-03-23 23:05:04,014] {logging_mixin.py:115} INFO - [2023-03-23 23:05:04,014] {dagbag.py:507} INFO - Filling up the DagBag from /Users/gabrielroger/Documents/projects/weather-data/dags/first_dag.py
[2023-03-23 23:05:04,022] {processor.py:651} INFO - DAG(s) dict_keys(['first_dag']) retrieved from /Users/gabrielroger/Documents/projects/weather-data/dags/first_dag.py
[2023-03-23 23:05:04,051] {logging_mixin.py:115} INFO - [2023-03-23 23:05:04,051] {dag.py:2379} INFO - Sync 1 DAGs
[2023-03-23 23:05:04,059] {logging_mixin.py:115} INFO - [2023-03-23 23:05:04,059] {dag.py:2927} INFO - Setting next_dagrun for first_dag to 2023-03-24T00:00:00+00:00, run_after=2023-03-25T00:00:00+00:00
[2023-03-23 23:05:04,064] {processor.py:161} INFO - Processing /Users/gabrielroger/Documents/projects/weather-data/dags/first_dag.py took 0.051 seconds
[2023-03-23 23:05:42,299] {processor.py:153} INFO - Started process (PID=2237) to work on /Users/gabrielroger/Documents/projects/weather-data/dags/first_dag.py
[2023-03-23 23:05:42,299] {processor.py:641} INFO - Processing file /Users/gabrielroger/Documents/projects/weather-data/dags/first_dag.py for tasks to queue
[2023-03-23 23:05:42,300] {logging_mixin.py:115} INFO - [2023-03-23 23:05:42,300] {dagbag.py:507} INFO - Filling up the DagBag from /Users/gabrielroger/Documents/projects/weather-data/dags/first_dag.py
[2023-03-23 23:05:42,307] {processor.py:651} INFO - DAG(s) dict_keys(['first_dag']) retrieved from /Users/gabrielroger/Documents/projects/weather-data/dags/first_dag.py
[2023-03-23 23:05:42,336] {logging_mixin.py:115} INFO - [2023-03-23 23:05:42,336] {dag.py:2379} INFO - Sync 1 DAGs
[2023-03-23 23:05:42,344] {logging_mixin.py:115} INFO - [2023-03-23 23:05:42,344] {dag.py:2927} INFO - Setting next_dagrun for first_dag to 2023-03-24T00:00:00+00:00, run_after=2023-03-25T00:00:00+00:00
[2023-03-23 23:05:42,350] {processor.py:161} INFO - Processing /Users/gabrielroger/Documents/projects/weather-data/dags/first_dag.py took 0.050 seconds
[2023-03-23 23:06:20,662] {processor.py:153} INFO - Started process (PID=2271) to work on /Users/gabrielroger/Documents/projects/weather-data/dags/first_dag.py
[2023-03-23 23:06:20,662] {processor.py:641} INFO - Processing file /Users/gabrielroger/Documents/projects/weather-data/dags/first_dag.py for tasks to queue
[2023-03-23 23:06:20,662] {logging_mixin.py:115} INFO - [2023-03-23 23:06:20,662] {dagbag.py:507} INFO - Filling up the DagBag from /Users/gabrielroger/Documents/projects/weather-data/dags/first_dag.py
[2023-03-23 23:06:20,677] {processor.py:651} INFO - DAG(s) dict_keys(['first_dag']) retrieved from /Users/gabrielroger/Documents/projects/weather-data/dags/first_dag.py
[2023-03-23 23:06:21,140] {logging_mixin.py:115} INFO - [2023-03-23 23:06:21,140] {dag.py:2379} INFO - Sync 1 DAGs
[2023-03-23 23:06:21,153] {logging_mixin.py:115} INFO - [2023-03-23 23:06:21,153] {dag.py:2927} INFO - Setting next_dagrun for first_dag to 2023-03-24T00:00:00+00:00, run_after=2023-03-25T00:00:00+00:00
[2023-03-23 23:06:21,160] {processor.py:161} INFO - Processing /Users/gabrielroger/Documents/projects/weather-data/dags/first_dag.py took 0.499 seconds
[2023-03-23 23:07:12,601] {processor.py:153} INFO - Started process (PID=2315) to work on /Users/gabrielroger/Documents/projects/weather-data/dags/first_dag.py
[2023-03-23 23:07:12,602] {processor.py:641} INFO - Processing file /Users/gabrielroger/Documents/projects/weather-data/dags/first_dag.py for tasks to queue
[2023-03-23 23:07:12,602] {logging_mixin.py:115} INFO - [2023-03-23 23:07:12,602] {dagbag.py:507} INFO - Filling up the DagBag from /Users/gabrielroger/Documents/projects/weather-data/dags/first_dag.py
[2023-03-23 23:07:12,610] {processor.py:651} INFO - DAG(s) dict_keys(['first_dag']) retrieved from /Users/gabrielroger/Documents/projects/weather-data/dags/first_dag.py
[2023-03-23 23:07:12,639] {logging_mixin.py:115} INFO - [2023-03-23 23:07:12,639] {dag.py:2379} INFO - Sync 1 DAGs
[2023-03-23 23:07:12,646] {logging_mixin.py:115} INFO - [2023-03-23 23:07:12,646] {dag.py:2927} INFO - Setting next_dagrun for first_dag to 2023-03-24T00:00:00+00:00, run_after=2023-03-25T00:00:00+00:00
[2023-03-23 23:07:12,651] {processor.py:161} INFO - Processing /Users/gabrielroger/Documents/projects/weather-data/dags/first_dag.py took 0.051 seconds
[2023-03-23 23:07:42,357] {processor.py:153} INFO - Started process (PID=2341) to work on /Users/gabrielroger/Documents/projects/weather-data/dags/first_dag.py
[2023-03-23 23:07:42,358] {processor.py:641} INFO - Processing file /Users/gabrielroger/Documents/projects/weather-data/dags/first_dag.py for tasks to queue
[2023-03-23 23:07:42,358] {logging_mixin.py:115} INFO - [2023-03-23 23:07:42,358] {dagbag.py:507} INFO - Filling up the DagBag from /Users/gabrielroger/Documents/projects/weather-data/dags/first_dag.py
[2023-03-23 23:07:42,367] {processor.py:651} INFO - DAG(s) dict_keys(['first_dag']) retrieved from /Users/gabrielroger/Documents/projects/weather-data/dags/first_dag.py
[2023-03-23 23:07:42,816] {logging_mixin.py:115} INFO - [2023-03-23 23:07:42,816] {dag.py:2379} INFO - Sync 1 DAGs
[2023-03-23 23:07:42,825] {logging_mixin.py:115} INFO - [2023-03-23 23:07:42,825] {dag.py:2927} INFO - Setting next_dagrun for first_dag to 2023-03-24T00:00:00+00:00, run_after=2023-03-25T00:00:00+00:00
[2023-03-23 23:07:42,836] {processor.py:161} INFO - Processing /Users/gabrielroger/Documents/projects/weather-data/dags/first_dag.py took 0.480 seconds
[2023-03-23 23:08:32,687] {processor.py:153} INFO - Started process (PID=2386) to work on /Users/gabrielroger/Documents/projects/weather-data/dags/first_dag.py
[2023-03-23 23:08:32,687] {processor.py:641} INFO - Processing file /Users/gabrielroger/Documents/projects/weather-data/dags/first_dag.py for tasks to queue
[2023-03-23 23:08:32,688] {logging_mixin.py:115} INFO - [2023-03-23 23:08:32,687] {dagbag.py:507} INFO - Filling up the DagBag from /Users/gabrielroger/Documents/projects/weather-data/dags/first_dag.py
[2023-03-23 23:08:32,695] {processor.py:651} INFO - DAG(s) dict_keys(['first_dag']) retrieved from /Users/gabrielroger/Documents/projects/weather-data/dags/first_dag.py
[2023-03-23 23:08:32,725] {logging_mixin.py:115} INFO - [2023-03-23 23:08:32,725] {dag.py:2379} INFO - Sync 1 DAGs
[2023-03-23 23:08:32,732] {logging_mixin.py:115} INFO - [2023-03-23 23:08:32,732] {dag.py:2927} INFO - Setting next_dagrun for first_dag to 2023-03-24T00:00:00+00:00, run_after=2023-03-25T00:00:00+00:00
[2023-03-23 23:08:32,737] {processor.py:161} INFO - Processing /Users/gabrielroger/Documents/projects/weather-data/dags/first_dag.py took 0.051 seconds
[2023-03-23 23:09:16,522] {processor.py:153} INFO - Started process (PID=2418) to work on /Users/gabrielroger/Documents/projects/weather-data/dags/first_dag.py
[2023-03-23 23:09:16,523] {processor.py:641} INFO - Processing file /Users/gabrielroger/Documents/projects/weather-data/dags/first_dag.py for tasks to queue
[2023-03-23 23:09:16,523] {logging_mixin.py:115} INFO - [2023-03-23 23:09:16,523] {dagbag.py:507} INFO - Filling up the DagBag from /Users/gabrielroger/Documents/projects/weather-data/dags/first_dag.py
[2023-03-23 23:09:16,531] {processor.py:651} INFO - DAG(s) dict_keys(['first_dag']) retrieved from /Users/gabrielroger/Documents/projects/weather-data/dags/first_dag.py
[2023-03-23 23:09:16,560] {logging_mixin.py:115} INFO - [2023-03-23 23:09:16,560] {dag.py:2379} INFO - Sync 1 DAGs
[2023-03-23 23:09:16,568] {logging_mixin.py:115} INFO - [2023-03-23 23:09:16,567] {dag.py:2927} INFO - Setting next_dagrun for first_dag to 2023-03-24T00:00:00+00:00, run_after=2023-03-25T00:00:00+00:00
[2023-03-23 23:09:16,573] {processor.py:161} INFO - Processing /Users/gabrielroger/Documents/projects/weather-data/dags/first_dag.py took 0.051 seconds
[2023-03-23 23:09:59,601] {processor.py:153} INFO - Started process (PID=2453) to work on /Users/gabrielroger/Documents/projects/weather-data/dags/first_dag.py
[2023-03-23 23:09:59,601] {processor.py:641} INFO - Processing file /Users/gabrielroger/Documents/projects/weather-data/dags/first_dag.py for tasks to queue
[2023-03-23 23:09:59,601] {logging_mixin.py:115} INFO - [2023-03-23 23:09:59,601] {dagbag.py:507} INFO - Filling up the DagBag from /Users/gabrielroger/Documents/projects/weather-data/dags/first_dag.py
[2023-03-23 23:09:59,608] {processor.py:651} INFO - DAG(s) dict_keys(['first_dag']) retrieved from /Users/gabrielroger/Documents/projects/weather-data/dags/first_dag.py
[2023-03-23 23:09:59,638] {logging_mixin.py:115} INFO - [2023-03-23 23:09:59,638] {dag.py:2379} INFO - Sync 1 DAGs
[2023-03-23 23:09:59,645] {logging_mixin.py:115} INFO - [2023-03-23 23:09:59,645] {dag.py:2927} INFO - Setting next_dagrun for first_dag to 2023-03-24T00:00:00+00:00, run_after=2023-03-25T00:00:00+00:00
[2023-03-23 23:09:59,650] {processor.py:161} INFO - Processing /Users/gabrielroger/Documents/projects/weather-data/dags/first_dag.py took 0.049 seconds
[2023-03-23 23:10:40,351] {processor.py:153} INFO - Started process (PID=2483) to work on /Users/gabrielroger/Documents/projects/weather-data/dags/first_dag.py
[2023-03-23 23:10:40,352] {processor.py:641} INFO - Processing file /Users/gabrielroger/Documents/projects/weather-data/dags/first_dag.py for tasks to queue
[2023-03-23 23:10:40,352] {logging_mixin.py:115} INFO - [2023-03-23 23:10:40,352] {dagbag.py:507} INFO - Filling up the DagBag from /Users/gabrielroger/Documents/projects/weather-data/dags/first_dag.py
[2023-03-23 23:10:40,360] {processor.py:651} INFO - DAG(s) dict_keys(['first_dag']) retrieved from /Users/gabrielroger/Documents/projects/weather-data/dags/first_dag.py
[2023-03-23 23:10:40,389] {logging_mixin.py:115} INFO - [2023-03-23 23:10:40,389] {dag.py:2379} INFO - Sync 1 DAGs
[2023-03-23 23:10:40,396] {logging_mixin.py:115} INFO - [2023-03-23 23:10:40,396] {dag.py:2927} INFO - Setting next_dagrun for first_dag to 2023-03-24T00:00:00+00:00, run_after=2023-03-25T00:00:00+00:00
[2023-03-23 23:10:40,401] {processor.py:161} INFO - Processing /Users/gabrielroger/Documents/projects/weather-data/dags/first_dag.py took 0.050 seconds
