[2023-03-12 12:03:06,899] {taskinstance.py:1159} INFO - Dependencies all met for <TaskInstance: example_branch_datetime_operator_2.datetime_branch scheduled__2023-03-11T00:00:00+00:00 [queued]>
[2023-03-12 12:03:06,902] {taskinstance.py:1159} INFO - Dependencies all met for <TaskInstance: example_branch_datetime_operator_2.datetime_branch scheduled__2023-03-11T00:00:00+00:00 [queued]>
[2023-03-12 12:03:06,902] {taskinstance.py:1356} INFO - 
--------------------------------------------------------------------------------
[2023-03-12 12:03:06,902] {taskinstance.py:1357} INFO - Starting attempt 1 of 1
[2023-03-12 12:03:06,902] {taskinstance.py:1358} INFO - 
--------------------------------------------------------------------------------
[2023-03-12 12:03:06,907] {taskinstance.py:1377} INFO - Executing <Task(BranchDateTimeOperator): datetime_branch> on 2023-03-11 00:00:00+00:00
[2023-03-12 12:03:06,910] {standard_task_runner.py:52} INFO - Started process 11687 to run task
[2023-03-12 12:03:06,914] {standard_task_runner.py:79} INFO - Running: ['airflow', 'tasks', 'run', 'example_branch_datetime_operator_2', 'datetime_branch', 'scheduled__2023-03-11T00:00:00+00:00', '--job-id', '5', '--raw', '--subdir', '/Users/gabrielroger/Documents/projects/weather-data/.venv/lib/python3.9/site-packages/airflow/example_dags/example_branch_datetime_operator.py', '--cfg-path', '/var/folders/1t/ncp0s87s3bd37gfvks3bsb3w0000gn/T/tmpopc7aou4', '--error-file', '/var/folders/1t/ncp0s87s3bd37gfvks3bsb3w0000gn/T/tmpnb015poo']
[2023-03-12 12:03:06,915] {standard_task_runner.py:80} INFO - Job 5: Subtask datetime_branch
[2023-03-12 12:03:06,941] {task_command.py:370} INFO - Running <TaskInstance: example_branch_datetime_operator_2.datetime_branch scheduled__2023-03-11T00:00:00+00:00 [running]> on host 1.0.0.0.0.0.0.0.0.0.0.0.0.0.0.0.0.0.0.0.0.0.0.0.0.0.0.0.0.0.0.0.ip6.arpa
[2023-03-12 12:03:06,965] {taskinstance.py:1569} INFO - Exporting the following env vars:
AIRFLOW_CTX_DAG_OWNER=airflow
AIRFLOW_CTX_DAG_ID=example_branch_datetime_operator_2
AIRFLOW_CTX_TASK_ID=datetime_branch
AIRFLOW_CTX_EXECUTION_DATE=2023-03-11T00:00:00+00:00
AIRFLOW_CTX_TRY_NUMBER=1
AIRFLOW_CTX_DAG_RUN_ID=scheduled__2023-03-11T00:00:00+00:00
[2023-03-12 12:03:06,965] {skipmixin.py:140} INFO - Following branch ['date_in_range']
[2023-03-12 12:03:06,966] {skipmixin.py:175} INFO - Skipping tasks ['date_outside_range']
[2023-03-12 12:03:06,976] {taskinstance.py:1395} INFO - Marking task as SUCCESS. dag_id=example_branch_datetime_operator_2, task_id=datetime_branch, execution_date=20230311T000000, start_date=20230312T150306, end_date=20230312T150306
[2023-03-12 12:03:07,018] {local_task_job.py:156} INFO - Task exited with return code 0
[2023-03-12 12:03:07,035] {local_task_job.py:273} INFO - 1 downstream tasks scheduled from follow-on schedule check
