[2023-03-29 22:31:47,453] {taskinstance.py:1159} INFO - Dependencies all met for <TaskInstance: first_dag.criar_pasta manual__2023-03-30T01:31:41.828355+00:00 [queued]>
[2023-03-29 22:31:47,456] {taskinstance.py:1159} INFO - Dependencies all met for <TaskInstance: first_dag.criar_pasta manual__2023-03-30T01:31:41.828355+00:00 [queued]>
[2023-03-29 22:31:47,456] {taskinstance.py:1356} INFO - 
--------------------------------------------------------------------------------
[2023-03-29 22:31:47,456] {taskinstance.py:1357} INFO - Starting attempt 1 of 1
[2023-03-29 22:31:47,456] {taskinstance.py:1358} INFO - 
--------------------------------------------------------------------------------
[2023-03-29 22:31:47,462] {taskinstance.py:1377} INFO - Executing <Task(BashOperator): criar_pasta> on 2023-03-30 01:31:41.828355+00:00
[2023-03-29 22:31:47,467] {standard_task_runner.py:52} INFO - Started process 6601 to run task
[2023-03-29 22:31:47,470] {standard_task_runner.py:79} INFO - Running: ['airflow', 'tasks', 'run', 'first_dag', 'criar_pasta', 'manual__2023-03-30T01:31:41.828355+00:00', '--job-id', '39', '--raw', '--subdir', 'DAGS_FOLDER/first_dag.py', '--cfg-path', '/var/folders/1t/ncp0s87s3bd37gfvks3bsb3w0000gn/T/tmp6x2skvai', '--error-file', '/var/folders/1t/ncp0s87s3bd37gfvks3bsb3w0000gn/T/tmp28clwa50']
[2023-03-29 22:31:47,471] {standard_task_runner.py:80} INFO - Job 39: Subtask criar_pasta
[2023-03-29 22:31:47,493] {task_command.py:370} INFO - Running <TaskInstance: first_dag.criar_pasta manual__2023-03-30T01:31:41.828355+00:00 [running]> on host MacBook-Air-de-Gabriel.local
[2023-03-29 22:31:47,518] {taskinstance.py:1569} INFO - Exporting the following env vars:
AIRFLOW_CTX_DAG_OWNER=airflow
AIRFLOW_CTX_DAG_ID=first_dag
AIRFLOW_CTX_TASK_ID=criar_pasta
AIRFLOW_CTX_EXECUTION_DATE=2023-03-30T01:31:41.828355+00:00
AIRFLOW_CTX_TRY_NUMBER=1
AIRFLOW_CTX_DAG_RUN_ID=manual__2023-03-30T01:31:41.828355+00:00
[2023-03-29 22:31:47,519] {subprocess.py:62} INFO - Tmp dir root location: 
 /var/folders/1t/ncp0s87s3bd37gfvks3bsb3w0000gn/T
[2023-03-29 22:31:47,519] {subprocess.py:74} INFO - Running command: ['bash', '-c', 'mkdir -p "/Users/gabrielroger/Documents/projects/weather-data/pasta2023-03-30T00:00:00+00:00"']
[2023-03-29 22:31:47,532] {subprocess.py:85} INFO - Output:
[2023-03-29 22:31:47,546] {subprocess.py:96} INFO - Command exited with return code 0
[2023-03-29 22:31:47,558] {taskinstance.py:1395} INFO - Marking task as SUCCESS. dag_id=first_dag, task_id=criar_pasta, execution_date=20230330T013141, start_date=20230330T013147, end_date=20230330T013147
[2023-03-29 22:31:47,578] {local_task_job.py:156} INFO - Task exited with return code 0
[2023-03-29 22:31:47,587] {local_task_job.py:273} INFO - 0 downstream tasks scheduled from follow-on schedule check
