[2023-03-29 23:38:55,542] {taskinstance.py:1159} INFO - Dependencies all met for <TaskInstance: weather_dag.create_folder manual__2023-03-30T02:38:53.083204+00:00 [queued]>
[2023-03-29 23:38:55,545] {taskinstance.py:1159} INFO - Dependencies all met for <TaskInstance: weather_dag.create_folder manual__2023-03-30T02:38:53.083204+00:00 [queued]>
[2023-03-29 23:38:55,545] {taskinstance.py:1356} INFO - 
--------------------------------------------------------------------------------
[2023-03-29 23:38:55,545] {taskinstance.py:1357} INFO - Starting attempt 1 of 1
[2023-03-29 23:38:55,545] {taskinstance.py:1358} INFO - 
--------------------------------------------------------------------------------
[2023-03-29 23:38:55,552] {taskinstance.py:1377} INFO - Executing <Task(BashOperator): create_folder> on 2023-03-30 02:38:53.083204+00:00
[2023-03-29 23:38:55,556] {standard_task_runner.py:52} INFO - Started process 13600 to run task
[2023-03-29 23:38:55,560] {standard_task_runner.py:79} INFO - Running: ['airflow', 'tasks', 'run', 'weather_dag', 'create_folder', 'manual__2023-03-30T02:38:53.083204+00:00', '--job-id', '70', '--raw', '--subdir', 'DAGS_FOLDER/weather_dag.py', '--cfg-path', '/var/folders/1t/ncp0s87s3bd37gfvks3bsb3w0000gn/T/tmp_ue16fst', '--error-file', '/var/folders/1t/ncp0s87s3bd37gfvks3bsb3w0000gn/T/tmpckhvkccp']
[2023-03-29 23:38:55,561] {standard_task_runner.py:80} INFO - Job 70: Subtask create_folder
[2023-03-29 23:38:55,588] {task_command.py:370} INFO - Running <TaskInstance: weather_dag.create_folder manual__2023-03-30T02:38:53.083204+00:00 [running]> on host 1.0.0.127.in-addr.arpa
[2023-03-29 23:38:55,613] {taskinstance.py:1569} INFO - Exporting the following env vars:
AIRFLOW_CTX_DAG_OWNER=airflow
AIRFLOW_CTX_DAG_ID=weather_dag
AIRFLOW_CTX_TASK_ID=create_folder
AIRFLOW_CTX_EXECUTION_DATE=2023-03-30T02:38:53.083204+00:00
AIRFLOW_CTX_TRY_NUMBER=1
AIRFLOW_CTX_DAG_RUN_ID=manual__2023-03-30T02:38:53.083204+00:00
[2023-03-29 23:38:55,613] {subprocess.py:62} INFO - Tmp dir root location: 
 /var/folders/1t/ncp0s87s3bd37gfvks3bsb3w0000gn/T
[2023-03-29 23:38:55,613] {subprocess.py:74} INFO - Running command: ['bash', '-c', 'mkdir -p "/Users/gabrielroger/Documents/projects/weather-data/week=2023-03-27"']
[2023-03-29 23:38:55,622] {subprocess.py:85} INFO - Output:
[2023-03-29 23:38:55,637] {subprocess.py:96} INFO - Command exited with return code 0
[2023-03-29 23:38:55,649] {taskinstance.py:1395} INFO - Marking task as SUCCESS. dag_id=weather_dag, task_id=create_folder, execution_date=20230330T023853, start_date=20230330T023855, end_date=20230330T023855
[2023-03-29 23:38:55,663] {local_task_job.py:156} INFO - Task exited with return code 0
[2023-03-29 23:38:55,677] {local_task_job.py:273} INFO - 1 downstream tasks scheduled from follow-on schedule check
