[2023-03-27 21:09:37,874] {processor.py:153} INFO - Started process (PID=6031) to work on /Users/gabrielroger/Documents/projects/weather-data/.venv/lib/python3.9/site-packages/airflow/example_dags/plugins/workday.py
[2023-03-27 21:09:37,874] {processor.py:641} INFO - Processing file /Users/gabrielroger/Documents/projects/weather-data/.venv/lib/python3.9/site-packages/airflow/example_dags/plugins/workday.py for tasks to queue
[2023-03-27 21:09:37,874] {logging_mixin.py:115} INFO - [2023-03-27 21:09:37,874] {dagbag.py:507} INFO - Filling up the DagBag from /Users/gabrielroger/Documents/projects/weather-data/.venv/lib/python3.9/site-packages/airflow/example_dags/plugins/workday.py
[2023-03-27 21:09:37,875] {processor.py:653} WARNING - No viable dags retrieved from /Users/gabrielroger/Documents/projects/weather-data/.venv/lib/python3.9/site-packages/airflow/example_dags/plugins/workday.py
[2023-03-27 21:09:37,893] {processor.py:161} INFO - Processing /Users/gabrielroger/Documents/projects/weather-data/.venv/lib/python3.9/site-packages/airflow/example_dags/plugins/workday.py took 0.020 seconds
[2023-03-27 21:10:30,622] {processor.py:153} INFO - Started process (PID=6130) to work on /Users/gabrielroger/Documents/projects/weather-data/.venv/lib/python3.9/site-packages/airflow/example_dags/plugins/workday.py
[2023-03-27 21:10:30,623] {processor.py:641} INFO - Processing file /Users/gabrielroger/Documents/projects/weather-data/.venv/lib/python3.9/site-packages/airflow/example_dags/plugins/workday.py for tasks to queue
[2023-03-27 21:10:30,623] {logging_mixin.py:115} INFO - [2023-03-27 21:10:30,623] {dagbag.py:507} INFO - Filling up the DagBag from /Users/gabrielroger/Documents/projects/weather-data/.venv/lib/python3.9/site-packages/airflow/example_dags/plugins/workday.py
[2023-03-27 21:10:30,624] {processor.py:653} WARNING - No viable dags retrieved from /Users/gabrielroger/Documents/projects/weather-data/.venv/lib/python3.9/site-packages/airflow/example_dags/plugins/workday.py
[2023-03-27 21:10:30,643] {processor.py:161} INFO - Processing /Users/gabrielroger/Documents/projects/weather-data/.venv/lib/python3.9/site-packages/airflow/example_dags/plugins/workday.py took 0.021 seconds
[2023-03-27 21:11:14,367] {processor.py:153} INFO - Started process (PID=6207) to work on /Users/gabrielroger/Documents/projects/weather-data/.venv/lib/python3.9/site-packages/airflow/example_dags/plugins/workday.py
[2023-03-27 21:11:14,368] {processor.py:641} INFO - Processing file /Users/gabrielroger/Documents/projects/weather-data/.venv/lib/python3.9/site-packages/airflow/example_dags/plugins/workday.py for tasks to queue
[2023-03-27 21:11:14,368] {logging_mixin.py:115} INFO - [2023-03-27 21:11:14,368] {dagbag.py:507} INFO - Filling up the DagBag from /Users/gabrielroger/Documents/projects/weather-data/.venv/lib/python3.9/site-packages/airflow/example_dags/plugins/workday.py
[2023-03-27 21:11:14,369] {processor.py:653} WARNING - No viable dags retrieved from /Users/gabrielroger/Documents/projects/weather-data/.venv/lib/python3.9/site-packages/airflow/example_dags/plugins/workday.py
[2023-03-27 21:11:14,387] {processor.py:161} INFO - Processing /Users/gabrielroger/Documents/projects/weather-data/.venv/lib/python3.9/site-packages/airflow/example_dags/plugins/workday.py took 0.021 seconds
[2023-03-27 21:11:58,796] {processor.py:153} INFO - Started process (PID=6281) to work on /Users/gabrielroger/Documents/projects/weather-data/.venv/lib/python3.9/site-packages/airflow/example_dags/plugins/workday.py
[2023-03-27 21:11:58,797] {processor.py:641} INFO - Processing file /Users/gabrielroger/Documents/projects/weather-data/.venv/lib/python3.9/site-packages/airflow/example_dags/plugins/workday.py for tasks to queue
[2023-03-27 21:11:58,797] {logging_mixin.py:115} INFO - [2023-03-27 21:11:58,797] {dagbag.py:507} INFO - Filling up the DagBag from /Users/gabrielroger/Documents/projects/weather-data/.venv/lib/python3.9/site-packages/airflow/example_dags/plugins/workday.py
[2023-03-27 21:11:58,798] {processor.py:653} WARNING - No viable dags retrieved from /Users/gabrielroger/Documents/projects/weather-data/.venv/lib/python3.9/site-packages/airflow/example_dags/plugins/workday.py
[2023-03-27 21:11:58,817] {processor.py:161} INFO - Processing /Users/gabrielroger/Documents/projects/weather-data/.venv/lib/python3.9/site-packages/airflow/example_dags/plugins/workday.py took 0.021 seconds
[2023-03-27 21:12:47,287] {processor.py:153} INFO - Started process (PID=6359) to work on /Users/gabrielroger/Documents/projects/weather-data/.venv/lib/python3.9/site-packages/airflow/example_dags/plugins/workday.py
[2023-03-27 21:12:47,288] {processor.py:641} INFO - Processing file /Users/gabrielroger/Documents/projects/weather-data/.venv/lib/python3.9/site-packages/airflow/example_dags/plugins/workday.py for tasks to queue
[2023-03-27 21:12:47,288] {logging_mixin.py:115} INFO - [2023-03-27 21:12:47,288] {dagbag.py:507} INFO - Filling up the DagBag from /Users/gabrielroger/Documents/projects/weather-data/.venv/lib/python3.9/site-packages/airflow/example_dags/plugins/workday.py
[2023-03-27 21:12:47,288] {processor.py:653} WARNING - No viable dags retrieved from /Users/gabrielroger/Documents/projects/weather-data/.venv/lib/python3.9/site-packages/airflow/example_dags/plugins/workday.py
[2023-03-27 21:12:47,307] {processor.py:161} INFO - Processing /Users/gabrielroger/Documents/projects/weather-data/.venv/lib/python3.9/site-packages/airflow/example_dags/plugins/workday.py took 0.021 seconds
[2023-03-27 21:13:33,756] {processor.py:153} INFO - Started process (PID=6434) to work on /Users/gabrielroger/Documents/projects/weather-data/.venv/lib/python3.9/site-packages/airflow/example_dags/plugins/workday.py
[2023-03-27 21:13:33,756] {processor.py:641} INFO - Processing file /Users/gabrielroger/Documents/projects/weather-data/.venv/lib/python3.9/site-packages/airflow/example_dags/plugins/workday.py for tasks to queue
[2023-03-27 21:13:33,756] {logging_mixin.py:115} INFO - [2023-03-27 21:13:33,756] {dagbag.py:507} INFO - Filling up the DagBag from /Users/gabrielroger/Documents/projects/weather-data/.venv/lib/python3.9/site-packages/airflow/example_dags/plugins/workday.py
[2023-03-27 21:13:33,757] {processor.py:653} WARNING - No viable dags retrieved from /Users/gabrielroger/Documents/projects/weather-data/.venv/lib/python3.9/site-packages/airflow/example_dags/plugins/workday.py
[2023-03-27 21:13:33,775] {processor.py:161} INFO - Processing /Users/gabrielroger/Documents/projects/weather-data/.venv/lib/python3.9/site-packages/airflow/example_dags/plugins/workday.py took 0.019 seconds
[2023-03-27 21:14:16,296] {processor.py:153} INFO - Started process (PID=6510) to work on /Users/gabrielroger/Documents/projects/weather-data/.venv/lib/python3.9/site-packages/airflow/example_dags/plugins/workday.py
[2023-03-27 21:14:16,297] {processor.py:641} INFO - Processing file /Users/gabrielroger/Documents/projects/weather-data/.venv/lib/python3.9/site-packages/airflow/example_dags/plugins/workday.py for tasks to queue
[2023-03-27 21:14:16,297] {logging_mixin.py:115} INFO - [2023-03-27 21:14:16,297] {dagbag.py:507} INFO - Filling up the DagBag from /Users/gabrielroger/Documents/projects/weather-data/.venv/lib/python3.9/site-packages/airflow/example_dags/plugins/workday.py
[2023-03-27 21:14:16,298] {processor.py:653} WARNING - No viable dags retrieved from /Users/gabrielroger/Documents/projects/weather-data/.venv/lib/python3.9/site-packages/airflow/example_dags/plugins/workday.py
[2023-03-27 21:14:16,318] {processor.py:161} INFO - Processing /Users/gabrielroger/Documents/projects/weather-data/.venv/lib/python3.9/site-packages/airflow/example_dags/plugins/workday.py took 0.022 seconds
[2023-03-27 21:14:54,911] {processor.py:153} INFO - Started process (PID=6575) to work on /Users/gabrielroger/Documents/projects/weather-data/.venv/lib/python3.9/site-packages/airflow/example_dags/plugins/workday.py
[2023-03-27 21:14:54,912] {processor.py:641} INFO - Processing file /Users/gabrielroger/Documents/projects/weather-data/.venv/lib/python3.9/site-packages/airflow/example_dags/plugins/workday.py for tasks to queue
[2023-03-27 21:14:54,912] {logging_mixin.py:115} INFO - [2023-03-27 21:14:54,912] {dagbag.py:507} INFO - Filling up the DagBag from /Users/gabrielroger/Documents/projects/weather-data/.venv/lib/python3.9/site-packages/airflow/example_dags/plugins/workday.py
[2023-03-27 21:14:54,913] {processor.py:653} WARNING - No viable dags retrieved from /Users/gabrielroger/Documents/projects/weather-data/.venv/lib/python3.9/site-packages/airflow/example_dags/plugins/workday.py
[2023-03-27 21:14:54,931] {processor.py:161} INFO - Processing /Users/gabrielroger/Documents/projects/weather-data/.venv/lib/python3.9/site-packages/airflow/example_dags/plugins/workday.py took 0.020 seconds
[2023-03-27 21:15:36,933] {processor.py:153} INFO - Started process (PID=6644) to work on /Users/gabrielroger/Documents/projects/weather-data/.venv/lib/python3.9/site-packages/airflow/example_dags/plugins/workday.py
[2023-03-27 21:15:36,933] {processor.py:641} INFO - Processing file /Users/gabrielroger/Documents/projects/weather-data/.venv/lib/python3.9/site-packages/airflow/example_dags/plugins/workday.py for tasks to queue
[2023-03-27 21:15:36,933] {logging_mixin.py:115} INFO - [2023-03-27 21:15:36,933] {dagbag.py:507} INFO - Filling up the DagBag from /Users/gabrielroger/Documents/projects/weather-data/.venv/lib/python3.9/site-packages/airflow/example_dags/plugins/workday.py
[2023-03-27 21:15:36,934] {processor.py:653} WARNING - No viable dags retrieved from /Users/gabrielroger/Documents/projects/weather-data/.venv/lib/python3.9/site-packages/airflow/example_dags/plugins/workday.py
[2023-03-27 21:15:36,952] {processor.py:161} INFO - Processing /Users/gabrielroger/Documents/projects/weather-data/.venv/lib/python3.9/site-packages/airflow/example_dags/plugins/workday.py took 0.020 seconds
[2023-03-27 21:16:22,042] {processor.py:153} INFO - Started process (PID=6718) to work on /Users/gabrielroger/Documents/projects/weather-data/.venv/lib/python3.9/site-packages/airflow/example_dags/plugins/workday.py
[2023-03-27 21:16:22,043] {processor.py:641} INFO - Processing file /Users/gabrielroger/Documents/projects/weather-data/.venv/lib/python3.9/site-packages/airflow/example_dags/plugins/workday.py for tasks to queue
[2023-03-27 21:16:22,043] {logging_mixin.py:115} INFO - [2023-03-27 21:16:22,043] {dagbag.py:507} INFO - Filling up the DagBag from /Users/gabrielroger/Documents/projects/weather-data/.venv/lib/python3.9/site-packages/airflow/example_dags/plugins/workday.py
[2023-03-27 21:16:22,044] {processor.py:653} WARNING - No viable dags retrieved from /Users/gabrielroger/Documents/projects/weather-data/.venv/lib/python3.9/site-packages/airflow/example_dags/plugins/workday.py
[2023-03-27 21:16:22,062] {processor.py:161} INFO - Processing /Users/gabrielroger/Documents/projects/weather-data/.venv/lib/python3.9/site-packages/airflow/example_dags/plugins/workday.py took 0.021 seconds
[2023-03-27 21:17:05,880] {processor.py:153} INFO - Started process (PID=6791) to work on /Users/gabrielroger/Documents/projects/weather-data/.venv/lib/python3.9/site-packages/airflow/example_dags/plugins/workday.py
[2023-03-27 21:17:05,880] {processor.py:641} INFO - Processing file /Users/gabrielroger/Documents/projects/weather-data/.venv/lib/python3.9/site-packages/airflow/example_dags/plugins/workday.py for tasks to queue
[2023-03-27 21:17:05,880] {logging_mixin.py:115} INFO - [2023-03-27 21:17:05,880] {dagbag.py:507} INFO - Filling up the DagBag from /Users/gabrielroger/Documents/projects/weather-data/.venv/lib/python3.9/site-packages/airflow/example_dags/plugins/workday.py
[2023-03-27 21:17:05,880] {processor.py:653} WARNING - No viable dags retrieved from /Users/gabrielroger/Documents/projects/weather-data/.venv/lib/python3.9/site-packages/airflow/example_dags/plugins/workday.py
[2023-03-27 21:17:05,899] {processor.py:161} INFO - Processing /Users/gabrielroger/Documents/projects/weather-data/.venv/lib/python3.9/site-packages/airflow/example_dags/plugins/workday.py took 0.019 seconds
[2023-03-27 21:17:48,936] {processor.py:153} INFO - Started process (PID=6863) to work on /Users/gabrielroger/Documents/projects/weather-data/.venv/lib/python3.9/site-packages/airflow/example_dags/plugins/workday.py
[2023-03-27 21:17:48,936] {processor.py:641} INFO - Processing file /Users/gabrielroger/Documents/projects/weather-data/.venv/lib/python3.9/site-packages/airflow/example_dags/plugins/workday.py for tasks to queue
[2023-03-27 21:17:48,936] {logging_mixin.py:115} INFO - [2023-03-27 21:17:48,936] {dagbag.py:507} INFO - Filling up the DagBag from /Users/gabrielroger/Documents/projects/weather-data/.venv/lib/python3.9/site-packages/airflow/example_dags/plugins/workday.py
[2023-03-27 21:17:48,937] {processor.py:653} WARNING - No viable dags retrieved from /Users/gabrielroger/Documents/projects/weather-data/.venv/lib/python3.9/site-packages/airflow/example_dags/plugins/workday.py
[2023-03-27 21:17:48,956] {processor.py:161} INFO - Processing /Users/gabrielroger/Documents/projects/weather-data/.venv/lib/python3.9/site-packages/airflow/example_dags/plugins/workday.py took 0.020 seconds
[2023-03-27 21:18:31,544] {processor.py:153} INFO - Started process (PID=6933) to work on /Users/gabrielroger/Documents/projects/weather-data/.venv/lib/python3.9/site-packages/airflow/example_dags/plugins/workday.py
[2023-03-27 21:18:31,545] {processor.py:641} INFO - Processing file /Users/gabrielroger/Documents/projects/weather-data/.venv/lib/python3.9/site-packages/airflow/example_dags/plugins/workday.py for tasks to queue
[2023-03-27 21:18:31,545] {logging_mixin.py:115} INFO - [2023-03-27 21:18:31,545] {dagbag.py:507} INFO - Filling up the DagBag from /Users/gabrielroger/Documents/projects/weather-data/.venv/lib/python3.9/site-packages/airflow/example_dags/plugins/workday.py
[2023-03-27 21:18:31,546] {processor.py:653} WARNING - No viable dags retrieved from /Users/gabrielroger/Documents/projects/weather-data/.venv/lib/python3.9/site-packages/airflow/example_dags/plugins/workday.py
[2023-03-27 21:18:31,564] {processor.py:161} INFO - Processing /Users/gabrielroger/Documents/projects/weather-data/.venv/lib/python3.9/site-packages/airflow/example_dags/plugins/workday.py took 0.021 seconds
[2023-03-27 21:19:15,059] {processor.py:153} INFO - Started process (PID=7011) to work on /Users/gabrielroger/Documents/projects/weather-data/.venv/lib/python3.9/site-packages/airflow/example_dags/plugins/workday.py
[2023-03-27 21:19:15,060] {processor.py:641} INFO - Processing file /Users/gabrielroger/Documents/projects/weather-data/.venv/lib/python3.9/site-packages/airflow/example_dags/plugins/workday.py for tasks to queue
[2023-03-27 21:19:15,060] {logging_mixin.py:115} INFO - [2023-03-27 21:19:15,060] {dagbag.py:507} INFO - Filling up the DagBag from /Users/gabrielroger/Documents/projects/weather-data/.venv/lib/python3.9/site-packages/airflow/example_dags/plugins/workday.py
[2023-03-27 21:19:15,061] {processor.py:653} WARNING - No viable dags retrieved from /Users/gabrielroger/Documents/projects/weather-data/.venv/lib/python3.9/site-packages/airflow/example_dags/plugins/workday.py
[2023-03-27 21:19:15,079] {processor.py:161} INFO - Processing /Users/gabrielroger/Documents/projects/weather-data/.venv/lib/python3.9/site-packages/airflow/example_dags/plugins/workday.py took 0.021 seconds
[2023-03-27 21:19:58,702] {processor.py:153} INFO - Started process (PID=7083) to work on /Users/gabrielroger/Documents/projects/weather-data/.venv/lib/python3.9/site-packages/airflow/example_dags/plugins/workday.py
[2023-03-27 21:19:58,702] {processor.py:641} INFO - Processing file /Users/gabrielroger/Documents/projects/weather-data/.venv/lib/python3.9/site-packages/airflow/example_dags/plugins/workday.py for tasks to queue
[2023-03-27 21:19:58,703] {logging_mixin.py:115} INFO - [2023-03-27 21:19:58,702] {dagbag.py:507} INFO - Filling up the DagBag from /Users/gabrielroger/Documents/projects/weather-data/.venv/lib/python3.9/site-packages/airflow/example_dags/plugins/workday.py
[2023-03-27 21:19:58,703] {processor.py:653} WARNING - No viable dags retrieved from /Users/gabrielroger/Documents/projects/weather-data/.venv/lib/python3.9/site-packages/airflow/example_dags/plugins/workday.py
[2023-03-27 21:19:58,722] {processor.py:161} INFO - Processing /Users/gabrielroger/Documents/projects/weather-data/.venv/lib/python3.9/site-packages/airflow/example_dags/plugins/workday.py took 0.020 seconds
[2023-03-27 21:20:44,332] {processor.py:153} INFO - Started process (PID=7159) to work on /Users/gabrielroger/Documents/projects/weather-data/.venv/lib/python3.9/site-packages/airflow/example_dags/plugins/workday.py
[2023-03-27 21:20:44,332] {processor.py:641} INFO - Processing file /Users/gabrielroger/Documents/projects/weather-data/.venv/lib/python3.9/site-packages/airflow/example_dags/plugins/workday.py for tasks to queue
[2023-03-27 21:20:44,332] {logging_mixin.py:115} INFO - [2023-03-27 21:20:44,332] {dagbag.py:507} INFO - Filling up the DagBag from /Users/gabrielroger/Documents/projects/weather-data/.venv/lib/python3.9/site-packages/airflow/example_dags/plugins/workday.py
[2023-03-27 21:20:44,333] {processor.py:653} WARNING - No viable dags retrieved from /Users/gabrielroger/Documents/projects/weather-data/.venv/lib/python3.9/site-packages/airflow/example_dags/plugins/workday.py
[2023-03-27 21:20:44,351] {processor.py:161} INFO - Processing /Users/gabrielroger/Documents/projects/weather-data/.venv/lib/python3.9/site-packages/airflow/example_dags/plugins/workday.py took 0.019 seconds
[2023-03-27 21:21:28,816] {processor.py:153} INFO - Started process (PID=7230) to work on /Users/gabrielroger/Documents/projects/weather-data/.venv/lib/python3.9/site-packages/airflow/example_dags/plugins/workday.py
[2023-03-27 21:21:28,816] {processor.py:641} INFO - Processing file /Users/gabrielroger/Documents/projects/weather-data/.venv/lib/python3.9/site-packages/airflow/example_dags/plugins/workday.py for tasks to queue
[2023-03-27 21:21:28,817] {logging_mixin.py:115} INFO - [2023-03-27 21:21:28,817] {dagbag.py:507} INFO - Filling up the DagBag from /Users/gabrielroger/Documents/projects/weather-data/.venv/lib/python3.9/site-packages/airflow/example_dags/plugins/workday.py
[2023-03-27 21:21:28,817] {processor.py:653} WARNING - No viable dags retrieved from /Users/gabrielroger/Documents/projects/weather-data/.venv/lib/python3.9/site-packages/airflow/example_dags/plugins/workday.py
[2023-03-27 21:21:28,835] {processor.py:161} INFO - Processing /Users/gabrielroger/Documents/projects/weather-data/.venv/lib/python3.9/site-packages/airflow/example_dags/plugins/workday.py took 0.019 seconds
[2023-03-27 21:22:15,297] {processor.py:153} INFO - Started process (PID=7306) to work on /Users/gabrielroger/Documents/projects/weather-data/.venv/lib/python3.9/site-packages/airflow/example_dags/plugins/workday.py
[2023-03-27 21:22:15,297] {processor.py:641} INFO - Processing file /Users/gabrielroger/Documents/projects/weather-data/.venv/lib/python3.9/site-packages/airflow/example_dags/plugins/workday.py for tasks to queue
[2023-03-27 21:22:15,297] {logging_mixin.py:115} INFO - [2023-03-27 21:22:15,297] {dagbag.py:507} INFO - Filling up the DagBag from /Users/gabrielroger/Documents/projects/weather-data/.venv/lib/python3.9/site-packages/airflow/example_dags/plugins/workday.py
[2023-03-27 21:22:15,298] {processor.py:653} WARNING - No viable dags retrieved from /Users/gabrielroger/Documents/projects/weather-data/.venv/lib/python3.9/site-packages/airflow/example_dags/plugins/workday.py
[2023-03-27 21:22:15,316] {processor.py:161} INFO - Processing /Users/gabrielroger/Documents/projects/weather-data/.venv/lib/python3.9/site-packages/airflow/example_dags/plugins/workday.py took 0.020 seconds
[2023-03-27 21:22:59,492] {processor.py:153} INFO - Started process (PID=7382) to work on /Users/gabrielroger/Documents/projects/weather-data/.venv/lib/python3.9/site-packages/airflow/example_dags/plugins/workday.py
[2023-03-27 21:22:59,492] {processor.py:641} INFO - Processing file /Users/gabrielroger/Documents/projects/weather-data/.venv/lib/python3.9/site-packages/airflow/example_dags/plugins/workday.py for tasks to queue
[2023-03-27 21:22:59,492] {logging_mixin.py:115} INFO - [2023-03-27 21:22:59,492] {dagbag.py:507} INFO - Filling up the DagBag from /Users/gabrielroger/Documents/projects/weather-data/.venv/lib/python3.9/site-packages/airflow/example_dags/plugins/workday.py
[2023-03-27 21:22:59,493] {processor.py:653} WARNING - No viable dags retrieved from /Users/gabrielroger/Documents/projects/weather-data/.venv/lib/python3.9/site-packages/airflow/example_dags/plugins/workday.py
[2023-03-27 21:22:59,512] {processor.py:161} INFO - Processing /Users/gabrielroger/Documents/projects/weather-data/.venv/lib/python3.9/site-packages/airflow/example_dags/plugins/workday.py took 0.020 seconds
[2023-03-27 21:23:42,323] {processor.py:153} INFO - Started process (PID=7457) to work on /Users/gabrielroger/Documents/projects/weather-data/.venv/lib/python3.9/site-packages/airflow/example_dags/plugins/workday.py
[2023-03-27 21:23:42,324] {processor.py:641} INFO - Processing file /Users/gabrielroger/Documents/projects/weather-data/.venv/lib/python3.9/site-packages/airflow/example_dags/plugins/workday.py for tasks to queue
[2023-03-27 21:23:42,324] {logging_mixin.py:115} INFO - [2023-03-27 21:23:42,324] {dagbag.py:507} INFO - Filling up the DagBag from /Users/gabrielroger/Documents/projects/weather-data/.venv/lib/python3.9/site-packages/airflow/example_dags/plugins/workday.py
[2023-03-27 21:23:42,325] {processor.py:653} WARNING - No viable dags retrieved from /Users/gabrielroger/Documents/projects/weather-data/.venv/lib/python3.9/site-packages/airflow/example_dags/plugins/workday.py
[2023-03-27 21:23:42,343] {processor.py:161} INFO - Processing /Users/gabrielroger/Documents/projects/weather-data/.venv/lib/python3.9/site-packages/airflow/example_dags/plugins/workday.py took 0.020 seconds
[2023-03-27 21:24:27,089] {processor.py:153} INFO - Started process (PID=7536) to work on /Users/gabrielroger/Documents/projects/weather-data/.venv/lib/python3.9/site-packages/airflow/example_dags/plugins/workday.py
[2023-03-27 21:24:27,089] {processor.py:641} INFO - Processing file /Users/gabrielroger/Documents/projects/weather-data/.venv/lib/python3.9/site-packages/airflow/example_dags/plugins/workday.py for tasks to queue
[2023-03-27 21:24:27,090] {logging_mixin.py:115} INFO - [2023-03-27 21:24:27,090] {dagbag.py:507} INFO - Filling up the DagBag from /Users/gabrielroger/Documents/projects/weather-data/.venv/lib/python3.9/site-packages/airflow/example_dags/plugins/workday.py
[2023-03-27 21:24:27,090] {processor.py:653} WARNING - No viable dags retrieved from /Users/gabrielroger/Documents/projects/weather-data/.venv/lib/python3.9/site-packages/airflow/example_dags/plugins/workday.py
[2023-03-27 21:24:27,109] {processor.py:161} INFO - Processing /Users/gabrielroger/Documents/projects/weather-data/.venv/lib/python3.9/site-packages/airflow/example_dags/plugins/workday.py took 0.020 seconds
[2023-03-27 21:25:11,798] {processor.py:153} INFO - Started process (PID=7638) to work on /Users/gabrielroger/Documents/projects/weather-data/.venv/lib/python3.9/site-packages/airflow/example_dags/plugins/workday.py
[2023-03-27 21:25:11,798] {processor.py:641} INFO - Processing file /Users/gabrielroger/Documents/projects/weather-data/.venv/lib/python3.9/site-packages/airflow/example_dags/plugins/workday.py for tasks to queue
[2023-03-27 21:25:11,798] {logging_mixin.py:115} INFO - [2023-03-27 21:25:11,798] {dagbag.py:507} INFO - Filling up the DagBag from /Users/gabrielroger/Documents/projects/weather-data/.venv/lib/python3.9/site-packages/airflow/example_dags/plugins/workday.py
[2023-03-27 21:25:11,799] {processor.py:653} WARNING - No viable dags retrieved from /Users/gabrielroger/Documents/projects/weather-data/.venv/lib/python3.9/site-packages/airflow/example_dags/plugins/workday.py
[2023-03-27 21:25:11,817] {processor.py:161} INFO - Processing /Users/gabrielroger/Documents/projects/weather-data/.venv/lib/python3.9/site-packages/airflow/example_dags/plugins/workday.py took 0.020 seconds
[2023-03-27 21:25:54,009] {processor.py:153} INFO - Started process (PID=7716) to work on /Users/gabrielroger/Documents/projects/weather-data/.venv/lib/python3.9/site-packages/airflow/example_dags/plugins/workday.py
[2023-03-27 21:25:54,009] {processor.py:641} INFO - Processing file /Users/gabrielroger/Documents/projects/weather-data/.venv/lib/python3.9/site-packages/airflow/example_dags/plugins/workday.py for tasks to queue
[2023-03-27 21:25:54,009] {logging_mixin.py:115} INFO - [2023-03-27 21:25:54,009] {dagbag.py:507} INFO - Filling up the DagBag from /Users/gabrielroger/Documents/projects/weather-data/.venv/lib/python3.9/site-packages/airflow/example_dags/plugins/workday.py
[2023-03-27 21:25:54,009] {processor.py:653} WARNING - No viable dags retrieved from /Users/gabrielroger/Documents/projects/weather-data/.venv/lib/python3.9/site-packages/airflow/example_dags/plugins/workday.py
[2023-03-27 21:25:54,028] {processor.py:161} INFO - Processing /Users/gabrielroger/Documents/projects/weather-data/.venv/lib/python3.9/site-packages/airflow/example_dags/plugins/workday.py took 0.019 seconds
[2023-03-27 21:26:39,497] {processor.py:153} INFO - Started process (PID=7791) to work on /Users/gabrielroger/Documents/projects/weather-data/.venv/lib/python3.9/site-packages/airflow/example_dags/plugins/workday.py
[2023-03-27 21:26:39,497] {processor.py:641} INFO - Processing file /Users/gabrielroger/Documents/projects/weather-data/.venv/lib/python3.9/site-packages/airflow/example_dags/plugins/workday.py for tasks to queue
[2023-03-27 21:26:39,498] {logging_mixin.py:115} INFO - [2023-03-27 21:26:39,497] {dagbag.py:507} INFO - Filling up the DagBag from /Users/gabrielroger/Documents/projects/weather-data/.venv/lib/python3.9/site-packages/airflow/example_dags/plugins/workday.py
[2023-03-27 21:26:39,498] {processor.py:653} WARNING - No viable dags retrieved from /Users/gabrielroger/Documents/projects/weather-data/.venv/lib/python3.9/site-packages/airflow/example_dags/plugins/workday.py
[2023-03-27 21:26:39,516] {processor.py:161} INFO - Processing /Users/gabrielroger/Documents/projects/weather-data/.venv/lib/python3.9/site-packages/airflow/example_dags/plugins/workday.py took 0.019 seconds
[2023-03-27 21:27:24,370] {processor.py:153} INFO - Started process (PID=7865) to work on /Users/gabrielroger/Documents/projects/weather-data/.venv/lib/python3.9/site-packages/airflow/example_dags/plugins/workday.py
[2023-03-27 21:27:24,370] {processor.py:641} INFO - Processing file /Users/gabrielroger/Documents/projects/weather-data/.venv/lib/python3.9/site-packages/airflow/example_dags/plugins/workday.py for tasks to queue
[2023-03-27 21:27:24,370] {logging_mixin.py:115} INFO - [2023-03-27 21:27:24,370] {dagbag.py:507} INFO - Filling up the DagBag from /Users/gabrielroger/Documents/projects/weather-data/.venv/lib/python3.9/site-packages/airflow/example_dags/plugins/workday.py
[2023-03-27 21:27:24,370] {processor.py:653} WARNING - No viable dags retrieved from /Users/gabrielroger/Documents/projects/weather-data/.venv/lib/python3.9/site-packages/airflow/example_dags/plugins/workday.py
[2023-03-27 21:27:24,389] {processor.py:161} INFO - Processing /Users/gabrielroger/Documents/projects/weather-data/.venv/lib/python3.9/site-packages/airflow/example_dags/plugins/workday.py took 0.020 seconds
[2023-03-27 21:28:07,711] {processor.py:153} INFO - Started process (PID=7937) to work on /Users/gabrielroger/Documents/projects/weather-data/.venv/lib/python3.9/site-packages/airflow/example_dags/plugins/workday.py
[2023-03-27 21:28:07,711] {processor.py:641} INFO - Processing file /Users/gabrielroger/Documents/projects/weather-data/.venv/lib/python3.9/site-packages/airflow/example_dags/plugins/workday.py for tasks to queue
[2023-03-27 21:28:07,711] {logging_mixin.py:115} INFO - [2023-03-27 21:28:07,711] {dagbag.py:507} INFO - Filling up the DagBag from /Users/gabrielroger/Documents/projects/weather-data/.venv/lib/python3.9/site-packages/airflow/example_dags/plugins/workday.py
[2023-03-27 21:28:07,712] {processor.py:653} WARNING - No viable dags retrieved from /Users/gabrielroger/Documents/projects/weather-data/.venv/lib/python3.9/site-packages/airflow/example_dags/plugins/workday.py
[2023-03-27 21:28:07,730] {processor.py:161} INFO - Processing /Users/gabrielroger/Documents/projects/weather-data/.venv/lib/python3.9/site-packages/airflow/example_dags/plugins/workday.py took 0.019 seconds
[2023-03-27 21:28:50,353] {processor.py:153} INFO - Started process (PID=8020) to work on /Users/gabrielroger/Documents/projects/weather-data/.venv/lib/python3.9/site-packages/airflow/example_dags/plugins/workday.py
[2023-03-27 21:28:50,354] {processor.py:641} INFO - Processing file /Users/gabrielroger/Documents/projects/weather-data/.venv/lib/python3.9/site-packages/airflow/example_dags/plugins/workday.py for tasks to queue
[2023-03-27 21:28:50,354] {logging_mixin.py:115} INFO - [2023-03-27 21:28:50,354] {dagbag.py:507} INFO - Filling up the DagBag from /Users/gabrielroger/Documents/projects/weather-data/.venv/lib/python3.9/site-packages/airflow/example_dags/plugins/workday.py
[2023-03-27 21:28:50,354] {processor.py:653} WARNING - No viable dags retrieved from /Users/gabrielroger/Documents/projects/weather-data/.venv/lib/python3.9/site-packages/airflow/example_dags/plugins/workday.py
[2023-03-27 21:28:50,373] {processor.py:161} INFO - Processing /Users/gabrielroger/Documents/projects/weather-data/.venv/lib/python3.9/site-packages/airflow/example_dags/plugins/workday.py took 0.020 seconds
[2023-03-27 21:29:32,021] {processor.py:153} INFO - Started process (PID=8100) to work on /Users/gabrielroger/Documents/projects/weather-data/.venv/lib/python3.9/site-packages/airflow/example_dags/plugins/workday.py
[2023-03-27 21:29:32,021] {processor.py:641} INFO - Processing file /Users/gabrielroger/Documents/projects/weather-data/.venv/lib/python3.9/site-packages/airflow/example_dags/plugins/workday.py for tasks to queue
[2023-03-27 21:29:32,022] {logging_mixin.py:115} INFO - [2023-03-27 21:29:32,022] {dagbag.py:507} INFO - Filling up the DagBag from /Users/gabrielroger/Documents/projects/weather-data/.venv/lib/python3.9/site-packages/airflow/example_dags/plugins/workday.py
[2023-03-27 21:29:32,022] {processor.py:653} WARNING - No viable dags retrieved from /Users/gabrielroger/Documents/projects/weather-data/.venv/lib/python3.9/site-packages/airflow/example_dags/plugins/workday.py
[2023-03-27 21:29:32,041] {processor.py:161} INFO - Processing /Users/gabrielroger/Documents/projects/weather-data/.venv/lib/python3.9/site-packages/airflow/example_dags/plugins/workday.py took 0.020 seconds
[2023-03-27 21:30:15,777] {processor.py:153} INFO - Started process (PID=8200) to work on /Users/gabrielroger/Documents/projects/weather-data/.venv/lib/python3.9/site-packages/airflow/example_dags/plugins/workday.py
[2023-03-27 21:30:15,778] {processor.py:641} INFO - Processing file /Users/gabrielroger/Documents/projects/weather-data/.venv/lib/python3.9/site-packages/airflow/example_dags/plugins/workday.py for tasks to queue
[2023-03-27 21:30:15,778] {logging_mixin.py:115} INFO - [2023-03-27 21:30:15,778] {dagbag.py:507} INFO - Filling up the DagBag from /Users/gabrielroger/Documents/projects/weather-data/.venv/lib/python3.9/site-packages/airflow/example_dags/plugins/workday.py
[2023-03-27 21:30:15,778] {processor.py:653} WARNING - No viable dags retrieved from /Users/gabrielroger/Documents/projects/weather-data/.venv/lib/python3.9/site-packages/airflow/example_dags/plugins/workday.py
[2023-03-27 21:30:15,797] {processor.py:161} INFO - Processing /Users/gabrielroger/Documents/projects/weather-data/.venv/lib/python3.9/site-packages/airflow/example_dags/plugins/workday.py took 0.020 seconds
[2023-03-27 21:30:58,472] {processor.py:153} INFO - Started process (PID=8272) to work on /Users/gabrielroger/Documents/projects/weather-data/.venv/lib/python3.9/site-packages/airflow/example_dags/plugins/workday.py
[2023-03-27 21:30:58,472] {processor.py:641} INFO - Processing file /Users/gabrielroger/Documents/projects/weather-data/.venv/lib/python3.9/site-packages/airflow/example_dags/plugins/workday.py for tasks to queue
[2023-03-27 21:30:58,472] {logging_mixin.py:115} INFO - [2023-03-27 21:30:58,472] {dagbag.py:507} INFO - Filling up the DagBag from /Users/gabrielroger/Documents/projects/weather-data/.venv/lib/python3.9/site-packages/airflow/example_dags/plugins/workday.py
[2023-03-27 21:30:58,472] {processor.py:653} WARNING - No viable dags retrieved from /Users/gabrielroger/Documents/projects/weather-data/.venv/lib/python3.9/site-packages/airflow/example_dags/plugins/workday.py
[2023-03-27 21:30:58,491] {processor.py:161} INFO - Processing /Users/gabrielroger/Documents/projects/weather-data/.venv/lib/python3.9/site-packages/airflow/example_dags/plugins/workday.py took 0.020 seconds
[2023-03-27 21:31:41,096] {processor.py:153} INFO - Started process (PID=8343) to work on /Users/gabrielroger/Documents/projects/weather-data/.venv/lib/python3.9/site-packages/airflow/example_dags/plugins/workday.py
[2023-03-27 21:31:41,096] {processor.py:641} INFO - Processing file /Users/gabrielroger/Documents/projects/weather-data/.venv/lib/python3.9/site-packages/airflow/example_dags/plugins/workday.py for tasks to queue
[2023-03-27 21:31:41,096] {logging_mixin.py:115} INFO - [2023-03-27 21:31:41,096] {dagbag.py:507} INFO - Filling up the DagBag from /Users/gabrielroger/Documents/projects/weather-data/.venv/lib/python3.9/site-packages/airflow/example_dags/plugins/workday.py
[2023-03-27 21:31:41,097] {processor.py:653} WARNING - No viable dags retrieved from /Users/gabrielroger/Documents/projects/weather-data/.venv/lib/python3.9/site-packages/airflow/example_dags/plugins/workday.py
[2023-03-27 21:31:41,115] {processor.py:161} INFO - Processing /Users/gabrielroger/Documents/projects/weather-data/.venv/lib/python3.9/site-packages/airflow/example_dags/plugins/workday.py took 0.019 seconds
[2023-03-27 21:32:24,375] {processor.py:153} INFO - Started process (PID=8414) to work on /Users/gabrielroger/Documents/projects/weather-data/.venv/lib/python3.9/site-packages/airflow/example_dags/plugins/workday.py
[2023-03-27 21:32:24,375] {processor.py:641} INFO - Processing file /Users/gabrielroger/Documents/projects/weather-data/.venv/lib/python3.9/site-packages/airflow/example_dags/plugins/workday.py for tasks to queue
[2023-03-27 21:32:24,375] {logging_mixin.py:115} INFO - [2023-03-27 21:32:24,375] {dagbag.py:507} INFO - Filling up the DagBag from /Users/gabrielroger/Documents/projects/weather-data/.venv/lib/python3.9/site-packages/airflow/example_dags/plugins/workday.py
[2023-03-27 21:32:24,376] {processor.py:653} WARNING - No viable dags retrieved from /Users/gabrielroger/Documents/projects/weather-data/.venv/lib/python3.9/site-packages/airflow/example_dags/plugins/workday.py
[2023-03-27 21:32:24,394] {processor.py:161} INFO - Processing /Users/gabrielroger/Documents/projects/weather-data/.venv/lib/python3.9/site-packages/airflow/example_dags/plugins/workday.py took 0.020 seconds
[2023-03-27 21:33:10,328] {processor.py:153} INFO - Started process (PID=8489) to work on /Users/gabrielroger/Documents/projects/weather-data/.venv/lib/python3.9/site-packages/airflow/example_dags/plugins/workday.py
[2023-03-27 21:33:10,328] {processor.py:641} INFO - Processing file /Users/gabrielroger/Documents/projects/weather-data/.venv/lib/python3.9/site-packages/airflow/example_dags/plugins/workday.py for tasks to queue
[2023-03-27 21:33:10,328] {logging_mixin.py:115} INFO - [2023-03-27 21:33:10,328] {dagbag.py:507} INFO - Filling up the DagBag from /Users/gabrielroger/Documents/projects/weather-data/.venv/lib/python3.9/site-packages/airflow/example_dags/plugins/workday.py
[2023-03-27 21:33:10,328] {processor.py:653} WARNING - No viable dags retrieved from /Users/gabrielroger/Documents/projects/weather-data/.venv/lib/python3.9/site-packages/airflow/example_dags/plugins/workday.py
[2023-03-27 21:33:10,347] {processor.py:161} INFO - Processing /Users/gabrielroger/Documents/projects/weather-data/.venv/lib/python3.9/site-packages/airflow/example_dags/plugins/workday.py took 0.019 seconds
[2023-03-27 21:33:55,068] {processor.py:153} INFO - Started process (PID=8568) to work on /Users/gabrielroger/Documents/projects/weather-data/.venv/lib/python3.9/site-packages/airflow/example_dags/plugins/workday.py
[2023-03-27 21:33:55,068] {processor.py:641} INFO - Processing file /Users/gabrielroger/Documents/projects/weather-data/.venv/lib/python3.9/site-packages/airflow/example_dags/plugins/workday.py for tasks to queue
[2023-03-27 21:33:55,068] {logging_mixin.py:115} INFO - [2023-03-27 21:33:55,068] {dagbag.py:507} INFO - Filling up the DagBag from /Users/gabrielroger/Documents/projects/weather-data/.venv/lib/python3.9/site-packages/airflow/example_dags/plugins/workday.py
[2023-03-27 21:33:55,068] {processor.py:653} WARNING - No viable dags retrieved from /Users/gabrielroger/Documents/projects/weather-data/.venv/lib/python3.9/site-packages/airflow/example_dags/plugins/workday.py
[2023-03-27 21:33:55,087] {processor.py:161} INFO - Processing /Users/gabrielroger/Documents/projects/weather-data/.venv/lib/python3.9/site-packages/airflow/example_dags/plugins/workday.py took 0.019 seconds
[2023-03-27 21:34:39,228] {processor.py:153} INFO - Started process (PID=8654) to work on /Users/gabrielroger/Documents/projects/weather-data/.venv/lib/python3.9/site-packages/airflow/example_dags/plugins/workday.py
[2023-03-27 21:34:39,229] {processor.py:641} INFO - Processing file /Users/gabrielroger/Documents/projects/weather-data/.venv/lib/python3.9/site-packages/airflow/example_dags/plugins/workday.py for tasks to queue
[2023-03-27 21:34:39,229] {logging_mixin.py:115} INFO - [2023-03-27 21:34:39,229] {dagbag.py:507} INFO - Filling up the DagBag from /Users/gabrielroger/Documents/projects/weather-data/.venv/lib/python3.9/site-packages/airflow/example_dags/plugins/workday.py
[2023-03-27 21:34:39,230] {processor.py:653} WARNING - No viable dags retrieved from /Users/gabrielroger/Documents/projects/weather-data/.venv/lib/python3.9/site-packages/airflow/example_dags/plugins/workday.py
[2023-03-27 21:34:39,248] {processor.py:161} INFO - Processing /Users/gabrielroger/Documents/projects/weather-data/.venv/lib/python3.9/site-packages/airflow/example_dags/plugins/workday.py took 0.020 seconds
[2023-03-27 21:59:36,544] {processor.py:153} INFO - Started process (PID=8720) to work on /Users/gabrielroger/Documents/projects/weather-data/.venv/lib/python3.9/site-packages/airflow/example_dags/plugins/workday.py
[2023-03-27 21:59:36,545] {processor.py:641} INFO - Processing file /Users/gabrielroger/Documents/projects/weather-data/.venv/lib/python3.9/site-packages/airflow/example_dags/plugins/workday.py for tasks to queue
[2023-03-27 21:59:36,545] {logging_mixin.py:115} INFO - [2023-03-27 21:59:36,545] {dagbag.py:507} INFO - Filling up the DagBag from /Users/gabrielroger/Documents/projects/weather-data/.venv/lib/python3.9/site-packages/airflow/example_dags/plugins/workday.py
[2023-03-27 21:59:36,546] {processor.py:653} WARNING - No viable dags retrieved from /Users/gabrielroger/Documents/projects/weather-data/.venv/lib/python3.9/site-packages/airflow/example_dags/plugins/workday.py
[2023-03-27 21:59:36,564] {processor.py:161} INFO - Processing /Users/gabrielroger/Documents/projects/weather-data/.venv/lib/python3.9/site-packages/airflow/example_dags/plugins/workday.py took 0.020 seconds
[2023-03-27 22:00:21,401] {processor.py:153} INFO - Started process (PID=8808) to work on /Users/gabrielroger/Documents/projects/weather-data/.venv/lib/python3.9/site-packages/airflow/example_dags/plugins/workday.py
[2023-03-27 22:00:21,402] {processor.py:641} INFO - Processing file /Users/gabrielroger/Documents/projects/weather-data/.venv/lib/python3.9/site-packages/airflow/example_dags/plugins/workday.py for tasks to queue
[2023-03-27 22:00:21,402] {logging_mixin.py:115} INFO - [2023-03-27 22:00:21,402] {dagbag.py:507} INFO - Filling up the DagBag from /Users/gabrielroger/Documents/projects/weather-data/.venv/lib/python3.9/site-packages/airflow/example_dags/plugins/workday.py
[2023-03-27 22:00:21,403] {processor.py:653} WARNING - No viable dags retrieved from /Users/gabrielroger/Documents/projects/weather-data/.venv/lib/python3.9/site-packages/airflow/example_dags/plugins/workday.py
[2023-03-27 22:00:21,421] {processor.py:161} INFO - Processing /Users/gabrielroger/Documents/projects/weather-data/.venv/lib/python3.9/site-packages/airflow/example_dags/plugins/workday.py took 0.020 seconds
[2023-03-27 22:08:04,065] {processor.py:153} INFO - Started process (PID=8858) to work on /Users/gabrielroger/Documents/projects/weather-data/.venv/lib/python3.9/site-packages/airflow/example_dags/plugins/workday.py
[2023-03-27 22:08:04,066] {processor.py:641} INFO - Processing file /Users/gabrielroger/Documents/projects/weather-data/.venv/lib/python3.9/site-packages/airflow/example_dags/plugins/workday.py for tasks to queue
[2023-03-27 22:08:04,066] {logging_mixin.py:115} INFO - [2023-03-27 22:08:04,066] {dagbag.py:507} INFO - Filling up the DagBag from /Users/gabrielroger/Documents/projects/weather-data/.venv/lib/python3.9/site-packages/airflow/example_dags/plugins/workday.py
[2023-03-27 22:08:04,066] {processor.py:653} WARNING - No viable dags retrieved from /Users/gabrielroger/Documents/projects/weather-data/.venv/lib/python3.9/site-packages/airflow/example_dags/plugins/workday.py
[2023-03-27 22:08:04,085] {processor.py:161} INFO - Processing /Users/gabrielroger/Documents/projects/weather-data/.venv/lib/python3.9/site-packages/airflow/example_dags/plugins/workday.py took 0.020 seconds
[2023-03-27 23:12:03,613] {processor.py:153} INFO - Started process (PID=8970) to work on /Users/gabrielroger/Documents/projects/weather-data/.venv/lib/python3.9/site-packages/airflow/example_dags/plugins/workday.py
[2023-03-27 23:12:03,614] {processor.py:641} INFO - Processing file /Users/gabrielroger/Documents/projects/weather-data/.venv/lib/python3.9/site-packages/airflow/example_dags/plugins/workday.py for tasks to queue
[2023-03-27 23:12:03,614] {logging_mixin.py:115} INFO - [2023-03-27 23:12:03,614] {dagbag.py:507} INFO - Filling up the DagBag from /Users/gabrielroger/Documents/projects/weather-data/.venv/lib/python3.9/site-packages/airflow/example_dags/plugins/workday.py
[2023-03-27 23:12:03,615] {processor.py:653} WARNING - No viable dags retrieved from /Users/gabrielroger/Documents/projects/weather-data/.venv/lib/python3.9/site-packages/airflow/example_dags/plugins/workday.py
[2023-03-27 23:12:03,633] {processor.py:161} INFO - Processing /Users/gabrielroger/Documents/projects/weather-data/.venv/lib/python3.9/site-packages/airflow/example_dags/plugins/workday.py took 0.020 seconds
