[2023-03-23 22:57:57,234] {processor.py:153} INFO - Started process (PID=1841) to work on /Users/gabrielroger/Documents/projects/weather-data/.venv/lib/python3.9/site-packages/airflow/example_dags/example_branch_labels.py
[2023-03-23 22:57:57,234] {processor.py:641} INFO - Processing file /Users/gabrielroger/Documents/projects/weather-data/.venv/lib/python3.9/site-packages/airflow/example_dags/example_branch_labels.py for tasks to queue
[2023-03-23 22:57:57,234] {logging_mixin.py:115} INFO - [2023-03-23 22:57:57,234] {dagbag.py:507} INFO - Filling up the DagBag from /Users/gabrielroger/Documents/projects/weather-data/.venv/lib/python3.9/site-packages/airflow/example_dags/example_branch_labels.py
[2023-03-23 22:57:57,242] {processor.py:651} INFO - DAG(s) dict_keys(['example_branch_labels']) retrieved from /Users/gabrielroger/Documents/projects/weather-data/.venv/lib/python3.9/site-packages/airflow/example_dags/example_branch_labels.py
[2023-03-23 22:57:57,271] {logging_mixin.py:115} INFO - [2023-03-23 22:57:57,271] {dag.py:2379} INFO - Sync 1 DAGs
[2023-03-23 22:57:57,278] {logging_mixin.py:115} INFO - [2023-03-23 22:57:57,278] {dag.py:2927} INFO - Setting next_dagrun for example_branch_labels to 2023-03-23T00:00:00+00:00, run_after=2023-03-24T00:00:00+00:00
[2023-03-23 22:57:57,283] {processor.py:161} INFO - Processing /Users/gabrielroger/Documents/projects/weather-data/.venv/lib/python3.9/site-packages/airflow/example_dags/example_branch_labels.py took 0.050 seconds
[2023-03-23 22:58:56,973] {processor.py:153} INFO - Started process (PID=1887) to work on /Users/gabrielroger/Documents/projects/weather-data/.venv/lib/python3.9/site-packages/airflow/example_dags/example_branch_labels.py
[2023-03-23 22:58:56,974] {processor.py:641} INFO - Processing file /Users/gabrielroger/Documents/projects/weather-data/.venv/lib/python3.9/site-packages/airflow/example_dags/example_branch_labels.py for tasks to queue
[2023-03-23 22:58:56,974] {logging_mixin.py:115} INFO - [2023-03-23 22:58:56,974] {dagbag.py:507} INFO - Filling up the DagBag from /Users/gabrielroger/Documents/projects/weather-data/.venv/lib/python3.9/site-packages/airflow/example_dags/example_branch_labels.py
[2023-03-23 22:58:56,981] {processor.py:651} INFO - DAG(s) dict_keys(['example_branch_labels']) retrieved from /Users/gabrielroger/Documents/projects/weather-data/.venv/lib/python3.9/site-packages/airflow/example_dags/example_branch_labels.py
[2023-03-23 22:58:57,011] {logging_mixin.py:115} INFO - [2023-03-23 22:58:57,011] {dag.py:2379} INFO - Sync 1 DAGs
[2023-03-23 22:58:57,019] {logging_mixin.py:115} INFO - [2023-03-23 22:58:57,019] {dag.py:2927} INFO - Setting next_dagrun for example_branch_labels to 2023-03-23T00:00:00+00:00, run_after=2023-03-24T00:00:00+00:00
[2023-03-23 22:58:57,024] {processor.py:161} INFO - Processing /Users/gabrielroger/Documents/projects/weather-data/.venv/lib/python3.9/site-packages/airflow/example_dags/example_branch_labels.py took 0.051 seconds
[2023-03-23 22:59:57,675] {processor.py:153} INFO - Started process (PID=1939) to work on /Users/gabrielroger/Documents/projects/weather-data/.venv/lib/python3.9/site-packages/airflow/example_dags/example_branch_labels.py
[2023-03-23 22:59:57,676] {processor.py:641} INFO - Processing file /Users/gabrielroger/Documents/projects/weather-data/.venv/lib/python3.9/site-packages/airflow/example_dags/example_branch_labels.py for tasks to queue
[2023-03-23 22:59:57,676] {logging_mixin.py:115} INFO - [2023-03-23 22:59:57,676] {dagbag.py:507} INFO - Filling up the DagBag from /Users/gabrielroger/Documents/projects/weather-data/.venv/lib/python3.9/site-packages/airflow/example_dags/example_branch_labels.py
[2023-03-23 22:59:57,683] {processor.py:651} INFO - DAG(s) dict_keys(['example_branch_labels']) retrieved from /Users/gabrielroger/Documents/projects/weather-data/.venv/lib/python3.9/site-packages/airflow/example_dags/example_branch_labels.py
[2023-03-23 22:59:57,718] {logging_mixin.py:115} INFO - [2023-03-23 22:59:57,718] {dag.py:2379} INFO - Sync 1 DAGs
[2023-03-23 22:59:57,740] {logging_mixin.py:115} INFO - [2023-03-23 22:59:57,739] {dag.py:2927} INFO - Setting next_dagrun for example_branch_labels to 2023-03-23T00:00:00+00:00, run_after=2023-03-24T00:00:00+00:00
[2023-03-23 22:59:57,753] {processor.py:161} INFO - Processing /Users/gabrielroger/Documents/projects/weather-data/.venv/lib/python3.9/site-packages/airflow/example_dags/example_branch_labels.py took 0.078 seconds
[2023-03-23 23:00:51,486] {processor.py:153} INFO - Started process (PID=1988) to work on /Users/gabrielroger/Documents/projects/weather-data/.venv/lib/python3.9/site-packages/airflow/example_dags/example_branch_labels.py
[2023-03-23 23:00:51,487] {processor.py:641} INFO - Processing file /Users/gabrielroger/Documents/projects/weather-data/.venv/lib/python3.9/site-packages/airflow/example_dags/example_branch_labels.py for tasks to queue
[2023-03-23 23:00:51,487] {logging_mixin.py:115} INFO - [2023-03-23 23:00:51,487] {dagbag.py:507} INFO - Filling up the DagBag from /Users/gabrielroger/Documents/projects/weather-data/.venv/lib/python3.9/site-packages/airflow/example_dags/example_branch_labels.py
[2023-03-23 23:00:51,494] {processor.py:651} INFO - DAG(s) dict_keys(['example_branch_labels']) retrieved from /Users/gabrielroger/Documents/projects/weather-data/.venv/lib/python3.9/site-packages/airflow/example_dags/example_branch_labels.py
[2023-03-23 23:00:51,526] {logging_mixin.py:115} INFO - [2023-03-23 23:00:51,526] {dag.py:2379} INFO - Sync 1 DAGs
[2023-03-23 23:00:51,535] {logging_mixin.py:115} INFO - [2023-03-23 23:00:51,534] {dag.py:2927} INFO - Setting next_dagrun for example_branch_labels to 2023-03-23T00:00:00+00:00, run_after=2023-03-24T00:00:00+00:00
[2023-03-23 23:00:51,540] {processor.py:161} INFO - Processing /Users/gabrielroger/Documents/projects/weather-data/.venv/lib/python3.9/site-packages/airflow/example_dags/example_branch_labels.py took 0.054 seconds
[2023-03-23 23:01:59,256] {processor.py:153} INFO - Started process (PID=2045) to work on /Users/gabrielroger/Documents/projects/weather-data/.venv/lib/python3.9/site-packages/airflow/example_dags/example_branch_labels.py
[2023-03-23 23:01:59,256] {processor.py:641} INFO - Processing file /Users/gabrielroger/Documents/projects/weather-data/.venv/lib/python3.9/site-packages/airflow/example_dags/example_branch_labels.py for tasks to queue
[2023-03-23 23:01:59,257] {logging_mixin.py:115} INFO - [2023-03-23 23:01:59,257] {dagbag.py:507} INFO - Filling up the DagBag from /Users/gabrielroger/Documents/projects/weather-data/.venv/lib/python3.9/site-packages/airflow/example_dags/example_branch_labels.py
[2023-03-23 23:01:59,264] {processor.py:651} INFO - DAG(s) dict_keys(['example_branch_labels']) retrieved from /Users/gabrielroger/Documents/projects/weather-data/.venv/lib/python3.9/site-packages/airflow/example_dags/example_branch_labels.py
[2023-03-23 23:01:59,299] {logging_mixin.py:115} INFO - [2023-03-23 23:01:59,299] {dag.py:2379} INFO - Sync 1 DAGs
[2023-03-23 23:01:59,308] {logging_mixin.py:115} INFO - [2023-03-23 23:01:59,308] {dag.py:2927} INFO - Setting next_dagrun for example_branch_labels to 2023-03-23T00:00:00+00:00, run_after=2023-03-24T00:00:00+00:00
[2023-03-23 23:01:59,314] {processor.py:161} INFO - Processing /Users/gabrielroger/Documents/projects/weather-data/.venv/lib/python3.9/site-packages/airflow/example_dags/example_branch_labels.py took 0.059 seconds
[2023-03-23 23:03:03,739] {processor.py:153} INFO - Started process (PID=2116) to work on /Users/gabrielroger/Documents/projects/weather-data/.venv/lib/python3.9/site-packages/airflow/example_dags/example_branch_labels.py
[2023-03-23 23:03:03,739] {processor.py:641} INFO - Processing file /Users/gabrielroger/Documents/projects/weather-data/.venv/lib/python3.9/site-packages/airflow/example_dags/example_branch_labels.py for tasks to queue
[2023-03-23 23:03:03,739] {logging_mixin.py:115} INFO - [2023-03-23 23:03:03,739] {dagbag.py:507} INFO - Filling up the DagBag from /Users/gabrielroger/Documents/projects/weather-data/.venv/lib/python3.9/site-packages/airflow/example_dags/example_branch_labels.py
[2023-03-23 23:03:03,746] {processor.py:651} INFO - DAG(s) dict_keys(['example_branch_labels']) retrieved from /Users/gabrielroger/Documents/projects/weather-data/.venv/lib/python3.9/site-packages/airflow/example_dags/example_branch_labels.py
[2023-03-23 23:03:03,776] {logging_mixin.py:115} INFO - [2023-03-23 23:03:03,776] {dag.py:2379} INFO - Sync 1 DAGs
[2023-03-23 23:03:03,784] {logging_mixin.py:115} INFO - [2023-03-23 23:03:03,784] {dag.py:2927} INFO - Setting next_dagrun for example_branch_labels to 2023-03-23T00:00:00+00:00, run_after=2023-03-24T00:00:00+00:00
[2023-03-23 23:03:03,789] {processor.py:161} INFO - Processing /Users/gabrielroger/Documents/projects/weather-data/.venv/lib/python3.9/site-packages/airflow/example_dags/example_branch_labels.py took 0.050 seconds
[2023-03-23 23:04:02,565] {processor.py:153} INFO - Started process (PID=2160) to work on /Users/gabrielroger/Documents/projects/weather-data/.venv/lib/python3.9/site-packages/airflow/example_dags/example_branch_labels.py
[2023-03-23 23:04:02,565] {processor.py:641} INFO - Processing file /Users/gabrielroger/Documents/projects/weather-data/.venv/lib/python3.9/site-packages/airflow/example_dags/example_branch_labels.py for tasks to queue
[2023-03-23 23:04:02,566] {logging_mixin.py:115} INFO - [2023-03-23 23:04:02,565] {dagbag.py:507} INFO - Filling up the DagBag from /Users/gabrielroger/Documents/projects/weather-data/.venv/lib/python3.9/site-packages/airflow/example_dags/example_branch_labels.py
[2023-03-23 23:04:02,573] {processor.py:651} INFO - DAG(s) dict_keys(['example_branch_labels']) retrieved from /Users/gabrielroger/Documents/projects/weather-data/.venv/lib/python3.9/site-packages/airflow/example_dags/example_branch_labels.py
[2023-03-23 23:04:02,603] {logging_mixin.py:115} INFO - [2023-03-23 23:04:02,602] {dag.py:2379} INFO - Sync 1 DAGs
[2023-03-23 23:04:02,610] {logging_mixin.py:115} INFO - [2023-03-23 23:04:02,610] {dag.py:2927} INFO - Setting next_dagrun for example_branch_labels to 2023-03-23T00:00:00+00:00, run_after=2023-03-24T00:00:00+00:00
[2023-03-23 23:04:02,615] {processor.py:161} INFO - Processing /Users/gabrielroger/Documents/projects/weather-data/.venv/lib/python3.9/site-packages/airflow/example_dags/example_branch_labels.py took 0.050 seconds
[2023-03-23 23:04:58,446] {processor.py:153} INFO - Started process (PID=2200) to work on /Users/gabrielroger/Documents/projects/weather-data/.venv/lib/python3.9/site-packages/airflow/example_dags/example_branch_labels.py
[2023-03-23 23:04:58,447] {processor.py:641} INFO - Processing file /Users/gabrielroger/Documents/projects/weather-data/.venv/lib/python3.9/site-packages/airflow/example_dags/example_branch_labels.py for tasks to queue
[2023-03-23 23:04:58,447] {logging_mixin.py:115} INFO - [2023-03-23 23:04:58,447] {dagbag.py:507} INFO - Filling up the DagBag from /Users/gabrielroger/Documents/projects/weather-data/.venv/lib/python3.9/site-packages/airflow/example_dags/example_branch_labels.py
[2023-03-23 23:04:58,454] {processor.py:651} INFO - DAG(s) dict_keys(['example_branch_labels']) retrieved from /Users/gabrielroger/Documents/projects/weather-data/.venv/lib/python3.9/site-packages/airflow/example_dags/example_branch_labels.py
[2023-03-23 23:04:58,483] {logging_mixin.py:115} INFO - [2023-03-23 23:04:58,483] {dag.py:2379} INFO - Sync 1 DAGs
[2023-03-23 23:04:58,491] {logging_mixin.py:115} INFO - [2023-03-23 23:04:58,490] {dag.py:2927} INFO - Setting next_dagrun for example_branch_labels to 2023-03-23T00:00:00+00:00, run_after=2023-03-24T00:00:00+00:00
[2023-03-23 23:04:58,498] {processor.py:161} INFO - Processing /Users/gabrielroger/Documents/projects/weather-data/.venv/lib/python3.9/site-packages/airflow/example_dags/example_branch_labels.py took 0.053 seconds
[2023-03-23 23:05:56,232] {processor.py:153} INFO - Started process (PID=2247) to work on /Users/gabrielroger/Documents/projects/weather-data/.venv/lib/python3.9/site-packages/airflow/example_dags/example_branch_labels.py
[2023-03-23 23:05:56,232] {processor.py:641} INFO - Processing file /Users/gabrielroger/Documents/projects/weather-data/.venv/lib/python3.9/site-packages/airflow/example_dags/example_branch_labels.py for tasks to queue
[2023-03-23 23:05:56,232] {logging_mixin.py:115} INFO - [2023-03-23 23:05:56,232] {dagbag.py:507} INFO - Filling up the DagBag from /Users/gabrielroger/Documents/projects/weather-data/.venv/lib/python3.9/site-packages/airflow/example_dags/example_branch_labels.py
[2023-03-23 23:05:56,239] {processor.py:651} INFO - DAG(s) dict_keys(['example_branch_labels']) retrieved from /Users/gabrielroger/Documents/projects/weather-data/.venv/lib/python3.9/site-packages/airflow/example_dags/example_branch_labels.py
[2023-03-23 23:05:56,269] {logging_mixin.py:115} INFO - [2023-03-23 23:05:56,269] {dag.py:2379} INFO - Sync 1 DAGs
[2023-03-23 23:05:56,276] {logging_mixin.py:115} INFO - [2023-03-23 23:05:56,276] {dag.py:2927} INFO - Setting next_dagrun for example_branch_labels to 2023-03-23T00:00:00+00:00, run_after=2023-03-24T00:00:00+00:00
[2023-03-23 23:05:56,282] {processor.py:161} INFO - Processing /Users/gabrielroger/Documents/projects/weather-data/.venv/lib/python3.9/site-packages/airflow/example_dags/example_branch_labels.py took 0.050 seconds
[2023-03-23 23:07:06,319] {processor.py:153} INFO - Started process (PID=2311) to work on /Users/gabrielroger/Documents/projects/weather-data/.venv/lib/python3.9/site-packages/airflow/example_dags/example_branch_labels.py
[2023-03-23 23:07:06,320] {processor.py:641} INFO - Processing file /Users/gabrielroger/Documents/projects/weather-data/.venv/lib/python3.9/site-packages/airflow/example_dags/example_branch_labels.py for tasks to queue
[2023-03-23 23:07:06,320] {logging_mixin.py:115} INFO - [2023-03-23 23:07:06,320] {dagbag.py:507} INFO - Filling up the DagBag from /Users/gabrielroger/Documents/projects/weather-data/.venv/lib/python3.9/site-packages/airflow/example_dags/example_branch_labels.py
[2023-03-23 23:07:06,328] {processor.py:651} INFO - DAG(s) dict_keys(['example_branch_labels']) retrieved from /Users/gabrielroger/Documents/projects/weather-data/.venv/lib/python3.9/site-packages/airflow/example_dags/example_branch_labels.py
[2023-03-23 23:07:06,358] {logging_mixin.py:115} INFO - [2023-03-23 23:07:06,358] {dag.py:2379} INFO - Sync 1 DAGs
[2023-03-23 23:07:06,365] {logging_mixin.py:115} INFO - [2023-03-23 23:07:06,365] {dag.py:2927} INFO - Setting next_dagrun for example_branch_labels to 2023-03-23T00:00:00+00:00, run_after=2023-03-24T00:00:00+00:00
[2023-03-23 23:07:06,370] {processor.py:161} INFO - Processing /Users/gabrielroger/Documents/projects/weather-data/.venv/lib/python3.9/site-packages/airflow/example_dags/example_branch_labels.py took 0.051 seconds
[2023-03-23 23:08:27,119] {processor.py:153} INFO - Started process (PID=2382) to work on /Users/gabrielroger/Documents/projects/weather-data/.venv/lib/python3.9/site-packages/airflow/example_dags/example_branch_labels.py
[2023-03-23 23:08:27,120] {processor.py:641} INFO - Processing file /Users/gabrielroger/Documents/projects/weather-data/.venv/lib/python3.9/site-packages/airflow/example_dags/example_branch_labels.py for tasks to queue
[2023-03-23 23:08:27,120] {logging_mixin.py:115} INFO - [2023-03-23 23:08:27,120] {dagbag.py:507} INFO - Filling up the DagBag from /Users/gabrielroger/Documents/projects/weather-data/.venv/lib/python3.9/site-packages/airflow/example_dags/example_branch_labels.py
[2023-03-23 23:08:27,128] {processor.py:651} INFO - DAG(s) dict_keys(['example_branch_labels']) retrieved from /Users/gabrielroger/Documents/projects/weather-data/.venv/lib/python3.9/site-packages/airflow/example_dags/example_branch_labels.py
[2023-03-23 23:08:27,157] {logging_mixin.py:115} INFO - [2023-03-23 23:08:27,157] {dag.py:2379} INFO - Sync 1 DAGs
[2023-03-23 23:08:27,164] {logging_mixin.py:115} INFO - [2023-03-23 23:08:27,164] {dag.py:2927} INFO - Setting next_dagrun for example_branch_labels to 2023-03-23T00:00:00+00:00, run_after=2023-03-24T00:00:00+00:00
[2023-03-23 23:08:27,169] {processor.py:161} INFO - Processing /Users/gabrielroger/Documents/projects/weather-data/.venv/lib/python3.9/site-packages/airflow/example_dags/example_branch_labels.py took 0.051 seconds
[2023-03-23 23:09:33,429] {processor.py:153} INFO - Started process (PID=2429) to work on /Users/gabrielroger/Documents/projects/weather-data/.venv/lib/python3.9/site-packages/airflow/example_dags/example_branch_labels.py
[2023-03-23 23:09:33,430] {processor.py:641} INFO - Processing file /Users/gabrielroger/Documents/projects/weather-data/.venv/lib/python3.9/site-packages/airflow/example_dags/example_branch_labels.py for tasks to queue
[2023-03-23 23:09:33,430] {logging_mixin.py:115} INFO - [2023-03-23 23:09:33,430] {dagbag.py:507} INFO - Filling up the DagBag from /Users/gabrielroger/Documents/projects/weather-data/.venv/lib/python3.9/site-packages/airflow/example_dags/example_branch_labels.py
[2023-03-23 23:09:33,438] {processor.py:651} INFO - DAG(s) dict_keys(['example_branch_labels']) retrieved from /Users/gabrielroger/Documents/projects/weather-data/.venv/lib/python3.9/site-packages/airflow/example_dags/example_branch_labels.py
[2023-03-23 23:09:33,467] {logging_mixin.py:115} INFO - [2023-03-23 23:09:33,467] {dag.py:2379} INFO - Sync 1 DAGs
[2023-03-23 23:09:33,475] {logging_mixin.py:115} INFO - [2023-03-23 23:09:33,475] {dag.py:2927} INFO - Setting next_dagrun for example_branch_labels to 2023-03-23T00:00:00+00:00, run_after=2023-03-24T00:00:00+00:00
[2023-03-23 23:09:33,480] {processor.py:161} INFO - Processing /Users/gabrielroger/Documents/projects/weather-data/.venv/lib/python3.9/site-packages/airflow/example_dags/example_branch_labels.py took 0.051 seconds
[2023-03-23 23:10:35,475] {processor.py:153} INFO - Started process (PID=2478) to work on /Users/gabrielroger/Documents/projects/weather-data/.venv/lib/python3.9/site-packages/airflow/example_dags/example_branch_labels.py
[2023-03-23 23:10:35,476] {processor.py:641} INFO - Processing file /Users/gabrielroger/Documents/projects/weather-data/.venv/lib/python3.9/site-packages/airflow/example_dags/example_branch_labels.py for tasks to queue
[2023-03-23 23:10:35,476] {logging_mixin.py:115} INFO - [2023-03-23 23:10:35,476] {dagbag.py:507} INFO - Filling up the DagBag from /Users/gabrielroger/Documents/projects/weather-data/.venv/lib/python3.9/site-packages/airflow/example_dags/example_branch_labels.py
[2023-03-23 23:10:35,483] {processor.py:651} INFO - DAG(s) dict_keys(['example_branch_labels']) retrieved from /Users/gabrielroger/Documents/projects/weather-data/.venv/lib/python3.9/site-packages/airflow/example_dags/example_branch_labels.py
[2023-03-23 23:10:35,512] {logging_mixin.py:115} INFO - [2023-03-23 23:10:35,512] {dag.py:2379} INFO - Sync 1 DAGs
[2023-03-23 23:10:35,520] {logging_mixin.py:115} INFO - [2023-03-23 23:10:35,520] {dag.py:2927} INFO - Setting next_dagrun for example_branch_labels to 2023-03-23T00:00:00+00:00, run_after=2023-03-24T00:00:00+00:00
[2023-03-23 23:10:35,525] {processor.py:161} INFO - Processing /Users/gabrielroger/Documents/projects/weather-data/.venv/lib/python3.9/site-packages/airflow/example_dags/example_branch_labels.py took 0.050 seconds
