[2023-03-23 22:57:58,815] {processor.py:153} INFO - Started process (PID=1842) to work on /Users/gabrielroger/Documents/projects/weather-data/.venv/lib/python3.9/site-packages/airflow/example_dags/example_branch_day_of_week_operator.py
[2023-03-23 22:57:58,815] {processor.py:641} INFO - Processing file /Users/gabrielroger/Documents/projects/weather-data/.venv/lib/python3.9/site-packages/airflow/example_dags/example_branch_day_of_week_operator.py for tasks to queue
[2023-03-23 22:57:58,815] {logging_mixin.py:115} INFO - [2023-03-23 22:57:58,815] {dagbag.py:507} INFO - Filling up the DagBag from /Users/gabrielroger/Documents/projects/weather-data/.venv/lib/python3.9/site-packages/airflow/example_dags/example_branch_day_of_week_operator.py
[2023-03-23 22:57:58,824] {processor.py:651} INFO - DAG(s) dict_keys(['example_weekday_branch_operator']) retrieved from /Users/gabrielroger/Documents/projects/weather-data/.venv/lib/python3.9/site-packages/airflow/example_dags/example_branch_day_of_week_operator.py
[2023-03-23 22:57:58,853] {logging_mixin.py:115} INFO - [2023-03-23 22:57:58,853] {dag.py:2379} INFO - Sync 1 DAGs
[2023-03-23 22:57:58,861] {logging_mixin.py:115} INFO - [2023-03-23 22:57:58,860] {dag.py:2927} INFO - Setting next_dagrun for example_weekday_branch_operator to 2023-03-23T00:00:00+00:00, run_after=2023-03-24T00:00:00+00:00
[2023-03-23 22:57:58,866] {processor.py:161} INFO - Processing /Users/gabrielroger/Documents/projects/weather-data/.venv/lib/python3.9/site-packages/airflow/example_dags/example_branch_day_of_week_operator.py took 0.051 seconds
[2023-03-23 22:58:58,552] {processor.py:153} INFO - Started process (PID=1888) to work on /Users/gabrielroger/Documents/projects/weather-data/.venv/lib/python3.9/site-packages/airflow/example_dags/example_branch_day_of_week_operator.py
[2023-03-23 22:58:58,553] {processor.py:641} INFO - Processing file /Users/gabrielroger/Documents/projects/weather-data/.venv/lib/python3.9/site-packages/airflow/example_dags/example_branch_day_of_week_operator.py for tasks to queue
[2023-03-23 22:58:58,553] {logging_mixin.py:115} INFO - [2023-03-23 22:58:58,553] {dagbag.py:507} INFO - Filling up the DagBag from /Users/gabrielroger/Documents/projects/weather-data/.venv/lib/python3.9/site-packages/airflow/example_dags/example_branch_day_of_week_operator.py
[2023-03-23 22:58:58,561] {processor.py:651} INFO - DAG(s) dict_keys(['example_weekday_branch_operator']) retrieved from /Users/gabrielroger/Documents/projects/weather-data/.venv/lib/python3.9/site-packages/airflow/example_dags/example_branch_day_of_week_operator.py
[2023-03-23 22:58:58,590] {logging_mixin.py:115} INFO - [2023-03-23 22:58:58,590] {dag.py:2379} INFO - Sync 1 DAGs
[2023-03-23 22:58:58,598] {logging_mixin.py:115} INFO - [2023-03-23 22:58:58,598] {dag.py:2927} INFO - Setting next_dagrun for example_weekday_branch_operator to 2023-03-23T00:00:00+00:00, run_after=2023-03-24T00:00:00+00:00
[2023-03-23 22:58:58,603] {processor.py:161} INFO - Processing /Users/gabrielroger/Documents/projects/weather-data/.venv/lib/python3.9/site-packages/airflow/example_dags/example_branch_day_of_week_operator.py took 0.052 seconds
[2023-03-23 23:00:53,082] {processor.py:153} INFO - Started process (PID=1989) to work on /Users/gabrielroger/Documents/projects/weather-data/.venv/lib/python3.9/site-packages/airflow/example_dags/example_branch_day_of_week_operator.py
[2023-03-23 23:00:53,083] {processor.py:641} INFO - Processing file /Users/gabrielroger/Documents/projects/weather-data/.venv/lib/python3.9/site-packages/airflow/example_dags/example_branch_day_of_week_operator.py for tasks to queue
[2023-03-23 23:00:53,083] {logging_mixin.py:115} INFO - [2023-03-23 23:00:53,083] {dagbag.py:507} INFO - Filling up the DagBag from /Users/gabrielroger/Documents/projects/weather-data/.venv/lib/python3.9/site-packages/airflow/example_dags/example_branch_day_of_week_operator.py
[2023-03-23 23:00:53,090] {processor.py:651} INFO - DAG(s) dict_keys(['example_weekday_branch_operator']) retrieved from /Users/gabrielroger/Documents/projects/weather-data/.venv/lib/python3.9/site-packages/airflow/example_dags/example_branch_day_of_week_operator.py
[2023-03-23 23:00:53,119] {logging_mixin.py:115} INFO - [2023-03-23 23:00:53,119] {dag.py:2379} INFO - Sync 1 DAGs
[2023-03-23 23:00:53,127] {logging_mixin.py:115} INFO - [2023-03-23 23:00:53,127] {dag.py:2927} INFO - Setting next_dagrun for example_weekday_branch_operator to 2023-03-23T00:00:00+00:00, run_after=2023-03-24T00:00:00+00:00
[2023-03-23 23:00:53,132] {processor.py:161} INFO - Processing /Users/gabrielroger/Documents/projects/weather-data/.venv/lib/python3.9/site-packages/airflow/example_dags/example_branch_day_of_week_operator.py took 0.050 seconds
[2023-03-23 23:02:00,824] {processor.py:153} INFO - Started process (PID=2049) to work on /Users/gabrielroger/Documents/projects/weather-data/.venv/lib/python3.9/site-packages/airflow/example_dags/example_branch_day_of_week_operator.py
[2023-03-23 23:02:00,824] {processor.py:641} INFO - Processing file /Users/gabrielroger/Documents/projects/weather-data/.venv/lib/python3.9/site-packages/airflow/example_dags/example_branch_day_of_week_operator.py for tasks to queue
[2023-03-23 23:02:00,825] {logging_mixin.py:115} INFO - [2023-03-23 23:02:00,825] {dagbag.py:507} INFO - Filling up the DagBag from /Users/gabrielroger/Documents/projects/weather-data/.venv/lib/python3.9/site-packages/airflow/example_dags/example_branch_day_of_week_operator.py
[2023-03-23 23:02:00,834] {processor.py:651} INFO - DAG(s) dict_keys(['example_weekday_branch_operator']) retrieved from /Users/gabrielroger/Documents/projects/weather-data/.venv/lib/python3.9/site-packages/airflow/example_dags/example_branch_day_of_week_operator.py
[2023-03-23 23:02:00,864] {logging_mixin.py:115} INFO - [2023-03-23 23:02:00,864] {dag.py:2379} INFO - Sync 1 DAGs
[2023-03-23 23:02:00,872] {logging_mixin.py:115} INFO - [2023-03-23 23:02:00,872] {dag.py:2927} INFO - Setting next_dagrun for example_weekday_branch_operator to 2023-03-23T00:00:00+00:00, run_after=2023-03-24T00:00:00+00:00
[2023-03-23 23:02:00,877] {processor.py:161} INFO - Processing /Users/gabrielroger/Documents/projects/weather-data/.venv/lib/python3.9/site-packages/airflow/example_dags/example_branch_day_of_week_operator.py took 0.054 seconds
[2023-03-23 23:03:04,925] {processor.py:153} INFO - Started process (PID=2117) to work on /Users/gabrielroger/Documents/projects/weather-data/.venv/lib/python3.9/site-packages/airflow/example_dags/example_branch_day_of_week_operator.py
[2023-03-23 23:03:04,926] {processor.py:641} INFO - Processing file /Users/gabrielroger/Documents/projects/weather-data/.venv/lib/python3.9/site-packages/airflow/example_dags/example_branch_day_of_week_operator.py for tasks to queue
[2023-03-23 23:03:04,926] {logging_mixin.py:115} INFO - [2023-03-23 23:03:04,926] {dagbag.py:507} INFO - Filling up the DagBag from /Users/gabrielroger/Documents/projects/weather-data/.venv/lib/python3.9/site-packages/airflow/example_dags/example_branch_day_of_week_operator.py
[2023-03-23 23:03:04,933] {processor.py:651} INFO - DAG(s) dict_keys(['example_weekday_branch_operator']) retrieved from /Users/gabrielroger/Documents/projects/weather-data/.venv/lib/python3.9/site-packages/airflow/example_dags/example_branch_day_of_week_operator.py
[2023-03-23 23:03:04,963] {logging_mixin.py:115} INFO - [2023-03-23 23:03:04,963] {dag.py:2379} INFO - Sync 1 DAGs
[2023-03-23 23:03:04,970] {logging_mixin.py:115} INFO - [2023-03-23 23:03:04,970] {dag.py:2927} INFO - Setting next_dagrun for example_weekday_branch_operator to 2023-03-23T00:00:00+00:00, run_after=2023-03-24T00:00:00+00:00
[2023-03-23 23:03:04,975] {processor.py:161} INFO - Processing /Users/gabrielroger/Documents/projects/weather-data/.venv/lib/python3.9/site-packages/airflow/example_dags/example_branch_day_of_week_operator.py took 0.051 seconds
[2023-03-23 23:04:04,163] {processor.py:153} INFO - Started process (PID=2162) to work on /Users/gabrielroger/Documents/projects/weather-data/.venv/lib/python3.9/site-packages/airflow/example_dags/example_branch_day_of_week_operator.py
[2023-03-23 23:04:04,163] {processor.py:641} INFO - Processing file /Users/gabrielroger/Documents/projects/weather-data/.venv/lib/python3.9/site-packages/airflow/example_dags/example_branch_day_of_week_operator.py for tasks to queue
[2023-03-23 23:04:04,164] {logging_mixin.py:115} INFO - [2023-03-23 23:04:04,164] {dagbag.py:507} INFO - Filling up the DagBag from /Users/gabrielroger/Documents/projects/weather-data/.venv/lib/python3.9/site-packages/airflow/example_dags/example_branch_day_of_week_operator.py
[2023-03-23 23:04:04,171] {processor.py:651} INFO - DAG(s) dict_keys(['example_weekday_branch_operator']) retrieved from /Users/gabrielroger/Documents/projects/weather-data/.venv/lib/python3.9/site-packages/airflow/example_dags/example_branch_day_of_week_operator.py
[2023-03-23 23:04:04,201] {logging_mixin.py:115} INFO - [2023-03-23 23:04:04,201] {dag.py:2379} INFO - Sync 1 DAGs
[2023-03-23 23:04:04,209] {logging_mixin.py:115} INFO - [2023-03-23 23:04:04,209] {dag.py:2927} INFO - Setting next_dagrun for example_weekday_branch_operator to 2023-03-23T00:00:00+00:00, run_after=2023-03-24T00:00:00+00:00
[2023-03-23 23:04:04,214] {processor.py:161} INFO - Processing /Users/gabrielroger/Documents/projects/weather-data/.venv/lib/python3.9/site-packages/airflow/example_dags/example_branch_day_of_week_operator.py took 0.052 seconds
[2023-03-23 23:05:00,016] {processor.py:153} INFO - Started process (PID=2201) to work on /Users/gabrielroger/Documents/projects/weather-data/.venv/lib/python3.9/site-packages/airflow/example_dags/example_branch_day_of_week_operator.py
[2023-03-23 23:05:00,017] {processor.py:641} INFO - Processing file /Users/gabrielroger/Documents/projects/weather-data/.venv/lib/python3.9/site-packages/airflow/example_dags/example_branch_day_of_week_operator.py for tasks to queue
[2023-03-23 23:05:00,017] {logging_mixin.py:115} INFO - [2023-03-23 23:05:00,017] {dagbag.py:507} INFO - Filling up the DagBag from /Users/gabrielroger/Documents/projects/weather-data/.venv/lib/python3.9/site-packages/airflow/example_dags/example_branch_day_of_week_operator.py
[2023-03-23 23:05:00,025] {processor.py:651} INFO - DAG(s) dict_keys(['example_weekday_branch_operator']) retrieved from /Users/gabrielroger/Documents/projects/weather-data/.venv/lib/python3.9/site-packages/airflow/example_dags/example_branch_day_of_week_operator.py
[2023-03-23 23:05:00,054] {logging_mixin.py:115} INFO - [2023-03-23 23:05:00,054] {dag.py:2379} INFO - Sync 1 DAGs
[2023-03-23 23:05:00,062] {logging_mixin.py:115} INFO - [2023-03-23 23:05:00,062] {dag.py:2927} INFO - Setting next_dagrun for example_weekday_branch_operator to 2023-03-23T00:00:00+00:00, run_after=2023-03-24T00:00:00+00:00
[2023-03-23 23:05:00,067] {processor.py:161} INFO - Processing /Users/gabrielroger/Documents/projects/weather-data/.venv/lib/python3.9/site-packages/airflow/example_dags/example_branch_day_of_week_operator.py took 0.051 seconds
[2023-03-23 23:05:57,800] {processor.py:153} INFO - Started process (PID=2248) to work on /Users/gabrielroger/Documents/projects/weather-data/.venv/lib/python3.9/site-packages/airflow/example_dags/example_branch_day_of_week_operator.py
[2023-03-23 23:05:57,800] {processor.py:641} INFO - Processing file /Users/gabrielroger/Documents/projects/weather-data/.venv/lib/python3.9/site-packages/airflow/example_dags/example_branch_day_of_week_operator.py for tasks to queue
[2023-03-23 23:05:57,801] {logging_mixin.py:115} INFO - [2023-03-23 23:05:57,801] {dagbag.py:507} INFO - Filling up the DagBag from /Users/gabrielroger/Documents/projects/weather-data/.venv/lib/python3.9/site-packages/airflow/example_dags/example_branch_day_of_week_operator.py
[2023-03-23 23:05:57,808] {processor.py:651} INFO - DAG(s) dict_keys(['example_weekday_branch_operator']) retrieved from /Users/gabrielroger/Documents/projects/weather-data/.venv/lib/python3.9/site-packages/airflow/example_dags/example_branch_day_of_week_operator.py
[2023-03-23 23:05:57,838] {logging_mixin.py:115} INFO - [2023-03-23 23:05:57,838] {dag.py:2379} INFO - Sync 1 DAGs
[2023-03-23 23:05:57,846] {logging_mixin.py:115} INFO - [2023-03-23 23:05:57,846] {dag.py:2927} INFO - Setting next_dagrun for example_weekday_branch_operator to 2023-03-23T00:00:00+00:00, run_after=2023-03-24T00:00:00+00:00
[2023-03-23 23:05:57,852] {processor.py:161} INFO - Processing /Users/gabrielroger/Documents/projects/weather-data/.venv/lib/python3.9/site-packages/airflow/example_dags/example_branch_day_of_week_operator.py took 0.052 seconds
[2023-03-23 23:07:07,888] {processor.py:153} INFO - Started process (PID=2312) to work on /Users/gabrielroger/Documents/projects/weather-data/.venv/lib/python3.9/site-packages/airflow/example_dags/example_branch_day_of_week_operator.py
[2023-03-23 23:07:07,889] {processor.py:641} INFO - Processing file /Users/gabrielroger/Documents/projects/weather-data/.venv/lib/python3.9/site-packages/airflow/example_dags/example_branch_day_of_week_operator.py for tasks to queue
[2023-03-23 23:07:07,889] {logging_mixin.py:115} INFO - [2023-03-23 23:07:07,889] {dagbag.py:507} INFO - Filling up the DagBag from /Users/gabrielroger/Documents/projects/weather-data/.venv/lib/python3.9/site-packages/airflow/example_dags/example_branch_day_of_week_operator.py
[2023-03-23 23:07:07,897] {processor.py:651} INFO - DAG(s) dict_keys(['example_weekday_branch_operator']) retrieved from /Users/gabrielroger/Documents/projects/weather-data/.venv/lib/python3.9/site-packages/airflow/example_dags/example_branch_day_of_week_operator.py
[2023-03-23 23:07:07,927] {logging_mixin.py:115} INFO - [2023-03-23 23:07:07,926] {dag.py:2379} INFO - Sync 1 DAGs
[2023-03-23 23:07:07,934] {logging_mixin.py:115} INFO - [2023-03-23 23:07:07,934] {dag.py:2927} INFO - Setting next_dagrun for example_weekday_branch_operator to 2023-03-23T00:00:00+00:00, run_after=2023-03-24T00:00:00+00:00
[2023-03-23 23:07:07,939] {processor.py:161} INFO - Processing /Users/gabrielroger/Documents/projects/weather-data/.venv/lib/python3.9/site-packages/airflow/example_dags/example_branch_day_of_week_operator.py took 0.052 seconds
[2023-03-23 23:08:28,007] {processor.py:153} INFO - Started process (PID=2383) to work on /Users/gabrielroger/Documents/projects/weather-data/.venv/lib/python3.9/site-packages/airflow/example_dags/example_branch_day_of_week_operator.py
[2023-03-23 23:08:28,008] {processor.py:641} INFO - Processing file /Users/gabrielroger/Documents/projects/weather-data/.venv/lib/python3.9/site-packages/airflow/example_dags/example_branch_day_of_week_operator.py for tasks to queue
[2023-03-23 23:08:28,008] {logging_mixin.py:115} INFO - [2023-03-23 23:08:28,008] {dagbag.py:507} INFO - Filling up the DagBag from /Users/gabrielroger/Documents/projects/weather-data/.venv/lib/python3.9/site-packages/airflow/example_dags/example_branch_day_of_week_operator.py
[2023-03-23 23:08:28,017] {processor.py:651} INFO - DAG(s) dict_keys(['example_weekday_branch_operator']) retrieved from /Users/gabrielroger/Documents/projects/weather-data/.venv/lib/python3.9/site-packages/airflow/example_dags/example_branch_day_of_week_operator.py
[2023-03-23 23:08:28,046] {logging_mixin.py:115} INFO - [2023-03-23 23:08:28,046] {dag.py:2379} INFO - Sync 1 DAGs
[2023-03-23 23:08:28,054] {logging_mixin.py:115} INFO - [2023-03-23 23:08:28,054] {dag.py:2927} INFO - Setting next_dagrun for example_weekday_branch_operator to 2023-03-23T00:00:00+00:00, run_after=2023-03-24T00:00:00+00:00
[2023-03-23 23:08:28,059] {processor.py:161} INFO - Processing /Users/gabrielroger/Documents/projects/weather-data/.venv/lib/python3.9/site-packages/airflow/example_dags/example_branch_day_of_week_operator.py took 0.052 seconds
[2023-03-23 23:09:34,982] {processor.py:153} INFO - Started process (PID=2431) to work on /Users/gabrielroger/Documents/projects/weather-data/.venv/lib/python3.9/site-packages/airflow/example_dags/example_branch_day_of_week_operator.py
[2023-03-23 23:09:34,983] {processor.py:641} INFO - Processing file /Users/gabrielroger/Documents/projects/weather-data/.venv/lib/python3.9/site-packages/airflow/example_dags/example_branch_day_of_week_operator.py for tasks to queue
[2023-03-23 23:09:34,983] {logging_mixin.py:115} INFO - [2023-03-23 23:09:34,983] {dagbag.py:507} INFO - Filling up the DagBag from /Users/gabrielroger/Documents/projects/weather-data/.venv/lib/python3.9/site-packages/airflow/example_dags/example_branch_day_of_week_operator.py
[2023-03-23 23:09:34,991] {processor.py:651} INFO - DAG(s) dict_keys(['example_weekday_branch_operator']) retrieved from /Users/gabrielroger/Documents/projects/weather-data/.venv/lib/python3.9/site-packages/airflow/example_dags/example_branch_day_of_week_operator.py
[2023-03-23 23:09:35,021] {logging_mixin.py:115} INFO - [2023-03-23 23:09:35,021] {dag.py:2379} INFO - Sync 1 DAGs
[2023-03-23 23:09:35,028] {logging_mixin.py:115} INFO - [2023-03-23 23:09:35,028] {dag.py:2927} INFO - Setting next_dagrun for example_weekday_branch_operator to 2023-03-23T00:00:00+00:00, run_after=2023-03-24T00:00:00+00:00
[2023-03-23 23:09:35,034] {processor.py:161} INFO - Processing /Users/gabrielroger/Documents/projects/weather-data/.venv/lib/python3.9/site-packages/airflow/example_dags/example_branch_day_of_week_operator.py took 0.052 seconds
[2023-03-23 23:10:36,545] {processor.py:153} INFO - Started process (PID=2479) to work on /Users/gabrielroger/Documents/projects/weather-data/.venv/lib/python3.9/site-packages/airflow/example_dags/example_branch_day_of_week_operator.py
[2023-03-23 23:10:36,545] {processor.py:641} INFO - Processing file /Users/gabrielroger/Documents/projects/weather-data/.venv/lib/python3.9/site-packages/airflow/example_dags/example_branch_day_of_week_operator.py for tasks to queue
[2023-03-23 23:10:36,546] {logging_mixin.py:115} INFO - [2023-03-23 23:10:36,546] {dagbag.py:507} INFO - Filling up the DagBag from /Users/gabrielroger/Documents/projects/weather-data/.venv/lib/python3.9/site-packages/airflow/example_dags/example_branch_day_of_week_operator.py
[2023-03-23 23:10:36,554] {processor.py:651} INFO - DAG(s) dict_keys(['example_weekday_branch_operator']) retrieved from /Users/gabrielroger/Documents/projects/weather-data/.venv/lib/python3.9/site-packages/airflow/example_dags/example_branch_day_of_week_operator.py
[2023-03-23 23:10:36,583] {logging_mixin.py:115} INFO - [2023-03-23 23:10:36,583] {dag.py:2379} INFO - Sync 1 DAGs
[2023-03-23 23:10:36,590] {logging_mixin.py:115} INFO - [2023-03-23 23:10:36,590] {dag.py:2927} INFO - Setting next_dagrun for example_weekday_branch_operator to 2023-03-23T00:00:00+00:00, run_after=2023-03-24T00:00:00+00:00
[2023-03-23 23:10:36,595] {processor.py:161} INFO - Processing /Users/gabrielroger/Documents/projects/weather-data/.venv/lib/python3.9/site-packages/airflow/example_dags/example_branch_day_of_week_operator.py took 0.051 seconds
