[2023-03-23 22:57:27,243] {processor.py:153} INFO - Started process (PID=1820) to work on /Users/gabrielroger/Documents/projects/weather-data/.venv/lib/python3.9/site-packages/airflow/example_dags/example_trigger_controller_dag.py
[2023-03-23 22:57:27,243] {processor.py:641} INFO - Processing file /Users/gabrielroger/Documents/projects/weather-data/.venv/lib/python3.9/site-packages/airflow/example_dags/example_trigger_controller_dag.py for tasks to queue
[2023-03-23 22:57:27,243] {logging_mixin.py:115} INFO - [2023-03-23 22:57:27,243] {dagbag.py:507} INFO - Filling up the DagBag from /Users/gabrielroger/Documents/projects/weather-data/.venv/lib/python3.9/site-packages/airflow/example_dags/example_trigger_controller_dag.py
[2023-03-23 22:57:27,250] {processor.py:651} INFO - DAG(s) dict_keys(['example_trigger_controller_dag']) retrieved from /Users/gabrielroger/Documents/projects/weather-data/.venv/lib/python3.9/site-packages/airflow/example_dags/example_trigger_controller_dag.py
[2023-03-23 22:57:27,279] {logging_mixin.py:115} INFO - [2023-03-23 22:57:27,279] {dag.py:2379} INFO - Sync 1 DAGs
[2023-03-23 22:57:27,285] {logging_mixin.py:115} INFO - [2023-03-23 22:57:27,285] {dag.py:2927} INFO - Setting next_dagrun for example_trigger_controller_dag to 2021-01-01T00:00:00+00:00, run_after=2021-01-01T00:00:00+00:00
[2023-03-23 22:57:27,291] {processor.py:161} INFO - Processing /Users/gabrielroger/Documents/projects/weather-data/.venv/lib/python3.9/site-packages/airflow/example_dags/example_trigger_controller_dag.py took 0.048 seconds
[2023-03-23 22:58:17,820] {processor.py:153} INFO - Started process (PID=1858) to work on /Users/gabrielroger/Documents/projects/weather-data/.venv/lib/python3.9/site-packages/airflow/example_dags/example_trigger_controller_dag.py
[2023-03-23 22:58:17,820] {processor.py:641} INFO - Processing file /Users/gabrielroger/Documents/projects/weather-data/.venv/lib/python3.9/site-packages/airflow/example_dags/example_trigger_controller_dag.py for tasks to queue
[2023-03-23 22:58:17,821] {logging_mixin.py:115} INFO - [2023-03-23 22:58:17,821] {dagbag.py:507} INFO - Filling up the DagBag from /Users/gabrielroger/Documents/projects/weather-data/.venv/lib/python3.9/site-packages/airflow/example_dags/example_trigger_controller_dag.py
[2023-03-23 22:58:17,827] {processor.py:651} INFO - DAG(s) dict_keys(['example_trigger_controller_dag']) retrieved from /Users/gabrielroger/Documents/projects/weather-data/.venv/lib/python3.9/site-packages/airflow/example_dags/example_trigger_controller_dag.py
[2023-03-23 22:58:17,855] {logging_mixin.py:115} INFO - [2023-03-23 22:58:17,855] {dag.py:2379} INFO - Sync 1 DAGs
[2023-03-23 22:58:17,862] {logging_mixin.py:115} INFO - [2023-03-23 22:58:17,862] {dag.py:2927} INFO - Setting next_dagrun for example_trigger_controller_dag to 2021-01-01T00:00:00+00:00, run_after=2021-01-01T00:00:00+00:00
[2023-03-23 22:58:17,867] {processor.py:161} INFO - Processing /Users/gabrielroger/Documents/projects/weather-data/.venv/lib/python3.9/site-packages/airflow/example_dags/example_trigger_controller_dag.py took 0.048 seconds
[2023-03-23 22:59:06,573] {processor.py:153} INFO - Started process (PID=1900) to work on /Users/gabrielroger/Documents/projects/weather-data/.venv/lib/python3.9/site-packages/airflow/example_dags/example_trigger_controller_dag.py
[2023-03-23 22:59:06,574] {processor.py:641} INFO - Processing file /Users/gabrielroger/Documents/projects/weather-data/.venv/lib/python3.9/site-packages/airflow/example_dags/example_trigger_controller_dag.py for tasks to queue
[2023-03-23 22:59:06,574] {logging_mixin.py:115} INFO - [2023-03-23 22:59:06,574] {dagbag.py:507} INFO - Filling up the DagBag from /Users/gabrielroger/Documents/projects/weather-data/.venv/lib/python3.9/site-packages/airflow/example_dags/example_trigger_controller_dag.py
[2023-03-23 22:59:06,581] {processor.py:651} INFO - DAG(s) dict_keys(['example_trigger_controller_dag']) retrieved from /Users/gabrielroger/Documents/projects/weather-data/.venv/lib/python3.9/site-packages/airflow/example_dags/example_trigger_controller_dag.py
[2023-03-23 22:59:06,611] {logging_mixin.py:115} INFO - [2023-03-23 22:59:06,611] {dag.py:2379} INFO - Sync 1 DAGs
[2023-03-23 22:59:06,618] {logging_mixin.py:115} INFO - [2023-03-23 22:59:06,618] {dag.py:2927} INFO - Setting next_dagrun for example_trigger_controller_dag to 2021-01-01T00:00:00+00:00, run_after=2021-01-01T00:00:00+00:00
[2023-03-23 22:59:06,623] {processor.py:161} INFO - Processing /Users/gabrielroger/Documents/projects/weather-data/.venv/lib/python3.9/site-packages/airflow/example_dags/example_trigger_controller_dag.py took 0.051 seconds
[2023-03-23 22:59:47,112] {processor.py:153} INFO - Started process (PID=1930) to work on /Users/gabrielroger/Documents/projects/weather-data/.venv/lib/python3.9/site-packages/airflow/example_dags/example_trigger_controller_dag.py
[2023-03-23 22:59:47,112] {processor.py:641} INFO - Processing file /Users/gabrielroger/Documents/projects/weather-data/.venv/lib/python3.9/site-packages/airflow/example_dags/example_trigger_controller_dag.py for tasks to queue
[2023-03-23 22:59:47,112] {logging_mixin.py:115} INFO - [2023-03-23 22:59:47,112] {dagbag.py:507} INFO - Filling up the DagBag from /Users/gabrielroger/Documents/projects/weather-data/.venv/lib/python3.9/site-packages/airflow/example_dags/example_trigger_controller_dag.py
[2023-03-23 22:59:47,120] {processor.py:651} INFO - DAG(s) dict_keys(['example_trigger_controller_dag']) retrieved from /Users/gabrielroger/Documents/projects/weather-data/.venv/lib/python3.9/site-packages/airflow/example_dags/example_trigger_controller_dag.py
[2023-03-23 22:59:47,150] {logging_mixin.py:115} INFO - [2023-03-23 22:59:47,150] {dag.py:2379} INFO - Sync 1 DAGs
[2023-03-23 22:59:47,158] {logging_mixin.py:115} INFO - [2023-03-23 22:59:47,158] {dag.py:2927} INFO - Setting next_dagrun for example_trigger_controller_dag to 2021-01-01T00:00:00+00:00, run_after=2021-01-01T00:00:00+00:00
[2023-03-23 22:59:47,163] {processor.py:161} INFO - Processing /Users/gabrielroger/Documents/projects/weather-data/.venv/lib/python3.9/site-packages/airflow/example_dags/example_trigger_controller_dag.py took 0.051 seconds
[2023-03-23 23:00:21,950] {processor.py:153} INFO - Started process (PID=1964) to work on /Users/gabrielroger/Documents/projects/weather-data/.venv/lib/python3.9/site-packages/airflow/example_dags/example_trigger_controller_dag.py
[2023-03-23 23:00:21,951] {processor.py:641} INFO - Processing file /Users/gabrielroger/Documents/projects/weather-data/.venv/lib/python3.9/site-packages/airflow/example_dags/example_trigger_controller_dag.py for tasks to queue
[2023-03-23 23:00:21,951] {logging_mixin.py:115} INFO - [2023-03-23 23:00:21,951] {dagbag.py:507} INFO - Filling up the DagBag from /Users/gabrielroger/Documents/projects/weather-data/.venv/lib/python3.9/site-packages/airflow/example_dags/example_trigger_controller_dag.py
[2023-03-23 23:00:21,958] {processor.py:651} INFO - DAG(s) dict_keys(['example_trigger_controller_dag']) retrieved from /Users/gabrielroger/Documents/projects/weather-data/.venv/lib/python3.9/site-packages/airflow/example_dags/example_trigger_controller_dag.py
[2023-03-23 23:00:21,989] {logging_mixin.py:115} INFO - [2023-03-23 23:00:21,989] {dag.py:2379} INFO - Sync 1 DAGs
[2023-03-23 23:00:21,996] {logging_mixin.py:115} INFO - [2023-03-23 23:00:21,996] {dag.py:2927} INFO - Setting next_dagrun for example_trigger_controller_dag to 2021-01-01T00:00:00+00:00, run_after=2021-01-01T00:00:00+00:00
[2023-03-23 23:00:22,001] {processor.py:161} INFO - Processing /Users/gabrielroger/Documents/projects/weather-data/.venv/lib/python3.9/site-packages/airflow/example_dags/example_trigger_controller_dag.py took 0.052 seconds
[2023-03-23 23:01:13,812] {processor.py:153} INFO - Started process (PID=2003) to work on /Users/gabrielroger/Documents/projects/weather-data/.venv/lib/python3.9/site-packages/airflow/example_dags/example_trigger_controller_dag.py
[2023-03-23 23:01:13,813] {processor.py:641} INFO - Processing file /Users/gabrielroger/Documents/projects/weather-data/.venv/lib/python3.9/site-packages/airflow/example_dags/example_trigger_controller_dag.py for tasks to queue
[2023-03-23 23:01:13,813] {logging_mixin.py:115} INFO - [2023-03-23 23:01:13,813] {dagbag.py:507} INFO - Filling up the DagBag from /Users/gabrielroger/Documents/projects/weather-data/.venv/lib/python3.9/site-packages/airflow/example_dags/example_trigger_controller_dag.py
[2023-03-23 23:01:13,820] {processor.py:651} INFO - DAG(s) dict_keys(['example_trigger_controller_dag']) retrieved from /Users/gabrielroger/Documents/projects/weather-data/.venv/lib/python3.9/site-packages/airflow/example_dags/example_trigger_controller_dag.py
[2023-03-23 23:01:13,851] {logging_mixin.py:115} INFO - [2023-03-23 23:01:13,851] {dag.py:2379} INFO - Sync 1 DAGs
[2023-03-23 23:01:13,858] {logging_mixin.py:115} INFO - [2023-03-23 23:01:13,858] {dag.py:2927} INFO - Setting next_dagrun for example_trigger_controller_dag to 2021-01-01T00:00:00+00:00, run_after=2021-01-01T00:00:00+00:00
[2023-03-23 23:01:13,864] {processor.py:161} INFO - Processing /Users/gabrielroger/Documents/projects/weather-data/.venv/lib/python3.9/site-packages/airflow/example_dags/example_trigger_controller_dag.py took 0.053 seconds
[2023-03-23 23:02:05,526] {processor.py:153} INFO - Started process (PID=2053) to work on /Users/gabrielroger/Documents/projects/weather-data/.venv/lib/python3.9/site-packages/airflow/example_dags/example_trigger_controller_dag.py
[2023-03-23 23:02:05,527] {processor.py:641} INFO - Processing file /Users/gabrielroger/Documents/projects/weather-data/.venv/lib/python3.9/site-packages/airflow/example_dags/example_trigger_controller_dag.py for tasks to queue
[2023-03-23 23:02:05,527] {logging_mixin.py:115} INFO - [2023-03-23 23:02:05,527] {dagbag.py:507} INFO - Filling up the DagBag from /Users/gabrielroger/Documents/projects/weather-data/.venv/lib/python3.9/site-packages/airflow/example_dags/example_trigger_controller_dag.py
[2023-03-23 23:02:05,533] {processor.py:651} INFO - DAG(s) dict_keys(['example_trigger_controller_dag']) retrieved from /Users/gabrielroger/Documents/projects/weather-data/.venv/lib/python3.9/site-packages/airflow/example_dags/example_trigger_controller_dag.py
[2023-03-23 23:02:05,562] {logging_mixin.py:115} INFO - [2023-03-23 23:02:05,562] {dag.py:2379} INFO - Sync 1 DAGs
[2023-03-23 23:02:05,569] {logging_mixin.py:115} INFO - [2023-03-23 23:02:05,569] {dag.py:2927} INFO - Setting next_dagrun for example_trigger_controller_dag to 2021-01-01T00:00:00+00:00, run_after=2021-01-01T00:00:00+00:00
[2023-03-23 23:02:05,575] {processor.py:161} INFO - Processing /Users/gabrielroger/Documents/projects/weather-data/.venv/lib/python3.9/site-packages/airflow/example_dags/example_trigger_controller_dag.py took 0.049 seconds
[2023-03-23 23:02:33,788] {processor.py:153} INFO - Started process (PID=2081) to work on /Users/gabrielroger/Documents/projects/weather-data/.venv/lib/python3.9/site-packages/airflow/example_dags/example_trigger_controller_dag.py
[2023-03-23 23:02:33,788] {processor.py:641} INFO - Processing file /Users/gabrielroger/Documents/projects/weather-data/.venv/lib/python3.9/site-packages/airflow/example_dags/example_trigger_controller_dag.py for tasks to queue
[2023-03-23 23:02:33,788] {logging_mixin.py:115} INFO - [2023-03-23 23:02:33,788] {dagbag.py:507} INFO - Filling up the DagBag from /Users/gabrielroger/Documents/projects/weather-data/.venv/lib/python3.9/site-packages/airflow/example_dags/example_trigger_controller_dag.py
[2023-03-23 23:02:33,795] {processor.py:651} INFO - DAG(s) dict_keys(['example_trigger_controller_dag']) retrieved from /Users/gabrielroger/Documents/projects/weather-data/.venv/lib/python3.9/site-packages/airflow/example_dags/example_trigger_controller_dag.py
[2023-03-23 23:02:33,824] {logging_mixin.py:115} INFO - [2023-03-23 23:02:33,824] {dag.py:2379} INFO - Sync 1 DAGs
[2023-03-23 23:02:33,831] {logging_mixin.py:115} INFO - [2023-03-23 23:02:33,831] {dag.py:2927} INFO - Setting next_dagrun for example_trigger_controller_dag to 2021-01-01T00:00:00+00:00, run_after=2021-01-01T00:00:00+00:00
[2023-03-23 23:02:33,836] {processor.py:161} INFO - Processing /Users/gabrielroger/Documents/projects/weather-data/.venv/lib/python3.9/site-packages/airflow/example_dags/example_trigger_controller_dag.py took 0.049 seconds
[2023-03-23 23:03:23,947] {processor.py:153} INFO - Started process (PID=2130) to work on /Users/gabrielroger/Documents/projects/weather-data/.venv/lib/python3.9/site-packages/airflow/example_dags/example_trigger_controller_dag.py
[2023-03-23 23:03:23,948] {processor.py:641} INFO - Processing file /Users/gabrielroger/Documents/projects/weather-data/.venv/lib/python3.9/site-packages/airflow/example_dags/example_trigger_controller_dag.py for tasks to queue
[2023-03-23 23:03:23,949] {logging_mixin.py:115} INFO - [2023-03-23 23:03:23,948] {dagbag.py:507} INFO - Filling up the DagBag from /Users/gabrielroger/Documents/projects/weather-data/.venv/lib/python3.9/site-packages/airflow/example_dags/example_trigger_controller_dag.py
[2023-03-23 23:03:23,955] {processor.py:651} INFO - DAG(s) dict_keys(['example_trigger_controller_dag']) retrieved from /Users/gabrielroger/Documents/projects/weather-data/.venv/lib/python3.9/site-packages/airflow/example_dags/example_trigger_controller_dag.py
[2023-03-23 23:03:23,984] {logging_mixin.py:115} INFO - [2023-03-23 23:03:23,984] {dag.py:2379} INFO - Sync 1 DAGs
[2023-03-23 23:03:23,991] {logging_mixin.py:115} INFO - [2023-03-23 23:03:23,991] {dag.py:2927} INFO - Setting next_dagrun for example_trigger_controller_dag to 2021-01-01T00:00:00+00:00, run_after=2021-01-01T00:00:00+00:00
[2023-03-23 23:03:23,996] {processor.py:161} INFO - Processing /Users/gabrielroger/Documents/projects/weather-data/.venv/lib/python3.9/site-packages/airflow/example_dags/example_trigger_controller_dag.py took 0.049 seconds
[2023-03-23 23:04:13,158] {processor.py:153} INFO - Started process (PID=2168) to work on /Users/gabrielroger/Documents/projects/weather-data/.venv/lib/python3.9/site-packages/airflow/example_dags/example_trigger_controller_dag.py
[2023-03-23 23:04:13,159] {processor.py:641} INFO - Processing file /Users/gabrielroger/Documents/projects/weather-data/.venv/lib/python3.9/site-packages/airflow/example_dags/example_trigger_controller_dag.py for tasks to queue
[2023-03-23 23:04:13,159] {logging_mixin.py:115} INFO - [2023-03-23 23:04:13,159] {dagbag.py:507} INFO - Filling up the DagBag from /Users/gabrielroger/Documents/projects/weather-data/.venv/lib/python3.9/site-packages/airflow/example_dags/example_trigger_controller_dag.py
[2023-03-23 23:04:13,166] {processor.py:651} INFO - DAG(s) dict_keys(['example_trigger_controller_dag']) retrieved from /Users/gabrielroger/Documents/projects/weather-data/.venv/lib/python3.9/site-packages/airflow/example_dags/example_trigger_controller_dag.py
[2023-03-23 23:04:13,195] {logging_mixin.py:115} INFO - [2023-03-23 23:04:13,195] {dag.py:2379} INFO - Sync 1 DAGs
[2023-03-23 23:04:13,201] {logging_mixin.py:115} INFO - [2023-03-23 23:04:13,201] {dag.py:2927} INFO - Setting next_dagrun for example_trigger_controller_dag to 2021-01-01T00:00:00+00:00, run_after=2021-01-01T00:00:00+00:00
[2023-03-23 23:04:13,207] {processor.py:161} INFO - Processing /Users/gabrielroger/Documents/projects/weather-data/.venv/lib/python3.9/site-packages/airflow/example_dags/example_trigger_controller_dag.py took 0.049 seconds
[2023-03-23 23:04:51,322] {processor.py:153} INFO - Started process (PID=2195) to work on /Users/gabrielroger/Documents/projects/weather-data/.venv/lib/python3.9/site-packages/airflow/example_dags/example_trigger_controller_dag.py
[2023-03-23 23:04:51,323] {processor.py:641} INFO - Processing file /Users/gabrielroger/Documents/projects/weather-data/.venv/lib/python3.9/site-packages/airflow/example_dags/example_trigger_controller_dag.py for tasks to queue
[2023-03-23 23:04:51,323] {logging_mixin.py:115} INFO - [2023-03-23 23:04:51,323] {dagbag.py:507} INFO - Filling up the DagBag from /Users/gabrielroger/Documents/projects/weather-data/.venv/lib/python3.9/site-packages/airflow/example_dags/example_trigger_controller_dag.py
[2023-03-23 23:04:51,329] {processor.py:651} INFO - DAG(s) dict_keys(['example_trigger_controller_dag']) retrieved from /Users/gabrielroger/Documents/projects/weather-data/.venv/lib/python3.9/site-packages/airflow/example_dags/example_trigger_controller_dag.py
[2023-03-23 23:04:51,359] {logging_mixin.py:115} INFO - [2023-03-23 23:04:51,359] {dag.py:2379} INFO - Sync 1 DAGs
[2023-03-23 23:04:51,367] {logging_mixin.py:115} INFO - [2023-03-23 23:04:51,367] {dag.py:2927} INFO - Setting next_dagrun for example_trigger_controller_dag to 2021-01-01T00:00:00+00:00, run_after=2021-01-01T00:00:00+00:00
[2023-03-23 23:04:51,373] {processor.py:161} INFO - Processing /Users/gabrielroger/Documents/projects/weather-data/.venv/lib/python3.9/site-packages/airflow/example_dags/example_trigger_controller_dag.py took 0.051 seconds
[2023-03-23 23:05:31,771] {processor.py:153} INFO - Started process (PID=2227) to work on /Users/gabrielroger/Documents/projects/weather-data/.venv/lib/python3.9/site-packages/airflow/example_dags/example_trigger_controller_dag.py
[2023-03-23 23:05:31,771] {processor.py:641} INFO - Processing file /Users/gabrielroger/Documents/projects/weather-data/.venv/lib/python3.9/site-packages/airflow/example_dags/example_trigger_controller_dag.py for tasks to queue
[2023-03-23 23:05:31,771] {logging_mixin.py:115} INFO - [2023-03-23 23:05:31,771] {dagbag.py:507} INFO - Filling up the DagBag from /Users/gabrielroger/Documents/projects/weather-data/.venv/lib/python3.9/site-packages/airflow/example_dags/example_trigger_controller_dag.py
[2023-03-23 23:05:31,777] {processor.py:651} INFO - DAG(s) dict_keys(['example_trigger_controller_dag']) retrieved from /Users/gabrielroger/Documents/projects/weather-data/.venv/lib/python3.9/site-packages/airflow/example_dags/example_trigger_controller_dag.py
[2023-03-23 23:05:31,806] {logging_mixin.py:115} INFO - [2023-03-23 23:05:31,806] {dag.py:2379} INFO - Sync 1 DAGs
[2023-03-23 23:05:31,813] {logging_mixin.py:115} INFO - [2023-03-23 23:05:31,813] {dag.py:2927} INFO - Setting next_dagrun for example_trigger_controller_dag to 2021-01-01T00:00:00+00:00, run_after=2021-01-01T00:00:00+00:00
[2023-03-23 23:05:31,818] {processor.py:161} INFO - Processing /Users/gabrielroger/Documents/projects/weather-data/.venv/lib/python3.9/site-packages/airflow/example_dags/example_trigger_controller_dag.py took 0.048 seconds
[2023-03-23 23:06:36,738] {processor.py:153} INFO - Started process (PID=2287) to work on /Users/gabrielroger/Documents/projects/weather-data/.venv/lib/python3.9/site-packages/airflow/example_dags/example_trigger_controller_dag.py
[2023-03-23 23:06:36,739] {processor.py:641} INFO - Processing file /Users/gabrielroger/Documents/projects/weather-data/.venv/lib/python3.9/site-packages/airflow/example_dags/example_trigger_controller_dag.py for tasks to queue
[2023-03-23 23:06:36,739] {logging_mixin.py:115} INFO - [2023-03-23 23:06:36,739] {dagbag.py:507} INFO - Filling up the DagBag from /Users/gabrielroger/Documents/projects/weather-data/.venv/lib/python3.9/site-packages/airflow/example_dags/example_trigger_controller_dag.py
[2023-03-23 23:06:36,745] {processor.py:651} INFO - DAG(s) dict_keys(['example_trigger_controller_dag']) retrieved from /Users/gabrielroger/Documents/projects/weather-data/.venv/lib/python3.9/site-packages/airflow/example_dags/example_trigger_controller_dag.py
[2023-03-23 23:06:36,777] {logging_mixin.py:115} INFO - [2023-03-23 23:06:36,777] {dag.py:2379} INFO - Sync 1 DAGs
[2023-03-23 23:06:36,784] {logging_mixin.py:115} INFO - [2023-03-23 23:06:36,784] {dag.py:2927} INFO - Setting next_dagrun for example_trigger_controller_dag to 2021-01-01T00:00:00+00:00, run_after=2021-01-01T00:00:00+00:00
[2023-03-23 23:06:36,789] {processor.py:161} INFO - Processing /Users/gabrielroger/Documents/projects/weather-data/.venv/lib/python3.9/site-packages/airflow/example_dags/example_trigger_controller_dag.py took 0.052 seconds
[2023-03-23 23:07:28,617] {processor.py:153} INFO - Started process (PID=2326) to work on /Users/gabrielroger/Documents/projects/weather-data/.venv/lib/python3.9/site-packages/airflow/example_dags/example_trigger_controller_dag.py
[2023-03-23 23:07:28,618] {processor.py:641} INFO - Processing file /Users/gabrielroger/Documents/projects/weather-data/.venv/lib/python3.9/site-packages/airflow/example_dags/example_trigger_controller_dag.py for tasks to queue
[2023-03-23 23:07:28,618] {logging_mixin.py:115} INFO - [2023-03-23 23:07:28,618] {dagbag.py:507} INFO - Filling up the DagBag from /Users/gabrielroger/Documents/projects/weather-data/.venv/lib/python3.9/site-packages/airflow/example_dags/example_trigger_controller_dag.py
[2023-03-23 23:07:28,624] {processor.py:651} INFO - DAG(s) dict_keys(['example_trigger_controller_dag']) retrieved from /Users/gabrielroger/Documents/projects/weather-data/.venv/lib/python3.9/site-packages/airflow/example_dags/example_trigger_controller_dag.py
[2023-03-23 23:07:28,653] {logging_mixin.py:115} INFO - [2023-03-23 23:07:28,653] {dag.py:2379} INFO - Sync 1 DAGs
[2023-03-23 23:07:28,660] {logging_mixin.py:115} INFO - [2023-03-23 23:07:28,659] {dag.py:2927} INFO - Setting next_dagrun for example_trigger_controller_dag to 2021-01-01T00:00:00+00:00, run_after=2021-01-01T00:00:00+00:00
[2023-03-23 23:07:28,665] {processor.py:161} INFO - Processing /Users/gabrielroger/Documents/projects/weather-data/.venv/lib/python3.9/site-packages/airflow/example_dags/example_trigger_controller_dag.py took 0.048 seconds
[2023-03-23 23:07:57,374] {processor.py:153} INFO - Started process (PID=2356) to work on /Users/gabrielroger/Documents/projects/weather-data/.venv/lib/python3.9/site-packages/airflow/example_dags/example_trigger_controller_dag.py
[2023-03-23 23:07:57,375] {processor.py:641} INFO - Processing file /Users/gabrielroger/Documents/projects/weather-data/.venv/lib/python3.9/site-packages/airflow/example_dags/example_trigger_controller_dag.py for tasks to queue
[2023-03-23 23:07:57,375] {logging_mixin.py:115} INFO - [2023-03-23 23:07:57,375] {dagbag.py:507} INFO - Filling up the DagBag from /Users/gabrielroger/Documents/projects/weather-data/.venv/lib/python3.9/site-packages/airflow/example_dags/example_trigger_controller_dag.py
[2023-03-23 23:07:57,382] {processor.py:651} INFO - DAG(s) dict_keys(['example_trigger_controller_dag']) retrieved from /Users/gabrielroger/Documents/projects/weather-data/.venv/lib/python3.9/site-packages/airflow/example_dags/example_trigger_controller_dag.py
[2023-03-23 23:07:57,412] {logging_mixin.py:115} INFO - [2023-03-23 23:07:57,412] {dag.py:2379} INFO - Sync 1 DAGs
[2023-03-23 23:07:57,419] {logging_mixin.py:115} INFO - [2023-03-23 23:07:57,419] {dag.py:2927} INFO - Setting next_dagrun for example_trigger_controller_dag to 2021-01-01T00:00:00+00:00, run_after=2021-01-01T00:00:00+00:00
[2023-03-23 23:07:57,424] {processor.py:161} INFO - Processing /Users/gabrielroger/Documents/projects/weather-data/.venv/lib/python3.9/site-packages/airflow/example_dags/example_trigger_controller_dag.py took 0.050 seconds
[2023-03-23 23:08:48,880] {processor.py:153} INFO - Started process (PID=2399) to work on /Users/gabrielroger/Documents/projects/weather-data/.venv/lib/python3.9/site-packages/airflow/example_dags/example_trigger_controller_dag.py
[2023-03-23 23:08:48,880] {processor.py:641} INFO - Processing file /Users/gabrielroger/Documents/projects/weather-data/.venv/lib/python3.9/site-packages/airflow/example_dags/example_trigger_controller_dag.py for tasks to queue
[2023-03-23 23:08:48,881] {logging_mixin.py:115} INFO - [2023-03-23 23:08:48,881] {dagbag.py:507} INFO - Filling up the DagBag from /Users/gabrielroger/Documents/projects/weather-data/.venv/lib/python3.9/site-packages/airflow/example_dags/example_trigger_controller_dag.py
[2023-03-23 23:08:48,887] {processor.py:651} INFO - DAG(s) dict_keys(['example_trigger_controller_dag']) retrieved from /Users/gabrielroger/Documents/projects/weather-data/.venv/lib/python3.9/site-packages/airflow/example_dags/example_trigger_controller_dag.py
[2023-03-23 23:08:48,916] {logging_mixin.py:115} INFO - [2023-03-23 23:08:48,916] {dag.py:2379} INFO - Sync 1 DAGs
[2023-03-23 23:08:48,923] {logging_mixin.py:115} INFO - [2023-03-23 23:08:48,923] {dag.py:2927} INFO - Setting next_dagrun for example_trigger_controller_dag to 2021-01-01T00:00:00+00:00, run_after=2021-01-01T00:00:00+00:00
[2023-03-23 23:08:48,928] {processor.py:161} INFO - Processing /Users/gabrielroger/Documents/projects/weather-data/.venv/lib/python3.9/site-packages/airflow/example_dags/example_trigger_controller_dag.py took 0.049 seconds
[2023-03-23 23:09:40,579] {processor.py:153} INFO - Started process (PID=2435) to work on /Users/gabrielroger/Documents/projects/weather-data/.venv/lib/python3.9/site-packages/airflow/example_dags/example_trigger_controller_dag.py
[2023-03-23 23:09:40,579] {processor.py:641} INFO - Processing file /Users/gabrielroger/Documents/projects/weather-data/.venv/lib/python3.9/site-packages/airflow/example_dags/example_trigger_controller_dag.py for tasks to queue
[2023-03-23 23:09:40,579] {logging_mixin.py:115} INFO - [2023-03-23 23:09:40,579] {dagbag.py:507} INFO - Filling up the DagBag from /Users/gabrielroger/Documents/projects/weather-data/.venv/lib/python3.9/site-packages/airflow/example_dags/example_trigger_controller_dag.py
[2023-03-23 23:09:40,585] {processor.py:651} INFO - DAG(s) dict_keys(['example_trigger_controller_dag']) retrieved from /Users/gabrielroger/Documents/projects/weather-data/.venv/lib/python3.9/site-packages/airflow/example_dags/example_trigger_controller_dag.py
[2023-03-23 23:09:40,614] {logging_mixin.py:115} INFO - [2023-03-23 23:09:40,614] {dag.py:2379} INFO - Sync 1 DAGs
[2023-03-23 23:09:40,621] {logging_mixin.py:115} INFO - [2023-03-23 23:09:40,621] {dag.py:2927} INFO - Setting next_dagrun for example_trigger_controller_dag to 2021-01-01T00:00:00+00:00, run_after=2021-01-01T00:00:00+00:00
[2023-03-23 23:09:40,626] {processor.py:161} INFO - Processing /Users/gabrielroger/Documents/projects/weather-data/.venv/lib/python3.9/site-packages/airflow/example_dags/example_trigger_controller_dag.py took 0.047 seconds
[2023-03-23 23:10:22,667] {processor.py:153} INFO - Started process (PID=2468) to work on /Users/gabrielroger/Documents/projects/weather-data/.venv/lib/python3.9/site-packages/airflow/example_dags/example_trigger_controller_dag.py
[2023-03-23 23:10:22,667] {processor.py:641} INFO - Processing file /Users/gabrielroger/Documents/projects/weather-data/.venv/lib/python3.9/site-packages/airflow/example_dags/example_trigger_controller_dag.py for tasks to queue
[2023-03-23 23:10:22,667] {logging_mixin.py:115} INFO - [2023-03-23 23:10:22,667] {dagbag.py:507} INFO - Filling up the DagBag from /Users/gabrielroger/Documents/projects/weather-data/.venv/lib/python3.9/site-packages/airflow/example_dags/example_trigger_controller_dag.py
[2023-03-23 23:10:22,673] {processor.py:651} INFO - DAG(s) dict_keys(['example_trigger_controller_dag']) retrieved from /Users/gabrielroger/Documents/projects/weather-data/.venv/lib/python3.9/site-packages/airflow/example_dags/example_trigger_controller_dag.py
[2023-03-23 23:10:22,702] {logging_mixin.py:115} INFO - [2023-03-23 23:10:22,702] {dag.py:2379} INFO - Sync 1 DAGs
[2023-03-23 23:10:22,709] {logging_mixin.py:115} INFO - [2023-03-23 23:10:22,709] {dag.py:2927} INFO - Setting next_dagrun for example_trigger_controller_dag to 2021-01-01T00:00:00+00:00, run_after=2021-01-01T00:00:00+00:00
[2023-03-23 23:10:22,715] {processor.py:161} INFO - Processing /Users/gabrielroger/Documents/projects/weather-data/.venv/lib/python3.9/site-packages/airflow/example_dags/example_trigger_controller_dag.py took 0.048 seconds
[2023-03-23 23:11:06,757] {processor.py:153} INFO - Started process (PID=2501) to work on /Users/gabrielroger/Documents/projects/weather-data/.venv/lib/python3.9/site-packages/airflow/example_dags/example_trigger_controller_dag.py
[2023-03-23 23:11:06,758] {processor.py:641} INFO - Processing file /Users/gabrielroger/Documents/projects/weather-data/.venv/lib/python3.9/site-packages/airflow/example_dags/example_trigger_controller_dag.py for tasks to queue
[2023-03-23 23:11:06,758] {logging_mixin.py:115} INFO - [2023-03-23 23:11:06,758] {dagbag.py:507} INFO - Filling up the DagBag from /Users/gabrielroger/Documents/projects/weather-data/.venv/lib/python3.9/site-packages/airflow/example_dags/example_trigger_controller_dag.py
[2023-03-23 23:11:06,765] {processor.py:651} INFO - DAG(s) dict_keys(['example_trigger_controller_dag']) retrieved from /Users/gabrielroger/Documents/projects/weather-data/.venv/lib/python3.9/site-packages/airflow/example_dags/example_trigger_controller_dag.py
[2023-03-23 23:11:06,795] {logging_mixin.py:115} INFO - [2023-03-23 23:11:06,795] {dag.py:2379} INFO - Sync 1 DAGs
[2023-03-23 23:11:06,802] {logging_mixin.py:115} INFO - [2023-03-23 23:11:06,802] {dag.py:2927} INFO - Setting next_dagrun for example_trigger_controller_dag to 2021-01-01T00:00:00+00:00, run_after=2021-01-01T00:00:00+00:00
[2023-03-23 23:11:06,810] {processor.py:161} INFO - Processing /Users/gabrielroger/Documents/projects/weather-data/.venv/lib/python3.9/site-packages/airflow/example_dags/example_trigger_controller_dag.py took 0.054 seconds
