[2023-03-23 22:57:54,806] {processor.py:153} INFO - Started process (PID=1839) to work on /Users/gabrielroger/Documents/projects/weather-data/.venv/lib/python3.9/site-packages/airflow/example_dags/example_branch_operator_decorator.py
[2023-03-23 22:57:54,806] {processor.py:641} INFO - Processing file /Users/gabrielroger/Documents/projects/weather-data/.venv/lib/python3.9/site-packages/airflow/example_dags/example_branch_operator_decorator.py for tasks to queue
[2023-03-23 22:57:54,806] {logging_mixin.py:115} INFO - [2023-03-23 22:57:54,806] {dagbag.py:507} INFO - Filling up the DagBag from /Users/gabrielroger/Documents/projects/weather-data/.venv/lib/python3.9/site-packages/airflow/example_dags/example_branch_operator_decorator.py
[2023-03-23 22:57:54,824] {processor.py:651} INFO - DAG(s) dict_keys(['example_branch_python_operator_decorator']) retrieved from /Users/gabrielroger/Documents/projects/weather-data/.venv/lib/python3.9/site-packages/airflow/example_dags/example_branch_operator_decorator.py
[2023-03-23 22:57:54,855] {logging_mixin.py:115} INFO - [2023-03-23 22:57:54,854] {dag.py:2379} INFO - Sync 1 DAGs
[2023-03-23 22:57:54,862] {logging_mixin.py:115} INFO - [2023-03-23 22:57:54,862] {dag.py:2927} INFO - Setting next_dagrun for example_branch_python_operator_decorator to 2023-03-23T00:00:00+00:00, run_after=2023-03-24T00:00:00+00:00
[2023-03-23 22:57:54,867] {processor.py:161} INFO - Processing /Users/gabrielroger/Documents/projects/weather-data/.venv/lib/python3.9/site-packages/airflow/example_dags/example_branch_operator_decorator.py took 0.062 seconds
[2023-03-23 22:58:53,822] {processor.py:153} INFO - Started process (PID=1885) to work on /Users/gabrielroger/Documents/projects/weather-data/.venv/lib/python3.9/site-packages/airflow/example_dags/example_branch_operator_decorator.py
[2023-03-23 22:58:53,823] {processor.py:641} INFO - Processing file /Users/gabrielroger/Documents/projects/weather-data/.venv/lib/python3.9/site-packages/airflow/example_dags/example_branch_operator_decorator.py for tasks to queue
[2023-03-23 22:58:53,823] {logging_mixin.py:115} INFO - [2023-03-23 22:58:53,823] {dagbag.py:507} INFO - Filling up the DagBag from /Users/gabrielroger/Documents/projects/weather-data/.venv/lib/python3.9/site-packages/airflow/example_dags/example_branch_operator_decorator.py
[2023-03-23 22:58:53,841] {processor.py:651} INFO - DAG(s) dict_keys(['example_branch_python_operator_decorator']) retrieved from /Users/gabrielroger/Documents/projects/weather-data/.venv/lib/python3.9/site-packages/airflow/example_dags/example_branch_operator_decorator.py
[2023-03-23 22:58:53,871] {logging_mixin.py:115} INFO - [2023-03-23 22:58:53,871] {dag.py:2379} INFO - Sync 1 DAGs
[2023-03-23 22:58:53,879] {logging_mixin.py:115} INFO - [2023-03-23 22:58:53,879] {dag.py:2927} INFO - Setting next_dagrun for example_branch_python_operator_decorator to 2023-03-23T00:00:00+00:00, run_after=2023-03-24T00:00:00+00:00
[2023-03-23 22:58:53,884] {processor.py:161} INFO - Processing /Users/gabrielroger/Documents/projects/weather-data/.venv/lib/python3.9/site-packages/airflow/example_dags/example_branch_operator_decorator.py took 0.062 seconds
[2023-03-23 22:59:55,322] {processor.py:153} INFO - Started process (PID=1937) to work on /Users/gabrielroger/Documents/projects/weather-data/.venv/lib/python3.9/site-packages/airflow/example_dags/example_branch_operator_decorator.py
[2023-03-23 22:59:55,323] {processor.py:641} INFO - Processing file /Users/gabrielroger/Documents/projects/weather-data/.venv/lib/python3.9/site-packages/airflow/example_dags/example_branch_operator_decorator.py for tasks to queue
[2023-03-23 22:59:55,323] {logging_mixin.py:115} INFO - [2023-03-23 22:59:55,323] {dagbag.py:507} INFO - Filling up the DagBag from /Users/gabrielroger/Documents/projects/weather-data/.venv/lib/python3.9/site-packages/airflow/example_dags/example_branch_operator_decorator.py
[2023-03-23 22:59:55,341] {processor.py:651} INFO - DAG(s) dict_keys(['example_branch_python_operator_decorator']) retrieved from /Users/gabrielroger/Documents/projects/weather-data/.venv/lib/python3.9/site-packages/airflow/example_dags/example_branch_operator_decorator.py
[2023-03-23 22:59:55,372] {logging_mixin.py:115} INFO - [2023-03-23 22:59:55,371] {dag.py:2379} INFO - Sync 1 DAGs
[2023-03-23 22:59:55,379] {logging_mixin.py:115} INFO - [2023-03-23 22:59:55,379] {dag.py:2927} INFO - Setting next_dagrun for example_branch_python_operator_decorator to 2023-03-23T00:00:00+00:00, run_after=2023-03-24T00:00:00+00:00
[2023-03-23 22:59:55,384] {processor.py:161} INFO - Processing /Users/gabrielroger/Documents/projects/weather-data/.venv/lib/python3.9/site-packages/airflow/example_dags/example_branch_operator_decorator.py took 0.062 seconds
[2023-03-23 23:00:49,258] {processor.py:153} INFO - Started process (PID=1986) to work on /Users/gabrielroger/Documents/projects/weather-data/.venv/lib/python3.9/site-packages/airflow/example_dags/example_branch_operator_decorator.py
[2023-03-23 23:00:49,258] {processor.py:641} INFO - Processing file /Users/gabrielroger/Documents/projects/weather-data/.venv/lib/python3.9/site-packages/airflow/example_dags/example_branch_operator_decorator.py for tasks to queue
[2023-03-23 23:00:49,259] {logging_mixin.py:115} INFO - [2023-03-23 23:00:49,259] {dagbag.py:507} INFO - Filling up the DagBag from /Users/gabrielroger/Documents/projects/weather-data/.venv/lib/python3.9/site-packages/airflow/example_dags/example_branch_operator_decorator.py
[2023-03-23 23:00:49,276] {processor.py:651} INFO - DAG(s) dict_keys(['example_branch_python_operator_decorator']) retrieved from /Users/gabrielroger/Documents/projects/weather-data/.venv/lib/python3.9/site-packages/airflow/example_dags/example_branch_operator_decorator.py
[2023-03-23 23:00:49,307] {logging_mixin.py:115} INFO - [2023-03-23 23:00:49,307] {dag.py:2379} INFO - Sync 1 DAGs
[2023-03-23 23:00:49,315] {logging_mixin.py:115} INFO - [2023-03-23 23:00:49,315] {dag.py:2927} INFO - Setting next_dagrun for example_branch_python_operator_decorator to 2023-03-23T00:00:00+00:00, run_after=2023-03-24T00:00:00+00:00
[2023-03-23 23:00:49,320] {processor.py:161} INFO - Processing /Users/gabrielroger/Documents/projects/weather-data/.venv/lib/python3.9/site-packages/airflow/example_dags/example_branch_operator_decorator.py took 0.062 seconds
[2023-03-23 23:01:41,205] {processor.py:153} INFO - Started process (PID=2033) to work on /Users/gabrielroger/Documents/projects/weather-data/.venv/lib/python3.9/site-packages/airflow/example_dags/example_branch_operator_decorator.py
[2023-03-23 23:01:41,206] {processor.py:641} INFO - Processing file /Users/gabrielroger/Documents/projects/weather-data/.venv/lib/python3.9/site-packages/airflow/example_dags/example_branch_operator_decorator.py for tasks to queue
[2023-03-23 23:01:41,206] {logging_mixin.py:115} INFO - [2023-03-23 23:01:41,206] {dagbag.py:507} INFO - Filling up the DagBag from /Users/gabrielroger/Documents/projects/weather-data/.venv/lib/python3.9/site-packages/airflow/example_dags/example_branch_operator_decorator.py
[2023-03-23 23:01:41,225] {processor.py:651} INFO - DAG(s) dict_keys(['example_branch_python_operator_decorator']) retrieved from /Users/gabrielroger/Documents/projects/weather-data/.venv/lib/python3.9/site-packages/airflow/example_dags/example_branch_operator_decorator.py
[2023-03-23 23:01:41,255] {logging_mixin.py:115} INFO - [2023-03-23 23:01:41,255] {dag.py:2379} INFO - Sync 1 DAGs
[2023-03-23 23:01:41,263] {logging_mixin.py:115} INFO - [2023-03-23 23:01:41,263] {dag.py:2927} INFO - Setting next_dagrun for example_branch_python_operator_decorator to 2023-03-23T00:00:00+00:00, run_after=2023-03-24T00:00:00+00:00
[2023-03-23 23:01:41,268] {processor.py:161} INFO - Processing /Users/gabrielroger/Documents/projects/weather-data/.venv/lib/python3.9/site-packages/airflow/example_dags/example_branch_operator_decorator.py took 0.063 seconds
[2023-03-23 23:03:01,639] {processor.py:153} INFO - Started process (PID=2111) to work on /Users/gabrielroger/Documents/projects/weather-data/.venv/lib/python3.9/site-packages/airflow/example_dags/example_branch_operator_decorator.py
[2023-03-23 23:03:01,639] {processor.py:641} INFO - Processing file /Users/gabrielroger/Documents/projects/weather-data/.venv/lib/python3.9/site-packages/airflow/example_dags/example_branch_operator_decorator.py for tasks to queue
[2023-03-23 23:03:01,639] {logging_mixin.py:115} INFO - [2023-03-23 23:03:01,639] {dagbag.py:507} INFO - Filling up the DagBag from /Users/gabrielroger/Documents/projects/weather-data/.venv/lib/python3.9/site-packages/airflow/example_dags/example_branch_operator_decorator.py
[2023-03-23 23:03:01,660] {processor.py:651} INFO - DAG(s) dict_keys(['example_branch_python_operator_decorator']) retrieved from /Users/gabrielroger/Documents/projects/weather-data/.venv/lib/python3.9/site-packages/airflow/example_dags/example_branch_operator_decorator.py
[2023-03-23 23:03:01,693] {logging_mixin.py:115} INFO - [2023-03-23 23:03:01,693] {dag.py:2379} INFO - Sync 1 DAGs
[2023-03-23 23:03:01,702] {logging_mixin.py:115} INFO - [2023-03-23 23:03:01,702] {dag.py:2927} INFO - Setting next_dagrun for example_branch_python_operator_decorator to 2023-03-23T00:00:00+00:00, run_after=2023-03-24T00:00:00+00:00
[2023-03-23 23:03:01,707] {processor.py:161} INFO - Processing /Users/gabrielroger/Documents/projects/weather-data/.venv/lib/python3.9/site-packages/airflow/example_dags/example_branch_operator_decorator.py took 0.069 seconds
[2023-03-23 23:04:00,474] {processor.py:153} INFO - Started process (PID=2157) to work on /Users/gabrielroger/Documents/projects/weather-data/.venv/lib/python3.9/site-packages/airflow/example_dags/example_branch_operator_decorator.py
[2023-03-23 23:04:00,475] {processor.py:641} INFO - Processing file /Users/gabrielroger/Documents/projects/weather-data/.venv/lib/python3.9/site-packages/airflow/example_dags/example_branch_operator_decorator.py for tasks to queue
[2023-03-23 23:04:00,475] {logging_mixin.py:115} INFO - [2023-03-23 23:04:00,475] {dagbag.py:507} INFO - Filling up the DagBag from /Users/gabrielroger/Documents/projects/weather-data/.venv/lib/python3.9/site-packages/airflow/example_dags/example_branch_operator_decorator.py
[2023-03-23 23:04:00,494] {processor.py:651} INFO - DAG(s) dict_keys(['example_branch_python_operator_decorator']) retrieved from /Users/gabrielroger/Documents/projects/weather-data/.venv/lib/python3.9/site-packages/airflow/example_dags/example_branch_operator_decorator.py
[2023-03-23 23:04:00,524] {logging_mixin.py:115} INFO - [2023-03-23 23:04:00,524] {dag.py:2379} INFO - Sync 1 DAGs
[2023-03-23 23:04:00,532] {logging_mixin.py:115} INFO - [2023-03-23 23:04:00,532] {dag.py:2927} INFO - Setting next_dagrun for example_branch_python_operator_decorator to 2023-03-23T00:00:00+00:00, run_after=2023-03-24T00:00:00+00:00
[2023-03-23 23:04:00,537] {processor.py:161} INFO - Processing /Users/gabrielroger/Documents/projects/weather-data/.venv/lib/python3.9/site-packages/airflow/example_dags/example_branch_operator_decorator.py took 0.063 seconds
[2023-03-23 23:04:55,319] {processor.py:153} INFO - Started process (PID=2198) to work on /Users/gabrielroger/Documents/projects/weather-data/.venv/lib/python3.9/site-packages/airflow/example_dags/example_branch_operator_decorator.py
[2023-03-23 23:04:55,320] {processor.py:641} INFO - Processing file /Users/gabrielroger/Documents/projects/weather-data/.venv/lib/python3.9/site-packages/airflow/example_dags/example_branch_operator_decorator.py for tasks to queue
[2023-03-23 23:04:55,321] {logging_mixin.py:115} INFO - [2023-03-23 23:04:55,321] {dagbag.py:507} INFO - Filling up the DagBag from /Users/gabrielroger/Documents/projects/weather-data/.venv/lib/python3.9/site-packages/airflow/example_dags/example_branch_operator_decorator.py
[2023-03-23 23:04:55,339] {processor.py:651} INFO - DAG(s) dict_keys(['example_branch_python_operator_decorator']) retrieved from /Users/gabrielroger/Documents/projects/weather-data/.venv/lib/python3.9/site-packages/airflow/example_dags/example_branch_operator_decorator.py
[2023-03-23 23:04:55,370] {logging_mixin.py:115} INFO - [2023-03-23 23:04:55,370] {dag.py:2379} INFO - Sync 1 DAGs
[2023-03-23 23:04:55,378] {logging_mixin.py:115} INFO - [2023-03-23 23:04:55,378] {dag.py:2927} INFO - Setting next_dagrun for example_branch_python_operator_decorator to 2023-03-23T00:00:00+00:00, run_after=2023-03-24T00:00:00+00:00
[2023-03-23 23:04:55,383] {processor.py:161} INFO - Processing /Users/gabrielroger/Documents/projects/weather-data/.venv/lib/python3.9/site-packages/airflow/example_dags/example_branch_operator_decorator.py took 0.064 seconds
[2023-03-23 23:05:54,088] {processor.py:153} INFO - Started process (PID=2245) to work on /Users/gabrielroger/Documents/projects/weather-data/.venv/lib/python3.9/site-packages/airflow/example_dags/example_branch_operator_decorator.py
[2023-03-23 23:05:54,088] {processor.py:641} INFO - Processing file /Users/gabrielroger/Documents/projects/weather-data/.venv/lib/python3.9/site-packages/airflow/example_dags/example_branch_operator_decorator.py for tasks to queue
[2023-03-23 23:05:54,088] {logging_mixin.py:115} INFO - [2023-03-23 23:05:54,088] {dagbag.py:507} INFO - Filling up the DagBag from /Users/gabrielroger/Documents/projects/weather-data/.venv/lib/python3.9/site-packages/airflow/example_dags/example_branch_operator_decorator.py
[2023-03-23 23:05:54,105] {processor.py:651} INFO - DAG(s) dict_keys(['example_branch_python_operator_decorator']) retrieved from /Users/gabrielroger/Documents/projects/weather-data/.venv/lib/python3.9/site-packages/airflow/example_dags/example_branch_operator_decorator.py
[2023-03-23 23:05:54,136] {logging_mixin.py:115} INFO - [2023-03-23 23:05:54,136] {dag.py:2379} INFO - Sync 1 DAGs
[2023-03-23 23:05:54,143] {logging_mixin.py:115} INFO - [2023-03-23 23:05:54,143] {dag.py:2927} INFO - Setting next_dagrun for example_branch_python_operator_decorator to 2023-03-23T00:00:00+00:00, run_after=2023-03-24T00:00:00+00:00
[2023-03-23 23:05:54,148] {processor.py:161} INFO - Processing /Users/gabrielroger/Documents/projects/weather-data/.venv/lib/python3.9/site-packages/airflow/example_dags/example_branch_operator_decorator.py took 0.061 seconds
[2023-03-23 23:07:04,015] {processor.py:153} INFO - Started process (PID=2309) to work on /Users/gabrielroger/Documents/projects/weather-data/.venv/lib/python3.9/site-packages/airflow/example_dags/example_branch_operator_decorator.py
[2023-03-23 23:07:04,016] {processor.py:641} INFO - Processing file /Users/gabrielroger/Documents/projects/weather-data/.venv/lib/python3.9/site-packages/airflow/example_dags/example_branch_operator_decorator.py for tasks to queue
[2023-03-23 23:07:04,016] {logging_mixin.py:115} INFO - [2023-03-23 23:07:04,016] {dagbag.py:507} INFO - Filling up the DagBag from /Users/gabrielroger/Documents/projects/weather-data/.venv/lib/python3.9/site-packages/airflow/example_dags/example_branch_operator_decorator.py
[2023-03-23 23:07:04,034] {processor.py:651} INFO - DAG(s) dict_keys(['example_branch_python_operator_decorator']) retrieved from /Users/gabrielroger/Documents/projects/weather-data/.venv/lib/python3.9/site-packages/airflow/example_dags/example_branch_operator_decorator.py
[2023-03-23 23:07:04,065] {logging_mixin.py:115} INFO - [2023-03-23 23:07:04,065] {dag.py:2379} INFO - Sync 1 DAGs
[2023-03-23 23:07:04,072] {logging_mixin.py:115} INFO - [2023-03-23 23:07:04,072] {dag.py:2927} INFO - Setting next_dagrun for example_branch_python_operator_decorator to 2023-03-23T00:00:00+00:00, run_after=2023-03-24T00:00:00+00:00
[2023-03-23 23:07:04,077] {processor.py:161} INFO - Processing /Users/gabrielroger/Documents/projects/weather-data/.venv/lib/python3.9/site-packages/airflow/example_dags/example_branch_operator_decorator.py took 0.063 seconds
[2023-03-23 23:08:24,582] {processor.py:153} INFO - Started process (PID=2380) to work on /Users/gabrielroger/Documents/projects/weather-data/.venv/lib/python3.9/site-packages/airflow/example_dags/example_branch_operator_decorator.py
[2023-03-23 23:08:24,583] {processor.py:641} INFO - Processing file /Users/gabrielroger/Documents/projects/weather-data/.venv/lib/python3.9/site-packages/airflow/example_dags/example_branch_operator_decorator.py for tasks to queue
[2023-03-23 23:08:24,583] {logging_mixin.py:115} INFO - [2023-03-23 23:08:24,583] {dagbag.py:507} INFO - Filling up the DagBag from /Users/gabrielroger/Documents/projects/weather-data/.venv/lib/python3.9/site-packages/airflow/example_dags/example_branch_operator_decorator.py
[2023-03-23 23:08:24,601] {processor.py:651} INFO - DAG(s) dict_keys(['example_branch_python_operator_decorator']) retrieved from /Users/gabrielroger/Documents/projects/weather-data/.venv/lib/python3.9/site-packages/airflow/example_dags/example_branch_operator_decorator.py
[2023-03-23 23:08:24,632] {logging_mixin.py:115} INFO - [2023-03-23 23:08:24,632] {dag.py:2379} INFO - Sync 1 DAGs
[2023-03-23 23:08:24,639] {logging_mixin.py:115} INFO - [2023-03-23 23:08:24,639] {dag.py:2927} INFO - Setting next_dagrun for example_branch_python_operator_decorator to 2023-03-23T00:00:00+00:00, run_after=2023-03-24T00:00:00+00:00
[2023-03-23 23:08:24,644] {processor.py:161} INFO - Processing /Users/gabrielroger/Documents/projects/weather-data/.venv/lib/python3.9/site-packages/airflow/example_dags/example_branch_operator_decorator.py took 0.063 seconds
[2023-03-23 23:09:30,272] {processor.py:153} INFO - Started process (PID=2427) to work on /Users/gabrielroger/Documents/projects/weather-data/.venv/lib/python3.9/site-packages/airflow/example_dags/example_branch_operator_decorator.py
[2023-03-23 23:09:30,273] {processor.py:641} INFO - Processing file /Users/gabrielroger/Documents/projects/weather-data/.venv/lib/python3.9/site-packages/airflow/example_dags/example_branch_operator_decorator.py for tasks to queue
[2023-03-23 23:09:30,273] {logging_mixin.py:115} INFO - [2023-03-23 23:09:30,273] {dagbag.py:507} INFO - Filling up the DagBag from /Users/gabrielroger/Documents/projects/weather-data/.venv/lib/python3.9/site-packages/airflow/example_dags/example_branch_operator_decorator.py
[2023-03-23 23:09:30,291] {processor.py:651} INFO - DAG(s) dict_keys(['example_branch_python_operator_decorator']) retrieved from /Users/gabrielroger/Documents/projects/weather-data/.venv/lib/python3.9/site-packages/airflow/example_dags/example_branch_operator_decorator.py
[2023-03-23 23:09:30,322] {logging_mixin.py:115} INFO - [2023-03-23 23:09:30,322] {dag.py:2379} INFO - Sync 1 DAGs
[2023-03-23 23:09:30,330] {logging_mixin.py:115} INFO - [2023-03-23 23:09:30,330] {dag.py:2927} INFO - Setting next_dagrun for example_branch_python_operator_decorator to 2023-03-23T00:00:00+00:00, run_after=2023-03-24T00:00:00+00:00
[2023-03-23 23:09:30,335] {processor.py:161} INFO - Processing /Users/gabrielroger/Documents/projects/weather-data/.venv/lib/python3.9/site-packages/airflow/example_dags/example_branch_operator_decorator.py took 0.063 seconds
[2023-03-23 23:10:32,312] {processor.py:153} INFO - Started process (PID=2476) to work on /Users/gabrielroger/Documents/projects/weather-data/.venv/lib/python3.9/site-packages/airflow/example_dags/example_branch_operator_decorator.py
[2023-03-23 23:10:32,312] {processor.py:641} INFO - Processing file /Users/gabrielroger/Documents/projects/weather-data/.venv/lib/python3.9/site-packages/airflow/example_dags/example_branch_operator_decorator.py for tasks to queue
[2023-03-23 23:10:32,313] {logging_mixin.py:115} INFO - [2023-03-23 23:10:32,313] {dagbag.py:507} INFO - Filling up the DagBag from /Users/gabrielroger/Documents/projects/weather-data/.venv/lib/python3.9/site-packages/airflow/example_dags/example_branch_operator_decorator.py
[2023-03-23 23:10:32,331] {processor.py:651} INFO - DAG(s) dict_keys(['example_branch_python_operator_decorator']) retrieved from /Users/gabrielroger/Documents/projects/weather-data/.venv/lib/python3.9/site-packages/airflow/example_dags/example_branch_operator_decorator.py
[2023-03-23 23:10:32,361] {logging_mixin.py:115} INFO - [2023-03-23 23:10:32,361] {dag.py:2379} INFO - Sync 1 DAGs
[2023-03-23 23:10:32,369] {logging_mixin.py:115} INFO - [2023-03-23 23:10:32,369] {dag.py:2927} INFO - Setting next_dagrun for example_branch_python_operator_decorator to 2023-03-23T00:00:00+00:00, run_after=2023-03-24T00:00:00+00:00
[2023-03-23 23:10:32,375] {processor.py:161} INFO - Processing /Users/gabrielroger/Documents/projects/weather-data/.venv/lib/python3.9/site-packages/airflow/example_dags/example_branch_operator_decorator.py took 0.063 seconds
