[2023-03-23 22:57:53,236] {processor.py:153} INFO - Started process (PID=1838) to work on /Users/gabrielroger/Documents/projects/weather-data/.venv/lib/python3.9/site-packages/airflow/example_dags/example_branch_python_dop_operator_3.py
[2023-03-23 22:57:53,236] {processor.py:641} INFO - Processing file /Users/gabrielroger/Documents/projects/weather-data/.venv/lib/python3.9/site-packages/airflow/example_dags/example_branch_python_dop_operator_3.py for tasks to queue
[2023-03-23 22:57:53,236] {logging_mixin.py:115} INFO - [2023-03-23 22:57:53,236] {dagbag.py:507} INFO - Filling up the DagBag from /Users/gabrielroger/Documents/projects/weather-data/.venv/lib/python3.9/site-packages/airflow/example_dags/example_branch_python_dop_operator_3.py
[2023-03-23 22:57:53,251] {processor.py:651} INFO - DAG(s) dict_keys(['example_branch_dop_operator_v3']) retrieved from /Users/gabrielroger/Documents/projects/weather-data/.venv/lib/python3.9/site-packages/airflow/example_dags/example_branch_python_dop_operator_3.py
[2023-03-23 22:57:53,280] {logging_mixin.py:115} INFO - [2023-03-23 22:57:53,280] {dag.py:2379} INFO - Sync 1 DAGs
[2023-03-23 22:57:53,290] {logging_mixin.py:115} INFO - [2023-03-23 22:57:53,290] {dag.py:2927} INFO - Setting next_dagrun for example_branch_dop_operator_v3 to 2023-03-24T01:56:00+00:00, run_after=2023-03-24T01:57:00+00:00
[2023-03-23 22:57:53,295] {processor.py:161} INFO - Processing /Users/gabrielroger/Documents/projects/weather-data/.venv/lib/python3.9/site-packages/airflow/example_dags/example_branch_python_dop_operator_3.py took 0.060 seconds
[2023-03-23 22:58:52,900] {processor.py:153} INFO - Started process (PID=1884) to work on /Users/gabrielroger/Documents/projects/weather-data/.venv/lib/python3.9/site-packages/airflow/example_dags/example_branch_python_dop_operator_3.py
[2023-03-23 22:58:52,901] {processor.py:641} INFO - Processing file /Users/gabrielroger/Documents/projects/weather-data/.venv/lib/python3.9/site-packages/airflow/example_dags/example_branch_python_dop_operator_3.py for tasks to queue
[2023-03-23 22:58:52,901] {logging_mixin.py:115} INFO - [2023-03-23 22:58:52,901] {dagbag.py:507} INFO - Filling up the DagBag from /Users/gabrielroger/Documents/projects/weather-data/.venv/lib/python3.9/site-packages/airflow/example_dags/example_branch_python_dop_operator_3.py
[2023-03-23 22:58:52,916] {processor.py:651} INFO - DAG(s) dict_keys(['example_branch_dop_operator_v3']) retrieved from /Users/gabrielroger/Documents/projects/weather-data/.venv/lib/python3.9/site-packages/airflow/example_dags/example_branch_python_dop_operator_3.py
[2023-03-23 22:58:52,945] {logging_mixin.py:115} INFO - [2023-03-23 22:58:52,945] {dag.py:2379} INFO - Sync 1 DAGs
[2023-03-23 22:58:52,955] {logging_mixin.py:115} INFO - [2023-03-23 22:58:52,955] {dag.py:2927} INFO - Setting next_dagrun for example_branch_dop_operator_v3 to 2023-03-24T01:57:00+00:00, run_after=2023-03-24T01:58:00+00:00
[2023-03-23 22:58:52,960] {processor.py:161} INFO - Processing /Users/gabrielroger/Documents/projects/weather-data/.venv/lib/python3.9/site-packages/airflow/example_dags/example_branch_python_dop_operator_3.py took 0.060 seconds
[2023-03-23 22:59:53,741] {processor.py:153} INFO - Started process (PID=1936) to work on /Users/gabrielroger/Documents/projects/weather-data/.venv/lib/python3.9/site-packages/airflow/example_dags/example_branch_python_dop_operator_3.py
[2023-03-23 22:59:53,742] {processor.py:641} INFO - Processing file /Users/gabrielroger/Documents/projects/weather-data/.venv/lib/python3.9/site-packages/airflow/example_dags/example_branch_python_dop_operator_3.py for tasks to queue
[2023-03-23 22:59:53,742] {logging_mixin.py:115} INFO - [2023-03-23 22:59:53,742] {dagbag.py:507} INFO - Filling up the DagBag from /Users/gabrielroger/Documents/projects/weather-data/.venv/lib/python3.9/site-packages/airflow/example_dags/example_branch_python_dop_operator_3.py
[2023-03-23 22:59:53,757] {processor.py:651} INFO - DAG(s) dict_keys(['example_branch_dop_operator_v3']) retrieved from /Users/gabrielroger/Documents/projects/weather-data/.venv/lib/python3.9/site-packages/airflow/example_dags/example_branch_python_dop_operator_3.py
[2023-03-23 22:59:53,786] {logging_mixin.py:115} INFO - [2023-03-23 22:59:53,786] {dag.py:2379} INFO - Sync 1 DAGs
[2023-03-23 22:59:53,795] {logging_mixin.py:115} INFO - [2023-03-23 22:59:53,795] {dag.py:2927} INFO - Setting next_dagrun for example_branch_dop_operator_v3 to 2023-03-24T01:58:00+00:00, run_after=2023-03-24T01:59:00+00:00
[2023-03-23 22:59:53,800] {processor.py:161} INFO - Processing /Users/gabrielroger/Documents/projects/weather-data/.venv/lib/python3.9/site-packages/airflow/example_dags/example_branch_python_dop_operator_3.py took 0.059 seconds
[2023-03-23 23:00:47,672] {processor.py:153} INFO - Started process (PID=1985) to work on /Users/gabrielroger/Documents/projects/weather-data/.venv/lib/python3.9/site-packages/airflow/example_dags/example_branch_python_dop_operator_3.py
[2023-03-23 23:00:47,673] {processor.py:641} INFO - Processing file /Users/gabrielroger/Documents/projects/weather-data/.venv/lib/python3.9/site-packages/airflow/example_dags/example_branch_python_dop_operator_3.py for tasks to queue
[2023-03-23 23:00:47,673] {logging_mixin.py:115} INFO - [2023-03-23 23:00:47,673] {dagbag.py:507} INFO - Filling up the DagBag from /Users/gabrielroger/Documents/projects/weather-data/.venv/lib/python3.9/site-packages/airflow/example_dags/example_branch_python_dop_operator_3.py
[2023-03-23 23:00:47,688] {processor.py:651} INFO - DAG(s) dict_keys(['example_branch_dop_operator_v3']) retrieved from /Users/gabrielroger/Documents/projects/weather-data/.venv/lib/python3.9/site-packages/airflow/example_dags/example_branch_python_dop_operator_3.py
[2023-03-23 23:00:47,718] {logging_mixin.py:115} INFO - [2023-03-23 23:00:47,717] {dag.py:2379} INFO - Sync 1 DAGs
[2023-03-23 23:00:47,727] {logging_mixin.py:115} INFO - [2023-03-23 23:00:47,727] {dag.py:2927} INFO - Setting next_dagrun for example_branch_dop_operator_v3 to 2023-03-24T01:59:00+00:00, run_after=2023-03-24T02:00:00+00:00
[2023-03-23 23:00:47,733] {processor.py:161} INFO - Processing /Users/gabrielroger/Documents/projects/weather-data/.venv/lib/python3.9/site-packages/airflow/example_dags/example_branch_python_dop_operator_3.py took 0.061 seconds
[2023-03-23 23:01:39,741] {processor.py:153} INFO - Started process (PID=2032) to work on /Users/gabrielroger/Documents/projects/weather-data/.venv/lib/python3.9/site-packages/airflow/example_dags/example_branch_python_dop_operator_3.py
[2023-03-23 23:01:39,742] {processor.py:641} INFO - Processing file /Users/gabrielroger/Documents/projects/weather-data/.venv/lib/python3.9/site-packages/airflow/example_dags/example_branch_python_dop_operator_3.py for tasks to queue
[2023-03-23 23:01:39,742] {logging_mixin.py:115} INFO - [2023-03-23 23:01:39,742] {dagbag.py:507} INFO - Filling up the DagBag from /Users/gabrielroger/Documents/projects/weather-data/.venv/lib/python3.9/site-packages/airflow/example_dags/example_branch_python_dop_operator_3.py
[2023-03-23 23:01:39,757] {processor.py:651} INFO - DAG(s) dict_keys(['example_branch_dop_operator_v3']) retrieved from /Users/gabrielroger/Documents/projects/weather-data/.venv/lib/python3.9/site-packages/airflow/example_dags/example_branch_python_dop_operator_3.py
[2023-03-23 23:01:39,788] {logging_mixin.py:115} INFO - [2023-03-23 23:01:39,788] {dag.py:2379} INFO - Sync 1 DAGs
[2023-03-23 23:01:39,798] {logging_mixin.py:115} INFO - [2023-03-23 23:01:39,798] {dag.py:2927} INFO - Setting next_dagrun for example_branch_dop_operator_v3 to 2023-03-24T02:00:00+00:00, run_after=2023-03-24T02:01:00+00:00
[2023-03-23 23:01:39,804] {processor.py:161} INFO - Processing /Users/gabrielroger/Documents/projects/weather-data/.venv/lib/python3.9/site-packages/airflow/example_dags/example_branch_python_dop_operator_3.py took 0.063 seconds
[2023-03-23 23:02:59,971] {processor.py:153} INFO - Started process (PID=2108) to work on /Users/gabrielroger/Documents/projects/weather-data/.venv/lib/python3.9/site-packages/airflow/example_dags/example_branch_python_dop_operator_3.py
[2023-03-23 23:02:59,972] {processor.py:641} INFO - Processing file /Users/gabrielroger/Documents/projects/weather-data/.venv/lib/python3.9/site-packages/airflow/example_dags/example_branch_python_dop_operator_3.py for tasks to queue
[2023-03-23 23:02:59,972] {logging_mixin.py:115} INFO - [2023-03-23 23:02:59,972] {dagbag.py:507} INFO - Filling up the DagBag from /Users/gabrielroger/Documents/projects/weather-data/.venv/lib/python3.9/site-packages/airflow/example_dags/example_branch_python_dop_operator_3.py
[2023-03-23 23:02:59,987] {processor.py:651} INFO - DAG(s) dict_keys(['example_branch_dop_operator_v3']) retrieved from /Users/gabrielroger/Documents/projects/weather-data/.venv/lib/python3.9/site-packages/airflow/example_dags/example_branch_python_dop_operator_3.py
[2023-03-23 23:03:00,018] {logging_mixin.py:115} INFO - [2023-03-23 23:03:00,018] {dag.py:2379} INFO - Sync 1 DAGs
[2023-03-23 23:03:00,028] {logging_mixin.py:115} INFO - [2023-03-23 23:03:00,028] {dag.py:2927} INFO - Setting next_dagrun for example_branch_dop_operator_v3 to 2023-03-24T02:02:00+00:00, run_after=2023-03-24T02:03:00+00:00
[2023-03-23 23:03:00,034] {processor.py:161} INFO - Processing /Users/gabrielroger/Documents/projects/weather-data/.venv/lib/python3.9/site-packages/airflow/example_dags/example_branch_python_dop_operator_3.py took 0.062 seconds
[2023-03-23 23:03:58,905] {processor.py:153} INFO - Started process (PID=2156) to work on /Users/gabrielroger/Documents/projects/weather-data/.venv/lib/python3.9/site-packages/airflow/example_dags/example_branch_python_dop_operator_3.py
[2023-03-23 23:03:58,906] {processor.py:641} INFO - Processing file /Users/gabrielroger/Documents/projects/weather-data/.venv/lib/python3.9/site-packages/airflow/example_dags/example_branch_python_dop_operator_3.py for tasks to queue
[2023-03-23 23:03:58,906] {logging_mixin.py:115} INFO - [2023-03-23 23:03:58,906] {dagbag.py:507} INFO - Filling up the DagBag from /Users/gabrielroger/Documents/projects/weather-data/.venv/lib/python3.9/site-packages/airflow/example_dags/example_branch_python_dop_operator_3.py
[2023-03-23 23:03:58,920] {processor.py:651} INFO - DAG(s) dict_keys(['example_branch_dop_operator_v3']) retrieved from /Users/gabrielroger/Documents/projects/weather-data/.venv/lib/python3.9/site-packages/airflow/example_dags/example_branch_python_dop_operator_3.py
[2023-03-23 23:03:58,949] {logging_mixin.py:115} INFO - [2023-03-23 23:03:58,949] {dag.py:2379} INFO - Sync 1 DAGs
[2023-03-23 23:03:58,959] {logging_mixin.py:115} INFO - [2023-03-23 23:03:58,959] {dag.py:2927} INFO - Setting next_dagrun for example_branch_dop_operator_v3 to 2023-03-24T02:02:00+00:00, run_after=2023-03-24T02:03:00+00:00
[2023-03-23 23:03:58,964] {processor.py:161} INFO - Processing /Users/gabrielroger/Documents/projects/weather-data/.venv/lib/python3.9/site-packages/airflow/example_dags/example_branch_python_dop_operator_3.py took 0.060 seconds
[2023-03-23 23:04:53,740] {processor.py:153} INFO - Started process (PID=2197) to work on /Users/gabrielroger/Documents/projects/weather-data/.venv/lib/python3.9/site-packages/airflow/example_dags/example_branch_python_dop_operator_3.py
[2023-03-23 23:04:53,741] {processor.py:641} INFO - Processing file /Users/gabrielroger/Documents/projects/weather-data/.venv/lib/python3.9/site-packages/airflow/example_dags/example_branch_python_dop_operator_3.py for tasks to queue
[2023-03-23 23:04:53,741] {logging_mixin.py:115} INFO - [2023-03-23 23:04:53,741] {dagbag.py:507} INFO - Filling up the DagBag from /Users/gabrielroger/Documents/projects/weather-data/.venv/lib/python3.9/site-packages/airflow/example_dags/example_branch_python_dop_operator_3.py
[2023-03-23 23:04:53,756] {processor.py:651} INFO - DAG(s) dict_keys(['example_branch_dop_operator_v3']) retrieved from /Users/gabrielroger/Documents/projects/weather-data/.venv/lib/python3.9/site-packages/airflow/example_dags/example_branch_python_dop_operator_3.py
[2023-03-23 23:04:53,785] {logging_mixin.py:115} INFO - [2023-03-23 23:04:53,785] {dag.py:2379} INFO - Sync 1 DAGs
[2023-03-23 23:04:53,795] {logging_mixin.py:115} INFO - [2023-03-23 23:04:53,795] {dag.py:2927} INFO - Setting next_dagrun for example_branch_dop_operator_v3 to 2023-03-24T02:03:00+00:00, run_after=2023-03-24T02:04:00+00:00
[2023-03-23 23:04:53,800] {processor.py:161} INFO - Processing /Users/gabrielroger/Documents/projects/weather-data/.venv/lib/python3.9/site-packages/airflow/example_dags/example_branch_python_dop_operator_3.py took 0.060 seconds
[2023-03-23 23:05:52,509] {processor.py:153} INFO - Started process (PID=2244) to work on /Users/gabrielroger/Documents/projects/weather-data/.venv/lib/python3.9/site-packages/airflow/example_dags/example_branch_python_dop_operator_3.py
[2023-03-23 23:05:52,509] {processor.py:641} INFO - Processing file /Users/gabrielroger/Documents/projects/weather-data/.venv/lib/python3.9/site-packages/airflow/example_dags/example_branch_python_dop_operator_3.py for tasks to queue
[2023-03-23 23:05:52,509] {logging_mixin.py:115} INFO - [2023-03-23 23:05:52,509] {dagbag.py:507} INFO - Filling up the DagBag from /Users/gabrielroger/Documents/projects/weather-data/.venv/lib/python3.9/site-packages/airflow/example_dags/example_branch_python_dop_operator_3.py
[2023-03-23 23:05:52,523] {processor.py:651} INFO - DAG(s) dict_keys(['example_branch_dop_operator_v3']) retrieved from /Users/gabrielroger/Documents/projects/weather-data/.venv/lib/python3.9/site-packages/airflow/example_dags/example_branch_python_dop_operator_3.py
[2023-03-23 23:05:52,553] {logging_mixin.py:115} INFO - [2023-03-23 23:05:52,553] {dag.py:2379} INFO - Sync 1 DAGs
[2023-03-23 23:05:52,563] {logging_mixin.py:115} INFO - [2023-03-23 23:05:52,563] {dag.py:2927} INFO - Setting next_dagrun for example_branch_dop_operator_v3 to 2023-03-24T02:04:00+00:00, run_after=2023-03-24T02:05:00+00:00
[2023-03-23 23:05:52,568] {processor.py:161} INFO - Processing /Users/gabrielroger/Documents/projects/weather-data/.venv/lib/python3.9/site-packages/airflow/example_dags/example_branch_python_dop_operator_3.py took 0.060 seconds
[2023-03-23 23:07:02,426] {processor.py:153} INFO - Started process (PID=2308) to work on /Users/gabrielroger/Documents/projects/weather-data/.venv/lib/python3.9/site-packages/airflow/example_dags/example_branch_python_dop_operator_3.py
[2023-03-23 23:07:02,427] {processor.py:641} INFO - Processing file /Users/gabrielroger/Documents/projects/weather-data/.venv/lib/python3.9/site-packages/airflow/example_dags/example_branch_python_dop_operator_3.py for tasks to queue
[2023-03-23 23:07:02,427] {logging_mixin.py:115} INFO - [2023-03-23 23:07:02,427] {dagbag.py:507} INFO - Filling up the DagBag from /Users/gabrielroger/Documents/projects/weather-data/.venv/lib/python3.9/site-packages/airflow/example_dags/example_branch_python_dop_operator_3.py
[2023-03-23 23:07:02,442] {processor.py:651} INFO - DAG(s) dict_keys(['example_branch_dop_operator_v3']) retrieved from /Users/gabrielroger/Documents/projects/weather-data/.venv/lib/python3.9/site-packages/airflow/example_dags/example_branch_python_dop_operator_3.py
[2023-03-23 23:07:02,472] {logging_mixin.py:115} INFO - [2023-03-23 23:07:02,472] {dag.py:2379} INFO - Sync 1 DAGs
[2023-03-23 23:07:02,481] {logging_mixin.py:115} INFO - [2023-03-23 23:07:02,481] {dag.py:2927} INFO - Setting next_dagrun for example_branch_dop_operator_v3 to 2023-03-24T02:06:00+00:00, run_after=2023-03-24T02:07:00+00:00
[2023-03-23 23:07:02,486] {processor.py:161} INFO - Processing /Users/gabrielroger/Documents/projects/weather-data/.venv/lib/python3.9/site-packages/airflow/example_dags/example_branch_python_dop_operator_3.py took 0.060 seconds
[2023-03-23 23:08:22,996] {processor.py:153} INFO - Started process (PID=2379) to work on /Users/gabrielroger/Documents/projects/weather-data/.venv/lib/python3.9/site-packages/airflow/example_dags/example_branch_python_dop_operator_3.py
[2023-03-23 23:08:22,997] {processor.py:641} INFO - Processing file /Users/gabrielroger/Documents/projects/weather-data/.venv/lib/python3.9/site-packages/airflow/example_dags/example_branch_python_dop_operator_3.py for tasks to queue
[2023-03-23 23:08:22,997] {logging_mixin.py:115} INFO - [2023-03-23 23:08:22,997] {dagbag.py:507} INFO - Filling up the DagBag from /Users/gabrielroger/Documents/projects/weather-data/.venv/lib/python3.9/site-packages/airflow/example_dags/example_branch_python_dop_operator_3.py
[2023-03-23 23:08:23,012] {processor.py:651} INFO - DAG(s) dict_keys(['example_branch_dop_operator_v3']) retrieved from /Users/gabrielroger/Documents/projects/weather-data/.venv/lib/python3.9/site-packages/airflow/example_dags/example_branch_python_dop_operator_3.py
[2023-03-23 23:08:23,043] {logging_mixin.py:115} INFO - [2023-03-23 23:08:23,043] {dag.py:2379} INFO - Sync 1 DAGs
[2023-03-23 23:08:23,053] {logging_mixin.py:115} INFO - [2023-03-23 23:08:23,053] {dag.py:2927} INFO - Setting next_dagrun for example_branch_dop_operator_v3 to 2023-03-24T02:07:00+00:00, run_after=2023-03-24T02:08:00+00:00
[2023-03-23 23:08:23,059] {processor.py:161} INFO - Processing /Users/gabrielroger/Documents/projects/weather-data/.venv/lib/python3.9/site-packages/airflow/example_dags/example_branch_python_dop_operator_3.py took 0.063 seconds
[2023-03-23 23:09:14,940] {processor.py:153} INFO - Started process (PID=2417) to work on /Users/gabrielroger/Documents/projects/weather-data/.venv/lib/python3.9/site-packages/airflow/example_dags/example_branch_python_dop_operator_3.py
[2023-03-23 23:09:14,941] {processor.py:641} INFO - Processing file /Users/gabrielroger/Documents/projects/weather-data/.venv/lib/python3.9/site-packages/airflow/example_dags/example_branch_python_dop_operator_3.py for tasks to queue
[2023-03-23 23:09:14,941] {logging_mixin.py:115} INFO - [2023-03-23 23:09:14,941] {dagbag.py:507} INFO - Filling up the DagBag from /Users/gabrielroger/Documents/projects/weather-data/.venv/lib/python3.9/site-packages/airflow/example_dags/example_branch_python_dop_operator_3.py
[2023-03-23 23:09:14,956] {processor.py:651} INFO - DAG(s) dict_keys(['example_branch_dop_operator_v3']) retrieved from /Users/gabrielroger/Documents/projects/weather-data/.venv/lib/python3.9/site-packages/airflow/example_dags/example_branch_python_dop_operator_3.py
[2023-03-23 23:09:14,985] {logging_mixin.py:115} INFO - [2023-03-23 23:09:14,985] {dag.py:2379} INFO - Sync 1 DAGs
[2023-03-23 23:09:14,996] {logging_mixin.py:115} INFO - [2023-03-23 23:09:14,996] {dag.py:2927} INFO - Setting next_dagrun for example_branch_dop_operator_v3 to 2023-03-24T02:08:00+00:00, run_after=2023-03-24T02:09:00+00:00
[2023-03-23 23:09:15,001] {processor.py:161} INFO - Processing /Users/gabrielroger/Documents/projects/weather-data/.venv/lib/python3.9/site-packages/airflow/example_dags/example_branch_python_dop_operator_3.py took 0.061 seconds
[2023-03-23 23:10:17,607] {processor.py:153} INFO - Started process (PID=2465) to work on /Users/gabrielroger/Documents/projects/weather-data/.venv/lib/python3.9/site-packages/airflow/example_dags/example_branch_python_dop_operator_3.py
[2023-03-23 23:10:17,607] {processor.py:641} INFO - Processing file /Users/gabrielroger/Documents/projects/weather-data/.venv/lib/python3.9/site-packages/airflow/example_dags/example_branch_python_dop_operator_3.py for tasks to queue
[2023-03-23 23:10:17,607] {logging_mixin.py:115} INFO - [2023-03-23 23:10:17,607] {dagbag.py:507} INFO - Filling up the DagBag from /Users/gabrielroger/Documents/projects/weather-data/.venv/lib/python3.9/site-packages/airflow/example_dags/example_branch_python_dop_operator_3.py
[2023-03-23 23:10:17,622] {processor.py:651} INFO - DAG(s) dict_keys(['example_branch_dop_operator_v3']) retrieved from /Users/gabrielroger/Documents/projects/weather-data/.venv/lib/python3.9/site-packages/airflow/example_dags/example_branch_python_dop_operator_3.py
[2023-03-23 23:10:17,651] {logging_mixin.py:115} INFO - [2023-03-23 23:10:17,651] {dag.py:2379} INFO - Sync 1 DAGs
[2023-03-23 23:10:17,661] {logging_mixin.py:115} INFO - [2023-03-23 23:10:17,661] {dag.py:2927} INFO - Setting next_dagrun for example_branch_dop_operator_v3 to 2023-03-24T02:09:00+00:00, run_after=2023-03-24T02:10:00+00:00
[2023-03-23 23:10:17,667] {processor.py:161} INFO - Processing /Users/gabrielroger/Documents/projects/weather-data/.venv/lib/python3.9/site-packages/airflow/example_dags/example_branch_python_dop_operator_3.py took 0.060 seconds
