[2023-03-23 22:57:23,718] {processor.py:153} INFO - Started process (PID=1818) to work on /Users/gabrielroger/Documents/projects/weather-data/.venv/lib/python3.9/site-packages/airflow/example_dags/example_xcom.py
[2023-03-23 22:57:23,719] {processor.py:641} INFO - Processing file /Users/gabrielroger/Documents/projects/weather-data/.venv/lib/python3.9/site-packages/airflow/example_dags/example_xcom.py for tasks to queue
[2023-03-23 22:57:23,719] {logging_mixin.py:115} INFO - [2023-03-23 22:57:23,719] {dagbag.py:507} INFO - Filling up the DagBag from /Users/gabrielroger/Documents/projects/weather-data/.venv/lib/python3.9/site-packages/airflow/example_dags/example_xcom.py
[2023-03-23 22:57:23,737] {processor.py:651} INFO - DAG(s) dict_keys(['example_xcom']) retrieved from /Users/gabrielroger/Documents/projects/weather-data/.venv/lib/python3.9/site-packages/airflow/example_dags/example_xcom.py
[2023-03-23 22:57:24,063] {logging_mixin.py:115} INFO - [2023-03-23 22:57:24,063] {dag.py:2379} INFO - Sync 1 DAGs
[2023-03-23 22:57:24,071] {logging_mixin.py:115} INFO - [2023-03-23 22:57:24,071] {dag.py:2927} INFO - Setting next_dagrun for example_xcom to 2021-01-01T00:00:00+00:00, run_after=2021-01-01T00:00:00+00:00
[2023-03-23 22:57:24,079] {processor.py:161} INFO - Processing /Users/gabrielroger/Documents/projects/weather-data/.venv/lib/python3.9/site-packages/airflow/example_dags/example_xcom.py took 0.361 seconds
[2023-03-23 22:58:14,359] {processor.py:153} INFO - Started process (PID=1856) to work on /Users/gabrielroger/Documents/projects/weather-data/.venv/lib/python3.9/site-packages/airflow/example_dags/example_xcom.py
[2023-03-23 22:58:14,360] {processor.py:641} INFO - Processing file /Users/gabrielroger/Documents/projects/weather-data/.venv/lib/python3.9/site-packages/airflow/example_dags/example_xcom.py for tasks to queue
[2023-03-23 22:58:14,360] {logging_mixin.py:115} INFO - [2023-03-23 22:58:14,360] {dagbag.py:507} INFO - Filling up the DagBag from /Users/gabrielroger/Documents/projects/weather-data/.venv/lib/python3.9/site-packages/airflow/example_dags/example_xcom.py
[2023-03-23 22:58:14,378] {processor.py:651} INFO - DAG(s) dict_keys(['example_xcom']) retrieved from /Users/gabrielroger/Documents/projects/weather-data/.venv/lib/python3.9/site-packages/airflow/example_dags/example_xcom.py
[2023-03-23 22:58:14,676] {logging_mixin.py:115} INFO - [2023-03-23 22:58:14,676] {dag.py:2379} INFO - Sync 1 DAGs
[2023-03-23 22:58:14,683] {logging_mixin.py:115} INFO - [2023-03-23 22:58:14,683] {dag.py:2927} INFO - Setting next_dagrun for example_xcom to 2021-01-01T00:00:00+00:00, run_after=2021-01-01T00:00:00+00:00
[2023-03-23 22:58:14,689] {processor.py:161} INFO - Processing /Users/gabrielroger/Documents/projects/weather-data/.venv/lib/python3.9/site-packages/airflow/example_dags/example_xcom.py took 0.331 seconds
[2023-03-23 22:59:03,447] {processor.py:153} INFO - Started process (PID=1898) to work on /Users/gabrielroger/Documents/projects/weather-data/.venv/lib/python3.9/site-packages/airflow/example_dags/example_xcom.py
[2023-03-23 22:59:03,448] {processor.py:641} INFO - Processing file /Users/gabrielroger/Documents/projects/weather-data/.venv/lib/python3.9/site-packages/airflow/example_dags/example_xcom.py for tasks to queue
[2023-03-23 22:59:03,448] {logging_mixin.py:115} INFO - [2023-03-23 22:59:03,448] {dagbag.py:507} INFO - Filling up the DagBag from /Users/gabrielroger/Documents/projects/weather-data/.venv/lib/python3.9/site-packages/airflow/example_dags/example_xcom.py
[2023-03-23 22:59:03,466] {processor.py:651} INFO - DAG(s) dict_keys(['example_xcom']) retrieved from /Users/gabrielroger/Documents/projects/weather-data/.venv/lib/python3.9/site-packages/airflow/example_dags/example_xcom.py
[2023-03-23 22:59:03,774] {logging_mixin.py:115} INFO - [2023-03-23 22:59:03,774] {dag.py:2379} INFO - Sync 1 DAGs
[2023-03-23 22:59:03,781] {logging_mixin.py:115} INFO - [2023-03-23 22:59:03,780] {dag.py:2927} INFO - Setting next_dagrun for example_xcom to 2021-01-01T00:00:00+00:00, run_after=2021-01-01T00:00:00+00:00
[2023-03-23 22:59:03,787] {processor.py:161} INFO - Processing /Users/gabrielroger/Documents/projects/weather-data/.venv/lib/python3.9/site-packages/airflow/example_dags/example_xcom.py took 0.340 seconds
[2023-03-23 22:59:44,044] {processor.py:153} INFO - Started process (PID=1928) to work on /Users/gabrielroger/Documents/projects/weather-data/.venv/lib/python3.9/site-packages/airflow/example_dags/example_xcom.py
[2023-03-23 22:59:44,045] {processor.py:641} INFO - Processing file /Users/gabrielroger/Documents/projects/weather-data/.venv/lib/python3.9/site-packages/airflow/example_dags/example_xcom.py for tasks to queue
[2023-03-23 22:59:44,045] {logging_mixin.py:115} INFO - [2023-03-23 22:59:44,045] {dagbag.py:507} INFO - Filling up the DagBag from /Users/gabrielroger/Documents/projects/weather-data/.venv/lib/python3.9/site-packages/airflow/example_dags/example_xcom.py
[2023-03-23 22:59:44,063] {processor.py:651} INFO - DAG(s) dict_keys(['example_xcom']) retrieved from /Users/gabrielroger/Documents/projects/weather-data/.venv/lib/python3.9/site-packages/airflow/example_dags/example_xcom.py
[2023-03-23 22:59:44,374] {logging_mixin.py:115} INFO - [2023-03-23 22:59:44,374] {dag.py:2379} INFO - Sync 1 DAGs
[2023-03-23 22:59:44,381] {logging_mixin.py:115} INFO - [2023-03-23 22:59:44,381] {dag.py:2927} INFO - Setting next_dagrun for example_xcom to 2021-01-01T00:00:00+00:00, run_after=2021-01-01T00:00:00+00:00
[2023-03-23 22:59:44,387] {processor.py:161} INFO - Processing /Users/gabrielroger/Documents/projects/weather-data/.venv/lib/python3.9/site-packages/airflow/example_dags/example_xcom.py took 0.344 seconds
[2023-03-23 23:00:18,869] {processor.py:153} INFO - Started process (PID=1962) to work on /Users/gabrielroger/Documents/projects/weather-data/.venv/lib/python3.9/site-packages/airflow/example_dags/example_xcom.py
[2023-03-23 23:00:18,870] {processor.py:641} INFO - Processing file /Users/gabrielroger/Documents/projects/weather-data/.venv/lib/python3.9/site-packages/airflow/example_dags/example_xcom.py for tasks to queue
[2023-03-23 23:00:18,870] {logging_mixin.py:115} INFO - [2023-03-23 23:00:18,870] {dagbag.py:507} INFO - Filling up the DagBag from /Users/gabrielroger/Documents/projects/weather-data/.venv/lib/python3.9/site-packages/airflow/example_dags/example_xcom.py
[2023-03-23 23:00:18,889] {processor.py:651} INFO - DAG(s) dict_keys(['example_xcom']) retrieved from /Users/gabrielroger/Documents/projects/weather-data/.venv/lib/python3.9/site-packages/airflow/example_dags/example_xcom.py
[2023-03-23 23:00:19,208] {logging_mixin.py:115} INFO - [2023-03-23 23:00:19,207] {dag.py:2379} INFO - Sync 1 DAGs
[2023-03-23 23:00:19,215] {logging_mixin.py:115} INFO - [2023-03-23 23:00:19,215] {dag.py:2927} INFO - Setting next_dagrun for example_xcom to 2021-01-01T00:00:00+00:00, run_after=2021-01-01T00:00:00+00:00
[2023-03-23 23:00:19,223] {processor.py:161} INFO - Processing /Users/gabrielroger/Documents/projects/weather-data/.venv/lib/python3.9/site-packages/airflow/example_dags/example_xcom.py took 0.354 seconds
[2023-03-23 23:01:10,311] {processor.py:153} INFO - Started process (PID=2001) to work on /Users/gabrielroger/Documents/projects/weather-data/.venv/lib/python3.9/site-packages/airflow/example_dags/example_xcom.py
[2023-03-23 23:01:10,312] {processor.py:641} INFO - Processing file /Users/gabrielroger/Documents/projects/weather-data/.venv/lib/python3.9/site-packages/airflow/example_dags/example_xcom.py for tasks to queue
[2023-03-23 23:01:10,312] {logging_mixin.py:115} INFO - [2023-03-23 23:01:10,312] {dagbag.py:507} INFO - Filling up the DagBag from /Users/gabrielroger/Documents/projects/weather-data/.venv/lib/python3.9/site-packages/airflow/example_dags/example_xcom.py
[2023-03-23 23:01:10,331] {processor.py:651} INFO - DAG(s) dict_keys(['example_xcom']) retrieved from /Users/gabrielroger/Documents/projects/weather-data/.venv/lib/python3.9/site-packages/airflow/example_dags/example_xcom.py
[2023-03-23 23:01:10,643] {logging_mixin.py:115} INFO - [2023-03-23 23:01:10,643] {dag.py:2379} INFO - Sync 1 DAGs
[2023-03-23 23:01:10,650] {logging_mixin.py:115} INFO - [2023-03-23 23:01:10,649] {dag.py:2927} INFO - Setting next_dagrun for example_xcom to 2021-01-01T00:00:00+00:00, run_after=2021-01-01T00:00:00+00:00
[2023-03-23 23:01:10,656] {processor.py:161} INFO - Processing /Users/gabrielroger/Documents/projects/weather-data/.venv/lib/python3.9/site-packages/airflow/example_dags/example_xcom.py took 0.345 seconds
[2023-03-23 23:01:55,021] {processor.py:153} INFO - Started process (PID=2042) to work on /Users/gabrielroger/Documents/projects/weather-data/.venv/lib/python3.9/site-packages/airflow/example_dags/example_xcom.py
[2023-03-23 23:01:55,022] {processor.py:641} INFO - Processing file /Users/gabrielroger/Documents/projects/weather-data/.venv/lib/python3.9/site-packages/airflow/example_dags/example_xcom.py for tasks to queue
[2023-03-23 23:01:55,022] {logging_mixin.py:115} INFO - [2023-03-23 23:01:55,022] {dagbag.py:507} INFO - Filling up the DagBag from /Users/gabrielroger/Documents/projects/weather-data/.venv/lib/python3.9/site-packages/airflow/example_dags/example_xcom.py
[2023-03-23 23:01:55,040] {processor.py:651} INFO - DAG(s) dict_keys(['example_xcom']) retrieved from /Users/gabrielroger/Documents/projects/weather-data/.venv/lib/python3.9/site-packages/airflow/example_dags/example_xcom.py
[2023-03-23 23:01:55,349] {logging_mixin.py:115} INFO - [2023-03-23 23:01:55,349] {dag.py:2379} INFO - Sync 1 DAGs
[2023-03-23 23:01:55,355] {logging_mixin.py:115} INFO - [2023-03-23 23:01:55,355] {dag.py:2927} INFO - Setting next_dagrun for example_xcom to 2021-01-01T00:00:00+00:00, run_after=2021-01-01T00:00:00+00:00
[2023-03-23 23:01:55,362] {processor.py:161} INFO - Processing /Users/gabrielroger/Documents/projects/weather-data/.venv/lib/python3.9/site-packages/airflow/example_dags/example_xcom.py took 0.341 seconds
[2023-03-23 23:02:31,239] {processor.py:153} INFO - Started process (PID=2078) to work on /Users/gabrielroger/Documents/projects/weather-data/.venv/lib/python3.9/site-packages/airflow/example_dags/example_xcom.py
[2023-03-23 23:02:31,240] {processor.py:641} INFO - Processing file /Users/gabrielroger/Documents/projects/weather-data/.venv/lib/python3.9/site-packages/airflow/example_dags/example_xcom.py for tasks to queue
[2023-03-23 23:02:31,240] {logging_mixin.py:115} INFO - [2023-03-23 23:02:31,240] {dagbag.py:507} INFO - Filling up the DagBag from /Users/gabrielroger/Documents/projects/weather-data/.venv/lib/python3.9/site-packages/airflow/example_dags/example_xcom.py
[2023-03-23 23:02:31,258] {processor.py:651} INFO - DAG(s) dict_keys(['example_xcom']) retrieved from /Users/gabrielroger/Documents/projects/weather-data/.venv/lib/python3.9/site-packages/airflow/example_dags/example_xcom.py
[2023-03-23 23:02:31,564] {logging_mixin.py:115} INFO - [2023-03-23 23:02:31,564] {dag.py:2379} INFO - Sync 1 DAGs
[2023-03-23 23:02:31,571] {logging_mixin.py:115} INFO - [2023-03-23 23:02:31,571] {dag.py:2927} INFO - Setting next_dagrun for example_xcom to 2021-01-01T00:00:00+00:00, run_after=2021-01-01T00:00:00+00:00
[2023-03-23 23:02:31,577] {processor.py:161} INFO - Processing /Users/gabrielroger/Documents/projects/weather-data/.venv/lib/python3.9/site-packages/airflow/example_dags/example_xcom.py took 0.339 seconds
[2023-03-23 23:03:20,466] {processor.py:153} INFO - Started process (PID=2128) to work on /Users/gabrielroger/Documents/projects/weather-data/.venv/lib/python3.9/site-packages/airflow/example_dags/example_xcom.py
[2023-03-23 23:03:20,467] {processor.py:641} INFO - Processing file /Users/gabrielroger/Documents/projects/weather-data/.venv/lib/python3.9/site-packages/airflow/example_dags/example_xcom.py for tasks to queue
[2023-03-23 23:03:20,467] {logging_mixin.py:115} INFO - [2023-03-23 23:03:20,467] {dagbag.py:507} INFO - Filling up the DagBag from /Users/gabrielroger/Documents/projects/weather-data/.venv/lib/python3.9/site-packages/airflow/example_dags/example_xcom.py
[2023-03-23 23:03:20,486] {processor.py:651} INFO - DAG(s) dict_keys(['example_xcom']) retrieved from /Users/gabrielroger/Documents/projects/weather-data/.venv/lib/python3.9/site-packages/airflow/example_dags/example_xcom.py
[2023-03-23 23:03:20,801] {logging_mixin.py:115} INFO - [2023-03-23 23:03:20,801] {dag.py:2379} INFO - Sync 1 DAGs
[2023-03-23 23:03:20,808] {logging_mixin.py:115} INFO - [2023-03-23 23:03:20,807] {dag.py:2927} INFO - Setting next_dagrun for example_xcom to 2021-01-01T00:00:00+00:00, run_after=2021-01-01T00:00:00+00:00
[2023-03-23 23:03:20,814] {processor.py:161} INFO - Processing /Users/gabrielroger/Documents/projects/weather-data/.venv/lib/python3.9/site-packages/airflow/example_dags/example_xcom.py took 0.348 seconds
[2023-03-23 23:04:09,710] {processor.py:153} INFO - Started process (PID=2166) to work on /Users/gabrielroger/Documents/projects/weather-data/.venv/lib/python3.9/site-packages/airflow/example_dags/example_xcom.py
[2023-03-23 23:04:09,711] {processor.py:641} INFO - Processing file /Users/gabrielroger/Documents/projects/weather-data/.venv/lib/python3.9/site-packages/airflow/example_dags/example_xcom.py for tasks to queue
[2023-03-23 23:04:09,711] {logging_mixin.py:115} INFO - [2023-03-23 23:04:09,711] {dagbag.py:507} INFO - Filling up the DagBag from /Users/gabrielroger/Documents/projects/weather-data/.venv/lib/python3.9/site-packages/airflow/example_dags/example_xcom.py
[2023-03-23 23:04:09,729] {processor.py:651} INFO - DAG(s) dict_keys(['example_xcom']) retrieved from /Users/gabrielroger/Documents/projects/weather-data/.venv/lib/python3.9/site-packages/airflow/example_dags/example_xcom.py
[2023-03-23 23:04:10,039] {logging_mixin.py:115} INFO - [2023-03-23 23:04:10,038] {dag.py:2379} INFO - Sync 1 DAGs
[2023-03-23 23:04:10,045] {logging_mixin.py:115} INFO - [2023-03-23 23:04:10,045] {dag.py:2927} INFO - Setting next_dagrun for example_xcom to 2021-01-01T00:00:00+00:00, run_after=2021-01-01T00:00:00+00:00
[2023-03-23 23:04:10,052] {processor.py:161} INFO - Processing /Users/gabrielroger/Documents/projects/weather-data/.venv/lib/python3.9/site-packages/airflow/example_dags/example_xcom.py took 0.342 seconds
[2023-03-23 23:04:48,415] {processor.py:153} INFO - Started process (PID=2193) to work on /Users/gabrielroger/Documents/projects/weather-data/.venv/lib/python3.9/site-packages/airflow/example_dags/example_xcom.py
[2023-03-23 23:04:48,415] {processor.py:641} INFO - Processing file /Users/gabrielroger/Documents/projects/weather-data/.venv/lib/python3.9/site-packages/airflow/example_dags/example_xcom.py for tasks to queue
[2023-03-23 23:04:48,415] {logging_mixin.py:115} INFO - [2023-03-23 23:04:48,415] {dagbag.py:507} INFO - Filling up the DagBag from /Users/gabrielroger/Documents/projects/weather-data/.venv/lib/python3.9/site-packages/airflow/example_dags/example_xcom.py
[2023-03-23 23:04:48,434] {processor.py:651} INFO - DAG(s) dict_keys(['example_xcom']) retrieved from /Users/gabrielroger/Documents/projects/weather-data/.venv/lib/python3.9/site-packages/airflow/example_dags/example_xcom.py
[2023-03-23 23:04:48,755] {logging_mixin.py:115} INFO - [2023-03-23 23:04:48,754] {dag.py:2379} INFO - Sync 1 DAGs
[2023-03-23 23:04:48,763] {logging_mixin.py:115} INFO - [2023-03-23 23:04:48,763] {dag.py:2927} INFO - Setting next_dagrun for example_xcom to 2021-01-01T00:00:00+00:00, run_after=2021-01-01T00:00:00+00:00
[2023-03-23 23:04:48,771] {processor.py:161} INFO - Processing /Users/gabrielroger/Documents/projects/weather-data/.venv/lib/python3.9/site-packages/airflow/example_dags/example_xcom.py took 0.357 seconds
[2023-03-23 23:05:28,316] {processor.py:153} INFO - Started process (PID=2225) to work on /Users/gabrielroger/Documents/projects/weather-data/.venv/lib/python3.9/site-packages/airflow/example_dags/example_xcom.py
[2023-03-23 23:05:28,316] {processor.py:641} INFO - Processing file /Users/gabrielroger/Documents/projects/weather-data/.venv/lib/python3.9/site-packages/airflow/example_dags/example_xcom.py for tasks to queue
[2023-03-23 23:05:28,316] {logging_mixin.py:115} INFO - [2023-03-23 23:05:28,316] {dagbag.py:507} INFO - Filling up the DagBag from /Users/gabrielroger/Documents/projects/weather-data/.venv/lib/python3.9/site-packages/airflow/example_dags/example_xcom.py
[2023-03-23 23:05:28,334] {processor.py:651} INFO - DAG(s) dict_keys(['example_xcom']) retrieved from /Users/gabrielroger/Documents/projects/weather-data/.venv/lib/python3.9/site-packages/airflow/example_dags/example_xcom.py
[2023-03-23 23:05:28,640] {logging_mixin.py:115} INFO - [2023-03-23 23:05:28,640] {dag.py:2379} INFO - Sync 1 DAGs
[2023-03-23 23:05:28,646] {logging_mixin.py:115} INFO - [2023-03-23 23:05:28,646] {dag.py:2927} INFO - Setting next_dagrun for example_xcom to 2021-01-01T00:00:00+00:00, run_after=2021-01-01T00:00:00+00:00
[2023-03-23 23:05:28,653] {processor.py:161} INFO - Processing /Users/gabrielroger/Documents/projects/weather-data/.venv/lib/python3.9/site-packages/airflow/example_dags/example_xcom.py took 0.337 seconds
[2023-03-23 23:06:33,633] {processor.py:153} INFO - Started process (PID=2285) to work on /Users/gabrielroger/Documents/projects/weather-data/.venv/lib/python3.9/site-packages/airflow/example_dags/example_xcom.py
[2023-03-23 23:06:33,633] {processor.py:641} INFO - Processing file /Users/gabrielroger/Documents/projects/weather-data/.venv/lib/python3.9/site-packages/airflow/example_dags/example_xcom.py for tasks to queue
[2023-03-23 23:06:33,633] {logging_mixin.py:115} INFO - [2023-03-23 23:06:33,633] {dagbag.py:507} INFO - Filling up the DagBag from /Users/gabrielroger/Documents/projects/weather-data/.venv/lib/python3.9/site-packages/airflow/example_dags/example_xcom.py
[2023-03-23 23:06:33,659] {processor.py:651} INFO - DAG(s) dict_keys(['example_xcom']) retrieved from /Users/gabrielroger/Documents/projects/weather-data/.venv/lib/python3.9/site-packages/airflow/example_dags/example_xcom.py
[2023-03-23 23:06:33,999] {logging_mixin.py:115} INFO - [2023-03-23 23:06:33,998] {dag.py:2379} INFO - Sync 1 DAGs
[2023-03-23 23:06:34,005] {logging_mixin.py:115} INFO - [2023-03-23 23:06:34,005] {dag.py:2927} INFO - Setting next_dagrun for example_xcom to 2021-01-01T00:00:00+00:00, run_after=2021-01-01T00:00:00+00:00
[2023-03-23 23:06:34,012] {processor.py:161} INFO - Processing /Users/gabrielroger/Documents/projects/weather-data/.venv/lib/python3.9/site-packages/airflow/example_dags/example_xcom.py took 0.379 seconds
[2023-03-23 23:07:25,130] {processor.py:153} INFO - Started process (PID=2323) to work on /Users/gabrielroger/Documents/projects/weather-data/.venv/lib/python3.9/site-packages/airflow/example_dags/example_xcom.py
[2023-03-23 23:07:25,131] {processor.py:641} INFO - Processing file /Users/gabrielroger/Documents/projects/weather-data/.venv/lib/python3.9/site-packages/airflow/example_dags/example_xcom.py for tasks to queue
[2023-03-23 23:07:25,131] {logging_mixin.py:115} INFO - [2023-03-23 23:07:25,131] {dagbag.py:507} INFO - Filling up the DagBag from /Users/gabrielroger/Documents/projects/weather-data/.venv/lib/python3.9/site-packages/airflow/example_dags/example_xcom.py
[2023-03-23 23:07:25,149] {processor.py:651} INFO - DAG(s) dict_keys(['example_xcom']) retrieved from /Users/gabrielroger/Documents/projects/weather-data/.venv/lib/python3.9/site-packages/airflow/example_dags/example_xcom.py
[2023-03-23 23:07:25,456] {logging_mixin.py:115} INFO - [2023-03-23 23:07:25,456] {dag.py:2379} INFO - Sync 1 DAGs
[2023-03-23 23:07:25,463] {logging_mixin.py:115} INFO - [2023-03-23 23:07:25,463] {dag.py:2927} INFO - Setting next_dagrun for example_xcom to 2021-01-01T00:00:00+00:00, run_after=2021-01-01T00:00:00+00:00
[2023-03-23 23:07:25,469] {processor.py:161} INFO - Processing /Users/gabrielroger/Documents/projects/weather-data/.venv/lib/python3.9/site-packages/airflow/example_dags/example_xcom.py took 0.339 seconds
[2023-03-23 23:07:55,377] {processor.py:153} INFO - Started process (PID=2354) to work on /Users/gabrielroger/Documents/projects/weather-data/.venv/lib/python3.9/site-packages/airflow/example_dags/example_xcom.py
[2023-03-23 23:07:55,377] {processor.py:641} INFO - Processing file /Users/gabrielroger/Documents/projects/weather-data/.venv/lib/python3.9/site-packages/airflow/example_dags/example_xcom.py for tasks to queue
[2023-03-23 23:07:55,377] {logging_mixin.py:115} INFO - [2023-03-23 23:07:55,377] {dagbag.py:507} INFO - Filling up the DagBag from /Users/gabrielroger/Documents/projects/weather-data/.venv/lib/python3.9/site-packages/airflow/example_dags/example_xcom.py
[2023-03-23 23:07:55,396] {processor.py:651} INFO - DAG(s) dict_keys(['example_xcom']) retrieved from /Users/gabrielroger/Documents/projects/weather-data/.venv/lib/python3.9/site-packages/airflow/example_dags/example_xcom.py
[2023-03-23 23:07:55,744] {logging_mixin.py:115} INFO - [2023-03-23 23:07:55,744] {dag.py:2379} INFO - Sync 1 DAGs
[2023-03-23 23:07:55,755] {logging_mixin.py:115} INFO - [2023-03-23 23:07:55,755] {dag.py:2927} INFO - Setting next_dagrun for example_xcom to 2021-01-01T00:00:00+00:00, run_after=2021-01-01T00:00:00+00:00
[2023-03-23 23:07:55,768] {processor.py:161} INFO - Processing /Users/gabrielroger/Documents/projects/weather-data/.venv/lib/python3.9/site-packages/airflow/example_dags/example_xcom.py took 0.392 seconds
[2023-03-23 23:08:45,377] {processor.py:153} INFO - Started process (PID=2395) to work on /Users/gabrielroger/Documents/projects/weather-data/.venv/lib/python3.9/site-packages/airflow/example_dags/example_xcom.py
[2023-03-23 23:08:45,378] {processor.py:641} INFO - Processing file /Users/gabrielroger/Documents/projects/weather-data/.venv/lib/python3.9/site-packages/airflow/example_dags/example_xcom.py for tasks to queue
[2023-03-23 23:08:45,378] {logging_mixin.py:115} INFO - [2023-03-23 23:08:45,378] {dagbag.py:507} INFO - Filling up the DagBag from /Users/gabrielroger/Documents/projects/weather-data/.venv/lib/python3.9/site-packages/airflow/example_dags/example_xcom.py
[2023-03-23 23:08:45,396] {processor.py:651} INFO - DAG(s) dict_keys(['example_xcom']) retrieved from /Users/gabrielroger/Documents/projects/weather-data/.venv/lib/python3.9/site-packages/airflow/example_dags/example_xcom.py
[2023-03-23 23:08:45,703] {logging_mixin.py:115} INFO - [2023-03-23 23:08:45,703] {dag.py:2379} INFO - Sync 1 DAGs
[2023-03-23 23:08:45,709] {logging_mixin.py:115} INFO - [2023-03-23 23:08:45,709] {dag.py:2927} INFO - Setting next_dagrun for example_xcom to 2021-01-01T00:00:00+00:00, run_after=2021-01-01T00:00:00+00:00
[2023-03-23 23:08:45,716] {processor.py:161} INFO - Processing /Users/gabrielroger/Documents/projects/weather-data/.venv/lib/python3.9/site-packages/airflow/example_dags/example_xcom.py took 0.339 seconds
[2023-03-23 23:09:28,996] {processor.py:153} INFO - Started process (PID=2426) to work on /Users/gabrielroger/Documents/projects/weather-data/.venv/lib/python3.9/site-packages/airflow/example_dags/example_xcom.py
[2023-03-23 23:09:28,997] {processor.py:641} INFO - Processing file /Users/gabrielroger/Documents/projects/weather-data/.venv/lib/python3.9/site-packages/airflow/example_dags/example_xcom.py for tasks to queue
[2023-03-23 23:09:28,997] {logging_mixin.py:115} INFO - [2023-03-23 23:09:28,997] {dagbag.py:507} INFO - Filling up the DagBag from /Users/gabrielroger/Documents/projects/weather-data/.venv/lib/python3.9/site-packages/airflow/example_dags/example_xcom.py
[2023-03-23 23:09:29,015] {processor.py:651} INFO - DAG(s) dict_keys(['example_xcom']) retrieved from /Users/gabrielroger/Documents/projects/weather-data/.venv/lib/python3.9/site-packages/airflow/example_dags/example_xcom.py
[2023-03-23 23:09:29,324] {logging_mixin.py:115} INFO - [2023-03-23 23:09:29,324] {dag.py:2379} INFO - Sync 1 DAGs
[2023-03-23 23:09:29,330] {logging_mixin.py:115} INFO - [2023-03-23 23:09:29,330] {dag.py:2927} INFO - Setting next_dagrun for example_xcom to 2021-01-01T00:00:00+00:00, run_after=2021-01-01T00:00:00+00:00
[2023-03-23 23:09:29,337] {processor.py:161} INFO - Processing /Users/gabrielroger/Documents/projects/weather-data/.venv/lib/python3.9/site-packages/airflow/example_dags/example_xcom.py took 0.341 seconds
[2023-03-23 23:10:19,187] {processor.py:153} INFO - Started process (PID=2466) to work on /Users/gabrielroger/Documents/projects/weather-data/.venv/lib/python3.9/site-packages/airflow/example_dags/example_xcom.py
[2023-03-23 23:10:19,187] {processor.py:641} INFO - Processing file /Users/gabrielroger/Documents/projects/weather-data/.venv/lib/python3.9/site-packages/airflow/example_dags/example_xcom.py for tasks to queue
[2023-03-23 23:10:19,187] {logging_mixin.py:115} INFO - [2023-03-23 23:10:19,187] {dagbag.py:507} INFO - Filling up the DagBag from /Users/gabrielroger/Documents/projects/weather-data/.venv/lib/python3.9/site-packages/airflow/example_dags/example_xcom.py
[2023-03-23 23:10:19,204] {processor.py:651} INFO - DAG(s) dict_keys(['example_xcom']) retrieved from /Users/gabrielroger/Documents/projects/weather-data/.venv/lib/python3.9/site-packages/airflow/example_dags/example_xcom.py
[2023-03-23 23:10:19,507] {logging_mixin.py:115} INFO - [2023-03-23 23:10:19,507] {dag.py:2379} INFO - Sync 1 DAGs
[2023-03-23 23:10:19,514] {logging_mixin.py:115} INFO - [2023-03-23 23:10:19,514] {dag.py:2927} INFO - Setting next_dagrun for example_xcom to 2021-01-01T00:00:00+00:00, run_after=2021-01-01T00:00:00+00:00
[2023-03-23 23:10:19,520] {processor.py:161} INFO - Processing /Users/gabrielroger/Documents/projects/weather-data/.venv/lib/python3.9/site-packages/airflow/example_dags/example_xcom.py took 0.334 seconds
[2023-03-23 23:11:03,238] {processor.py:153} INFO - Started process (PID=2499) to work on /Users/gabrielroger/Documents/projects/weather-data/.venv/lib/python3.9/site-packages/airflow/example_dags/example_xcom.py
[2023-03-23 23:11:03,238] {processor.py:641} INFO - Processing file /Users/gabrielroger/Documents/projects/weather-data/.venv/lib/python3.9/site-packages/airflow/example_dags/example_xcom.py for tasks to queue
[2023-03-23 23:11:03,238] {logging_mixin.py:115} INFO - [2023-03-23 23:11:03,238] {dagbag.py:507} INFO - Filling up the DagBag from /Users/gabrielroger/Documents/projects/weather-data/.venv/lib/python3.9/site-packages/airflow/example_dags/example_xcom.py
[2023-03-23 23:11:03,256] {processor.py:651} INFO - DAG(s) dict_keys(['example_xcom']) retrieved from /Users/gabrielroger/Documents/projects/weather-data/.venv/lib/python3.9/site-packages/airflow/example_dags/example_xcom.py
[2023-03-23 23:11:03,562] {logging_mixin.py:115} INFO - [2023-03-23 23:11:03,562] {dag.py:2379} INFO - Sync 1 DAGs
[2023-03-23 23:11:03,568] {logging_mixin.py:115} INFO - [2023-03-23 23:11:03,568] {dag.py:2927} INFO - Setting next_dagrun for example_xcom to 2021-01-01T00:00:00+00:00, run_after=2021-01-01T00:00:00+00:00
[2023-03-23 23:11:03,575] {processor.py:161} INFO - Processing /Users/gabrielroger/Documents/projects/weather-data/.venv/lib/python3.9/site-packages/airflow/example_dags/example_xcom.py took 0.337 seconds
