[2023-03-23 22:57:49,692] {processor.py:153} INFO - Started process (PID=1836) to work on /Users/gabrielroger/Documents/projects/weather-data/.venv/lib/python3.9/site-packages/airflow/example_dags/example_dag_decorator.py
[2023-03-23 22:57:49,692] {processor.py:641} INFO - Processing file /Users/gabrielroger/Documents/projects/weather-data/.venv/lib/python3.9/site-packages/airflow/example_dags/example_dag_decorator.py for tasks to queue
[2023-03-23 22:57:49,692] {logging_mixin.py:115} INFO - [2023-03-23 22:57:49,692] {dagbag.py:507} INFO - Filling up the DagBag from /Users/gabrielroger/Documents/projects/weather-data/.venv/lib/python3.9/site-packages/airflow/example_dags/example_dag_decorator.py
[2023-03-23 22:57:49,806] {processor.py:651} INFO - DAG(s) dict_keys(['example_dag_decorator']) retrieved from /Users/gabrielroger/Documents/projects/weather-data/.venv/lib/python3.9/site-packages/airflow/example_dags/example_dag_decorator.py
[2023-03-23 22:57:50,082] {logging_mixin.py:115} INFO - [2023-03-23 22:57:50,082] {dag.py:2379} INFO - Sync 1 DAGs
[2023-03-23 22:57:50,089] {logging_mixin.py:115} INFO - [2023-03-23 22:57:50,089] {dag.py:2927} INFO - Setting next_dagrun for example_dag_decorator to None, run_after=None
[2023-03-23 22:57:50,095] {processor.py:161} INFO - Processing /Users/gabrielroger/Documents/projects/weather-data/.venv/lib/python3.9/site-packages/airflow/example_dags/example_dag_decorator.py took 0.403 seconds
[2023-03-23 22:58:39,891] {processor.py:153} INFO - Started process (PID=1875) to work on /Users/gabrielroger/Documents/projects/weather-data/.venv/lib/python3.9/site-packages/airflow/example_dags/example_dag_decorator.py
[2023-03-23 22:58:39,894] {processor.py:641} INFO - Processing file /Users/gabrielroger/Documents/projects/weather-data/.venv/lib/python3.9/site-packages/airflow/example_dags/example_dag_decorator.py for tasks to queue
[2023-03-23 22:58:39,894] {logging_mixin.py:115} INFO - [2023-03-23 22:58:39,894] {dagbag.py:507} INFO - Filling up the DagBag from /Users/gabrielroger/Documents/projects/weather-data/.venv/lib/python3.9/site-packages/airflow/example_dags/example_dag_decorator.py
[2023-03-23 22:58:39,991] {processor.py:651} INFO - DAG(s) dict_keys(['example_dag_decorator']) retrieved from /Users/gabrielroger/Documents/projects/weather-data/.venv/lib/python3.9/site-packages/airflow/example_dags/example_dag_decorator.py
[2023-03-23 22:58:40,218] {logging_mixin.py:115} INFO - [2023-03-23 22:58:40,218] {dag.py:2379} INFO - Sync 1 DAGs
[2023-03-23 22:58:40,225] {logging_mixin.py:115} INFO - [2023-03-23 22:58:40,225] {dag.py:2927} INFO - Setting next_dagrun for example_dag_decorator to None, run_after=None
[2023-03-23 22:58:40,231] {processor.py:161} INFO - Processing /Users/gabrielroger/Documents/projects/weather-data/.venv/lib/python3.9/site-packages/airflow/example_dags/example_dag_decorator.py took 0.340 seconds
[2023-03-23 22:59:39,501] {processor.py:153} INFO - Started process (PID=1925) to work on /Users/gabrielroger/Documents/projects/weather-data/.venv/lib/python3.9/site-packages/airflow/example_dags/example_dag_decorator.py
[2023-03-23 22:59:39,502] {processor.py:641} INFO - Processing file /Users/gabrielroger/Documents/projects/weather-data/.venv/lib/python3.9/site-packages/airflow/example_dags/example_dag_decorator.py for tasks to queue
[2023-03-23 22:59:39,502] {logging_mixin.py:115} INFO - [2023-03-23 22:59:39,502] {dagbag.py:507} INFO - Filling up the DagBag from /Users/gabrielroger/Documents/projects/weather-data/.venv/lib/python3.9/site-packages/airflow/example_dags/example_dag_decorator.py
[2023-03-23 22:59:39,600] {processor.py:651} INFO - DAG(s) dict_keys(['example_dag_decorator']) retrieved from /Users/gabrielroger/Documents/projects/weather-data/.venv/lib/python3.9/site-packages/airflow/example_dags/example_dag_decorator.py
[2023-03-23 22:59:39,827] {logging_mixin.py:115} INFO - [2023-03-23 22:59:39,827] {dag.py:2379} INFO - Sync 1 DAGs
[2023-03-23 22:59:39,835] {logging_mixin.py:115} INFO - [2023-03-23 22:59:39,835] {dag.py:2927} INFO - Setting next_dagrun for example_dag_decorator to None, run_after=None
[2023-03-23 22:59:39,840] {processor.py:161} INFO - Processing /Users/gabrielroger/Documents/projects/weather-data/.venv/lib/python3.9/site-packages/airflow/example_dags/example_dag_decorator.py took 0.339 seconds
[2023-03-23 23:00:44,202] {processor.py:153} INFO - Started process (PID=1983) to work on /Users/gabrielroger/Documents/projects/weather-data/.venv/lib/python3.9/site-packages/airflow/example_dags/example_dag_decorator.py
[2023-03-23 23:00:44,203] {processor.py:641} INFO - Processing file /Users/gabrielroger/Documents/projects/weather-data/.venv/lib/python3.9/site-packages/airflow/example_dags/example_dag_decorator.py for tasks to queue
[2023-03-23 23:00:44,203] {logging_mixin.py:115} INFO - [2023-03-23 23:00:44,203] {dagbag.py:507} INFO - Filling up the DagBag from /Users/gabrielroger/Documents/projects/weather-data/.venv/lib/python3.9/site-packages/airflow/example_dags/example_dag_decorator.py
[2023-03-23 23:00:44,303] {processor.py:651} INFO - DAG(s) dict_keys(['example_dag_decorator']) retrieved from /Users/gabrielroger/Documents/projects/weather-data/.venv/lib/python3.9/site-packages/airflow/example_dags/example_dag_decorator.py
[2023-03-23 23:00:44,534] {logging_mixin.py:115} INFO - [2023-03-23 23:00:44,534] {dag.py:2379} INFO - Sync 1 DAGs
[2023-03-23 23:00:44,541] {logging_mixin.py:115} INFO - [2023-03-23 23:00:44,541] {dag.py:2927} INFO - Setting next_dagrun for example_dag_decorator to None, run_after=None
[2023-03-23 23:00:44,547] {processor.py:161} INFO - Processing /Users/gabrielroger/Documents/projects/weather-data/.venv/lib/python3.9/site-packages/airflow/example_dags/example_dag_decorator.py took 0.345 seconds
[2023-03-23 23:01:37,196] {processor.py:153} INFO - Started process (PID=2030) to work on /Users/gabrielroger/Documents/projects/weather-data/.venv/lib/python3.9/site-packages/airflow/example_dags/example_dag_decorator.py
[2023-03-23 23:01:37,197] {processor.py:641} INFO - Processing file /Users/gabrielroger/Documents/projects/weather-data/.venv/lib/python3.9/site-packages/airflow/example_dags/example_dag_decorator.py for tasks to queue
[2023-03-23 23:01:37,197] {logging_mixin.py:115} INFO - [2023-03-23 23:01:37,197] {dagbag.py:507} INFO - Filling up the DagBag from /Users/gabrielroger/Documents/projects/weather-data/.venv/lib/python3.9/site-packages/airflow/example_dags/example_dag_decorator.py
[2023-03-23 23:01:37,295] {processor.py:651} INFO - DAG(s) dict_keys(['example_dag_decorator']) retrieved from /Users/gabrielroger/Documents/projects/weather-data/.venv/lib/python3.9/site-packages/airflow/example_dags/example_dag_decorator.py
[2023-03-23 23:01:37,524] {logging_mixin.py:115} INFO - [2023-03-23 23:01:37,524] {dag.py:2379} INFO - Sync 1 DAGs
[2023-03-23 23:01:37,531] {logging_mixin.py:115} INFO - [2023-03-23 23:01:37,531] {dag.py:2927} INFO - Setting next_dagrun for example_dag_decorator to None, run_after=None
[2023-03-23 23:01:37,537] {processor.py:161} INFO - Processing /Users/gabrielroger/Documents/projects/weather-data/.venv/lib/python3.9/site-packages/airflow/example_dags/example_dag_decorator.py took 0.341 seconds
[2023-03-23 23:02:56,283] {processor.py:153} INFO - Started process (PID=2106) to work on /Users/gabrielroger/Documents/projects/weather-data/.venv/lib/python3.9/site-packages/airflow/example_dags/example_dag_decorator.py
[2023-03-23 23:02:56,284] {processor.py:641} INFO - Processing file /Users/gabrielroger/Documents/projects/weather-data/.venv/lib/python3.9/site-packages/airflow/example_dags/example_dag_decorator.py for tasks to queue
[2023-03-23 23:02:56,284] {logging_mixin.py:115} INFO - [2023-03-23 23:02:56,284] {dagbag.py:507} INFO - Filling up the DagBag from /Users/gabrielroger/Documents/projects/weather-data/.venv/lib/python3.9/site-packages/airflow/example_dags/example_dag_decorator.py
[2023-03-23 23:02:56,399] {processor.py:651} INFO - DAG(s) dict_keys(['example_dag_decorator']) retrieved from /Users/gabrielroger/Documents/projects/weather-data/.venv/lib/python3.9/site-packages/airflow/example_dags/example_dag_decorator.py
[2023-03-23 23:02:56,690] {logging_mixin.py:115} INFO - [2023-03-23 23:02:56,690] {dag.py:2379} INFO - Sync 1 DAGs
[2023-03-23 23:02:56,698] {logging_mixin.py:115} INFO - [2023-03-23 23:02:56,698] {dag.py:2927} INFO - Setting next_dagrun for example_dag_decorator to None, run_after=None
[2023-03-23 23:02:56,704] {processor.py:161} INFO - Processing /Users/gabrielroger/Documents/projects/weather-data/.venv/lib/python3.9/site-packages/airflow/example_dags/example_dag_decorator.py took 0.421 seconds
[2023-03-23 23:03:47,110] {processor.py:153} INFO - Started process (PID=2147) to work on /Users/gabrielroger/Documents/projects/weather-data/.venv/lib/python3.9/site-packages/airflow/example_dags/example_dag_decorator.py
[2023-03-23 23:03:47,111] {processor.py:641} INFO - Processing file /Users/gabrielroger/Documents/projects/weather-data/.venv/lib/python3.9/site-packages/airflow/example_dags/example_dag_decorator.py for tasks to queue
[2023-03-23 23:03:47,111] {logging_mixin.py:115} INFO - [2023-03-23 23:03:47,111] {dagbag.py:507} INFO - Filling up the DagBag from /Users/gabrielroger/Documents/projects/weather-data/.venv/lib/python3.9/site-packages/airflow/example_dags/example_dag_decorator.py
[2023-03-23 23:03:47,210] {processor.py:651} INFO - DAG(s) dict_keys(['example_dag_decorator']) retrieved from /Users/gabrielroger/Documents/projects/weather-data/.venv/lib/python3.9/site-packages/airflow/example_dags/example_dag_decorator.py
[2023-03-23 23:03:47,441] {logging_mixin.py:115} INFO - [2023-03-23 23:03:47,441] {dag.py:2379} INFO - Sync 1 DAGs
[2023-03-23 23:03:47,448] {logging_mixin.py:115} INFO - [2023-03-23 23:03:47,448] {dag.py:2927} INFO - Setting next_dagrun for example_dag_decorator to None, run_after=None
[2023-03-23 23:03:47,454] {processor.py:161} INFO - Processing /Users/gabrielroger/Documents/projects/weather-data/.venv/lib/python3.9/site-packages/airflow/example_dags/example_dag_decorator.py took 0.344 seconds
[2023-03-23 23:04:43,767] {processor.py:153} INFO - Started process (PID=2190) to work on /Users/gabrielroger/Documents/projects/weather-data/.venv/lib/python3.9/site-packages/airflow/example_dags/example_dag_decorator.py
[2023-03-23 23:04:43,768] {processor.py:641} INFO - Processing file /Users/gabrielroger/Documents/projects/weather-data/.venv/lib/python3.9/site-packages/airflow/example_dags/example_dag_decorator.py for tasks to queue
[2023-03-23 23:04:43,768] {logging_mixin.py:115} INFO - [2023-03-23 23:04:43,768] {dagbag.py:507} INFO - Filling up the DagBag from /Users/gabrielroger/Documents/projects/weather-data/.venv/lib/python3.9/site-packages/airflow/example_dags/example_dag_decorator.py
[2023-03-23 23:04:43,881] {processor.py:651} INFO - DAG(s) dict_keys(['example_dag_decorator']) retrieved from /Users/gabrielroger/Documents/projects/weather-data/.venv/lib/python3.9/site-packages/airflow/example_dags/example_dag_decorator.py
[2023-03-23 23:04:44,156] {logging_mixin.py:115} INFO - [2023-03-23 23:04:44,156] {dag.py:2379} INFO - Sync 1 DAGs
[2023-03-23 23:04:44,164] {logging_mixin.py:115} INFO - [2023-03-23 23:04:44,163] {dag.py:2927} INFO - Setting next_dagrun for example_dag_decorator to None, run_after=None
[2023-03-23 23:04:44,169] {processor.py:161} INFO - Processing /Users/gabrielroger/Documents/projects/weather-data/.venv/lib/python3.9/site-packages/airflow/example_dags/example_dag_decorator.py took 0.402 seconds
[2023-03-23 23:05:40,389] {processor.py:153} INFO - Started process (PID=2236) to work on /Users/gabrielroger/Documents/projects/weather-data/.venv/lib/python3.9/site-packages/airflow/example_dags/example_dag_decorator.py
[2023-03-23 23:05:40,389] {processor.py:641} INFO - Processing file /Users/gabrielroger/Documents/projects/weather-data/.venv/lib/python3.9/site-packages/airflow/example_dags/example_dag_decorator.py for tasks to queue
[2023-03-23 23:05:40,389] {logging_mixin.py:115} INFO - [2023-03-23 23:05:40,389] {dagbag.py:507} INFO - Filling up the DagBag from /Users/gabrielroger/Documents/projects/weather-data/.venv/lib/python3.9/site-packages/airflow/example_dags/example_dag_decorator.py
[2023-03-23 23:05:40,486] {processor.py:651} INFO - DAG(s) dict_keys(['example_dag_decorator']) retrieved from /Users/gabrielroger/Documents/projects/weather-data/.venv/lib/python3.9/site-packages/airflow/example_dags/example_dag_decorator.py
[2023-03-23 23:05:40,714] {logging_mixin.py:115} INFO - [2023-03-23 23:05:40,714] {dag.py:2379} INFO - Sync 1 DAGs
[2023-03-23 23:05:40,721] {logging_mixin.py:115} INFO - [2023-03-23 23:05:40,721] {dag.py:2927} INFO - Setting next_dagrun for example_dag_decorator to None, run_after=None
[2023-03-23 23:05:40,727] {processor.py:161} INFO - Processing /Users/gabrielroger/Documents/projects/weather-data/.venv/lib/python3.9/site-packages/airflow/example_dags/example_dag_decorator.py took 0.338 seconds
[2023-03-23 23:06:58,953] {processor.py:153} INFO - Started process (PID=2306) to work on /Users/gabrielroger/Documents/projects/weather-data/.venv/lib/python3.9/site-packages/airflow/example_dags/example_dag_decorator.py
[2023-03-23 23:06:58,954] {processor.py:641} INFO - Processing file /Users/gabrielroger/Documents/projects/weather-data/.venv/lib/python3.9/site-packages/airflow/example_dags/example_dag_decorator.py for tasks to queue
[2023-03-23 23:06:58,955] {logging_mixin.py:115} INFO - [2023-03-23 23:06:58,954] {dagbag.py:507} INFO - Filling up the DagBag from /Users/gabrielroger/Documents/projects/weather-data/.venv/lib/python3.9/site-packages/airflow/example_dags/example_dag_decorator.py
[2023-03-23 23:06:59,053] {processor.py:651} INFO - DAG(s) dict_keys(['example_dag_decorator']) retrieved from /Users/gabrielroger/Documents/projects/weather-data/.venv/lib/python3.9/site-packages/airflow/example_dags/example_dag_decorator.py
[2023-03-23 23:06:59,281] {logging_mixin.py:115} INFO - [2023-03-23 23:06:59,280] {dag.py:2379} INFO - Sync 1 DAGs
[2023-03-23 23:06:59,288] {logging_mixin.py:115} INFO - [2023-03-23 23:06:59,288] {dag.py:2927} INFO - Setting next_dagrun for example_dag_decorator to None, run_after=None
[2023-03-23 23:06:59,294] {processor.py:161} INFO - Processing /Users/gabrielroger/Documents/projects/weather-data/.venv/lib/python3.9/site-packages/airflow/example_dags/example_dag_decorator.py took 0.340 seconds
[2023-03-23 23:08:19,566] {processor.py:153} INFO - Started process (PID=2377) to work on /Users/gabrielroger/Documents/projects/weather-data/.venv/lib/python3.9/site-packages/airflow/example_dags/example_dag_decorator.py
[2023-03-23 23:08:19,567] {processor.py:641} INFO - Processing file /Users/gabrielroger/Documents/projects/weather-data/.venv/lib/python3.9/site-packages/airflow/example_dags/example_dag_decorator.py for tasks to queue
[2023-03-23 23:08:19,567] {logging_mixin.py:115} INFO - [2023-03-23 23:08:19,567] {dagbag.py:507} INFO - Filling up the DagBag from /Users/gabrielroger/Documents/projects/weather-data/.venv/lib/python3.9/site-packages/airflow/example_dags/example_dag_decorator.py
[2023-03-23 23:08:19,666] {processor.py:651} INFO - DAG(s) dict_keys(['example_dag_decorator']) retrieved from /Users/gabrielroger/Documents/projects/weather-data/.venv/lib/python3.9/site-packages/airflow/example_dags/example_dag_decorator.py
[2023-03-23 23:08:19,951] {logging_mixin.py:115} INFO - [2023-03-23 23:08:19,951] {dag.py:2379} INFO - Sync 1 DAGs
[2023-03-23 23:08:19,959] {logging_mixin.py:115} INFO - [2023-03-23 23:08:19,959] {dag.py:2927} INFO - Setting next_dagrun for example_dag_decorator to None, run_after=None
[2023-03-23 23:08:19,964] {processor.py:161} INFO - Processing /Users/gabrielroger/Documents/projects/weather-data/.venv/lib/python3.9/site-packages/airflow/example_dags/example_dag_decorator.py took 0.398 seconds
[2023-03-23 23:09:12,237] {processor.py:153} INFO - Started process (PID=2415) to work on /Users/gabrielroger/Documents/projects/weather-data/.venv/lib/python3.9/site-packages/airflow/example_dags/example_dag_decorator.py
[2023-03-23 23:09:12,238] {processor.py:641} INFO - Processing file /Users/gabrielroger/Documents/projects/weather-data/.venv/lib/python3.9/site-packages/airflow/example_dags/example_dag_decorator.py for tasks to queue
[2023-03-23 23:09:12,238] {logging_mixin.py:115} INFO - [2023-03-23 23:09:12,238] {dagbag.py:507} INFO - Filling up the DagBag from /Users/gabrielroger/Documents/projects/weather-data/.venv/lib/python3.9/site-packages/airflow/example_dags/example_dag_decorator.py
[2023-03-23 23:09:12,337] {processor.py:651} INFO - DAG(s) dict_keys(['example_dag_decorator']) retrieved from /Users/gabrielroger/Documents/projects/weather-data/.venv/lib/python3.9/site-packages/airflow/example_dags/example_dag_decorator.py
[2023-03-23 23:09:12,565] {logging_mixin.py:115} INFO - [2023-03-23 23:09:12,565] {dag.py:2379} INFO - Sync 1 DAGs
[2023-03-23 23:09:12,572] {logging_mixin.py:115} INFO - [2023-03-23 23:09:12,572] {dag.py:2927} INFO - Setting next_dagrun for example_dag_decorator to None, run_after=None
[2023-03-23 23:09:12,578] {processor.py:161} INFO - Processing /Users/gabrielroger/Documents/projects/weather-data/.venv/lib/python3.9/site-packages/airflow/example_dags/example_dag_decorator.py took 0.341 seconds
[2023-03-23 23:10:15,206] {processor.py:153} INFO - Started process (PID=2463) to work on /Users/gabrielroger/Documents/projects/weather-data/.venv/lib/python3.9/site-packages/airflow/example_dags/example_dag_decorator.py
[2023-03-23 23:10:15,206] {processor.py:641} INFO - Processing file /Users/gabrielroger/Documents/projects/weather-data/.venv/lib/python3.9/site-packages/airflow/example_dags/example_dag_decorator.py for tasks to queue
[2023-03-23 23:10:15,206] {logging_mixin.py:115} INFO - [2023-03-23 23:10:15,206] {dagbag.py:507} INFO - Filling up the DagBag from /Users/gabrielroger/Documents/projects/weather-data/.venv/lib/python3.9/site-packages/airflow/example_dags/example_dag_decorator.py
[2023-03-23 23:10:15,303] {processor.py:651} INFO - DAG(s) dict_keys(['example_dag_decorator']) retrieved from /Users/gabrielroger/Documents/projects/weather-data/.venv/lib/python3.9/site-packages/airflow/example_dags/example_dag_decorator.py
[2023-03-23 23:10:15,528] {logging_mixin.py:115} INFO - [2023-03-23 23:10:15,528] {dag.py:2379} INFO - Sync 1 DAGs
[2023-03-23 23:10:15,535] {logging_mixin.py:115} INFO - [2023-03-23 23:10:15,535] {dag.py:2927} INFO - Setting next_dagrun for example_dag_decorator to None, run_after=None
[2023-03-23 23:10:15,541] {processor.py:161} INFO - Processing /Users/gabrielroger/Documents/projects/weather-data/.venv/lib/python3.9/site-packages/airflow/example_dags/example_dag_decorator.py took 0.336 seconds
[2023-03-23 23:11:18,622] {processor.py:153} INFO - Started process (PID=2529) to work on /Users/gabrielroger/Documents/projects/weather-data/.venv/lib/python3.9/site-packages/airflow/example_dags/example_dag_decorator.py
[2023-03-23 23:11:18,622] {processor.py:641} INFO - Processing file /Users/gabrielroger/Documents/projects/weather-data/.venv/lib/python3.9/site-packages/airflow/example_dags/example_dag_decorator.py for tasks to queue
[2023-03-23 23:11:18,623] {logging_mixin.py:115} INFO - [2023-03-23 23:11:18,623] {dagbag.py:507} INFO - Filling up the DagBag from /Users/gabrielroger/Documents/projects/weather-data/.venv/lib/python3.9/site-packages/airflow/example_dags/example_dag_decorator.py
[2023-03-23 23:11:18,729] {processor.py:651} INFO - DAG(s) dict_keys(['example_dag_decorator']) retrieved from /Users/gabrielroger/Documents/projects/weather-data/.venv/lib/python3.9/site-packages/airflow/example_dags/example_dag_decorator.py
[2023-03-23 23:11:18,979] {logging_mixin.py:115} INFO - [2023-03-23 23:11:18,979] {dag.py:2379} INFO - Sync 1 DAGs
[2023-03-23 23:11:18,987] {logging_mixin.py:115} INFO - [2023-03-23 23:11:18,987] {dag.py:2927} INFO - Setting next_dagrun for example_dag_decorator to None, run_after=None
[2023-03-23 23:11:18,992] {processor.py:161} INFO - Processing /Users/gabrielroger/Documents/projects/weather-data/.venv/lib/python3.9/site-packages/airflow/example_dags/example_dag_decorator.py took 0.371 seconds
