[2023-03-23 22:57:35,558] {processor.py:153} INFO - Started process (PID=1826) to work on /Users/gabrielroger/Documents/projects/weather-data/.venv/lib/python3.9/site-packages/airflow/example_dags/example_skip_dag.py
[2023-03-23 22:57:35,559] {processor.py:641} INFO - Processing file /Users/gabrielroger/Documents/projects/weather-data/.venv/lib/python3.9/site-packages/airflow/example_dags/example_skip_dag.py for tasks to queue
[2023-03-23 22:57:35,559] {logging_mixin.py:115} INFO - [2023-03-23 22:57:35,559] {dagbag.py:507} INFO - Filling up the DagBag from /Users/gabrielroger/Documents/projects/weather-data/.venv/lib/python3.9/site-packages/airflow/example_dags/example_skip_dag.py
[2023-03-23 22:57:35,566] {processor.py:651} INFO - DAG(s) dict_keys(['example_skip_dag']) retrieved from /Users/gabrielroger/Documents/projects/weather-data/.venv/lib/python3.9/site-packages/airflow/example_dags/example_skip_dag.py
[2023-03-23 22:57:35,597] {logging_mixin.py:115} INFO - [2023-03-23 22:57:35,597] {dag.py:2379} INFO - Sync 1 DAGs
[2023-03-23 22:57:35,603] {logging_mixin.py:115} INFO - [2023-03-23 22:57:35,603] {dag.py:2927} INFO - Setting next_dagrun for example_skip_dag to 2023-03-23T01:57:35.603632+00:00, run_after=2023-03-24T01:57:35.603632+00:00
[2023-03-23 22:57:35,609] {processor.py:161} INFO - Processing /Users/gabrielroger/Documents/projects/weather-data/.venv/lib/python3.9/site-packages/airflow/example_dags/example_skip_dag.py took 0.050 seconds
[2023-03-23 22:58:25,934] {processor.py:153} INFO - Started process (PID=1864) to work on /Users/gabrielroger/Documents/projects/weather-data/.venv/lib/python3.9/site-packages/airflow/example_dags/example_skip_dag.py
[2023-03-23 22:58:25,935] {processor.py:641} INFO - Processing file /Users/gabrielroger/Documents/projects/weather-data/.venv/lib/python3.9/site-packages/airflow/example_dags/example_skip_dag.py for tasks to queue
[2023-03-23 22:58:25,935] {logging_mixin.py:115} INFO - [2023-03-23 22:58:25,935] {dagbag.py:507} INFO - Filling up the DagBag from /Users/gabrielroger/Documents/projects/weather-data/.venv/lib/python3.9/site-packages/airflow/example_dags/example_skip_dag.py
[2023-03-23 22:58:25,941] {processor.py:651} INFO - DAG(s) dict_keys(['example_skip_dag']) retrieved from /Users/gabrielroger/Documents/projects/weather-data/.venv/lib/python3.9/site-packages/airflow/example_dags/example_skip_dag.py
[2023-03-23 22:58:25,971] {logging_mixin.py:115} INFO - [2023-03-23 22:58:25,971] {dag.py:2379} INFO - Sync 1 DAGs
[2023-03-23 22:58:25,978] {logging_mixin.py:115} INFO - [2023-03-23 22:58:25,978] {dag.py:2927} INFO - Setting next_dagrun for example_skip_dag to 2023-03-23T01:58:25.977951+00:00, run_after=2023-03-24T01:58:25.977951+00:00
[2023-03-23 22:58:25,983] {processor.py:161} INFO - Processing /Users/gabrielroger/Documents/projects/weather-data/.venv/lib/python3.9/site-packages/airflow/example_dags/example_skip_dag.py took 0.049 seconds
[2023-03-23 22:59:15,625] {processor.py:153} INFO - Started process (PID=1906) to work on /Users/gabrielroger/Documents/projects/weather-data/.venv/lib/python3.9/site-packages/airflow/example_dags/example_skip_dag.py
[2023-03-23 22:59:15,625] {processor.py:641} INFO - Processing file /Users/gabrielroger/Documents/projects/weather-data/.venv/lib/python3.9/site-packages/airflow/example_dags/example_skip_dag.py for tasks to queue
[2023-03-23 22:59:15,626] {logging_mixin.py:115} INFO - [2023-03-23 22:59:15,626] {dagbag.py:507} INFO - Filling up the DagBag from /Users/gabrielroger/Documents/projects/weather-data/.venv/lib/python3.9/site-packages/airflow/example_dags/example_skip_dag.py
[2023-03-23 22:59:15,632] {processor.py:651} INFO - DAG(s) dict_keys(['example_skip_dag']) retrieved from /Users/gabrielroger/Documents/projects/weather-data/.venv/lib/python3.9/site-packages/airflow/example_dags/example_skip_dag.py
[2023-03-23 22:59:15,663] {logging_mixin.py:115} INFO - [2023-03-23 22:59:15,663] {dag.py:2379} INFO - Sync 1 DAGs
[2023-03-23 22:59:15,670] {logging_mixin.py:115} INFO - [2023-03-23 22:59:15,670] {dag.py:2927} INFO - Setting next_dagrun for example_skip_dag to 2023-03-23T01:59:15.670307+00:00, run_after=2023-03-24T01:59:15.670307+00:00
[2023-03-23 22:59:15,675] {processor.py:161} INFO - Processing /Users/gabrielroger/Documents/projects/weather-data/.venv/lib/python3.9/site-packages/airflow/example_dags/example_skip_dag.py took 0.051 seconds
[2023-03-23 23:00:30,666] {processor.py:153} INFO - Started process (PID=1973) to work on /Users/gabrielroger/Documents/projects/weather-data/.venv/lib/python3.9/site-packages/airflow/example_dags/example_skip_dag.py
[2023-03-23 23:00:30,666] {processor.py:641} INFO - Processing file /Users/gabrielroger/Documents/projects/weather-data/.venv/lib/python3.9/site-packages/airflow/example_dags/example_skip_dag.py for tasks to queue
[2023-03-23 23:00:30,667] {logging_mixin.py:115} INFO - [2023-03-23 23:00:30,667] {dagbag.py:507} INFO - Filling up the DagBag from /Users/gabrielroger/Documents/projects/weather-data/.venv/lib/python3.9/site-packages/airflow/example_dags/example_skip_dag.py
[2023-03-23 23:00:30,673] {processor.py:651} INFO - DAG(s) dict_keys(['example_skip_dag']) retrieved from /Users/gabrielroger/Documents/projects/weather-data/.venv/lib/python3.9/site-packages/airflow/example_dags/example_skip_dag.py
[2023-03-23 23:00:30,703] {logging_mixin.py:115} INFO - [2023-03-23 23:00:30,703] {dag.py:2379} INFO - Sync 1 DAGs
[2023-03-23 23:00:30,710] {logging_mixin.py:115} INFO - [2023-03-23 23:00:30,710] {dag.py:2927} INFO - Setting next_dagrun for example_skip_dag to 2023-03-23T02:00:30.709942+00:00, run_after=2023-03-24T02:00:30.709942+00:00
[2023-03-23 23:00:30,715] {processor.py:161} INFO - Processing /Users/gabrielroger/Documents/projects/weather-data/.venv/lib/python3.9/site-packages/airflow/example_dags/example_skip_dag.py took 0.050 seconds
[2023-03-23 23:01:23,635] {processor.py:153} INFO - Started process (PID=2009) to work on /Users/gabrielroger/Documents/projects/weather-data/.venv/lib/python3.9/site-packages/airflow/example_dags/example_skip_dag.py
[2023-03-23 23:01:23,636] {processor.py:641} INFO - Processing file /Users/gabrielroger/Documents/projects/weather-data/.venv/lib/python3.9/site-packages/airflow/example_dags/example_skip_dag.py for tasks to queue
[2023-03-23 23:01:23,636] {logging_mixin.py:115} INFO - [2023-03-23 23:01:23,636] {dagbag.py:507} INFO - Filling up the DagBag from /Users/gabrielroger/Documents/projects/weather-data/.venv/lib/python3.9/site-packages/airflow/example_dags/example_skip_dag.py
[2023-03-23 23:01:23,643] {processor.py:651} INFO - DAG(s) dict_keys(['example_skip_dag']) retrieved from /Users/gabrielroger/Documents/projects/weather-data/.venv/lib/python3.9/site-packages/airflow/example_dags/example_skip_dag.py
[2023-03-23 23:01:23,673] {logging_mixin.py:115} INFO - [2023-03-23 23:01:23,673] {dag.py:2379} INFO - Sync 1 DAGs
[2023-03-23 23:01:23,680] {logging_mixin.py:115} INFO - [2023-03-23 23:01:23,680] {dag.py:2927} INFO - Setting next_dagrun for example_skip_dag to 2023-03-23T02:01:23.680527+00:00, run_after=2023-03-24T02:01:23.680527+00:00
[2023-03-23 23:01:23,686] {processor.py:161} INFO - Processing /Users/gabrielroger/Documents/projects/weather-data/.venv/lib/python3.9/site-packages/airflow/example_dags/example_skip_dag.py took 0.051 seconds
[2023-03-23 23:02:42,400] {processor.py:153} INFO - Started process (PID=2089) to work on /Users/gabrielroger/Documents/projects/weather-data/.venv/lib/python3.9/site-packages/airflow/example_dags/example_skip_dag.py
[2023-03-23 23:02:42,403] {processor.py:641} INFO - Processing file /Users/gabrielroger/Documents/projects/weather-data/.venv/lib/python3.9/site-packages/airflow/example_dags/example_skip_dag.py for tasks to queue
[2023-03-23 23:02:42,403] {logging_mixin.py:115} INFO - [2023-03-23 23:02:42,403] {dagbag.py:507} INFO - Filling up the DagBag from /Users/gabrielroger/Documents/projects/weather-data/.venv/lib/python3.9/site-packages/airflow/example_dags/example_skip_dag.py
[2023-03-23 23:02:42,410] {processor.py:651} INFO - DAG(s) dict_keys(['example_skip_dag']) retrieved from /Users/gabrielroger/Documents/projects/weather-data/.venv/lib/python3.9/site-packages/airflow/example_dags/example_skip_dag.py
[2023-03-23 23:02:42,442] {logging_mixin.py:115} INFO - [2023-03-23 23:02:42,441] {dag.py:2379} INFO - Sync 1 DAGs
[2023-03-23 23:02:42,449] {logging_mixin.py:115} INFO - [2023-03-23 23:02:42,449] {dag.py:2927} INFO - Setting next_dagrun for example_skip_dag to 2023-03-23T02:02:42.448958+00:00, run_after=2023-03-24T02:02:42.448958+00:00
[2023-03-23 23:02:42,454] {processor.py:161} INFO - Processing /Users/gabrielroger/Documents/projects/weather-data/.venv/lib/python3.9/site-packages/airflow/example_dags/example_skip_dag.py took 0.055 seconds
[2023-03-23 23:03:32,936] {processor.py:153} INFO - Started process (PID=2136) to work on /Users/gabrielroger/Documents/projects/weather-data/.venv/lib/python3.9/site-packages/airflow/example_dags/example_skip_dag.py
[2023-03-23 23:03:32,937] {processor.py:641} INFO - Processing file /Users/gabrielroger/Documents/projects/weather-data/.venv/lib/python3.9/site-packages/airflow/example_dags/example_skip_dag.py for tasks to queue
[2023-03-23 23:03:32,937] {logging_mixin.py:115} INFO - [2023-03-23 23:03:32,937] {dagbag.py:507} INFO - Filling up the DagBag from /Users/gabrielroger/Documents/projects/weather-data/.venv/lib/python3.9/site-packages/airflow/example_dags/example_skip_dag.py
[2023-03-23 23:03:32,944] {processor.py:651} INFO - DAG(s) dict_keys(['example_skip_dag']) retrieved from /Users/gabrielroger/Documents/projects/weather-data/.venv/lib/python3.9/site-packages/airflow/example_dags/example_skip_dag.py
[2023-03-23 23:03:32,974] {logging_mixin.py:115} INFO - [2023-03-23 23:03:32,974] {dag.py:2379} INFO - Sync 1 DAGs
[2023-03-23 23:03:32,980] {logging_mixin.py:115} INFO - [2023-03-23 23:03:32,980] {dag.py:2927} INFO - Setting next_dagrun for example_skip_dag to 2023-03-23T02:03:32.980853+00:00, run_after=2023-03-24T02:03:32.980853+00:00
[2023-03-23 23:03:32,986] {processor.py:161} INFO - Processing /Users/gabrielroger/Documents/projects/weather-data/.venv/lib/python3.9/site-packages/airflow/example_dags/example_skip_dag.py took 0.050 seconds
[2023-03-23 23:04:21,517] {processor.py:153} INFO - Started process (PID=2174) to work on /Users/gabrielroger/Documents/projects/weather-data/.venv/lib/python3.9/site-packages/airflow/example_dags/example_skip_dag.py
[2023-03-23 23:04:21,518] {processor.py:641} INFO - Processing file /Users/gabrielroger/Documents/projects/weather-data/.venv/lib/python3.9/site-packages/airflow/example_dags/example_skip_dag.py for tasks to queue
[2023-03-23 23:04:21,518] {logging_mixin.py:115} INFO - [2023-03-23 23:04:21,518] {dagbag.py:507} INFO - Filling up the DagBag from /Users/gabrielroger/Documents/projects/weather-data/.venv/lib/python3.9/site-packages/airflow/example_dags/example_skip_dag.py
[2023-03-23 23:04:21,525] {processor.py:651} INFO - DAG(s) dict_keys(['example_skip_dag']) retrieved from /Users/gabrielroger/Documents/projects/weather-data/.venv/lib/python3.9/site-packages/airflow/example_dags/example_skip_dag.py
[2023-03-23 23:04:21,555] {logging_mixin.py:115} INFO - [2023-03-23 23:04:21,555] {dag.py:2379} INFO - Sync 1 DAGs
[2023-03-23 23:04:21,562] {logging_mixin.py:115} INFO - [2023-03-23 23:04:21,562] {dag.py:2927} INFO - Setting next_dagrun for example_skip_dag to 2023-03-23T02:04:21.562258+00:00, run_after=2023-03-24T02:04:21.562258+00:00
[2023-03-23 23:04:21,567] {processor.py:161} INFO - Processing /Users/gabrielroger/Documents/projects/weather-data/.venv/lib/python3.9/site-packages/airflow/example_dags/example_skip_dag.py took 0.050 seconds
[2023-03-23 23:05:17,725] {processor.py:153} INFO - Started process (PID=2216) to work on /Users/gabrielroger/Documents/projects/weather-data/.venv/lib/python3.9/site-packages/airflow/example_dags/example_skip_dag.py
[2023-03-23 23:05:17,726] {processor.py:641} INFO - Processing file /Users/gabrielroger/Documents/projects/weather-data/.venv/lib/python3.9/site-packages/airflow/example_dags/example_skip_dag.py for tasks to queue
[2023-03-23 23:05:17,726] {logging_mixin.py:115} INFO - [2023-03-23 23:05:17,726] {dagbag.py:507} INFO - Filling up the DagBag from /Users/gabrielroger/Documents/projects/weather-data/.venv/lib/python3.9/site-packages/airflow/example_dags/example_skip_dag.py
[2023-03-23 23:05:17,733] {processor.py:651} INFO - DAG(s) dict_keys(['example_skip_dag']) retrieved from /Users/gabrielroger/Documents/projects/weather-data/.venv/lib/python3.9/site-packages/airflow/example_dags/example_skip_dag.py
[2023-03-23 23:05:17,765] {logging_mixin.py:115} INFO - [2023-03-23 23:05:17,764] {dag.py:2379} INFO - Sync 1 DAGs
[2023-03-23 23:05:17,771] {logging_mixin.py:115} INFO - [2023-03-23 23:05:17,771] {dag.py:2927} INFO - Setting next_dagrun for example_skip_dag to 2023-03-23T02:05:17.771576+00:00, run_after=2023-03-24T02:05:17.771576+00:00
[2023-03-23 23:05:17,777] {processor.py:161} INFO - Processing /Users/gabrielroger/Documents/projects/weather-data/.venv/lib/python3.9/site-packages/airflow/example_dags/example_skip_dag.py took 0.052 seconds
[2023-03-23 23:06:45,416] {processor.py:153} INFO - Started process (PID=2296) to work on /Users/gabrielroger/Documents/projects/weather-data/.venv/lib/python3.9/site-packages/airflow/example_dags/example_skip_dag.py
[2023-03-23 23:06:45,417] {processor.py:641} INFO - Processing file /Users/gabrielroger/Documents/projects/weather-data/.venv/lib/python3.9/site-packages/airflow/example_dags/example_skip_dag.py for tasks to queue
[2023-03-23 23:06:45,417] {logging_mixin.py:115} INFO - [2023-03-23 23:06:45,417] {dagbag.py:507} INFO - Filling up the DagBag from /Users/gabrielroger/Documents/projects/weather-data/.venv/lib/python3.9/site-packages/airflow/example_dags/example_skip_dag.py
[2023-03-23 23:06:45,423] {processor.py:651} INFO - DAG(s) dict_keys(['example_skip_dag']) retrieved from /Users/gabrielroger/Documents/projects/weather-data/.venv/lib/python3.9/site-packages/airflow/example_dags/example_skip_dag.py
[2023-03-23 23:06:45,453] {logging_mixin.py:115} INFO - [2023-03-23 23:06:45,453] {dag.py:2379} INFO - Sync 1 DAGs
[2023-03-23 23:06:45,460] {logging_mixin.py:115} INFO - [2023-03-23 23:06:45,460] {dag.py:2927} INFO - Setting next_dagrun for example_skip_dag to 2023-03-23T02:06:45.460525+00:00, run_after=2023-03-24T02:06:45.460525+00:00
[2023-03-23 23:06:45,466] {processor.py:161} INFO - Processing /Users/gabrielroger/Documents/projects/weather-data/.venv/lib/python3.9/site-packages/airflow/example_dags/example_skip_dag.py took 0.051 seconds
[2023-03-23 23:08:05,985] {processor.py:153} INFO - Started process (PID=2367) to work on /Users/gabrielroger/Documents/projects/weather-data/.venv/lib/python3.9/site-packages/airflow/example_dags/example_skip_dag.py
[2023-03-23 23:08:05,986] {processor.py:641} INFO - Processing file /Users/gabrielroger/Documents/projects/weather-data/.venv/lib/python3.9/site-packages/airflow/example_dags/example_skip_dag.py for tasks to queue
[2023-03-23 23:08:05,986] {logging_mixin.py:115} INFO - [2023-03-23 23:08:05,986] {dagbag.py:507} INFO - Filling up the DagBag from /Users/gabrielroger/Documents/projects/weather-data/.venv/lib/python3.9/site-packages/airflow/example_dags/example_skip_dag.py
[2023-03-23 23:08:05,993] {processor.py:651} INFO - DAG(s) dict_keys(['example_skip_dag']) retrieved from /Users/gabrielroger/Documents/projects/weather-data/.venv/lib/python3.9/site-packages/airflow/example_dags/example_skip_dag.py
[2023-03-23 23:08:06,024] {logging_mixin.py:115} INFO - [2023-03-23 23:08:06,024] {dag.py:2379} INFO - Sync 1 DAGs
[2023-03-23 23:08:06,030] {logging_mixin.py:115} INFO - [2023-03-23 23:08:06,030] {dag.py:2927} INFO - Setting next_dagrun for example_skip_dag to 2023-03-23T02:08:06.030760+00:00, run_after=2023-03-24T02:08:06.030760+00:00
[2023-03-23 23:08:06,036] {processor.py:161} INFO - Processing /Users/gabrielroger/Documents/projects/weather-data/.venv/lib/python3.9/site-packages/airflow/example_dags/example_skip_dag.py took 0.051 seconds
[2023-03-23 23:08:57,961] {processor.py:153} INFO - Started process (PID=2405) to work on /Users/gabrielroger/Documents/projects/weather-data/.venv/lib/python3.9/site-packages/airflow/example_dags/example_skip_dag.py
[2023-03-23 23:08:57,962] {processor.py:641} INFO - Processing file /Users/gabrielroger/Documents/projects/weather-data/.venv/lib/python3.9/site-packages/airflow/example_dags/example_skip_dag.py for tasks to queue
[2023-03-23 23:08:57,962] {logging_mixin.py:115} INFO - [2023-03-23 23:08:57,962] {dagbag.py:507} INFO - Filling up the DagBag from /Users/gabrielroger/Documents/projects/weather-data/.venv/lib/python3.9/site-packages/airflow/example_dags/example_skip_dag.py
[2023-03-23 23:08:57,969] {processor.py:651} INFO - DAG(s) dict_keys(['example_skip_dag']) retrieved from /Users/gabrielroger/Documents/projects/weather-data/.venv/lib/python3.9/site-packages/airflow/example_dags/example_skip_dag.py
[2023-03-23 23:08:57,999] {logging_mixin.py:115} INFO - [2023-03-23 23:08:57,999] {dag.py:2379} INFO - Sync 1 DAGs
[2023-03-23 23:08:58,006] {logging_mixin.py:115} INFO - [2023-03-23 23:08:58,006] {dag.py:2927} INFO - Setting next_dagrun for example_skip_dag to 2023-03-23T02:08:58.005931+00:00, run_after=2023-03-24T02:08:58.005931+00:00
[2023-03-23 23:08:58,011] {processor.py:161} INFO - Processing /Users/gabrielroger/Documents/projects/weather-data/.venv/lib/python3.9/site-packages/airflow/example_dags/example_skip_dag.py took 0.050 seconds
[2023-03-23 23:09:48,589] {processor.py:153} INFO - Started process (PID=2444) to work on /Users/gabrielroger/Documents/projects/weather-data/.venv/lib/python3.9/site-packages/airflow/example_dags/example_skip_dag.py
[2023-03-23 23:09:48,589] {processor.py:641} INFO - Processing file /Users/gabrielroger/Documents/projects/weather-data/.venv/lib/python3.9/site-packages/airflow/example_dags/example_skip_dag.py for tasks to queue
[2023-03-23 23:09:48,590] {logging_mixin.py:115} INFO - [2023-03-23 23:09:48,590] {dagbag.py:507} INFO - Filling up the DagBag from /Users/gabrielroger/Documents/projects/weather-data/.venv/lib/python3.9/site-packages/airflow/example_dags/example_skip_dag.py
[2023-03-23 23:09:48,596] {processor.py:651} INFO - DAG(s) dict_keys(['example_skip_dag']) retrieved from /Users/gabrielroger/Documents/projects/weather-data/.venv/lib/python3.9/site-packages/airflow/example_dags/example_skip_dag.py
[2023-03-23 23:09:48,626] {logging_mixin.py:115} INFO - [2023-03-23 23:09:48,626] {dag.py:2379} INFO - Sync 1 DAGs
[2023-03-23 23:09:48,633] {logging_mixin.py:115} INFO - [2023-03-23 23:09:48,633] {dag.py:2927} INFO - Setting next_dagrun for example_skip_dag to 2023-03-23T02:09:48.633022+00:00, run_after=2023-03-24T02:09:48.633022+00:00
[2023-03-23 23:09:48,638] {processor.py:161} INFO - Processing /Users/gabrielroger/Documents/projects/weather-data/.venv/lib/python3.9/site-packages/airflow/example_dags/example_skip_dag.py took 0.049 seconds
[2023-03-23 23:10:30,987] {processor.py:153} INFO - Started process (PID=2475) to work on /Users/gabrielroger/Documents/projects/weather-data/.venv/lib/python3.9/site-packages/airflow/example_dags/example_skip_dag.py
[2023-03-23 23:10:30,988] {processor.py:641} INFO - Processing file /Users/gabrielroger/Documents/projects/weather-data/.venv/lib/python3.9/site-packages/airflow/example_dags/example_skip_dag.py for tasks to queue
[2023-03-23 23:10:30,988] {logging_mixin.py:115} INFO - [2023-03-23 23:10:30,988] {dagbag.py:507} INFO - Filling up the DagBag from /Users/gabrielroger/Documents/projects/weather-data/.venv/lib/python3.9/site-packages/airflow/example_dags/example_skip_dag.py
[2023-03-23 23:10:30,995] {processor.py:651} INFO - DAG(s) dict_keys(['example_skip_dag']) retrieved from /Users/gabrielroger/Documents/projects/weather-data/.venv/lib/python3.9/site-packages/airflow/example_dags/example_skip_dag.py
[2023-03-23 23:10:31,026] {logging_mixin.py:115} INFO - [2023-03-23 23:10:31,026] {dag.py:2379} INFO - Sync 1 DAGs
[2023-03-23 23:10:31,033] {logging_mixin.py:115} INFO - [2023-03-23 23:10:31,033] {dag.py:2927} INFO - Setting next_dagrun for example_skip_dag to 2023-03-23T02:10:31.033252+00:00, run_after=2023-03-24T02:10:31.033252+00:00
[2023-03-23 23:10:31,038] {processor.py:161} INFO - Processing /Users/gabrielroger/Documents/projects/weather-data/.venv/lib/python3.9/site-packages/airflow/example_dags/example_skip_dag.py took 0.052 seconds
