[2023-03-23 22:57:25,659] {processor.py:153} INFO - Started process (PID=1819) to work on /Users/gabrielroger/Documents/projects/weather-data/.venv/lib/python3.9/site-packages/airflow/example_dags/example_trigger_target_dag.py
[2023-03-23 22:57:25,660] {processor.py:641} INFO - Processing file /Users/gabrielroger/Documents/projects/weather-data/.venv/lib/python3.9/site-packages/airflow/example_dags/example_trigger_target_dag.py for tasks to queue
[2023-03-23 22:57:25,660] {logging_mixin.py:115} INFO - [2023-03-23 22:57:25,660] {dagbag.py:507} INFO - Filling up the DagBag from /Users/gabrielroger/Documents/projects/weather-data/.venv/lib/python3.9/site-packages/airflow/example_dags/example_trigger_target_dag.py
[2023-03-23 22:57:25,677] {processor.py:651} INFO - DAG(s) dict_keys(['example_trigger_target_dag']) retrieved from /Users/gabrielroger/Documents/projects/weather-data/.venv/lib/python3.9/site-packages/airflow/example_dags/example_trigger_target_dag.py
[2023-03-23 22:57:25,710] {logging_mixin.py:115} INFO - [2023-03-23 22:57:25,710] {dag.py:2379} INFO - Sync 1 DAGs
[2023-03-23 22:57:25,718] {logging_mixin.py:115} INFO - [2023-03-23 22:57:25,718] {dag.py:2927} INFO - Setting next_dagrun for example_trigger_target_dag to None, run_after=None
[2023-03-23 22:57:25,723] {processor.py:161} INFO - Processing /Users/gabrielroger/Documents/projects/weather-data/.venv/lib/python3.9/site-packages/airflow/example_dags/example_trigger_target_dag.py took 0.063 seconds
[2023-03-23 22:58:16,244] {processor.py:153} INFO - Started process (PID=1857) to work on /Users/gabrielroger/Documents/projects/weather-data/.venv/lib/python3.9/site-packages/airflow/example_dags/example_trigger_target_dag.py
[2023-03-23 22:58:16,245] {processor.py:641} INFO - Processing file /Users/gabrielroger/Documents/projects/weather-data/.venv/lib/python3.9/site-packages/airflow/example_dags/example_trigger_target_dag.py for tasks to queue
[2023-03-23 22:58:16,245] {logging_mixin.py:115} INFO - [2023-03-23 22:58:16,245] {dagbag.py:507} INFO - Filling up the DagBag from /Users/gabrielroger/Documents/projects/weather-data/.venv/lib/python3.9/site-packages/airflow/example_dags/example_trigger_target_dag.py
[2023-03-23 22:58:16,262] {processor.py:651} INFO - DAG(s) dict_keys(['example_trigger_target_dag']) retrieved from /Users/gabrielroger/Documents/projects/weather-data/.venv/lib/python3.9/site-packages/airflow/example_dags/example_trigger_target_dag.py
[2023-03-23 22:58:16,292] {logging_mixin.py:115} INFO - [2023-03-23 22:58:16,292] {dag.py:2379} INFO - Sync 1 DAGs
[2023-03-23 22:58:16,298] {logging_mixin.py:115} INFO - [2023-03-23 22:58:16,298] {dag.py:2927} INFO - Setting next_dagrun for example_trigger_target_dag to None, run_after=None
[2023-03-23 22:58:16,303] {processor.py:161} INFO - Processing /Users/gabrielroger/Documents/projects/weather-data/.venv/lib/python3.9/site-packages/airflow/example_dags/example_trigger_target_dag.py took 0.059 seconds
[2023-03-23 22:59:04,993] {processor.py:153} INFO - Started process (PID=1899) to work on /Users/gabrielroger/Documents/projects/weather-data/.venv/lib/python3.9/site-packages/airflow/example_dags/example_trigger_target_dag.py
[2023-03-23 22:59:04,994] {processor.py:641} INFO - Processing file /Users/gabrielroger/Documents/projects/weather-data/.venv/lib/python3.9/site-packages/airflow/example_dags/example_trigger_target_dag.py for tasks to queue
[2023-03-23 22:59:04,994] {logging_mixin.py:115} INFO - [2023-03-23 22:59:04,994] {dagbag.py:507} INFO - Filling up the DagBag from /Users/gabrielroger/Documents/projects/weather-data/.venv/lib/python3.9/site-packages/airflow/example_dags/example_trigger_target_dag.py
[2023-03-23 22:59:05,011] {processor.py:651} INFO - DAG(s) dict_keys(['example_trigger_target_dag']) retrieved from /Users/gabrielroger/Documents/projects/weather-data/.venv/lib/python3.9/site-packages/airflow/example_dags/example_trigger_target_dag.py
[2023-03-23 22:59:05,041] {logging_mixin.py:115} INFO - [2023-03-23 22:59:05,041] {dag.py:2379} INFO - Sync 1 DAGs
[2023-03-23 22:59:05,047] {logging_mixin.py:115} INFO - [2023-03-23 22:59:05,047] {dag.py:2927} INFO - Setting next_dagrun for example_trigger_target_dag to None, run_after=None
[2023-03-23 22:59:05,052] {processor.py:161} INFO - Processing /Users/gabrielroger/Documents/projects/weather-data/.venv/lib/python3.9/site-packages/airflow/example_dags/example_trigger_target_dag.py took 0.059 seconds
[2023-03-23 22:59:45,536] {processor.py:153} INFO - Started process (PID=1929) to work on /Users/gabrielroger/Documents/projects/weather-data/.venv/lib/python3.9/site-packages/airflow/example_dags/example_trigger_target_dag.py
[2023-03-23 22:59:45,536] {processor.py:641} INFO - Processing file /Users/gabrielroger/Documents/projects/weather-data/.venv/lib/python3.9/site-packages/airflow/example_dags/example_trigger_target_dag.py for tasks to queue
[2023-03-23 22:59:45,537] {logging_mixin.py:115} INFO - [2023-03-23 22:59:45,537] {dagbag.py:507} INFO - Filling up the DagBag from /Users/gabrielroger/Documents/projects/weather-data/.venv/lib/python3.9/site-packages/airflow/example_dags/example_trigger_target_dag.py
[2023-03-23 22:59:45,553] {processor.py:651} INFO - DAG(s) dict_keys(['example_trigger_target_dag']) retrieved from /Users/gabrielroger/Documents/projects/weather-data/.venv/lib/python3.9/site-packages/airflow/example_dags/example_trigger_target_dag.py
[2023-03-23 22:59:45,583] {logging_mixin.py:115} INFO - [2023-03-23 22:59:45,583] {dag.py:2379} INFO - Sync 1 DAGs
[2023-03-23 22:59:45,589] {logging_mixin.py:115} INFO - [2023-03-23 22:59:45,589] {dag.py:2927} INFO - Setting next_dagrun for example_trigger_target_dag to None, run_after=None
[2023-03-23 22:59:45,594] {processor.py:161} INFO - Processing /Users/gabrielroger/Documents/projects/weather-data/.venv/lib/python3.9/site-packages/airflow/example_dags/example_trigger_target_dag.py took 0.059 seconds
[2023-03-23 23:00:20,351] {processor.py:153} INFO - Started process (PID=1963) to work on /Users/gabrielroger/Documents/projects/weather-data/.venv/lib/python3.9/site-packages/airflow/example_dags/example_trigger_target_dag.py
[2023-03-23 23:00:20,352] {processor.py:641} INFO - Processing file /Users/gabrielroger/Documents/projects/weather-data/.venv/lib/python3.9/site-packages/airflow/example_dags/example_trigger_target_dag.py for tasks to queue
[2023-03-23 23:00:20,352] {logging_mixin.py:115} INFO - [2023-03-23 23:00:20,352] {dagbag.py:507} INFO - Filling up the DagBag from /Users/gabrielroger/Documents/projects/weather-data/.venv/lib/python3.9/site-packages/airflow/example_dags/example_trigger_target_dag.py
[2023-03-23 23:00:20,370] {processor.py:651} INFO - DAG(s) dict_keys(['example_trigger_target_dag']) retrieved from /Users/gabrielroger/Documents/projects/weather-data/.venv/lib/python3.9/site-packages/airflow/example_dags/example_trigger_target_dag.py
[2023-03-23 23:00:20,401] {logging_mixin.py:115} INFO - [2023-03-23 23:00:20,400] {dag.py:2379} INFO - Sync 1 DAGs
[2023-03-23 23:00:20,407] {logging_mixin.py:115} INFO - [2023-03-23 23:00:20,407] {dag.py:2927} INFO - Setting next_dagrun for example_trigger_target_dag to None, run_after=None
[2023-03-23 23:00:20,412] {processor.py:161} INFO - Processing /Users/gabrielroger/Documents/projects/weather-data/.venv/lib/python3.9/site-packages/airflow/example_dags/example_trigger_target_dag.py took 0.061 seconds
[2023-03-23 23:01:12,218] {processor.py:153} INFO - Started process (PID=2002) to work on /Users/gabrielroger/Documents/projects/weather-data/.venv/lib/python3.9/site-packages/airflow/example_dags/example_trigger_target_dag.py
[2023-03-23 23:01:12,219] {processor.py:641} INFO - Processing file /Users/gabrielroger/Documents/projects/weather-data/.venv/lib/python3.9/site-packages/airflow/example_dags/example_trigger_target_dag.py for tasks to queue
[2023-03-23 23:01:12,219] {logging_mixin.py:115} INFO - [2023-03-23 23:01:12,219] {dagbag.py:507} INFO - Filling up the DagBag from /Users/gabrielroger/Documents/projects/weather-data/.venv/lib/python3.9/site-packages/airflow/example_dags/example_trigger_target_dag.py
[2023-03-23 23:01:12,236] {processor.py:651} INFO - DAG(s) dict_keys(['example_trigger_target_dag']) retrieved from /Users/gabrielroger/Documents/projects/weather-data/.venv/lib/python3.9/site-packages/airflow/example_dags/example_trigger_target_dag.py
[2023-03-23 23:01:12,266] {logging_mixin.py:115} INFO - [2023-03-23 23:01:12,266] {dag.py:2379} INFO - Sync 1 DAGs
[2023-03-23 23:01:12,272] {logging_mixin.py:115} INFO - [2023-03-23 23:01:12,272] {dag.py:2927} INFO - Setting next_dagrun for example_trigger_target_dag to None, run_after=None
[2023-03-23 23:01:12,277] {processor.py:161} INFO - Processing /Users/gabrielroger/Documents/projects/weather-data/.venv/lib/python3.9/site-packages/airflow/example_dags/example_trigger_target_dag.py took 0.060 seconds
[2023-03-23 23:01:56,922] {processor.py:153} INFO - Started process (PID=2043) to work on /Users/gabrielroger/Documents/projects/weather-data/.venv/lib/python3.9/site-packages/airflow/example_dags/example_trigger_target_dag.py
[2023-03-23 23:01:56,923] {processor.py:641} INFO - Processing file /Users/gabrielroger/Documents/projects/weather-data/.venv/lib/python3.9/site-packages/airflow/example_dags/example_trigger_target_dag.py for tasks to queue
[2023-03-23 23:01:56,924] {logging_mixin.py:115} INFO - [2023-03-23 23:01:56,923] {dagbag.py:507} INFO - Filling up the DagBag from /Users/gabrielroger/Documents/projects/weather-data/.venv/lib/python3.9/site-packages/airflow/example_dags/example_trigger_target_dag.py
[2023-03-23 23:01:56,940] {processor.py:651} INFO - DAG(s) dict_keys(['example_trigger_target_dag']) retrieved from /Users/gabrielroger/Documents/projects/weather-data/.venv/lib/python3.9/site-packages/airflow/example_dags/example_trigger_target_dag.py
[2023-03-23 23:01:56,970] {logging_mixin.py:115} INFO - [2023-03-23 23:01:56,970] {dag.py:2379} INFO - Sync 1 DAGs
[2023-03-23 23:01:56,977] {logging_mixin.py:115} INFO - [2023-03-23 23:01:56,977] {dag.py:2927} INFO - Setting next_dagrun for example_trigger_target_dag to None, run_after=None
[2023-03-23 23:01:56,982] {processor.py:161} INFO - Processing /Users/gabrielroger/Documents/projects/weather-data/.venv/lib/python3.9/site-packages/airflow/example_dags/example_trigger_target_dag.py took 0.060 seconds
[2023-03-23 23:02:33,138] {processor.py:153} INFO - Started process (PID=2080) to work on /Users/gabrielroger/Documents/projects/weather-data/.venv/lib/python3.9/site-packages/airflow/example_dags/example_trigger_target_dag.py
[2023-03-23 23:02:33,139] {processor.py:641} INFO - Processing file /Users/gabrielroger/Documents/projects/weather-data/.venv/lib/python3.9/site-packages/airflow/example_dags/example_trigger_target_dag.py for tasks to queue
[2023-03-23 23:02:33,139] {logging_mixin.py:115} INFO - [2023-03-23 23:02:33,139] {dagbag.py:507} INFO - Filling up the DagBag from /Users/gabrielroger/Documents/projects/weather-data/.venv/lib/python3.9/site-packages/airflow/example_dags/example_trigger_target_dag.py
[2023-03-23 23:02:33,156] {processor.py:651} INFO - DAG(s) dict_keys(['example_trigger_target_dag']) retrieved from /Users/gabrielroger/Documents/projects/weather-data/.venv/lib/python3.9/site-packages/airflow/example_dags/example_trigger_target_dag.py
[2023-03-23 23:02:33,186] {logging_mixin.py:115} INFO - [2023-03-23 23:02:33,186] {dag.py:2379} INFO - Sync 1 DAGs
[2023-03-23 23:02:33,193] {logging_mixin.py:115} INFO - [2023-03-23 23:02:33,193] {dag.py:2927} INFO - Setting next_dagrun for example_trigger_target_dag to None, run_after=None
[2023-03-23 23:02:33,198] {processor.py:161} INFO - Processing /Users/gabrielroger/Documents/projects/weather-data/.venv/lib/python3.9/site-packages/airflow/example_dags/example_trigger_target_dag.py took 0.060 seconds
[2023-03-23 23:03:22,391] {processor.py:153} INFO - Started process (PID=2129) to work on /Users/gabrielroger/Documents/projects/weather-data/.venv/lib/python3.9/site-packages/airflow/example_dags/example_trigger_target_dag.py
[2023-03-23 23:03:22,392] {processor.py:641} INFO - Processing file /Users/gabrielroger/Documents/projects/weather-data/.venv/lib/python3.9/site-packages/airflow/example_dags/example_trigger_target_dag.py for tasks to queue
[2023-03-23 23:03:22,392] {logging_mixin.py:115} INFO - [2023-03-23 23:03:22,392] {dagbag.py:507} INFO - Filling up the DagBag from /Users/gabrielroger/Documents/projects/weather-data/.venv/lib/python3.9/site-packages/airflow/example_dags/example_trigger_target_dag.py
[2023-03-23 23:03:22,409] {processor.py:651} INFO - DAG(s) dict_keys(['example_trigger_target_dag']) retrieved from /Users/gabrielroger/Documents/projects/weather-data/.venv/lib/python3.9/site-packages/airflow/example_dags/example_trigger_target_dag.py
[2023-03-23 23:03:22,439] {logging_mixin.py:115} INFO - [2023-03-23 23:03:22,439] {dag.py:2379} INFO - Sync 1 DAGs
[2023-03-23 23:03:22,446] {logging_mixin.py:115} INFO - [2023-03-23 23:03:22,446] {dag.py:2927} INFO - Setting next_dagrun for example_trigger_target_dag to None, run_after=None
[2023-03-23 23:03:22,451] {processor.py:161} INFO - Processing /Users/gabrielroger/Documents/projects/weather-data/.venv/lib/python3.9/site-packages/airflow/example_dags/example_trigger_target_dag.py took 0.060 seconds
[2023-03-23 23:04:11,598] {processor.py:153} INFO - Started process (PID=2167) to work on /Users/gabrielroger/Documents/projects/weather-data/.venv/lib/python3.9/site-packages/airflow/example_dags/example_trigger_target_dag.py
[2023-03-23 23:04:11,599] {processor.py:641} INFO - Processing file /Users/gabrielroger/Documents/projects/weather-data/.venv/lib/python3.9/site-packages/airflow/example_dags/example_trigger_target_dag.py for tasks to queue
[2023-03-23 23:04:11,599] {logging_mixin.py:115} INFO - [2023-03-23 23:04:11,599] {dagbag.py:507} INFO - Filling up the DagBag from /Users/gabrielroger/Documents/projects/weather-data/.venv/lib/python3.9/site-packages/airflow/example_dags/example_trigger_target_dag.py
[2023-03-23 23:04:11,615] {processor.py:651} INFO - DAG(s) dict_keys(['example_trigger_target_dag']) retrieved from /Users/gabrielroger/Documents/projects/weather-data/.venv/lib/python3.9/site-packages/airflow/example_dags/example_trigger_target_dag.py
[2023-03-23 23:04:11,646] {logging_mixin.py:115} INFO - [2023-03-23 23:04:11,646] {dag.py:2379} INFO - Sync 1 DAGs
[2023-03-23 23:04:11,652] {logging_mixin.py:115} INFO - [2023-03-23 23:04:11,652] {dag.py:2927} INFO - Setting next_dagrun for example_trigger_target_dag to None, run_after=None
[2023-03-23 23:04:11,657] {processor.py:161} INFO - Processing /Users/gabrielroger/Documents/projects/weather-data/.venv/lib/python3.9/site-packages/airflow/example_dags/example_trigger_target_dag.py took 0.059 seconds
[2023-03-23 23:04:49,760] {processor.py:153} INFO - Started process (PID=2194) to work on /Users/gabrielroger/Documents/projects/weather-data/.venv/lib/python3.9/site-packages/airflow/example_dags/example_trigger_target_dag.py
[2023-03-23 23:04:49,761] {processor.py:641} INFO - Processing file /Users/gabrielroger/Documents/projects/weather-data/.venv/lib/python3.9/site-packages/airflow/example_dags/example_trigger_target_dag.py for tasks to queue
[2023-03-23 23:04:49,761] {logging_mixin.py:115} INFO - [2023-03-23 23:04:49,761] {dagbag.py:507} INFO - Filling up the DagBag from /Users/gabrielroger/Documents/projects/weather-data/.venv/lib/python3.9/site-packages/airflow/example_dags/example_trigger_target_dag.py
[2023-03-23 23:04:49,778] {processor.py:651} INFO - DAG(s) dict_keys(['example_trigger_target_dag']) retrieved from /Users/gabrielroger/Documents/projects/weather-data/.venv/lib/python3.9/site-packages/airflow/example_dags/example_trigger_target_dag.py
[2023-03-23 23:04:49,808] {logging_mixin.py:115} INFO - [2023-03-23 23:04:49,808] {dag.py:2379} INFO - Sync 1 DAGs
[2023-03-23 23:04:49,815] {logging_mixin.py:115} INFO - [2023-03-23 23:04:49,815] {dag.py:2927} INFO - Setting next_dagrun for example_trigger_target_dag to None, run_after=None
[2023-03-23 23:04:49,820] {processor.py:161} INFO - Processing /Users/gabrielroger/Documents/projects/weather-data/.venv/lib/python3.9/site-packages/airflow/example_dags/example_trigger_target_dag.py took 0.060 seconds
[2023-03-23 23:05:30,207] {processor.py:153} INFO - Started process (PID=2226) to work on /Users/gabrielroger/Documents/projects/weather-data/.venv/lib/python3.9/site-packages/airflow/example_dags/example_trigger_target_dag.py
[2023-03-23 23:05:30,207] {processor.py:641} INFO - Processing file /Users/gabrielroger/Documents/projects/weather-data/.venv/lib/python3.9/site-packages/airflow/example_dags/example_trigger_target_dag.py for tasks to queue
[2023-03-23 23:05:30,207] {logging_mixin.py:115} INFO - [2023-03-23 23:05:30,207] {dagbag.py:507} INFO - Filling up the DagBag from /Users/gabrielroger/Documents/projects/weather-data/.venv/lib/python3.9/site-packages/airflow/example_dags/example_trigger_target_dag.py
[2023-03-23 23:05:30,224] {processor.py:651} INFO - DAG(s) dict_keys(['example_trigger_target_dag']) retrieved from /Users/gabrielroger/Documents/projects/weather-data/.venv/lib/python3.9/site-packages/airflow/example_dags/example_trigger_target_dag.py
[2023-03-23 23:05:30,254] {logging_mixin.py:115} INFO - [2023-03-23 23:05:30,254] {dag.py:2379} INFO - Sync 1 DAGs
[2023-03-23 23:05:30,260] {logging_mixin.py:115} INFO - [2023-03-23 23:05:30,260] {dag.py:2927} INFO - Setting next_dagrun for example_trigger_target_dag to None, run_after=None
[2023-03-23 23:05:30,265] {processor.py:161} INFO - Processing /Users/gabrielroger/Documents/projects/weather-data/.venv/lib/python3.9/site-packages/airflow/example_dags/example_trigger_target_dag.py took 0.059 seconds
[2023-03-23 23:06:35,147] {processor.py:153} INFO - Started process (PID=2286) to work on /Users/gabrielroger/Documents/projects/weather-data/.venv/lib/python3.9/site-packages/airflow/example_dags/example_trigger_target_dag.py
[2023-03-23 23:06:35,147] {processor.py:641} INFO - Processing file /Users/gabrielroger/Documents/projects/weather-data/.venv/lib/python3.9/site-packages/airflow/example_dags/example_trigger_target_dag.py for tasks to queue
[2023-03-23 23:06:35,147] {logging_mixin.py:115} INFO - [2023-03-23 23:06:35,147] {dagbag.py:507} INFO - Filling up the DagBag from /Users/gabrielroger/Documents/projects/weather-data/.venv/lib/python3.9/site-packages/airflow/example_dags/example_trigger_target_dag.py
[2023-03-23 23:06:35,164] {processor.py:651} INFO - DAG(s) dict_keys(['example_trigger_target_dag']) retrieved from /Users/gabrielroger/Documents/projects/weather-data/.venv/lib/python3.9/site-packages/airflow/example_dags/example_trigger_target_dag.py
[2023-03-23 23:06:35,195] {logging_mixin.py:115} INFO - [2023-03-23 23:06:35,195] {dag.py:2379} INFO - Sync 1 DAGs
[2023-03-23 23:06:35,201] {logging_mixin.py:115} INFO - [2023-03-23 23:06:35,201] {dag.py:2927} INFO - Setting next_dagrun for example_trigger_target_dag to None, run_after=None
[2023-03-23 23:06:35,206] {processor.py:161} INFO - Processing /Users/gabrielroger/Documents/projects/weather-data/.venv/lib/python3.9/site-packages/airflow/example_dags/example_trigger_target_dag.py took 0.060 seconds
[2023-03-23 23:07:27,045] {processor.py:153} INFO - Started process (PID=2324) to work on /Users/gabrielroger/Documents/projects/weather-data/.venv/lib/python3.9/site-packages/airflow/example_dags/example_trigger_target_dag.py
[2023-03-23 23:07:27,046] {processor.py:641} INFO - Processing file /Users/gabrielroger/Documents/projects/weather-data/.venv/lib/python3.9/site-packages/airflow/example_dags/example_trigger_target_dag.py for tasks to queue
[2023-03-23 23:07:27,046] {logging_mixin.py:115} INFO - [2023-03-23 23:07:27,046] {dagbag.py:507} INFO - Filling up the DagBag from /Users/gabrielroger/Documents/projects/weather-data/.venv/lib/python3.9/site-packages/airflow/example_dags/example_trigger_target_dag.py
[2023-03-23 23:07:27,063] {processor.py:651} INFO - DAG(s) dict_keys(['example_trigger_target_dag']) retrieved from /Users/gabrielroger/Documents/projects/weather-data/.venv/lib/python3.9/site-packages/airflow/example_dags/example_trigger_target_dag.py
[2023-03-23 23:07:27,093] {logging_mixin.py:115} INFO - [2023-03-23 23:07:27,093] {dag.py:2379} INFO - Sync 1 DAGs
[2023-03-23 23:07:27,100] {logging_mixin.py:115} INFO - [2023-03-23 23:07:27,100] {dag.py:2927} INFO - Setting next_dagrun for example_trigger_target_dag to None, run_after=None
[2023-03-23 23:07:27,105] {processor.py:161} INFO - Processing /Users/gabrielroger/Documents/projects/weather-data/.venv/lib/python3.9/site-packages/airflow/example_dags/example_trigger_target_dag.py took 0.060 seconds
[2023-03-23 23:07:56,846] {processor.py:153} INFO - Started process (PID=2355) to work on /Users/gabrielroger/Documents/projects/weather-data/.venv/lib/python3.9/site-packages/airflow/example_dags/example_trigger_target_dag.py
[2023-03-23 23:07:56,847] {processor.py:641} INFO - Processing file /Users/gabrielroger/Documents/projects/weather-data/.venv/lib/python3.9/site-packages/airflow/example_dags/example_trigger_target_dag.py for tasks to queue
[2023-03-23 23:07:56,847] {logging_mixin.py:115} INFO - [2023-03-23 23:07:56,847] {dagbag.py:507} INFO - Filling up the DagBag from /Users/gabrielroger/Documents/projects/weather-data/.venv/lib/python3.9/site-packages/airflow/example_dags/example_trigger_target_dag.py
[2023-03-23 23:07:56,864] {processor.py:651} INFO - DAG(s) dict_keys(['example_trigger_target_dag']) retrieved from /Users/gabrielroger/Documents/projects/weather-data/.venv/lib/python3.9/site-packages/airflow/example_dags/example_trigger_target_dag.py
[2023-03-23 23:07:56,894] {logging_mixin.py:115} INFO - [2023-03-23 23:07:56,894] {dag.py:2379} INFO - Sync 1 DAGs
[2023-03-23 23:07:56,901] {logging_mixin.py:115} INFO - [2023-03-23 23:07:56,901] {dag.py:2927} INFO - Setting next_dagrun for example_trigger_target_dag to None, run_after=None
[2023-03-23 23:07:56,906] {processor.py:161} INFO - Processing /Users/gabrielroger/Documents/projects/weather-data/.venv/lib/python3.9/site-packages/airflow/example_dags/example_trigger_target_dag.py took 0.060 seconds
[2023-03-23 23:08:47,294] {processor.py:153} INFO - Started process (PID=2398) to work on /Users/gabrielroger/Documents/projects/weather-data/.venv/lib/python3.9/site-packages/airflow/example_dags/example_trigger_target_dag.py
[2023-03-23 23:08:47,295] {processor.py:641} INFO - Processing file /Users/gabrielroger/Documents/projects/weather-data/.venv/lib/python3.9/site-packages/airflow/example_dags/example_trigger_target_dag.py for tasks to queue
[2023-03-23 23:08:47,295] {logging_mixin.py:115} INFO - [2023-03-23 23:08:47,295] {dagbag.py:507} INFO - Filling up the DagBag from /Users/gabrielroger/Documents/projects/weather-data/.venv/lib/python3.9/site-packages/airflow/example_dags/example_trigger_target_dag.py
[2023-03-23 23:08:47,312] {processor.py:651} INFO - DAG(s) dict_keys(['example_trigger_target_dag']) retrieved from /Users/gabrielroger/Documents/projects/weather-data/.venv/lib/python3.9/site-packages/airflow/example_dags/example_trigger_target_dag.py
[2023-03-23 23:08:47,342] {logging_mixin.py:115} INFO - [2023-03-23 23:08:47,342] {dag.py:2379} INFO - Sync 1 DAGs
[2023-03-23 23:08:47,349] {logging_mixin.py:115} INFO - [2023-03-23 23:08:47,349] {dag.py:2927} INFO - Setting next_dagrun for example_trigger_target_dag to None, run_after=None
[2023-03-23 23:08:47,354] {processor.py:161} INFO - Processing /Users/gabrielroger/Documents/projects/weather-data/.venv/lib/python3.9/site-packages/airflow/example_dags/example_trigger_target_dag.py took 0.060 seconds
[2023-03-23 23:09:39,003] {processor.py:153} INFO - Started process (PID=2434) to work on /Users/gabrielroger/Documents/projects/weather-data/.venv/lib/python3.9/site-packages/airflow/example_dags/example_trigger_target_dag.py
[2023-03-23 23:09:39,003] {processor.py:641} INFO - Processing file /Users/gabrielroger/Documents/projects/weather-data/.venv/lib/python3.9/site-packages/airflow/example_dags/example_trigger_target_dag.py for tasks to queue
[2023-03-23 23:09:39,003] {logging_mixin.py:115} INFO - [2023-03-23 23:09:39,003] {dagbag.py:507} INFO - Filling up the DagBag from /Users/gabrielroger/Documents/projects/weather-data/.venv/lib/python3.9/site-packages/airflow/example_dags/example_trigger_target_dag.py
[2023-03-23 23:09:39,019] {processor.py:651} INFO - DAG(s) dict_keys(['example_trigger_target_dag']) retrieved from /Users/gabrielroger/Documents/projects/weather-data/.venv/lib/python3.9/site-packages/airflow/example_dags/example_trigger_target_dag.py
[2023-03-23 23:09:39,050] {logging_mixin.py:115} INFO - [2023-03-23 23:09:39,050] {dag.py:2379} INFO - Sync 1 DAGs
[2023-03-23 23:09:39,056] {logging_mixin.py:115} INFO - [2023-03-23 23:09:39,056] {dag.py:2927} INFO - Setting next_dagrun for example_trigger_target_dag to None, run_after=None
[2023-03-23 23:09:39,062] {processor.py:161} INFO - Processing /Users/gabrielroger/Documents/projects/weather-data/.venv/lib/python3.9/site-packages/airflow/example_dags/example_trigger_target_dag.py took 0.059 seconds
[2023-03-23 23:10:21,090] {processor.py:153} INFO - Started process (PID=2467) to work on /Users/gabrielroger/Documents/projects/weather-data/.venv/lib/python3.9/site-packages/airflow/example_dags/example_trigger_target_dag.py
[2023-03-23 23:10:21,090] {processor.py:641} INFO - Processing file /Users/gabrielroger/Documents/projects/weather-data/.venv/lib/python3.9/site-packages/airflow/example_dags/example_trigger_target_dag.py for tasks to queue
[2023-03-23 23:10:21,090] {logging_mixin.py:115} INFO - [2023-03-23 23:10:21,090] {dagbag.py:507} INFO - Filling up the DagBag from /Users/gabrielroger/Documents/projects/weather-data/.venv/lib/python3.9/site-packages/airflow/example_dags/example_trigger_target_dag.py
[2023-03-23 23:10:21,107] {processor.py:651} INFO - DAG(s) dict_keys(['example_trigger_target_dag']) retrieved from /Users/gabrielroger/Documents/projects/weather-data/.venv/lib/python3.9/site-packages/airflow/example_dags/example_trigger_target_dag.py
[2023-03-23 23:10:21,137] {logging_mixin.py:115} INFO - [2023-03-23 23:10:21,137] {dag.py:2379} INFO - Sync 1 DAGs
[2023-03-23 23:10:21,144] {logging_mixin.py:115} INFO - [2023-03-23 23:10:21,143] {dag.py:2927} INFO - Setting next_dagrun for example_trigger_target_dag to None, run_after=None
[2023-03-23 23:10:21,149] {processor.py:161} INFO - Processing /Users/gabrielroger/Documents/projects/weather-data/.venv/lib/python3.9/site-packages/airflow/example_dags/example_trigger_target_dag.py took 0.059 seconds
[2023-03-23 23:11:05,160] {processor.py:153} INFO - Started process (PID=2500) to work on /Users/gabrielroger/Documents/projects/weather-data/.venv/lib/python3.9/site-packages/airflow/example_dags/example_trigger_target_dag.py
[2023-03-23 23:11:05,161] {processor.py:641} INFO - Processing file /Users/gabrielroger/Documents/projects/weather-data/.venv/lib/python3.9/site-packages/airflow/example_dags/example_trigger_target_dag.py for tasks to queue
[2023-03-23 23:11:05,161] {logging_mixin.py:115} INFO - [2023-03-23 23:11:05,161] {dagbag.py:507} INFO - Filling up the DagBag from /Users/gabrielroger/Documents/projects/weather-data/.venv/lib/python3.9/site-packages/airflow/example_dags/example_trigger_target_dag.py
[2023-03-23 23:11:05,178] {processor.py:651} INFO - DAG(s) dict_keys(['example_trigger_target_dag']) retrieved from /Users/gabrielroger/Documents/projects/weather-data/.venv/lib/python3.9/site-packages/airflow/example_dags/example_trigger_target_dag.py
[2023-03-23 23:11:05,208] {logging_mixin.py:115} INFO - [2023-03-23 23:11:05,208] {dag.py:2379} INFO - Sync 1 DAGs
[2023-03-23 23:11:05,215] {logging_mixin.py:115} INFO - [2023-03-23 23:11:05,215] {dag.py:2927} INFO - Setting next_dagrun for example_trigger_target_dag to None, run_after=None
[2023-03-23 23:11:05,220] {processor.py:161} INFO - Processing /Users/gabrielroger/Documents/projects/weather-data/.venv/lib/python3.9/site-packages/airflow/example_dags/example_trigger_target_dag.py took 0.061 seconds
