[2023-03-23 22:57:33,151] {processor.py:153} INFO - Started process (PID=1824) to work on /Users/gabrielroger/Documents/projects/weather-data/.venv/lib/python3.9/site-packages/airflow/example_dags/example_subdag_operator.py
[2023-03-23 22:57:33,151] {processor.py:641} INFO - Processing file /Users/gabrielroger/Documents/projects/weather-data/.venv/lib/python3.9/site-packages/airflow/example_dags/example_subdag_operator.py for tasks to queue
[2023-03-23 22:57:33,151] {logging_mixin.py:115} INFO - [2023-03-23 22:57:33,151] {dagbag.py:507} INFO - Filling up the DagBag from /Users/gabrielroger/Documents/projects/weather-data/.venv/lib/python3.9/site-packages/airflow/example_dags/example_subdag_operator.py
[2023-03-23 22:57:33,179] {processor.py:651} INFO - DAG(s) dict_keys(['example_subdag_operator.section-1', 'example_subdag_operator.section-2', 'example_subdag_operator']) retrieved from /Users/gabrielroger/Documents/projects/weather-data/.venv/lib/python3.9/site-packages/airflow/example_dags/example_subdag_operator.py
[2023-03-23 22:57:33,196] {logging_mixin.py:115} INFO - [2023-03-23 22:57:33,196] {dag.py:2379} INFO - Sync 3 DAGs
[2023-03-23 22:57:33,203] {logging_mixin.py:115} INFO - [2023-03-23 22:57:33,203] {dag.py:2927} INFO - Setting next_dagrun for example_subdag_operator to 2022-01-01T00:00:00+00:00, run_after=2022-01-01T00:00:00+00:00
[2023-03-23 22:57:33,203] {logging_mixin.py:115} INFO - [2023-03-23 22:57:33,203] {dag.py:2927} INFO - Setting next_dagrun for example_subdag_operator.section-1 to None, run_after=None
[2023-03-23 22:57:33,203] {logging_mixin.py:115} INFO - [2023-03-23 22:57:33,203] {dag.py:2927} INFO - Setting next_dagrun for example_subdag_operator.section-2 to None, run_after=None
[2023-03-23 22:57:33,205] {logging_mixin.py:115} INFO - [2023-03-23 22:57:33,205] {dag.py:2379} INFO - Sync 2 DAGs
[2023-03-23 22:57:33,207] {logging_mixin.py:115} INFO - [2023-03-23 22:57:33,207] {dag.py:2927} INFO - Setting next_dagrun for example_subdag_operator.section-1 to None, run_after=None
[2023-03-23 22:57:33,207] {logging_mixin.py:115} INFO - [2023-03-23 22:57:33,207] {dag.py:2927} INFO - Setting next_dagrun for example_subdag_operator.section-2 to None, run_after=None
[2023-03-23 22:57:33,210] {processor.py:161} INFO - Processing /Users/gabrielroger/Documents/projects/weather-data/.venv/lib/python3.9/site-packages/airflow/example_dags/example_subdag_operator.py took 0.060 seconds
[2023-03-23 22:58:23,129] {processor.py:153} INFO - Started process (PID=1862) to work on /Users/gabrielroger/Documents/projects/weather-data/.venv/lib/python3.9/site-packages/airflow/example_dags/example_subdag_operator.py
[2023-03-23 22:58:23,130] {processor.py:641} INFO - Processing file /Users/gabrielroger/Documents/projects/weather-data/.venv/lib/python3.9/site-packages/airflow/example_dags/example_subdag_operator.py for tasks to queue
[2023-03-23 22:58:23,130] {logging_mixin.py:115} INFO - [2023-03-23 22:58:23,130] {dagbag.py:507} INFO - Filling up the DagBag from /Users/gabrielroger/Documents/projects/weather-data/.venv/lib/python3.9/site-packages/airflow/example_dags/example_subdag_operator.py
[2023-03-23 22:58:23,158] {processor.py:651} INFO - DAG(s) dict_keys(['example_subdag_operator.section-1', 'example_subdag_operator.section-2', 'example_subdag_operator']) retrieved from /Users/gabrielroger/Documents/projects/weather-data/.venv/lib/python3.9/site-packages/airflow/example_dags/example_subdag_operator.py
[2023-03-23 22:58:23,175] {logging_mixin.py:115} INFO - [2023-03-23 22:58:23,175] {dag.py:2379} INFO - Sync 3 DAGs
[2023-03-23 22:58:23,182] {logging_mixin.py:115} INFO - [2023-03-23 22:58:23,182] {dag.py:2927} INFO - Setting next_dagrun for example_subdag_operator to 2022-01-01T00:00:00+00:00, run_after=2022-01-01T00:00:00+00:00
[2023-03-23 22:58:23,182] {logging_mixin.py:115} INFO - [2023-03-23 22:58:23,182] {dag.py:2927} INFO - Setting next_dagrun for example_subdag_operator.section-1 to None, run_after=None
[2023-03-23 22:58:23,182] {logging_mixin.py:115} INFO - [2023-03-23 22:58:23,182] {dag.py:2927} INFO - Setting next_dagrun for example_subdag_operator.section-2 to None, run_after=None
[2023-03-23 22:58:23,185] {logging_mixin.py:115} INFO - [2023-03-23 22:58:23,185] {dag.py:2379} INFO - Sync 2 DAGs
[2023-03-23 22:58:23,186] {logging_mixin.py:115} INFO - [2023-03-23 22:58:23,186] {dag.py:2927} INFO - Setting next_dagrun for example_subdag_operator.section-1 to None, run_after=None
[2023-03-23 22:58:23,186] {logging_mixin.py:115} INFO - [2023-03-23 22:58:23,186] {dag.py:2927} INFO - Setting next_dagrun for example_subdag_operator.section-2 to None, run_after=None
[2023-03-23 22:58:23,191] {processor.py:161} INFO - Processing /Users/gabrielroger/Documents/projects/weather-data/.venv/lib/python3.9/site-packages/airflow/example_dags/example_subdag_operator.py took 0.063 seconds
[2023-03-23 22:59:12,544] {processor.py:153} INFO - Started process (PID=1904) to work on /Users/gabrielroger/Documents/projects/weather-data/.venv/lib/python3.9/site-packages/airflow/example_dags/example_subdag_operator.py
[2023-03-23 22:59:12,544] {processor.py:641} INFO - Processing file /Users/gabrielroger/Documents/projects/weather-data/.venv/lib/python3.9/site-packages/airflow/example_dags/example_subdag_operator.py for tasks to queue
[2023-03-23 22:59:12,545] {logging_mixin.py:115} INFO - [2023-03-23 22:59:12,545] {dagbag.py:507} INFO - Filling up the DagBag from /Users/gabrielroger/Documents/projects/weather-data/.venv/lib/python3.9/site-packages/airflow/example_dags/example_subdag_operator.py
[2023-03-23 22:59:12,573] {processor.py:651} INFO - DAG(s) dict_keys(['example_subdag_operator.section-1', 'example_subdag_operator.section-2', 'example_subdag_operator']) retrieved from /Users/gabrielroger/Documents/projects/weather-data/.venv/lib/python3.9/site-packages/airflow/example_dags/example_subdag_operator.py
[2023-03-23 22:59:12,590] {logging_mixin.py:115} INFO - [2023-03-23 22:59:12,590] {dag.py:2379} INFO - Sync 3 DAGs
[2023-03-23 22:59:12,597] {logging_mixin.py:115} INFO - [2023-03-23 22:59:12,597] {dag.py:2927} INFO - Setting next_dagrun for example_subdag_operator to 2022-01-01T00:00:00+00:00, run_after=2022-01-01T00:00:00+00:00
[2023-03-23 22:59:12,597] {logging_mixin.py:115} INFO - [2023-03-23 22:59:12,597] {dag.py:2927} INFO - Setting next_dagrun for example_subdag_operator.section-1 to None, run_after=None
[2023-03-23 22:59:12,597] {logging_mixin.py:115} INFO - [2023-03-23 22:59:12,597] {dag.py:2927} INFO - Setting next_dagrun for example_subdag_operator.section-2 to None, run_after=None
[2023-03-23 22:59:12,599] {logging_mixin.py:115} INFO - [2023-03-23 22:59:12,599] {dag.py:2379} INFO - Sync 2 DAGs
[2023-03-23 22:59:12,601] {logging_mixin.py:115} INFO - [2023-03-23 22:59:12,601] {dag.py:2927} INFO - Setting next_dagrun for example_subdag_operator.section-1 to None, run_after=None
[2023-03-23 22:59:12,601] {logging_mixin.py:115} INFO - [2023-03-23 22:59:12,601] {dag.py:2927} INFO - Setting next_dagrun for example_subdag_operator.section-2 to None, run_after=None
[2023-03-23 22:59:12,604] {processor.py:161} INFO - Processing /Users/gabrielroger/Documents/projects/weather-data/.venv/lib/python3.9/site-packages/airflow/example_dags/example_subdag_operator.py took 0.061 seconds
[2023-03-23 23:00:27,496] {processor.py:153} INFO - Started process (PID=1971) to work on /Users/gabrielroger/Documents/projects/weather-data/.venv/lib/python3.9/site-packages/airflow/example_dags/example_subdag_operator.py
[2023-03-23 23:00:27,497] {processor.py:641} INFO - Processing file /Users/gabrielroger/Documents/projects/weather-data/.venv/lib/python3.9/site-packages/airflow/example_dags/example_subdag_operator.py for tasks to queue
[2023-03-23 23:00:27,497] {logging_mixin.py:115} INFO - [2023-03-23 23:00:27,497] {dagbag.py:507} INFO - Filling up the DagBag from /Users/gabrielroger/Documents/projects/weather-data/.venv/lib/python3.9/site-packages/airflow/example_dags/example_subdag_operator.py
[2023-03-23 23:00:27,525] {processor.py:651} INFO - DAG(s) dict_keys(['example_subdag_operator.section-1', 'example_subdag_operator.section-2', 'example_subdag_operator']) retrieved from /Users/gabrielroger/Documents/projects/weather-data/.venv/lib/python3.9/site-packages/airflow/example_dags/example_subdag_operator.py
[2023-03-23 23:00:27,542] {logging_mixin.py:115} INFO - [2023-03-23 23:00:27,542] {dag.py:2379} INFO - Sync 3 DAGs
[2023-03-23 23:00:27,550] {logging_mixin.py:115} INFO - [2023-03-23 23:00:27,550] {dag.py:2927} INFO - Setting next_dagrun for example_subdag_operator to 2022-01-01T00:00:00+00:00, run_after=2022-01-01T00:00:00+00:00
[2023-03-23 23:00:27,550] {logging_mixin.py:115} INFO - [2023-03-23 23:00:27,550] {dag.py:2927} INFO - Setting next_dagrun for example_subdag_operator.section-1 to None, run_after=None
[2023-03-23 23:00:27,550] {logging_mixin.py:115} INFO - [2023-03-23 23:00:27,550] {dag.py:2927} INFO - Setting next_dagrun for example_subdag_operator.section-2 to None, run_after=None
[2023-03-23 23:00:27,552] {logging_mixin.py:115} INFO - [2023-03-23 23:00:27,552] {dag.py:2379} INFO - Sync 2 DAGs
[2023-03-23 23:00:27,554] {logging_mixin.py:115} INFO - [2023-03-23 23:00:27,554] {dag.py:2927} INFO - Setting next_dagrun for example_subdag_operator.section-1 to None, run_after=None
[2023-03-23 23:00:27,554] {logging_mixin.py:115} INFO - [2023-03-23 23:00:27,554] {dag.py:2927} INFO - Setting next_dagrun for example_subdag_operator.section-2 to None, run_after=None
[2023-03-23 23:00:27,558] {processor.py:161} INFO - Processing /Users/gabrielroger/Documents/projects/weather-data/.venv/lib/python3.9/site-packages/airflow/example_dags/example_subdag_operator.py took 0.062 seconds
[2023-03-23 23:01:20,500] {processor.py:153} INFO - Started process (PID=2007) to work on /Users/gabrielroger/Documents/projects/weather-data/.venv/lib/python3.9/site-packages/airflow/example_dags/example_subdag_operator.py
[2023-03-23 23:01:20,501] {processor.py:641} INFO - Processing file /Users/gabrielroger/Documents/projects/weather-data/.venv/lib/python3.9/site-packages/airflow/example_dags/example_subdag_operator.py for tasks to queue
[2023-03-23 23:01:20,501] {logging_mixin.py:115} INFO - [2023-03-23 23:01:20,501] {dagbag.py:507} INFO - Filling up the DagBag from /Users/gabrielroger/Documents/projects/weather-data/.venv/lib/python3.9/site-packages/airflow/example_dags/example_subdag_operator.py
[2023-03-23 23:01:20,529] {processor.py:651} INFO - DAG(s) dict_keys(['example_subdag_operator.section-1', 'example_subdag_operator.section-2', 'example_subdag_operator']) retrieved from /Users/gabrielroger/Documents/projects/weather-data/.venv/lib/python3.9/site-packages/airflow/example_dags/example_subdag_operator.py
[2023-03-23 23:01:20,546] {logging_mixin.py:115} INFO - [2023-03-23 23:01:20,546] {dag.py:2379} INFO - Sync 3 DAGs
[2023-03-23 23:01:20,554] {logging_mixin.py:115} INFO - [2023-03-23 23:01:20,554] {dag.py:2927} INFO - Setting next_dagrun for example_subdag_operator to 2022-01-01T00:00:00+00:00, run_after=2022-01-01T00:00:00+00:00
[2023-03-23 23:01:20,554] {logging_mixin.py:115} INFO - [2023-03-23 23:01:20,554] {dag.py:2927} INFO - Setting next_dagrun for example_subdag_operator.section-1 to None, run_after=None
[2023-03-23 23:01:20,554] {logging_mixin.py:115} INFO - [2023-03-23 23:01:20,554] {dag.py:2927} INFO - Setting next_dagrun for example_subdag_operator.section-2 to None, run_after=None
[2023-03-23 23:01:20,556] {logging_mixin.py:115} INFO - [2023-03-23 23:01:20,556] {dag.py:2379} INFO - Sync 2 DAGs
[2023-03-23 23:01:20,558] {logging_mixin.py:115} INFO - [2023-03-23 23:01:20,558] {dag.py:2927} INFO - Setting next_dagrun for example_subdag_operator.section-1 to None, run_after=None
[2023-03-23 23:01:20,558] {logging_mixin.py:115} INFO - [2023-03-23 23:01:20,558] {dag.py:2927} INFO - Setting next_dagrun for example_subdag_operator.section-2 to None, run_after=None
[2023-03-23 23:01:20,561] {processor.py:161} INFO - Processing /Users/gabrielroger/Documents/projects/weather-data/.venv/lib/python3.9/site-packages/airflow/example_dags/example_subdag_operator.py took 0.062 seconds
[2023-03-23 23:02:39,383] {processor.py:153} INFO - Started process (PID=2085) to work on /Users/gabrielroger/Documents/projects/weather-data/.venv/lib/python3.9/site-packages/airflow/example_dags/example_subdag_operator.py
[2023-03-23 23:02:39,384] {processor.py:641} INFO - Processing file /Users/gabrielroger/Documents/projects/weather-data/.venv/lib/python3.9/site-packages/airflow/example_dags/example_subdag_operator.py for tasks to queue
[2023-03-23 23:02:39,384] {logging_mixin.py:115} INFO - [2023-03-23 23:02:39,384] {dagbag.py:507} INFO - Filling up the DagBag from /Users/gabrielroger/Documents/projects/weather-data/.venv/lib/python3.9/site-packages/airflow/example_dags/example_subdag_operator.py
[2023-03-23 23:02:39,412] {processor.py:651} INFO - DAG(s) dict_keys(['example_subdag_operator.section-1', 'example_subdag_operator.section-2', 'example_subdag_operator']) retrieved from /Users/gabrielroger/Documents/projects/weather-data/.venv/lib/python3.9/site-packages/airflow/example_dags/example_subdag_operator.py
[2023-03-23 23:02:39,430] {logging_mixin.py:115} INFO - [2023-03-23 23:02:39,430] {dag.py:2379} INFO - Sync 3 DAGs
[2023-03-23 23:02:39,437] {logging_mixin.py:115} INFO - [2023-03-23 23:02:39,437] {dag.py:2927} INFO - Setting next_dagrun for example_subdag_operator to 2022-01-01T00:00:00+00:00, run_after=2022-01-01T00:00:00+00:00
[2023-03-23 23:02:39,437] {logging_mixin.py:115} INFO - [2023-03-23 23:02:39,437] {dag.py:2927} INFO - Setting next_dagrun for example_subdag_operator.section-1 to None, run_after=None
[2023-03-23 23:02:39,437] {logging_mixin.py:115} INFO - [2023-03-23 23:02:39,437] {dag.py:2927} INFO - Setting next_dagrun for example_subdag_operator.section-2 to None, run_after=None
[2023-03-23 23:02:39,439] {logging_mixin.py:115} INFO - [2023-03-23 23:02:39,439] {dag.py:2379} INFO - Sync 2 DAGs
[2023-03-23 23:02:39,441] {logging_mixin.py:115} INFO - [2023-03-23 23:02:39,441] {dag.py:2927} INFO - Setting next_dagrun for example_subdag_operator.section-1 to None, run_after=None
[2023-03-23 23:02:39,441] {logging_mixin.py:115} INFO - [2023-03-23 23:02:39,441] {dag.py:2927} INFO - Setting next_dagrun for example_subdag_operator.section-2 to None, run_after=None
[2023-03-23 23:02:39,445] {processor.py:161} INFO - Processing /Users/gabrielroger/Documents/projects/weather-data/.venv/lib/python3.9/site-packages/airflow/example_dags/example_subdag_operator.py took 0.062 seconds
[2023-03-23 23:03:30,382] {processor.py:153} INFO - Started process (PID=2134) to work on /Users/gabrielroger/Documents/projects/weather-data/.venv/lib/python3.9/site-packages/airflow/example_dags/example_subdag_operator.py
[2023-03-23 23:03:30,383] {processor.py:641} INFO - Processing file /Users/gabrielroger/Documents/projects/weather-data/.venv/lib/python3.9/site-packages/airflow/example_dags/example_subdag_operator.py for tasks to queue
[2023-03-23 23:03:30,383] {logging_mixin.py:115} INFO - [2023-03-23 23:03:30,383] {dagbag.py:507} INFO - Filling up the DagBag from /Users/gabrielroger/Documents/projects/weather-data/.venv/lib/python3.9/site-packages/airflow/example_dags/example_subdag_operator.py
[2023-03-23 23:03:30,412] {processor.py:651} INFO - DAG(s) dict_keys(['example_subdag_operator.section-1', 'example_subdag_operator.section-2', 'example_subdag_operator']) retrieved from /Users/gabrielroger/Documents/projects/weather-data/.venv/lib/python3.9/site-packages/airflow/example_dags/example_subdag_operator.py
[2023-03-23 23:03:30,429] {logging_mixin.py:115} INFO - [2023-03-23 23:03:30,429] {dag.py:2379} INFO - Sync 3 DAGs
[2023-03-23 23:03:30,436] {logging_mixin.py:115} INFO - [2023-03-23 23:03:30,436] {dag.py:2927} INFO - Setting next_dagrun for example_subdag_operator to 2022-01-01T00:00:00+00:00, run_after=2022-01-01T00:00:00+00:00
[2023-03-23 23:03:30,436] {logging_mixin.py:115} INFO - [2023-03-23 23:03:30,436] {dag.py:2927} INFO - Setting next_dagrun for example_subdag_operator.section-1 to None, run_after=None
[2023-03-23 23:03:30,436] {logging_mixin.py:115} INFO - [2023-03-23 23:03:30,436] {dag.py:2927} INFO - Setting next_dagrun for example_subdag_operator.section-2 to None, run_after=None
[2023-03-23 23:03:30,439] {logging_mixin.py:115} INFO - [2023-03-23 23:03:30,439] {dag.py:2379} INFO - Sync 2 DAGs
[2023-03-23 23:03:30,440] {logging_mixin.py:115} INFO - [2023-03-23 23:03:30,440] {dag.py:2927} INFO - Setting next_dagrun for example_subdag_operator.section-1 to None, run_after=None
[2023-03-23 23:03:30,440] {logging_mixin.py:115} INFO - [2023-03-23 23:03:30,440] {dag.py:2927} INFO - Setting next_dagrun for example_subdag_operator.section-2 to None, run_after=None
[2023-03-23 23:03:30,444] {processor.py:161} INFO - Processing /Users/gabrielroger/Documents/projects/weather-data/.venv/lib/python3.9/site-packages/airflow/example_dags/example_subdag_operator.py took 0.062 seconds
[2023-03-23 23:04:19,070] {processor.py:153} INFO - Started process (PID=2172) to work on /Users/gabrielroger/Documents/projects/weather-data/.venv/lib/python3.9/site-packages/airflow/example_dags/example_subdag_operator.py
[2023-03-23 23:04:19,071] {processor.py:641} INFO - Processing file /Users/gabrielroger/Documents/projects/weather-data/.venv/lib/python3.9/site-packages/airflow/example_dags/example_subdag_operator.py for tasks to queue
[2023-03-23 23:04:19,071] {logging_mixin.py:115} INFO - [2023-03-23 23:04:19,071] {dagbag.py:507} INFO - Filling up the DagBag from /Users/gabrielroger/Documents/projects/weather-data/.venv/lib/python3.9/site-packages/airflow/example_dags/example_subdag_operator.py
[2023-03-23 23:04:19,099] {processor.py:651} INFO - DAG(s) dict_keys(['example_subdag_operator.section-1', 'example_subdag_operator.section-2', 'example_subdag_operator']) retrieved from /Users/gabrielroger/Documents/projects/weather-data/.venv/lib/python3.9/site-packages/airflow/example_dags/example_subdag_operator.py
[2023-03-23 23:04:19,116] {logging_mixin.py:115} INFO - [2023-03-23 23:04:19,116] {dag.py:2379} INFO - Sync 3 DAGs
[2023-03-23 23:04:19,123] {logging_mixin.py:115} INFO - [2023-03-23 23:04:19,123] {dag.py:2927} INFO - Setting next_dagrun for example_subdag_operator to 2022-01-01T00:00:00+00:00, run_after=2022-01-01T00:00:00+00:00
[2023-03-23 23:04:19,123] {logging_mixin.py:115} INFO - [2023-03-23 23:04:19,123] {dag.py:2927} INFO - Setting next_dagrun for example_subdag_operator.section-1 to None, run_after=None
[2023-03-23 23:04:19,123] {logging_mixin.py:115} INFO - [2023-03-23 23:04:19,123] {dag.py:2927} INFO - Setting next_dagrun for example_subdag_operator.section-2 to None, run_after=None
[2023-03-23 23:04:19,125] {logging_mixin.py:115} INFO - [2023-03-23 23:04:19,125] {dag.py:2379} INFO - Sync 2 DAGs
[2023-03-23 23:04:19,127] {logging_mixin.py:115} INFO - [2023-03-23 23:04:19,127] {dag.py:2927} INFO - Setting next_dagrun for example_subdag_operator.section-1 to None, run_after=None
[2023-03-23 23:04:19,127] {logging_mixin.py:115} INFO - [2023-03-23 23:04:19,127] {dag.py:2927} INFO - Setting next_dagrun for example_subdag_operator.section-2 to None, run_after=None
[2023-03-23 23:04:19,130] {processor.py:161} INFO - Processing /Users/gabrielroger/Documents/projects/weather-data/.venv/lib/python3.9/site-packages/airflow/example_dags/example_subdag_operator.py took 0.061 seconds
[2023-03-23 23:05:15,503] {processor.py:153} INFO - Started process (PID=2214) to work on /Users/gabrielroger/Documents/projects/weather-data/.venv/lib/python3.9/site-packages/airflow/example_dags/example_subdag_operator.py
[2023-03-23 23:05:15,504] {processor.py:641} INFO - Processing file /Users/gabrielroger/Documents/projects/weather-data/.venv/lib/python3.9/site-packages/airflow/example_dags/example_subdag_operator.py for tasks to queue
[2023-03-23 23:05:15,504] {logging_mixin.py:115} INFO - [2023-03-23 23:05:15,504] {dagbag.py:507} INFO - Filling up the DagBag from /Users/gabrielroger/Documents/projects/weather-data/.venv/lib/python3.9/site-packages/airflow/example_dags/example_subdag_operator.py
[2023-03-23 23:05:15,533] {processor.py:651} INFO - DAG(s) dict_keys(['example_subdag_operator.section-1', 'example_subdag_operator.section-2', 'example_subdag_operator']) retrieved from /Users/gabrielroger/Documents/projects/weather-data/.venv/lib/python3.9/site-packages/airflow/example_dags/example_subdag_operator.py
[2023-03-23 23:05:15,550] {logging_mixin.py:115} INFO - [2023-03-23 23:05:15,550] {dag.py:2379} INFO - Sync 3 DAGs
[2023-03-23 23:05:15,557] {logging_mixin.py:115} INFO - [2023-03-23 23:05:15,557] {dag.py:2927} INFO - Setting next_dagrun for example_subdag_operator to 2022-01-01T00:00:00+00:00, run_after=2022-01-01T00:00:00+00:00
[2023-03-23 23:05:15,557] {logging_mixin.py:115} INFO - [2023-03-23 23:05:15,557] {dag.py:2927} INFO - Setting next_dagrun for example_subdag_operator.section-1 to None, run_after=None
[2023-03-23 23:05:15,558] {logging_mixin.py:115} INFO - [2023-03-23 23:05:15,557] {dag.py:2927} INFO - Setting next_dagrun for example_subdag_operator.section-2 to None, run_after=None
[2023-03-23 23:05:15,560] {logging_mixin.py:115} INFO - [2023-03-23 23:05:15,560] {dag.py:2379} INFO - Sync 2 DAGs
[2023-03-23 23:05:15,561] {logging_mixin.py:115} INFO - [2023-03-23 23:05:15,561] {dag.py:2927} INFO - Setting next_dagrun for example_subdag_operator.section-1 to None, run_after=None
[2023-03-23 23:05:15,561] {logging_mixin.py:115} INFO - [2023-03-23 23:05:15,561] {dag.py:2927} INFO - Setting next_dagrun for example_subdag_operator.section-2 to None, run_after=None
[2023-03-23 23:05:15,565] {processor.py:161} INFO - Processing /Users/gabrielroger/Documents/projects/weather-data/.venv/lib/python3.9/site-packages/airflow/example_dags/example_subdag_operator.py took 0.062 seconds
[2023-03-23 23:06:42,222] {processor.py:153} INFO - Started process (PID=2294) to work on /Users/gabrielroger/Documents/projects/weather-data/.venv/lib/python3.9/site-packages/airflow/example_dags/example_subdag_operator.py
[2023-03-23 23:06:42,223] {processor.py:641} INFO - Processing file /Users/gabrielroger/Documents/projects/weather-data/.venv/lib/python3.9/site-packages/airflow/example_dags/example_subdag_operator.py for tasks to queue
[2023-03-23 23:06:42,223] {logging_mixin.py:115} INFO - [2023-03-23 23:06:42,223] {dagbag.py:507} INFO - Filling up the DagBag from /Users/gabrielroger/Documents/projects/weather-data/.venv/lib/python3.9/site-packages/airflow/example_dags/example_subdag_operator.py
[2023-03-23 23:06:42,251] {processor.py:651} INFO - DAG(s) dict_keys(['example_subdag_operator.section-1', 'example_subdag_operator.section-2', 'example_subdag_operator']) retrieved from /Users/gabrielroger/Documents/projects/weather-data/.venv/lib/python3.9/site-packages/airflow/example_dags/example_subdag_operator.py
[2023-03-23 23:06:42,269] {logging_mixin.py:115} INFO - [2023-03-23 23:06:42,269] {dag.py:2379} INFO - Sync 3 DAGs
[2023-03-23 23:06:42,277] {logging_mixin.py:115} INFO - [2023-03-23 23:06:42,277] {dag.py:2927} INFO - Setting next_dagrun for example_subdag_operator to 2022-01-01T00:00:00+00:00, run_after=2022-01-01T00:00:00+00:00
[2023-03-23 23:06:42,277] {logging_mixin.py:115} INFO - [2023-03-23 23:06:42,277] {dag.py:2927} INFO - Setting next_dagrun for example_subdag_operator.section-1 to None, run_after=None
[2023-03-23 23:06:42,277] {logging_mixin.py:115} INFO - [2023-03-23 23:06:42,277] {dag.py:2927} INFO - Setting next_dagrun for example_subdag_operator.section-2 to None, run_after=None
[2023-03-23 23:06:42,280] {logging_mixin.py:115} INFO - [2023-03-23 23:06:42,280] {dag.py:2379} INFO - Sync 2 DAGs
[2023-03-23 23:06:42,281] {logging_mixin.py:115} INFO - [2023-03-23 23:06:42,281] {dag.py:2927} INFO - Setting next_dagrun for example_subdag_operator.section-1 to None, run_after=None
[2023-03-23 23:06:42,282] {logging_mixin.py:115} INFO - [2023-03-23 23:06:42,281] {dag.py:2927} INFO - Setting next_dagrun for example_subdag_operator.section-2 to None, run_after=None
[2023-03-23 23:06:42,285] {processor.py:161} INFO - Processing /Users/gabrielroger/Documents/projects/weather-data/.venv/lib/python3.9/site-packages/airflow/example_dags/example_subdag_operator.py took 0.064 seconds
[2023-03-23 23:07:35,212] {processor.py:153} INFO - Started process (PID=2330) to work on /Users/gabrielroger/Documents/projects/weather-data/.venv/lib/python3.9/site-packages/airflow/example_dags/example_subdag_operator.py
[2023-03-23 23:07:35,213] {processor.py:641} INFO - Processing file /Users/gabrielroger/Documents/projects/weather-data/.venv/lib/python3.9/site-packages/airflow/example_dags/example_subdag_operator.py for tasks to queue
[2023-03-23 23:07:35,213] {logging_mixin.py:115} INFO - [2023-03-23 23:07:35,213] {dagbag.py:507} INFO - Filling up the DagBag from /Users/gabrielroger/Documents/projects/weather-data/.venv/lib/python3.9/site-packages/airflow/example_dags/example_subdag_operator.py
[2023-03-23 23:07:35,242] {processor.py:651} INFO - DAG(s) dict_keys(['example_subdag_operator.section-1', 'example_subdag_operator.section-2', 'example_subdag_operator']) retrieved from /Users/gabrielroger/Documents/projects/weather-data/.venv/lib/python3.9/site-packages/airflow/example_dags/example_subdag_operator.py
[2023-03-23 23:07:35,260] {logging_mixin.py:115} INFO - [2023-03-23 23:07:35,260] {dag.py:2379} INFO - Sync 3 DAGs
[2023-03-23 23:07:35,267] {logging_mixin.py:115} INFO - [2023-03-23 23:07:35,267] {dag.py:2927} INFO - Setting next_dagrun for example_subdag_operator to 2022-01-01T00:00:00+00:00, run_after=2022-01-01T00:00:00+00:00
[2023-03-23 23:07:35,267] {logging_mixin.py:115} INFO - [2023-03-23 23:07:35,267] {dag.py:2927} INFO - Setting next_dagrun for example_subdag_operator.section-1 to None, run_after=None
[2023-03-23 23:07:35,268] {logging_mixin.py:115} INFO - [2023-03-23 23:07:35,268] {dag.py:2927} INFO - Setting next_dagrun for example_subdag_operator.section-2 to None, run_after=None
[2023-03-23 23:07:35,270] {logging_mixin.py:115} INFO - [2023-03-23 23:07:35,270] {dag.py:2379} INFO - Sync 2 DAGs
[2023-03-23 23:07:35,272] {logging_mixin.py:115} INFO - [2023-03-23 23:07:35,272] {dag.py:2927} INFO - Setting next_dagrun for example_subdag_operator.section-1 to None, run_after=None
[2023-03-23 23:07:35,272] {logging_mixin.py:115} INFO - [2023-03-23 23:07:35,272] {dag.py:2927} INFO - Setting next_dagrun for example_subdag_operator.section-2 to None, run_after=None
[2023-03-23 23:07:35,275] {processor.py:161} INFO - Processing /Users/gabrielroger/Documents/projects/weather-data/.venv/lib/python3.9/site-packages/airflow/example_dags/example_subdag_operator.py took 0.063 seconds
[2023-03-23 23:08:02,938] {processor.py:153} INFO - Started process (PID=2362) to work on /Users/gabrielroger/Documents/projects/weather-data/.venv/lib/python3.9/site-packages/airflow/example_dags/example_subdag_operator.py
[2023-03-23 23:08:02,939] {processor.py:641} INFO - Processing file /Users/gabrielroger/Documents/projects/weather-data/.venv/lib/python3.9/site-packages/airflow/example_dags/example_subdag_operator.py for tasks to queue
[2023-03-23 23:08:02,939] {logging_mixin.py:115} INFO - [2023-03-23 23:08:02,939] {dagbag.py:507} INFO - Filling up the DagBag from /Users/gabrielroger/Documents/projects/weather-data/.venv/lib/python3.9/site-packages/airflow/example_dags/example_subdag_operator.py
[2023-03-23 23:08:02,968] {processor.py:651} INFO - DAG(s) dict_keys(['example_subdag_operator.section-1', 'example_subdag_operator.section-2', 'example_subdag_operator']) retrieved from /Users/gabrielroger/Documents/projects/weather-data/.venv/lib/python3.9/site-packages/airflow/example_dags/example_subdag_operator.py
[2023-03-23 23:08:02,985] {logging_mixin.py:115} INFO - [2023-03-23 23:08:02,985] {dag.py:2379} INFO - Sync 3 DAGs
[2023-03-23 23:08:02,992] {logging_mixin.py:115} INFO - [2023-03-23 23:08:02,992] {dag.py:2927} INFO - Setting next_dagrun for example_subdag_operator to 2022-01-01T00:00:00+00:00, run_after=2022-01-01T00:00:00+00:00
[2023-03-23 23:08:02,992] {logging_mixin.py:115} INFO - [2023-03-23 23:08:02,992] {dag.py:2927} INFO - Setting next_dagrun for example_subdag_operator.section-1 to None, run_after=None
[2023-03-23 23:08:02,992] {logging_mixin.py:115} INFO - [2023-03-23 23:08:02,992] {dag.py:2927} INFO - Setting next_dagrun for example_subdag_operator.section-2 to None, run_after=None
[2023-03-23 23:08:02,995] {logging_mixin.py:115} INFO - [2023-03-23 23:08:02,995] {dag.py:2379} INFO - Sync 2 DAGs
[2023-03-23 23:08:02,996] {logging_mixin.py:115} INFO - [2023-03-23 23:08:02,996] {dag.py:2927} INFO - Setting next_dagrun for example_subdag_operator.section-1 to None, run_after=None
[2023-03-23 23:08:02,996] {logging_mixin.py:115} INFO - [2023-03-23 23:08:02,996] {dag.py:2927} INFO - Setting next_dagrun for example_subdag_operator.section-2 to None, run_after=None
[2023-03-23 23:08:03,000] {processor.py:161} INFO - Processing /Users/gabrielroger/Documents/projects/weather-data/.venv/lib/python3.9/site-packages/airflow/example_dags/example_subdag_operator.py took 0.062 seconds
[2023-03-23 23:08:55,525] {processor.py:153} INFO - Started process (PID=2403) to work on /Users/gabrielroger/Documents/projects/weather-data/.venv/lib/python3.9/site-packages/airflow/example_dags/example_subdag_operator.py
[2023-03-23 23:08:55,526] {processor.py:641} INFO - Processing file /Users/gabrielroger/Documents/projects/weather-data/.venv/lib/python3.9/site-packages/airflow/example_dags/example_subdag_operator.py for tasks to queue
[2023-03-23 23:08:55,526] {logging_mixin.py:115} INFO - [2023-03-23 23:08:55,526] {dagbag.py:507} INFO - Filling up the DagBag from /Users/gabrielroger/Documents/projects/weather-data/.venv/lib/python3.9/site-packages/airflow/example_dags/example_subdag_operator.py
[2023-03-23 23:08:55,555] {processor.py:651} INFO - DAG(s) dict_keys(['example_subdag_operator.section-1', 'example_subdag_operator.section-2', 'example_subdag_operator']) retrieved from /Users/gabrielroger/Documents/projects/weather-data/.venv/lib/python3.9/site-packages/airflow/example_dags/example_subdag_operator.py
[2023-03-23 23:08:55,572] {logging_mixin.py:115} INFO - [2023-03-23 23:08:55,572] {dag.py:2379} INFO - Sync 3 DAGs
[2023-03-23 23:08:55,580] {logging_mixin.py:115} INFO - [2023-03-23 23:08:55,580] {dag.py:2927} INFO - Setting next_dagrun for example_subdag_operator to 2022-01-01T00:00:00+00:00, run_after=2022-01-01T00:00:00+00:00
[2023-03-23 23:08:55,580] {logging_mixin.py:115} INFO - [2023-03-23 23:08:55,580] {dag.py:2927} INFO - Setting next_dagrun for example_subdag_operator.section-1 to None, run_after=None
[2023-03-23 23:08:55,580] {logging_mixin.py:115} INFO - [2023-03-23 23:08:55,580] {dag.py:2927} INFO - Setting next_dagrun for example_subdag_operator.section-2 to None, run_after=None
[2023-03-23 23:08:55,582] {logging_mixin.py:115} INFO - [2023-03-23 23:08:55,582] {dag.py:2379} INFO - Sync 2 DAGs
[2023-03-23 23:08:55,584] {logging_mixin.py:115} INFO - [2023-03-23 23:08:55,584] {dag.py:2927} INFO - Setting next_dagrun for example_subdag_operator.section-1 to None, run_after=None
[2023-03-23 23:08:55,584] {logging_mixin.py:115} INFO - [2023-03-23 23:08:55,584] {dag.py:2927} INFO - Setting next_dagrun for example_subdag_operator.section-2 to None, run_after=None
[2023-03-23 23:08:55,588] {processor.py:161} INFO - Processing /Users/gabrielroger/Documents/projects/weather-data/.venv/lib/python3.9/site-packages/airflow/example_dags/example_subdag_operator.py took 0.063 seconds
[2023-03-23 23:09:45,874] {processor.py:153} INFO - Started process (PID=2442) to work on /Users/gabrielroger/Documents/projects/weather-data/.venv/lib/python3.9/site-packages/airflow/example_dags/example_subdag_operator.py
[2023-03-23 23:09:45,874] {processor.py:641} INFO - Processing file /Users/gabrielroger/Documents/projects/weather-data/.venv/lib/python3.9/site-packages/airflow/example_dags/example_subdag_operator.py for tasks to queue
[2023-03-23 23:09:45,875] {logging_mixin.py:115} INFO - [2023-03-23 23:09:45,875] {dagbag.py:507} INFO - Filling up the DagBag from /Users/gabrielroger/Documents/projects/weather-data/.venv/lib/python3.9/site-packages/airflow/example_dags/example_subdag_operator.py
[2023-03-23 23:09:45,902] {processor.py:651} INFO - DAG(s) dict_keys(['example_subdag_operator.section-1', 'example_subdag_operator.section-2', 'example_subdag_operator']) retrieved from /Users/gabrielroger/Documents/projects/weather-data/.venv/lib/python3.9/site-packages/airflow/example_dags/example_subdag_operator.py
[2023-03-23 23:09:45,919] {logging_mixin.py:115} INFO - [2023-03-23 23:09:45,919] {dag.py:2379} INFO - Sync 3 DAGs
[2023-03-23 23:09:45,926] {logging_mixin.py:115} INFO - [2023-03-23 23:09:45,926] {dag.py:2927} INFO - Setting next_dagrun for example_subdag_operator to 2022-01-01T00:00:00+00:00, run_after=2022-01-01T00:00:00+00:00
[2023-03-23 23:09:45,926] {logging_mixin.py:115} INFO - [2023-03-23 23:09:45,926] {dag.py:2927} INFO - Setting next_dagrun for example_subdag_operator.section-1 to None, run_after=None
[2023-03-23 23:09:45,926] {logging_mixin.py:115} INFO - [2023-03-23 23:09:45,926] {dag.py:2927} INFO - Setting next_dagrun for example_subdag_operator.section-2 to None, run_after=None
[2023-03-23 23:09:45,929] {logging_mixin.py:115} INFO - [2023-03-23 23:09:45,929] {dag.py:2379} INFO - Sync 2 DAGs
[2023-03-23 23:09:45,930] {logging_mixin.py:115} INFO - [2023-03-23 23:09:45,930] {dag.py:2927} INFO - Setting next_dagrun for example_subdag_operator.section-1 to None, run_after=None
[2023-03-23 23:09:45,930] {logging_mixin.py:115} INFO - [2023-03-23 23:09:45,930] {dag.py:2927} INFO - Setting next_dagrun for example_subdag_operator.section-2 to None, run_after=None
[2023-03-23 23:09:45,934] {processor.py:161} INFO - Processing /Users/gabrielroger/Documents/projects/weather-data/.venv/lib/python3.9/site-packages/airflow/example_dags/example_subdag_operator.py took 0.060 seconds
[2023-03-23 23:10:28,198] {processor.py:153} INFO - Started process (PID=2473) to work on /Users/gabrielroger/Documents/projects/weather-data/.venv/lib/python3.9/site-packages/airflow/example_dags/example_subdag_operator.py
[2023-03-23 23:10:28,198] {processor.py:641} INFO - Processing file /Users/gabrielroger/Documents/projects/weather-data/.venv/lib/python3.9/site-packages/airflow/example_dags/example_subdag_operator.py for tasks to queue
[2023-03-23 23:10:28,199] {logging_mixin.py:115} INFO - [2023-03-23 23:10:28,199] {dagbag.py:507} INFO - Filling up the DagBag from /Users/gabrielroger/Documents/projects/weather-data/.venv/lib/python3.9/site-packages/airflow/example_dags/example_subdag_operator.py
[2023-03-23 23:10:28,229] {processor.py:651} INFO - DAG(s) dict_keys(['example_subdag_operator.section-1', 'example_subdag_operator.section-2', 'example_subdag_operator']) retrieved from /Users/gabrielroger/Documents/projects/weather-data/.venv/lib/python3.9/site-packages/airflow/example_dags/example_subdag_operator.py
[2023-03-23 23:10:28,248] {logging_mixin.py:115} INFO - [2023-03-23 23:10:28,248] {dag.py:2379} INFO - Sync 3 DAGs
[2023-03-23 23:10:28,256] {logging_mixin.py:115} INFO - [2023-03-23 23:10:28,256] {dag.py:2927} INFO - Setting next_dagrun for example_subdag_operator to 2022-01-01T00:00:00+00:00, run_after=2022-01-01T00:00:00+00:00
[2023-03-23 23:10:28,256] {logging_mixin.py:115} INFO - [2023-03-23 23:10:28,256] {dag.py:2927} INFO - Setting next_dagrun for example_subdag_operator.section-1 to None, run_after=None
[2023-03-23 23:10:28,256] {logging_mixin.py:115} INFO - [2023-03-23 23:10:28,256] {dag.py:2927} INFO - Setting next_dagrun for example_subdag_operator.section-2 to None, run_after=None
[2023-03-23 23:10:28,258] {logging_mixin.py:115} INFO - [2023-03-23 23:10:28,258] {dag.py:2379} INFO - Sync 2 DAGs
[2023-03-23 23:10:28,260] {logging_mixin.py:115} INFO - [2023-03-23 23:10:28,260] {dag.py:2927} INFO - Setting next_dagrun for example_subdag_operator.section-1 to None, run_after=None
[2023-03-23 23:10:28,260] {logging_mixin.py:115} INFO - [2023-03-23 23:10:28,260] {dag.py:2927} INFO - Setting next_dagrun for example_subdag_operator.section-2 to None, run_after=None
[2023-03-23 23:10:28,264] {processor.py:161} INFO - Processing /Users/gabrielroger/Documents/projects/weather-data/.venv/lib/python3.9/site-packages/airflow/example_dags/example_subdag_operator.py took 0.066 seconds
[2023-03-23 23:11:11,872] {processor.py:153} INFO - Started process (PID=2506) to work on /Users/gabrielroger/Documents/projects/weather-data/.venv/lib/python3.9/site-packages/airflow/example_dags/example_subdag_operator.py
[2023-03-23 23:11:11,873] {processor.py:641} INFO - Processing file /Users/gabrielroger/Documents/projects/weather-data/.venv/lib/python3.9/site-packages/airflow/example_dags/example_subdag_operator.py for tasks to queue
[2023-03-23 23:11:11,873] {logging_mixin.py:115} INFO - [2023-03-23 23:11:11,873] {dagbag.py:507} INFO - Filling up the DagBag from /Users/gabrielroger/Documents/projects/weather-data/.venv/lib/python3.9/site-packages/airflow/example_dags/example_subdag_operator.py
[2023-03-23 23:11:11,903] {processor.py:651} INFO - DAG(s) dict_keys(['example_subdag_operator.section-1', 'example_subdag_operator.section-2', 'example_subdag_operator']) retrieved from /Users/gabrielroger/Documents/projects/weather-data/.venv/lib/python3.9/site-packages/airflow/example_dags/example_subdag_operator.py
[2023-03-23 23:11:11,920] {logging_mixin.py:115} INFO - [2023-03-23 23:11:11,920] {dag.py:2379} INFO - Sync 3 DAGs
[2023-03-23 23:11:11,928] {logging_mixin.py:115} INFO - [2023-03-23 23:11:11,928] {dag.py:2927} INFO - Setting next_dagrun for example_subdag_operator to 2022-01-01T00:00:00+00:00, run_after=2022-01-01T00:00:00+00:00
[2023-03-23 23:11:11,928] {logging_mixin.py:115} INFO - [2023-03-23 23:11:11,928] {dag.py:2927} INFO - Setting next_dagrun for example_subdag_operator.section-1 to None, run_after=None
[2023-03-23 23:11:11,928] {logging_mixin.py:115} INFO - [2023-03-23 23:11:11,928] {dag.py:2927} INFO - Setting next_dagrun for example_subdag_operator.section-2 to None, run_after=None
[2023-03-23 23:11:11,930] {logging_mixin.py:115} INFO - [2023-03-23 23:11:11,930] {dag.py:2379} INFO - Sync 2 DAGs
[2023-03-23 23:11:11,932] {logging_mixin.py:115} INFO - [2023-03-23 23:11:11,932] {dag.py:2927} INFO - Setting next_dagrun for example_subdag_operator.section-1 to None, run_after=None
[2023-03-23 23:11:11,932] {logging_mixin.py:115} INFO - [2023-03-23 23:11:11,932] {dag.py:2927} INFO - Setting next_dagrun for example_subdag_operator.section-2 to None, run_after=None
[2023-03-23 23:11:11,936] {processor.py:161} INFO - Processing /Users/gabrielroger/Documents/projects/weather-data/.venv/lib/python3.9/site-packages/airflow/example_dags/example_subdag_operator.py took 0.065 seconds
