[2023-03-23 22:57:40,968] {processor.py:153} INFO - Started process (PID=1830) to work on /Users/gabrielroger/Documents/projects/weather-data/.venv/lib/python3.9/site-packages/airflow/example_dags/example_nested_branch_dag.py
[2023-03-23 22:57:40,968] {processor.py:641} INFO - Processing file /Users/gabrielroger/Documents/projects/weather-data/.venv/lib/python3.9/site-packages/airflow/example_dags/example_nested_branch_dag.py for tasks to queue
[2023-03-23 22:57:40,968] {logging_mixin.py:115} INFO - [2023-03-23 22:57:40,968] {dagbag.py:507} INFO - Filling up the DagBag from /Users/gabrielroger/Documents/projects/weather-data/.venv/lib/python3.9/site-packages/airflow/example_dags/example_nested_branch_dag.py
[2023-03-23 22:57:40,983] {processor.py:651} INFO - DAG(s) dict_keys(['example_nested_branch_dag']) retrieved from /Users/gabrielroger/Documents/projects/weather-data/.venv/lib/python3.9/site-packages/airflow/example_dags/example_nested_branch_dag.py
[2023-03-23 22:57:41,012] {logging_mixin.py:115} INFO - [2023-03-23 22:57:41,012] {dag.py:2379} INFO - Sync 1 DAGs
[2023-03-23 22:57:41,020] {logging_mixin.py:115} INFO - [2023-03-23 22:57:41,020] {dag.py:2927} INFO - Setting next_dagrun for example_nested_branch_dag to 2023-03-23T00:00:00+00:00, run_after=2023-03-24T00:00:00+00:00
[2023-03-23 22:57:41,025] {processor.py:161} INFO - Processing /Users/gabrielroger/Documents/projects/weather-data/.venv/lib/python3.9/site-packages/airflow/example_dags/example_nested_branch_dag.py took 0.058 seconds
[2023-03-23 22:58:31,509] {processor.py:153} INFO - Started process (PID=1868) to work on /Users/gabrielroger/Documents/projects/weather-data/.venv/lib/python3.9/site-packages/airflow/example_dags/example_nested_branch_dag.py
[2023-03-23 22:58:31,510] {processor.py:641} INFO - Processing file /Users/gabrielroger/Documents/projects/weather-data/.venv/lib/python3.9/site-packages/airflow/example_dags/example_nested_branch_dag.py for tasks to queue
[2023-03-23 22:58:31,510] {logging_mixin.py:115} INFO - [2023-03-23 22:58:31,510] {dagbag.py:507} INFO - Filling up the DagBag from /Users/gabrielroger/Documents/projects/weather-data/.venv/lib/python3.9/site-packages/airflow/example_dags/example_nested_branch_dag.py
[2023-03-23 22:58:31,524] {processor.py:651} INFO - DAG(s) dict_keys(['example_nested_branch_dag']) retrieved from /Users/gabrielroger/Documents/projects/weather-data/.venv/lib/python3.9/site-packages/airflow/example_dags/example_nested_branch_dag.py
[2023-03-23 22:58:31,553] {logging_mixin.py:115} INFO - [2023-03-23 22:58:31,553] {dag.py:2379} INFO - Sync 1 DAGs
[2023-03-23 22:58:31,561] {logging_mixin.py:115} INFO - [2023-03-23 22:58:31,561] {dag.py:2927} INFO - Setting next_dagrun for example_nested_branch_dag to 2023-03-23T00:00:00+00:00, run_after=2023-03-24T00:00:00+00:00
[2023-03-23 22:58:31,566] {processor.py:161} INFO - Processing /Users/gabrielroger/Documents/projects/weather-data/.venv/lib/python3.9/site-packages/airflow/example_dags/example_nested_branch_dag.py took 0.058 seconds
[2023-03-23 22:59:21,203] {processor.py:153} INFO - Started process (PID=1912) to work on /Users/gabrielroger/Documents/projects/weather-data/.venv/lib/python3.9/site-packages/airflow/example_dags/example_nested_branch_dag.py
[2023-03-23 22:59:21,204] {processor.py:641} INFO - Processing file /Users/gabrielroger/Documents/projects/weather-data/.venv/lib/python3.9/site-packages/airflow/example_dags/example_nested_branch_dag.py for tasks to queue
[2023-03-23 22:59:21,204] {logging_mixin.py:115} INFO - [2023-03-23 22:59:21,204] {dagbag.py:507} INFO - Filling up the DagBag from /Users/gabrielroger/Documents/projects/weather-data/.venv/lib/python3.9/site-packages/airflow/example_dags/example_nested_branch_dag.py
[2023-03-23 22:59:21,218] {processor.py:651} INFO - DAG(s) dict_keys(['example_nested_branch_dag']) retrieved from /Users/gabrielroger/Documents/projects/weather-data/.venv/lib/python3.9/site-packages/airflow/example_dags/example_nested_branch_dag.py
[2023-03-23 22:59:21,248] {logging_mixin.py:115} INFO - [2023-03-23 22:59:21,248] {dag.py:2379} INFO - Sync 1 DAGs
[2023-03-23 22:59:21,256] {logging_mixin.py:115} INFO - [2023-03-23 22:59:21,256] {dag.py:2927} INFO - Setting next_dagrun for example_nested_branch_dag to 2023-03-23T00:00:00+00:00, run_after=2023-03-24T00:00:00+00:00
[2023-03-23 22:59:21,261] {processor.py:161} INFO - Processing /Users/gabrielroger/Documents/projects/weather-data/.venv/lib/python3.9/site-packages/airflow/example_dags/example_nested_branch_dag.py took 0.058 seconds
[2023-03-23 23:00:35,943] {processor.py:153} INFO - Started process (PID=1977) to work on /Users/gabrielroger/Documents/projects/weather-data/.venv/lib/python3.9/site-packages/airflow/example_dags/example_nested_branch_dag.py
[2023-03-23 23:00:35,943] {processor.py:641} INFO - Processing file /Users/gabrielroger/Documents/projects/weather-data/.venv/lib/python3.9/site-packages/airflow/example_dags/example_nested_branch_dag.py for tasks to queue
[2023-03-23 23:00:35,943] {logging_mixin.py:115} INFO - [2023-03-23 23:00:35,943] {dagbag.py:507} INFO - Filling up the DagBag from /Users/gabrielroger/Documents/projects/weather-data/.venv/lib/python3.9/site-packages/airflow/example_dags/example_nested_branch_dag.py
[2023-03-23 23:00:35,958] {processor.py:651} INFO - DAG(s) dict_keys(['example_nested_branch_dag']) retrieved from /Users/gabrielroger/Documents/projects/weather-data/.venv/lib/python3.9/site-packages/airflow/example_dags/example_nested_branch_dag.py
[2023-03-23 23:00:35,988] {logging_mixin.py:115} INFO - [2023-03-23 23:00:35,988] {dag.py:2379} INFO - Sync 1 DAGs
[2023-03-23 23:00:35,996] {logging_mixin.py:115} INFO - [2023-03-23 23:00:35,996] {dag.py:2927} INFO - Setting next_dagrun for example_nested_branch_dag to 2023-03-23T00:00:00+00:00, run_after=2023-03-24T00:00:00+00:00
[2023-03-23 23:00:36,001] {processor.py:161} INFO - Processing /Users/gabrielroger/Documents/projects/weather-data/.venv/lib/python3.9/site-packages/airflow/example_dags/example_nested_branch_dag.py took 0.059 seconds
[2023-03-23 23:01:29,172] {processor.py:153} INFO - Started process (PID=2024) to work on /Users/gabrielroger/Documents/projects/weather-data/.venv/lib/python3.9/site-packages/airflow/example_dags/example_nested_branch_dag.py
[2023-03-23 23:01:29,173] {processor.py:641} INFO - Processing file /Users/gabrielroger/Documents/projects/weather-data/.venv/lib/python3.9/site-packages/airflow/example_dags/example_nested_branch_dag.py for tasks to queue
[2023-03-23 23:01:29,173] {logging_mixin.py:115} INFO - [2023-03-23 23:01:29,173] {dagbag.py:507} INFO - Filling up the DagBag from /Users/gabrielroger/Documents/projects/weather-data/.venv/lib/python3.9/site-packages/airflow/example_dags/example_nested_branch_dag.py
[2023-03-23 23:01:29,188] {processor.py:651} INFO - DAG(s) dict_keys(['example_nested_branch_dag']) retrieved from /Users/gabrielroger/Documents/projects/weather-data/.venv/lib/python3.9/site-packages/airflow/example_dags/example_nested_branch_dag.py
[2023-03-23 23:01:29,217] {logging_mixin.py:115} INFO - [2023-03-23 23:01:29,217] {dag.py:2379} INFO - Sync 1 DAGs
[2023-03-23 23:01:29,225] {logging_mixin.py:115} INFO - [2023-03-23 23:01:29,225] {dag.py:2927} INFO - Setting next_dagrun for example_nested_branch_dag to 2023-03-23T00:00:00+00:00, run_after=2023-03-24T00:00:00+00:00
[2023-03-23 23:01:29,230] {processor.py:161} INFO - Processing /Users/gabrielroger/Documents/projects/weather-data/.venv/lib/python3.9/site-packages/airflow/example_dags/example_nested_branch_dag.py took 0.059 seconds
[2023-03-23 23:02:48,037] {processor.py:153} INFO - Started process (PID=2099) to work on /Users/gabrielroger/Documents/projects/weather-data/.venv/lib/python3.9/site-packages/airflow/example_dags/example_nested_branch_dag.py
[2023-03-23 23:02:48,038] {processor.py:641} INFO - Processing file /Users/gabrielroger/Documents/projects/weather-data/.venv/lib/python3.9/site-packages/airflow/example_dags/example_nested_branch_dag.py for tasks to queue
[2023-03-23 23:02:48,038] {logging_mixin.py:115} INFO - [2023-03-23 23:02:48,038] {dagbag.py:507} INFO - Filling up the DagBag from /Users/gabrielroger/Documents/projects/weather-data/.venv/lib/python3.9/site-packages/airflow/example_dags/example_nested_branch_dag.py
[2023-03-23 23:02:48,053] {processor.py:651} INFO - DAG(s) dict_keys(['example_nested_branch_dag']) retrieved from /Users/gabrielroger/Documents/projects/weather-data/.venv/lib/python3.9/site-packages/airflow/example_dags/example_nested_branch_dag.py
[2023-03-23 23:02:48,083] {logging_mixin.py:115} INFO - [2023-03-23 23:02:48,083] {dag.py:2379} INFO - Sync 1 DAGs
[2023-03-23 23:02:48,091] {logging_mixin.py:115} INFO - [2023-03-23 23:02:48,091] {dag.py:2927} INFO - Setting next_dagrun for example_nested_branch_dag to 2023-03-23T00:00:00+00:00, run_after=2023-03-24T00:00:00+00:00
[2023-03-23 23:02:48,096] {processor.py:161} INFO - Processing /Users/gabrielroger/Documents/projects/weather-data/.venv/lib/python3.9/site-packages/airflow/example_dags/example_nested_branch_dag.py took 0.059 seconds
[2023-03-23 23:03:39,071] {processor.py:153} INFO - Started process (PID=2141) to work on /Users/gabrielroger/Documents/projects/weather-data/.venv/lib/python3.9/site-packages/airflow/example_dags/example_nested_branch_dag.py
[2023-03-23 23:03:39,072] {processor.py:641} INFO - Processing file /Users/gabrielroger/Documents/projects/weather-data/.venv/lib/python3.9/site-packages/airflow/example_dags/example_nested_branch_dag.py for tasks to queue
[2023-03-23 23:03:39,072] {logging_mixin.py:115} INFO - [2023-03-23 23:03:39,072] {dagbag.py:507} INFO - Filling up the DagBag from /Users/gabrielroger/Documents/projects/weather-data/.venv/lib/python3.9/site-packages/airflow/example_dags/example_nested_branch_dag.py
[2023-03-23 23:03:39,086] {processor.py:651} INFO - DAG(s) dict_keys(['example_nested_branch_dag']) retrieved from /Users/gabrielroger/Documents/projects/weather-data/.venv/lib/python3.9/site-packages/airflow/example_dags/example_nested_branch_dag.py
[2023-03-23 23:03:39,116] {logging_mixin.py:115} INFO - [2023-03-23 23:03:39,116] {dag.py:2379} INFO - Sync 1 DAGs
[2023-03-23 23:03:39,124] {logging_mixin.py:115} INFO - [2023-03-23 23:03:39,124] {dag.py:2927} INFO - Setting next_dagrun for example_nested_branch_dag to 2023-03-23T00:00:00+00:00, run_after=2023-03-24T00:00:00+00:00
[2023-03-23 23:03:39,129] {processor.py:161} INFO - Processing /Users/gabrielroger/Documents/projects/weather-data/.venv/lib/python3.9/site-packages/airflow/example_dags/example_nested_branch_dag.py took 0.058 seconds
[2023-03-23 23:04:35,895] {processor.py:153} INFO - Started process (PID=2184) to work on /Users/gabrielroger/Documents/projects/weather-data/.venv/lib/python3.9/site-packages/airflow/example_dags/example_nested_branch_dag.py
[2023-03-23 23:04:35,896] {processor.py:641} INFO - Processing file /Users/gabrielroger/Documents/projects/weather-data/.venv/lib/python3.9/site-packages/airflow/example_dags/example_nested_branch_dag.py for tasks to queue
[2023-03-23 23:04:35,896] {logging_mixin.py:115} INFO - [2023-03-23 23:04:35,896] {dagbag.py:507} INFO - Filling up the DagBag from /Users/gabrielroger/Documents/projects/weather-data/.venv/lib/python3.9/site-packages/airflow/example_dags/example_nested_branch_dag.py
[2023-03-23 23:04:35,910] {processor.py:651} INFO - DAG(s) dict_keys(['example_nested_branch_dag']) retrieved from /Users/gabrielroger/Documents/projects/weather-data/.venv/lib/python3.9/site-packages/airflow/example_dags/example_nested_branch_dag.py
[2023-03-23 23:04:35,940] {logging_mixin.py:115} INFO - [2023-03-23 23:04:35,940] {dag.py:2379} INFO - Sync 1 DAGs
[2023-03-23 23:04:35,948] {logging_mixin.py:115} INFO - [2023-03-23 23:04:35,948] {dag.py:2927} INFO - Setting next_dagrun for example_nested_branch_dag to 2023-03-23T00:00:00+00:00, run_after=2023-03-24T00:00:00+00:00
[2023-03-23 23:04:35,953] {processor.py:161} INFO - Processing /Users/gabrielroger/Documents/projects/weather-data/.venv/lib/python3.9/site-packages/airflow/example_dags/example_nested_branch_dag.py took 0.059 seconds
[2023-03-23 23:05:33,338] {processor.py:153} INFO - Started process (PID=2229) to work on /Users/gabrielroger/Documents/projects/weather-data/.venv/lib/python3.9/site-packages/airflow/example_dags/example_nested_branch_dag.py
[2023-03-23 23:05:33,338] {processor.py:641} INFO - Processing file /Users/gabrielroger/Documents/projects/weather-data/.venv/lib/python3.9/site-packages/airflow/example_dags/example_nested_branch_dag.py for tasks to queue
[2023-03-23 23:05:33,338] {logging_mixin.py:115} INFO - [2023-03-23 23:05:33,338] {dagbag.py:507} INFO - Filling up the DagBag from /Users/gabrielroger/Documents/projects/weather-data/.venv/lib/python3.9/site-packages/airflow/example_dags/example_nested_branch_dag.py
[2023-03-23 23:05:33,353] {processor.py:651} INFO - DAG(s) dict_keys(['example_nested_branch_dag']) retrieved from /Users/gabrielroger/Documents/projects/weather-data/.venv/lib/python3.9/site-packages/airflow/example_dags/example_nested_branch_dag.py
[2023-03-23 23:05:33,383] {logging_mixin.py:115} INFO - [2023-03-23 23:05:33,383] {dag.py:2379} INFO - Sync 1 DAGs
[2023-03-23 23:05:33,392] {logging_mixin.py:115} INFO - [2023-03-23 23:05:33,391] {dag.py:2927} INFO - Setting next_dagrun for example_nested_branch_dag to 2023-03-23T00:00:00+00:00, run_after=2023-03-24T00:00:00+00:00
[2023-03-23 23:05:33,396] {processor.py:161} INFO - Processing /Users/gabrielroger/Documents/projects/weather-data/.venv/lib/python3.9/site-packages/airflow/example_dags/example_nested_branch_dag.py took 0.059 seconds
[2023-03-23 23:06:50,739] {processor.py:153} INFO - Started process (PID=2300) to work on /Users/gabrielroger/Documents/projects/weather-data/.venv/lib/python3.9/site-packages/airflow/example_dags/example_nested_branch_dag.py
[2023-03-23 23:06:50,740] {processor.py:641} INFO - Processing file /Users/gabrielroger/Documents/projects/weather-data/.venv/lib/python3.9/site-packages/airflow/example_dags/example_nested_branch_dag.py for tasks to queue
[2023-03-23 23:06:50,740] {logging_mixin.py:115} INFO - [2023-03-23 23:06:50,740] {dagbag.py:507} INFO - Filling up the DagBag from /Users/gabrielroger/Documents/projects/weather-data/.venv/lib/python3.9/site-packages/airflow/example_dags/example_nested_branch_dag.py
[2023-03-23 23:06:50,754] {processor.py:651} INFO - DAG(s) dict_keys(['example_nested_branch_dag']) retrieved from /Users/gabrielroger/Documents/projects/weather-data/.venv/lib/python3.9/site-packages/airflow/example_dags/example_nested_branch_dag.py
[2023-03-23 23:06:50,784] {logging_mixin.py:115} INFO - [2023-03-23 23:06:50,784] {dag.py:2379} INFO - Sync 1 DAGs
[2023-03-23 23:06:50,792] {logging_mixin.py:115} INFO - [2023-03-23 23:06:50,792] {dag.py:2927} INFO - Setting next_dagrun for example_nested_branch_dag to 2023-03-23T00:00:00+00:00, run_after=2023-03-24T00:00:00+00:00
[2023-03-23 23:06:50,797] {processor.py:161} INFO - Processing /Users/gabrielroger/Documents/projects/weather-data/.venv/lib/python3.9/site-packages/airflow/example_dags/example_nested_branch_dag.py took 0.059 seconds
[2023-03-23 23:08:11,707] {processor.py:153} INFO - Started process (PID=2371) to work on /Users/gabrielroger/Documents/projects/weather-data/.venv/lib/python3.9/site-packages/airflow/example_dags/example_nested_branch_dag.py
[2023-03-23 23:08:11,708] {processor.py:641} INFO - Processing file /Users/gabrielroger/Documents/projects/weather-data/.venv/lib/python3.9/site-packages/airflow/example_dags/example_nested_branch_dag.py for tasks to queue
[2023-03-23 23:08:11,708] {logging_mixin.py:115} INFO - [2023-03-23 23:08:11,708] {dagbag.py:507} INFO - Filling up the DagBag from /Users/gabrielroger/Documents/projects/weather-data/.venv/lib/python3.9/site-packages/airflow/example_dags/example_nested_branch_dag.py
[2023-03-23 23:08:11,722] {processor.py:651} INFO - DAG(s) dict_keys(['example_nested_branch_dag']) retrieved from /Users/gabrielroger/Documents/projects/weather-data/.venv/lib/python3.9/site-packages/airflow/example_dags/example_nested_branch_dag.py
[2023-03-23 23:08:11,752] {logging_mixin.py:115} INFO - [2023-03-23 23:08:11,751] {dag.py:2379} INFO - Sync 1 DAGs
[2023-03-23 23:08:11,760] {logging_mixin.py:115} INFO - [2023-03-23 23:08:11,760] {dag.py:2927} INFO - Setting next_dagrun for example_nested_branch_dag to 2023-03-23T00:00:00+00:00, run_after=2023-03-24T00:00:00+00:00
[2023-03-23 23:08:11,765] {processor.py:161} INFO - Processing /Users/gabrielroger/Documents/projects/weather-data/.venv/lib/python3.9/site-packages/airflow/example_dags/example_nested_branch_dag.py took 0.059 seconds
[2023-03-23 23:09:03,507] {processor.py:153} INFO - Started process (PID=2409) to work on /Users/gabrielroger/Documents/projects/weather-data/.venv/lib/python3.9/site-packages/airflow/example_dags/example_nested_branch_dag.py
[2023-03-23 23:09:03,508] {processor.py:641} INFO - Processing file /Users/gabrielroger/Documents/projects/weather-data/.venv/lib/python3.9/site-packages/airflow/example_dags/example_nested_branch_dag.py for tasks to queue
[2023-03-23 23:09:03,508] {logging_mixin.py:115} INFO - [2023-03-23 23:09:03,508] {dagbag.py:507} INFO - Filling up the DagBag from /Users/gabrielroger/Documents/projects/weather-data/.venv/lib/python3.9/site-packages/airflow/example_dags/example_nested_branch_dag.py
[2023-03-23 23:09:03,523] {processor.py:651} INFO - DAG(s) dict_keys(['example_nested_branch_dag']) retrieved from /Users/gabrielroger/Documents/projects/weather-data/.venv/lib/python3.9/site-packages/airflow/example_dags/example_nested_branch_dag.py
[2023-03-23 23:09:03,552] {logging_mixin.py:115} INFO - [2023-03-23 23:09:03,552] {dag.py:2379} INFO - Sync 1 DAGs
[2023-03-23 23:09:03,560] {logging_mixin.py:115} INFO - [2023-03-23 23:09:03,560] {dag.py:2927} INFO - Setting next_dagrun for example_nested_branch_dag to 2023-03-23T00:00:00+00:00, run_after=2023-03-24T00:00:00+00:00
[2023-03-23 23:09:03,565] {processor.py:161} INFO - Processing /Users/gabrielroger/Documents/projects/weather-data/.venv/lib/python3.9/site-packages/airflow/example_dags/example_nested_branch_dag.py took 0.058 seconds
[2023-03-23 23:09:54,182] {processor.py:153} INFO - Started process (PID=2449) to work on /Users/gabrielroger/Documents/projects/weather-data/.venv/lib/python3.9/site-packages/airflow/example_dags/example_nested_branch_dag.py
[2023-03-23 23:09:54,182] {processor.py:641} INFO - Processing file /Users/gabrielroger/Documents/projects/weather-data/.venv/lib/python3.9/site-packages/airflow/example_dags/example_nested_branch_dag.py for tasks to queue
[2023-03-23 23:09:54,182] {logging_mixin.py:115} INFO - [2023-03-23 23:09:54,182] {dagbag.py:507} INFO - Filling up the DagBag from /Users/gabrielroger/Documents/projects/weather-data/.venv/lib/python3.9/site-packages/airflow/example_dags/example_nested_branch_dag.py
[2023-03-23 23:09:54,196] {processor.py:651} INFO - DAG(s) dict_keys(['example_nested_branch_dag']) retrieved from /Users/gabrielroger/Documents/projects/weather-data/.venv/lib/python3.9/site-packages/airflow/example_dags/example_nested_branch_dag.py
[2023-03-23 23:09:54,226] {logging_mixin.py:115} INFO - [2023-03-23 23:09:54,226] {dag.py:2379} INFO - Sync 1 DAGs
[2023-03-23 23:09:54,234] {logging_mixin.py:115} INFO - [2023-03-23 23:09:54,234] {dag.py:2927} INFO - Setting next_dagrun for example_nested_branch_dag to 2023-03-23T00:00:00+00:00, run_after=2023-03-24T00:00:00+00:00
[2023-03-23 23:09:54,239] {processor.py:161} INFO - Processing /Users/gabrielroger/Documents/projects/weather-data/.venv/lib/python3.9/site-packages/airflow/example_dags/example_nested_branch_dag.py took 0.057 seconds
[2023-03-23 23:10:55,715] {processor.py:153} INFO - Started process (PID=2493) to work on /Users/gabrielroger/Documents/projects/weather-data/.venv/lib/python3.9/site-packages/airflow/example_dags/example_nested_branch_dag.py
[2023-03-23 23:10:55,716] {processor.py:641} INFO - Processing file /Users/gabrielroger/Documents/projects/weather-data/.venv/lib/python3.9/site-packages/airflow/example_dags/example_nested_branch_dag.py for tasks to queue
[2023-03-23 23:10:55,716] {logging_mixin.py:115} INFO - [2023-03-23 23:10:55,716] {dagbag.py:507} INFO - Filling up the DagBag from /Users/gabrielroger/Documents/projects/weather-data/.venv/lib/python3.9/site-packages/airflow/example_dags/example_nested_branch_dag.py
[2023-03-23 23:10:55,731] {processor.py:651} INFO - DAG(s) dict_keys(['example_nested_branch_dag']) retrieved from /Users/gabrielroger/Documents/projects/weather-data/.venv/lib/python3.9/site-packages/airflow/example_dags/example_nested_branch_dag.py
[2023-03-23 23:10:55,761] {logging_mixin.py:115} INFO - [2023-03-23 23:10:55,761] {dag.py:2379} INFO - Sync 1 DAGs
[2023-03-23 23:10:55,769] {logging_mixin.py:115} INFO - [2023-03-23 23:10:55,769] {dag.py:2927} INFO - Setting next_dagrun for example_nested_branch_dag to 2023-03-23T00:00:00+00:00, run_after=2023-03-24T00:00:00+00:00
[2023-03-23 23:10:55,774] {processor.py:161} INFO - Processing /Users/gabrielroger/Documents/projects/weather-data/.venv/lib/python3.9/site-packages/airflow/example_dags/example_nested_branch_dag.py took 0.059 seconds
