[2023-03-23 22:58:01,978] {processor.py:153} INFO - Started process (PID=1847) to work on /Users/gabrielroger/Documents/projects/weather-data/.venv/lib/python3.9/site-packages/airflow/example_dags/example_bash_operator.py
[2023-03-23 22:58:01,978] {processor.py:641} INFO - Processing file /Users/gabrielroger/Documents/projects/weather-data/.venv/lib/python3.9/site-packages/airflow/example_dags/example_bash_operator.py for tasks to queue
[2023-03-23 22:58:01,978] {logging_mixin.py:115} INFO - [2023-03-23 22:58:01,978] {dagbag.py:507} INFO - Filling up the DagBag from /Users/gabrielroger/Documents/projects/weather-data/.venv/lib/python3.9/site-packages/airflow/example_dags/example_bash_operator.py
[2023-03-23 22:58:01,988] {processor.py:651} INFO - DAG(s) dict_keys(['example_bash_operator']) retrieved from /Users/gabrielroger/Documents/projects/weather-data/.venv/lib/python3.9/site-packages/airflow/example_dags/example_bash_operator.py
[2023-03-23 22:58:02,018] {logging_mixin.py:115} INFO - [2023-03-23 22:58:02,018] {dag.py:2379} INFO - Sync 1 DAGs
[2023-03-23 22:58:02,025] {logging_mixin.py:115} INFO - [2023-03-23 22:58:02,025] {dag.py:2927} INFO - Setting next_dagrun for example_bash_operator to 2023-03-23T00:00:00+00:00, run_after=2023-03-24T00:00:00+00:00
[2023-03-23 22:58:02,030] {processor.py:161} INFO - Processing /Users/gabrielroger/Documents/projects/weather-data/.venv/lib/python3.9/site-packages/airflow/example_dags/example_bash_operator.py took 0.052 seconds
[2023-03-23 22:59:00,994] {processor.py:153} INFO - Started process (PID=1892) to work on /Users/gabrielroger/Documents/projects/weather-data/.venv/lib/python3.9/site-packages/airflow/example_dags/example_bash_operator.py
[2023-03-23 22:59:00,995] {processor.py:641} INFO - Processing file /Users/gabrielroger/Documents/projects/weather-data/.venv/lib/python3.9/site-packages/airflow/example_dags/example_bash_operator.py for tasks to queue
[2023-03-23 22:59:00,995] {logging_mixin.py:115} INFO - [2023-03-23 22:59:00,995] {dagbag.py:507} INFO - Filling up the DagBag from /Users/gabrielroger/Documents/projects/weather-data/.venv/lib/python3.9/site-packages/airflow/example_dags/example_bash_operator.py
[2023-03-23 22:59:01,004] {processor.py:651} INFO - DAG(s) dict_keys(['example_bash_operator']) retrieved from /Users/gabrielroger/Documents/projects/weather-data/.venv/lib/python3.9/site-packages/airflow/example_dags/example_bash_operator.py
[2023-03-23 22:59:01,034] {logging_mixin.py:115} INFO - [2023-03-23 22:59:01,034] {dag.py:2379} INFO - Sync 1 DAGs
[2023-03-23 22:59:01,042] {logging_mixin.py:115} INFO - [2023-03-23 22:59:01,042] {dag.py:2927} INFO - Setting next_dagrun for example_bash_operator to 2023-03-23T00:00:00+00:00, run_after=2023-03-24T00:00:00+00:00
[2023-03-23 22:59:01,049] {processor.py:161} INFO - Processing /Users/gabrielroger/Documents/projects/weather-data/.venv/lib/python3.9/site-packages/airflow/example_dags/example_bash_operator.py took 0.055 seconds
[2023-03-23 23:00:56,231] {processor.py:153} INFO - Started process (PID=1991) to work on /Users/gabrielroger/Documents/projects/weather-data/.venv/lib/python3.9/site-packages/airflow/example_dags/example_bash_operator.py
[2023-03-23 23:00:56,231] {processor.py:641} INFO - Processing file /Users/gabrielroger/Documents/projects/weather-data/.venv/lib/python3.9/site-packages/airflow/example_dags/example_bash_operator.py for tasks to queue
[2023-03-23 23:00:56,232] {logging_mixin.py:115} INFO - [2023-03-23 23:00:56,232] {dagbag.py:507} INFO - Filling up the DagBag from /Users/gabrielroger/Documents/projects/weather-data/.venv/lib/python3.9/site-packages/airflow/example_dags/example_bash_operator.py
[2023-03-23 23:00:56,240] {processor.py:651} INFO - DAG(s) dict_keys(['example_bash_operator']) retrieved from /Users/gabrielroger/Documents/projects/weather-data/.venv/lib/python3.9/site-packages/airflow/example_dags/example_bash_operator.py
[2023-03-23 23:00:56,269] {logging_mixin.py:115} INFO - [2023-03-23 23:00:56,269] {dag.py:2379} INFO - Sync 1 DAGs
[2023-03-23 23:00:56,277] {logging_mixin.py:115} INFO - [2023-03-23 23:00:56,277] {dag.py:2927} INFO - Setting next_dagrun for example_bash_operator to 2023-03-23T00:00:00+00:00, run_after=2023-03-24T00:00:00+00:00
[2023-03-23 23:00:56,282] {processor.py:161} INFO - Processing /Users/gabrielroger/Documents/projects/weather-data/.venv/lib/python3.9/site-packages/airflow/example_dags/example_bash_operator.py took 0.052 seconds
[2023-03-23 23:02:03,978] {processor.py:153} INFO - Started process (PID=2052) to work on /Users/gabrielroger/Documents/projects/weather-data/.venv/lib/python3.9/site-packages/airflow/example_dags/example_bash_operator.py
[2023-03-23 23:02:03,978] {processor.py:641} INFO - Processing file /Users/gabrielroger/Documents/projects/weather-data/.venv/lib/python3.9/site-packages/airflow/example_dags/example_bash_operator.py for tasks to queue
[2023-03-23 23:02:03,978] {logging_mixin.py:115} INFO - [2023-03-23 23:02:03,978] {dagbag.py:507} INFO - Filling up the DagBag from /Users/gabrielroger/Documents/projects/weather-data/.venv/lib/python3.9/site-packages/airflow/example_dags/example_bash_operator.py
[2023-03-23 23:02:03,987] {processor.py:651} INFO - DAG(s) dict_keys(['example_bash_operator']) retrieved from /Users/gabrielroger/Documents/projects/weather-data/.venv/lib/python3.9/site-packages/airflow/example_dags/example_bash_operator.py
[2023-03-23 23:02:04,018] {logging_mixin.py:115} INFO - [2023-03-23 23:02:04,018] {dag.py:2379} INFO - Sync 1 DAGs
[2023-03-23 23:02:04,025] {logging_mixin.py:115} INFO - [2023-03-23 23:02:04,025] {dag.py:2927} INFO - Setting next_dagrun for example_bash_operator to 2023-03-23T00:00:00+00:00, run_after=2023-03-24T00:00:00+00:00
[2023-03-23 23:02:04,031] {processor.py:161} INFO - Processing /Users/gabrielroger/Documents/projects/weather-data/.venv/lib/python3.9/site-packages/airflow/example_dags/example_bash_operator.py took 0.053 seconds
[2023-03-23 23:03:08,079] {processor.py:153} INFO - Started process (PID=2119) to work on /Users/gabrielroger/Documents/projects/weather-data/.venv/lib/python3.9/site-packages/airflow/example_dags/example_bash_operator.py
[2023-03-23 23:03:08,080] {processor.py:641} INFO - Processing file /Users/gabrielroger/Documents/projects/weather-data/.venv/lib/python3.9/site-packages/airflow/example_dags/example_bash_operator.py for tasks to queue
[2023-03-23 23:03:08,080] {logging_mixin.py:115} INFO - [2023-03-23 23:03:08,080] {dagbag.py:507} INFO - Filling up the DagBag from /Users/gabrielroger/Documents/projects/weather-data/.venv/lib/python3.9/site-packages/airflow/example_dags/example_bash_operator.py
[2023-03-23 23:03:08,088] {processor.py:651} INFO - DAG(s) dict_keys(['example_bash_operator']) retrieved from /Users/gabrielroger/Documents/projects/weather-data/.venv/lib/python3.9/site-packages/airflow/example_dags/example_bash_operator.py
[2023-03-23 23:03:08,118] {logging_mixin.py:115} INFO - [2023-03-23 23:03:08,118] {dag.py:2379} INFO - Sync 1 DAGs
[2023-03-23 23:03:08,126] {logging_mixin.py:115} INFO - [2023-03-23 23:03:08,126] {dag.py:2927} INFO - Setting next_dagrun for example_bash_operator to 2023-03-23T00:00:00+00:00, run_after=2023-03-24T00:00:00+00:00
[2023-03-23 23:03:08,131] {processor.py:161} INFO - Processing /Users/gabrielroger/Documents/projects/weather-data/.venv/lib/python3.9/site-packages/airflow/example_dags/example_bash_operator.py took 0.052 seconds
[2023-03-23 23:04:07,032] {processor.py:153} INFO - Started process (PID=2164) to work on /Users/gabrielroger/Documents/projects/weather-data/.venv/lib/python3.9/site-packages/airflow/example_dags/example_bash_operator.py
[2023-03-23 23:04:07,033] {processor.py:641} INFO - Processing file /Users/gabrielroger/Documents/projects/weather-data/.venv/lib/python3.9/site-packages/airflow/example_dags/example_bash_operator.py for tasks to queue
[2023-03-23 23:04:07,033] {logging_mixin.py:115} INFO - [2023-03-23 23:04:07,033] {dagbag.py:507} INFO - Filling up the DagBag from /Users/gabrielroger/Documents/projects/weather-data/.venv/lib/python3.9/site-packages/airflow/example_dags/example_bash_operator.py
[2023-03-23 23:04:07,042] {processor.py:651} INFO - DAG(s) dict_keys(['example_bash_operator']) retrieved from /Users/gabrielroger/Documents/projects/weather-data/.venv/lib/python3.9/site-packages/airflow/example_dags/example_bash_operator.py
[2023-03-23 23:04:07,071] {logging_mixin.py:115} INFO - [2023-03-23 23:04:07,071] {dag.py:2379} INFO - Sync 1 DAGs
[2023-03-23 23:04:07,079] {logging_mixin.py:115} INFO - [2023-03-23 23:04:07,079] {dag.py:2927} INFO - Setting next_dagrun for example_bash_operator to 2023-03-23T00:00:00+00:00, run_after=2023-03-24T00:00:00+00:00
[2023-03-23 23:04:07,084] {processor.py:161} INFO - Processing /Users/gabrielroger/Documents/projects/weather-data/.venv/lib/python3.9/site-packages/airflow/example_dags/example_bash_operator.py took 0.052 seconds
[2023-03-23 23:05:02,454] {processor.py:153} INFO - Started process (PID=2204) to work on /Users/gabrielroger/Documents/projects/weather-data/.venv/lib/python3.9/site-packages/airflow/example_dags/example_bash_operator.py
[2023-03-23 23:05:02,455] {processor.py:641} INFO - Processing file /Users/gabrielroger/Documents/projects/weather-data/.venv/lib/python3.9/site-packages/airflow/example_dags/example_bash_operator.py for tasks to queue
[2023-03-23 23:05:02,455] {logging_mixin.py:115} INFO - [2023-03-23 23:05:02,455] {dagbag.py:507} INFO - Filling up the DagBag from /Users/gabrielroger/Documents/projects/weather-data/.venv/lib/python3.9/site-packages/airflow/example_dags/example_bash_operator.py
[2023-03-23 23:05:02,464] {processor.py:651} INFO - DAG(s) dict_keys(['example_bash_operator']) retrieved from /Users/gabrielroger/Documents/projects/weather-data/.venv/lib/python3.9/site-packages/airflow/example_dags/example_bash_operator.py
[2023-03-23 23:05:02,493] {logging_mixin.py:115} INFO - [2023-03-23 23:05:02,493] {dag.py:2379} INFO - Sync 1 DAGs
[2023-03-23 23:05:02,501] {logging_mixin.py:115} INFO - [2023-03-23 23:05:02,500] {dag.py:2927} INFO - Setting next_dagrun for example_bash_operator to 2023-03-23T00:00:00+00:00, run_after=2023-03-24T00:00:00+00:00
[2023-03-23 23:05:02,506] {processor.py:161} INFO - Processing /Users/gabrielroger/Documents/projects/weather-data/.venv/lib/python3.9/site-packages/airflow/example_dags/example_bash_operator.py took 0.052 seconds
[2023-03-23 23:06:00,351] {processor.py:153} INFO - Started process (PID=2252) to work on /Users/gabrielroger/Documents/projects/weather-data/.venv/lib/python3.9/site-packages/airflow/example_dags/example_bash_operator.py
[2023-03-23 23:06:00,351] {processor.py:641} INFO - Processing file /Users/gabrielroger/Documents/projects/weather-data/.venv/lib/python3.9/site-packages/airflow/example_dags/example_bash_operator.py for tasks to queue
[2023-03-23 23:06:00,351] {logging_mixin.py:115} INFO - [2023-03-23 23:06:00,351] {dagbag.py:507} INFO - Filling up the DagBag from /Users/gabrielroger/Documents/projects/weather-data/.venv/lib/python3.9/site-packages/airflow/example_dags/example_bash_operator.py
[2023-03-23 23:06:00,359] {processor.py:651} INFO - DAG(s) dict_keys(['example_bash_operator']) retrieved from /Users/gabrielroger/Documents/projects/weather-data/.venv/lib/python3.9/site-packages/airflow/example_dags/example_bash_operator.py
[2023-03-23 23:06:00,389] {logging_mixin.py:115} INFO - [2023-03-23 23:06:00,389] {dag.py:2379} INFO - Sync 1 DAGs
[2023-03-23 23:06:00,396] {logging_mixin.py:115} INFO - [2023-03-23 23:06:00,396] {dag.py:2927} INFO - Setting next_dagrun for example_bash_operator to 2023-03-23T00:00:00+00:00, run_after=2023-03-24T00:00:00+00:00
[2023-03-23 23:06:00,402] {processor.py:161} INFO - Processing /Users/gabrielroger/Documents/projects/weather-data/.venv/lib/python3.9/site-packages/airflow/example_dags/example_bash_operator.py took 0.052 seconds
[2023-03-23 23:07:11,032] {processor.py:153} INFO - Started process (PID=2314) to work on /Users/gabrielroger/Documents/projects/weather-data/.venv/lib/python3.9/site-packages/airflow/example_dags/example_bash_operator.py
[2023-03-23 23:07:11,033] {processor.py:641} INFO - Processing file /Users/gabrielroger/Documents/projects/weather-data/.venv/lib/python3.9/site-packages/airflow/example_dags/example_bash_operator.py for tasks to queue
[2023-03-23 23:07:11,033] {logging_mixin.py:115} INFO - [2023-03-23 23:07:11,033] {dagbag.py:507} INFO - Filling up the DagBag from /Users/gabrielroger/Documents/projects/weather-data/.venv/lib/python3.9/site-packages/airflow/example_dags/example_bash_operator.py
[2023-03-23 23:07:11,042] {processor.py:651} INFO - DAG(s) dict_keys(['example_bash_operator']) retrieved from /Users/gabrielroger/Documents/projects/weather-data/.venv/lib/python3.9/site-packages/airflow/example_dags/example_bash_operator.py
[2023-03-23 23:07:11,073] {logging_mixin.py:115} INFO - [2023-03-23 23:07:11,073] {dag.py:2379} INFO - Sync 1 DAGs
[2023-03-23 23:07:11,081] {logging_mixin.py:115} INFO - [2023-03-23 23:07:11,081] {dag.py:2927} INFO - Setting next_dagrun for example_bash_operator to 2023-03-23T00:00:00+00:00, run_after=2023-03-24T00:00:00+00:00
[2023-03-23 23:07:11,087] {processor.py:161} INFO - Processing /Users/gabrielroger/Documents/projects/weather-data/.venv/lib/python3.9/site-packages/airflow/example_dags/example_bash_operator.py took 0.055 seconds
[2023-03-23 23:08:31,117] {processor.py:153} INFO - Started process (PID=2385) to work on /Users/gabrielroger/Documents/projects/weather-data/.venv/lib/python3.9/site-packages/airflow/example_dags/example_bash_operator.py
[2023-03-23 23:08:31,118] {processor.py:641} INFO - Processing file /Users/gabrielroger/Documents/projects/weather-data/.venv/lib/python3.9/site-packages/airflow/example_dags/example_bash_operator.py for tasks to queue
[2023-03-23 23:08:31,118] {logging_mixin.py:115} INFO - [2023-03-23 23:08:31,118] {dagbag.py:507} INFO - Filling up the DagBag from /Users/gabrielroger/Documents/projects/weather-data/.venv/lib/python3.9/site-packages/airflow/example_dags/example_bash_operator.py
[2023-03-23 23:08:31,127] {processor.py:651} INFO - DAG(s) dict_keys(['example_bash_operator']) retrieved from /Users/gabrielroger/Documents/projects/weather-data/.venv/lib/python3.9/site-packages/airflow/example_dags/example_bash_operator.py
[2023-03-23 23:08:31,157] {logging_mixin.py:115} INFO - [2023-03-23 23:08:31,157] {dag.py:2379} INFO - Sync 1 DAGs
[2023-03-23 23:08:31,164] {logging_mixin.py:115} INFO - [2023-03-23 23:08:31,164] {dag.py:2927} INFO - Setting next_dagrun for example_bash_operator to 2023-03-23T00:00:00+00:00, run_after=2023-03-24T00:00:00+00:00
[2023-03-23 23:08:31,170] {processor.py:161} INFO - Processing /Users/gabrielroger/Documents/projects/weather-data/.venv/lib/python3.9/site-packages/airflow/example_dags/example_bash_operator.py took 0.053 seconds
[2023-03-23 23:09:37,438] {processor.py:153} INFO - Started process (PID=2433) to work on /Users/gabrielroger/Documents/projects/weather-data/.venv/lib/python3.9/site-packages/airflow/example_dags/example_bash_operator.py
[2023-03-23 23:09:37,440] {processor.py:641} INFO - Processing file /Users/gabrielroger/Documents/projects/weather-data/.venv/lib/python3.9/site-packages/airflow/example_dags/example_bash_operator.py for tasks to queue
[2023-03-23 23:09:37,440] {logging_mixin.py:115} INFO - [2023-03-23 23:09:37,440] {dagbag.py:507} INFO - Filling up the DagBag from /Users/gabrielroger/Documents/projects/weather-data/.venv/lib/python3.9/site-packages/airflow/example_dags/example_bash_operator.py
[2023-03-23 23:09:37,448] {processor.py:651} INFO - DAG(s) dict_keys(['example_bash_operator']) retrieved from /Users/gabrielroger/Documents/projects/weather-data/.venv/lib/python3.9/site-packages/airflow/example_dags/example_bash_operator.py
[2023-03-23 23:09:37,478] {logging_mixin.py:115} INFO - [2023-03-23 23:09:37,478] {dag.py:2379} INFO - Sync 1 DAGs
[2023-03-23 23:09:37,485] {logging_mixin.py:115} INFO - [2023-03-23 23:09:37,485] {dag.py:2927} INFO - Setting next_dagrun for example_bash_operator to 2023-03-23T00:00:00+00:00, run_after=2023-03-24T00:00:00+00:00
[2023-03-23 23:09:37,491] {processor.py:161} INFO - Processing /Users/gabrielroger/Documents/projects/weather-data/.venv/lib/python3.9/site-packages/airflow/example_dags/example_bash_operator.py took 0.053 seconds
[2023-03-23 23:10:38,751] {processor.py:153} INFO - Started process (PID=2482) to work on /Users/gabrielroger/Documents/projects/weather-data/.venv/lib/python3.9/site-packages/airflow/example_dags/example_bash_operator.py
[2023-03-23 23:10:38,751] {processor.py:641} INFO - Processing file /Users/gabrielroger/Documents/projects/weather-data/.venv/lib/python3.9/site-packages/airflow/example_dags/example_bash_operator.py for tasks to queue
[2023-03-23 23:10:38,752] {logging_mixin.py:115} INFO - [2023-03-23 23:10:38,752] {dagbag.py:507} INFO - Filling up the DagBag from /Users/gabrielroger/Documents/projects/weather-data/.venv/lib/python3.9/site-packages/airflow/example_dags/example_bash_operator.py
[2023-03-23 23:10:38,760] {processor.py:651} INFO - DAG(s) dict_keys(['example_bash_operator']) retrieved from /Users/gabrielroger/Documents/projects/weather-data/.venv/lib/python3.9/site-packages/airflow/example_dags/example_bash_operator.py
[2023-03-23 23:10:38,790] {logging_mixin.py:115} INFO - [2023-03-23 23:10:38,790] {dag.py:2379} INFO - Sync 1 DAGs
[2023-03-23 23:10:38,798] {logging_mixin.py:115} INFO - [2023-03-23 23:10:38,798] {dag.py:2927} INFO - Setting next_dagrun for example_bash_operator to 2023-03-23T00:00:00+00:00, run_after=2023-03-24T00:00:00+00:00
[2023-03-23 23:10:38,803] {processor.py:161} INFO - Processing /Users/gabrielroger/Documents/projects/weather-data/.venv/lib/python3.9/site-packages/airflow/example_dags/example_bash_operator.py took 0.053 seconds
