[2023-03-23 22:57:45,709] {processor.py:153} INFO - Started process (PID=1833) to work on /Users/gabrielroger/Documents/projects/weather-data/.venv/lib/python3.9/site-packages/airflow/example_dags/example_latest_only.py
[2023-03-23 22:57:45,709] {processor.py:641} INFO - Processing file /Users/gabrielroger/Documents/projects/weather-data/.venv/lib/python3.9/site-packages/airflow/example_dags/example_latest_only.py for tasks to queue
[2023-03-23 22:57:45,709] {logging_mixin.py:115} INFO - [2023-03-23 22:57:45,709] {dagbag.py:507} INFO - Filling up the DagBag from /Users/gabrielroger/Documents/projects/weather-data/.venv/lib/python3.9/site-packages/airflow/example_dags/example_latest_only.py
[2023-03-23 22:57:45,716] {processor.py:651} INFO - DAG(s) dict_keys(['latest_only']) retrieved from /Users/gabrielroger/Documents/projects/weather-data/.venv/lib/python3.9/site-packages/airflow/example_dags/example_latest_only.py
[2023-03-23 22:57:45,746] {logging_mixin.py:115} INFO - [2023-03-23 22:57:45,746] {dag.py:2379} INFO - Sync 1 DAGs
[2023-03-23 22:57:45,752] {logging_mixin.py:115} INFO - [2023-03-23 22:57:45,752] {dag.py:2927} INFO - Setting next_dagrun for latest_only to 2023-03-23T21:57:45.752681+00:00, run_after=2023-03-24T01:57:45.752681+00:00
[2023-03-23 22:57:45,758] {processor.py:161} INFO - Processing /Users/gabrielroger/Documents/projects/weather-data/.venv/lib/python3.9/site-packages/airflow/example_dags/example_latest_only.py took 0.050 seconds
[2023-03-23 22:58:35,184] {processor.py:153} INFO - Started process (PID=1872) to work on /Users/gabrielroger/Documents/projects/weather-data/.venv/lib/python3.9/site-packages/airflow/example_dags/example_latest_only.py
[2023-03-23 22:58:35,185] {processor.py:641} INFO - Processing file /Users/gabrielroger/Documents/projects/weather-data/.venv/lib/python3.9/site-packages/airflow/example_dags/example_latest_only.py for tasks to queue
[2023-03-23 22:58:35,185] {logging_mixin.py:115} INFO - [2023-03-23 22:58:35,185] {dagbag.py:507} INFO - Filling up the DagBag from /Users/gabrielroger/Documents/projects/weather-data/.venv/lib/python3.9/site-packages/airflow/example_dags/example_latest_only.py
[2023-03-23 22:58:35,192] {processor.py:651} INFO - DAG(s) dict_keys(['latest_only']) retrieved from /Users/gabrielroger/Documents/projects/weather-data/.venv/lib/python3.9/site-packages/airflow/example_dags/example_latest_only.py
[2023-03-23 22:58:35,221] {logging_mixin.py:115} INFO - [2023-03-23 22:58:35,221] {dag.py:2379} INFO - Sync 1 DAGs
[2023-03-23 22:58:35,227] {logging_mixin.py:115} INFO - [2023-03-23 22:58:35,227] {dag.py:2927} INFO - Setting next_dagrun for latest_only to 2023-03-23T21:58:35.227843+00:00, run_after=2023-03-24T01:58:35.227843+00:00
[2023-03-23 22:58:35,233] {processor.py:161} INFO - Processing /Users/gabrielroger/Documents/projects/weather-data/.venv/lib/python3.9/site-packages/airflow/example_dags/example_latest_only.py took 0.049 seconds
[2023-03-23 22:59:34,958] {processor.py:153} INFO - Started process (PID=1922) to work on /Users/gabrielroger/Documents/projects/weather-data/.venv/lib/python3.9/site-packages/airflow/example_dags/example_latest_only.py
[2023-03-23 22:59:34,959] {processor.py:641} INFO - Processing file /Users/gabrielroger/Documents/projects/weather-data/.venv/lib/python3.9/site-packages/airflow/example_dags/example_latest_only.py for tasks to queue
[2023-03-23 22:59:34,959] {logging_mixin.py:115} INFO - [2023-03-23 22:59:34,959] {dagbag.py:507} INFO - Filling up the DagBag from /Users/gabrielroger/Documents/projects/weather-data/.venv/lib/python3.9/site-packages/airflow/example_dags/example_latest_only.py
[2023-03-23 22:59:34,965] {processor.py:651} INFO - DAG(s) dict_keys(['latest_only']) retrieved from /Users/gabrielroger/Documents/projects/weather-data/.venv/lib/python3.9/site-packages/airflow/example_dags/example_latest_only.py
[2023-03-23 22:59:34,995] {logging_mixin.py:115} INFO - [2023-03-23 22:59:34,995] {dag.py:2379} INFO - Sync 1 DAGs
[2023-03-23 22:59:35,002] {logging_mixin.py:115} INFO - [2023-03-23 22:59:35,002] {dag.py:2927} INFO - Setting next_dagrun for latest_only to 2023-03-23T21:59:35.001966+00:00, run_after=2023-03-24T01:59:35.001966+00:00
[2023-03-23 22:59:35,007] {processor.py:161} INFO - Processing /Users/gabrielroger/Documents/projects/weather-data/.venv/lib/python3.9/site-packages/airflow/example_dags/example_latest_only.py took 0.049 seconds
[2023-03-23 23:00:40,201] {processor.py:153} INFO - Started process (PID=1980) to work on /Users/gabrielroger/Documents/projects/weather-data/.venv/lib/python3.9/site-packages/airflow/example_dags/example_latest_only.py
[2023-03-23 23:00:40,202] {processor.py:641} INFO - Processing file /Users/gabrielroger/Documents/projects/weather-data/.venv/lib/python3.9/site-packages/airflow/example_dags/example_latest_only.py for tasks to queue
[2023-03-23 23:00:40,202] {logging_mixin.py:115} INFO - [2023-03-23 23:00:40,202] {dagbag.py:507} INFO - Filling up the DagBag from /Users/gabrielroger/Documents/projects/weather-data/.venv/lib/python3.9/site-packages/airflow/example_dags/example_latest_only.py
[2023-03-23 23:00:40,208] {processor.py:651} INFO - DAG(s) dict_keys(['latest_only']) retrieved from /Users/gabrielroger/Documents/projects/weather-data/.venv/lib/python3.9/site-packages/airflow/example_dags/example_latest_only.py
[2023-03-23 23:00:40,238] {logging_mixin.py:115} INFO - [2023-03-23 23:00:40,237] {dag.py:2379} INFO - Sync 1 DAGs
[2023-03-23 23:00:40,244] {logging_mixin.py:115} INFO - [2023-03-23 23:00:40,244] {dag.py:2927} INFO - Setting next_dagrun for latest_only to 2023-03-23T22:00:40.244548+00:00, run_after=2023-03-24T02:00:40.244548+00:00
[2023-03-23 23:00:40,250] {processor.py:161} INFO - Processing /Users/gabrielroger/Documents/projects/weather-data/.venv/lib/python3.9/site-packages/airflow/example_dags/example_latest_only.py took 0.049 seconds
[2023-03-23 23:01:33,192] {processor.py:153} INFO - Started process (PID=2027) to work on /Users/gabrielroger/Documents/projects/weather-data/.venv/lib/python3.9/site-packages/airflow/example_dags/example_latest_only.py
[2023-03-23 23:01:33,192] {processor.py:641} INFO - Processing file /Users/gabrielroger/Documents/projects/weather-data/.venv/lib/python3.9/site-packages/airflow/example_dags/example_latest_only.py for tasks to queue
[2023-03-23 23:01:33,193] {logging_mixin.py:115} INFO - [2023-03-23 23:01:33,193] {dagbag.py:507} INFO - Filling up the DagBag from /Users/gabrielroger/Documents/projects/weather-data/.venv/lib/python3.9/site-packages/airflow/example_dags/example_latest_only.py
[2023-03-23 23:01:33,199] {processor.py:651} INFO - DAG(s) dict_keys(['latest_only']) retrieved from /Users/gabrielroger/Documents/projects/weather-data/.venv/lib/python3.9/site-packages/airflow/example_dags/example_latest_only.py
[2023-03-23 23:01:33,228] {logging_mixin.py:115} INFO - [2023-03-23 23:01:33,228] {dag.py:2379} INFO - Sync 1 DAGs
[2023-03-23 23:01:33,235] {logging_mixin.py:115} INFO - [2023-03-23 23:01:33,235] {dag.py:2927} INFO - Setting next_dagrun for latest_only to 2023-03-23T22:01:33.235371+00:00, run_after=2023-03-24T02:01:33.235371+00:00
[2023-03-23 23:01:33,240] {processor.py:161} INFO - Processing /Users/gabrielroger/Documents/projects/weather-data/.venv/lib/python3.9/site-packages/airflow/example_dags/example_latest_only.py took 0.049 seconds
[2023-03-23 23:02:51,471] {processor.py:153} INFO - Started process (PID=2103) to work on /Users/gabrielroger/Documents/projects/weather-data/.venv/lib/python3.9/site-packages/airflow/example_dags/example_latest_only.py
[2023-03-23 23:02:51,471] {processor.py:641} INFO - Processing file /Users/gabrielroger/Documents/projects/weather-data/.venv/lib/python3.9/site-packages/airflow/example_dags/example_latest_only.py for tasks to queue
[2023-03-23 23:02:51,471] {logging_mixin.py:115} INFO - [2023-03-23 23:02:51,471] {dagbag.py:507} INFO - Filling up the DagBag from /Users/gabrielroger/Documents/projects/weather-data/.venv/lib/python3.9/site-packages/airflow/example_dags/example_latest_only.py
[2023-03-23 23:02:51,478] {processor.py:651} INFO - DAG(s) dict_keys(['latest_only']) retrieved from /Users/gabrielroger/Documents/projects/weather-data/.venv/lib/python3.9/site-packages/airflow/example_dags/example_latest_only.py
[2023-03-23 23:02:51,508] {logging_mixin.py:115} INFO - [2023-03-23 23:02:51,508] {dag.py:2379} INFO - Sync 1 DAGs
[2023-03-23 23:02:51,515] {logging_mixin.py:115} INFO - [2023-03-23 23:02:51,515] {dag.py:2927} INFO - Setting next_dagrun for latest_only to 2023-03-23T22:02:51.515107+00:00, run_after=2023-03-24T02:02:51.515107+00:00
[2023-03-23 23:02:51,521] {processor.py:161} INFO - Processing /Users/gabrielroger/Documents/projects/weather-data/.venv/lib/python3.9/site-packages/airflow/example_dags/example_latest_only.py took 0.050 seconds
[2023-03-23 23:03:43,111] {processor.py:153} INFO - Started process (PID=2144) to work on /Users/gabrielroger/Documents/projects/weather-data/.venv/lib/python3.9/site-packages/airflow/example_dags/example_latest_only.py
[2023-03-23 23:03:43,112] {processor.py:641} INFO - Processing file /Users/gabrielroger/Documents/projects/weather-data/.venv/lib/python3.9/site-packages/airflow/example_dags/example_latest_only.py for tasks to queue
[2023-03-23 23:03:43,112] {logging_mixin.py:115} INFO - [2023-03-23 23:03:43,112] {dagbag.py:507} INFO - Filling up the DagBag from /Users/gabrielroger/Documents/projects/weather-data/.venv/lib/python3.9/site-packages/airflow/example_dags/example_latest_only.py
[2023-03-23 23:03:43,118] {processor.py:651} INFO - DAG(s) dict_keys(['latest_only']) retrieved from /Users/gabrielroger/Documents/projects/weather-data/.venv/lib/python3.9/site-packages/airflow/example_dags/example_latest_only.py
[2023-03-23 23:03:43,148] {logging_mixin.py:115} INFO - [2023-03-23 23:03:43,148] {dag.py:2379} INFO - Sync 1 DAGs
[2023-03-23 23:03:43,155] {logging_mixin.py:115} INFO - [2023-03-23 23:03:43,154] {dag.py:2927} INFO - Setting next_dagrun for latest_only to 2023-03-23T22:03:43.154913+00:00, run_after=2023-03-24T02:03:43.154913+00:00
[2023-03-23 23:03:43,160] {processor.py:161} INFO - Processing /Users/gabrielroger/Documents/projects/weather-data/.venv/lib/python3.9/site-packages/airflow/example_dags/example_latest_only.py took 0.050 seconds
[2023-03-23 23:04:39,761] {processor.py:153} INFO - Started process (PID=2187) to work on /Users/gabrielroger/Documents/projects/weather-data/.venv/lib/python3.9/site-packages/airflow/example_dags/example_latest_only.py
[2023-03-23 23:04:39,762] {processor.py:641} INFO - Processing file /Users/gabrielroger/Documents/projects/weather-data/.venv/lib/python3.9/site-packages/airflow/example_dags/example_latest_only.py for tasks to queue
[2023-03-23 23:04:39,762] {logging_mixin.py:115} INFO - [2023-03-23 23:04:39,762] {dagbag.py:507} INFO - Filling up the DagBag from /Users/gabrielroger/Documents/projects/weather-data/.venv/lib/python3.9/site-packages/airflow/example_dags/example_latest_only.py
[2023-03-23 23:04:39,769] {processor.py:651} INFO - DAG(s) dict_keys(['latest_only']) retrieved from /Users/gabrielroger/Documents/projects/weather-data/.venv/lib/python3.9/site-packages/airflow/example_dags/example_latest_only.py
[2023-03-23 23:04:39,798] {logging_mixin.py:115} INFO - [2023-03-23 23:04:39,798] {dag.py:2379} INFO - Sync 1 DAGs
[2023-03-23 23:04:39,804] {logging_mixin.py:115} INFO - [2023-03-23 23:04:39,804] {dag.py:2927} INFO - Setting next_dagrun for latest_only to 2023-03-23T22:04:39.804788+00:00, run_after=2023-03-24T02:04:39.804788+00:00
[2023-03-23 23:04:39,810] {processor.py:161} INFO - Processing /Users/gabrielroger/Documents/projects/weather-data/.venv/lib/python3.9/site-packages/airflow/example_dags/example_latest_only.py took 0.049 seconds
[2023-03-23 23:05:37,315] {processor.py:153} INFO - Started process (PID=2233) to work on /Users/gabrielroger/Documents/projects/weather-data/.venv/lib/python3.9/site-packages/airflow/example_dags/example_latest_only.py
[2023-03-23 23:05:37,315] {processor.py:641} INFO - Processing file /Users/gabrielroger/Documents/projects/weather-data/.venv/lib/python3.9/site-packages/airflow/example_dags/example_latest_only.py for tasks to queue
[2023-03-23 23:05:37,315] {logging_mixin.py:115} INFO - [2023-03-23 23:05:37,315] {dagbag.py:507} INFO - Filling up the DagBag from /Users/gabrielroger/Documents/projects/weather-data/.venv/lib/python3.9/site-packages/airflow/example_dags/example_latest_only.py
[2023-03-23 23:05:37,322] {processor.py:651} INFO - DAG(s) dict_keys(['latest_only']) retrieved from /Users/gabrielroger/Documents/projects/weather-data/.venv/lib/python3.9/site-packages/airflow/example_dags/example_latest_only.py
[2023-03-23 23:05:37,351] {logging_mixin.py:115} INFO - [2023-03-23 23:05:37,351] {dag.py:2379} INFO - Sync 1 DAGs
[2023-03-23 23:05:37,358] {logging_mixin.py:115} INFO - [2023-03-23 23:05:37,358] {dag.py:2927} INFO - Setting next_dagrun for latest_only to 2023-03-23T22:05:37.358432+00:00, run_after=2023-03-24T02:05:37.358432+00:00
[2023-03-23 23:05:37,364] {processor.py:161} INFO - Processing /Users/gabrielroger/Documents/projects/weather-data/.venv/lib/python3.9/site-packages/airflow/example_dags/example_latest_only.py took 0.049 seconds
[2023-03-23 23:06:54,952] {processor.py:153} INFO - Started process (PID=2303) to work on /Users/gabrielroger/Documents/projects/weather-data/.venv/lib/python3.9/site-packages/airflow/example_dags/example_latest_only.py
[2023-03-23 23:06:54,954] {processor.py:641} INFO - Processing file /Users/gabrielroger/Documents/projects/weather-data/.venv/lib/python3.9/site-packages/airflow/example_dags/example_latest_only.py for tasks to queue
[2023-03-23 23:06:54,955] {logging_mixin.py:115} INFO - [2023-03-23 23:06:54,955] {dagbag.py:507} INFO - Filling up the DagBag from /Users/gabrielroger/Documents/projects/weather-data/.venv/lib/python3.9/site-packages/airflow/example_dags/example_latest_only.py
[2023-03-23 23:06:54,961] {processor.py:651} INFO - DAG(s) dict_keys(['latest_only']) retrieved from /Users/gabrielroger/Documents/projects/weather-data/.venv/lib/python3.9/site-packages/airflow/example_dags/example_latest_only.py
[2023-03-23 23:06:54,992] {logging_mixin.py:115} INFO - [2023-03-23 23:06:54,991] {dag.py:2379} INFO - Sync 1 DAGs
[2023-03-23 23:06:54,998] {logging_mixin.py:115} INFO - [2023-03-23 23:06:54,998] {dag.py:2927} INFO - Setting next_dagrun for latest_only to 2023-03-23T22:06:54.998564+00:00, run_after=2023-03-24T02:06:54.998564+00:00
[2023-03-23 23:06:55,004] {processor.py:161} INFO - Processing /Users/gabrielroger/Documents/projects/weather-data/.venv/lib/python3.9/site-packages/airflow/example_dags/example_latest_only.py took 0.052 seconds
[2023-03-23 23:08:15,585] {processor.py:153} INFO - Started process (PID=2374) to work on /Users/gabrielroger/Documents/projects/weather-data/.venv/lib/python3.9/site-packages/airflow/example_dags/example_latest_only.py
[2023-03-23 23:08:15,586] {processor.py:641} INFO - Processing file /Users/gabrielroger/Documents/projects/weather-data/.venv/lib/python3.9/site-packages/airflow/example_dags/example_latest_only.py for tasks to queue
[2023-03-23 23:08:15,586] {logging_mixin.py:115} INFO - [2023-03-23 23:08:15,586] {dagbag.py:507} INFO - Filling up the DagBag from /Users/gabrielroger/Documents/projects/weather-data/.venv/lib/python3.9/site-packages/airflow/example_dags/example_latest_only.py
[2023-03-23 23:08:15,592] {processor.py:651} INFO - DAG(s) dict_keys(['latest_only']) retrieved from /Users/gabrielroger/Documents/projects/weather-data/.venv/lib/python3.9/site-packages/airflow/example_dags/example_latest_only.py
[2023-03-23 23:08:15,622] {logging_mixin.py:115} INFO - [2023-03-23 23:08:15,622] {dag.py:2379} INFO - Sync 1 DAGs
[2023-03-23 23:08:15,629] {logging_mixin.py:115} INFO - [2023-03-23 23:08:15,629] {dag.py:2927} INFO - Setting next_dagrun for latest_only to 2023-03-23T22:08:15.629080+00:00, run_after=2023-03-24T02:08:15.629080+00:00
[2023-03-23 23:08:15,634] {processor.py:161} INFO - Processing /Users/gabrielroger/Documents/projects/weather-data/.venv/lib/python3.9/site-packages/airflow/example_dags/example_latest_only.py took 0.050 seconds
[2023-03-23 23:09:07,663] {processor.py:153} INFO - Started process (PID=2412) to work on /Users/gabrielroger/Documents/projects/weather-data/.venv/lib/python3.9/site-packages/airflow/example_dags/example_latest_only.py
[2023-03-23 23:09:07,664] {processor.py:641} INFO - Processing file /Users/gabrielroger/Documents/projects/weather-data/.venv/lib/python3.9/site-packages/airflow/example_dags/example_latest_only.py for tasks to queue
[2023-03-23 23:09:07,664] {logging_mixin.py:115} INFO - [2023-03-23 23:09:07,664] {dagbag.py:507} INFO - Filling up the DagBag from /Users/gabrielroger/Documents/projects/weather-data/.venv/lib/python3.9/site-packages/airflow/example_dags/example_latest_only.py
[2023-03-23 23:09:07,671] {processor.py:651} INFO - DAG(s) dict_keys(['latest_only']) retrieved from /Users/gabrielroger/Documents/projects/weather-data/.venv/lib/python3.9/site-packages/airflow/example_dags/example_latest_only.py
[2023-03-23 23:09:07,701] {logging_mixin.py:115} INFO - [2023-03-23 23:09:07,701] {dag.py:2379} INFO - Sync 1 DAGs
[2023-03-23 23:09:07,707] {logging_mixin.py:115} INFO - [2023-03-23 23:09:07,707] {dag.py:2927} INFO - Setting next_dagrun for latest_only to 2023-03-23T22:09:07.707589+00:00, run_after=2023-03-24T02:09:07.707589+00:00
[2023-03-23 23:09:07,713] {processor.py:161} INFO - Processing /Users/gabrielroger/Documents/projects/weather-data/.venv/lib/python3.9/site-packages/airflow/example_dags/example_latest_only.py took 0.050 seconds
[2023-03-23 23:09:58,019] {processor.py:153} INFO - Started process (PID=2452) to work on /Users/gabrielroger/Documents/projects/weather-data/.venv/lib/python3.9/site-packages/airflow/example_dags/example_latest_only.py
[2023-03-23 23:09:58,019] {processor.py:641} INFO - Processing file /Users/gabrielroger/Documents/projects/weather-data/.venv/lib/python3.9/site-packages/airflow/example_dags/example_latest_only.py for tasks to queue
[2023-03-23 23:09:58,020] {logging_mixin.py:115} INFO - [2023-03-23 23:09:58,020] {dagbag.py:507} INFO - Filling up the DagBag from /Users/gabrielroger/Documents/projects/weather-data/.venv/lib/python3.9/site-packages/airflow/example_dags/example_latest_only.py
[2023-03-23 23:09:58,026] {processor.py:651} INFO - DAG(s) dict_keys(['latest_only']) retrieved from /Users/gabrielroger/Documents/projects/weather-data/.venv/lib/python3.9/site-packages/airflow/example_dags/example_latest_only.py
[2023-03-23 23:09:58,056] {logging_mixin.py:115} INFO - [2023-03-23 23:09:58,056] {dag.py:2379} INFO - Sync 1 DAGs
[2023-03-23 23:09:58,063] {logging_mixin.py:115} INFO - [2023-03-23 23:09:58,063] {dag.py:2927} INFO - Setting next_dagrun for latest_only to 2023-03-23T22:09:58.063157+00:00, run_after=2023-03-24T02:09:58.063157+00:00
[2023-03-23 23:09:58,069] {processor.py:161} INFO - Processing /Users/gabrielroger/Documents/projects/weather-data/.venv/lib/python3.9/site-packages/airflow/example_dags/example_latest_only.py took 0.050 seconds
[2023-03-23 23:10:59,734] {processor.py:153} INFO - Started process (PID=2496) to work on /Users/gabrielroger/Documents/projects/weather-data/.venv/lib/python3.9/site-packages/airflow/example_dags/example_latest_only.py
[2023-03-23 23:10:59,735] {processor.py:641} INFO - Processing file /Users/gabrielroger/Documents/projects/weather-data/.venv/lib/python3.9/site-packages/airflow/example_dags/example_latest_only.py for tasks to queue
[2023-03-23 23:10:59,735] {logging_mixin.py:115} INFO - [2023-03-23 23:10:59,735] {dagbag.py:507} INFO - Filling up the DagBag from /Users/gabrielroger/Documents/projects/weather-data/.venv/lib/python3.9/site-packages/airflow/example_dags/example_latest_only.py
[2023-03-23 23:10:59,741] {processor.py:651} INFO - DAG(s) dict_keys(['latest_only']) retrieved from /Users/gabrielroger/Documents/projects/weather-data/.venv/lib/python3.9/site-packages/airflow/example_dags/example_latest_only.py
[2023-03-23 23:10:59,771] {logging_mixin.py:115} INFO - [2023-03-23 23:10:59,771] {dag.py:2379} INFO - Sync 1 DAGs
[2023-03-23 23:10:59,778] {logging_mixin.py:115} INFO - [2023-03-23 23:10:59,777] {dag.py:2927} INFO - Setting next_dagrun for latest_only to 2023-03-23T22:10:59.777887+00:00, run_after=2023-03-24T02:10:59.777887+00:00
[2023-03-23 23:10:59,783] {processor.py:161} INFO - Processing /Users/gabrielroger/Documents/projects/weather-data/.venv/lib/python3.9/site-packages/airflow/example_dags/example_latest_only.py took 0.049 seconds
