[2023-03-23 22:57:44,133] {processor.py:153} INFO - Started process (PID=1832) to work on /Users/gabrielroger/Documents/projects/weather-data/.venv/lib/python3.9/site-packages/airflow/example_dags/example_latest_only_with_trigger.py
[2023-03-23 22:57:44,133] {processor.py:641} INFO - Processing file /Users/gabrielroger/Documents/projects/weather-data/.venv/lib/python3.9/site-packages/airflow/example_dags/example_latest_only_with_trigger.py for tasks to queue
[2023-03-23 22:57:44,134] {logging_mixin.py:115} INFO - [2023-03-23 22:57:44,134] {dagbag.py:507} INFO - Filling up the DagBag from /Users/gabrielroger/Documents/projects/weather-data/.venv/lib/python3.9/site-packages/airflow/example_dags/example_latest_only_with_trigger.py
[2023-03-23 22:57:44,142] {processor.py:651} INFO - DAG(s) dict_keys(['latest_only_with_trigger']) retrieved from /Users/gabrielroger/Documents/projects/weather-data/.venv/lib/python3.9/site-packages/airflow/example_dags/example_latest_only_with_trigger.py
[2023-03-23 22:57:44,172] {logging_mixin.py:115} INFO - [2023-03-23 22:57:44,172] {dag.py:2379} INFO - Sync 1 DAGs
[2023-03-23 22:57:44,179] {logging_mixin.py:115} INFO - [2023-03-23 22:57:44,179] {dag.py:2927} INFO - Setting next_dagrun for latest_only_with_trigger to 2023-03-23T21:57:44.179807+00:00, run_after=2023-03-24T01:57:44.179807+00:00
[2023-03-23 22:57:44,185] {processor.py:161} INFO - Processing /Users/gabrielroger/Documents/projects/weather-data/.venv/lib/python3.9/site-packages/airflow/example_dags/example_latest_only_with_trigger.py took 0.053 seconds
[2023-03-23 22:58:33,616] {processor.py:153} INFO - Started process (PID=1870) to work on /Users/gabrielroger/Documents/projects/weather-data/.venv/lib/python3.9/site-packages/airflow/example_dags/example_latest_only_with_trigger.py
[2023-03-23 22:58:33,617] {processor.py:641} INFO - Processing file /Users/gabrielroger/Documents/projects/weather-data/.venv/lib/python3.9/site-packages/airflow/example_dags/example_latest_only_with_trigger.py for tasks to queue
[2023-03-23 22:58:33,617] {logging_mixin.py:115} INFO - [2023-03-23 22:58:33,617] {dagbag.py:507} INFO - Filling up the DagBag from /Users/gabrielroger/Documents/projects/weather-data/.venv/lib/python3.9/site-packages/airflow/example_dags/example_latest_only_with_trigger.py
[2023-03-23 22:58:33,624] {processor.py:651} INFO - DAG(s) dict_keys(['latest_only_with_trigger']) retrieved from /Users/gabrielroger/Documents/projects/weather-data/.venv/lib/python3.9/site-packages/airflow/example_dags/example_latest_only_with_trigger.py
[2023-03-23 22:58:33,654] {logging_mixin.py:115} INFO - [2023-03-23 22:58:33,654] {dag.py:2379} INFO - Sync 1 DAGs
[2023-03-23 22:58:33,660] {logging_mixin.py:115} INFO - [2023-03-23 22:58:33,660] {dag.py:2927} INFO - Setting next_dagrun for latest_only_with_trigger to 2023-03-23T21:58:33.660767+00:00, run_after=2023-03-24T01:58:33.660767+00:00
[2023-03-23 22:58:33,666] {processor.py:161} INFO - Processing /Users/gabrielroger/Documents/projects/weather-data/.venv/lib/python3.9/site-packages/airflow/example_dags/example_latest_only_with_trigger.py took 0.050 seconds
[2023-03-23 22:59:33,929] {processor.py:153} INFO - Started process (PID=1921) to work on /Users/gabrielroger/Documents/projects/weather-data/.venv/lib/python3.9/site-packages/airflow/example_dags/example_latest_only_with_trigger.py
[2023-03-23 22:59:33,930] {processor.py:641} INFO - Processing file /Users/gabrielroger/Documents/projects/weather-data/.venv/lib/python3.9/site-packages/airflow/example_dags/example_latest_only_with_trigger.py for tasks to queue
[2023-03-23 22:59:33,930] {logging_mixin.py:115} INFO - [2023-03-23 22:59:33,930] {dagbag.py:507} INFO - Filling up the DagBag from /Users/gabrielroger/Documents/projects/weather-data/.venv/lib/python3.9/site-packages/airflow/example_dags/example_latest_only_with_trigger.py
[2023-03-23 22:59:33,937] {processor.py:651} INFO - DAG(s) dict_keys(['latest_only_with_trigger']) retrieved from /Users/gabrielroger/Documents/projects/weather-data/.venv/lib/python3.9/site-packages/airflow/example_dags/example_latest_only_with_trigger.py
[2023-03-23 22:59:33,966] {logging_mixin.py:115} INFO - [2023-03-23 22:59:33,966] {dag.py:2379} INFO - Sync 1 DAGs
[2023-03-23 22:59:33,973] {logging_mixin.py:115} INFO - [2023-03-23 22:59:33,973] {dag.py:2927} INFO - Setting next_dagrun for latest_only_with_trigger to 2023-03-23T21:59:33.973354+00:00, run_after=2023-03-24T01:59:33.973354+00:00
[2023-03-23 22:59:33,978] {processor.py:161} INFO - Processing /Users/gabrielroger/Documents/projects/weather-data/.venv/lib/python3.9/site-packages/airflow/example_dags/example_latest_only_with_trigger.py took 0.049 seconds
[2023-03-23 23:00:38,629] {processor.py:153} INFO - Started process (PID=1979) to work on /Users/gabrielroger/Documents/projects/weather-data/.venv/lib/python3.9/site-packages/airflow/example_dags/example_latest_only_with_trigger.py
[2023-03-23 23:00:38,630] {processor.py:641} INFO - Processing file /Users/gabrielroger/Documents/projects/weather-data/.venv/lib/python3.9/site-packages/airflow/example_dags/example_latest_only_with_trigger.py for tasks to queue
[2023-03-23 23:00:38,630] {logging_mixin.py:115} INFO - [2023-03-23 23:00:38,630] {dagbag.py:507} INFO - Filling up the DagBag from /Users/gabrielroger/Documents/projects/weather-data/.venv/lib/python3.9/site-packages/airflow/example_dags/example_latest_only_with_trigger.py
[2023-03-23 23:00:38,636] {processor.py:651} INFO - DAG(s) dict_keys(['latest_only_with_trigger']) retrieved from /Users/gabrielroger/Documents/projects/weather-data/.venv/lib/python3.9/site-packages/airflow/example_dags/example_latest_only_with_trigger.py
[2023-03-23 23:00:38,666] {logging_mixin.py:115} INFO - [2023-03-23 23:00:38,666] {dag.py:2379} INFO - Sync 1 DAGs
[2023-03-23 23:00:38,673] {logging_mixin.py:115} INFO - [2023-03-23 23:00:38,673] {dag.py:2927} INFO - Setting next_dagrun for latest_only_with_trigger to 2023-03-23T22:00:38.673213+00:00, run_after=2023-03-24T02:00:38.673213+00:00
[2023-03-23 23:00:38,678] {processor.py:161} INFO - Processing /Users/gabrielroger/Documents/projects/weather-data/.venv/lib/python3.9/site-packages/airflow/example_dags/example_latest_only_with_trigger.py took 0.050 seconds
[2023-03-23 23:01:31,625] {processor.py:153} INFO - Started process (PID=2026) to work on /Users/gabrielroger/Documents/projects/weather-data/.venv/lib/python3.9/site-packages/airflow/example_dags/example_latest_only_with_trigger.py
[2023-03-23 23:01:31,625] {processor.py:641} INFO - Processing file /Users/gabrielroger/Documents/projects/weather-data/.venv/lib/python3.9/site-packages/airflow/example_dags/example_latest_only_with_trigger.py for tasks to queue
[2023-03-23 23:01:31,625] {logging_mixin.py:115} INFO - [2023-03-23 23:01:31,625] {dagbag.py:507} INFO - Filling up the DagBag from /Users/gabrielroger/Documents/projects/weather-data/.venv/lib/python3.9/site-packages/airflow/example_dags/example_latest_only_with_trigger.py
[2023-03-23 23:01:31,632] {processor.py:651} INFO - DAG(s) dict_keys(['latest_only_with_trigger']) retrieved from /Users/gabrielroger/Documents/projects/weather-data/.venv/lib/python3.9/site-packages/airflow/example_dags/example_latest_only_with_trigger.py
[2023-03-23 23:01:31,662] {logging_mixin.py:115} INFO - [2023-03-23 23:01:31,662] {dag.py:2379} INFO - Sync 1 DAGs
[2023-03-23 23:01:31,669] {logging_mixin.py:115} INFO - [2023-03-23 23:01:31,669] {dag.py:2927} INFO - Setting next_dagrun for latest_only_with_trigger to 2023-03-23T22:01:31.669222+00:00, run_after=2023-03-24T02:01:31.669222+00:00
[2023-03-23 23:01:31,674] {processor.py:161} INFO - Processing /Users/gabrielroger/Documents/projects/weather-data/.venv/lib/python3.9/site-packages/airflow/example_dags/example_latest_only_with_trigger.py took 0.050 seconds
[2023-03-23 23:02:49,914] {processor.py:153} INFO - Started process (PID=2102) to work on /Users/gabrielroger/Documents/projects/weather-data/.venv/lib/python3.9/site-packages/airflow/example_dags/example_latest_only_with_trigger.py
[2023-03-23 23:02:49,914] {processor.py:641} INFO - Processing file /Users/gabrielroger/Documents/projects/weather-data/.venv/lib/python3.9/site-packages/airflow/example_dags/example_latest_only_with_trigger.py for tasks to queue
[2023-03-23 23:02:49,914] {logging_mixin.py:115} INFO - [2023-03-23 23:02:49,914] {dagbag.py:507} INFO - Filling up the DagBag from /Users/gabrielroger/Documents/projects/weather-data/.venv/lib/python3.9/site-packages/airflow/example_dags/example_latest_only_with_trigger.py
[2023-03-23 23:02:49,922] {processor.py:651} INFO - DAG(s) dict_keys(['latest_only_with_trigger']) retrieved from /Users/gabrielroger/Documents/projects/weather-data/.venv/lib/python3.9/site-packages/airflow/example_dags/example_latest_only_with_trigger.py
[2023-03-23 23:02:49,952] {logging_mixin.py:115} INFO - [2023-03-23 23:02:49,952] {dag.py:2379} INFO - Sync 1 DAGs
[2023-03-23 23:02:49,959] {logging_mixin.py:115} INFO - [2023-03-23 23:02:49,959] {dag.py:2927} INFO - Setting next_dagrun for latest_only_with_trigger to 2023-03-23T22:02:49.959031+00:00, run_after=2023-03-24T02:02:49.959031+00:00
[2023-03-23 23:02:49,964] {processor.py:161} INFO - Processing /Users/gabrielroger/Documents/projects/weather-data/.venv/lib/python3.9/site-packages/airflow/example_dags/example_latest_only_with_trigger.py took 0.051 seconds
[2023-03-23 23:03:41,538] {processor.py:153} INFO - Started process (PID=2143) to work on /Users/gabrielroger/Documents/projects/weather-data/.venv/lib/python3.9/site-packages/airflow/example_dags/example_latest_only_with_trigger.py
[2023-03-23 23:03:41,539] {processor.py:641} INFO - Processing file /Users/gabrielroger/Documents/projects/weather-data/.venv/lib/python3.9/site-packages/airflow/example_dags/example_latest_only_with_trigger.py for tasks to queue
[2023-03-23 23:03:41,539] {logging_mixin.py:115} INFO - [2023-03-23 23:03:41,539] {dagbag.py:507} INFO - Filling up the DagBag from /Users/gabrielroger/Documents/projects/weather-data/.venv/lib/python3.9/site-packages/airflow/example_dags/example_latest_only_with_trigger.py
[2023-03-23 23:03:41,546] {processor.py:651} INFO - DAG(s) dict_keys(['latest_only_with_trigger']) retrieved from /Users/gabrielroger/Documents/projects/weather-data/.venv/lib/python3.9/site-packages/airflow/example_dags/example_latest_only_with_trigger.py
[2023-03-23 23:03:41,577] {logging_mixin.py:115} INFO - [2023-03-23 23:03:41,577] {dag.py:2379} INFO - Sync 1 DAGs
[2023-03-23 23:03:41,584] {logging_mixin.py:115} INFO - [2023-03-23 23:03:41,583] {dag.py:2927} INFO - Setting next_dagrun for latest_only_with_trigger to 2023-03-23T22:03:41.583888+00:00, run_after=2023-03-24T02:03:41.583888+00:00
[2023-03-23 23:03:41,589] {processor.py:161} INFO - Processing /Users/gabrielroger/Documents/projects/weather-data/.venv/lib/python3.9/site-packages/airflow/example_dags/example_latest_only_with_trigger.py took 0.052 seconds
[2023-03-23 23:04:38,189] {processor.py:153} INFO - Started process (PID=2186) to work on /Users/gabrielroger/Documents/projects/weather-data/.venv/lib/python3.9/site-packages/airflow/example_dags/example_latest_only_with_trigger.py
[2023-03-23 23:04:38,190] {processor.py:641} INFO - Processing file /Users/gabrielroger/Documents/projects/weather-data/.venv/lib/python3.9/site-packages/airflow/example_dags/example_latest_only_with_trigger.py for tasks to queue
[2023-03-23 23:04:38,190] {logging_mixin.py:115} INFO - [2023-03-23 23:04:38,190] {dagbag.py:507} INFO - Filling up the DagBag from /Users/gabrielroger/Documents/projects/weather-data/.venv/lib/python3.9/site-packages/airflow/example_dags/example_latest_only_with_trigger.py
[2023-03-23 23:04:38,197] {processor.py:651} INFO - DAG(s) dict_keys(['latest_only_with_trigger']) retrieved from /Users/gabrielroger/Documents/projects/weather-data/.venv/lib/python3.9/site-packages/airflow/example_dags/example_latest_only_with_trigger.py
[2023-03-23 23:04:38,227] {logging_mixin.py:115} INFO - [2023-03-23 23:04:38,227] {dag.py:2379} INFO - Sync 1 DAGs
[2023-03-23 23:04:38,234] {logging_mixin.py:115} INFO - [2023-03-23 23:04:38,234] {dag.py:2927} INFO - Setting next_dagrun for latest_only_with_trigger to 2023-03-23T22:04:38.234083+00:00, run_after=2023-03-24T02:04:38.234083+00:00
[2023-03-23 23:04:38,239] {processor.py:161} INFO - Processing /Users/gabrielroger/Documents/projects/weather-data/.venv/lib/python3.9/site-packages/airflow/example_dags/example_latest_only_with_trigger.py took 0.050 seconds
[2023-03-23 23:05:35,788] {processor.py:153} INFO - Started process (PID=2232) to work on /Users/gabrielroger/Documents/projects/weather-data/.venv/lib/python3.9/site-packages/airflow/example_dags/example_latest_only_with_trigger.py
[2023-03-23 23:05:35,788] {processor.py:641} INFO - Processing file /Users/gabrielroger/Documents/projects/weather-data/.venv/lib/python3.9/site-packages/airflow/example_dags/example_latest_only_with_trigger.py for tasks to queue
[2023-03-23 23:05:35,788] {logging_mixin.py:115} INFO - [2023-03-23 23:05:35,788] {dagbag.py:507} INFO - Filling up the DagBag from /Users/gabrielroger/Documents/projects/weather-data/.venv/lib/python3.9/site-packages/airflow/example_dags/example_latest_only_with_trigger.py
[2023-03-23 23:05:35,795] {processor.py:651} INFO - DAG(s) dict_keys(['latest_only_with_trigger']) retrieved from /Users/gabrielroger/Documents/projects/weather-data/.venv/lib/python3.9/site-packages/airflow/example_dags/example_latest_only_with_trigger.py
[2023-03-23 23:05:35,825] {logging_mixin.py:115} INFO - [2023-03-23 23:05:35,825] {dag.py:2379} INFO - Sync 1 DAGs
[2023-03-23 23:05:35,832] {logging_mixin.py:115} INFO - [2023-03-23 23:05:35,832] {dag.py:2927} INFO - Setting next_dagrun for latest_only_with_trigger to 2023-03-23T22:05:35.832353+00:00, run_after=2023-03-24T02:05:35.832353+00:00
[2023-03-23 23:05:35,838] {processor.py:161} INFO - Processing /Users/gabrielroger/Documents/projects/weather-data/.venv/lib/python3.9/site-packages/airflow/example_dags/example_latest_only_with_trigger.py took 0.050 seconds
[2023-03-23 23:06:53,372] {processor.py:153} INFO - Started process (PID=2302) to work on /Users/gabrielroger/Documents/projects/weather-data/.venv/lib/python3.9/site-packages/airflow/example_dags/example_latest_only_with_trigger.py
[2023-03-23 23:06:53,373] {processor.py:641} INFO - Processing file /Users/gabrielroger/Documents/projects/weather-data/.venv/lib/python3.9/site-packages/airflow/example_dags/example_latest_only_with_trigger.py for tasks to queue
[2023-03-23 23:06:53,373] {logging_mixin.py:115} INFO - [2023-03-23 23:06:53,373] {dagbag.py:507} INFO - Filling up the DagBag from /Users/gabrielroger/Documents/projects/weather-data/.venv/lib/python3.9/site-packages/airflow/example_dags/example_latest_only_with_trigger.py
[2023-03-23 23:06:53,380] {processor.py:651} INFO - DAG(s) dict_keys(['latest_only_with_trigger']) retrieved from /Users/gabrielroger/Documents/projects/weather-data/.venv/lib/python3.9/site-packages/airflow/example_dags/example_latest_only_with_trigger.py
[2023-03-23 23:06:53,410] {logging_mixin.py:115} INFO - [2023-03-23 23:06:53,410] {dag.py:2379} INFO - Sync 1 DAGs
[2023-03-23 23:06:53,416] {logging_mixin.py:115} INFO - [2023-03-23 23:06:53,416] {dag.py:2927} INFO - Setting next_dagrun for latest_only_with_trigger to 2023-03-23T22:06:53.416817+00:00, run_after=2023-03-24T02:06:53.416817+00:00
[2023-03-23 23:06:53,422] {processor.py:161} INFO - Processing /Users/gabrielroger/Documents/projects/weather-data/.venv/lib/python3.9/site-packages/airflow/example_dags/example_latest_only_with_trigger.py took 0.050 seconds
[2023-03-23 23:08:13,997] {processor.py:153} INFO - Started process (PID=2373) to work on /Users/gabrielroger/Documents/projects/weather-data/.venv/lib/python3.9/site-packages/airflow/example_dags/example_latest_only_with_trigger.py
[2023-03-23 23:08:13,998] {processor.py:641} INFO - Processing file /Users/gabrielroger/Documents/projects/weather-data/.venv/lib/python3.9/site-packages/airflow/example_dags/example_latest_only_with_trigger.py for tasks to queue
[2023-03-23 23:08:13,998] {logging_mixin.py:115} INFO - [2023-03-23 23:08:13,998] {dagbag.py:507} INFO - Filling up the DagBag from /Users/gabrielroger/Documents/projects/weather-data/.venv/lib/python3.9/site-packages/airflow/example_dags/example_latest_only_with_trigger.py
[2023-03-23 23:08:14,005] {processor.py:651} INFO - DAG(s) dict_keys(['latest_only_with_trigger']) retrieved from /Users/gabrielroger/Documents/projects/weather-data/.venv/lib/python3.9/site-packages/airflow/example_dags/example_latest_only_with_trigger.py
[2023-03-23 23:08:14,035] {logging_mixin.py:115} INFO - [2023-03-23 23:08:14,035] {dag.py:2379} INFO - Sync 1 DAGs
[2023-03-23 23:08:14,042] {logging_mixin.py:115} INFO - [2023-03-23 23:08:14,042] {dag.py:2927} INFO - Setting next_dagrun for latest_only_with_trigger to 2023-03-23T22:08:14.042164+00:00, run_after=2023-03-24T02:08:14.042164+00:00
[2023-03-23 23:08:14,047] {processor.py:161} INFO - Processing /Users/gabrielroger/Documents/projects/weather-data/.venv/lib/python3.9/site-packages/airflow/example_dags/example_latest_only_with_trigger.py took 0.050 seconds
[2023-03-23 23:09:06,090] {processor.py:153} INFO - Started process (PID=2411) to work on /Users/gabrielroger/Documents/projects/weather-data/.venv/lib/python3.9/site-packages/airflow/example_dags/example_latest_only_with_trigger.py
[2023-03-23 23:09:06,090] {processor.py:641} INFO - Processing file /Users/gabrielroger/Documents/projects/weather-data/.venv/lib/python3.9/site-packages/airflow/example_dags/example_latest_only_with_trigger.py for tasks to queue
[2023-03-23 23:09:06,090] {logging_mixin.py:115} INFO - [2023-03-23 23:09:06,090] {dagbag.py:507} INFO - Filling up the DagBag from /Users/gabrielroger/Documents/projects/weather-data/.venv/lib/python3.9/site-packages/airflow/example_dags/example_latest_only_with_trigger.py
[2023-03-23 23:09:06,097] {processor.py:651} INFO - DAG(s) dict_keys(['latest_only_with_trigger']) retrieved from /Users/gabrielroger/Documents/projects/weather-data/.venv/lib/python3.9/site-packages/airflow/example_dags/example_latest_only_with_trigger.py
[2023-03-23 23:09:06,127] {logging_mixin.py:115} INFO - [2023-03-23 23:09:06,127] {dag.py:2379} INFO - Sync 1 DAGs
[2023-03-23 23:09:06,134] {logging_mixin.py:115} INFO - [2023-03-23 23:09:06,134] {dag.py:2927} INFO - Setting next_dagrun for latest_only_with_trigger to 2023-03-23T22:09:06.134513+00:00, run_after=2023-03-24T02:09:06.134513+00:00
[2023-03-23 23:09:06,140] {processor.py:161} INFO - Processing /Users/gabrielroger/Documents/projects/weather-data/.venv/lib/python3.9/site-packages/airflow/example_dags/example_latest_only_with_trigger.py took 0.050 seconds
[2023-03-23 23:09:56,417] {processor.py:153} INFO - Started process (PID=2451) to work on /Users/gabrielroger/Documents/projects/weather-data/.venv/lib/python3.9/site-packages/airflow/example_dags/example_latest_only_with_trigger.py
[2023-03-23 23:09:56,417] {processor.py:641} INFO - Processing file /Users/gabrielroger/Documents/projects/weather-data/.venv/lib/python3.9/site-packages/airflow/example_dags/example_latest_only_with_trigger.py for tasks to queue
[2023-03-23 23:09:56,417] {logging_mixin.py:115} INFO - [2023-03-23 23:09:56,417] {dagbag.py:507} INFO - Filling up the DagBag from /Users/gabrielroger/Documents/projects/weather-data/.venv/lib/python3.9/site-packages/airflow/example_dags/example_latest_only_with_trigger.py
[2023-03-23 23:09:56,424] {processor.py:651} INFO - DAG(s) dict_keys(['latest_only_with_trigger']) retrieved from /Users/gabrielroger/Documents/projects/weather-data/.venv/lib/python3.9/site-packages/airflow/example_dags/example_latest_only_with_trigger.py
[2023-03-23 23:09:56,453] {logging_mixin.py:115} INFO - [2023-03-23 23:09:56,453] {dag.py:2379} INFO - Sync 1 DAGs
[2023-03-23 23:09:56,460] {logging_mixin.py:115} INFO - [2023-03-23 23:09:56,460] {dag.py:2927} INFO - Setting next_dagrun for latest_only_with_trigger to 2023-03-23T22:09:56.460561+00:00, run_after=2023-03-24T02:09:56.460561+00:00
[2023-03-23 23:09:56,466] {processor.py:161} INFO - Processing /Users/gabrielroger/Documents/projects/weather-data/.venv/lib/python3.9/site-packages/airflow/example_dags/example_latest_only_with_trigger.py took 0.050 seconds
[2023-03-23 23:10:58,163] {processor.py:153} INFO - Started process (PID=2495) to work on /Users/gabrielroger/Documents/projects/weather-data/.venv/lib/python3.9/site-packages/airflow/example_dags/example_latest_only_with_trigger.py
[2023-03-23 23:10:58,164] {processor.py:641} INFO - Processing file /Users/gabrielroger/Documents/projects/weather-data/.venv/lib/python3.9/site-packages/airflow/example_dags/example_latest_only_with_trigger.py for tasks to queue
[2023-03-23 23:10:58,164] {logging_mixin.py:115} INFO - [2023-03-23 23:10:58,164] {dagbag.py:507} INFO - Filling up the DagBag from /Users/gabrielroger/Documents/projects/weather-data/.venv/lib/python3.9/site-packages/airflow/example_dags/example_latest_only_with_trigger.py
[2023-03-23 23:10:58,171] {processor.py:651} INFO - DAG(s) dict_keys(['latest_only_with_trigger']) retrieved from /Users/gabrielroger/Documents/projects/weather-data/.venv/lib/python3.9/site-packages/airflow/example_dags/example_latest_only_with_trigger.py
[2023-03-23 23:10:58,201] {logging_mixin.py:115} INFO - [2023-03-23 23:10:58,201] {dag.py:2379} INFO - Sync 1 DAGs
[2023-03-23 23:10:58,208] {logging_mixin.py:115} INFO - [2023-03-23 23:10:58,208] {dag.py:2927} INFO - Setting next_dagrun for latest_only_with_trigger to 2023-03-23T22:10:58.208195+00:00, run_after=2023-03-24T02:10:58.208195+00:00
[2023-03-23 23:10:58,213] {processor.py:161} INFO - Processing /Users/gabrielroger/Documents/projects/weather-data/.venv/lib/python3.9/site-packages/airflow/example_dags/example_latest_only_with_trigger.py took 0.050 seconds
