[2023-03-23 22:57:37,133] {processor.py:153} INFO - Started process (PID=1827) to work on /Users/gabrielroger/Documents/projects/weather-data/.venv/lib/python3.9/site-packages/airflow/example_dags/example_short_circuit_operator.py
[2023-03-23 22:57:37,133] {processor.py:641} INFO - Processing file /Users/gabrielroger/Documents/projects/weather-data/.venv/lib/python3.9/site-packages/airflow/example_dags/example_short_circuit_operator.py for tasks to queue
[2023-03-23 22:57:37,133] {logging_mixin.py:115} INFO - [2023-03-23 22:57:37,133] {dagbag.py:507} INFO - Filling up the DagBag from /Users/gabrielroger/Documents/projects/weather-data/.venv/lib/python3.9/site-packages/airflow/example_dags/example_short_circuit_operator.py
[2023-03-23 22:57:37,147] {processor.py:651} INFO - DAG(s) dict_keys(['example_short_circuit_operator']) retrieved from /Users/gabrielroger/Documents/projects/weather-data/.venv/lib/python3.9/site-packages/airflow/example_dags/example_short_circuit_operator.py
[2023-03-23 22:57:37,177] {logging_mixin.py:115} INFO - [2023-03-23 22:57:37,177] {dag.py:2379} INFO - Sync 1 DAGs
[2023-03-23 22:57:37,184] {logging_mixin.py:115} INFO - [2023-03-23 22:57:37,184] {dag.py:2927} INFO - Setting next_dagrun for example_short_circuit_operator to 2023-03-23T01:57:37.184764+00:00, run_after=2023-03-24T01:57:37.184764+00:00
[2023-03-23 22:57:37,190] {processor.py:161} INFO - Processing /Users/gabrielroger/Documents/projects/weather-data/.venv/lib/python3.9/site-packages/airflow/example_dags/example_short_circuit_operator.py took 0.057 seconds
[2023-03-23 22:58:27,506] {processor.py:153} INFO - Started process (PID=1865) to work on /Users/gabrielroger/Documents/projects/weather-data/.venv/lib/python3.9/site-packages/airflow/example_dags/example_short_circuit_operator.py
[2023-03-23 22:58:27,507] {processor.py:641} INFO - Processing file /Users/gabrielroger/Documents/projects/weather-data/.venv/lib/python3.9/site-packages/airflow/example_dags/example_short_circuit_operator.py for tasks to queue
[2023-03-23 22:58:27,507] {logging_mixin.py:115} INFO - [2023-03-23 22:58:27,507] {dagbag.py:507} INFO - Filling up the DagBag from /Users/gabrielroger/Documents/projects/weather-data/.venv/lib/python3.9/site-packages/airflow/example_dags/example_short_circuit_operator.py
[2023-03-23 22:58:27,522] {processor.py:651} INFO - DAG(s) dict_keys(['example_short_circuit_operator']) retrieved from /Users/gabrielroger/Documents/projects/weather-data/.venv/lib/python3.9/site-packages/airflow/example_dags/example_short_circuit_operator.py
[2023-03-23 22:58:27,552] {logging_mixin.py:115} INFO - [2023-03-23 22:58:27,552] {dag.py:2379} INFO - Sync 1 DAGs
[2023-03-23 22:58:27,559] {logging_mixin.py:115} INFO - [2023-03-23 22:58:27,559] {dag.py:2927} INFO - Setting next_dagrun for example_short_circuit_operator to 2023-03-23T01:58:27.559049+00:00, run_after=2023-03-24T01:58:27.559049+00:00
[2023-03-23 22:58:27,564] {processor.py:161} INFO - Processing /Users/gabrielroger/Documents/projects/weather-data/.venv/lib/python3.9/site-packages/airflow/example_dags/example_short_circuit_operator.py took 0.058 seconds
[2023-03-23 22:59:17,206] {processor.py:153} INFO - Started process (PID=1909) to work on /Users/gabrielroger/Documents/projects/weather-data/.venv/lib/python3.9/site-packages/airflow/example_dags/example_short_circuit_operator.py
[2023-03-23 22:59:17,207] {processor.py:641} INFO - Processing file /Users/gabrielroger/Documents/projects/weather-data/.venv/lib/python3.9/site-packages/airflow/example_dags/example_short_circuit_operator.py for tasks to queue
[2023-03-23 22:59:17,207] {logging_mixin.py:115} INFO - [2023-03-23 22:59:17,207] {dagbag.py:507} INFO - Filling up the DagBag from /Users/gabrielroger/Documents/projects/weather-data/.venv/lib/python3.9/site-packages/airflow/example_dags/example_short_circuit_operator.py
[2023-03-23 22:59:17,222] {processor.py:651} INFO - DAG(s) dict_keys(['example_short_circuit_operator']) retrieved from /Users/gabrielroger/Documents/projects/weather-data/.venv/lib/python3.9/site-packages/airflow/example_dags/example_short_circuit_operator.py
[2023-03-23 22:59:17,252] {logging_mixin.py:115} INFO - [2023-03-23 22:59:17,252] {dag.py:2379} INFO - Sync 1 DAGs
[2023-03-23 22:59:17,259] {logging_mixin.py:115} INFO - [2023-03-23 22:59:17,259] {dag.py:2927} INFO - Setting next_dagrun for example_short_circuit_operator to 2023-03-23T01:59:17.259214+00:00, run_after=2023-03-24T01:59:17.259214+00:00
[2023-03-23 22:59:17,264] {processor.py:161} INFO - Processing /Users/gabrielroger/Documents/projects/weather-data/.venv/lib/python3.9/site-packages/airflow/example_dags/example_short_circuit_operator.py took 0.058 seconds
[2023-03-23 23:00:31,485] {processor.py:153} INFO - Started process (PID=1974) to work on /Users/gabrielroger/Documents/projects/weather-data/.venv/lib/python3.9/site-packages/airflow/example_dags/example_short_circuit_operator.py
[2023-03-23 23:00:31,486] {processor.py:641} INFO - Processing file /Users/gabrielroger/Documents/projects/weather-data/.venv/lib/python3.9/site-packages/airflow/example_dags/example_short_circuit_operator.py for tasks to queue
[2023-03-23 23:00:31,486] {logging_mixin.py:115} INFO - [2023-03-23 23:00:31,486] {dagbag.py:507} INFO - Filling up the DagBag from /Users/gabrielroger/Documents/projects/weather-data/.venv/lib/python3.9/site-packages/airflow/example_dags/example_short_circuit_operator.py
[2023-03-23 23:00:31,500] {processor.py:651} INFO - DAG(s) dict_keys(['example_short_circuit_operator']) retrieved from /Users/gabrielroger/Documents/projects/weather-data/.venv/lib/python3.9/site-packages/airflow/example_dags/example_short_circuit_operator.py
[2023-03-23 23:00:31,531] {logging_mixin.py:115} INFO - [2023-03-23 23:00:31,531] {dag.py:2379} INFO - Sync 1 DAGs
[2023-03-23 23:00:31,538] {logging_mixin.py:115} INFO - [2023-03-23 23:00:31,538] {dag.py:2927} INFO - Setting next_dagrun for example_short_circuit_operator to 2023-03-23T02:00:31.538823+00:00, run_after=2023-03-24T02:00:31.538823+00:00
[2023-03-23 23:00:31,544] {processor.py:161} INFO - Processing /Users/gabrielroger/Documents/projects/weather-data/.venv/lib/python3.9/site-packages/airflow/example_dags/example_short_circuit_operator.py took 0.059 seconds
[2023-03-23 23:01:24,485] {processor.py:153} INFO - Started process (PID=2010) to work on /Users/gabrielroger/Documents/projects/weather-data/.venv/lib/python3.9/site-packages/airflow/example_dags/example_short_circuit_operator.py
[2023-03-23 23:01:24,486] {processor.py:641} INFO - Processing file /Users/gabrielroger/Documents/projects/weather-data/.venv/lib/python3.9/site-packages/airflow/example_dags/example_short_circuit_operator.py for tasks to queue
[2023-03-23 23:01:24,486] {logging_mixin.py:115} INFO - [2023-03-23 23:01:24,486] {dagbag.py:507} INFO - Filling up the DagBag from /Users/gabrielroger/Documents/projects/weather-data/.venv/lib/python3.9/site-packages/airflow/example_dags/example_short_circuit_operator.py
[2023-03-23 23:01:24,500] {processor.py:651} INFO - DAG(s) dict_keys(['example_short_circuit_operator']) retrieved from /Users/gabrielroger/Documents/projects/weather-data/.venv/lib/python3.9/site-packages/airflow/example_dags/example_short_circuit_operator.py
[2023-03-23 23:01:24,530] {logging_mixin.py:115} INFO - [2023-03-23 23:01:24,530] {dag.py:2379} INFO - Sync 1 DAGs
[2023-03-23 23:01:24,538] {logging_mixin.py:115} INFO - [2023-03-23 23:01:24,537] {dag.py:2927} INFO - Setting next_dagrun for example_short_circuit_operator to 2023-03-23T02:01:24.537872+00:00, run_after=2023-03-24T02:01:24.537872+00:00
[2023-03-23 23:01:24,543] {processor.py:161} INFO - Processing /Users/gabrielroger/Documents/projects/weather-data/.venv/lib/python3.9/site-packages/airflow/example_dags/example_short_circuit_operator.py took 0.058 seconds
[2023-03-23 23:02:43,998] {processor.py:153} INFO - Started process (PID=2094) to work on /Users/gabrielroger/Documents/projects/weather-data/.venv/lib/python3.9/site-packages/airflow/example_dags/example_short_circuit_operator.py
[2023-03-23 23:02:43,998] {processor.py:641} INFO - Processing file /Users/gabrielroger/Documents/projects/weather-data/.venv/lib/python3.9/site-packages/airflow/example_dags/example_short_circuit_operator.py for tasks to queue
[2023-03-23 23:02:43,998] {logging_mixin.py:115} INFO - [2023-03-23 23:02:43,998] {dagbag.py:507} INFO - Filling up the DagBag from /Users/gabrielroger/Documents/projects/weather-data/.venv/lib/python3.9/site-packages/airflow/example_dags/example_short_circuit_operator.py
[2023-03-23 23:02:44,014] {processor.py:651} INFO - DAG(s) dict_keys(['example_short_circuit_operator']) retrieved from /Users/gabrielroger/Documents/projects/weather-data/.venv/lib/python3.9/site-packages/airflow/example_dags/example_short_circuit_operator.py
[2023-03-23 23:02:44,046] {logging_mixin.py:115} INFO - [2023-03-23 23:02:44,046] {dag.py:2379} INFO - Sync 1 DAGs
[2023-03-23 23:02:44,053] {logging_mixin.py:115} INFO - [2023-03-23 23:02:44,053] {dag.py:2927} INFO - Setting next_dagrun for example_short_circuit_operator to 2023-03-23T02:02:44.053733+00:00, run_after=2023-03-24T02:02:44.053733+00:00
[2023-03-23 23:02:44,058] {processor.py:161} INFO - Processing /Users/gabrielroger/Documents/projects/weather-data/.venv/lib/python3.9/site-packages/airflow/example_dags/example_short_circuit_operator.py took 0.061 seconds
[2023-03-23 23:03:34,506] {processor.py:153} INFO - Started process (PID=2138) to work on /Users/gabrielroger/Documents/projects/weather-data/.venv/lib/python3.9/site-packages/airflow/example_dags/example_short_circuit_operator.py
[2023-03-23 23:03:34,507] {processor.py:641} INFO - Processing file /Users/gabrielroger/Documents/projects/weather-data/.venv/lib/python3.9/site-packages/airflow/example_dags/example_short_circuit_operator.py for tasks to queue
[2023-03-23 23:03:34,507] {logging_mixin.py:115} INFO - [2023-03-23 23:03:34,507] {dagbag.py:507} INFO - Filling up the DagBag from /Users/gabrielroger/Documents/projects/weather-data/.venv/lib/python3.9/site-packages/airflow/example_dags/example_short_circuit_operator.py
[2023-03-23 23:03:34,521] {processor.py:651} INFO - DAG(s) dict_keys(['example_short_circuit_operator']) retrieved from /Users/gabrielroger/Documents/projects/weather-data/.venv/lib/python3.9/site-packages/airflow/example_dags/example_short_circuit_operator.py
[2023-03-23 23:03:34,552] {logging_mixin.py:115} INFO - [2023-03-23 23:03:34,552] {dag.py:2379} INFO - Sync 1 DAGs
[2023-03-23 23:03:34,559] {logging_mixin.py:115} INFO - [2023-03-23 23:03:34,559] {dag.py:2927} INFO - Setting next_dagrun for example_short_circuit_operator to 2023-03-23T02:03:34.559517+00:00, run_after=2023-03-24T02:03:34.559517+00:00
[2023-03-23 23:03:34,564] {processor.py:161} INFO - Processing /Users/gabrielroger/Documents/projects/weather-data/.venv/lib/python3.9/site-packages/airflow/example_dags/example_short_circuit_operator.py took 0.058 seconds
[2023-03-23 23:04:22,596] {processor.py:153} INFO - Started process (PID=2175) to work on /Users/gabrielroger/Documents/projects/weather-data/.venv/lib/python3.9/site-packages/airflow/example_dags/example_short_circuit_operator.py
[2023-03-23 23:04:22,597] {processor.py:641} INFO - Processing file /Users/gabrielroger/Documents/projects/weather-data/.venv/lib/python3.9/site-packages/airflow/example_dags/example_short_circuit_operator.py for tasks to queue
[2023-03-23 23:04:22,597] {logging_mixin.py:115} INFO - [2023-03-23 23:04:22,597] {dagbag.py:507} INFO - Filling up the DagBag from /Users/gabrielroger/Documents/projects/weather-data/.venv/lib/python3.9/site-packages/airflow/example_dags/example_short_circuit_operator.py
[2023-03-23 23:04:22,611] {processor.py:651} INFO - DAG(s) dict_keys(['example_short_circuit_operator']) retrieved from /Users/gabrielroger/Documents/projects/weather-data/.venv/lib/python3.9/site-packages/airflow/example_dags/example_short_circuit_operator.py
[2023-03-23 23:04:22,641] {logging_mixin.py:115} INFO - [2023-03-23 23:04:22,641] {dag.py:2379} INFO - Sync 1 DAGs
[2023-03-23 23:04:22,648] {logging_mixin.py:115} INFO - [2023-03-23 23:04:22,648] {dag.py:2927} INFO - Setting next_dagrun for example_short_circuit_operator to 2023-03-23T02:04:22.648723+00:00, run_after=2023-03-24T02:04:22.648723+00:00
[2023-03-23 23:04:22,653] {processor.py:161} INFO - Processing /Users/gabrielroger/Documents/projects/weather-data/.venv/lib/python3.9/site-packages/airflow/example_dags/example_short_circuit_operator.py took 0.058 seconds
[2023-03-23 23:05:19,284] {processor.py:153} INFO - Started process (PID=2217) to work on /Users/gabrielroger/Documents/projects/weather-data/.venv/lib/python3.9/site-packages/airflow/example_dags/example_short_circuit_operator.py
[2023-03-23 23:05:19,285] {processor.py:641} INFO - Processing file /Users/gabrielroger/Documents/projects/weather-data/.venv/lib/python3.9/site-packages/airflow/example_dags/example_short_circuit_operator.py for tasks to queue
[2023-03-23 23:05:19,285] {logging_mixin.py:115} INFO - [2023-03-23 23:05:19,285] {dagbag.py:507} INFO - Filling up the DagBag from /Users/gabrielroger/Documents/projects/weather-data/.venv/lib/python3.9/site-packages/airflow/example_dags/example_short_circuit_operator.py
[2023-03-23 23:05:19,299] {processor.py:651} INFO - DAG(s) dict_keys(['example_short_circuit_operator']) retrieved from /Users/gabrielroger/Documents/projects/weather-data/.venv/lib/python3.9/site-packages/airflow/example_dags/example_short_circuit_operator.py
[2023-03-23 23:05:19,329] {logging_mixin.py:115} INFO - [2023-03-23 23:05:19,329] {dag.py:2379} INFO - Sync 1 DAGs
[2023-03-23 23:05:19,337] {logging_mixin.py:115} INFO - [2023-03-23 23:05:19,337] {dag.py:2927} INFO - Setting next_dagrun for example_short_circuit_operator to 2023-03-23T02:05:19.337207+00:00, run_after=2023-03-24T02:05:19.337207+00:00
[2023-03-23 23:05:19,342] {processor.py:161} INFO - Processing /Users/gabrielroger/Documents/projects/weather-data/.venv/lib/python3.9/site-packages/airflow/example_dags/example_short_circuit_operator.py took 0.058 seconds
[2023-03-23 23:06:46,221] {processor.py:153} INFO - Started process (PID=2297) to work on /Users/gabrielroger/Documents/projects/weather-data/.venv/lib/python3.9/site-packages/airflow/example_dags/example_short_circuit_operator.py
[2023-03-23 23:06:46,222] {processor.py:641} INFO - Processing file /Users/gabrielroger/Documents/projects/weather-data/.venv/lib/python3.9/site-packages/airflow/example_dags/example_short_circuit_operator.py for tasks to queue
[2023-03-23 23:06:46,222] {logging_mixin.py:115} INFO - [2023-03-23 23:06:46,222] {dagbag.py:507} INFO - Filling up the DagBag from /Users/gabrielroger/Documents/projects/weather-data/.venv/lib/python3.9/site-packages/airflow/example_dags/example_short_circuit_operator.py
[2023-03-23 23:06:46,236] {processor.py:651} INFO - DAG(s) dict_keys(['example_short_circuit_operator']) retrieved from /Users/gabrielroger/Documents/projects/weather-data/.venv/lib/python3.9/site-packages/airflow/example_dags/example_short_circuit_operator.py
[2023-03-23 23:06:46,268] {logging_mixin.py:115} INFO - [2023-03-23 23:06:46,268] {dag.py:2379} INFO - Sync 1 DAGs
[2023-03-23 23:06:46,276] {logging_mixin.py:115} INFO - [2023-03-23 23:06:46,276] {dag.py:2927} INFO - Setting next_dagrun for example_short_circuit_operator to 2023-03-23T02:06:46.276424+00:00, run_after=2023-03-24T02:06:46.276424+00:00
[2023-03-23 23:06:46,282] {processor.py:161} INFO - Processing /Users/gabrielroger/Documents/projects/weather-data/.venv/lib/python3.9/site-packages/airflow/example_dags/example_short_circuit_operator.py took 0.062 seconds
[2023-03-23 23:08:07,610] {processor.py:153} INFO - Started process (PID=2368) to work on /Users/gabrielroger/Documents/projects/weather-data/.venv/lib/python3.9/site-packages/airflow/example_dags/example_short_circuit_operator.py
[2023-03-23 23:08:07,611] {processor.py:641} INFO - Processing file /Users/gabrielroger/Documents/projects/weather-data/.venv/lib/python3.9/site-packages/airflow/example_dags/example_short_circuit_operator.py for tasks to queue
[2023-03-23 23:08:07,611] {logging_mixin.py:115} INFO - [2023-03-23 23:08:07,611] {dagbag.py:507} INFO - Filling up the DagBag from /Users/gabrielroger/Documents/projects/weather-data/.venv/lib/python3.9/site-packages/airflow/example_dags/example_short_circuit_operator.py
[2023-03-23 23:08:07,625] {processor.py:651} INFO - DAG(s) dict_keys(['example_short_circuit_operator']) retrieved from /Users/gabrielroger/Documents/projects/weather-data/.venv/lib/python3.9/site-packages/airflow/example_dags/example_short_circuit_operator.py
[2023-03-23 23:08:07,656] {logging_mixin.py:115} INFO - [2023-03-23 23:08:07,656] {dag.py:2379} INFO - Sync 1 DAGs
[2023-03-23 23:08:07,663] {logging_mixin.py:115} INFO - [2023-03-23 23:08:07,663] {dag.py:2927} INFO - Setting next_dagrun for example_short_circuit_operator to 2023-03-23T02:08:07.663758+00:00, run_after=2023-03-24T02:08:07.663758+00:00
[2023-03-23 23:08:07,669] {processor.py:161} INFO - Processing /Users/gabrielroger/Documents/projects/weather-data/.venv/lib/python3.9/site-packages/airflow/example_dags/example_short_circuit_operator.py took 0.059 seconds
[2023-03-23 23:08:59,358] {processor.py:153} INFO - Started process (PID=2406) to work on /Users/gabrielroger/Documents/projects/weather-data/.venv/lib/python3.9/site-packages/airflow/example_dags/example_short_circuit_operator.py
[2023-03-23 23:08:59,358] {processor.py:641} INFO - Processing file /Users/gabrielroger/Documents/projects/weather-data/.venv/lib/python3.9/site-packages/airflow/example_dags/example_short_circuit_operator.py for tasks to queue
[2023-03-23 23:08:59,358] {logging_mixin.py:115} INFO - [2023-03-23 23:08:59,358] {dagbag.py:507} INFO - Filling up the DagBag from /Users/gabrielroger/Documents/projects/weather-data/.venv/lib/python3.9/site-packages/airflow/example_dags/example_short_circuit_operator.py
[2023-03-23 23:08:59,373] {processor.py:651} INFO - DAG(s) dict_keys(['example_short_circuit_operator']) retrieved from /Users/gabrielroger/Documents/projects/weather-data/.venv/lib/python3.9/site-packages/airflow/example_dags/example_short_circuit_operator.py
[2023-03-23 23:08:59,404] {logging_mixin.py:115} INFO - [2023-03-23 23:08:59,404] {dag.py:2379} INFO - Sync 1 DAGs
[2023-03-23 23:08:59,411] {logging_mixin.py:115} INFO - [2023-03-23 23:08:59,411] {dag.py:2927} INFO - Setting next_dagrun for example_short_circuit_operator to 2023-03-23T02:08:59.411715+00:00, run_after=2023-03-24T02:08:59.411715+00:00
[2023-03-23 23:08:59,417] {processor.py:161} INFO - Processing /Users/gabrielroger/Documents/projects/weather-data/.venv/lib/python3.9/site-packages/airflow/example_dags/example_short_circuit_operator.py took 0.059 seconds
[2023-03-23 23:09:50,151] {processor.py:153} INFO - Started process (PID=2445) to work on /Users/gabrielroger/Documents/projects/weather-data/.venv/lib/python3.9/site-packages/airflow/example_dags/example_short_circuit_operator.py
[2023-03-23 23:09:50,152] {processor.py:641} INFO - Processing file /Users/gabrielroger/Documents/projects/weather-data/.venv/lib/python3.9/site-packages/airflow/example_dags/example_short_circuit_operator.py for tasks to queue
[2023-03-23 23:09:50,152] {logging_mixin.py:115} INFO - [2023-03-23 23:09:50,152] {dagbag.py:507} INFO - Filling up the DagBag from /Users/gabrielroger/Documents/projects/weather-data/.venv/lib/python3.9/site-packages/airflow/example_dags/example_short_circuit_operator.py
[2023-03-23 23:09:50,166] {processor.py:651} INFO - DAG(s) dict_keys(['example_short_circuit_operator']) retrieved from /Users/gabrielroger/Documents/projects/weather-data/.venv/lib/python3.9/site-packages/airflow/example_dags/example_short_circuit_operator.py
[2023-03-23 23:09:50,198] {logging_mixin.py:115} INFO - [2023-03-23 23:09:50,198] {dag.py:2379} INFO - Sync 1 DAGs
[2023-03-23 23:09:50,205] {logging_mixin.py:115} INFO - [2023-03-23 23:09:50,205] {dag.py:2927} INFO - Setting next_dagrun for example_short_circuit_operator to 2023-03-23T02:09:50.205854+00:00, run_after=2023-03-24T02:09:50.205854+00:00
[2023-03-23 23:09:50,211] {processor.py:161} INFO - Processing /Users/gabrielroger/Documents/projects/weather-data/.venv/lib/python3.9/site-packages/airflow/example_dags/example_short_circuit_operator.py took 0.060 seconds
[2023-03-23 23:10:50,989] {processor.py:153} INFO - Started process (PID=2490) to work on /Users/gabrielroger/Documents/projects/weather-data/.venv/lib/python3.9/site-packages/airflow/example_dags/example_short_circuit_operator.py
[2023-03-23 23:10:50,990] {processor.py:641} INFO - Processing file /Users/gabrielroger/Documents/projects/weather-data/.venv/lib/python3.9/site-packages/airflow/example_dags/example_short_circuit_operator.py for tasks to queue
[2023-03-23 23:10:50,990] {logging_mixin.py:115} INFO - [2023-03-23 23:10:50,990] {dagbag.py:507} INFO - Filling up the DagBag from /Users/gabrielroger/Documents/projects/weather-data/.venv/lib/python3.9/site-packages/airflow/example_dags/example_short_circuit_operator.py
[2023-03-23 23:10:51,005] {processor.py:651} INFO - DAG(s) dict_keys(['example_short_circuit_operator']) retrieved from /Users/gabrielroger/Documents/projects/weather-data/.venv/lib/python3.9/site-packages/airflow/example_dags/example_short_circuit_operator.py
[2023-03-23 23:10:51,035] {logging_mixin.py:115} INFO - [2023-03-23 23:10:51,035] {dag.py:2379} INFO - Sync 1 DAGs
[2023-03-23 23:10:51,042] {logging_mixin.py:115} INFO - [2023-03-23 23:10:51,042] {dag.py:2927} INFO - Setting next_dagrun for example_short_circuit_operator to 2023-03-23T02:10:51.042696+00:00, run_after=2023-03-24T02:10:51.042696+00:00
[2023-03-23 23:10:51,047] {processor.py:161} INFO - Processing /Users/gabrielroger/Documents/projects/weather-data/.venv/lib/python3.9/site-packages/airflow/example_dags/example_short_circuit_operator.py took 0.058 seconds
