[2023-03-23 22:57:28,823] {processor.py:153} INFO - Started process (PID=1821) to work on /Users/gabrielroger/Documents/projects/weather-data/.venv/lib/python3.9/site-packages/airflow/example_dags/example_time_delta_sensor_async.py
[2023-03-23 22:57:28,823] {processor.py:641} INFO - Processing file /Users/gabrielroger/Documents/projects/weather-data/.venv/lib/python3.9/site-packages/airflow/example_dags/example_time_delta_sensor_async.py for tasks to queue
[2023-03-23 22:57:28,823] {logging_mixin.py:115} INFO - [2023-03-23 22:57:28,823] {dagbag.py:507} INFO - Filling up the DagBag from /Users/gabrielroger/Documents/projects/weather-data/.venv/lib/python3.9/site-packages/airflow/example_dags/example_time_delta_sensor_async.py
[2023-03-23 22:57:28,831] {processor.py:651} INFO - DAG(s) dict_keys(['example_time_delta_sensor_async']) retrieved from /Users/gabrielroger/Documents/projects/weather-data/.venv/lib/python3.9/site-packages/airflow/example_dags/example_time_delta_sensor_async.py
[2023-03-23 22:57:28,868] {logging_mixin.py:115} INFO - [2023-03-23 22:57:28,868] {dag.py:2379} INFO - Sync 1 DAGs
[2023-03-23 22:57:28,874] {logging_mixin.py:115} INFO - [2023-03-23 22:57:28,874] {dag.py:2927} INFO - Setting next_dagrun for example_time_delta_sensor_async to None, run_after=None
[2023-03-23 22:57:28,880] {processor.py:161} INFO - Processing /Users/gabrielroger/Documents/projects/weather-data/.venv/lib/python3.9/site-packages/airflow/example_dags/example_time_delta_sensor_async.py took 0.057 seconds
[2023-03-23 22:58:19,382] {processor.py:153} INFO - Started process (PID=1859) to work on /Users/gabrielroger/Documents/projects/weather-data/.venv/lib/python3.9/site-packages/airflow/example_dags/example_time_delta_sensor_async.py
[2023-03-23 22:58:19,383] {processor.py:641} INFO - Processing file /Users/gabrielroger/Documents/projects/weather-data/.venv/lib/python3.9/site-packages/airflow/example_dags/example_time_delta_sensor_async.py for tasks to queue
[2023-03-23 22:58:19,383] {logging_mixin.py:115} INFO - [2023-03-23 22:58:19,383] {dagbag.py:507} INFO - Filling up the DagBag from /Users/gabrielroger/Documents/projects/weather-data/.venv/lib/python3.9/site-packages/airflow/example_dags/example_time_delta_sensor_async.py
[2023-03-23 22:58:19,390] {processor.py:651} INFO - DAG(s) dict_keys(['example_time_delta_sensor_async']) retrieved from /Users/gabrielroger/Documents/projects/weather-data/.venv/lib/python3.9/site-packages/airflow/example_dags/example_time_delta_sensor_async.py
[2023-03-23 22:58:19,426] {logging_mixin.py:115} INFO - [2023-03-23 22:58:19,426] {dag.py:2379} INFO - Sync 1 DAGs
[2023-03-23 22:58:19,433] {logging_mixin.py:115} INFO - [2023-03-23 22:58:19,433] {dag.py:2927} INFO - Setting next_dagrun for example_time_delta_sensor_async to None, run_after=None
[2023-03-23 22:58:19,438] {processor.py:161} INFO - Processing /Users/gabrielroger/Documents/projects/weather-data/.venv/lib/python3.9/site-packages/airflow/example_dags/example_time_delta_sensor_async.py took 0.056 seconds
[2023-03-23 22:59:08,138] {processor.py:153} INFO - Started process (PID=1901) to work on /Users/gabrielroger/Documents/projects/weather-data/.venv/lib/python3.9/site-packages/airflow/example_dags/example_time_delta_sensor_async.py
[2023-03-23 22:59:08,139] {processor.py:641} INFO - Processing file /Users/gabrielroger/Documents/projects/weather-data/.venv/lib/python3.9/site-packages/airflow/example_dags/example_time_delta_sensor_async.py for tasks to queue
[2023-03-23 22:59:08,139] {logging_mixin.py:115} INFO - [2023-03-23 22:59:08,139] {dagbag.py:507} INFO - Filling up the DagBag from /Users/gabrielroger/Documents/projects/weather-data/.venv/lib/python3.9/site-packages/airflow/example_dags/example_time_delta_sensor_async.py
[2023-03-23 22:59:08,145] {processor.py:651} INFO - DAG(s) dict_keys(['example_time_delta_sensor_async']) retrieved from /Users/gabrielroger/Documents/projects/weather-data/.venv/lib/python3.9/site-packages/airflow/example_dags/example_time_delta_sensor_async.py
[2023-03-23 22:59:08,177] {logging_mixin.py:115} INFO - [2023-03-23 22:59:08,177] {dag.py:2379} INFO - Sync 1 DAGs
[2023-03-23 22:59:08,184] {logging_mixin.py:115} INFO - [2023-03-23 22:59:08,184] {dag.py:2927} INFO - Setting next_dagrun for example_time_delta_sensor_async to None, run_after=None
[2023-03-23 22:59:08,190] {processor.py:161} INFO - Processing /Users/gabrielroger/Documents/projects/weather-data/.venv/lib/python3.9/site-packages/airflow/example_dags/example_time_delta_sensor_async.py took 0.053 seconds
[2023-03-23 22:59:48,697] {processor.py:153} INFO - Started process (PID=1931) to work on /Users/gabrielroger/Documents/projects/weather-data/.venv/lib/python3.9/site-packages/airflow/example_dags/example_time_delta_sensor_async.py
[2023-03-23 22:59:48,697] {processor.py:641} INFO - Processing file /Users/gabrielroger/Documents/projects/weather-data/.venv/lib/python3.9/site-packages/airflow/example_dags/example_time_delta_sensor_async.py for tasks to queue
[2023-03-23 22:59:48,698] {logging_mixin.py:115} INFO - [2023-03-23 22:59:48,697] {dagbag.py:507} INFO - Filling up the DagBag from /Users/gabrielroger/Documents/projects/weather-data/.venv/lib/python3.9/site-packages/airflow/example_dags/example_time_delta_sensor_async.py
[2023-03-23 22:59:48,704] {processor.py:651} INFO - DAG(s) dict_keys(['example_time_delta_sensor_async']) retrieved from /Users/gabrielroger/Documents/projects/weather-data/.venv/lib/python3.9/site-packages/airflow/example_dags/example_time_delta_sensor_async.py
[2023-03-23 22:59:48,742] {logging_mixin.py:115} INFO - [2023-03-23 22:59:48,742] {dag.py:2379} INFO - Sync 1 DAGs
[2023-03-23 22:59:48,749] {logging_mixin.py:115} INFO - [2023-03-23 22:59:48,749] {dag.py:2927} INFO - Setting next_dagrun for example_time_delta_sensor_async to None, run_after=None
[2023-03-23 22:59:48,755] {processor.py:161} INFO - Processing /Users/gabrielroger/Documents/projects/weather-data/.venv/lib/python3.9/site-packages/airflow/example_dags/example_time_delta_sensor_async.py took 0.058 seconds
[2023-03-23 23:00:23,528] {processor.py:153} INFO - Started process (PID=1965) to work on /Users/gabrielroger/Documents/projects/weather-data/.venv/lib/python3.9/site-packages/airflow/example_dags/example_time_delta_sensor_async.py
[2023-03-23 23:00:23,529] {processor.py:641} INFO - Processing file /Users/gabrielroger/Documents/projects/weather-data/.venv/lib/python3.9/site-packages/airflow/example_dags/example_time_delta_sensor_async.py for tasks to queue
[2023-03-23 23:00:23,529] {logging_mixin.py:115} INFO - [2023-03-23 23:00:23,529] {dagbag.py:507} INFO - Filling up the DagBag from /Users/gabrielroger/Documents/projects/weather-data/.venv/lib/python3.9/site-packages/airflow/example_dags/example_time_delta_sensor_async.py
[2023-03-23 23:00:23,536] {processor.py:651} INFO - DAG(s) dict_keys(['example_time_delta_sensor_async']) retrieved from /Users/gabrielroger/Documents/projects/weather-data/.venv/lib/python3.9/site-packages/airflow/example_dags/example_time_delta_sensor_async.py
[2023-03-23 23:00:23,570] {logging_mixin.py:115} INFO - [2023-03-23 23:00:23,570] {dag.py:2379} INFO - Sync 1 DAGs
[2023-03-23 23:00:23,577] {logging_mixin.py:115} INFO - [2023-03-23 23:00:23,577] {dag.py:2927} INFO - Setting next_dagrun for example_time_delta_sensor_async to None, run_after=None
[2023-03-23 23:00:23,583] {processor.py:161} INFO - Processing /Users/gabrielroger/Documents/projects/weather-data/.venv/lib/python3.9/site-packages/airflow/example_dags/example_time_delta_sensor_async.py took 0.055 seconds
[2023-03-23 23:01:15,395] {processor.py:153} INFO - Started process (PID=2004) to work on /Users/gabrielroger/Documents/projects/weather-data/.venv/lib/python3.9/site-packages/airflow/example_dags/example_time_delta_sensor_async.py
[2023-03-23 23:01:15,396] {processor.py:641} INFO - Processing file /Users/gabrielroger/Documents/projects/weather-data/.venv/lib/python3.9/site-packages/airflow/example_dags/example_time_delta_sensor_async.py for tasks to queue
[2023-03-23 23:01:15,396] {logging_mixin.py:115} INFO - [2023-03-23 23:01:15,396] {dagbag.py:507} INFO - Filling up the DagBag from /Users/gabrielroger/Documents/projects/weather-data/.venv/lib/python3.9/site-packages/airflow/example_dags/example_time_delta_sensor_async.py
[2023-03-23 23:01:15,404] {processor.py:651} INFO - DAG(s) dict_keys(['example_time_delta_sensor_async']) retrieved from /Users/gabrielroger/Documents/projects/weather-data/.venv/lib/python3.9/site-packages/airflow/example_dags/example_time_delta_sensor_async.py
[2023-03-23 23:01:15,443] {logging_mixin.py:115} INFO - [2023-03-23 23:01:15,443] {dag.py:2379} INFO - Sync 1 DAGs
[2023-03-23 23:01:15,450] {logging_mixin.py:115} INFO - [2023-03-23 23:01:15,450] {dag.py:2927} INFO - Setting next_dagrun for example_time_delta_sensor_async to None, run_after=None
[2023-03-23 23:01:15,455] {processor.py:161} INFO - Processing /Users/gabrielroger/Documents/projects/weather-data/.venv/lib/python3.9/site-packages/airflow/example_dags/example_time_delta_sensor_async.py took 0.060 seconds
[2023-03-23 23:02:07,104] {processor.py:153} INFO - Started process (PID=2054) to work on /Users/gabrielroger/Documents/projects/weather-data/.venv/lib/python3.9/site-packages/airflow/example_dags/example_time_delta_sensor_async.py
[2023-03-23 23:02:07,105] {processor.py:641} INFO - Processing file /Users/gabrielroger/Documents/projects/weather-data/.venv/lib/python3.9/site-packages/airflow/example_dags/example_time_delta_sensor_async.py for tasks to queue
[2023-03-23 23:02:07,105] {logging_mixin.py:115} INFO - [2023-03-23 23:02:07,105] {dagbag.py:507} INFO - Filling up the DagBag from /Users/gabrielroger/Documents/projects/weather-data/.venv/lib/python3.9/site-packages/airflow/example_dags/example_time_delta_sensor_async.py
[2023-03-23 23:02:07,112] {processor.py:651} INFO - DAG(s) dict_keys(['example_time_delta_sensor_async']) retrieved from /Users/gabrielroger/Documents/projects/weather-data/.venv/lib/python3.9/site-packages/airflow/example_dags/example_time_delta_sensor_async.py
[2023-03-23 23:02:07,149] {logging_mixin.py:115} INFO - [2023-03-23 23:02:07,148] {dag.py:2379} INFO - Sync 1 DAGs
[2023-03-23 23:02:07,155] {logging_mixin.py:115} INFO - [2023-03-23 23:02:07,155] {dag.py:2927} INFO - Setting next_dagrun for example_time_delta_sensor_async to None, run_after=None
[2023-03-23 23:02:07,161] {processor.py:161} INFO - Processing /Users/gabrielroger/Documents/projects/weather-data/.venv/lib/python3.9/site-packages/airflow/example_dags/example_time_delta_sensor_async.py took 0.057 seconds
[2023-03-23 23:02:35,233] {processor.py:153} INFO - Started process (PID=2082) to work on /Users/gabrielroger/Documents/projects/weather-data/.venv/lib/python3.9/site-packages/airflow/example_dags/example_time_delta_sensor_async.py
[2023-03-23 23:02:35,234] {processor.py:641} INFO - Processing file /Users/gabrielroger/Documents/projects/weather-data/.venv/lib/python3.9/site-packages/airflow/example_dags/example_time_delta_sensor_async.py for tasks to queue
[2023-03-23 23:02:35,234] {logging_mixin.py:115} INFO - [2023-03-23 23:02:35,234] {dagbag.py:507} INFO - Filling up the DagBag from /Users/gabrielroger/Documents/projects/weather-data/.venv/lib/python3.9/site-packages/airflow/example_dags/example_time_delta_sensor_async.py
[2023-03-23 23:02:35,241] {processor.py:651} INFO - DAG(s) dict_keys(['example_time_delta_sensor_async']) retrieved from /Users/gabrielroger/Documents/projects/weather-data/.venv/lib/python3.9/site-packages/airflow/example_dags/example_time_delta_sensor_async.py
[2023-03-23 23:02:35,277] {logging_mixin.py:115} INFO - [2023-03-23 23:02:35,277] {dag.py:2379} INFO - Sync 1 DAGs
[2023-03-23 23:02:35,284] {logging_mixin.py:115} INFO - [2023-03-23 23:02:35,284] {dag.py:2927} INFO - Setting next_dagrun for example_time_delta_sensor_async to None, run_after=None
[2023-03-23 23:02:35,289] {processor.py:161} INFO - Processing /Users/gabrielroger/Documents/projects/weather-data/.venv/lib/python3.9/site-packages/airflow/example_dags/example_time_delta_sensor_async.py took 0.057 seconds
[2023-03-23 23:03:25,346] {processor.py:153} INFO - Started process (PID=2131) to work on /Users/gabrielroger/Documents/projects/weather-data/.venv/lib/python3.9/site-packages/airflow/example_dags/example_time_delta_sensor_async.py
[2023-03-23 23:03:25,347] {processor.py:641} INFO - Processing file /Users/gabrielroger/Documents/projects/weather-data/.venv/lib/python3.9/site-packages/airflow/example_dags/example_time_delta_sensor_async.py for tasks to queue
[2023-03-23 23:03:25,347] {logging_mixin.py:115} INFO - [2023-03-23 23:03:25,347] {dagbag.py:507} INFO - Filling up the DagBag from /Users/gabrielroger/Documents/projects/weather-data/.venv/lib/python3.9/site-packages/airflow/example_dags/example_time_delta_sensor_async.py
[2023-03-23 23:03:25,354] {processor.py:651} INFO - DAG(s) dict_keys(['example_time_delta_sensor_async']) retrieved from /Users/gabrielroger/Documents/projects/weather-data/.venv/lib/python3.9/site-packages/airflow/example_dags/example_time_delta_sensor_async.py
[2023-03-23 23:03:25,393] {logging_mixin.py:115} INFO - [2023-03-23 23:03:25,393] {dag.py:2379} INFO - Sync 1 DAGs
[2023-03-23 23:03:25,400] {logging_mixin.py:115} INFO - [2023-03-23 23:03:25,400] {dag.py:2927} INFO - Setting next_dagrun for example_time_delta_sensor_async to None, run_after=None
[2023-03-23 23:03:25,405] {processor.py:161} INFO - Processing /Users/gabrielroger/Documents/projects/weather-data/.venv/lib/python3.9/site-packages/airflow/example_dags/example_time_delta_sensor_async.py took 0.060 seconds
[2023-03-23 23:04:14,720] {processor.py:153} INFO - Started process (PID=2169) to work on /Users/gabrielroger/Documents/projects/weather-data/.venv/lib/python3.9/site-packages/airflow/example_dags/example_time_delta_sensor_async.py
[2023-03-23 23:04:14,721] {processor.py:641} INFO - Processing file /Users/gabrielroger/Documents/projects/weather-data/.venv/lib/python3.9/site-packages/airflow/example_dags/example_time_delta_sensor_async.py for tasks to queue
[2023-03-23 23:04:14,721] {logging_mixin.py:115} INFO - [2023-03-23 23:04:14,721] {dagbag.py:507} INFO - Filling up the DagBag from /Users/gabrielroger/Documents/projects/weather-data/.venv/lib/python3.9/site-packages/airflow/example_dags/example_time_delta_sensor_async.py
[2023-03-23 23:04:14,728] {processor.py:651} INFO - DAG(s) dict_keys(['example_time_delta_sensor_async']) retrieved from /Users/gabrielroger/Documents/projects/weather-data/.venv/lib/python3.9/site-packages/airflow/example_dags/example_time_delta_sensor_async.py
[2023-03-23 23:04:14,764] {logging_mixin.py:115} INFO - [2023-03-23 23:04:14,764] {dag.py:2379} INFO - Sync 1 DAGs
[2023-03-23 23:04:14,770] {logging_mixin.py:115} INFO - [2023-03-23 23:04:14,770] {dag.py:2927} INFO - Setting next_dagrun for example_time_delta_sensor_async to None, run_after=None
[2023-03-23 23:04:14,776] {processor.py:161} INFO - Processing /Users/gabrielroger/Documents/projects/weather-data/.venv/lib/python3.9/site-packages/airflow/example_dags/example_time_delta_sensor_async.py took 0.056 seconds
[2023-03-23 23:05:11,183] {processor.py:153} INFO - Started process (PID=2211) to work on /Users/gabrielroger/Documents/projects/weather-data/.venv/lib/python3.9/site-packages/airflow/example_dags/example_time_delta_sensor_async.py
[2023-03-23 23:05:11,184] {processor.py:641} INFO - Processing file /Users/gabrielroger/Documents/projects/weather-data/.venv/lib/python3.9/site-packages/airflow/example_dags/example_time_delta_sensor_async.py for tasks to queue
[2023-03-23 23:05:11,184] {logging_mixin.py:115} INFO - [2023-03-23 23:05:11,184] {dagbag.py:507} INFO - Filling up the DagBag from /Users/gabrielroger/Documents/projects/weather-data/.venv/lib/python3.9/site-packages/airflow/example_dags/example_time_delta_sensor_async.py
[2023-03-23 23:05:11,191] {processor.py:651} INFO - DAG(s) dict_keys(['example_time_delta_sensor_async']) retrieved from /Users/gabrielroger/Documents/projects/weather-data/.venv/lib/python3.9/site-packages/airflow/example_dags/example_time_delta_sensor_async.py
[2023-03-23 23:05:11,223] {logging_mixin.py:115} INFO - [2023-03-23 23:05:11,223] {dag.py:2379} INFO - Sync 1 DAGs
[2023-03-23 23:05:11,230] {logging_mixin.py:115} INFO - [2023-03-23 23:05:11,230] {dag.py:2927} INFO - Setting next_dagrun for example_time_delta_sensor_async to None, run_after=None
[2023-03-23 23:05:11,235] {processor.py:161} INFO - Processing /Users/gabrielroger/Documents/projects/weather-data/.venv/lib/python3.9/site-packages/airflow/example_dags/example_time_delta_sensor_async.py took 0.052 seconds
[2023-03-23 23:05:49,784] {processor.py:153} INFO - Started process (PID=2242) to work on /Users/gabrielroger/Documents/projects/weather-data/.venv/lib/python3.9/site-packages/airflow/example_dags/example_time_delta_sensor_async.py
[2023-03-23 23:05:49,784] {processor.py:641} INFO - Processing file /Users/gabrielroger/Documents/projects/weather-data/.venv/lib/python3.9/site-packages/airflow/example_dags/example_time_delta_sensor_async.py for tasks to queue
[2023-03-23 23:05:49,784] {logging_mixin.py:115} INFO - [2023-03-23 23:05:49,784] {dagbag.py:507} INFO - Filling up the DagBag from /Users/gabrielroger/Documents/projects/weather-data/.venv/lib/python3.9/site-packages/airflow/example_dags/example_time_delta_sensor_async.py
[2023-03-23 23:05:49,790] {processor.py:651} INFO - DAG(s) dict_keys(['example_time_delta_sensor_async']) retrieved from /Users/gabrielroger/Documents/projects/weather-data/.venv/lib/python3.9/site-packages/airflow/example_dags/example_time_delta_sensor_async.py
[2023-03-23 23:05:49,822] {logging_mixin.py:115} INFO - [2023-03-23 23:05:49,822] {dag.py:2379} INFO - Sync 1 DAGs
[2023-03-23 23:05:49,829] {logging_mixin.py:115} INFO - [2023-03-23 23:05:49,829] {dag.py:2927} INFO - Setting next_dagrun for example_time_delta_sensor_async to None, run_after=None
[2023-03-23 23:05:49,834] {processor.py:161} INFO - Processing /Users/gabrielroger/Documents/projects/weather-data/.venv/lib/python3.9/site-packages/airflow/example_dags/example_time_delta_sensor_async.py took 0.051 seconds
[2023-03-23 23:06:38,150] {processor.py:153} INFO - Started process (PID=2291) to work on /Users/gabrielroger/Documents/projects/weather-data/.venv/lib/python3.9/site-packages/airflow/example_dags/example_time_delta_sensor_async.py
[2023-03-23 23:06:38,150] {processor.py:641} INFO - Processing file /Users/gabrielroger/Documents/projects/weather-data/.venv/lib/python3.9/site-packages/airflow/example_dags/example_time_delta_sensor_async.py for tasks to queue
[2023-03-23 23:06:38,151] {logging_mixin.py:115} INFO - [2023-03-23 23:06:38,151] {dagbag.py:507} INFO - Filling up the DagBag from /Users/gabrielroger/Documents/projects/weather-data/.venv/lib/python3.9/site-packages/airflow/example_dags/example_time_delta_sensor_async.py
[2023-03-23 23:06:38,157] {processor.py:651} INFO - DAG(s) dict_keys(['example_time_delta_sensor_async']) retrieved from /Users/gabrielroger/Documents/projects/weather-data/.venv/lib/python3.9/site-packages/airflow/example_dags/example_time_delta_sensor_async.py
[2023-03-23 23:06:38,190] {logging_mixin.py:115} INFO - [2023-03-23 23:06:38,190] {dag.py:2379} INFO - Sync 1 DAGs
[2023-03-23 23:06:38,196] {logging_mixin.py:115} INFO - [2023-03-23 23:06:38,196] {dag.py:2927} INFO - Setting next_dagrun for example_time_delta_sensor_async to None, run_after=None
[2023-03-23 23:06:38,202] {processor.py:161} INFO - Processing /Users/gabrielroger/Documents/projects/weather-data/.venv/lib/python3.9/site-packages/airflow/example_dags/example_time_delta_sensor_async.py took 0.052 seconds
[2023-03-23 23:07:30,186] {processor.py:153} INFO - Started process (PID=2327) to work on /Users/gabrielroger/Documents/projects/weather-data/.venv/lib/python3.9/site-packages/airflow/example_dags/example_time_delta_sensor_async.py
[2023-03-23 23:07:30,187] {processor.py:641} INFO - Processing file /Users/gabrielroger/Documents/projects/weather-data/.venv/lib/python3.9/site-packages/airflow/example_dags/example_time_delta_sensor_async.py for tasks to queue
[2023-03-23 23:07:30,187] {logging_mixin.py:115} INFO - [2023-03-23 23:07:30,187] {dagbag.py:507} INFO - Filling up the DagBag from /Users/gabrielroger/Documents/projects/weather-data/.venv/lib/python3.9/site-packages/airflow/example_dags/example_time_delta_sensor_async.py
[2023-03-23 23:07:30,194] {processor.py:651} INFO - DAG(s) dict_keys(['example_time_delta_sensor_async']) retrieved from /Users/gabrielroger/Documents/projects/weather-data/.venv/lib/python3.9/site-packages/airflow/example_dags/example_time_delta_sensor_async.py
[2023-03-23 23:07:30,227] {logging_mixin.py:115} INFO - [2023-03-23 23:07:30,227] {dag.py:2379} INFO - Sync 1 DAGs
[2023-03-23 23:07:30,233] {logging_mixin.py:115} INFO - [2023-03-23 23:07:30,233] {dag.py:2927} INFO - Setting next_dagrun for example_time_delta_sensor_async to None, run_after=None
[2023-03-23 23:07:30,239] {processor.py:161} INFO - Processing /Users/gabrielroger/Documents/projects/weather-data/.venv/lib/python3.9/site-packages/airflow/example_dags/example_time_delta_sensor_async.py took 0.053 seconds
[2023-03-23 23:07:58,940] {processor.py:153} INFO - Started process (PID=2357) to work on /Users/gabrielroger/Documents/projects/weather-data/.venv/lib/python3.9/site-packages/airflow/example_dags/example_time_delta_sensor_async.py
[2023-03-23 23:07:58,941] {processor.py:641} INFO - Processing file /Users/gabrielroger/Documents/projects/weather-data/.venv/lib/python3.9/site-packages/airflow/example_dags/example_time_delta_sensor_async.py for tasks to queue
[2023-03-23 23:07:58,941] {logging_mixin.py:115} INFO - [2023-03-23 23:07:58,941] {dagbag.py:507} INFO - Filling up the DagBag from /Users/gabrielroger/Documents/projects/weather-data/.venv/lib/python3.9/site-packages/airflow/example_dags/example_time_delta_sensor_async.py
[2023-03-23 23:07:58,949] {processor.py:651} INFO - DAG(s) dict_keys(['example_time_delta_sensor_async']) retrieved from /Users/gabrielroger/Documents/projects/weather-data/.venv/lib/python3.9/site-packages/airflow/example_dags/example_time_delta_sensor_async.py
[2023-03-23 23:07:58,988] {logging_mixin.py:115} INFO - [2023-03-23 23:07:58,988] {dag.py:2379} INFO - Sync 1 DAGs
[2023-03-23 23:07:58,995] {logging_mixin.py:115} INFO - [2023-03-23 23:07:58,995] {dag.py:2927} INFO - Setting next_dagrun for example_time_delta_sensor_async to None, run_after=None
[2023-03-23 23:07:59,001] {processor.py:161} INFO - Processing /Users/gabrielroger/Documents/projects/weather-data/.venv/lib/python3.9/site-packages/airflow/example_dags/example_time_delta_sensor_async.py took 0.061 seconds
[2023-03-23 23:08:50,461] {processor.py:153} INFO - Started process (PID=2400) to work on /Users/gabrielroger/Documents/projects/weather-data/.venv/lib/python3.9/site-packages/airflow/example_dags/example_time_delta_sensor_async.py
[2023-03-23 23:08:50,463] {processor.py:641} INFO - Processing file /Users/gabrielroger/Documents/projects/weather-data/.venv/lib/python3.9/site-packages/airflow/example_dags/example_time_delta_sensor_async.py for tasks to queue
[2023-03-23 23:08:50,463] {logging_mixin.py:115} INFO - [2023-03-23 23:08:50,463] {dagbag.py:507} INFO - Filling up the DagBag from /Users/gabrielroger/Documents/projects/weather-data/.venv/lib/python3.9/site-packages/airflow/example_dags/example_time_delta_sensor_async.py
[2023-03-23 23:08:50,470] {processor.py:651} INFO - DAG(s) dict_keys(['example_time_delta_sensor_async']) retrieved from /Users/gabrielroger/Documents/projects/weather-data/.venv/lib/python3.9/site-packages/airflow/example_dags/example_time_delta_sensor_async.py
[2023-03-23 23:08:50,506] {logging_mixin.py:115} INFO - [2023-03-23 23:08:50,506] {dag.py:2379} INFO - Sync 1 DAGs
[2023-03-23 23:08:50,513] {logging_mixin.py:115} INFO - [2023-03-23 23:08:50,513] {dag.py:2927} INFO - Setting next_dagrun for example_time_delta_sensor_async to None, run_after=None
[2023-03-23 23:08:50,518] {processor.py:161} INFO - Processing /Users/gabrielroger/Documents/projects/weather-data/.venv/lib/python3.9/site-packages/airflow/example_dags/example_time_delta_sensor_async.py took 0.058 seconds
[2023-03-23 23:09:41,432] {processor.py:153} INFO - Started process (PID=2436) to work on /Users/gabrielroger/Documents/projects/weather-data/.venv/lib/python3.9/site-packages/airflow/example_dags/example_time_delta_sensor_async.py
[2023-03-23 23:09:41,432] {processor.py:641} INFO - Processing file /Users/gabrielroger/Documents/projects/weather-data/.venv/lib/python3.9/site-packages/airflow/example_dags/example_time_delta_sensor_async.py for tasks to queue
[2023-03-23 23:09:41,432] {logging_mixin.py:115} INFO - [2023-03-23 23:09:41,432] {dagbag.py:507} INFO - Filling up the DagBag from /Users/gabrielroger/Documents/projects/weather-data/.venv/lib/python3.9/site-packages/airflow/example_dags/example_time_delta_sensor_async.py
[2023-03-23 23:09:41,438] {processor.py:651} INFO - DAG(s) dict_keys(['example_time_delta_sensor_async']) retrieved from /Users/gabrielroger/Documents/projects/weather-data/.venv/lib/python3.9/site-packages/airflow/example_dags/example_time_delta_sensor_async.py
[2023-03-23 23:09:41,471] {logging_mixin.py:115} INFO - [2023-03-23 23:09:41,471] {dag.py:2379} INFO - Sync 1 DAGs
[2023-03-23 23:09:41,477] {logging_mixin.py:115} INFO - [2023-03-23 23:09:41,477] {dag.py:2927} INFO - Setting next_dagrun for example_time_delta_sensor_async to None, run_after=None
[2023-03-23 23:09:41,483] {processor.py:161} INFO - Processing /Users/gabrielroger/Documents/projects/weather-data/.venv/lib/python3.9/site-packages/airflow/example_dags/example_time_delta_sensor_async.py took 0.052 seconds
[2023-03-23 23:10:24,229] {processor.py:153} INFO - Started process (PID=2469) to work on /Users/gabrielroger/Documents/projects/weather-data/.venv/lib/python3.9/site-packages/airflow/example_dags/example_time_delta_sensor_async.py
[2023-03-23 23:10:24,230] {processor.py:641} INFO - Processing file /Users/gabrielroger/Documents/projects/weather-data/.venv/lib/python3.9/site-packages/airflow/example_dags/example_time_delta_sensor_async.py for tasks to queue
[2023-03-23 23:10:24,230] {logging_mixin.py:115} INFO - [2023-03-23 23:10:24,230] {dagbag.py:507} INFO - Filling up the DagBag from /Users/gabrielroger/Documents/projects/weather-data/.venv/lib/python3.9/site-packages/airflow/example_dags/example_time_delta_sensor_async.py
[2023-03-23 23:10:24,236] {processor.py:651} INFO - DAG(s) dict_keys(['example_time_delta_sensor_async']) retrieved from /Users/gabrielroger/Documents/projects/weather-data/.venv/lib/python3.9/site-packages/airflow/example_dags/example_time_delta_sensor_async.py
[2023-03-23 23:10:24,268] {logging_mixin.py:115} INFO - [2023-03-23 23:10:24,268] {dag.py:2379} INFO - Sync 1 DAGs
[2023-03-23 23:10:24,274] {logging_mixin.py:115} INFO - [2023-03-23 23:10:24,274] {dag.py:2927} INFO - Setting next_dagrun for example_time_delta_sensor_async to None, run_after=None
[2023-03-23 23:10:24,280] {processor.py:161} INFO - Processing /Users/gabrielroger/Documents/projects/weather-data/.venv/lib/python3.9/site-packages/airflow/example_dags/example_time_delta_sensor_async.py took 0.050 seconds
[2023-03-23 23:11:08,328] {processor.py:153} INFO - Started process (PID=2502) to work on /Users/gabrielroger/Documents/projects/weather-data/.venv/lib/python3.9/site-packages/airflow/example_dags/example_time_delta_sensor_async.py
[2023-03-23 23:11:08,329] {processor.py:641} INFO - Processing file /Users/gabrielroger/Documents/projects/weather-data/.venv/lib/python3.9/site-packages/airflow/example_dags/example_time_delta_sensor_async.py for tasks to queue
[2023-03-23 23:11:08,329] {logging_mixin.py:115} INFO - [2023-03-23 23:11:08,329] {dagbag.py:507} INFO - Filling up the DagBag from /Users/gabrielroger/Documents/projects/weather-data/.venv/lib/python3.9/site-packages/airflow/example_dags/example_time_delta_sensor_async.py
[2023-03-23 23:11:08,336] {processor.py:651} INFO - DAG(s) dict_keys(['example_time_delta_sensor_async']) retrieved from /Users/gabrielroger/Documents/projects/weather-data/.venv/lib/python3.9/site-packages/airflow/example_dags/example_time_delta_sensor_async.py
[2023-03-23 23:11:08,376] {logging_mixin.py:115} INFO - [2023-03-23 23:11:08,376] {dag.py:2379} INFO - Sync 1 DAGs
[2023-03-23 23:11:08,383] {logging_mixin.py:115} INFO - [2023-03-23 23:11:08,383] {dag.py:2927} INFO - Setting next_dagrun for example_time_delta_sensor_async to None, run_after=None
[2023-03-23 23:11:08,388] {processor.py:161} INFO - Processing /Users/gabrielroger/Documents/projects/weather-data/.venv/lib/python3.9/site-packages/airflow/example_dags/example_time_delta_sensor_async.py took 0.061 seconds
