[2023-03-23 22:57:31,570] {processor.py:153} INFO - Started process (PID=1823) to work on /Users/gabrielroger/Documents/projects/weather-data/.venv/lib/python3.9/site-packages/airflow/example_dags/example_task_group.py
[2023-03-23 22:57:31,570] {processor.py:641} INFO - Processing file /Users/gabrielroger/Documents/projects/weather-data/.venv/lib/python3.9/site-packages/airflow/example_dags/example_task_group.py for tasks to queue
[2023-03-23 22:57:31,570] {logging_mixin.py:115} INFO - [2023-03-23 22:57:31,570] {dagbag.py:507} INFO - Filling up the DagBag from /Users/gabrielroger/Documents/projects/weather-data/.venv/lib/python3.9/site-packages/airflow/example_dags/example_task_group.py
[2023-03-23 22:57:31,578] {processor.py:651} INFO - DAG(s) dict_keys(['example_task_group']) retrieved from /Users/gabrielroger/Documents/projects/weather-data/.venv/lib/python3.9/site-packages/airflow/example_dags/example_task_group.py
[2023-03-23 22:57:31,607] {logging_mixin.py:115} INFO - [2023-03-23 22:57:31,607] {dag.py:2379} INFO - Sync 1 DAGs
[2023-03-23 22:57:31,614] {logging_mixin.py:115} INFO - [2023-03-23 22:57:31,614] {dag.py:2927} INFO - Setting next_dagrun for example_task_group to 2023-03-23T01:57:31.614346+00:00, run_after=2023-03-24T01:57:31.614346+00:00
[2023-03-23 22:57:31,619] {processor.py:161} INFO - Processing /Users/gabrielroger/Documents/projects/weather-data/.venv/lib/python3.9/site-packages/airflow/example_dags/example_task_group.py took 0.050 seconds
[2023-03-23 22:58:21,542] {processor.py:153} INFO - Started process (PID=1861) to work on /Users/gabrielroger/Documents/projects/weather-data/.venv/lib/python3.9/site-packages/airflow/example_dags/example_task_group.py
[2023-03-23 22:58:21,543] {processor.py:641} INFO - Processing file /Users/gabrielroger/Documents/projects/weather-data/.venv/lib/python3.9/site-packages/airflow/example_dags/example_task_group.py for tasks to queue
[2023-03-23 22:58:21,543] {logging_mixin.py:115} INFO - [2023-03-23 22:58:21,543] {dagbag.py:507} INFO - Filling up the DagBag from /Users/gabrielroger/Documents/projects/weather-data/.venv/lib/python3.9/site-packages/airflow/example_dags/example_task_group.py
[2023-03-23 22:58:21,551] {processor.py:651} INFO - DAG(s) dict_keys(['example_task_group']) retrieved from /Users/gabrielroger/Documents/projects/weather-data/.venv/lib/python3.9/site-packages/airflow/example_dags/example_task_group.py
[2023-03-23 22:58:21,580] {logging_mixin.py:115} INFO - [2023-03-23 22:58:21,580] {dag.py:2379} INFO - Sync 1 DAGs
[2023-03-23 22:58:21,587] {logging_mixin.py:115} INFO - [2023-03-23 22:58:21,587] {dag.py:2927} INFO - Setting next_dagrun for example_task_group to 2023-03-23T01:58:21.587190+00:00, run_after=2023-03-24T01:58:21.587190+00:00
[2023-03-23 22:58:21,592] {processor.py:161} INFO - Processing /Users/gabrielroger/Documents/projects/weather-data/.venv/lib/python3.9/site-packages/airflow/example_dags/example_task_group.py took 0.050 seconds
[2023-03-23 22:59:11,618] {processor.py:153} INFO - Started process (PID=1903) to work on /Users/gabrielroger/Documents/projects/weather-data/.venv/lib/python3.9/site-packages/airflow/example_dags/example_task_group.py
[2023-03-23 22:59:11,619] {processor.py:641} INFO - Processing file /Users/gabrielroger/Documents/projects/weather-data/.venv/lib/python3.9/site-packages/airflow/example_dags/example_task_group.py for tasks to queue
[2023-03-23 22:59:11,619] {logging_mixin.py:115} INFO - [2023-03-23 22:59:11,619] {dagbag.py:507} INFO - Filling up the DagBag from /Users/gabrielroger/Documents/projects/weather-data/.venv/lib/python3.9/site-packages/airflow/example_dags/example_task_group.py
[2023-03-23 22:59:11,626] {processor.py:651} INFO - DAG(s) dict_keys(['example_task_group']) retrieved from /Users/gabrielroger/Documents/projects/weather-data/.venv/lib/python3.9/site-packages/airflow/example_dags/example_task_group.py
[2023-03-23 22:59:11,657] {logging_mixin.py:115} INFO - [2023-03-23 22:59:11,657] {dag.py:2379} INFO - Sync 1 DAGs
[2023-03-23 22:59:11,664] {logging_mixin.py:115} INFO - [2023-03-23 22:59:11,664] {dag.py:2927} INFO - Setting next_dagrun for example_task_group to 2023-03-23T01:59:11.664097+00:00, run_after=2023-03-24T01:59:11.664097+00:00
[2023-03-23 22:59:11,669] {processor.py:161} INFO - Processing /Users/gabrielroger/Documents/projects/weather-data/.venv/lib/python3.9/site-packages/airflow/example_dags/example_task_group.py took 0.051 seconds
[2023-03-23 22:59:52,182] {processor.py:153} INFO - Started process (PID=1934) to work on /Users/gabrielroger/Documents/projects/weather-data/.venv/lib/python3.9/site-packages/airflow/example_dags/example_task_group.py
[2023-03-23 22:59:52,183] {processor.py:641} INFO - Processing file /Users/gabrielroger/Documents/projects/weather-data/.venv/lib/python3.9/site-packages/airflow/example_dags/example_task_group.py for tasks to queue
[2023-03-23 22:59:52,183] {logging_mixin.py:115} INFO - [2023-03-23 22:59:52,183] {dagbag.py:507} INFO - Filling up the DagBag from /Users/gabrielroger/Documents/projects/weather-data/.venv/lib/python3.9/site-packages/airflow/example_dags/example_task_group.py
[2023-03-23 22:59:52,190] {processor.py:651} INFO - DAG(s) dict_keys(['example_task_group']) retrieved from /Users/gabrielroger/Documents/projects/weather-data/.venv/lib/python3.9/site-packages/airflow/example_dags/example_task_group.py
[2023-03-23 22:59:52,220] {logging_mixin.py:115} INFO - [2023-03-23 22:59:52,220] {dag.py:2379} INFO - Sync 1 DAGs
[2023-03-23 22:59:52,227] {logging_mixin.py:115} INFO - [2023-03-23 22:59:52,227] {dag.py:2927} INFO - Setting next_dagrun for example_task_group to 2023-03-23T01:59:52.227062+00:00, run_after=2023-03-24T01:59:52.227062+00:00
[2023-03-23 22:59:52,232] {processor.py:161} INFO - Processing /Users/gabrielroger/Documents/projects/weather-data/.venv/lib/python3.9/site-packages/airflow/example_dags/example_task_group.py took 0.050 seconds
[2023-03-23 23:00:25,867] {processor.py:153} INFO - Started process (PID=1970) to work on /Users/gabrielroger/Documents/projects/weather-data/.venv/lib/python3.9/site-packages/airflow/example_dags/example_task_group.py
[2023-03-23 23:00:25,868] {processor.py:641} INFO - Processing file /Users/gabrielroger/Documents/projects/weather-data/.venv/lib/python3.9/site-packages/airflow/example_dags/example_task_group.py for tasks to queue
[2023-03-23 23:00:25,868] {logging_mixin.py:115} INFO - [2023-03-23 23:00:25,868] {dagbag.py:507} INFO - Filling up the DagBag from /Users/gabrielroger/Documents/projects/weather-data/.venv/lib/python3.9/site-packages/airflow/example_dags/example_task_group.py
[2023-03-23 23:00:25,875] {processor.py:651} INFO - DAG(s) dict_keys(['example_task_group']) retrieved from /Users/gabrielroger/Documents/projects/weather-data/.venv/lib/python3.9/site-packages/airflow/example_dags/example_task_group.py
[2023-03-23 23:00:25,905] {logging_mixin.py:115} INFO - [2023-03-23 23:00:25,905] {dag.py:2379} INFO - Sync 1 DAGs
[2023-03-23 23:00:25,912] {logging_mixin.py:115} INFO - [2023-03-23 23:00:25,912] {dag.py:2927} INFO - Setting next_dagrun for example_task_group to 2023-03-23T02:00:25.912012+00:00, run_after=2023-03-24T02:00:25.912012+00:00
[2023-03-23 23:00:25,917] {processor.py:161} INFO - Processing /Users/gabrielroger/Documents/projects/weather-data/.venv/lib/python3.9/site-packages/airflow/example_dags/example_task_group.py took 0.050 seconds
[2023-03-23 23:01:18,916] {processor.py:153} INFO - Started process (PID=2006) to work on /Users/gabrielroger/Documents/projects/weather-data/.venv/lib/python3.9/site-packages/airflow/example_dags/example_task_group.py
[2023-03-23 23:01:18,917] {processor.py:641} INFO - Processing file /Users/gabrielroger/Documents/projects/weather-data/.venv/lib/python3.9/site-packages/airflow/example_dags/example_task_group.py for tasks to queue
[2023-03-23 23:01:18,917] {logging_mixin.py:115} INFO - [2023-03-23 23:01:18,917] {dagbag.py:507} INFO - Filling up the DagBag from /Users/gabrielroger/Documents/projects/weather-data/.venv/lib/python3.9/site-packages/airflow/example_dags/example_task_group.py
[2023-03-23 23:01:18,925] {processor.py:651} INFO - DAG(s) dict_keys(['example_task_group']) retrieved from /Users/gabrielroger/Documents/projects/weather-data/.venv/lib/python3.9/site-packages/airflow/example_dags/example_task_group.py
[2023-03-23 23:01:18,955] {logging_mixin.py:115} INFO - [2023-03-23 23:01:18,955] {dag.py:2379} INFO - Sync 1 DAGs
[2023-03-23 23:01:18,962] {logging_mixin.py:115} INFO - [2023-03-23 23:01:18,962] {dag.py:2927} INFO - Setting next_dagrun for example_task_group to 2023-03-23T02:01:18.962508+00:00, run_after=2023-03-24T02:01:18.962508+00:00
[2023-03-23 23:01:18,968] {processor.py:161} INFO - Processing /Users/gabrielroger/Documents/projects/weather-data/.venv/lib/python3.9/site-packages/airflow/example_dags/example_task_group.py took 0.052 seconds
[2023-03-23 23:02:38,362] {processor.py:153} INFO - Started process (PID=2084) to work on /Users/gabrielroger/Documents/projects/weather-data/.venv/lib/python3.9/site-packages/airflow/example_dags/example_task_group.py
[2023-03-23 23:02:38,363] {processor.py:641} INFO - Processing file /Users/gabrielroger/Documents/projects/weather-data/.venv/lib/python3.9/site-packages/airflow/example_dags/example_task_group.py for tasks to queue
[2023-03-23 23:02:38,363] {logging_mixin.py:115} INFO - [2023-03-23 23:02:38,363] {dagbag.py:507} INFO - Filling up the DagBag from /Users/gabrielroger/Documents/projects/weather-data/.venv/lib/python3.9/site-packages/airflow/example_dags/example_task_group.py
[2023-03-23 23:02:38,370] {processor.py:651} INFO - DAG(s) dict_keys(['example_task_group']) retrieved from /Users/gabrielroger/Documents/projects/weather-data/.venv/lib/python3.9/site-packages/airflow/example_dags/example_task_group.py
[2023-03-23 23:02:38,401] {logging_mixin.py:115} INFO - [2023-03-23 23:02:38,401] {dag.py:2379} INFO - Sync 1 DAGs
[2023-03-23 23:02:38,408] {logging_mixin.py:115} INFO - [2023-03-23 23:02:38,408] {dag.py:2927} INFO - Setting next_dagrun for example_task_group to 2023-03-23T02:02:38.408091+00:00, run_after=2023-03-24T02:02:38.408091+00:00
[2023-03-23 23:02:38,413] {processor.py:161} INFO - Processing /Users/gabrielroger/Documents/projects/weather-data/.venv/lib/python3.9/site-packages/airflow/example_dags/example_task_group.py took 0.052 seconds
[2023-03-23 23:03:28,818] {processor.py:153} INFO - Started process (PID=2133) to work on /Users/gabrielroger/Documents/projects/weather-data/.venv/lib/python3.9/site-packages/airflow/example_dags/example_task_group.py
[2023-03-23 23:03:28,819] {processor.py:641} INFO - Processing file /Users/gabrielroger/Documents/projects/weather-data/.venv/lib/python3.9/site-packages/airflow/example_dags/example_task_group.py for tasks to queue
[2023-03-23 23:03:28,819] {logging_mixin.py:115} INFO - [2023-03-23 23:03:28,819] {dagbag.py:507} INFO - Filling up the DagBag from /Users/gabrielroger/Documents/projects/weather-data/.venv/lib/python3.9/site-packages/airflow/example_dags/example_task_group.py
[2023-03-23 23:03:28,827] {processor.py:651} INFO - DAG(s) dict_keys(['example_task_group']) retrieved from /Users/gabrielroger/Documents/projects/weather-data/.venv/lib/python3.9/site-packages/airflow/example_dags/example_task_group.py
[2023-03-23 23:03:28,857] {logging_mixin.py:115} INFO - [2023-03-23 23:03:28,857] {dag.py:2379} INFO - Sync 1 DAGs
[2023-03-23 23:03:28,864] {logging_mixin.py:115} INFO - [2023-03-23 23:03:28,864] {dag.py:2927} INFO - Setting next_dagrun for example_task_group to 2023-03-23T02:03:28.863946+00:00, run_after=2023-03-24T02:03:28.863946+00:00
[2023-03-23 23:03:28,869] {processor.py:161} INFO - Processing /Users/gabrielroger/Documents/projects/weather-data/.venv/lib/python3.9/site-packages/airflow/example_dags/example_task_group.py took 0.051 seconds
[2023-03-23 23:04:17,504] {processor.py:153} INFO - Started process (PID=2171) to work on /Users/gabrielroger/Documents/projects/weather-data/.venv/lib/python3.9/site-packages/airflow/example_dags/example_task_group.py
[2023-03-23 23:04:17,505] {processor.py:641} INFO - Processing file /Users/gabrielroger/Documents/projects/weather-data/.venv/lib/python3.9/site-packages/airflow/example_dags/example_task_group.py for tasks to queue
[2023-03-23 23:04:17,505] {logging_mixin.py:115} INFO - [2023-03-23 23:04:17,505] {dagbag.py:507} INFO - Filling up the DagBag from /Users/gabrielroger/Documents/projects/weather-data/.venv/lib/python3.9/site-packages/airflow/example_dags/example_task_group.py
[2023-03-23 23:04:17,513] {processor.py:651} INFO - DAG(s) dict_keys(['example_task_group']) retrieved from /Users/gabrielroger/Documents/projects/weather-data/.venv/lib/python3.9/site-packages/airflow/example_dags/example_task_group.py
[2023-03-23 23:04:17,544] {logging_mixin.py:115} INFO - [2023-03-23 23:04:17,544] {dag.py:2379} INFO - Sync 1 DAGs
[2023-03-23 23:04:17,551] {logging_mixin.py:115} INFO - [2023-03-23 23:04:17,550] {dag.py:2927} INFO - Setting next_dagrun for example_task_group to 2023-03-23T02:04:17.550890+00:00, run_after=2023-03-24T02:04:17.550890+00:00
[2023-03-23 23:04:17,556] {processor.py:161} INFO - Processing /Users/gabrielroger/Documents/projects/weather-data/.venv/lib/python3.9/site-packages/airflow/example_dags/example_task_group.py took 0.053 seconds
[2023-03-23 23:05:13,921] {processor.py:153} INFO - Started process (PID=2213) to work on /Users/gabrielroger/Documents/projects/weather-data/.venv/lib/python3.9/site-packages/airflow/example_dags/example_task_group.py
[2023-03-23 23:05:13,922] {processor.py:641} INFO - Processing file /Users/gabrielroger/Documents/projects/weather-data/.venv/lib/python3.9/site-packages/airflow/example_dags/example_task_group.py for tasks to queue
[2023-03-23 23:05:13,922] {logging_mixin.py:115} INFO - [2023-03-23 23:05:13,922] {dagbag.py:507} INFO - Filling up the DagBag from /Users/gabrielroger/Documents/projects/weather-data/.venv/lib/python3.9/site-packages/airflow/example_dags/example_task_group.py
[2023-03-23 23:05:13,929] {processor.py:651} INFO - DAG(s) dict_keys(['example_task_group']) retrieved from /Users/gabrielroger/Documents/projects/weather-data/.venv/lib/python3.9/site-packages/airflow/example_dags/example_task_group.py
[2023-03-23 23:05:13,959] {logging_mixin.py:115} INFO - [2023-03-23 23:05:13,959] {dag.py:2379} INFO - Sync 1 DAGs
[2023-03-23 23:05:13,966] {logging_mixin.py:115} INFO - [2023-03-23 23:05:13,966] {dag.py:2927} INFO - Setting next_dagrun for example_task_group to 2023-03-23T02:05:13.966161+00:00, run_after=2023-03-24T02:05:13.966161+00:00
[2023-03-23 23:05:13,971] {processor.py:161} INFO - Processing /Users/gabrielroger/Documents/projects/weather-data/.venv/lib/python3.9/site-packages/airflow/example_dags/example_task_group.py took 0.050 seconds
[2023-03-23 23:06:40,639] {processor.py:153} INFO - Started process (PID=2293) to work on /Users/gabrielroger/Documents/projects/weather-data/.venv/lib/python3.9/site-packages/airflow/example_dags/example_task_group.py
[2023-03-23 23:06:40,639] {processor.py:641} INFO - Processing file /Users/gabrielroger/Documents/projects/weather-data/.venv/lib/python3.9/site-packages/airflow/example_dags/example_task_group.py for tasks to queue
[2023-03-23 23:06:40,640] {logging_mixin.py:115} INFO - [2023-03-23 23:06:40,639] {dagbag.py:507} INFO - Filling up the DagBag from /Users/gabrielroger/Documents/projects/weather-data/.venv/lib/python3.9/site-packages/airflow/example_dags/example_task_group.py
[2023-03-23 23:06:40,647] {processor.py:651} INFO - DAG(s) dict_keys(['example_task_group']) retrieved from /Users/gabrielroger/Documents/projects/weather-data/.venv/lib/python3.9/site-packages/airflow/example_dags/example_task_group.py
[2023-03-23 23:06:40,677] {logging_mixin.py:115} INFO - [2023-03-23 23:06:40,677] {dag.py:2379} INFO - Sync 1 DAGs
[2023-03-23 23:06:40,684] {logging_mixin.py:115} INFO - [2023-03-23 23:06:40,684] {dag.py:2927} INFO - Setting next_dagrun for example_task_group to 2023-03-23T02:06:40.684112+00:00, run_after=2023-03-24T02:06:40.684112+00:00
[2023-03-23 23:06:40,689] {processor.py:161} INFO - Processing /Users/gabrielroger/Documents/projects/weather-data/.venv/lib/python3.9/site-packages/airflow/example_dags/example_task_group.py took 0.051 seconds
[2023-03-23 23:07:33,635] {processor.py:153} INFO - Started process (PID=2329) to work on /Users/gabrielroger/Documents/projects/weather-data/.venv/lib/python3.9/site-packages/airflow/example_dags/example_task_group.py
[2023-03-23 23:07:33,636] {processor.py:641} INFO - Processing file /Users/gabrielroger/Documents/projects/weather-data/.venv/lib/python3.9/site-packages/airflow/example_dags/example_task_group.py for tasks to queue
[2023-03-23 23:07:33,637] {logging_mixin.py:115} INFO - [2023-03-23 23:07:33,637] {dagbag.py:507} INFO - Filling up the DagBag from /Users/gabrielroger/Documents/projects/weather-data/.venv/lib/python3.9/site-packages/airflow/example_dags/example_task_group.py
[2023-03-23 23:07:33,644] {processor.py:651} INFO - DAG(s) dict_keys(['example_task_group']) retrieved from /Users/gabrielroger/Documents/projects/weather-data/.venv/lib/python3.9/site-packages/airflow/example_dags/example_task_group.py
[2023-03-23 23:07:33,674] {logging_mixin.py:115} INFO - [2023-03-23 23:07:33,674] {dag.py:2379} INFO - Sync 1 DAGs
[2023-03-23 23:07:33,681] {logging_mixin.py:115} INFO - [2023-03-23 23:07:33,681] {dag.py:2927} INFO - Setting next_dagrun for example_task_group to 2023-03-23T02:07:33.681611+00:00, run_after=2023-03-24T02:07:33.681611+00:00
[2023-03-23 23:07:33,687] {processor.py:161} INFO - Processing /Users/gabrielroger/Documents/projects/weather-data/.venv/lib/python3.9/site-packages/airflow/example_dags/example_task_group.py took 0.052 seconds
[2023-03-23 23:08:02,178] {processor.py:153} INFO - Started process (PID=2361) to work on /Users/gabrielroger/Documents/projects/weather-data/.venv/lib/python3.9/site-packages/airflow/example_dags/example_task_group.py
[2023-03-23 23:08:02,179] {processor.py:641} INFO - Processing file /Users/gabrielroger/Documents/projects/weather-data/.venv/lib/python3.9/site-packages/airflow/example_dags/example_task_group.py for tasks to queue
[2023-03-23 23:08:02,179] {logging_mixin.py:115} INFO - [2023-03-23 23:08:02,179] {dagbag.py:507} INFO - Filling up the DagBag from /Users/gabrielroger/Documents/projects/weather-data/.venv/lib/python3.9/site-packages/airflow/example_dags/example_task_group.py
[2023-03-23 23:08:02,187] {processor.py:651} INFO - DAG(s) dict_keys(['example_task_group']) retrieved from /Users/gabrielroger/Documents/projects/weather-data/.venv/lib/python3.9/site-packages/airflow/example_dags/example_task_group.py
[2023-03-23 23:08:02,219] {logging_mixin.py:115} INFO - [2023-03-23 23:08:02,219] {dag.py:2379} INFO - Sync 1 DAGs
[2023-03-23 23:08:02,228] {logging_mixin.py:115} INFO - [2023-03-23 23:08:02,227] {dag.py:2927} INFO - Setting next_dagrun for example_task_group to 2023-03-23T02:08:02.227876+00:00, run_after=2023-03-24T02:08:02.227876+00:00
[2023-03-23 23:08:02,233] {processor.py:161} INFO - Processing /Users/gabrielroger/Documents/projects/weather-data/.venv/lib/python3.9/site-packages/airflow/example_dags/example_task_group.py took 0.056 seconds
[2023-03-23 23:08:53,957] {processor.py:153} INFO - Started process (PID=2402) to work on /Users/gabrielroger/Documents/projects/weather-data/.venv/lib/python3.9/site-packages/airflow/example_dags/example_task_group.py
[2023-03-23 23:08:53,958] {processor.py:641} INFO - Processing file /Users/gabrielroger/Documents/projects/weather-data/.venv/lib/python3.9/site-packages/airflow/example_dags/example_task_group.py for tasks to queue
[2023-03-23 23:08:53,958] {logging_mixin.py:115} INFO - [2023-03-23 23:08:53,958] {dagbag.py:507} INFO - Filling up the DagBag from /Users/gabrielroger/Documents/projects/weather-data/.venv/lib/python3.9/site-packages/airflow/example_dags/example_task_group.py
[2023-03-23 23:08:53,966] {processor.py:651} INFO - DAG(s) dict_keys(['example_task_group']) retrieved from /Users/gabrielroger/Documents/projects/weather-data/.venv/lib/python3.9/site-packages/airflow/example_dags/example_task_group.py
[2023-03-23 23:08:53,997] {logging_mixin.py:115} INFO - [2023-03-23 23:08:53,997] {dag.py:2379} INFO - Sync 1 DAGs
[2023-03-23 23:08:54,004] {logging_mixin.py:115} INFO - [2023-03-23 23:08:54,004] {dag.py:2927} INFO - Setting next_dagrun for example_task_group to 2023-03-23T02:08:54.004264+00:00, run_after=2023-03-24T02:08:54.004264+00:00
[2023-03-23 23:08:54,009] {processor.py:161} INFO - Processing /Users/gabrielroger/Documents/projects/weather-data/.venv/lib/python3.9/site-packages/airflow/example_dags/example_task_group.py took 0.052 seconds
[2023-03-23 23:09:44,914] {processor.py:153} INFO - Started process (PID=2438) to work on /Users/gabrielroger/Documents/projects/weather-data/.venv/lib/python3.9/site-packages/airflow/example_dags/example_task_group.py
[2023-03-23 23:09:44,914] {processor.py:641} INFO - Processing file /Users/gabrielroger/Documents/projects/weather-data/.venv/lib/python3.9/site-packages/airflow/example_dags/example_task_group.py for tasks to queue
[2023-03-23 23:09:44,914] {logging_mixin.py:115} INFO - [2023-03-23 23:09:44,914] {dagbag.py:507} INFO - Filling up the DagBag from /Users/gabrielroger/Documents/projects/weather-data/.venv/lib/python3.9/site-packages/airflow/example_dags/example_task_group.py
[2023-03-23 23:09:44,922] {processor.py:651} INFO - DAG(s) dict_keys(['example_task_group']) retrieved from /Users/gabrielroger/Documents/projects/weather-data/.venv/lib/python3.9/site-packages/airflow/example_dags/example_task_group.py
[2023-03-23 23:09:44,952] {logging_mixin.py:115} INFO - [2023-03-23 23:09:44,952] {dag.py:2379} INFO - Sync 1 DAGs
[2023-03-23 23:09:44,959] {logging_mixin.py:115} INFO - [2023-03-23 23:09:44,959] {dag.py:2927} INFO - Setting next_dagrun for example_task_group to 2023-03-23T02:09:44.959052+00:00, run_after=2023-03-24T02:09:44.959052+00:00
[2023-03-23 23:09:44,964] {processor.py:161} INFO - Processing /Users/gabrielroger/Documents/projects/weather-data/.venv/lib/python3.9/site-packages/airflow/example_dags/example_task_group.py took 0.051 seconds
[2023-03-23 23:10:26,992] {processor.py:153} INFO - Started process (PID=2471) to work on /Users/gabrielroger/Documents/projects/weather-data/.venv/lib/python3.9/site-packages/airflow/example_dags/example_task_group.py
[2023-03-23 23:10:26,992] {processor.py:641} INFO - Processing file /Users/gabrielroger/Documents/projects/weather-data/.venv/lib/python3.9/site-packages/airflow/example_dags/example_task_group.py for tasks to queue
[2023-03-23 23:10:26,992] {logging_mixin.py:115} INFO - [2023-03-23 23:10:26,992] {dagbag.py:507} INFO - Filling up the DagBag from /Users/gabrielroger/Documents/projects/weather-data/.venv/lib/python3.9/site-packages/airflow/example_dags/example_task_group.py
[2023-03-23 23:10:27,002] {processor.py:651} INFO - DAG(s) dict_keys(['example_task_group']) retrieved from /Users/gabrielroger/Documents/projects/weather-data/.venv/lib/python3.9/site-packages/airflow/example_dags/example_task_group.py
[2023-03-23 23:10:27,034] {logging_mixin.py:115} INFO - [2023-03-23 23:10:27,034] {dag.py:2379} INFO - Sync 1 DAGs
[2023-03-23 23:10:27,041] {logging_mixin.py:115} INFO - [2023-03-23 23:10:27,041] {dag.py:2927} INFO - Setting next_dagrun for example_task_group to 2023-03-23T02:10:27.041428+00:00, run_after=2023-03-24T02:10:27.041428+00:00
[2023-03-23 23:10:27,047] {processor.py:161} INFO - Processing /Users/gabrielroger/Documents/projects/weather-data/.venv/lib/python3.9/site-packages/airflow/example_dags/example_task_group.py took 0.056 seconds
[2023-03-23 23:11:10,292] {processor.py:153} INFO - Started process (PID=2504) to work on /Users/gabrielroger/Documents/projects/weather-data/.venv/lib/python3.9/site-packages/airflow/example_dags/example_task_group.py
[2023-03-23 23:11:10,292] {processor.py:641} INFO - Processing file /Users/gabrielroger/Documents/projects/weather-data/.venv/lib/python3.9/site-packages/airflow/example_dags/example_task_group.py for tasks to queue
[2023-03-23 23:11:10,293] {logging_mixin.py:115} INFO - [2023-03-23 23:11:10,293] {dagbag.py:507} INFO - Filling up the DagBag from /Users/gabrielroger/Documents/projects/weather-data/.venv/lib/python3.9/site-packages/airflow/example_dags/example_task_group.py
[2023-03-23 23:11:10,300] {processor.py:651} INFO - DAG(s) dict_keys(['example_task_group']) retrieved from /Users/gabrielroger/Documents/projects/weather-data/.venv/lib/python3.9/site-packages/airflow/example_dags/example_task_group.py
[2023-03-23 23:11:10,330] {logging_mixin.py:115} INFO - [2023-03-23 23:11:10,330] {dag.py:2379} INFO - Sync 1 DAGs
[2023-03-23 23:11:10,337] {logging_mixin.py:115} INFO - [2023-03-23 23:11:10,337] {dag.py:2927} INFO - Setting next_dagrun for example_task_group to 2023-03-23T02:11:10.337474+00:00, run_after=2023-03-24T02:11:10.337474+00:00
[2023-03-23 23:11:10,343] {processor.py:161} INFO - Processing /Users/gabrielroger/Documents/projects/weather-data/.venv/lib/python3.9/site-packages/airflow/example_dags/example_task_group.py took 0.051 seconds
