[2023-03-23 22:57:48,118] {processor.py:153} INFO - Started process (PID=1835) to work on /Users/gabrielroger/Documents/projects/weather-data/.venv/lib/python3.9/site-packages/airflow/example_dags/example_external_task_marker_dag.py
[2023-03-23 22:57:48,118] {processor.py:641} INFO - Processing file /Users/gabrielroger/Documents/projects/weather-data/.venv/lib/python3.9/site-packages/airflow/example_dags/example_external_task_marker_dag.py for tasks to queue
[2023-03-23 22:57:48,118] {logging_mixin.py:115} INFO - [2023-03-23 22:57:48,118] {dagbag.py:507} INFO - Filling up the DagBag from /Users/gabrielroger/Documents/projects/weather-data/.venv/lib/python3.9/site-packages/airflow/example_dags/example_external_task_marker_dag.py
[2023-03-23 22:57:48,125] {processor.py:651} INFO - DAG(s) dict_keys(['example_external_task_marker_parent', 'example_external_task_marker_child']) retrieved from /Users/gabrielroger/Documents/projects/weather-data/.venv/lib/python3.9/site-packages/airflow/example_dags/example_external_task_marker_dag.py
[2023-03-23 22:57:48,162] {logging_mixin.py:115} INFO - [2023-03-23 22:57:48,162] {dag.py:2379} INFO - Sync 2 DAGs
[2023-03-23 22:57:48,169] {logging_mixin.py:115} INFO - [2023-03-23 22:57:48,169] {dag.py:2927} INFO - Setting next_dagrun for example_external_task_marker_child to None, run_after=None
[2023-03-23 22:57:48,169] {logging_mixin.py:115} INFO - [2023-03-23 22:57:48,169] {dag.py:2927} INFO - Setting next_dagrun for example_external_task_marker_parent to None, run_after=None
[2023-03-23 22:57:48,174] {processor.py:161} INFO - Processing /Users/gabrielroger/Documents/projects/weather-data/.venv/lib/python3.9/site-packages/airflow/example_dags/example_external_task_marker_dag.py took 0.057 seconds
[2023-03-23 22:58:38,327] {processor.py:153} INFO - Started process (PID=1874) to work on /Users/gabrielroger/Documents/projects/weather-data/.venv/lib/python3.9/site-packages/airflow/example_dags/example_external_task_marker_dag.py
[2023-03-23 22:58:38,328] {processor.py:641} INFO - Processing file /Users/gabrielroger/Documents/projects/weather-data/.venv/lib/python3.9/site-packages/airflow/example_dags/example_external_task_marker_dag.py for tasks to queue
[2023-03-23 22:58:38,328] {logging_mixin.py:115} INFO - [2023-03-23 22:58:38,328] {dagbag.py:507} INFO - Filling up the DagBag from /Users/gabrielroger/Documents/projects/weather-data/.venv/lib/python3.9/site-packages/airflow/example_dags/example_external_task_marker_dag.py
[2023-03-23 22:58:38,335] {processor.py:651} INFO - DAG(s) dict_keys(['example_external_task_marker_parent', 'example_external_task_marker_child']) retrieved from /Users/gabrielroger/Documents/projects/weather-data/.venv/lib/python3.9/site-packages/airflow/example_dags/example_external_task_marker_dag.py
[2023-03-23 22:58:38,367] {logging_mixin.py:115} INFO - [2023-03-23 22:58:38,367] {dag.py:2379} INFO - Sync 2 DAGs
[2023-03-23 22:58:38,374] {logging_mixin.py:115} INFO - [2023-03-23 22:58:38,374] {dag.py:2927} INFO - Setting next_dagrun for example_external_task_marker_child to None, run_after=None
[2023-03-23 22:58:38,374] {logging_mixin.py:115} INFO - [2023-03-23 22:58:38,374] {dag.py:2927} INFO - Setting next_dagrun for example_external_task_marker_parent to None, run_after=None
[2023-03-23 22:58:38,379] {processor.py:161} INFO - Processing /Users/gabrielroger/Documents/projects/weather-data/.venv/lib/python3.9/site-packages/airflow/example_dags/example_external_task_marker_dag.py took 0.053 seconds
[2023-03-23 22:59:37,928] {processor.py:153} INFO - Started process (PID=1924) to work on /Users/gabrielroger/Documents/projects/weather-data/.venv/lib/python3.9/site-packages/airflow/example_dags/example_external_task_marker_dag.py
[2023-03-23 22:59:37,929] {processor.py:641} INFO - Processing file /Users/gabrielroger/Documents/projects/weather-data/.venv/lib/python3.9/site-packages/airflow/example_dags/example_external_task_marker_dag.py for tasks to queue
[2023-03-23 22:59:37,929] {logging_mixin.py:115} INFO - [2023-03-23 22:59:37,929] {dagbag.py:507} INFO - Filling up the DagBag from /Users/gabrielroger/Documents/projects/weather-data/.venv/lib/python3.9/site-packages/airflow/example_dags/example_external_task_marker_dag.py
[2023-03-23 22:59:37,936] {processor.py:651} INFO - DAG(s) dict_keys(['example_external_task_marker_parent', 'example_external_task_marker_child']) retrieved from /Users/gabrielroger/Documents/projects/weather-data/.venv/lib/python3.9/site-packages/airflow/example_dags/example_external_task_marker_dag.py
[2023-03-23 22:59:37,973] {logging_mixin.py:115} INFO - [2023-03-23 22:59:37,973] {dag.py:2379} INFO - Sync 2 DAGs
[2023-03-23 22:59:37,979] {logging_mixin.py:115} INFO - [2023-03-23 22:59:37,979] {dag.py:2927} INFO - Setting next_dagrun for example_external_task_marker_child to None, run_after=None
[2023-03-23 22:59:37,979] {logging_mixin.py:115} INFO - [2023-03-23 22:59:37,979] {dag.py:2927} INFO - Setting next_dagrun for example_external_task_marker_parent to None, run_after=None
[2023-03-23 22:59:37,985] {processor.py:161} INFO - Processing /Users/gabrielroger/Documents/projects/weather-data/.venv/lib/python3.9/site-packages/airflow/example_dags/example_external_task_marker_dag.py took 0.057 seconds
[2023-03-23 23:00:42,635] {processor.py:153} INFO - Started process (PID=1982) to work on /Users/gabrielroger/Documents/projects/weather-data/.venv/lib/python3.9/site-packages/airflow/example_dags/example_external_task_marker_dag.py
[2023-03-23 23:00:42,636] {processor.py:641} INFO - Processing file /Users/gabrielroger/Documents/projects/weather-data/.venv/lib/python3.9/site-packages/airflow/example_dags/example_external_task_marker_dag.py for tasks to queue
[2023-03-23 23:00:42,636] {logging_mixin.py:115} INFO - [2023-03-23 23:00:42,636] {dagbag.py:507} INFO - Filling up the DagBag from /Users/gabrielroger/Documents/projects/weather-data/.venv/lib/python3.9/site-packages/airflow/example_dags/example_external_task_marker_dag.py
[2023-03-23 23:00:42,642] {processor.py:651} INFO - DAG(s) dict_keys(['example_external_task_marker_parent', 'example_external_task_marker_child']) retrieved from /Users/gabrielroger/Documents/projects/weather-data/.venv/lib/python3.9/site-packages/airflow/example_dags/example_external_task_marker_dag.py
[2023-03-23 23:00:42,676] {logging_mixin.py:115} INFO - [2023-03-23 23:00:42,675] {dag.py:2379} INFO - Sync 2 DAGs
[2023-03-23 23:00:42,682] {logging_mixin.py:115} INFO - [2023-03-23 23:00:42,682] {dag.py:2927} INFO - Setting next_dagrun for example_external_task_marker_child to None, run_after=None
[2023-03-23 23:00:42,682] {logging_mixin.py:115} INFO - [2023-03-23 23:00:42,682] {dag.py:2927} INFO - Setting next_dagrun for example_external_task_marker_parent to None, run_after=None
[2023-03-23 23:00:42,688] {processor.py:161} INFO - Processing /Users/gabrielroger/Documents/projects/weather-data/.venv/lib/python3.9/site-packages/airflow/example_dags/example_external_task_marker_dag.py took 0.053 seconds
[2023-03-23 23:01:35,624] {processor.py:153} INFO - Started process (PID=2029) to work on /Users/gabrielroger/Documents/projects/weather-data/.venv/lib/python3.9/site-packages/airflow/example_dags/example_external_task_marker_dag.py
[2023-03-23 23:01:35,625] {processor.py:641} INFO - Processing file /Users/gabrielroger/Documents/projects/weather-data/.venv/lib/python3.9/site-packages/airflow/example_dags/example_external_task_marker_dag.py for tasks to queue
[2023-03-23 23:01:35,625] {logging_mixin.py:115} INFO - [2023-03-23 23:01:35,625] {dagbag.py:507} INFO - Filling up the DagBag from /Users/gabrielroger/Documents/projects/weather-data/.venv/lib/python3.9/site-packages/airflow/example_dags/example_external_task_marker_dag.py
[2023-03-23 23:01:35,632] {processor.py:651} INFO - DAG(s) dict_keys(['example_external_task_marker_parent', 'example_external_task_marker_child']) retrieved from /Users/gabrielroger/Documents/projects/weather-data/.venv/lib/python3.9/site-packages/airflow/example_dags/example_external_task_marker_dag.py
[2023-03-23 23:01:35,664] {logging_mixin.py:115} INFO - [2023-03-23 23:01:35,664] {dag.py:2379} INFO - Sync 2 DAGs
[2023-03-23 23:01:35,671] {logging_mixin.py:115} INFO - [2023-03-23 23:01:35,671] {dag.py:2927} INFO - Setting next_dagrun for example_external_task_marker_child to None, run_after=None
[2023-03-23 23:01:35,671] {logging_mixin.py:115} INFO - [2023-03-23 23:01:35,671] {dag.py:2927} INFO - Setting next_dagrun for example_external_task_marker_parent to None, run_after=None
[2023-03-23 23:01:35,678] {processor.py:161} INFO - Processing /Users/gabrielroger/Documents/projects/weather-data/.venv/lib/python3.9/site-packages/airflow/example_dags/example_external_task_marker_dag.py took 0.054 seconds
[2023-03-23 23:02:54,677] {processor.py:153} INFO - Started process (PID=2105) to work on /Users/gabrielroger/Documents/projects/weather-data/.venv/lib/python3.9/site-packages/airflow/example_dags/example_external_task_marker_dag.py
[2023-03-23 23:02:54,678] {processor.py:641} INFO - Processing file /Users/gabrielroger/Documents/projects/weather-data/.venv/lib/python3.9/site-packages/airflow/example_dags/example_external_task_marker_dag.py for tasks to queue
[2023-03-23 23:02:54,678] {logging_mixin.py:115} INFO - [2023-03-23 23:02:54,678] {dagbag.py:507} INFO - Filling up the DagBag from /Users/gabrielroger/Documents/projects/weather-data/.venv/lib/python3.9/site-packages/airflow/example_dags/example_external_task_marker_dag.py
[2023-03-23 23:02:54,686] {processor.py:651} INFO - DAG(s) dict_keys(['example_external_task_marker_parent', 'example_external_task_marker_child']) retrieved from /Users/gabrielroger/Documents/projects/weather-data/.venv/lib/python3.9/site-packages/airflow/example_dags/example_external_task_marker_dag.py
[2023-03-23 23:02:54,727] {logging_mixin.py:115} INFO - [2023-03-23 23:02:54,727] {dag.py:2379} INFO - Sync 2 DAGs
[2023-03-23 23:02:54,735] {logging_mixin.py:115} INFO - [2023-03-23 23:02:54,735] {dag.py:2927} INFO - Setting next_dagrun for example_external_task_marker_child to None, run_after=None
[2023-03-23 23:02:54,736] {logging_mixin.py:115} INFO - [2023-03-23 23:02:54,735] {dag.py:2927} INFO - Setting next_dagrun for example_external_task_marker_parent to None, run_after=None
[2023-03-23 23:02:54,742] {processor.py:161} INFO - Processing /Users/gabrielroger/Documents/projects/weather-data/.venv/lib/python3.9/site-packages/airflow/example_dags/example_external_task_marker_dag.py took 0.065 seconds
[2023-03-23 23:03:46,233] {processor.py:153} INFO - Started process (PID=2146) to work on /Users/gabrielroger/Documents/projects/weather-data/.venv/lib/python3.9/site-packages/airflow/example_dags/example_external_task_marker_dag.py
[2023-03-23 23:03:46,234] {processor.py:641} INFO - Processing file /Users/gabrielroger/Documents/projects/weather-data/.venv/lib/python3.9/site-packages/airflow/example_dags/example_external_task_marker_dag.py for tasks to queue
[2023-03-23 23:03:46,234] {logging_mixin.py:115} INFO - [2023-03-23 23:03:46,234] {dagbag.py:507} INFO - Filling up the DagBag from /Users/gabrielroger/Documents/projects/weather-data/.venv/lib/python3.9/site-packages/airflow/example_dags/example_external_task_marker_dag.py
[2023-03-23 23:03:46,241] {processor.py:651} INFO - DAG(s) dict_keys(['example_external_task_marker_parent', 'example_external_task_marker_child']) retrieved from /Users/gabrielroger/Documents/projects/weather-data/.venv/lib/python3.9/site-packages/airflow/example_dags/example_external_task_marker_dag.py
[2023-03-23 23:03:46,274] {logging_mixin.py:115} INFO - [2023-03-23 23:03:46,274] {dag.py:2379} INFO - Sync 2 DAGs
[2023-03-23 23:03:46,281] {logging_mixin.py:115} INFO - [2023-03-23 23:03:46,281] {dag.py:2927} INFO - Setting next_dagrun for example_external_task_marker_child to None, run_after=None
[2023-03-23 23:03:46,281] {logging_mixin.py:115} INFO - [2023-03-23 23:03:46,281] {dag.py:2927} INFO - Setting next_dagrun for example_external_task_marker_parent to None, run_after=None
[2023-03-23 23:03:46,287] {processor.py:161} INFO - Processing /Users/gabrielroger/Documents/projects/weather-data/.venv/lib/python3.9/site-packages/airflow/example_dags/example_external_task_marker_dag.py took 0.054 seconds
[2023-03-23 23:04:42,902] {processor.py:153} INFO - Started process (PID=2189) to work on /Users/gabrielroger/Documents/projects/weather-data/.venv/lib/python3.9/site-packages/airflow/example_dags/example_external_task_marker_dag.py
[2023-03-23 23:04:42,903] {processor.py:641} INFO - Processing file /Users/gabrielroger/Documents/projects/weather-data/.venv/lib/python3.9/site-packages/airflow/example_dags/example_external_task_marker_dag.py for tasks to queue
[2023-03-23 23:04:42,903] {logging_mixin.py:115} INFO - [2023-03-23 23:04:42,903] {dagbag.py:507} INFO - Filling up the DagBag from /Users/gabrielroger/Documents/projects/weather-data/.venv/lib/python3.9/site-packages/airflow/example_dags/example_external_task_marker_dag.py
[2023-03-23 23:04:42,909] {processor.py:651} INFO - DAG(s) dict_keys(['example_external_task_marker_parent', 'example_external_task_marker_child']) retrieved from /Users/gabrielroger/Documents/projects/weather-data/.venv/lib/python3.9/site-packages/airflow/example_dags/example_external_task_marker_dag.py
[2023-03-23 23:04:42,942] {logging_mixin.py:115} INFO - [2023-03-23 23:04:42,942] {dag.py:2379} INFO - Sync 2 DAGs
[2023-03-23 23:04:42,949] {logging_mixin.py:115} INFO - [2023-03-23 23:04:42,949] {dag.py:2927} INFO - Setting next_dagrun for example_external_task_marker_child to None, run_after=None
[2023-03-23 23:04:42,949] {logging_mixin.py:115} INFO - [2023-03-23 23:04:42,949] {dag.py:2927} INFO - Setting next_dagrun for example_external_task_marker_parent to None, run_after=None
[2023-03-23 23:04:42,955] {processor.py:161} INFO - Processing /Users/gabrielroger/Documents/projects/weather-data/.venv/lib/python3.9/site-packages/airflow/example_dags/example_external_task_marker_dag.py took 0.053 seconds
[2023-03-23 23:05:39,775] {processor.py:153} INFO - Started process (PID=2235) to work on /Users/gabrielroger/Documents/projects/weather-data/.venv/lib/python3.9/site-packages/airflow/example_dags/example_external_task_marker_dag.py
[2023-03-23 23:05:39,775] {processor.py:641} INFO - Processing file /Users/gabrielroger/Documents/projects/weather-data/.venv/lib/python3.9/site-packages/airflow/example_dags/example_external_task_marker_dag.py for tasks to queue
[2023-03-23 23:05:39,776] {logging_mixin.py:115} INFO - [2023-03-23 23:05:39,776] {dagbag.py:507} INFO - Filling up the DagBag from /Users/gabrielroger/Documents/projects/weather-data/.venv/lib/python3.9/site-packages/airflow/example_dags/example_external_task_marker_dag.py
[2023-03-23 23:05:39,782] {processor.py:651} INFO - DAG(s) dict_keys(['example_external_task_marker_parent', 'example_external_task_marker_child']) retrieved from /Users/gabrielroger/Documents/projects/weather-data/.venv/lib/python3.9/site-packages/airflow/example_dags/example_external_task_marker_dag.py
[2023-03-23 23:05:39,816] {logging_mixin.py:115} INFO - [2023-03-23 23:05:39,815] {dag.py:2379} INFO - Sync 2 DAGs
[2023-03-23 23:05:39,822] {logging_mixin.py:115} INFO - [2023-03-23 23:05:39,822] {dag.py:2927} INFO - Setting next_dagrun for example_external_task_marker_child to None, run_after=None
[2023-03-23 23:05:39,822] {logging_mixin.py:115} INFO - [2023-03-23 23:05:39,822] {dag.py:2927} INFO - Setting next_dagrun for example_external_task_marker_parent to None, run_after=None
[2023-03-23 23:05:39,828] {processor.py:161} INFO - Processing /Users/gabrielroger/Documents/projects/weather-data/.venv/lib/python3.9/site-packages/airflow/example_dags/example_external_task_marker_dag.py took 0.053 seconds
[2023-03-23 23:06:57,386] {processor.py:153} INFO - Started process (PID=2305) to work on /Users/gabrielroger/Documents/projects/weather-data/.venv/lib/python3.9/site-packages/airflow/example_dags/example_external_task_marker_dag.py
[2023-03-23 23:06:57,387] {processor.py:641} INFO - Processing file /Users/gabrielroger/Documents/projects/weather-data/.venv/lib/python3.9/site-packages/airflow/example_dags/example_external_task_marker_dag.py for tasks to queue
[2023-03-23 23:06:57,387] {logging_mixin.py:115} INFO - [2023-03-23 23:06:57,387] {dagbag.py:507} INFO - Filling up the DagBag from /Users/gabrielroger/Documents/projects/weather-data/.venv/lib/python3.9/site-packages/airflow/example_dags/example_external_task_marker_dag.py
[2023-03-23 23:06:57,394] {processor.py:651} INFO - DAG(s) dict_keys(['example_external_task_marker_parent', 'example_external_task_marker_child']) retrieved from /Users/gabrielroger/Documents/projects/weather-data/.venv/lib/python3.9/site-packages/airflow/example_dags/example_external_task_marker_dag.py
[2023-03-23 23:06:57,427] {logging_mixin.py:115} INFO - [2023-03-23 23:06:57,427] {dag.py:2379} INFO - Sync 2 DAGs
[2023-03-23 23:06:57,434] {logging_mixin.py:115} INFO - [2023-03-23 23:06:57,434] {dag.py:2927} INFO - Setting next_dagrun for example_external_task_marker_child to None, run_after=None
[2023-03-23 23:06:57,434] {logging_mixin.py:115} INFO - [2023-03-23 23:06:57,434] {dag.py:2927} INFO - Setting next_dagrun for example_external_task_marker_parent to None, run_after=None
[2023-03-23 23:06:57,440] {processor.py:161} INFO - Processing /Users/gabrielroger/Documents/projects/weather-data/.venv/lib/python3.9/site-packages/airflow/example_dags/example_external_task_marker_dag.py took 0.054 seconds
[2023-03-23 23:08:18,727] {processor.py:153} INFO - Started process (PID=2376) to work on /Users/gabrielroger/Documents/projects/weather-data/.venv/lib/python3.9/site-packages/airflow/example_dags/example_external_task_marker_dag.py
[2023-03-23 23:08:18,728] {processor.py:641} INFO - Processing file /Users/gabrielroger/Documents/projects/weather-data/.venv/lib/python3.9/site-packages/airflow/example_dags/example_external_task_marker_dag.py for tasks to queue
[2023-03-23 23:08:18,728] {logging_mixin.py:115} INFO - [2023-03-23 23:08:18,728] {dagbag.py:507} INFO - Filling up the DagBag from /Users/gabrielroger/Documents/projects/weather-data/.venv/lib/python3.9/site-packages/airflow/example_dags/example_external_task_marker_dag.py
[2023-03-23 23:08:18,735] {processor.py:651} INFO - DAG(s) dict_keys(['example_external_task_marker_parent', 'example_external_task_marker_child']) retrieved from /Users/gabrielroger/Documents/projects/weather-data/.venv/lib/python3.9/site-packages/airflow/example_dags/example_external_task_marker_dag.py
[2023-03-23 23:08:18,769] {logging_mixin.py:115} INFO - [2023-03-23 23:08:18,768] {dag.py:2379} INFO - Sync 2 DAGs
[2023-03-23 23:08:18,775] {logging_mixin.py:115} INFO - [2023-03-23 23:08:18,775] {dag.py:2927} INFO - Setting next_dagrun for example_external_task_marker_child to None, run_after=None
[2023-03-23 23:08:18,775] {logging_mixin.py:115} INFO - [2023-03-23 23:08:18,775] {dag.py:2927} INFO - Setting next_dagrun for example_external_task_marker_parent to None, run_after=None
[2023-03-23 23:08:18,781] {processor.py:161} INFO - Processing /Users/gabrielroger/Documents/projects/weather-data/.venv/lib/python3.9/site-packages/airflow/example_dags/example_external_task_marker_dag.py took 0.054 seconds
[2023-03-23 23:09:10,669] {processor.py:153} INFO - Started process (PID=2414) to work on /Users/gabrielroger/Documents/projects/weather-data/.venv/lib/python3.9/site-packages/airflow/example_dags/example_external_task_marker_dag.py
[2023-03-23 23:09:10,670] {processor.py:641} INFO - Processing file /Users/gabrielroger/Documents/projects/weather-data/.venv/lib/python3.9/site-packages/airflow/example_dags/example_external_task_marker_dag.py for tasks to queue
[2023-03-23 23:09:10,670] {logging_mixin.py:115} INFO - [2023-03-23 23:09:10,670] {dagbag.py:507} INFO - Filling up the DagBag from /Users/gabrielroger/Documents/projects/weather-data/.venv/lib/python3.9/site-packages/airflow/example_dags/example_external_task_marker_dag.py
[2023-03-23 23:09:10,677] {processor.py:651} INFO - DAG(s) dict_keys(['example_external_task_marker_parent', 'example_external_task_marker_child']) retrieved from /Users/gabrielroger/Documents/projects/weather-data/.venv/lib/python3.9/site-packages/airflow/example_dags/example_external_task_marker_dag.py
[2023-03-23 23:09:10,709] {logging_mixin.py:115} INFO - [2023-03-23 23:09:10,709] {dag.py:2379} INFO - Sync 2 DAGs
[2023-03-23 23:09:10,716] {logging_mixin.py:115} INFO - [2023-03-23 23:09:10,716] {dag.py:2927} INFO - Setting next_dagrun for example_external_task_marker_child to None, run_after=None
[2023-03-23 23:09:10,716] {logging_mixin.py:115} INFO - [2023-03-23 23:09:10,716] {dag.py:2927} INFO - Setting next_dagrun for example_external_task_marker_parent to None, run_after=None
[2023-03-23 23:09:10,721] {processor.py:161} INFO - Processing /Users/gabrielroger/Documents/projects/weather-data/.venv/lib/python3.9/site-packages/airflow/example_dags/example_external_task_marker_dag.py took 0.053 seconds
[2023-03-23 23:10:13,637] {processor.py:153} INFO - Started process (PID=2462) to work on /Users/gabrielroger/Documents/projects/weather-data/.venv/lib/python3.9/site-packages/airflow/example_dags/example_external_task_marker_dag.py
[2023-03-23 23:10:13,637] {processor.py:641} INFO - Processing file /Users/gabrielroger/Documents/projects/weather-data/.venv/lib/python3.9/site-packages/airflow/example_dags/example_external_task_marker_dag.py for tasks to queue
[2023-03-23 23:10:13,637] {logging_mixin.py:115} INFO - [2023-03-23 23:10:13,637] {dagbag.py:507} INFO - Filling up the DagBag from /Users/gabrielroger/Documents/projects/weather-data/.venv/lib/python3.9/site-packages/airflow/example_dags/example_external_task_marker_dag.py
[2023-03-23 23:10:13,644] {processor.py:651} INFO - DAG(s) dict_keys(['example_external_task_marker_parent', 'example_external_task_marker_child']) retrieved from /Users/gabrielroger/Documents/projects/weather-data/.venv/lib/python3.9/site-packages/airflow/example_dags/example_external_task_marker_dag.py
[2023-03-23 23:10:13,677] {logging_mixin.py:115} INFO - [2023-03-23 23:10:13,677] {dag.py:2379} INFO - Sync 2 DAGs
[2023-03-23 23:10:13,684] {logging_mixin.py:115} INFO - [2023-03-23 23:10:13,684] {dag.py:2927} INFO - Setting next_dagrun for example_external_task_marker_child to None, run_after=None
[2023-03-23 23:10:13,684] {logging_mixin.py:115} INFO - [2023-03-23 23:10:13,684] {dag.py:2927} INFO - Setting next_dagrun for example_external_task_marker_parent to None, run_after=None
[2023-03-23 23:10:13,690] {processor.py:161} INFO - Processing /Users/gabrielroger/Documents/projects/weather-data/.venv/lib/python3.9/site-packages/airflow/example_dags/example_external_task_marker_dag.py took 0.053 seconds
[2023-03-23 23:11:16,947] {processor.py:153} INFO - Started process (PID=2527) to work on /Users/gabrielroger/Documents/projects/weather-data/.venv/lib/python3.9/site-packages/airflow/example_dags/example_external_task_marker_dag.py
[2023-03-23 23:11:16,948] {processor.py:641} INFO - Processing file /Users/gabrielroger/Documents/projects/weather-data/.venv/lib/python3.9/site-packages/airflow/example_dags/example_external_task_marker_dag.py for tasks to queue
[2023-03-23 23:11:16,948] {logging_mixin.py:115} INFO - [2023-03-23 23:11:16,948] {dagbag.py:507} INFO - Filling up the DagBag from /Users/gabrielroger/Documents/projects/weather-data/.venv/lib/python3.9/site-packages/airflow/example_dags/example_external_task_marker_dag.py
[2023-03-23 23:11:16,960] {processor.py:651} INFO - DAG(s) dict_keys(['example_external_task_marker_parent', 'example_external_task_marker_child']) retrieved from /Users/gabrielroger/Documents/projects/weather-data/.venv/lib/python3.9/site-packages/airflow/example_dags/example_external_task_marker_dag.py
[2023-03-23 23:11:17,020] {logging_mixin.py:115} INFO - [2023-03-23 23:11:17,019] {dag.py:2379} INFO - Sync 2 DAGs
[2023-03-23 23:11:17,029] {logging_mixin.py:115} INFO - [2023-03-23 23:11:17,029] {dag.py:2927} INFO - Setting next_dagrun for example_external_task_marker_child to None, run_after=None
[2023-03-23 23:11:17,030] {logging_mixin.py:115} INFO - [2023-03-23 23:11:17,030] {dag.py:2927} INFO - Setting next_dagrun for example_external_task_marker_parent to None, run_after=None
[2023-03-23 23:11:17,040] {processor.py:161} INFO - Processing /Users/gabrielroger/Documents/projects/weather-data/.venv/lib/python3.9/site-packages/airflow/example_dags/example_external_task_marker_dag.py took 0.093 seconds
