[2023-03-23 22:57:51,661] {processor.py:153} INFO - Started process (PID=1837) to work on /Users/gabrielroger/Documents/projects/weather-data/.venv/lib/python3.9/site-packages/airflow/example_dags/example_complex.py
[2023-03-23 22:57:51,661] {processor.py:641} INFO - Processing file /Users/gabrielroger/Documents/projects/weather-data/.venv/lib/python3.9/site-packages/airflow/example_dags/example_complex.py for tasks to queue
[2023-03-23 22:57:51,661] {logging_mixin.py:115} INFO - [2023-03-23 22:57:51,661] {dagbag.py:507} INFO - Filling up the DagBag from /Users/gabrielroger/Documents/projects/weather-data/.venv/lib/python3.9/site-packages/airflow/example_dags/example_complex.py
[2023-03-23 22:57:51,672] {processor.py:651} INFO - DAG(s) dict_keys(['example_complex']) retrieved from /Users/gabrielroger/Documents/projects/weather-data/.venv/lib/python3.9/site-packages/airflow/example_dags/example_complex.py
[2023-03-23 22:57:51,705] {logging_mixin.py:115} INFO - [2023-03-23 22:57:51,705] {dag.py:2379} INFO - Sync 1 DAGs
[2023-03-23 22:57:51,712] {logging_mixin.py:115} INFO - [2023-03-23 22:57:51,711] {dag.py:2927} INFO - Setting next_dagrun for example_complex to None, run_after=None
[2023-03-23 22:57:51,717] {processor.py:161} INFO - Processing /Users/gabrielroger/Documents/projects/weather-data/.venv/lib/python3.9/site-packages/airflow/example_dags/example_complex.py took 0.056 seconds
[2023-03-23 22:58:41,522] {processor.py:153} INFO - Started process (PID=1876) to work on /Users/gabrielroger/Documents/projects/weather-data/.venv/lib/python3.9/site-packages/airflow/example_dags/example_complex.py
[2023-03-23 22:58:41,522] {processor.py:641} INFO - Processing file /Users/gabrielroger/Documents/projects/weather-data/.venv/lib/python3.9/site-packages/airflow/example_dags/example_complex.py for tasks to queue
[2023-03-23 22:58:41,523] {logging_mixin.py:115} INFO - [2023-03-23 22:58:41,523] {dagbag.py:507} INFO - Filling up the DagBag from /Users/gabrielroger/Documents/projects/weather-data/.venv/lib/python3.9/site-packages/airflow/example_dags/example_complex.py
[2023-03-23 22:58:41,532] {processor.py:651} INFO - DAG(s) dict_keys(['example_complex']) retrieved from /Users/gabrielroger/Documents/projects/weather-data/.venv/lib/python3.9/site-packages/airflow/example_dags/example_complex.py
[2023-03-23 22:58:41,564] {logging_mixin.py:115} INFO - [2023-03-23 22:58:41,564] {dag.py:2379} INFO - Sync 1 DAGs
[2023-03-23 22:58:41,571] {logging_mixin.py:115} INFO - [2023-03-23 22:58:41,571] {dag.py:2927} INFO - Setting next_dagrun for example_complex to None, run_after=None
[2023-03-23 22:58:41,576] {processor.py:161} INFO - Processing /Users/gabrielroger/Documents/projects/weather-data/.venv/lib/python3.9/site-packages/airflow/example_dags/example_complex.py took 0.055 seconds
[2023-03-23 22:59:41,418] {processor.py:153} INFO - Started process (PID=1926) to work on /Users/gabrielroger/Documents/projects/weather-data/.venv/lib/python3.9/site-packages/airflow/example_dags/example_complex.py
[2023-03-23 22:59:41,419] {processor.py:641} INFO - Processing file /Users/gabrielroger/Documents/projects/weather-data/.venv/lib/python3.9/site-packages/airflow/example_dags/example_complex.py for tasks to queue
[2023-03-23 22:59:41,419] {logging_mixin.py:115} INFO - [2023-03-23 22:59:41,419] {dagbag.py:507} INFO - Filling up the DagBag from /Users/gabrielroger/Documents/projects/weather-data/.venv/lib/python3.9/site-packages/airflow/example_dags/example_complex.py
[2023-03-23 22:59:41,429] {processor.py:651} INFO - DAG(s) dict_keys(['example_complex']) retrieved from /Users/gabrielroger/Documents/projects/weather-data/.venv/lib/python3.9/site-packages/airflow/example_dags/example_complex.py
[2023-03-23 22:59:41,461] {logging_mixin.py:115} INFO - [2023-03-23 22:59:41,461] {dag.py:2379} INFO - Sync 1 DAGs
[2023-03-23 22:59:41,468] {logging_mixin.py:115} INFO - [2023-03-23 22:59:41,467] {dag.py:2927} INFO - Setting next_dagrun for example_complex to None, run_after=None
[2023-03-23 22:59:41,473] {processor.py:161} INFO - Processing /Users/gabrielroger/Documents/projects/weather-data/.venv/lib/python3.9/site-packages/airflow/example_dags/example_complex.py took 0.055 seconds
[2023-03-23 23:00:46,089] {processor.py:153} INFO - Started process (PID=1984) to work on /Users/gabrielroger/Documents/projects/weather-data/.venv/lib/python3.9/site-packages/airflow/example_dags/example_complex.py
[2023-03-23 23:00:46,090] {processor.py:641} INFO - Processing file /Users/gabrielroger/Documents/projects/weather-data/.venv/lib/python3.9/site-packages/airflow/example_dags/example_complex.py for tasks to queue
[2023-03-23 23:00:46,090] {logging_mixin.py:115} INFO - [2023-03-23 23:00:46,090] {dagbag.py:507} INFO - Filling up the DagBag from /Users/gabrielroger/Documents/projects/weather-data/.venv/lib/python3.9/site-packages/airflow/example_dags/example_complex.py
[2023-03-23 23:00:46,100] {processor.py:651} INFO - DAG(s) dict_keys(['example_complex']) retrieved from /Users/gabrielroger/Documents/projects/weather-data/.venv/lib/python3.9/site-packages/airflow/example_dags/example_complex.py
[2023-03-23 23:00:46,133] {logging_mixin.py:115} INFO - [2023-03-23 23:00:46,133] {dag.py:2379} INFO - Sync 1 DAGs
[2023-03-23 23:00:46,139] {logging_mixin.py:115} INFO - [2023-03-23 23:00:46,139] {dag.py:2927} INFO - Setting next_dagrun for example_complex to None, run_after=None
[2023-03-23 23:00:46,145] {processor.py:161} INFO - Processing /Users/gabrielroger/Documents/projects/weather-data/.venv/lib/python3.9/site-packages/airflow/example_dags/example_complex.py took 0.056 seconds
[2023-03-23 23:01:38,161] {processor.py:153} INFO - Started process (PID=2031) to work on /Users/gabrielroger/Documents/projects/weather-data/.venv/lib/python3.9/site-packages/airflow/example_dags/example_complex.py
[2023-03-23 23:01:38,162] {processor.py:641} INFO - Processing file /Users/gabrielroger/Documents/projects/weather-data/.venv/lib/python3.9/site-packages/airflow/example_dags/example_complex.py for tasks to queue
[2023-03-23 23:01:38,162] {logging_mixin.py:115} INFO - [2023-03-23 23:01:38,162] {dagbag.py:507} INFO - Filling up the DagBag from /Users/gabrielroger/Documents/projects/weather-data/.venv/lib/python3.9/site-packages/airflow/example_dags/example_complex.py
[2023-03-23 23:01:38,173] {processor.py:651} INFO - DAG(s) dict_keys(['example_complex']) retrieved from /Users/gabrielroger/Documents/projects/weather-data/.venv/lib/python3.9/site-packages/airflow/example_dags/example_complex.py
[2023-03-23 23:01:38,205] {logging_mixin.py:115} INFO - [2023-03-23 23:01:38,205] {dag.py:2379} INFO - Sync 1 DAGs
[2023-03-23 23:01:38,212] {logging_mixin.py:115} INFO - [2023-03-23 23:01:38,212] {dag.py:2927} INFO - Setting next_dagrun for example_complex to None, run_after=None
[2023-03-23 23:01:38,217] {processor.py:161} INFO - Processing /Users/gabrielroger/Documents/projects/weather-data/.venv/lib/python3.9/site-packages/airflow/example_dags/example_complex.py took 0.057 seconds
[2023-03-23 23:02:58,340] {processor.py:153} INFO - Started process (PID=2107) to work on /Users/gabrielroger/Documents/projects/weather-data/.venv/lib/python3.9/site-packages/airflow/example_dags/example_complex.py
[2023-03-23 23:02:58,340] {processor.py:641} INFO - Processing file /Users/gabrielroger/Documents/projects/weather-data/.venv/lib/python3.9/site-packages/airflow/example_dags/example_complex.py for tasks to queue
[2023-03-23 23:02:58,340] {logging_mixin.py:115} INFO - [2023-03-23 23:02:58,340] {dagbag.py:507} INFO - Filling up the DagBag from /Users/gabrielroger/Documents/projects/weather-data/.venv/lib/python3.9/site-packages/airflow/example_dags/example_complex.py
[2023-03-23 23:02:58,352] {processor.py:651} INFO - DAG(s) dict_keys(['example_complex']) retrieved from /Users/gabrielroger/Documents/projects/weather-data/.venv/lib/python3.9/site-packages/airflow/example_dags/example_complex.py
[2023-03-23 23:02:58,388] {logging_mixin.py:115} INFO - [2023-03-23 23:02:58,387] {dag.py:2379} INFO - Sync 1 DAGs
[2023-03-23 23:02:58,395] {logging_mixin.py:115} INFO - [2023-03-23 23:02:58,395] {dag.py:2927} INFO - Setting next_dagrun for example_complex to None, run_after=None
[2023-03-23 23:02:58,401] {processor.py:161} INFO - Processing /Users/gabrielroger/Documents/projects/weather-data/.venv/lib/python3.9/site-packages/airflow/example_dags/example_complex.py took 0.061 seconds
[2023-03-23 23:03:58,034] {processor.py:153} INFO - Started process (PID=2155) to work on /Users/gabrielroger/Documents/projects/weather-data/.venv/lib/python3.9/site-packages/airflow/example_dags/example_complex.py
[2023-03-23 23:03:58,035] {processor.py:641} INFO - Processing file /Users/gabrielroger/Documents/projects/weather-data/.venv/lib/python3.9/site-packages/airflow/example_dags/example_complex.py for tasks to queue
[2023-03-23 23:03:58,035] {logging_mixin.py:115} INFO - [2023-03-23 23:03:58,035] {dagbag.py:507} INFO - Filling up the DagBag from /Users/gabrielroger/Documents/projects/weather-data/.venv/lib/python3.9/site-packages/airflow/example_dags/example_complex.py
[2023-03-23 23:03:58,045] {processor.py:651} INFO - DAG(s) dict_keys(['example_complex']) retrieved from /Users/gabrielroger/Documents/projects/weather-data/.venv/lib/python3.9/site-packages/airflow/example_dags/example_complex.py
[2023-03-23 23:03:58,077] {logging_mixin.py:115} INFO - [2023-03-23 23:03:58,077] {dag.py:2379} INFO - Sync 1 DAGs
[2023-03-23 23:03:58,083] {logging_mixin.py:115} INFO - [2023-03-23 23:03:58,083] {dag.py:2927} INFO - Setting next_dagrun for example_complex to None, run_after=None
[2023-03-23 23:03:58,089] {processor.py:161} INFO - Processing /Users/gabrielroger/Documents/projects/weather-data/.venv/lib/python3.9/site-packages/airflow/example_dags/example_complex.py took 0.055 seconds
[2023-03-23 23:04:52,911] {processor.py:153} INFO - Started process (PID=2196) to work on /Users/gabrielroger/Documents/projects/weather-data/.venv/lib/python3.9/site-packages/airflow/example_dags/example_complex.py
[2023-03-23 23:04:52,912] {processor.py:641} INFO - Processing file /Users/gabrielroger/Documents/projects/weather-data/.venv/lib/python3.9/site-packages/airflow/example_dags/example_complex.py for tasks to queue
[2023-03-23 23:04:52,912] {logging_mixin.py:115} INFO - [2023-03-23 23:04:52,912] {dagbag.py:507} INFO - Filling up the DagBag from /Users/gabrielroger/Documents/projects/weather-data/.venv/lib/python3.9/site-packages/airflow/example_dags/example_complex.py
[2023-03-23 23:04:52,922] {processor.py:651} INFO - DAG(s) dict_keys(['example_complex']) retrieved from /Users/gabrielroger/Documents/projects/weather-data/.venv/lib/python3.9/site-packages/airflow/example_dags/example_complex.py
[2023-03-23 23:04:52,955] {logging_mixin.py:115} INFO - [2023-03-23 23:04:52,955] {dag.py:2379} INFO - Sync 1 DAGs
[2023-03-23 23:04:52,961] {logging_mixin.py:115} INFO - [2023-03-23 23:04:52,961] {dag.py:2927} INFO - Setting next_dagrun for example_complex to None, run_after=None
[2023-03-23 23:04:52,967] {processor.py:161} INFO - Processing /Users/gabrielroger/Documents/projects/weather-data/.venv/lib/python3.9/site-packages/airflow/example_dags/example_complex.py took 0.056 seconds
[2023-03-23 23:05:50,925] {processor.py:153} INFO - Started process (PID=2243) to work on /Users/gabrielroger/Documents/projects/weather-data/.venv/lib/python3.9/site-packages/airflow/example_dags/example_complex.py
[2023-03-23 23:05:50,925] {processor.py:641} INFO - Processing file /Users/gabrielroger/Documents/projects/weather-data/.venv/lib/python3.9/site-packages/airflow/example_dags/example_complex.py for tasks to queue
[2023-03-23 23:05:50,925] {logging_mixin.py:115} INFO - [2023-03-23 23:05:50,925] {dagbag.py:507} INFO - Filling up the DagBag from /Users/gabrielroger/Documents/projects/weather-data/.venv/lib/python3.9/site-packages/airflow/example_dags/example_complex.py
[2023-03-23 23:05:50,934] {processor.py:651} INFO - DAG(s) dict_keys(['example_complex']) retrieved from /Users/gabrielroger/Documents/projects/weather-data/.venv/lib/python3.9/site-packages/airflow/example_dags/example_complex.py
[2023-03-23 23:05:50,966] {logging_mixin.py:115} INFO - [2023-03-23 23:05:50,966] {dag.py:2379} INFO - Sync 1 DAGs
[2023-03-23 23:05:50,973] {logging_mixin.py:115} INFO - [2023-03-23 23:05:50,973] {dag.py:2927} INFO - Setting next_dagrun for example_complex to None, run_after=None
[2023-03-23 23:05:50,979] {processor.py:161} INFO - Processing /Users/gabrielroger/Documents/projects/weather-data/.venv/lib/python3.9/site-packages/airflow/example_dags/example_complex.py took 0.054 seconds
[2023-03-23 23:07:00,847] {processor.py:153} INFO - Started process (PID=2307) to work on /Users/gabrielroger/Documents/projects/weather-data/.venv/lib/python3.9/site-packages/airflow/example_dags/example_complex.py
[2023-03-23 23:07:00,848] {processor.py:641} INFO - Processing file /Users/gabrielroger/Documents/projects/weather-data/.venv/lib/python3.9/site-packages/airflow/example_dags/example_complex.py for tasks to queue
[2023-03-23 23:07:00,848] {logging_mixin.py:115} INFO - [2023-03-23 23:07:00,848] {dagbag.py:507} INFO - Filling up the DagBag from /Users/gabrielroger/Documents/projects/weather-data/.venv/lib/python3.9/site-packages/airflow/example_dags/example_complex.py
[2023-03-23 23:07:00,858] {processor.py:651} INFO - DAG(s) dict_keys(['example_complex']) retrieved from /Users/gabrielroger/Documents/projects/weather-data/.venv/lib/python3.9/site-packages/airflow/example_dags/example_complex.py
[2023-03-23 23:07:00,892] {logging_mixin.py:115} INFO - [2023-03-23 23:07:00,892] {dag.py:2379} INFO - Sync 1 DAGs
[2023-03-23 23:07:00,899] {logging_mixin.py:115} INFO - [2023-03-23 23:07:00,899] {dag.py:2927} INFO - Setting next_dagrun for example_complex to None, run_after=None
[2023-03-23 23:07:00,905] {processor.py:161} INFO - Processing /Users/gabrielroger/Documents/projects/weather-data/.venv/lib/python3.9/site-packages/airflow/example_dags/example_complex.py took 0.058 seconds
[2023-03-23 23:08:21,525] {processor.py:153} INFO - Started process (PID=2378) to work on /Users/gabrielroger/Documents/projects/weather-data/.venv/lib/python3.9/site-packages/airflow/example_dags/example_complex.py
[2023-03-23 23:08:21,526] {processor.py:641} INFO - Processing file /Users/gabrielroger/Documents/projects/weather-data/.venv/lib/python3.9/site-packages/airflow/example_dags/example_complex.py for tasks to queue
[2023-03-23 23:08:21,526] {logging_mixin.py:115} INFO - [2023-03-23 23:08:21,526] {dagbag.py:507} INFO - Filling up the DagBag from /Users/gabrielroger/Documents/projects/weather-data/.venv/lib/python3.9/site-packages/airflow/example_dags/example_complex.py
[2023-03-23 23:08:21,536] {processor.py:651} INFO - DAG(s) dict_keys(['example_complex']) retrieved from /Users/gabrielroger/Documents/projects/weather-data/.venv/lib/python3.9/site-packages/airflow/example_dags/example_complex.py
[2023-03-23 23:08:21,573] {logging_mixin.py:115} INFO - [2023-03-23 23:08:21,573] {dag.py:2379} INFO - Sync 1 DAGs
[2023-03-23 23:08:21,580] {logging_mixin.py:115} INFO - [2023-03-23 23:08:21,580] {dag.py:2927} INFO - Setting next_dagrun for example_complex to None, run_after=None
[2023-03-23 23:08:21,586] {processor.py:161} INFO - Processing /Users/gabrielroger/Documents/projects/weather-data/.venv/lib/python3.9/site-packages/airflow/example_dags/example_complex.py took 0.061 seconds
[2023-03-23 23:09:14,170] {processor.py:153} INFO - Started process (PID=2416) to work on /Users/gabrielroger/Documents/projects/weather-data/.venv/lib/python3.9/site-packages/airflow/example_dags/example_complex.py
[2023-03-23 23:09:14,171] {processor.py:641} INFO - Processing file /Users/gabrielroger/Documents/projects/weather-data/.venv/lib/python3.9/site-packages/airflow/example_dags/example_complex.py for tasks to queue
[2023-03-23 23:09:14,171] {logging_mixin.py:115} INFO - [2023-03-23 23:09:14,171] {dagbag.py:507} INFO - Filling up the DagBag from /Users/gabrielroger/Documents/projects/weather-data/.venv/lib/python3.9/site-packages/airflow/example_dags/example_complex.py
[2023-03-23 23:09:14,181] {processor.py:651} INFO - DAG(s) dict_keys(['example_complex']) retrieved from /Users/gabrielroger/Documents/projects/weather-data/.venv/lib/python3.9/site-packages/airflow/example_dags/example_complex.py
[2023-03-23 23:09:14,214] {logging_mixin.py:115} INFO - [2023-03-23 23:09:14,213] {dag.py:2379} INFO - Sync 1 DAGs
[2023-03-23 23:09:14,220] {logging_mixin.py:115} INFO - [2023-03-23 23:09:14,220] {dag.py:2927} INFO - Setting next_dagrun for example_complex to None, run_after=None
[2023-03-23 23:09:14,225] {processor.py:161} INFO - Processing /Users/gabrielroger/Documents/projects/weather-data/.venv/lib/python3.9/site-packages/airflow/example_dags/example_complex.py took 0.056 seconds
[2023-03-23 23:10:16,733] {processor.py:153} INFO - Started process (PID=2464) to work on /Users/gabrielroger/Documents/projects/weather-data/.venv/lib/python3.9/site-packages/airflow/example_dags/example_complex.py
[2023-03-23 23:10:16,733] {processor.py:641} INFO - Processing file /Users/gabrielroger/Documents/projects/weather-data/.venv/lib/python3.9/site-packages/airflow/example_dags/example_complex.py for tasks to queue
[2023-03-23 23:10:16,733] {logging_mixin.py:115} INFO - [2023-03-23 23:10:16,733] {dagbag.py:507} INFO - Filling up the DagBag from /Users/gabrielroger/Documents/projects/weather-data/.venv/lib/python3.9/site-packages/airflow/example_dags/example_complex.py
[2023-03-23 23:10:16,742] {processor.py:651} INFO - DAG(s) dict_keys(['example_complex']) retrieved from /Users/gabrielroger/Documents/projects/weather-data/.venv/lib/python3.9/site-packages/airflow/example_dags/example_complex.py
[2023-03-23 23:10:16,775] {logging_mixin.py:115} INFO - [2023-03-23 23:10:16,774] {dag.py:2379} INFO - Sync 1 DAGs
[2023-03-23 23:10:16,781] {logging_mixin.py:115} INFO - [2023-03-23 23:10:16,781] {dag.py:2927} INFO - Setting next_dagrun for example_complex to None, run_after=None
[2023-03-23 23:10:16,787] {processor.py:161} INFO - Processing /Users/gabrielroger/Documents/projects/weather-data/.venv/lib/python3.9/site-packages/airflow/example_dags/example_complex.py took 0.054 seconds
[2023-03-23 23:11:20,582] {processor.py:153} INFO - Started process (PID=2530) to work on /Users/gabrielroger/Documents/projects/weather-data/.venv/lib/python3.9/site-packages/airflow/example_dags/example_complex.py
[2023-03-23 23:11:20,583] {processor.py:641} INFO - Processing file /Users/gabrielroger/Documents/projects/weather-data/.venv/lib/python3.9/site-packages/airflow/example_dags/example_complex.py for tasks to queue
[2023-03-23 23:11:20,583] {logging_mixin.py:115} INFO - [2023-03-23 23:11:20,583] {dagbag.py:507} INFO - Filling up the DagBag from /Users/gabrielroger/Documents/projects/weather-data/.venv/lib/python3.9/site-packages/airflow/example_dags/example_complex.py
[2023-03-23 23:11:20,593] {processor.py:651} INFO - DAG(s) dict_keys(['example_complex']) retrieved from /Users/gabrielroger/Documents/projects/weather-data/.venv/lib/python3.9/site-packages/airflow/example_dags/example_complex.py
[2023-03-23 23:11:20,626] {logging_mixin.py:115} INFO - [2023-03-23 23:11:20,626] {dag.py:2379} INFO - Sync 1 DAGs
[2023-03-23 23:11:20,633] {logging_mixin.py:115} INFO - [2023-03-23 23:11:20,633] {dag.py:2927} INFO - Setting next_dagrun for example_complex to None, run_after=None
[2023-03-23 23:11:20,638] {processor.py:161} INFO - Processing /Users/gabrielroger/Documents/projects/weather-data/.venv/lib/python3.9/site-packages/airflow/example_dags/example_complex.py took 0.056 seconds
