[2023-03-23 22:57:56,387] {processor.py:153} INFO - Started process (PID=1840) to work on /Users/gabrielroger/Documents/projects/weather-data/.venv/lib/python3.9/site-packages/airflow/example_dags/example_branch_operator.py
[2023-03-23 22:57:56,387] {processor.py:641} INFO - Processing file /Users/gabrielroger/Documents/projects/weather-data/.venv/lib/python3.9/site-packages/airflow/example_dags/example_branch_operator.py for tasks to queue
[2023-03-23 22:57:56,387] {logging_mixin.py:115} INFO - [2023-03-23 22:57:56,387] {dagbag.py:507} INFO - Filling up the DagBag from /Users/gabrielroger/Documents/projects/weather-data/.venv/lib/python3.9/site-packages/airflow/example_dags/example_branch_operator.py
[2023-03-23 22:57:56,402] {processor.py:651} INFO - DAG(s) dict_keys(['example_branch_operator']) retrieved from /Users/gabrielroger/Documents/projects/weather-data/.venv/lib/python3.9/site-packages/airflow/example_dags/example_branch_operator.py
[2023-03-23 22:57:56,432] {logging_mixin.py:115} INFO - [2023-03-23 22:57:56,432] {dag.py:2379} INFO - Sync 1 DAGs
[2023-03-23 22:57:56,440] {logging_mixin.py:115} INFO - [2023-03-23 22:57:56,439] {dag.py:2927} INFO - Setting next_dagrun for example_branch_operator to 2023-03-23T00:00:00+00:00, run_after=2023-03-24T00:00:00+00:00
[2023-03-23 22:57:56,444] {processor.py:161} INFO - Processing /Users/gabrielroger/Documents/projects/weather-data/.venv/lib/python3.9/site-packages/airflow/example_dags/example_branch_operator.py took 0.058 seconds
[2023-03-23 22:58:55,396] {processor.py:153} INFO - Started process (PID=1886) to work on /Users/gabrielroger/Documents/projects/weather-data/.venv/lib/python3.9/site-packages/airflow/example_dags/example_branch_operator.py
[2023-03-23 22:58:55,397] {processor.py:641} INFO - Processing file /Users/gabrielroger/Documents/projects/weather-data/.venv/lib/python3.9/site-packages/airflow/example_dags/example_branch_operator.py for tasks to queue
[2023-03-23 22:58:55,397] {logging_mixin.py:115} INFO - [2023-03-23 22:58:55,397] {dagbag.py:507} INFO - Filling up the DagBag from /Users/gabrielroger/Documents/projects/weather-data/.venv/lib/python3.9/site-packages/airflow/example_dags/example_branch_operator.py
[2023-03-23 22:58:55,411] {processor.py:651} INFO - DAG(s) dict_keys(['example_branch_operator']) retrieved from /Users/gabrielroger/Documents/projects/weather-data/.venv/lib/python3.9/site-packages/airflow/example_dags/example_branch_operator.py
[2023-03-23 22:58:55,441] {logging_mixin.py:115} INFO - [2023-03-23 22:58:55,441] {dag.py:2379} INFO - Sync 1 DAGs
[2023-03-23 22:58:55,449] {logging_mixin.py:115} INFO - [2023-03-23 22:58:55,449] {dag.py:2927} INFO - Setting next_dagrun for example_branch_operator to 2023-03-23T00:00:00+00:00, run_after=2023-03-24T00:00:00+00:00
[2023-03-23 22:58:55,454] {processor.py:161} INFO - Processing /Users/gabrielroger/Documents/projects/weather-data/.venv/lib/python3.9/site-packages/airflow/example_dags/example_branch_operator.py took 0.059 seconds
[2023-03-23 22:59:56,085] {processor.py:153} INFO - Started process (PID=1938) to work on /Users/gabrielroger/Documents/projects/weather-data/.venv/lib/python3.9/site-packages/airflow/example_dags/example_branch_operator.py
[2023-03-23 22:59:56,086] {processor.py:641} INFO - Processing file /Users/gabrielroger/Documents/projects/weather-data/.venv/lib/python3.9/site-packages/airflow/example_dags/example_branch_operator.py for tasks to queue
[2023-03-23 22:59:56,086] {logging_mixin.py:115} INFO - [2023-03-23 22:59:56,086] {dagbag.py:507} INFO - Filling up the DagBag from /Users/gabrielroger/Documents/projects/weather-data/.venv/lib/python3.9/site-packages/airflow/example_dags/example_branch_operator.py
[2023-03-23 22:59:56,101] {processor.py:651} INFO - DAG(s) dict_keys(['example_branch_operator']) retrieved from /Users/gabrielroger/Documents/projects/weather-data/.venv/lib/python3.9/site-packages/airflow/example_dags/example_branch_operator.py
[2023-03-23 22:59:56,131] {logging_mixin.py:115} INFO - [2023-03-23 22:59:56,131] {dag.py:2379} INFO - Sync 1 DAGs
[2023-03-23 22:59:56,139] {logging_mixin.py:115} INFO - [2023-03-23 22:59:56,139] {dag.py:2927} INFO - Setting next_dagrun for example_branch_operator to 2023-03-23T00:00:00+00:00, run_after=2023-03-24T00:00:00+00:00
[2023-03-23 22:59:56,144] {processor.py:161} INFO - Processing /Users/gabrielroger/Documents/projects/weather-data/.venv/lib/python3.9/site-packages/airflow/example_dags/example_branch_operator.py took 0.059 seconds
[2023-03-23 23:00:50,837] {processor.py:153} INFO - Started process (PID=1987) to work on /Users/gabrielroger/Documents/projects/weather-data/.venv/lib/python3.9/site-packages/airflow/example_dags/example_branch_operator.py
[2023-03-23 23:00:50,838] {processor.py:641} INFO - Processing file /Users/gabrielroger/Documents/projects/weather-data/.venv/lib/python3.9/site-packages/airflow/example_dags/example_branch_operator.py for tasks to queue
[2023-03-23 23:00:50,838] {logging_mixin.py:115} INFO - [2023-03-23 23:00:50,838] {dagbag.py:507} INFO - Filling up the DagBag from /Users/gabrielroger/Documents/projects/weather-data/.venv/lib/python3.9/site-packages/airflow/example_dags/example_branch_operator.py
[2023-03-23 23:00:50,853] {processor.py:651} INFO - DAG(s) dict_keys(['example_branch_operator']) retrieved from /Users/gabrielroger/Documents/projects/weather-data/.venv/lib/python3.9/site-packages/airflow/example_dags/example_branch_operator.py
[2023-03-23 23:00:50,883] {logging_mixin.py:115} INFO - [2023-03-23 23:00:50,883] {dag.py:2379} INFO - Sync 1 DAGs
[2023-03-23 23:00:50,891] {logging_mixin.py:115} INFO - [2023-03-23 23:00:50,891] {dag.py:2927} INFO - Setting next_dagrun for example_branch_operator to 2023-03-23T00:00:00+00:00, run_after=2023-03-24T00:00:00+00:00
[2023-03-23 23:00:50,896] {processor.py:161} INFO - Processing /Users/gabrielroger/Documents/projects/weather-data/.venv/lib/python3.9/site-packages/airflow/example_dags/example_branch_operator.py took 0.059 seconds
[2023-03-23 23:01:58,508] {processor.py:153} INFO - Started process (PID=2044) to work on /Users/gabrielroger/Documents/projects/weather-data/.venv/lib/python3.9/site-packages/airflow/example_dags/example_branch_operator.py
[2023-03-23 23:01:58,508] {processor.py:641} INFO - Processing file /Users/gabrielroger/Documents/projects/weather-data/.venv/lib/python3.9/site-packages/airflow/example_dags/example_branch_operator.py for tasks to queue
[2023-03-23 23:01:58,509] {logging_mixin.py:115} INFO - [2023-03-23 23:01:58,509] {dagbag.py:507} INFO - Filling up the DagBag from /Users/gabrielroger/Documents/projects/weather-data/.venv/lib/python3.9/site-packages/airflow/example_dags/example_branch_operator.py
[2023-03-23 23:01:58,523] {processor.py:651} INFO - DAG(s) dict_keys(['example_branch_operator']) retrieved from /Users/gabrielroger/Documents/projects/weather-data/.venv/lib/python3.9/site-packages/airflow/example_dags/example_branch_operator.py
[2023-03-23 23:01:58,555] {logging_mixin.py:115} INFO - [2023-03-23 23:01:58,555] {dag.py:2379} INFO - Sync 1 DAGs
[2023-03-23 23:01:58,565] {logging_mixin.py:115} INFO - [2023-03-23 23:01:58,565] {dag.py:2927} INFO - Setting next_dagrun for example_branch_operator to 2023-03-23T00:00:00+00:00, run_after=2023-03-24T00:00:00+00:00
[2023-03-23 23:01:58,570] {processor.py:161} INFO - Processing /Users/gabrielroger/Documents/projects/weather-data/.venv/lib/python3.9/site-packages/airflow/example_dags/example_branch_operator.py took 0.063 seconds
[2023-03-23 23:03:02,233] {processor.py:153} INFO - Started process (PID=2112) to work on /Users/gabrielroger/Documents/projects/weather-data/.venv/lib/python3.9/site-packages/airflow/example_dags/example_branch_operator.py
[2023-03-23 23:03:02,234] {processor.py:641} INFO - Processing file /Users/gabrielroger/Documents/projects/weather-data/.venv/lib/python3.9/site-packages/airflow/example_dags/example_branch_operator.py for tasks to queue
[2023-03-23 23:03:02,234] {logging_mixin.py:115} INFO - [2023-03-23 23:03:02,234] {dagbag.py:507} INFO - Filling up the DagBag from /Users/gabrielroger/Documents/projects/weather-data/.venv/lib/python3.9/site-packages/airflow/example_dags/example_branch_operator.py
[2023-03-23 23:03:02,248] {processor.py:651} INFO - DAG(s) dict_keys(['example_branch_operator']) retrieved from /Users/gabrielroger/Documents/projects/weather-data/.venv/lib/python3.9/site-packages/airflow/example_dags/example_branch_operator.py
[2023-03-23 23:03:02,278] {logging_mixin.py:115} INFO - [2023-03-23 23:03:02,278] {dag.py:2379} INFO - Sync 1 DAGs
[2023-03-23 23:03:02,286] {logging_mixin.py:115} INFO - [2023-03-23 23:03:02,286] {dag.py:2927} INFO - Setting next_dagrun for example_branch_operator to 2023-03-23T00:00:00+00:00, run_after=2023-03-24T00:00:00+00:00
[2023-03-23 23:03:02,291] {processor.py:161} INFO - Processing /Users/gabrielroger/Documents/projects/weather-data/.venv/lib/python3.9/site-packages/airflow/example_dags/example_branch_operator.py took 0.058 seconds
[2023-03-23 23:04:02,038] {processor.py:153} INFO - Started process (PID=2159) to work on /Users/gabrielroger/Documents/projects/weather-data/.venv/lib/python3.9/site-packages/airflow/example_dags/example_branch_operator.py
[2023-03-23 23:04:02,039] {processor.py:641} INFO - Processing file /Users/gabrielroger/Documents/projects/weather-data/.venv/lib/python3.9/site-packages/airflow/example_dags/example_branch_operator.py for tasks to queue
[2023-03-23 23:04:02,039] {logging_mixin.py:115} INFO - [2023-03-23 23:04:02,039] {dagbag.py:507} INFO - Filling up the DagBag from /Users/gabrielroger/Documents/projects/weather-data/.venv/lib/python3.9/site-packages/airflow/example_dags/example_branch_operator.py
[2023-03-23 23:04:02,054] {processor.py:651} INFO - DAG(s) dict_keys(['example_branch_operator']) retrieved from /Users/gabrielroger/Documents/projects/weather-data/.venv/lib/python3.9/site-packages/airflow/example_dags/example_branch_operator.py
[2023-03-23 23:04:02,083] {logging_mixin.py:115} INFO - [2023-03-23 23:04:02,083] {dag.py:2379} INFO - Sync 1 DAGs
[2023-03-23 23:04:02,091] {logging_mixin.py:115} INFO - [2023-03-23 23:04:02,091] {dag.py:2927} INFO - Setting next_dagrun for example_branch_operator to 2023-03-23T00:00:00+00:00, run_after=2023-03-24T00:00:00+00:00
[2023-03-23 23:04:02,096] {processor.py:161} INFO - Processing /Users/gabrielroger/Documents/projects/weather-data/.venv/lib/python3.9/site-packages/airflow/example_dags/example_branch_operator.py took 0.059 seconds
[2023-03-23 23:04:56,855] {processor.py:153} INFO - Started process (PID=2199) to work on /Users/gabrielroger/Documents/projects/weather-data/.venv/lib/python3.9/site-packages/airflow/example_dags/example_branch_operator.py
[2023-03-23 23:04:56,856] {processor.py:641} INFO - Processing file /Users/gabrielroger/Documents/projects/weather-data/.venv/lib/python3.9/site-packages/airflow/example_dags/example_branch_operator.py for tasks to queue
[2023-03-23 23:04:56,856] {logging_mixin.py:115} INFO - [2023-03-23 23:04:56,856] {dagbag.py:507} INFO - Filling up the DagBag from /Users/gabrielroger/Documents/projects/weather-data/.venv/lib/python3.9/site-packages/airflow/example_dags/example_branch_operator.py
[2023-03-23 23:04:56,871] {processor.py:651} INFO - DAG(s) dict_keys(['example_branch_operator']) retrieved from /Users/gabrielroger/Documents/projects/weather-data/.venv/lib/python3.9/site-packages/airflow/example_dags/example_branch_operator.py
[2023-03-23 23:04:56,901] {logging_mixin.py:115} INFO - [2023-03-23 23:04:56,901] {dag.py:2379} INFO - Sync 1 DAGs
[2023-03-23 23:04:56,909] {logging_mixin.py:115} INFO - [2023-03-23 23:04:56,909] {dag.py:2927} INFO - Setting next_dagrun for example_branch_operator to 2023-03-23T00:00:00+00:00, run_after=2023-03-24T00:00:00+00:00
[2023-03-23 23:04:56,914] {processor.py:161} INFO - Processing /Users/gabrielroger/Documents/projects/weather-data/.venv/lib/python3.9/site-packages/airflow/example_dags/example_branch_operator.py took 0.059 seconds
[2023-03-23 23:05:55,669] {processor.py:153} INFO - Started process (PID=2246) to work on /Users/gabrielroger/Documents/projects/weather-data/.venv/lib/python3.9/site-packages/airflow/example_dags/example_branch_operator.py
[2023-03-23 23:05:55,669] {processor.py:641} INFO - Processing file /Users/gabrielroger/Documents/projects/weather-data/.venv/lib/python3.9/site-packages/airflow/example_dags/example_branch_operator.py for tasks to queue
[2023-03-23 23:05:55,669] {logging_mixin.py:115} INFO - [2023-03-23 23:05:55,669] {dagbag.py:507} INFO - Filling up the DagBag from /Users/gabrielroger/Documents/projects/weather-data/.venv/lib/python3.9/site-packages/airflow/example_dags/example_branch_operator.py
[2023-03-23 23:05:55,684] {processor.py:651} INFO - DAG(s) dict_keys(['example_branch_operator']) retrieved from /Users/gabrielroger/Documents/projects/weather-data/.venv/lib/python3.9/site-packages/airflow/example_dags/example_branch_operator.py
[2023-03-23 23:05:55,714] {logging_mixin.py:115} INFO - [2023-03-23 23:05:55,714] {dag.py:2379} INFO - Sync 1 DAGs
[2023-03-23 23:05:55,722] {logging_mixin.py:115} INFO - [2023-03-23 23:05:55,722] {dag.py:2927} INFO - Setting next_dagrun for example_branch_operator to 2023-03-23T00:00:00+00:00, run_after=2023-03-24T00:00:00+00:00
[2023-03-23 23:05:55,727] {processor.py:161} INFO - Processing /Users/gabrielroger/Documents/projects/weather-data/.venv/lib/python3.9/site-packages/airflow/example_dags/example_branch_operator.py took 0.058 seconds
[2023-03-23 23:07:05,589] {processor.py:153} INFO - Started process (PID=2310) to work on /Users/gabrielroger/Documents/projects/weather-data/.venv/lib/python3.9/site-packages/airflow/example_dags/example_branch_operator.py
[2023-03-23 23:07:05,589] {processor.py:641} INFO - Processing file /Users/gabrielroger/Documents/projects/weather-data/.venv/lib/python3.9/site-packages/airflow/example_dags/example_branch_operator.py for tasks to queue
[2023-03-23 23:07:05,589] {logging_mixin.py:115} INFO - [2023-03-23 23:07:05,589] {dagbag.py:507} INFO - Filling up the DagBag from /Users/gabrielroger/Documents/projects/weather-data/.venv/lib/python3.9/site-packages/airflow/example_dags/example_branch_operator.py
[2023-03-23 23:07:05,604] {processor.py:651} INFO - DAG(s) dict_keys(['example_branch_operator']) retrieved from /Users/gabrielroger/Documents/projects/weather-data/.venv/lib/python3.9/site-packages/airflow/example_dags/example_branch_operator.py
[2023-03-23 23:07:05,635] {logging_mixin.py:115} INFO - [2023-03-23 23:07:05,635] {dag.py:2379} INFO - Sync 1 DAGs
[2023-03-23 23:07:05,644] {logging_mixin.py:115} INFO - [2023-03-23 23:07:05,643] {dag.py:2927} INFO - Setting next_dagrun for example_branch_operator to 2023-03-23T00:00:00+00:00, run_after=2023-03-24T00:00:00+00:00
[2023-03-23 23:07:05,649] {processor.py:161} INFO - Processing /Users/gabrielroger/Documents/projects/weather-data/.venv/lib/python3.9/site-packages/airflow/example_dags/example_branch_operator.py took 0.060 seconds
[2023-03-23 23:08:25,532] {processor.py:153} INFO - Started process (PID=2381) to work on /Users/gabrielroger/Documents/projects/weather-data/.venv/lib/python3.9/site-packages/airflow/example_dags/example_branch_operator.py
[2023-03-23 23:08:25,533] {processor.py:641} INFO - Processing file /Users/gabrielroger/Documents/projects/weather-data/.venv/lib/python3.9/site-packages/airflow/example_dags/example_branch_operator.py for tasks to queue
[2023-03-23 23:08:25,534] {logging_mixin.py:115} INFO - [2023-03-23 23:08:25,534] {dagbag.py:507} INFO - Filling up the DagBag from /Users/gabrielroger/Documents/projects/weather-data/.venv/lib/python3.9/site-packages/airflow/example_dags/example_branch_operator.py
[2023-03-23 23:08:25,548] {processor.py:651} INFO - DAG(s) dict_keys(['example_branch_operator']) retrieved from /Users/gabrielroger/Documents/projects/weather-data/.venv/lib/python3.9/site-packages/airflow/example_dags/example_branch_operator.py
[2023-03-23 23:08:25,579] {logging_mixin.py:115} INFO - [2023-03-23 23:08:25,579] {dag.py:2379} INFO - Sync 1 DAGs
[2023-03-23 23:08:25,587] {logging_mixin.py:115} INFO - [2023-03-23 23:08:25,587] {dag.py:2927} INFO - Setting next_dagrun for example_branch_operator to 2023-03-23T00:00:00+00:00, run_after=2023-03-24T00:00:00+00:00
[2023-03-23 23:08:25,592] {processor.py:161} INFO - Processing /Users/gabrielroger/Documents/projects/weather-data/.venv/lib/python3.9/site-packages/airflow/example_dags/example_branch_operator.py took 0.060 seconds
[2023-03-23 23:09:31,853] {processor.py:153} INFO - Started process (PID=2428) to work on /Users/gabrielroger/Documents/projects/weather-data/.venv/lib/python3.9/site-packages/airflow/example_dags/example_branch_operator.py
[2023-03-23 23:09:31,854] {processor.py:641} INFO - Processing file /Users/gabrielroger/Documents/projects/weather-data/.venv/lib/python3.9/site-packages/airflow/example_dags/example_branch_operator.py for tasks to queue
[2023-03-23 23:09:31,854] {logging_mixin.py:115} INFO - [2023-03-23 23:09:31,854] {dagbag.py:507} INFO - Filling up the DagBag from /Users/gabrielroger/Documents/projects/weather-data/.venv/lib/python3.9/site-packages/airflow/example_dags/example_branch_operator.py
[2023-03-23 23:09:31,869] {processor.py:651} INFO - DAG(s) dict_keys(['example_branch_operator']) retrieved from /Users/gabrielroger/Documents/projects/weather-data/.venv/lib/python3.9/site-packages/airflow/example_dags/example_branch_operator.py
[2023-03-23 23:09:31,899] {logging_mixin.py:115} INFO - [2023-03-23 23:09:31,899] {dag.py:2379} INFO - Sync 1 DAGs
[2023-03-23 23:09:31,907] {logging_mixin.py:115} INFO - [2023-03-23 23:09:31,907] {dag.py:2927} INFO - Setting next_dagrun for example_branch_operator to 2023-03-23T00:00:00+00:00, run_after=2023-03-24T00:00:00+00:00
[2023-03-23 23:09:31,912] {processor.py:161} INFO - Processing /Users/gabrielroger/Documents/projects/weather-data/.venv/lib/python3.9/site-packages/airflow/example_dags/example_branch_operator.py took 0.059 seconds
[2023-03-23 23:10:33,898] {processor.py:153} INFO - Started process (PID=2477) to work on /Users/gabrielroger/Documents/projects/weather-data/.venv/lib/python3.9/site-packages/airflow/example_dags/example_branch_operator.py
[2023-03-23 23:10:33,899] {processor.py:641} INFO - Processing file /Users/gabrielroger/Documents/projects/weather-data/.venv/lib/python3.9/site-packages/airflow/example_dags/example_branch_operator.py for tasks to queue
[2023-03-23 23:10:33,899] {logging_mixin.py:115} INFO - [2023-03-23 23:10:33,899] {dagbag.py:507} INFO - Filling up the DagBag from /Users/gabrielroger/Documents/projects/weather-data/.venv/lib/python3.9/site-packages/airflow/example_dags/example_branch_operator.py
[2023-03-23 23:10:33,914] {processor.py:651} INFO - DAG(s) dict_keys(['example_branch_operator']) retrieved from /Users/gabrielroger/Documents/projects/weather-data/.venv/lib/python3.9/site-packages/airflow/example_dags/example_branch_operator.py
[2023-03-23 23:10:33,944] {logging_mixin.py:115} INFO - [2023-03-23 23:10:33,944] {dag.py:2379} INFO - Sync 1 DAGs
[2023-03-23 23:10:33,952] {logging_mixin.py:115} INFO - [2023-03-23 23:10:33,952] {dag.py:2927} INFO - Setting next_dagrun for example_branch_operator to 2023-03-23T00:00:00+00:00, run_after=2023-03-24T00:00:00+00:00
[2023-03-23 23:10:33,957] {processor.py:161} INFO - Processing /Users/gabrielroger/Documents/projects/weather-data/.venv/lib/python3.9/site-packages/airflow/example_dags/example_branch_operator.py took 0.059 seconds
