[2023-03-23 22:57:34,731] {processor.py:153} INFO - Started process (PID=1825) to work on /Users/gabrielroger/Documents/projects/weather-data/.venv/lib/python3.9/site-packages/airflow/example_dags/example_sla_dag.py
[2023-03-23 22:57:34,731] {processor.py:641} INFO - Processing file /Users/gabrielroger/Documents/projects/weather-data/.venv/lib/python3.9/site-packages/airflow/example_dags/example_sla_dag.py for tasks to queue
[2023-03-23 22:57:34,731] {logging_mixin.py:115} INFO - [2023-03-23 22:57:34,731] {dagbag.py:507} INFO - Filling up the DagBag from /Users/gabrielroger/Documents/projects/weather-data/.venv/lib/python3.9/site-packages/airflow/example_dags/example_sla_dag.py
[2023-03-23 22:57:34,749] {processor.py:651} INFO - DAG(s) dict_keys(['example_sla_dag']) retrieved from /Users/gabrielroger/Documents/projects/weather-data/.venv/lib/python3.9/site-packages/airflow/example_dags/example_sla_dag.py
[2023-03-23 22:57:34,779] {logging_mixin.py:115} INFO - [2023-03-23 22:57:34,779] {dag.py:2379} INFO - Sync 1 DAGs
[2023-03-23 22:57:34,787] {logging_mixin.py:115} INFO - [2023-03-23 22:57:34,787] {dag.py:2927} INFO - Setting next_dagrun for example_sla_dag to 2023-03-24T01:54:00+00:00, run_after=2023-03-24T01:56:00+00:00
[2023-03-23 22:57:34,792] {processor.py:161} INFO - Processing /Users/gabrielroger/Documents/projects/weather-data/.venv/lib/python3.9/site-packages/airflow/example_dags/example_sla_dag.py took 0.061 seconds
[2023-03-23 22:58:24,711] {processor.py:153} INFO - Started process (PID=1863) to work on /Users/gabrielroger/Documents/projects/weather-data/.venv/lib/python3.9/site-packages/airflow/example_dags/example_sla_dag.py
[2023-03-23 22:58:24,712] {processor.py:641} INFO - Processing file /Users/gabrielroger/Documents/projects/weather-data/.venv/lib/python3.9/site-packages/airflow/example_dags/example_sla_dag.py for tasks to queue
[2023-03-23 22:58:24,712] {logging_mixin.py:115} INFO - [2023-03-23 22:58:24,712] {dagbag.py:507} INFO - Filling up the DagBag from /Users/gabrielroger/Documents/projects/weather-data/.venv/lib/python3.9/site-packages/airflow/example_dags/example_sla_dag.py
[2023-03-23 22:58:24,730] {processor.py:651} INFO - DAG(s) dict_keys(['example_sla_dag']) retrieved from /Users/gabrielroger/Documents/projects/weather-data/.venv/lib/python3.9/site-packages/airflow/example_dags/example_sla_dag.py
[2023-03-23 22:58:24,759] {logging_mixin.py:115} INFO - [2023-03-23 22:58:24,759] {dag.py:2379} INFO - Sync 1 DAGs
[2023-03-23 22:58:24,767] {logging_mixin.py:115} INFO - [2023-03-23 22:58:24,767] {dag.py:2927} INFO - Setting next_dagrun for example_sla_dag to 2023-03-24T01:56:00+00:00, run_after=2023-03-24T01:58:00+00:00
[2023-03-23 22:58:24,772] {processor.py:161} INFO - Processing /Users/gabrielroger/Documents/projects/weather-data/.venv/lib/python3.9/site-packages/airflow/example_dags/example_sla_dag.py took 0.061 seconds
[2023-03-23 22:59:14,122] {processor.py:153} INFO - Started process (PID=1905) to work on /Users/gabrielroger/Documents/projects/weather-data/.venv/lib/python3.9/site-packages/airflow/example_dags/example_sla_dag.py
[2023-03-23 22:59:14,122] {processor.py:641} INFO - Processing file /Users/gabrielroger/Documents/projects/weather-data/.venv/lib/python3.9/site-packages/airflow/example_dags/example_sla_dag.py for tasks to queue
[2023-03-23 22:59:14,123] {logging_mixin.py:115} INFO - [2023-03-23 22:59:14,123] {dagbag.py:507} INFO - Filling up the DagBag from /Users/gabrielroger/Documents/projects/weather-data/.venv/lib/python3.9/site-packages/airflow/example_dags/example_sla_dag.py
[2023-03-23 22:59:14,140] {processor.py:651} INFO - DAG(s) dict_keys(['example_sla_dag']) retrieved from /Users/gabrielroger/Documents/projects/weather-data/.venv/lib/python3.9/site-packages/airflow/example_dags/example_sla_dag.py
[2023-03-23 22:59:14,170] {logging_mixin.py:115} INFO - [2023-03-23 22:59:14,170] {dag.py:2379} INFO - Sync 1 DAGs
[2023-03-23 22:59:14,178] {logging_mixin.py:115} INFO - [2023-03-23 22:59:14,178] {dag.py:2927} INFO - Setting next_dagrun for example_sla_dag to 2023-03-24T01:56:00+00:00, run_after=2023-03-24T01:58:00+00:00
[2023-03-23 22:59:14,182] {processor.py:161} INFO - Processing /Users/gabrielroger/Documents/projects/weather-data/.venv/lib/python3.9/site-packages/airflow/example_dags/example_sla_dag.py took 0.061 seconds
[2023-03-23 23:00:29,087] {processor.py:153} INFO - Started process (PID=1972) to work on /Users/gabrielroger/Documents/projects/weather-data/.venv/lib/python3.9/site-packages/airflow/example_dags/example_sla_dag.py
[2023-03-23 23:00:29,088] {processor.py:641} INFO - Processing file /Users/gabrielroger/Documents/projects/weather-data/.venv/lib/python3.9/site-packages/airflow/example_dags/example_sla_dag.py for tasks to queue
[2023-03-23 23:00:29,088] {logging_mixin.py:115} INFO - [2023-03-23 23:00:29,088] {dagbag.py:507} INFO - Filling up the DagBag from /Users/gabrielroger/Documents/projects/weather-data/.venv/lib/python3.9/site-packages/airflow/example_dags/example_sla_dag.py
[2023-03-23 23:00:29,106] {processor.py:651} INFO - DAG(s) dict_keys(['example_sla_dag']) retrieved from /Users/gabrielroger/Documents/projects/weather-data/.venv/lib/python3.9/site-packages/airflow/example_dags/example_sla_dag.py
[2023-03-23 23:00:29,137] {logging_mixin.py:115} INFO - [2023-03-23 23:00:29,137] {dag.py:2379} INFO - Sync 1 DAGs
[2023-03-23 23:00:29,146] {logging_mixin.py:115} INFO - [2023-03-23 23:00:29,146] {dag.py:2927} INFO - Setting next_dagrun for example_sla_dag to 2023-03-24T01:58:00+00:00, run_after=2023-03-24T02:00:00+00:00
[2023-03-23 23:00:29,151] {processor.py:161} INFO - Processing /Users/gabrielroger/Documents/projects/weather-data/.venv/lib/python3.9/site-packages/airflow/example_dags/example_sla_dag.py took 0.064 seconds
[2023-03-23 23:01:22,071] {processor.py:153} INFO - Started process (PID=2008) to work on /Users/gabrielroger/Documents/projects/weather-data/.venv/lib/python3.9/site-packages/airflow/example_dags/example_sla_dag.py
[2023-03-23 23:01:22,071] {processor.py:641} INFO - Processing file /Users/gabrielroger/Documents/projects/weather-data/.venv/lib/python3.9/site-packages/airflow/example_dags/example_sla_dag.py for tasks to queue
[2023-03-23 23:01:22,072] {logging_mixin.py:115} INFO - [2023-03-23 23:01:22,072] {dagbag.py:507} INFO - Filling up the DagBag from /Users/gabrielroger/Documents/projects/weather-data/.venv/lib/python3.9/site-packages/airflow/example_dags/example_sla_dag.py
[2023-03-23 23:01:22,089] {processor.py:651} INFO - DAG(s) dict_keys(['example_sla_dag']) retrieved from /Users/gabrielroger/Documents/projects/weather-data/.venv/lib/python3.9/site-packages/airflow/example_dags/example_sla_dag.py
[2023-03-23 23:01:22,119] {logging_mixin.py:115} INFO - [2023-03-23 23:01:22,119] {dag.py:2379} INFO - Sync 1 DAGs
[2023-03-23 23:01:22,127] {logging_mixin.py:115} INFO - [2023-03-23 23:01:22,127] {dag.py:2927} INFO - Setting next_dagrun for example_sla_dag to 2023-03-24T01:58:00+00:00, run_after=2023-03-24T02:00:00+00:00
[2023-03-23 23:01:22,132] {processor.py:161} INFO - Processing /Users/gabrielroger/Documents/projects/weather-data/.venv/lib/python3.9/site-packages/airflow/example_dags/example_sla_dag.py took 0.062 seconds
[2023-03-23 23:02:40,824] {processor.py:153} INFO - Started process (PID=2086) to work on /Users/gabrielroger/Documents/projects/weather-data/.venv/lib/python3.9/site-packages/airflow/example_dags/example_sla_dag.py
[2023-03-23 23:02:40,824] {processor.py:641} INFO - Processing file /Users/gabrielroger/Documents/projects/weather-data/.venv/lib/python3.9/site-packages/airflow/example_dags/example_sla_dag.py for tasks to queue
[2023-03-23 23:02:40,825] {logging_mixin.py:115} INFO - [2023-03-23 23:02:40,824] {dagbag.py:507} INFO - Filling up the DagBag from /Users/gabrielroger/Documents/projects/weather-data/.venv/lib/python3.9/site-packages/airflow/example_dags/example_sla_dag.py
[2023-03-23 23:02:40,842] {processor.py:651} INFO - DAG(s) dict_keys(['example_sla_dag']) retrieved from /Users/gabrielroger/Documents/projects/weather-data/.venv/lib/python3.9/site-packages/airflow/example_dags/example_sla_dag.py
[2023-03-23 23:02:40,873] {logging_mixin.py:115} INFO - [2023-03-23 23:02:40,873] {dag.py:2379} INFO - Sync 1 DAGs
[2023-03-23 23:02:40,881] {logging_mixin.py:115} INFO - [2023-03-23 23:02:40,881] {dag.py:2927} INFO - Setting next_dagrun for example_sla_dag to 2023-03-24T02:00:00+00:00, run_after=2023-03-24T02:02:00+00:00
[2023-03-23 23:02:40,886] {processor.py:161} INFO - Processing /Users/gabrielroger/Documents/projects/weather-data/.venv/lib/python3.9/site-packages/airflow/example_dags/example_sla_dag.py took 0.063 seconds
[2023-03-23 23:03:31,387] {processor.py:153} INFO - Started process (PID=2135) to work on /Users/gabrielroger/Documents/projects/weather-data/.venv/lib/python3.9/site-packages/airflow/example_dags/example_sla_dag.py
[2023-03-23 23:03:31,387] {processor.py:641} INFO - Processing file /Users/gabrielroger/Documents/projects/weather-data/.venv/lib/python3.9/site-packages/airflow/example_dags/example_sla_dag.py for tasks to queue
[2023-03-23 23:03:31,387] {logging_mixin.py:115} INFO - [2023-03-23 23:03:31,387] {dagbag.py:507} INFO - Filling up the DagBag from /Users/gabrielroger/Documents/projects/weather-data/.venv/lib/python3.9/site-packages/airflow/example_dags/example_sla_dag.py
[2023-03-23 23:03:31,405] {processor.py:651} INFO - DAG(s) dict_keys(['example_sla_dag']) retrieved from /Users/gabrielroger/Documents/projects/weather-data/.venv/lib/python3.9/site-packages/airflow/example_dags/example_sla_dag.py
[2023-03-23 23:03:31,436] {logging_mixin.py:115} INFO - [2023-03-23 23:03:31,436] {dag.py:2379} INFO - Sync 1 DAGs
[2023-03-23 23:03:31,445] {logging_mixin.py:115} INFO - [2023-03-23 23:03:31,445] {dag.py:2927} INFO - Setting next_dagrun for example_sla_dag to 2023-03-24T02:00:00+00:00, run_after=2023-03-24T02:02:00+00:00
[2023-03-23 23:03:31,450] {processor.py:161} INFO - Processing /Users/gabrielroger/Documents/projects/weather-data/.venv/lib/python3.9/site-packages/airflow/example_dags/example_sla_dag.py took 0.063 seconds
[2023-03-23 23:04:20,646] {processor.py:153} INFO - Started process (PID=2173) to work on /Users/gabrielroger/Documents/projects/weather-data/.venv/lib/python3.9/site-packages/airflow/example_dags/example_sla_dag.py
[2023-03-23 23:04:20,647] {processor.py:641} INFO - Processing file /Users/gabrielroger/Documents/projects/weather-data/.venv/lib/python3.9/site-packages/airflow/example_dags/example_sla_dag.py for tasks to queue
[2023-03-23 23:04:20,647] {logging_mixin.py:115} INFO - [2023-03-23 23:04:20,647] {dagbag.py:507} INFO - Filling up the DagBag from /Users/gabrielroger/Documents/projects/weather-data/.venv/lib/python3.9/site-packages/airflow/example_dags/example_sla_dag.py
[2023-03-23 23:04:20,664] {processor.py:651} INFO - DAG(s) dict_keys(['example_sla_dag']) retrieved from /Users/gabrielroger/Documents/projects/weather-data/.venv/lib/python3.9/site-packages/airflow/example_dags/example_sla_dag.py
[2023-03-23 23:04:20,695] {logging_mixin.py:115} INFO - [2023-03-23 23:04:20,694] {dag.py:2379} INFO - Sync 1 DAGs
[2023-03-23 23:04:20,703] {logging_mixin.py:115} INFO - [2023-03-23 23:04:20,703] {dag.py:2927} INFO - Setting next_dagrun for example_sla_dag to 2023-03-24T02:02:00+00:00, run_after=2023-03-24T02:04:00+00:00
[2023-03-23 23:04:20,709] {processor.py:161} INFO - Processing /Users/gabrielroger/Documents/projects/weather-data/.venv/lib/python3.9/site-packages/airflow/example_dags/example_sla_dag.py took 0.064 seconds
[2023-03-23 23:05:16,139] {processor.py:153} INFO - Started process (PID=2215) to work on /Users/gabrielroger/Documents/projects/weather-data/.venv/lib/python3.9/site-packages/airflow/example_dags/example_sla_dag.py
[2023-03-23 23:05:16,139] {processor.py:641} INFO - Processing file /Users/gabrielroger/Documents/projects/weather-data/.venv/lib/python3.9/site-packages/airflow/example_dags/example_sla_dag.py for tasks to queue
[2023-03-23 23:05:16,140] {logging_mixin.py:115} INFO - [2023-03-23 23:05:16,140] {dagbag.py:507} INFO - Filling up the DagBag from /Users/gabrielroger/Documents/projects/weather-data/.venv/lib/python3.9/site-packages/airflow/example_dags/example_sla_dag.py
[2023-03-23 23:05:16,157] {processor.py:651} INFO - DAG(s) dict_keys(['example_sla_dag']) retrieved from /Users/gabrielroger/Documents/projects/weather-data/.venv/lib/python3.9/site-packages/airflow/example_dags/example_sla_dag.py
[2023-03-23 23:05:16,187] {logging_mixin.py:115} INFO - [2023-03-23 23:05:16,187] {dag.py:2379} INFO - Sync 1 DAGs
[2023-03-23 23:05:16,195] {logging_mixin.py:115} INFO - [2023-03-23 23:05:16,195] {dag.py:2927} INFO - Setting next_dagrun for example_sla_dag to 2023-03-24T02:02:00+00:00, run_after=2023-03-24T02:04:00+00:00
[2023-03-23 23:05:16,200] {processor.py:161} INFO - Processing /Users/gabrielroger/Documents/projects/weather-data/.venv/lib/python3.9/site-packages/airflow/example_dags/example_sla_dag.py took 0.062 seconds
[2023-03-23 23:06:43,822] {processor.py:153} INFO - Started process (PID=2295) to work on /Users/gabrielroger/Documents/projects/weather-data/.venv/lib/python3.9/site-packages/airflow/example_dags/example_sla_dag.py
[2023-03-23 23:06:43,823] {processor.py:641} INFO - Processing file /Users/gabrielroger/Documents/projects/weather-data/.venv/lib/python3.9/site-packages/airflow/example_dags/example_sla_dag.py for tasks to queue
[2023-03-23 23:06:43,823] {logging_mixin.py:115} INFO - [2023-03-23 23:06:43,823] {dagbag.py:507} INFO - Filling up the DagBag from /Users/gabrielroger/Documents/projects/weather-data/.venv/lib/python3.9/site-packages/airflow/example_dags/example_sla_dag.py
[2023-03-23 23:06:43,840] {processor.py:651} INFO - DAG(s) dict_keys(['example_sla_dag']) retrieved from /Users/gabrielroger/Documents/projects/weather-data/.venv/lib/python3.9/site-packages/airflow/example_dags/example_sla_dag.py
[2023-03-23 23:06:43,871] {logging_mixin.py:115} INFO - [2023-03-23 23:06:43,871] {dag.py:2379} INFO - Sync 1 DAGs
[2023-03-23 23:06:43,879] {logging_mixin.py:115} INFO - [2023-03-23 23:06:43,879] {dag.py:2927} INFO - Setting next_dagrun for example_sla_dag to 2023-03-24T02:04:00+00:00, run_after=2023-03-24T02:06:00+00:00
[2023-03-23 23:06:43,884] {processor.py:161} INFO - Processing /Users/gabrielroger/Documents/projects/weather-data/.venv/lib/python3.9/site-packages/airflow/example_dags/example_sla_dag.py took 0.063 seconds
[2023-03-23 23:08:04,534] {processor.py:153} INFO - Started process (PID=2363) to work on /Users/gabrielroger/Documents/projects/weather-data/.venv/lib/python3.9/site-packages/airflow/example_dags/example_sla_dag.py
[2023-03-23 23:08:04,535] {processor.py:641} INFO - Processing file /Users/gabrielroger/Documents/projects/weather-data/.venv/lib/python3.9/site-packages/airflow/example_dags/example_sla_dag.py for tasks to queue
[2023-03-23 23:08:04,535] {logging_mixin.py:115} INFO - [2023-03-23 23:08:04,535] {dagbag.py:507} INFO - Filling up the DagBag from /Users/gabrielroger/Documents/projects/weather-data/.venv/lib/python3.9/site-packages/airflow/example_dags/example_sla_dag.py
[2023-03-23 23:08:04,553] {processor.py:651} INFO - DAG(s) dict_keys(['example_sla_dag']) retrieved from /Users/gabrielroger/Documents/projects/weather-data/.venv/lib/python3.9/site-packages/airflow/example_dags/example_sla_dag.py
[2023-03-23 23:08:04,583] {logging_mixin.py:115} INFO - [2023-03-23 23:08:04,583] {dag.py:2379} INFO - Sync 1 DAGs
[2023-03-23 23:08:04,592] {logging_mixin.py:115} INFO - [2023-03-23 23:08:04,592] {dag.py:2927} INFO - Setting next_dagrun for example_sla_dag to 2023-03-24T02:06:00+00:00, run_after=2023-03-24T02:08:00+00:00
[2023-03-23 23:08:04,597] {processor.py:161} INFO - Processing /Users/gabrielroger/Documents/projects/weather-data/.venv/lib/python3.9/site-packages/airflow/example_dags/example_sla_dag.py took 0.064 seconds
[2023-03-23 23:08:57,108] {processor.py:153} INFO - Started process (PID=2404) to work on /Users/gabrielroger/Documents/projects/weather-data/.venv/lib/python3.9/site-packages/airflow/example_dags/example_sla_dag.py
[2023-03-23 23:08:57,109] {processor.py:641} INFO - Processing file /Users/gabrielroger/Documents/projects/weather-data/.venv/lib/python3.9/site-packages/airflow/example_dags/example_sla_dag.py for tasks to queue
[2023-03-23 23:08:57,109] {logging_mixin.py:115} INFO - [2023-03-23 23:08:57,109] {dagbag.py:507} INFO - Filling up the DagBag from /Users/gabrielroger/Documents/projects/weather-data/.venv/lib/python3.9/site-packages/airflow/example_dags/example_sla_dag.py
[2023-03-23 23:08:57,127] {processor.py:651} INFO - DAG(s) dict_keys(['example_sla_dag']) retrieved from /Users/gabrielroger/Documents/projects/weather-data/.venv/lib/python3.9/site-packages/airflow/example_dags/example_sla_dag.py
[2023-03-23 23:08:57,157] {logging_mixin.py:115} INFO - [2023-03-23 23:08:57,157] {dag.py:2379} INFO - Sync 1 DAGs
[2023-03-23 23:08:57,165] {logging_mixin.py:115} INFO - [2023-03-23 23:08:57,165] {dag.py:2927} INFO - Setting next_dagrun for example_sla_dag to 2023-03-24T02:06:00+00:00, run_after=2023-03-24T02:08:00+00:00
[2023-03-23 23:08:57,170] {processor.py:161} INFO - Processing /Users/gabrielroger/Documents/projects/weather-data/.venv/lib/python3.9/site-packages/airflow/example_dags/example_sla_dag.py took 0.062 seconds
[2023-03-23 23:09:47,008] {processor.py:153} INFO - Started process (PID=2443) to work on /Users/gabrielroger/Documents/projects/weather-data/.venv/lib/python3.9/site-packages/airflow/example_dags/example_sla_dag.py
[2023-03-23 23:09:47,008] {processor.py:641} INFO - Processing file /Users/gabrielroger/Documents/projects/weather-data/.venv/lib/python3.9/site-packages/airflow/example_dags/example_sla_dag.py for tasks to queue
[2023-03-23 23:09:47,008] {logging_mixin.py:115} INFO - [2023-03-23 23:09:47,008] {dagbag.py:507} INFO - Filling up the DagBag from /Users/gabrielroger/Documents/projects/weather-data/.venv/lib/python3.9/site-packages/airflow/example_dags/example_sla_dag.py
[2023-03-23 23:09:47,026] {processor.py:651} INFO - DAG(s) dict_keys(['example_sla_dag']) retrieved from /Users/gabrielroger/Documents/projects/weather-data/.venv/lib/python3.9/site-packages/airflow/example_dags/example_sla_dag.py
[2023-03-23 23:09:47,056] {logging_mixin.py:115} INFO - [2023-03-23 23:09:47,056] {dag.py:2379} INFO - Sync 1 DAGs
[2023-03-23 23:09:47,065] {logging_mixin.py:115} INFO - [2023-03-23 23:09:47,065] {dag.py:2927} INFO - Setting next_dagrun for example_sla_dag to 2023-03-24T02:06:00+00:00, run_after=2023-03-24T02:08:00+00:00
[2023-03-23 23:09:47,070] {processor.py:161} INFO - Processing /Users/gabrielroger/Documents/projects/weather-data/.venv/lib/python3.9/site-packages/airflow/example_dags/example_sla_dag.py took 0.062 seconds
[2023-03-23 23:10:29,791] {processor.py:153} INFO - Started process (PID=2474) to work on /Users/gabrielroger/Documents/projects/weather-data/.venv/lib/python3.9/site-packages/airflow/example_dags/example_sla_dag.py
[2023-03-23 23:10:29,792] {processor.py:641} INFO - Processing file /Users/gabrielroger/Documents/projects/weather-data/.venv/lib/python3.9/site-packages/airflow/example_dags/example_sla_dag.py for tasks to queue
[2023-03-23 23:10:29,792] {logging_mixin.py:115} INFO - [2023-03-23 23:10:29,792] {dagbag.py:507} INFO - Filling up the DagBag from /Users/gabrielroger/Documents/projects/weather-data/.venv/lib/python3.9/site-packages/airflow/example_dags/example_sla_dag.py
[2023-03-23 23:10:29,810] {processor.py:651} INFO - DAG(s) dict_keys(['example_sla_dag']) retrieved from /Users/gabrielroger/Documents/projects/weather-data/.venv/lib/python3.9/site-packages/airflow/example_dags/example_sla_dag.py
[2023-03-23 23:10:29,840] {logging_mixin.py:115} INFO - [2023-03-23 23:10:29,840] {dag.py:2379} INFO - Sync 1 DAGs
[2023-03-23 23:10:29,848] {logging_mixin.py:115} INFO - [2023-03-23 23:10:29,848] {dag.py:2927} INFO - Setting next_dagrun for example_sla_dag to 2023-03-24T02:08:00+00:00, run_after=2023-03-24T02:10:00+00:00
[2023-03-23 23:10:29,853] {processor.py:161} INFO - Processing /Users/gabrielroger/Documents/projects/weather-data/.venv/lib/python3.9/site-packages/airflow/example_dags/example_sla_dag.py took 0.062 seconds
[2023-03-23 23:11:13,712] {processor.py:153} INFO - Started process (PID=2512) to work on /Users/gabrielroger/Documents/projects/weather-data/.venv/lib/python3.9/site-packages/airflow/example_dags/example_sla_dag.py
[2023-03-23 23:11:13,714] {processor.py:641} INFO - Processing file /Users/gabrielroger/Documents/projects/weather-data/.venv/lib/python3.9/site-packages/airflow/example_dags/example_sla_dag.py for tasks to queue
[2023-03-23 23:11:13,714] {logging_mixin.py:115} INFO - [2023-03-23 23:11:13,714] {dagbag.py:507} INFO - Filling up the DagBag from /Users/gabrielroger/Documents/projects/weather-data/.venv/lib/python3.9/site-packages/airflow/example_dags/example_sla_dag.py
[2023-03-23 23:11:13,736] {processor.py:651} INFO - DAG(s) dict_keys(['example_sla_dag']) retrieved from /Users/gabrielroger/Documents/projects/weather-data/.venv/lib/python3.9/site-packages/airflow/example_dags/example_sla_dag.py
[2023-03-23 23:11:13,782] {logging_mixin.py:115} INFO - [2023-03-23 23:11:13,781] {dag.py:2379} INFO - Sync 1 DAGs
[2023-03-23 23:11:13,795] {logging_mixin.py:115} INFO - [2023-03-23 23:11:13,795] {dag.py:2927} INFO - Setting next_dagrun for example_sla_dag to 2023-03-24T02:08:00+00:00, run_after=2023-03-24T02:10:00+00:00
[2023-03-23 23:11:13,801] {processor.py:161} INFO - Processing /Users/gabrielroger/Documents/projects/weather-data/.venv/lib/python3.9/site-packages/airflow/example_dags/example_sla_dag.py took 0.089 seconds
