[2023-03-23 22:57:38,701] {processor.py:153} INFO - Started process (PID=1828) to work on /Users/gabrielroger/Documents/projects/weather-data/.venv/lib/python3.9/site-packages/airflow/example_dags/example_python_operator.py
[2023-03-23 22:57:38,701] {processor.py:641} INFO - Processing file /Users/gabrielroger/Documents/projects/weather-data/.venv/lib/python3.9/site-packages/airflow/example_dags/example_python_operator.py for tasks to queue
[2023-03-23 22:57:38,701] {logging_mixin.py:115} INFO - [2023-03-23 22:57:38,701] {dagbag.py:507} INFO - Filling up the DagBag from /Users/gabrielroger/Documents/projects/weather-data/.venv/lib/python3.9/site-packages/airflow/example_dags/example_python_operator.py
[2023-03-23 22:57:38,714] {logging_mixin.py:115} INFO - [2023-03-23 22:57:38,714] {example_python_operator.py:68} WARNING - The virtalenv_python example task requires virtualenv, please install it.
[2023-03-23 22:57:38,718] {processor.py:651} INFO - DAG(s) dict_keys(['example_python_operator']) retrieved from /Users/gabrielroger/Documents/projects/weather-data/.venv/lib/python3.9/site-packages/airflow/example_dags/example_python_operator.py
[2023-03-23 22:57:38,749] {logging_mixin.py:115} INFO - [2023-03-23 22:57:38,749] {dag.py:2379} INFO - Sync 1 DAGs
[2023-03-23 22:57:38,755] {logging_mixin.py:115} INFO - [2023-03-23 22:57:38,755] {dag.py:2927} INFO - Setting next_dagrun for example_python_operator to None, run_after=None
[2023-03-23 22:57:38,760] {processor.py:161} INFO - Processing /Users/gabrielroger/Documents/projects/weather-data/.venv/lib/python3.9/site-packages/airflow/example_dags/example_python_operator.py took 0.060 seconds
[2023-03-23 22:58:29,083] {processor.py:153} INFO - Started process (PID=1866) to work on /Users/gabrielroger/Documents/projects/weather-data/.venv/lib/python3.9/site-packages/airflow/example_dags/example_python_operator.py
[2023-03-23 22:58:29,084] {processor.py:641} INFO - Processing file /Users/gabrielroger/Documents/projects/weather-data/.venv/lib/python3.9/site-packages/airflow/example_dags/example_python_operator.py for tasks to queue
[2023-03-23 22:58:29,084] {logging_mixin.py:115} INFO - [2023-03-23 22:58:29,084] {dagbag.py:507} INFO - Filling up the DagBag from /Users/gabrielroger/Documents/projects/weather-data/.venv/lib/python3.9/site-packages/airflow/example_dags/example_python_operator.py
[2023-03-23 22:58:29,098] {logging_mixin.py:115} INFO - [2023-03-23 22:58:29,098] {example_python_operator.py:68} WARNING - The virtalenv_python example task requires virtualenv, please install it.
[2023-03-23 22:58:29,101] {processor.py:651} INFO - DAG(s) dict_keys(['example_python_operator']) retrieved from /Users/gabrielroger/Documents/projects/weather-data/.venv/lib/python3.9/site-packages/airflow/example_dags/example_python_operator.py
[2023-03-23 22:58:29,132] {logging_mixin.py:115} INFO - [2023-03-23 22:58:29,131] {dag.py:2379} INFO - Sync 1 DAGs
[2023-03-23 22:58:29,138] {logging_mixin.py:115} INFO - [2023-03-23 22:58:29,138] {dag.py:2927} INFO - Setting next_dagrun for example_python_operator to None, run_after=None
[2023-03-23 22:58:29,143] {processor.py:161} INFO - Processing /Users/gabrielroger/Documents/projects/weather-data/.venv/lib/python3.9/site-packages/airflow/example_dags/example_python_operator.py took 0.060 seconds
[2023-03-23 22:59:18,774] {processor.py:153} INFO - Started process (PID=1910) to work on /Users/gabrielroger/Documents/projects/weather-data/.venv/lib/python3.9/site-packages/airflow/example_dags/example_python_operator.py
[2023-03-23 22:59:18,775] {processor.py:641} INFO - Processing file /Users/gabrielroger/Documents/projects/weather-data/.venv/lib/python3.9/site-packages/airflow/example_dags/example_python_operator.py for tasks to queue
[2023-03-23 22:59:18,775] {logging_mixin.py:115} INFO - [2023-03-23 22:59:18,775] {dagbag.py:507} INFO - Filling up the DagBag from /Users/gabrielroger/Documents/projects/weather-data/.venv/lib/python3.9/site-packages/airflow/example_dags/example_python_operator.py
[2023-03-23 22:59:18,788] {logging_mixin.py:115} INFO - [2023-03-23 22:59:18,788] {example_python_operator.py:68} WARNING - The virtalenv_python example task requires virtualenv, please install it.
[2023-03-23 22:59:18,792] {processor.py:651} INFO - DAG(s) dict_keys(['example_python_operator']) retrieved from /Users/gabrielroger/Documents/projects/weather-data/.venv/lib/python3.9/site-packages/airflow/example_dags/example_python_operator.py
[2023-03-23 22:59:18,824] {logging_mixin.py:115} INFO - [2023-03-23 22:59:18,824] {dag.py:2379} INFO - Sync 1 DAGs
[2023-03-23 22:59:18,832] {logging_mixin.py:115} INFO - [2023-03-23 22:59:18,832] {dag.py:2927} INFO - Setting next_dagrun for example_python_operator to None, run_after=None
[2023-03-23 22:59:18,837] {processor.py:161} INFO - Processing /Users/gabrielroger/Documents/projects/weather-data/.venv/lib/python3.9/site-packages/airflow/example_dags/example_python_operator.py took 0.064 seconds
[2023-03-23 23:00:33,064] {processor.py:153} INFO - Started process (PID=1975) to work on /Users/gabrielroger/Documents/projects/weather-data/.venv/lib/python3.9/site-packages/airflow/example_dags/example_python_operator.py
[2023-03-23 23:00:33,064] {processor.py:641} INFO - Processing file /Users/gabrielroger/Documents/projects/weather-data/.venv/lib/python3.9/site-packages/airflow/example_dags/example_python_operator.py for tasks to queue
[2023-03-23 23:00:33,065] {logging_mixin.py:115} INFO - [2023-03-23 23:00:33,065] {dagbag.py:507} INFO - Filling up the DagBag from /Users/gabrielroger/Documents/projects/weather-data/.venv/lib/python3.9/site-packages/airflow/example_dags/example_python_operator.py
[2023-03-23 23:00:33,078] {logging_mixin.py:115} INFO - [2023-03-23 23:00:33,078] {example_python_operator.py:68} WARNING - The virtalenv_python example task requires virtualenv, please install it.
[2023-03-23 23:00:33,081] {processor.py:651} INFO - DAG(s) dict_keys(['example_python_operator']) retrieved from /Users/gabrielroger/Documents/projects/weather-data/.venv/lib/python3.9/site-packages/airflow/example_dags/example_python_operator.py
[2023-03-23 23:00:33,112] {logging_mixin.py:115} INFO - [2023-03-23 23:00:33,112] {dag.py:2379} INFO - Sync 1 DAGs
[2023-03-23 23:00:33,119] {logging_mixin.py:115} INFO - [2023-03-23 23:00:33,119] {dag.py:2927} INFO - Setting next_dagrun for example_python_operator to None, run_after=None
[2023-03-23 23:00:33,124] {processor.py:161} INFO - Processing /Users/gabrielroger/Documents/projects/weather-data/.venv/lib/python3.9/site-packages/airflow/example_dags/example_python_operator.py took 0.061 seconds
[2023-03-23 23:01:26,036] {processor.py:153} INFO - Started process (PID=2017) to work on /Users/gabrielroger/Documents/projects/weather-data/.venv/lib/python3.9/site-packages/airflow/example_dags/example_python_operator.py
[2023-03-23 23:01:26,037] {processor.py:641} INFO - Processing file /Users/gabrielroger/Documents/projects/weather-data/.venv/lib/python3.9/site-packages/airflow/example_dags/example_python_operator.py for tasks to queue
[2023-03-23 23:01:26,037] {logging_mixin.py:115} INFO - [2023-03-23 23:01:26,037] {dagbag.py:507} INFO - Filling up the DagBag from /Users/gabrielroger/Documents/projects/weather-data/.venv/lib/python3.9/site-packages/airflow/example_dags/example_python_operator.py
[2023-03-23 23:01:26,051] {logging_mixin.py:115} INFO - [2023-03-23 23:01:26,051] {example_python_operator.py:68} WARNING - The virtalenv_python example task requires virtualenv, please install it.
[2023-03-23 23:01:26,055] {processor.py:651} INFO - DAG(s) dict_keys(['example_python_operator']) retrieved from /Users/gabrielroger/Documents/projects/weather-data/.venv/lib/python3.9/site-packages/airflow/example_dags/example_python_operator.py
[2023-03-23 23:01:26,088] {logging_mixin.py:115} INFO - [2023-03-23 23:01:26,088] {dag.py:2379} INFO - Sync 1 DAGs
[2023-03-23 23:01:26,095] {logging_mixin.py:115} INFO - [2023-03-23 23:01:26,095] {dag.py:2927} INFO - Setting next_dagrun for example_python_operator to None, run_after=None
[2023-03-23 23:01:26,100] {processor.py:161} INFO - Processing /Users/gabrielroger/Documents/projects/weather-data/.venv/lib/python3.9/site-packages/airflow/example_dags/example_python_operator.py took 0.064 seconds
[2023-03-23 23:02:45,569] {processor.py:153} INFO - Started process (PID=2097) to work on /Users/gabrielroger/Documents/projects/weather-data/.venv/lib/python3.9/site-packages/airflow/example_dags/example_python_operator.py
[2023-03-23 23:02:45,570] {processor.py:641} INFO - Processing file /Users/gabrielroger/Documents/projects/weather-data/.venv/lib/python3.9/site-packages/airflow/example_dags/example_python_operator.py for tasks to queue
[2023-03-23 23:02:45,570] {logging_mixin.py:115} INFO - [2023-03-23 23:02:45,570] {dagbag.py:507} INFO - Filling up the DagBag from /Users/gabrielroger/Documents/projects/weather-data/.venv/lib/python3.9/site-packages/airflow/example_dags/example_python_operator.py
[2023-03-23 23:02:45,584] {logging_mixin.py:115} INFO - [2023-03-23 23:02:45,584] {example_python_operator.py:68} WARNING - The virtalenv_python example task requires virtualenv, please install it.
[2023-03-23 23:02:45,588] {processor.py:651} INFO - DAG(s) dict_keys(['example_python_operator']) retrieved from /Users/gabrielroger/Documents/projects/weather-data/.venv/lib/python3.9/site-packages/airflow/example_dags/example_python_operator.py
[2023-03-23 23:02:45,619] {logging_mixin.py:115} INFO - [2023-03-23 23:02:45,619] {dag.py:2379} INFO - Sync 1 DAGs
[2023-03-23 23:02:45,625] {logging_mixin.py:115} INFO - [2023-03-23 23:02:45,625] {dag.py:2927} INFO - Setting next_dagrun for example_python_operator to None, run_after=None
[2023-03-23 23:02:45,630] {processor.py:161} INFO - Processing /Users/gabrielroger/Documents/projects/weather-data/.venv/lib/python3.9/site-packages/airflow/example_dags/example_python_operator.py took 0.061 seconds
[2023-03-23 23:03:35,940] {processor.py:153} INFO - Started process (PID=2139) to work on /Users/gabrielroger/Documents/projects/weather-data/.venv/lib/python3.9/site-packages/airflow/example_dags/example_python_operator.py
[2023-03-23 23:03:35,941] {processor.py:641} INFO - Processing file /Users/gabrielroger/Documents/projects/weather-data/.venv/lib/python3.9/site-packages/airflow/example_dags/example_python_operator.py for tasks to queue
[2023-03-23 23:03:35,941] {logging_mixin.py:115} INFO - [2023-03-23 23:03:35,941] {dagbag.py:507} INFO - Filling up the DagBag from /Users/gabrielroger/Documents/projects/weather-data/.venv/lib/python3.9/site-packages/airflow/example_dags/example_python_operator.py
[2023-03-23 23:03:35,954] {logging_mixin.py:115} INFO - [2023-03-23 23:03:35,954] {example_python_operator.py:68} WARNING - The virtalenv_python example task requires virtualenv, please install it.
[2023-03-23 23:03:35,958] {processor.py:651} INFO - DAG(s) dict_keys(['example_python_operator']) retrieved from /Users/gabrielroger/Documents/projects/weather-data/.venv/lib/python3.9/site-packages/airflow/example_dags/example_python_operator.py
[2023-03-23 23:03:35,988] {logging_mixin.py:115} INFO - [2023-03-23 23:03:35,988] {dag.py:2379} INFO - Sync 1 DAGs
[2023-03-23 23:03:35,995] {logging_mixin.py:115} INFO - [2023-03-23 23:03:35,995] {dag.py:2927} INFO - Setting next_dagrun for example_python_operator to None, run_after=None
[2023-03-23 23:03:35,999] {processor.py:161} INFO - Processing /Users/gabrielroger/Documents/projects/weather-data/.venv/lib/python3.9/site-packages/airflow/example_dags/example_python_operator.py took 0.060 seconds
[2023-03-23 23:04:23,722] {processor.py:153} INFO - Started process (PID=2176) to work on /Users/gabrielroger/Documents/projects/weather-data/.venv/lib/python3.9/site-packages/airflow/example_dags/example_python_operator.py
[2023-03-23 23:04:23,723] {processor.py:641} INFO - Processing file /Users/gabrielroger/Documents/projects/weather-data/.venv/lib/python3.9/site-packages/airflow/example_dags/example_python_operator.py for tasks to queue
[2023-03-23 23:04:23,723] {logging_mixin.py:115} INFO - [2023-03-23 23:04:23,723] {dagbag.py:507} INFO - Filling up the DagBag from /Users/gabrielroger/Documents/projects/weather-data/.venv/lib/python3.9/site-packages/airflow/example_dags/example_python_operator.py
[2023-03-23 23:04:23,736] {logging_mixin.py:115} INFO - [2023-03-23 23:04:23,736] {example_python_operator.py:68} WARNING - The virtalenv_python example task requires virtualenv, please install it.
[2023-03-23 23:04:23,740] {processor.py:651} INFO - DAG(s) dict_keys(['example_python_operator']) retrieved from /Users/gabrielroger/Documents/projects/weather-data/.venv/lib/python3.9/site-packages/airflow/example_dags/example_python_operator.py
[2023-03-23 23:04:23,771] {logging_mixin.py:115} INFO - [2023-03-23 23:04:23,771] {dag.py:2379} INFO - Sync 1 DAGs
[2023-03-23 23:04:23,778] {logging_mixin.py:115} INFO - [2023-03-23 23:04:23,778] {dag.py:2927} INFO - Setting next_dagrun for example_python_operator to None, run_after=None
[2023-03-23 23:04:23,783] {processor.py:161} INFO - Processing /Users/gabrielroger/Documents/projects/weather-data/.venv/lib/python3.9/site-packages/airflow/example_dags/example_python_operator.py took 0.061 seconds
[2023-03-23 23:05:20,858] {processor.py:153} INFO - Started process (PID=2218) to work on /Users/gabrielroger/Documents/projects/weather-data/.venv/lib/python3.9/site-packages/airflow/example_dags/example_python_operator.py
[2023-03-23 23:05:20,859] {processor.py:641} INFO - Processing file /Users/gabrielroger/Documents/projects/weather-data/.venv/lib/python3.9/site-packages/airflow/example_dags/example_python_operator.py for tasks to queue
[2023-03-23 23:05:20,859] {logging_mixin.py:115} INFO - [2023-03-23 23:05:20,859] {dagbag.py:507} INFO - Filling up the DagBag from /Users/gabrielroger/Documents/projects/weather-data/.venv/lib/python3.9/site-packages/airflow/example_dags/example_python_operator.py
[2023-03-23 23:05:20,873] {logging_mixin.py:115} INFO - [2023-03-23 23:05:20,873] {example_python_operator.py:68} WARNING - The virtalenv_python example task requires virtualenv, please install it.
[2023-03-23 23:05:20,876] {processor.py:651} INFO - DAG(s) dict_keys(['example_python_operator']) retrieved from /Users/gabrielroger/Documents/projects/weather-data/.venv/lib/python3.9/site-packages/airflow/example_dags/example_python_operator.py
[2023-03-23 23:05:20,909] {logging_mixin.py:115} INFO - [2023-03-23 23:05:20,908] {dag.py:2379} INFO - Sync 1 DAGs
[2023-03-23 23:05:20,915] {logging_mixin.py:115} INFO - [2023-03-23 23:05:20,915] {dag.py:2927} INFO - Setting next_dagrun for example_python_operator to None, run_after=None
[2023-03-23 23:05:20,920] {processor.py:161} INFO - Processing /Users/gabrielroger/Documents/projects/weather-data/.venv/lib/python3.9/site-packages/airflow/example_dags/example_python_operator.py took 0.062 seconds
[2023-03-23 23:06:47,814] {processor.py:153} INFO - Started process (PID=2298) to work on /Users/gabrielroger/Documents/projects/weather-data/.venv/lib/python3.9/site-packages/airflow/example_dags/example_python_operator.py
[2023-03-23 23:06:47,815] {processor.py:641} INFO - Processing file /Users/gabrielroger/Documents/projects/weather-data/.venv/lib/python3.9/site-packages/airflow/example_dags/example_python_operator.py for tasks to queue
[2023-03-23 23:06:47,815] {logging_mixin.py:115} INFO - [2023-03-23 23:06:47,815] {dagbag.py:507} INFO - Filling up the DagBag from /Users/gabrielroger/Documents/projects/weather-data/.venv/lib/python3.9/site-packages/airflow/example_dags/example_python_operator.py
[2023-03-23 23:06:47,828] {logging_mixin.py:115} INFO - [2023-03-23 23:06:47,828] {example_python_operator.py:68} WARNING - The virtalenv_python example task requires virtualenv, please install it.
[2023-03-23 23:06:47,832] {processor.py:651} INFO - DAG(s) dict_keys(['example_python_operator']) retrieved from /Users/gabrielroger/Documents/projects/weather-data/.venv/lib/python3.9/site-packages/airflow/example_dags/example_python_operator.py
[2023-03-23 23:06:47,863] {logging_mixin.py:115} INFO - [2023-03-23 23:06:47,863] {dag.py:2379} INFO - Sync 1 DAGs
[2023-03-23 23:06:47,869] {logging_mixin.py:115} INFO - [2023-03-23 23:06:47,869] {dag.py:2927} INFO - Setting next_dagrun for example_python_operator to None, run_after=None
[2023-03-23 23:06:47,874] {processor.py:161} INFO - Processing /Users/gabrielroger/Documents/projects/weather-data/.venv/lib/python3.9/site-packages/airflow/example_dags/example_python_operator.py took 0.061 seconds
[2023-03-23 23:08:08,503] {processor.py:153} INFO - Started process (PID=2369) to work on /Users/gabrielroger/Documents/projects/weather-data/.venv/lib/python3.9/site-packages/airflow/example_dags/example_python_operator.py
[2023-03-23 23:08:08,504] {processor.py:641} INFO - Processing file /Users/gabrielroger/Documents/projects/weather-data/.venv/lib/python3.9/site-packages/airflow/example_dags/example_python_operator.py for tasks to queue
[2023-03-23 23:08:08,504] {logging_mixin.py:115} INFO - [2023-03-23 23:08:08,504] {dagbag.py:507} INFO - Filling up the DagBag from /Users/gabrielroger/Documents/projects/weather-data/.venv/lib/python3.9/site-packages/airflow/example_dags/example_python_operator.py
[2023-03-23 23:08:08,521] {logging_mixin.py:115} INFO - [2023-03-23 23:08:08,521] {example_python_operator.py:68} WARNING - The virtalenv_python example task requires virtualenv, please install it.
[2023-03-23 23:08:08,525] {processor.py:651} INFO - DAG(s) dict_keys(['example_python_operator']) retrieved from /Users/gabrielroger/Documents/projects/weather-data/.venv/lib/python3.9/site-packages/airflow/example_dags/example_python_operator.py
[2023-03-23 23:08:08,559] {logging_mixin.py:115} INFO - [2023-03-23 23:08:08,559] {dag.py:2379} INFO - Sync 1 DAGs
[2023-03-23 23:08:08,567] {logging_mixin.py:115} INFO - [2023-03-23 23:08:08,566] {dag.py:2927} INFO - Setting next_dagrun for example_python_operator to None, run_after=None
[2023-03-23 23:08:08,572] {processor.py:161} INFO - Processing /Users/gabrielroger/Documents/projects/weather-data/.venv/lib/python3.9/site-packages/airflow/example_dags/example_python_operator.py took 0.069 seconds
[2023-03-23 23:09:00,942] {processor.py:153} INFO - Started process (PID=2407) to work on /Users/gabrielroger/Documents/projects/weather-data/.venv/lib/python3.9/site-packages/airflow/example_dags/example_python_operator.py
[2023-03-23 23:09:00,942] {processor.py:641} INFO - Processing file /Users/gabrielroger/Documents/projects/weather-data/.venv/lib/python3.9/site-packages/airflow/example_dags/example_python_operator.py for tasks to queue
[2023-03-23 23:09:00,943] {logging_mixin.py:115} INFO - [2023-03-23 23:09:00,942] {dagbag.py:507} INFO - Filling up the DagBag from /Users/gabrielroger/Documents/projects/weather-data/.venv/lib/python3.9/site-packages/airflow/example_dags/example_python_operator.py
[2023-03-23 23:09:00,956] {logging_mixin.py:115} INFO - [2023-03-23 23:09:00,956] {example_python_operator.py:68} WARNING - The virtalenv_python example task requires virtualenv, please install it.
[2023-03-23 23:09:00,960] {processor.py:651} INFO - DAG(s) dict_keys(['example_python_operator']) retrieved from /Users/gabrielroger/Documents/projects/weather-data/.venv/lib/python3.9/site-packages/airflow/example_dags/example_python_operator.py
[2023-03-23 23:09:00,991] {logging_mixin.py:115} INFO - [2023-03-23 23:09:00,991] {dag.py:2379} INFO - Sync 1 DAGs
[2023-03-23 23:09:00,997] {logging_mixin.py:115} INFO - [2023-03-23 23:09:00,997] {dag.py:2927} INFO - Setting next_dagrun for example_python_operator to None, run_after=None
[2023-03-23 23:09:01,002] {processor.py:161} INFO - Processing /Users/gabrielroger/Documents/projects/weather-data/.venv/lib/python3.9/site-packages/airflow/example_dags/example_python_operator.py took 0.061 seconds
[2023-03-23 23:09:51,741] {processor.py:153} INFO - Started process (PID=2446) to work on /Users/gabrielroger/Documents/projects/weather-data/.venv/lib/python3.9/site-packages/airflow/example_dags/example_python_operator.py
[2023-03-23 23:09:51,741] {processor.py:641} INFO - Processing file /Users/gabrielroger/Documents/projects/weather-data/.venv/lib/python3.9/site-packages/airflow/example_dags/example_python_operator.py for tasks to queue
[2023-03-23 23:09:51,741] {logging_mixin.py:115} INFO - [2023-03-23 23:09:51,741] {dagbag.py:507} INFO - Filling up the DagBag from /Users/gabrielroger/Documents/projects/weather-data/.venv/lib/python3.9/site-packages/airflow/example_dags/example_python_operator.py
[2023-03-23 23:09:51,755] {logging_mixin.py:115} INFO - [2023-03-23 23:09:51,755] {example_python_operator.py:68} WARNING - The virtalenv_python example task requires virtualenv, please install it.
[2023-03-23 23:09:51,758] {processor.py:651} INFO - DAG(s) dict_keys(['example_python_operator']) retrieved from /Users/gabrielroger/Documents/projects/weather-data/.venv/lib/python3.9/site-packages/airflow/example_dags/example_python_operator.py
[2023-03-23 23:09:51,789] {logging_mixin.py:115} INFO - [2023-03-23 23:09:51,789] {dag.py:2379} INFO - Sync 1 DAGs
[2023-03-23 23:09:51,795] {logging_mixin.py:115} INFO - [2023-03-23 23:09:51,795] {dag.py:2927} INFO - Setting next_dagrun for example_python_operator to None, run_after=None
[2023-03-23 23:09:51,800] {processor.py:161} INFO - Processing /Users/gabrielroger/Documents/projects/weather-data/.venv/lib/python3.9/site-packages/airflow/example_dags/example_python_operator.py took 0.060 seconds
[2023-03-23 23:10:52,544] {processor.py:153} INFO - Started process (PID=2491) to work on /Users/gabrielroger/Documents/projects/weather-data/.venv/lib/python3.9/site-packages/airflow/example_dags/example_python_operator.py
[2023-03-23 23:10:52,544] {processor.py:641} INFO - Processing file /Users/gabrielroger/Documents/projects/weather-data/.venv/lib/python3.9/site-packages/airflow/example_dags/example_python_operator.py for tasks to queue
[2023-03-23 23:10:52,544] {logging_mixin.py:115} INFO - [2023-03-23 23:10:52,544] {dagbag.py:507} INFO - Filling up the DagBag from /Users/gabrielroger/Documents/projects/weather-data/.venv/lib/python3.9/site-packages/airflow/example_dags/example_python_operator.py
[2023-03-23 23:10:52,558] {logging_mixin.py:115} INFO - [2023-03-23 23:10:52,558] {example_python_operator.py:68} WARNING - The virtalenv_python example task requires virtualenv, please install it.
[2023-03-23 23:10:52,562] {processor.py:651} INFO - DAG(s) dict_keys(['example_python_operator']) retrieved from /Users/gabrielroger/Documents/projects/weather-data/.venv/lib/python3.9/site-packages/airflow/example_dags/example_python_operator.py
[2023-03-23 23:10:52,593] {logging_mixin.py:115} INFO - [2023-03-23 23:10:52,593] {dag.py:2379} INFO - Sync 1 DAGs
[2023-03-23 23:10:52,599] {logging_mixin.py:115} INFO - [2023-03-23 23:10:52,599] {dag.py:2927} INFO - Setting next_dagrun for example_python_operator to None, run_after=None
[2023-03-23 23:10:52,604] {processor.py:161} INFO - Processing /Users/gabrielroger/Documents/projects/weather-data/.venv/lib/python3.9/site-packages/airflow/example_dags/example_python_operator.py took 0.061 seconds
