[2023-03-23 22:57:29,658] {processor.py:153} INFO - Started process (PID=1822) to work on /Users/gabrielroger/Documents/projects/weather-data/.venv/lib/python3.9/site-packages/airflow/example_dags/example_task_group_decorator.py
[2023-03-23 22:57:29,658] {processor.py:641} INFO - Processing file /Users/gabrielroger/Documents/projects/weather-data/.venv/lib/python3.9/site-packages/airflow/example_dags/example_task_group_decorator.py for tasks to queue
[2023-03-23 22:57:29,658] {logging_mixin.py:115} INFO - [2023-03-23 22:57:29,658] {dagbag.py:507} INFO - Filling up the DagBag from /Users/gabrielroger/Documents/projects/weather-data/.venv/lib/python3.9/site-packages/airflow/example_dags/example_task_group_decorator.py
[2023-03-23 22:57:29,680] {processor.py:651} INFO - DAG(s) dict_keys(['example_task_group_decorator']) retrieved from /Users/gabrielroger/Documents/projects/weather-data/.venv/lib/python3.9/site-packages/airflow/example_dags/example_task_group_decorator.py
[2023-03-23 22:57:29,982] {logging_mixin.py:115} INFO - [2023-03-23 22:57:29,982] {dag.py:2379} INFO - Sync 1 DAGs
[2023-03-23 22:57:29,989] {logging_mixin.py:115} INFO - [2023-03-23 22:57:29,989] {dag.py:2927} INFO - Setting next_dagrun for example_task_group_decorator to 2023-03-23T01:57:29.988909+00:00, run_after=2023-03-24T01:57:29.988909+00:00
[2023-03-23 22:57:29,995] {processor.py:161} INFO - Processing /Users/gabrielroger/Documents/projects/weather-data/.venv/lib/python3.9/site-packages/airflow/example_dags/example_task_group_decorator.py took 0.338 seconds
[2023-03-23 22:58:20,252] {processor.py:153} INFO - Started process (PID=1860) to work on /Users/gabrielroger/Documents/projects/weather-data/.venv/lib/python3.9/site-packages/airflow/example_dags/example_task_group_decorator.py
[2023-03-23 22:58:20,252] {processor.py:641} INFO - Processing file /Users/gabrielroger/Documents/projects/weather-data/.venv/lib/python3.9/site-packages/airflow/example_dags/example_task_group_decorator.py for tasks to queue
[2023-03-23 22:58:20,253] {logging_mixin.py:115} INFO - [2023-03-23 22:58:20,253] {dagbag.py:507} INFO - Filling up the DagBag from /Users/gabrielroger/Documents/projects/weather-data/.venv/lib/python3.9/site-packages/airflow/example_dags/example_task_group_decorator.py
[2023-03-23 22:58:20,274] {processor.py:651} INFO - DAG(s) dict_keys(['example_task_group_decorator']) retrieved from /Users/gabrielroger/Documents/projects/weather-data/.venv/lib/python3.9/site-packages/airflow/example_dags/example_task_group_decorator.py
[2023-03-23 22:58:20,574] {logging_mixin.py:115} INFO - [2023-03-23 22:58:20,574] {dag.py:2379} INFO - Sync 1 DAGs
[2023-03-23 22:58:20,580] {logging_mixin.py:115} INFO - [2023-03-23 22:58:20,580] {dag.py:2927} INFO - Setting next_dagrun for example_task_group_decorator to 2023-03-23T01:58:20.580687+00:00, run_after=2023-03-24T01:58:20.580687+00:00
[2023-03-23 22:58:20,587] {processor.py:161} INFO - Processing /Users/gabrielroger/Documents/projects/weather-data/.venv/lib/python3.9/site-packages/airflow/example_dags/example_task_group_decorator.py took 0.336 seconds
[2023-03-23 22:59:09,710] {processor.py:153} INFO - Started process (PID=1902) to work on /Users/gabrielroger/Documents/projects/weather-data/.venv/lib/python3.9/site-packages/airflow/example_dags/example_task_group_decorator.py
[2023-03-23 22:59:09,710] {processor.py:641} INFO - Processing file /Users/gabrielroger/Documents/projects/weather-data/.venv/lib/python3.9/site-packages/airflow/example_dags/example_task_group_decorator.py for tasks to queue
[2023-03-23 22:59:09,711] {logging_mixin.py:115} INFO - [2023-03-23 22:59:09,711] {dagbag.py:507} INFO - Filling up the DagBag from /Users/gabrielroger/Documents/projects/weather-data/.venv/lib/python3.9/site-packages/airflow/example_dags/example_task_group_decorator.py
[2023-03-23 22:59:09,731] {processor.py:651} INFO - DAG(s) dict_keys(['example_task_group_decorator']) retrieved from /Users/gabrielroger/Documents/projects/weather-data/.venv/lib/python3.9/site-packages/airflow/example_dags/example_task_group_decorator.py
[2023-03-23 22:59:10,048] {logging_mixin.py:115} INFO - [2023-03-23 22:59:10,048] {dag.py:2379} INFO - Sync 1 DAGs
[2023-03-23 22:59:10,056] {logging_mixin.py:115} INFO - [2023-03-23 22:59:10,056] {dag.py:2927} INFO - Setting next_dagrun for example_task_group_decorator to 2023-03-23T01:59:10.056454+00:00, run_after=2023-03-24T01:59:10.056454+00:00
[2023-03-23 22:59:10,063] {processor.py:161} INFO - Processing /Users/gabrielroger/Documents/projects/weather-data/.venv/lib/python3.9/site-packages/airflow/example_dags/example_task_group_decorator.py took 0.353 seconds
[2023-03-23 22:59:50,283] {processor.py:153} INFO - Started process (PID=1932) to work on /Users/gabrielroger/Documents/projects/weather-data/.venv/lib/python3.9/site-packages/airflow/example_dags/example_task_group_decorator.py
[2023-03-23 22:59:50,284] {processor.py:641} INFO - Processing file /Users/gabrielroger/Documents/projects/weather-data/.venv/lib/python3.9/site-packages/airflow/example_dags/example_task_group_decorator.py for tasks to queue
[2023-03-23 22:59:50,284] {logging_mixin.py:115} INFO - [2023-03-23 22:59:50,284] {dagbag.py:507} INFO - Filling up the DagBag from /Users/gabrielroger/Documents/projects/weather-data/.venv/lib/python3.9/site-packages/airflow/example_dags/example_task_group_decorator.py
[2023-03-23 22:59:50,305] {processor.py:651} INFO - DAG(s) dict_keys(['example_task_group_decorator']) retrieved from /Users/gabrielroger/Documents/projects/weather-data/.venv/lib/python3.9/site-packages/airflow/example_dags/example_task_group_decorator.py
[2023-03-23 22:59:50,607] {logging_mixin.py:115} INFO - [2023-03-23 22:59:50,607] {dag.py:2379} INFO - Sync 1 DAGs
[2023-03-23 22:59:50,613] {logging_mixin.py:115} INFO - [2023-03-23 22:59:50,613] {dag.py:2927} INFO - Setting next_dagrun for example_task_group_decorator to 2023-03-23T01:59:50.613438+00:00, run_after=2023-03-24T01:59:50.613438+00:00
[2023-03-23 22:59:50,620] {processor.py:161} INFO - Processing /Users/gabrielroger/Documents/projects/weather-data/.venv/lib/python3.9/site-packages/airflow/example_dags/example_task_group_decorator.py took 0.337 seconds
[2023-03-23 23:00:24,948] {processor.py:153} INFO - Started process (PID=1969) to work on /Users/gabrielroger/Documents/projects/weather-data/.venv/lib/python3.9/site-packages/airflow/example_dags/example_task_group_decorator.py
[2023-03-23 23:00:24,949] {processor.py:641} INFO - Processing file /Users/gabrielroger/Documents/projects/weather-data/.venv/lib/python3.9/site-packages/airflow/example_dags/example_task_group_decorator.py for tasks to queue
[2023-03-23 23:00:24,949] {logging_mixin.py:115} INFO - [2023-03-23 23:00:24,949] {dagbag.py:507} INFO - Filling up the DagBag from /Users/gabrielroger/Documents/projects/weather-data/.venv/lib/python3.9/site-packages/airflow/example_dags/example_task_group_decorator.py
[2023-03-23 23:00:24,970] {processor.py:651} INFO - DAG(s) dict_keys(['example_task_group_decorator']) retrieved from /Users/gabrielroger/Documents/projects/weather-data/.venv/lib/python3.9/site-packages/airflow/example_dags/example_task_group_decorator.py
[2023-03-23 23:00:25,287] {logging_mixin.py:115} INFO - [2023-03-23 23:00:25,286] {dag.py:2379} INFO - Sync 1 DAGs
[2023-03-23 23:00:25,295] {logging_mixin.py:115} INFO - [2023-03-23 23:00:25,294] {dag.py:2927} INFO - Setting next_dagrun for example_task_group_decorator to 2023-03-23T02:00:25.294822+00:00, run_after=2023-03-24T02:00:25.294822+00:00
[2023-03-23 23:00:25,303] {processor.py:161} INFO - Processing /Users/gabrielroger/Documents/projects/weather-data/.venv/lib/python3.9/site-packages/airflow/example_dags/example_task_group_decorator.py took 0.356 seconds
[2023-03-23 23:01:16,975] {processor.py:153} INFO - Started process (PID=2005) to work on /Users/gabrielroger/Documents/projects/weather-data/.venv/lib/python3.9/site-packages/airflow/example_dags/example_task_group_decorator.py
[2023-03-23 23:01:16,975] {processor.py:641} INFO - Processing file /Users/gabrielroger/Documents/projects/weather-data/.venv/lib/python3.9/site-packages/airflow/example_dags/example_task_group_decorator.py for tasks to queue
[2023-03-23 23:01:16,976] {logging_mixin.py:115} INFO - [2023-03-23 23:01:16,976] {dagbag.py:507} INFO - Filling up the DagBag from /Users/gabrielroger/Documents/projects/weather-data/.venv/lib/python3.9/site-packages/airflow/example_dags/example_task_group_decorator.py
[2023-03-23 23:01:16,997] {processor.py:651} INFO - DAG(s) dict_keys(['example_task_group_decorator']) retrieved from /Users/gabrielroger/Documents/projects/weather-data/.venv/lib/python3.9/site-packages/airflow/example_dags/example_task_group_decorator.py
[2023-03-23 23:01:17,316] {logging_mixin.py:115} INFO - [2023-03-23 23:01:17,315] {dag.py:2379} INFO - Sync 1 DAGs
[2023-03-23 23:01:17,322] {logging_mixin.py:115} INFO - [2023-03-23 23:01:17,322] {dag.py:2927} INFO - Setting next_dagrun for example_task_group_decorator to 2023-03-23T02:01:17.322752+00:00, run_after=2023-03-24T02:01:17.322752+00:00
[2023-03-23 23:01:17,330] {processor.py:161} INFO - Processing /Users/gabrielroger/Documents/projects/weather-data/.venv/lib/python3.9/site-packages/airflow/example_dags/example_task_group_decorator.py took 0.356 seconds
[2023-03-23 23:02:07,968] {processor.py:153} INFO - Started process (PID=2055) to work on /Users/gabrielroger/Documents/projects/weather-data/.venv/lib/python3.9/site-packages/airflow/example_dags/example_task_group_decorator.py
[2023-03-23 23:02:07,969] {processor.py:641} INFO - Processing file /Users/gabrielroger/Documents/projects/weather-data/.venv/lib/python3.9/site-packages/airflow/example_dags/example_task_group_decorator.py for tasks to queue
[2023-03-23 23:02:07,969] {logging_mixin.py:115} INFO - [2023-03-23 23:02:07,969] {dagbag.py:507} INFO - Filling up the DagBag from /Users/gabrielroger/Documents/projects/weather-data/.venv/lib/python3.9/site-packages/airflow/example_dags/example_task_group_decorator.py
[2023-03-23 23:02:08,000] {processor.py:651} INFO - DAG(s) dict_keys(['example_task_group_decorator']) retrieved from /Users/gabrielroger/Documents/projects/weather-data/.venv/lib/python3.9/site-packages/airflow/example_dags/example_task_group_decorator.py
[2023-03-23 23:02:08,483] {logging_mixin.py:115} INFO - [2023-03-23 23:02:08,483] {dag.py:2379} INFO - Sync 1 DAGs
[2023-03-23 23:02:08,490] {logging_mixin.py:115} INFO - [2023-03-23 23:02:08,490] {dag.py:2927} INFO - Setting next_dagrun for example_task_group_decorator to 2023-03-23T02:02:08.489965+00:00, run_after=2023-03-24T02:02:08.489965+00:00
[2023-03-23 23:02:08,497] {processor.py:161} INFO - Processing /Users/gabrielroger/Documents/projects/weather-data/.venv/lib/python3.9/site-packages/airflow/example_dags/example_task_group_decorator.py took 0.529 seconds
[2023-03-23 23:02:36,777] {processor.py:153} INFO - Started process (PID=2083) to work on /Users/gabrielroger/Documents/projects/weather-data/.venv/lib/python3.9/site-packages/airflow/example_dags/example_task_group_decorator.py
[2023-03-23 23:02:36,777] {processor.py:641} INFO - Processing file /Users/gabrielroger/Documents/projects/weather-data/.venv/lib/python3.9/site-packages/airflow/example_dags/example_task_group_decorator.py for tasks to queue
[2023-03-23 23:02:36,778] {logging_mixin.py:115} INFO - [2023-03-23 23:02:36,778] {dagbag.py:507} INFO - Filling up the DagBag from /Users/gabrielroger/Documents/projects/weather-data/.venv/lib/python3.9/site-packages/airflow/example_dags/example_task_group_decorator.py
[2023-03-23 23:02:36,799] {processor.py:651} INFO - DAG(s) dict_keys(['example_task_group_decorator']) retrieved from /Users/gabrielroger/Documents/projects/weather-data/.venv/lib/python3.9/site-packages/airflow/example_dags/example_task_group_decorator.py
[2023-03-23 23:02:36,810] {logging_mixin.py:115} INFO - [2023-03-23 23:02:36,810] {dag.py:2379} INFO - Sync 1 DAGs
[2023-03-23 23:02:36,834] {logging_mixin.py:115} INFO - [2023-03-23 23:02:36,834] {dag.py:2927} INFO - Setting next_dagrun for example_task_group_decorator to 2023-03-23T02:02:36.834660+00:00, run_after=2023-03-24T02:02:36.834660+00:00
[2023-03-23 23:02:36,839] {processor.py:161} INFO - Processing /Users/gabrielroger/Documents/projects/weather-data/.venv/lib/python3.9/site-packages/airflow/example_dags/example_task_group_decorator.py took 0.063 seconds
[2023-03-23 23:03:26,914] {processor.py:153} INFO - Started process (PID=2132) to work on /Users/gabrielroger/Documents/projects/weather-data/.venv/lib/python3.9/site-packages/airflow/example_dags/example_task_group_decorator.py
[2023-03-23 23:03:26,915] {processor.py:641} INFO - Processing file /Users/gabrielroger/Documents/projects/weather-data/.venv/lib/python3.9/site-packages/airflow/example_dags/example_task_group_decorator.py for tasks to queue
[2023-03-23 23:03:26,915] {logging_mixin.py:115} INFO - [2023-03-23 23:03:26,915] {dagbag.py:507} INFO - Filling up the DagBag from /Users/gabrielroger/Documents/projects/weather-data/.venv/lib/python3.9/site-packages/airflow/example_dags/example_task_group_decorator.py
[2023-03-23 23:03:26,937] {processor.py:651} INFO - DAG(s) dict_keys(['example_task_group_decorator']) retrieved from /Users/gabrielroger/Documents/projects/weather-data/.venv/lib/python3.9/site-packages/airflow/example_dags/example_task_group_decorator.py
[2023-03-23 23:03:27,253] {logging_mixin.py:115} INFO - [2023-03-23 23:03:27,253] {dag.py:2379} INFO - Sync 1 DAGs
[2023-03-23 23:03:27,259] {logging_mixin.py:115} INFO - [2023-03-23 23:03:27,259] {dag.py:2927} INFO - Setting next_dagrun for example_task_group_decorator to 2023-03-23T02:03:27.259816+00:00, run_after=2023-03-24T02:03:27.259816+00:00
[2023-03-23 23:03:27,266] {processor.py:161} INFO - Processing /Users/gabrielroger/Documents/projects/weather-data/.venv/lib/python3.9/site-packages/airflow/example_dags/example_task_group_decorator.py took 0.352 seconds
[2023-03-23 23:04:15,612] {processor.py:153} INFO - Started process (PID=2170) to work on /Users/gabrielroger/Documents/projects/weather-data/.venv/lib/python3.9/site-packages/airflow/example_dags/example_task_group_decorator.py
[2023-03-23 23:04:15,612] {processor.py:641} INFO - Processing file /Users/gabrielroger/Documents/projects/weather-data/.venv/lib/python3.9/site-packages/airflow/example_dags/example_task_group_decorator.py for tasks to queue
[2023-03-23 23:04:15,613] {logging_mixin.py:115} INFO - [2023-03-23 23:04:15,612] {dagbag.py:507} INFO - Filling up the DagBag from /Users/gabrielroger/Documents/projects/weather-data/.venv/lib/python3.9/site-packages/airflow/example_dags/example_task_group_decorator.py
[2023-03-23 23:04:15,634] {processor.py:651} INFO - DAG(s) dict_keys(['example_task_group_decorator']) retrieved from /Users/gabrielroger/Documents/projects/weather-data/.venv/lib/python3.9/site-packages/airflow/example_dags/example_task_group_decorator.py
[2023-03-23 23:04:15,942] {logging_mixin.py:115} INFO - [2023-03-23 23:04:15,941] {dag.py:2379} INFO - Sync 1 DAGs
[2023-03-23 23:04:15,948] {logging_mixin.py:115} INFO - [2023-03-23 23:04:15,948] {dag.py:2927} INFO - Setting next_dagrun for example_task_group_decorator to 2023-03-23T02:04:15.948457+00:00, run_after=2023-03-24T02:04:15.948457+00:00
[2023-03-23 23:04:15,955] {processor.py:161} INFO - Processing /Users/gabrielroger/Documents/projects/weather-data/.venv/lib/python3.9/site-packages/airflow/example_dags/example_task_group_decorator.py took 0.343 seconds
[2023-03-23 23:05:12,029] {processor.py:153} INFO - Started process (PID=2212) to work on /Users/gabrielroger/Documents/projects/weather-data/.venv/lib/python3.9/site-packages/airflow/example_dags/example_task_group_decorator.py
[2023-03-23 23:05:12,030] {processor.py:641} INFO - Processing file /Users/gabrielroger/Documents/projects/weather-data/.venv/lib/python3.9/site-packages/airflow/example_dags/example_task_group_decorator.py for tasks to queue
[2023-03-23 23:05:12,031] {logging_mixin.py:115} INFO - [2023-03-23 23:05:12,031] {dagbag.py:507} INFO - Filling up the DagBag from /Users/gabrielroger/Documents/projects/weather-data/.venv/lib/python3.9/site-packages/airflow/example_dags/example_task_group_decorator.py
[2023-03-23 23:05:12,051] {processor.py:651} INFO - DAG(s) dict_keys(['example_task_group_decorator']) retrieved from /Users/gabrielroger/Documents/projects/weather-data/.venv/lib/python3.9/site-packages/airflow/example_dags/example_task_group_decorator.py
[2023-03-23 23:05:12,359] {logging_mixin.py:115} INFO - [2023-03-23 23:05:12,359] {dag.py:2379} INFO - Sync 1 DAGs
[2023-03-23 23:05:12,365] {logging_mixin.py:115} INFO - [2023-03-23 23:05:12,365] {dag.py:2927} INFO - Setting next_dagrun for example_task_group_decorator to 2023-03-23T02:05:12.365686+00:00, run_after=2023-03-24T02:05:12.365686+00:00
[2023-03-23 23:05:12,372] {processor.py:161} INFO - Processing /Users/gabrielroger/Documents/projects/weather-data/.venv/lib/python3.9/site-packages/airflow/example_dags/example_task_group_decorator.py took 0.343 seconds
[2023-03-23 23:06:39,771] {processor.py:153} INFO - Started process (PID=2292) to work on /Users/gabrielroger/Documents/projects/weather-data/.venv/lib/python3.9/site-packages/airflow/example_dags/example_task_group_decorator.py
[2023-03-23 23:06:39,772] {processor.py:641} INFO - Processing file /Users/gabrielroger/Documents/projects/weather-data/.venv/lib/python3.9/site-packages/airflow/example_dags/example_task_group_decorator.py for tasks to queue
[2023-03-23 23:06:39,772] {logging_mixin.py:115} INFO - [2023-03-23 23:06:39,772] {dagbag.py:507} INFO - Filling up the DagBag from /Users/gabrielroger/Documents/projects/weather-data/.venv/lib/python3.9/site-packages/airflow/example_dags/example_task_group_decorator.py
[2023-03-23 23:06:39,794] {processor.py:651} INFO - DAG(s) dict_keys(['example_task_group_decorator']) retrieved from /Users/gabrielroger/Documents/projects/weather-data/.venv/lib/python3.9/site-packages/airflow/example_dags/example_task_group_decorator.py
[2023-03-23 23:06:40,113] {logging_mixin.py:115} INFO - [2023-03-23 23:06:40,113] {dag.py:2379} INFO - Sync 1 DAGs
[2023-03-23 23:06:40,120] {logging_mixin.py:115} INFO - [2023-03-23 23:06:40,120] {dag.py:2927} INFO - Setting next_dagrun for example_task_group_decorator to 2023-03-23T02:06:40.120313+00:00, run_after=2023-03-24T02:06:40.120313+00:00
[2023-03-23 23:06:40,127] {processor.py:161} INFO - Processing /Users/gabrielroger/Documents/projects/weather-data/.venv/lib/python3.9/site-packages/airflow/example_dags/example_task_group_decorator.py took 0.356 seconds
[2023-03-23 23:07:31,739] {processor.py:153} INFO - Started process (PID=2328) to work on /Users/gabrielroger/Documents/projects/weather-data/.venv/lib/python3.9/site-packages/airflow/example_dags/example_task_group_decorator.py
[2023-03-23 23:07:31,740] {processor.py:641} INFO - Processing file /Users/gabrielroger/Documents/projects/weather-data/.venv/lib/python3.9/site-packages/airflow/example_dags/example_task_group_decorator.py for tasks to queue
[2023-03-23 23:07:31,740] {logging_mixin.py:115} INFO - [2023-03-23 23:07:31,740] {dagbag.py:507} INFO - Filling up the DagBag from /Users/gabrielroger/Documents/projects/weather-data/.venv/lib/python3.9/site-packages/airflow/example_dags/example_task_group_decorator.py
[2023-03-23 23:07:31,761] {processor.py:651} INFO - DAG(s) dict_keys(['example_task_group_decorator']) retrieved from /Users/gabrielroger/Documents/projects/weather-data/.venv/lib/python3.9/site-packages/airflow/example_dags/example_task_group_decorator.py
[2023-03-23 23:07:32,066] {logging_mixin.py:115} INFO - [2023-03-23 23:07:32,066] {dag.py:2379} INFO - Sync 1 DAGs
[2023-03-23 23:07:32,073] {logging_mixin.py:115} INFO - [2023-03-23 23:07:32,073] {dag.py:2927} INFO - Setting next_dagrun for example_task_group_decorator to 2023-03-23T02:07:32.073109+00:00, run_after=2023-03-24T02:07:32.073109+00:00
[2023-03-23 23:07:32,079] {processor.py:161} INFO - Processing /Users/gabrielroger/Documents/projects/weather-data/.venv/lib/python3.9/site-packages/airflow/example_dags/example_task_group_decorator.py took 0.341 seconds
[2023-03-23 23:08:00,535] {processor.py:153} INFO - Started process (PID=2358) to work on /Users/gabrielroger/Documents/projects/weather-data/.venv/lib/python3.9/site-packages/airflow/example_dags/example_task_group_decorator.py
[2023-03-23 23:08:00,535] {processor.py:641} INFO - Processing file /Users/gabrielroger/Documents/projects/weather-data/.venv/lib/python3.9/site-packages/airflow/example_dags/example_task_group_decorator.py for tasks to queue
[2023-03-23 23:08:00,535] {logging_mixin.py:115} INFO - [2023-03-23 23:08:00,535] {dagbag.py:507} INFO - Filling up the DagBag from /Users/gabrielroger/Documents/projects/weather-data/.venv/lib/python3.9/site-packages/airflow/example_dags/example_task_group_decorator.py
[2023-03-23 23:08:00,557] {processor.py:651} INFO - DAG(s) dict_keys(['example_task_group_decorator']) retrieved from /Users/gabrielroger/Documents/projects/weather-data/.venv/lib/python3.9/site-packages/airflow/example_dags/example_task_group_decorator.py
[2023-03-23 23:08:00,568] {logging_mixin.py:115} INFO - [2023-03-23 23:08:00,568] {dag.py:2379} INFO - Sync 1 DAGs
[2023-03-23 23:08:00,593] {logging_mixin.py:115} INFO - [2023-03-23 23:08:00,593] {dag.py:2927} INFO - Setting next_dagrun for example_task_group_decorator to 2023-03-23T02:08:00.593507+00:00, run_after=2023-03-24T02:08:00.593507+00:00
[2023-03-23 23:08:00,598] {processor.py:161} INFO - Processing /Users/gabrielroger/Documents/projects/weather-data/.venv/lib/python3.9/site-packages/airflow/example_dags/example_task_group_decorator.py took 0.064 seconds
[2023-03-23 23:08:52,040] {processor.py:153} INFO - Started process (PID=2401) to work on /Users/gabrielroger/Documents/projects/weather-data/.venv/lib/python3.9/site-packages/airflow/example_dags/example_task_group_decorator.py
[2023-03-23 23:08:52,041] {processor.py:641} INFO - Processing file /Users/gabrielroger/Documents/projects/weather-data/.venv/lib/python3.9/site-packages/airflow/example_dags/example_task_group_decorator.py for tasks to queue
[2023-03-23 23:08:52,041] {logging_mixin.py:115} INFO - [2023-03-23 23:08:52,041] {dagbag.py:507} INFO - Filling up the DagBag from /Users/gabrielroger/Documents/projects/weather-data/.venv/lib/python3.9/site-packages/airflow/example_dags/example_task_group_decorator.py
[2023-03-23 23:08:52,062] {processor.py:651} INFO - DAG(s) dict_keys(['example_task_group_decorator']) retrieved from /Users/gabrielroger/Documents/projects/weather-data/.venv/lib/python3.9/site-packages/airflow/example_dags/example_task_group_decorator.py
[2023-03-23 23:08:52,370] {logging_mixin.py:115} INFO - [2023-03-23 23:08:52,370] {dag.py:2379} INFO - Sync 1 DAGs
[2023-03-23 23:08:52,377] {logging_mixin.py:115} INFO - [2023-03-23 23:08:52,377] {dag.py:2927} INFO - Setting next_dagrun for example_task_group_decorator to 2023-03-23T02:08:52.377360+00:00, run_after=2023-03-24T02:08:52.377360+00:00
[2023-03-23 23:08:52,384] {processor.py:161} INFO - Processing /Users/gabrielroger/Documents/projects/weather-data/.venv/lib/python3.9/site-packages/airflow/example_dags/example_task_group_decorator.py took 0.344 seconds
[2023-03-23 23:09:43,008] {processor.py:153} INFO - Started process (PID=2437) to work on /Users/gabrielroger/Documents/projects/weather-data/.venv/lib/python3.9/site-packages/airflow/example_dags/example_task_group_decorator.py
[2023-03-23 23:09:43,008] {processor.py:641} INFO - Processing file /Users/gabrielroger/Documents/projects/weather-data/.venv/lib/python3.9/site-packages/airflow/example_dags/example_task_group_decorator.py for tasks to queue
[2023-03-23 23:09:43,008] {logging_mixin.py:115} INFO - [2023-03-23 23:09:43,008] {dagbag.py:507} INFO - Filling up the DagBag from /Users/gabrielroger/Documents/projects/weather-data/.venv/lib/python3.9/site-packages/airflow/example_dags/example_task_group_decorator.py
[2023-03-23 23:09:43,032] {processor.py:651} INFO - DAG(s) dict_keys(['example_task_group_decorator']) retrieved from /Users/gabrielroger/Documents/projects/weather-data/.venv/lib/python3.9/site-packages/airflow/example_dags/example_task_group_decorator.py
[2023-03-23 23:09:43,340] {logging_mixin.py:115} INFO - [2023-03-23 23:09:43,340] {dag.py:2379} INFO - Sync 1 DAGs
[2023-03-23 23:09:43,347] {logging_mixin.py:115} INFO - [2023-03-23 23:09:43,347] {dag.py:2927} INFO - Setting next_dagrun for example_task_group_decorator to 2023-03-23T02:09:43.346939+00:00, run_after=2023-03-24T02:09:43.346939+00:00
[2023-03-23 23:09:43,353] {processor.py:161} INFO - Processing /Users/gabrielroger/Documents/projects/weather-data/.venv/lib/python3.9/site-packages/airflow/example_dags/example_task_group_decorator.py took 0.345 seconds
[2023-03-23 23:10:25,086] {processor.py:153} INFO - Started process (PID=2470) to work on /Users/gabrielroger/Documents/projects/weather-data/.venv/lib/python3.9/site-packages/airflow/example_dags/example_task_group_decorator.py
[2023-03-23 23:10:25,086] {processor.py:641} INFO - Processing file /Users/gabrielroger/Documents/projects/weather-data/.venv/lib/python3.9/site-packages/airflow/example_dags/example_task_group_decorator.py for tasks to queue
[2023-03-23 23:10:25,086] {logging_mixin.py:115} INFO - [2023-03-23 23:10:25,086] {dagbag.py:507} INFO - Filling up the DagBag from /Users/gabrielroger/Documents/projects/weather-data/.venv/lib/python3.9/site-packages/airflow/example_dags/example_task_group_decorator.py
[2023-03-23 23:10:25,107] {processor.py:651} INFO - DAG(s) dict_keys(['example_task_group_decorator']) retrieved from /Users/gabrielroger/Documents/projects/weather-data/.venv/lib/python3.9/site-packages/airflow/example_dags/example_task_group_decorator.py
[2023-03-23 23:10:25,414] {logging_mixin.py:115} INFO - [2023-03-23 23:10:25,413] {dag.py:2379} INFO - Sync 1 DAGs
[2023-03-23 23:10:25,420] {logging_mixin.py:115} INFO - [2023-03-23 23:10:25,420] {dag.py:2927} INFO - Setting next_dagrun for example_task_group_decorator to 2023-03-23T02:10:25.420646+00:00, run_after=2023-03-24T02:10:25.420646+00:00
[2023-03-23 23:10:25,427] {processor.py:161} INFO - Processing /Users/gabrielroger/Documents/projects/weather-data/.venv/lib/python3.9/site-packages/airflow/example_dags/example_task_group_decorator.py took 0.342 seconds
[2023-03-23 23:11:09,151] {processor.py:153} INFO - Started process (PID=2503) to work on /Users/gabrielroger/Documents/projects/weather-data/.venv/lib/python3.9/site-packages/airflow/example_dags/example_task_group_decorator.py
[2023-03-23 23:11:09,152] {processor.py:641} INFO - Processing file /Users/gabrielroger/Documents/projects/weather-data/.venv/lib/python3.9/site-packages/airflow/example_dags/example_task_group_decorator.py for tasks to queue
[2023-03-23 23:11:09,152] {logging_mixin.py:115} INFO - [2023-03-23 23:11:09,152] {dagbag.py:507} INFO - Filling up the DagBag from /Users/gabrielroger/Documents/projects/weather-data/.venv/lib/python3.9/site-packages/airflow/example_dags/example_task_group_decorator.py
[2023-03-23 23:11:09,173] {processor.py:651} INFO - DAG(s) dict_keys(['example_task_group_decorator']) retrieved from /Users/gabrielroger/Documents/projects/weather-data/.venv/lib/python3.9/site-packages/airflow/example_dags/example_task_group_decorator.py
[2023-03-23 23:11:09,519] {logging_mixin.py:115} INFO - [2023-03-23 23:11:09,519] {dag.py:2379} INFO - Sync 1 DAGs
[2023-03-23 23:11:09,528] {logging_mixin.py:115} INFO - [2023-03-23 23:11:09,528] {dag.py:2927} INFO - Setting next_dagrun for example_task_group_decorator to 2023-03-23T02:11:09.527929+00:00, run_after=2023-03-24T02:11:09.527929+00:00
[2023-03-23 23:11:09,535] {processor.py:161} INFO - Processing /Users/gabrielroger/Documents/projects/weather-data/.venv/lib/python3.9/site-packages/airflow/example_dags/example_task_group_decorator.py took 0.384 seconds
