[2023-03-23 22:57:46,544] {processor.py:153} INFO - Started process (PID=1834) to work on /Users/gabrielroger/Documents/projects/weather-data/.venv/lib/python3.9/site-packages/airflow/example_dags/example_kubernetes_executor.py
[2023-03-23 22:57:46,544] {processor.py:641} INFO - Processing file /Users/gabrielroger/Documents/projects/weather-data/.venv/lib/python3.9/site-packages/airflow/example_dags/example_kubernetes_executor.py for tasks to queue
[2023-03-23 22:57:46,544] {logging_mixin.py:115} INFO - [2023-03-23 22:57:46,544] {dagbag.py:507} INFO - Filling up the DagBag from /Users/gabrielroger/Documents/projects/weather-data/.venv/lib/python3.9/site-packages/airflow/example_dags/example_kubernetes_executor.py
[2023-03-23 22:57:46,557] {logging_mixin.py:115} INFO - [2023-03-23 22:57:46,557] {example_kubernetes_executor.py:39} WARNING - The example_kubernetes_executor example DAG requires the kubernetes provider. Please install it with: pip install apache-airflow[cncf.kubernetes]
[2023-03-23 22:57:46,558] {processor.py:653} WARNING - No viable dags retrieved from /Users/gabrielroger/Documents/projects/weather-data/.venv/lib/python3.9/site-packages/airflow/example_dags/example_kubernetes_executor.py
[2023-03-23 22:57:46,577] {processor.py:161} INFO - Processing /Users/gabrielroger/Documents/projects/weather-data/.venv/lib/python3.9/site-packages/airflow/example_dags/example_kubernetes_executor.py took 0.033 seconds
[2023-03-23 22:58:36,743] {processor.py:153} INFO - Started process (PID=1873) to work on /Users/gabrielroger/Documents/projects/weather-data/.venv/lib/python3.9/site-packages/airflow/example_dags/example_kubernetes_executor.py
[2023-03-23 22:58:36,744] {processor.py:641} INFO - Processing file /Users/gabrielroger/Documents/projects/weather-data/.venv/lib/python3.9/site-packages/airflow/example_dags/example_kubernetes_executor.py for tasks to queue
[2023-03-23 22:58:36,744] {logging_mixin.py:115} INFO - [2023-03-23 22:58:36,744] {dagbag.py:507} INFO - Filling up the DagBag from /Users/gabrielroger/Documents/projects/weather-data/.venv/lib/python3.9/site-packages/airflow/example_dags/example_kubernetes_executor.py
[2023-03-23 22:58:36,757] {logging_mixin.py:115} INFO - [2023-03-23 22:58:36,757] {example_kubernetes_executor.py:39} WARNING - The example_kubernetes_executor example DAG requires the kubernetes provider. Please install it with: pip install apache-airflow[cncf.kubernetes]
[2023-03-23 22:58:36,757] {processor.py:653} WARNING - No viable dags retrieved from /Users/gabrielroger/Documents/projects/weather-data/.venv/lib/python3.9/site-packages/airflow/example_dags/example_kubernetes_executor.py
[2023-03-23 22:58:36,776] {processor.py:161} INFO - Processing /Users/gabrielroger/Documents/projects/weather-data/.venv/lib/python3.9/site-packages/airflow/example_dags/example_kubernetes_executor.py took 0.033 seconds
[2023-03-23 22:59:36,562] {processor.py:153} INFO - Started process (PID=1923) to work on /Users/gabrielroger/Documents/projects/weather-data/.venv/lib/python3.9/site-packages/airflow/example_dags/example_kubernetes_executor.py
[2023-03-23 22:59:36,563] {processor.py:641} INFO - Processing file /Users/gabrielroger/Documents/projects/weather-data/.venv/lib/python3.9/site-packages/airflow/example_dags/example_kubernetes_executor.py for tasks to queue
[2023-03-23 22:59:36,563] {logging_mixin.py:115} INFO - [2023-03-23 22:59:36,563] {dagbag.py:507} INFO - Filling up the DagBag from /Users/gabrielroger/Documents/projects/weather-data/.venv/lib/python3.9/site-packages/airflow/example_dags/example_kubernetes_executor.py
[2023-03-23 22:59:36,576] {logging_mixin.py:115} INFO - [2023-03-23 22:59:36,576] {example_kubernetes_executor.py:39} WARNING - The example_kubernetes_executor example DAG requires the kubernetes provider. Please install it with: pip install apache-airflow[cncf.kubernetes]
[2023-03-23 22:59:36,576] {processor.py:653} WARNING - No viable dags retrieved from /Users/gabrielroger/Documents/projects/weather-data/.venv/lib/python3.9/site-packages/airflow/example_dags/example_kubernetes_executor.py
[2023-03-23 22:59:36,595] {processor.py:161} INFO - Processing /Users/gabrielroger/Documents/projects/weather-data/.venv/lib/python3.9/site-packages/airflow/example_dags/example_kubernetes_executor.py took 0.033 seconds
[2023-03-23 23:00:41,745] {processor.py:153} INFO - Started process (PID=1981) to work on /Users/gabrielroger/Documents/projects/weather-data/.venv/lib/python3.9/site-packages/airflow/example_dags/example_kubernetes_executor.py
[2023-03-23 23:00:41,746] {processor.py:641} INFO - Processing file /Users/gabrielroger/Documents/projects/weather-data/.venv/lib/python3.9/site-packages/airflow/example_dags/example_kubernetes_executor.py for tasks to queue
[2023-03-23 23:00:41,746] {logging_mixin.py:115} INFO - [2023-03-23 23:00:41,746] {dagbag.py:507} INFO - Filling up the DagBag from /Users/gabrielroger/Documents/projects/weather-data/.venv/lib/python3.9/site-packages/airflow/example_dags/example_kubernetes_executor.py
[2023-03-23 23:00:41,758] {logging_mixin.py:115} INFO - [2023-03-23 23:00:41,758] {example_kubernetes_executor.py:39} WARNING - The example_kubernetes_executor example DAG requires the kubernetes provider. Please install it with: pip install apache-airflow[cncf.kubernetes]
[2023-03-23 23:00:41,759] {processor.py:653} WARNING - No viable dags retrieved from /Users/gabrielroger/Documents/projects/weather-data/.venv/lib/python3.9/site-packages/airflow/example_dags/example_kubernetes_executor.py
[2023-03-23 23:00:41,778] {processor.py:161} INFO - Processing /Users/gabrielroger/Documents/projects/weather-data/.venv/lib/python3.9/site-packages/airflow/example_dags/example_kubernetes_executor.py took 0.033 seconds
[2023-03-23 23:01:34,757] {processor.py:153} INFO - Started process (PID=2028) to work on /Users/gabrielroger/Documents/projects/weather-data/.venv/lib/python3.9/site-packages/airflow/example_dags/example_kubernetes_executor.py
[2023-03-23 23:01:34,758] {processor.py:641} INFO - Processing file /Users/gabrielroger/Documents/projects/weather-data/.venv/lib/python3.9/site-packages/airflow/example_dags/example_kubernetes_executor.py for tasks to queue
[2023-03-23 23:01:34,758] {logging_mixin.py:115} INFO - [2023-03-23 23:01:34,758] {dagbag.py:507} INFO - Filling up the DagBag from /Users/gabrielroger/Documents/projects/weather-data/.venv/lib/python3.9/site-packages/airflow/example_dags/example_kubernetes_executor.py
[2023-03-23 23:01:34,770] {logging_mixin.py:115} INFO - [2023-03-23 23:01:34,770] {example_kubernetes_executor.py:39} WARNING - The example_kubernetes_executor example DAG requires the kubernetes provider. Please install it with: pip install apache-airflow[cncf.kubernetes]
[2023-03-23 23:01:34,770] {processor.py:653} WARNING - No viable dags retrieved from /Users/gabrielroger/Documents/projects/weather-data/.venv/lib/python3.9/site-packages/airflow/example_dags/example_kubernetes_executor.py
[2023-03-23 23:01:34,789] {processor.py:161} INFO - Processing /Users/gabrielroger/Documents/projects/weather-data/.venv/lib/python3.9/site-packages/airflow/example_dags/example_kubernetes_executor.py took 0.033 seconds
[2023-03-23 23:02:53,122] {processor.py:153} INFO - Started process (PID=2104) to work on /Users/gabrielroger/Documents/projects/weather-data/.venv/lib/python3.9/site-packages/airflow/example_dags/example_kubernetes_executor.py
[2023-03-23 23:02:53,122] {processor.py:641} INFO - Processing file /Users/gabrielroger/Documents/projects/weather-data/.venv/lib/python3.9/site-packages/airflow/example_dags/example_kubernetes_executor.py for tasks to queue
[2023-03-23 23:02:53,123] {logging_mixin.py:115} INFO - [2023-03-23 23:02:53,123] {dagbag.py:507} INFO - Filling up the DagBag from /Users/gabrielroger/Documents/projects/weather-data/.venv/lib/python3.9/site-packages/airflow/example_dags/example_kubernetes_executor.py
[2023-03-23 23:02:53,136] {logging_mixin.py:115} INFO - [2023-03-23 23:02:53,136] {example_kubernetes_executor.py:39} WARNING - The example_kubernetes_executor example DAG requires the kubernetes provider. Please install it with: pip install apache-airflow[cncf.kubernetes]
[2023-03-23 23:02:53,136] {processor.py:653} WARNING - No viable dags retrieved from /Users/gabrielroger/Documents/projects/weather-data/.venv/lib/python3.9/site-packages/airflow/example_dags/example_kubernetes_executor.py
[2023-03-23 23:02:53,156] {processor.py:161} INFO - Processing /Users/gabrielroger/Documents/projects/weather-data/.venv/lib/python3.9/site-packages/airflow/example_dags/example_kubernetes_executor.py took 0.034 seconds
[2023-03-23 23:03:44,665] {processor.py:153} INFO - Started process (PID=2145) to work on /Users/gabrielroger/Documents/projects/weather-data/.venv/lib/python3.9/site-packages/airflow/example_dags/example_kubernetes_executor.py
[2023-03-23 23:03:44,666] {processor.py:641} INFO - Processing file /Users/gabrielroger/Documents/projects/weather-data/.venv/lib/python3.9/site-packages/airflow/example_dags/example_kubernetes_executor.py for tasks to queue
[2023-03-23 23:03:44,666] {logging_mixin.py:115} INFO - [2023-03-23 23:03:44,666] {dagbag.py:507} INFO - Filling up the DagBag from /Users/gabrielroger/Documents/projects/weather-data/.venv/lib/python3.9/site-packages/airflow/example_dags/example_kubernetes_executor.py
[2023-03-23 23:03:44,678] {logging_mixin.py:115} INFO - [2023-03-23 23:03:44,678] {example_kubernetes_executor.py:39} WARNING - The example_kubernetes_executor example DAG requires the kubernetes provider. Please install it with: pip install apache-airflow[cncf.kubernetes]
[2023-03-23 23:03:44,678] {processor.py:653} WARNING - No viable dags retrieved from /Users/gabrielroger/Documents/projects/weather-data/.venv/lib/python3.9/site-packages/airflow/example_dags/example_kubernetes_executor.py
[2023-03-23 23:03:44,697] {processor.py:161} INFO - Processing /Users/gabrielroger/Documents/projects/weather-data/.venv/lib/python3.9/site-packages/airflow/example_dags/example_kubernetes_executor.py took 0.033 seconds
[2023-03-23 23:04:41,304] {processor.py:153} INFO - Started process (PID=2188) to work on /Users/gabrielroger/Documents/projects/weather-data/.venv/lib/python3.9/site-packages/airflow/example_dags/example_kubernetes_executor.py
[2023-03-23 23:04:41,305] {processor.py:641} INFO - Processing file /Users/gabrielroger/Documents/projects/weather-data/.venv/lib/python3.9/site-packages/airflow/example_dags/example_kubernetes_executor.py for tasks to queue
[2023-03-23 23:04:41,305] {logging_mixin.py:115} INFO - [2023-03-23 23:04:41,305] {dagbag.py:507} INFO - Filling up the DagBag from /Users/gabrielroger/Documents/projects/weather-data/.venv/lib/python3.9/site-packages/airflow/example_dags/example_kubernetes_executor.py
[2023-03-23 23:04:41,317] {logging_mixin.py:115} INFO - [2023-03-23 23:04:41,317] {example_kubernetes_executor.py:39} WARNING - The example_kubernetes_executor example DAG requires the kubernetes provider. Please install it with: pip install apache-airflow[cncf.kubernetes]
[2023-03-23 23:04:41,317] {processor.py:653} WARNING - No viable dags retrieved from /Users/gabrielroger/Documents/projects/weather-data/.venv/lib/python3.9/site-packages/airflow/example_dags/example_kubernetes_executor.py
[2023-03-23 23:04:41,336] {processor.py:161} INFO - Processing /Users/gabrielroger/Documents/projects/weather-data/.venv/lib/python3.9/site-packages/airflow/example_dags/example_kubernetes_executor.py took 0.033 seconds
[2023-03-23 23:05:38,890] {processor.py:153} INFO - Started process (PID=2234) to work on /Users/gabrielroger/Documents/projects/weather-data/.venv/lib/python3.9/site-packages/airflow/example_dags/example_kubernetes_executor.py
[2023-03-23 23:05:38,890] {processor.py:641} INFO - Processing file /Users/gabrielroger/Documents/projects/weather-data/.venv/lib/python3.9/site-packages/airflow/example_dags/example_kubernetes_executor.py for tasks to queue
[2023-03-23 23:05:38,891] {logging_mixin.py:115} INFO - [2023-03-23 23:05:38,891] {dagbag.py:507} INFO - Filling up the DagBag from /Users/gabrielroger/Documents/projects/weather-data/.venv/lib/python3.9/site-packages/airflow/example_dags/example_kubernetes_executor.py
[2023-03-23 23:05:38,903] {logging_mixin.py:115} INFO - [2023-03-23 23:05:38,903] {example_kubernetes_executor.py:39} WARNING - The example_kubernetes_executor example DAG requires the kubernetes provider. Please install it with: pip install apache-airflow[cncf.kubernetes]
[2023-03-23 23:05:38,903] {processor.py:653} WARNING - No viable dags retrieved from /Users/gabrielroger/Documents/projects/weather-data/.venv/lib/python3.9/site-packages/airflow/example_dags/example_kubernetes_executor.py
[2023-03-23 23:05:38,922] {processor.py:161} INFO - Processing /Users/gabrielroger/Documents/projects/weather-data/.venv/lib/python3.9/site-packages/airflow/example_dags/example_kubernetes_executor.py took 0.032 seconds
[2023-03-23 23:06:56,527] {processor.py:153} INFO - Started process (PID=2304) to work on /Users/gabrielroger/Documents/projects/weather-data/.venv/lib/python3.9/site-packages/airflow/example_dags/example_kubernetes_executor.py
[2023-03-23 23:06:56,527] {processor.py:641} INFO - Processing file /Users/gabrielroger/Documents/projects/weather-data/.venv/lib/python3.9/site-packages/airflow/example_dags/example_kubernetes_executor.py for tasks to queue
[2023-03-23 23:06:56,527] {logging_mixin.py:115} INFO - [2023-03-23 23:06:56,527] {dagbag.py:507} INFO - Filling up the DagBag from /Users/gabrielroger/Documents/projects/weather-data/.venv/lib/python3.9/site-packages/airflow/example_dags/example_kubernetes_executor.py
[2023-03-23 23:06:56,540] {logging_mixin.py:115} INFO - [2023-03-23 23:06:56,540] {example_kubernetes_executor.py:39} WARNING - The example_kubernetes_executor example DAG requires the kubernetes provider. Please install it with: pip install apache-airflow[cncf.kubernetes]
[2023-03-23 23:06:56,540] {processor.py:653} WARNING - No viable dags retrieved from /Users/gabrielroger/Documents/projects/weather-data/.venv/lib/python3.9/site-packages/airflow/example_dags/example_kubernetes_executor.py
[2023-03-23 23:06:56,559] {processor.py:161} INFO - Processing /Users/gabrielroger/Documents/projects/weather-data/.venv/lib/python3.9/site-packages/airflow/example_dags/example_kubernetes_executor.py took 0.032 seconds
[2023-03-23 23:08:17,158] {processor.py:153} INFO - Started process (PID=2375) to work on /Users/gabrielroger/Documents/projects/weather-data/.venv/lib/python3.9/site-packages/airflow/example_dags/example_kubernetes_executor.py
[2023-03-23 23:08:17,158] {processor.py:641} INFO - Processing file /Users/gabrielroger/Documents/projects/weather-data/.venv/lib/python3.9/site-packages/airflow/example_dags/example_kubernetes_executor.py for tasks to queue
[2023-03-23 23:08:17,159] {logging_mixin.py:115} INFO - [2023-03-23 23:08:17,159] {dagbag.py:507} INFO - Filling up the DagBag from /Users/gabrielroger/Documents/projects/weather-data/.venv/lib/python3.9/site-packages/airflow/example_dags/example_kubernetes_executor.py
[2023-03-23 23:08:17,171] {logging_mixin.py:115} INFO - [2023-03-23 23:08:17,171] {example_kubernetes_executor.py:39} WARNING - The example_kubernetes_executor example DAG requires the kubernetes provider. Please install it with: pip install apache-airflow[cncf.kubernetes]
[2023-03-23 23:08:17,171] {processor.py:653} WARNING - No viable dags retrieved from /Users/gabrielroger/Documents/projects/weather-data/.venv/lib/python3.9/site-packages/airflow/example_dags/example_kubernetes_executor.py
[2023-03-23 23:08:17,191] {processor.py:161} INFO - Processing /Users/gabrielroger/Documents/projects/weather-data/.venv/lib/python3.9/site-packages/airflow/example_dags/example_kubernetes_executor.py took 0.033 seconds
[2023-03-23 23:09:09,093] {processor.py:153} INFO - Started process (PID=2413) to work on /Users/gabrielroger/Documents/projects/weather-data/.venv/lib/python3.9/site-packages/airflow/example_dags/example_kubernetes_executor.py
[2023-03-23 23:09:09,094] {processor.py:641} INFO - Processing file /Users/gabrielroger/Documents/projects/weather-data/.venv/lib/python3.9/site-packages/airflow/example_dags/example_kubernetes_executor.py for tasks to queue
[2023-03-23 23:09:09,094] {logging_mixin.py:115} INFO - [2023-03-23 23:09:09,094] {dagbag.py:507} INFO - Filling up the DagBag from /Users/gabrielroger/Documents/projects/weather-data/.venv/lib/python3.9/site-packages/airflow/example_dags/example_kubernetes_executor.py
[2023-03-23 23:09:09,107] {logging_mixin.py:115} INFO - [2023-03-23 23:09:09,107] {example_kubernetes_executor.py:39} WARNING - The example_kubernetes_executor example DAG requires the kubernetes provider. Please install it with: pip install apache-airflow[cncf.kubernetes]
[2023-03-23 23:09:09,107] {processor.py:653} WARNING - No viable dags retrieved from /Users/gabrielroger/Documents/projects/weather-data/.venv/lib/python3.9/site-packages/airflow/example_dags/example_kubernetes_executor.py
[2023-03-23 23:09:09,126] {processor.py:161} INFO - Processing /Users/gabrielroger/Documents/projects/weather-data/.venv/lib/python3.9/site-packages/airflow/example_dags/example_kubernetes_executor.py took 0.033 seconds
[2023-03-23 23:10:12,069] {processor.py:153} INFO - Started process (PID=2461) to work on /Users/gabrielroger/Documents/projects/weather-data/.venv/lib/python3.9/site-packages/airflow/example_dags/example_kubernetes_executor.py
[2023-03-23 23:10:12,069] {processor.py:641} INFO - Processing file /Users/gabrielroger/Documents/projects/weather-data/.venv/lib/python3.9/site-packages/airflow/example_dags/example_kubernetes_executor.py for tasks to queue
[2023-03-23 23:10:12,070] {logging_mixin.py:115} INFO - [2023-03-23 23:10:12,070] {dagbag.py:507} INFO - Filling up the DagBag from /Users/gabrielroger/Documents/projects/weather-data/.venv/lib/python3.9/site-packages/airflow/example_dags/example_kubernetes_executor.py
[2023-03-23 23:10:12,082] {logging_mixin.py:115} INFO - [2023-03-23 23:10:12,082] {example_kubernetes_executor.py:39} WARNING - The example_kubernetes_executor example DAG requires the kubernetes provider. Please install it with: pip install apache-airflow[cncf.kubernetes]
[2023-03-23 23:10:12,082] {processor.py:653} WARNING - No viable dags retrieved from /Users/gabrielroger/Documents/projects/weather-data/.venv/lib/python3.9/site-packages/airflow/example_dags/example_kubernetes_executor.py
[2023-03-23 23:10:12,101] {processor.py:161} INFO - Processing /Users/gabrielroger/Documents/projects/weather-data/.venv/lib/python3.9/site-packages/airflow/example_dags/example_kubernetes_executor.py took 0.032 seconds
[2023-03-23 23:11:15,202] {processor.py:153} INFO - Started process (PID=2525) to work on /Users/gabrielroger/Documents/projects/weather-data/.venv/lib/python3.9/site-packages/airflow/example_dags/example_kubernetes_executor.py
[2023-03-23 23:11:15,202] {processor.py:641} INFO - Processing file /Users/gabrielroger/Documents/projects/weather-data/.venv/lib/python3.9/site-packages/airflow/example_dags/example_kubernetes_executor.py for tasks to queue
[2023-03-23 23:11:15,202] {logging_mixin.py:115} INFO - [2023-03-23 23:11:15,202] {dagbag.py:507} INFO - Filling up the DagBag from /Users/gabrielroger/Documents/projects/weather-data/.venv/lib/python3.9/site-packages/airflow/example_dags/example_kubernetes_executor.py
[2023-03-23 23:11:15,218] {logging_mixin.py:115} INFO - [2023-03-23 23:11:15,217] {example_kubernetes_executor.py:39} WARNING - The example_kubernetes_executor example DAG requires the kubernetes provider. Please install it with: pip install apache-airflow[cncf.kubernetes]
[2023-03-23 23:11:15,218] {processor.py:653} WARNING - No viable dags retrieved from /Users/gabrielroger/Documents/projects/weather-data/.venv/lib/python3.9/site-packages/airflow/example_dags/example_kubernetes_executor.py
[2023-03-23 23:11:15,240] {processor.py:161} INFO - Processing /Users/gabrielroger/Documents/projects/weather-data/.venv/lib/python3.9/site-packages/airflow/example_dags/example_kubernetes_executor.py took 0.039 seconds
