[2023-03-23 22:57:21,837] {processor.py:153} INFO - Started process (PID=1815) to work on /Users/gabrielroger/Documents/projects/weather-data/.venv/lib/python3.9/site-packages/airflow/example_dags/example_xcomargs.py
[2023-03-23 22:57:21,837] {processor.py:641} INFO - Processing file /Users/gabrielroger/Documents/projects/weather-data/.venv/lib/python3.9/site-packages/airflow/example_dags/example_xcomargs.py for tasks to queue
[2023-03-23 22:57:21,837] {logging_mixin.py:115} INFO - [2023-03-23 22:57:21,837] {dagbag.py:507} INFO - Filling up the DagBag from /Users/gabrielroger/Documents/projects/weather-data/.venv/lib/python3.9/site-packages/airflow/example_dags/example_xcomargs.py
[2023-03-23 22:57:21,855] {processor.py:651} INFO - DAG(s) dict_keys(['example_xcom_args', 'example_xcom_args_with_operators']) retrieved from /Users/gabrielroger/Documents/projects/weather-data/.venv/lib/python3.9/site-packages/airflow/example_dags/example_xcomargs.py
[2023-03-23 22:57:22,180] {logging_mixin.py:115} INFO - [2023-03-23 22:57:22,180] {dag.py:2379} INFO - Sync 2 DAGs
[2023-03-23 22:57:22,187] {logging_mixin.py:115} INFO - [2023-03-23 22:57:22,187] {dag.py:2927} INFO - Setting next_dagrun for example_xcom_args to None, run_after=None
[2023-03-23 22:57:22,187] {logging_mixin.py:115} INFO - [2023-03-23 22:57:22,187] {dag.py:2927} INFO - Setting next_dagrun for example_xcom_args_with_operators to None, run_after=None
[2023-03-23 22:57:22,193] {processor.py:161} INFO - Processing /Users/gabrielroger/Documents/projects/weather-data/.venv/lib/python3.9/site-packages/airflow/example_dags/example_xcomargs.py took 0.357 seconds
[2023-03-23 22:58:12,557] {processor.py:153} INFO - Started process (PID=1855) to work on /Users/gabrielroger/Documents/projects/weather-data/.venv/lib/python3.9/site-packages/airflow/example_dags/example_xcomargs.py
[2023-03-23 22:58:12,557] {processor.py:641} INFO - Processing file /Users/gabrielroger/Documents/projects/weather-data/.venv/lib/python3.9/site-packages/airflow/example_dags/example_xcomargs.py for tasks to queue
[2023-03-23 22:58:12,558] {logging_mixin.py:115} INFO - [2023-03-23 22:58:12,558] {dagbag.py:507} INFO - Filling up the DagBag from /Users/gabrielroger/Documents/projects/weather-data/.venv/lib/python3.9/site-packages/airflow/example_dags/example_xcomargs.py
[2023-03-23 22:58:12,576] {processor.py:651} INFO - DAG(s) dict_keys(['example_xcom_args', 'example_xcom_args_with_operators']) retrieved from /Users/gabrielroger/Documents/projects/weather-data/.venv/lib/python3.9/site-packages/airflow/example_dags/example_xcomargs.py
[2023-03-23 22:58:12,877] {logging_mixin.py:115} INFO - [2023-03-23 22:58:12,877] {dag.py:2379} INFO - Sync 2 DAGs
[2023-03-23 22:58:12,884] {logging_mixin.py:115} INFO - [2023-03-23 22:58:12,884] {dag.py:2927} INFO - Setting next_dagrun for example_xcom_args to None, run_after=None
[2023-03-23 22:58:12,884] {logging_mixin.py:115} INFO - [2023-03-23 22:58:12,884] {dag.py:2927} INFO - Setting next_dagrun for example_xcom_args_with_operators to None, run_after=None
[2023-03-23 22:58:12,890] {processor.py:161} INFO - Processing /Users/gabrielroger/Documents/projects/weather-data/.venv/lib/python3.9/site-packages/airflow/example_dags/example_xcomargs.py took 0.333 seconds
[2023-03-23 22:59:02,414] {processor.py:153} INFO - Started process (PID=1897) to work on /Users/gabrielroger/Documents/projects/weather-data/.venv/lib/python3.9/site-packages/airflow/example_dags/example_xcomargs.py
[2023-03-23 22:59:02,414] {processor.py:641} INFO - Processing file /Users/gabrielroger/Documents/projects/weather-data/.venv/lib/python3.9/site-packages/airflow/example_dags/example_xcomargs.py for tasks to queue
[2023-03-23 22:59:02,415] {logging_mixin.py:115} INFO - [2023-03-23 22:59:02,415] {dagbag.py:507} INFO - Filling up the DagBag from /Users/gabrielroger/Documents/projects/weather-data/.venv/lib/python3.9/site-packages/airflow/example_dags/example_xcomargs.py
[2023-03-23 22:59:02,432] {processor.py:651} INFO - DAG(s) dict_keys(['example_xcom_args', 'example_xcom_args_with_operators']) retrieved from /Users/gabrielroger/Documents/projects/weather-data/.venv/lib/python3.9/site-packages/airflow/example_dags/example_xcomargs.py
[2023-03-23 22:59:02,794] {logging_mixin.py:115} INFO - [2023-03-23 22:59:02,794] {dag.py:2379} INFO - Sync 2 DAGs
[2023-03-23 22:59:02,800] {logging_mixin.py:115} INFO - [2023-03-23 22:59:02,800] {dag.py:2927} INFO - Setting next_dagrun for example_xcom_args to None, run_after=None
[2023-03-23 22:59:02,800] {logging_mixin.py:115} INFO - [2023-03-23 22:59:02,800] {dag.py:2927} INFO - Setting next_dagrun for example_xcom_args_with_operators to None, run_after=None
[2023-03-23 22:59:02,806] {processor.py:161} INFO - Processing /Users/gabrielroger/Documents/projects/weather-data/.venv/lib/python3.9/site-packages/airflow/example_dags/example_xcomargs.py took 0.393 seconds
[2023-03-23 22:59:42,983] {processor.py:153} INFO - Started process (PID=1927) to work on /Users/gabrielroger/Documents/projects/weather-data/.venv/lib/python3.9/site-packages/airflow/example_dags/example_xcomargs.py
[2023-03-23 22:59:42,984] {processor.py:641} INFO - Processing file /Users/gabrielroger/Documents/projects/weather-data/.venv/lib/python3.9/site-packages/airflow/example_dags/example_xcomargs.py for tasks to queue
[2023-03-23 22:59:42,985] {logging_mixin.py:115} INFO - [2023-03-23 22:59:42,984] {dagbag.py:507} INFO - Filling up the DagBag from /Users/gabrielroger/Documents/projects/weather-data/.venv/lib/python3.9/site-packages/airflow/example_dags/example_xcomargs.py
[2023-03-23 22:59:43,003] {processor.py:651} INFO - DAG(s) dict_keys(['example_xcom_args', 'example_xcom_args_with_operators']) retrieved from /Users/gabrielroger/Documents/projects/weather-data/.venv/lib/python3.9/site-packages/airflow/example_dags/example_xcomargs.py
[2023-03-23 22:59:43,308] {logging_mixin.py:115} INFO - [2023-03-23 22:59:43,308] {dag.py:2379} INFO - Sync 2 DAGs
[2023-03-23 22:59:43,315] {logging_mixin.py:115} INFO - [2023-03-23 22:59:43,315] {dag.py:2927} INFO - Setting next_dagrun for example_xcom_args to None, run_after=None
[2023-03-23 22:59:43,315] {logging_mixin.py:115} INFO - [2023-03-23 22:59:43,315] {dag.py:2927} INFO - Setting next_dagrun for example_xcom_args_with_operators to None, run_after=None
[2023-03-23 22:59:43,321] {processor.py:161} INFO - Processing /Users/gabrielroger/Documents/projects/weather-data/.venv/lib/python3.9/site-packages/airflow/example_dags/example_xcomargs.py took 0.338 seconds
[2023-03-23 23:00:16,938] {processor.py:153} INFO - Started process (PID=1961) to work on /Users/gabrielroger/Documents/projects/weather-data/.venv/lib/python3.9/site-packages/airflow/example_dags/example_xcomargs.py
[2023-03-23 23:00:16,938] {processor.py:641} INFO - Processing file /Users/gabrielroger/Documents/projects/weather-data/.venv/lib/python3.9/site-packages/airflow/example_dags/example_xcomargs.py for tasks to queue
[2023-03-23 23:00:16,938] {logging_mixin.py:115} INFO - [2023-03-23 23:00:16,938] {dagbag.py:507} INFO - Filling up the DagBag from /Users/gabrielroger/Documents/projects/weather-data/.venv/lib/python3.9/site-packages/airflow/example_dags/example_xcomargs.py
[2023-03-23 23:00:16,957] {processor.py:651} INFO - DAG(s) dict_keys(['example_xcom_args', 'example_xcom_args_with_operators']) retrieved from /Users/gabrielroger/Documents/projects/weather-data/.venv/lib/python3.9/site-packages/airflow/example_dags/example_xcomargs.py
[2023-03-23 23:00:17,278] {logging_mixin.py:115} INFO - [2023-03-23 23:00:17,278] {dag.py:2379} INFO - Sync 2 DAGs
[2023-03-23 23:00:17,285] {logging_mixin.py:115} INFO - [2023-03-23 23:00:17,285] {dag.py:2927} INFO - Setting next_dagrun for example_xcom_args to None, run_after=None
[2023-03-23 23:00:17,285] {logging_mixin.py:115} INFO - [2023-03-23 23:00:17,285] {dag.py:2927} INFO - Setting next_dagrun for example_xcom_args_with_operators to None, run_after=None
[2023-03-23 23:00:17,291] {processor.py:161} INFO - Processing /Users/gabrielroger/Documents/projects/weather-data/.venv/lib/python3.9/site-packages/airflow/example_dags/example_xcomargs.py took 0.353 seconds
[2023-03-23 23:01:08,411] {processor.py:153} INFO - Started process (PID=2000) to work on /Users/gabrielroger/Documents/projects/weather-data/.venv/lib/python3.9/site-packages/airflow/example_dags/example_xcomargs.py
[2023-03-23 23:01:08,411] {processor.py:641} INFO - Processing file /Users/gabrielroger/Documents/projects/weather-data/.venv/lib/python3.9/site-packages/airflow/example_dags/example_xcomargs.py for tasks to queue
[2023-03-23 23:01:08,411] {logging_mixin.py:115} INFO - [2023-03-23 23:01:08,411] {dagbag.py:507} INFO - Filling up the DagBag from /Users/gabrielroger/Documents/projects/weather-data/.venv/lib/python3.9/site-packages/airflow/example_dags/example_xcomargs.py
[2023-03-23 23:01:08,429] {processor.py:651} INFO - DAG(s) dict_keys(['example_xcom_args', 'example_xcom_args_with_operators']) retrieved from /Users/gabrielroger/Documents/projects/weather-data/.venv/lib/python3.9/site-packages/airflow/example_dags/example_xcomargs.py
[2023-03-23 23:01:08,735] {logging_mixin.py:115} INFO - [2023-03-23 23:01:08,735] {dag.py:2379} INFO - Sync 2 DAGs
[2023-03-23 23:01:08,742] {logging_mixin.py:115} INFO - [2023-03-23 23:01:08,742] {dag.py:2927} INFO - Setting next_dagrun for example_xcom_args to None, run_after=None
[2023-03-23 23:01:08,742] {logging_mixin.py:115} INFO - [2023-03-23 23:01:08,742] {dag.py:2927} INFO - Setting next_dagrun for example_xcom_args_with_operators to None, run_after=None
[2023-03-23 23:01:08,748] {processor.py:161} INFO - Processing /Users/gabrielroger/Documents/projects/weather-data/.venv/lib/python3.9/site-packages/airflow/example_dags/example_xcomargs.py took 0.338 seconds
[2023-03-23 23:01:53,102] {processor.py:153} INFO - Started process (PID=2041) to work on /Users/gabrielroger/Documents/projects/weather-data/.venv/lib/python3.9/site-packages/airflow/example_dags/example_xcomargs.py
[2023-03-23 23:01:53,103] {processor.py:641} INFO - Processing file /Users/gabrielroger/Documents/projects/weather-data/.venv/lib/python3.9/site-packages/airflow/example_dags/example_xcomargs.py for tasks to queue
[2023-03-23 23:01:53,103] {logging_mixin.py:115} INFO - [2023-03-23 23:01:53,103] {dagbag.py:507} INFO - Filling up the DagBag from /Users/gabrielroger/Documents/projects/weather-data/.venv/lib/python3.9/site-packages/airflow/example_dags/example_xcomargs.py
[2023-03-23 23:01:53,121] {processor.py:651} INFO - DAG(s) dict_keys(['example_xcom_args', 'example_xcom_args_with_operators']) retrieved from /Users/gabrielroger/Documents/projects/weather-data/.venv/lib/python3.9/site-packages/airflow/example_dags/example_xcomargs.py
[2023-03-23 23:01:53,424] {logging_mixin.py:115} INFO - [2023-03-23 23:01:53,424] {dag.py:2379} INFO - Sync 2 DAGs
[2023-03-23 23:01:53,431] {logging_mixin.py:115} INFO - [2023-03-23 23:01:53,431] {dag.py:2927} INFO - Setting next_dagrun for example_xcom_args to None, run_after=None
[2023-03-23 23:01:53,431] {logging_mixin.py:115} INFO - [2023-03-23 23:01:53,431] {dag.py:2927} INFO - Setting next_dagrun for example_xcom_args_with_operators to None, run_after=None
[2023-03-23 23:01:53,437] {processor.py:161} INFO - Processing /Users/gabrielroger/Documents/projects/weather-data/.venv/lib/python3.9/site-packages/airflow/example_dags/example_xcomargs.py took 0.336 seconds
[2023-03-23 23:02:29,311] {processor.py:153} INFO - Started process (PID=2077) to work on /Users/gabrielroger/Documents/projects/weather-data/.venv/lib/python3.9/site-packages/airflow/example_dags/example_xcomargs.py
[2023-03-23 23:02:29,311] {processor.py:641} INFO - Processing file /Users/gabrielroger/Documents/projects/weather-data/.venv/lib/python3.9/site-packages/airflow/example_dags/example_xcomargs.py for tasks to queue
[2023-03-23 23:02:29,312] {logging_mixin.py:115} INFO - [2023-03-23 23:02:29,312] {dagbag.py:507} INFO - Filling up the DagBag from /Users/gabrielroger/Documents/projects/weather-data/.venv/lib/python3.9/site-packages/airflow/example_dags/example_xcomargs.py
[2023-03-23 23:02:29,330] {processor.py:651} INFO - DAG(s) dict_keys(['example_xcom_args', 'example_xcom_args_with_operators']) retrieved from /Users/gabrielroger/Documents/projects/weather-data/.venv/lib/python3.9/site-packages/airflow/example_dags/example_xcomargs.py
[2023-03-23 23:02:29,642] {logging_mixin.py:115} INFO - [2023-03-23 23:02:29,641] {dag.py:2379} INFO - Sync 2 DAGs
[2023-03-23 23:02:29,648] {logging_mixin.py:115} INFO - [2023-03-23 23:02:29,648] {dag.py:2927} INFO - Setting next_dagrun for example_xcom_args to None, run_after=None
[2023-03-23 23:02:29,648] {logging_mixin.py:115} INFO - [2023-03-23 23:02:29,648] {dag.py:2927} INFO - Setting next_dagrun for example_xcom_args_with_operators to None, run_after=None
[2023-03-23 23:02:29,655] {processor.py:161} INFO - Processing /Users/gabrielroger/Documents/projects/weather-data/.venv/lib/python3.9/site-packages/airflow/example_dags/example_xcomargs.py took 0.345 seconds
[2023-03-23 23:03:19,453] {processor.py:153} INFO - Started process (PID=2127) to work on /Users/gabrielroger/Documents/projects/weather-data/.venv/lib/python3.9/site-packages/airflow/example_dags/example_xcomargs.py
[2023-03-23 23:03:19,454] {processor.py:641} INFO - Processing file /Users/gabrielroger/Documents/projects/weather-data/.venv/lib/python3.9/site-packages/airflow/example_dags/example_xcomargs.py for tasks to queue
[2023-03-23 23:03:19,454] {logging_mixin.py:115} INFO - [2023-03-23 23:03:19,454] {dagbag.py:507} INFO - Filling up the DagBag from /Users/gabrielroger/Documents/projects/weather-data/.venv/lib/python3.9/site-packages/airflow/example_dags/example_xcomargs.py
[2023-03-23 23:03:19,472] {processor.py:651} INFO - DAG(s) dict_keys(['example_xcom_args', 'example_xcom_args_with_operators']) retrieved from /Users/gabrielroger/Documents/projects/weather-data/.venv/lib/python3.9/site-packages/airflow/example_dags/example_xcomargs.py
[2023-03-23 23:03:19,779] {logging_mixin.py:115} INFO - [2023-03-23 23:03:19,779] {dag.py:2379} INFO - Sync 2 DAGs
[2023-03-23 23:03:19,786] {logging_mixin.py:115} INFO - [2023-03-23 23:03:19,786] {dag.py:2927} INFO - Setting next_dagrun for example_xcom_args to None, run_after=None
[2023-03-23 23:03:19,786] {logging_mixin.py:115} INFO - [2023-03-23 23:03:19,786] {dag.py:2927} INFO - Setting next_dagrun for example_xcom_args_with_operators to None, run_after=None
[2023-03-23 23:03:19,792] {processor.py:161} INFO - Processing /Users/gabrielroger/Documents/projects/weather-data/.venv/lib/python3.9/site-packages/airflow/example_dags/example_xcomargs.py took 0.340 seconds
[2023-03-23 23:04:08,636] {processor.py:153} INFO - Started process (PID=2165) to work on /Users/gabrielroger/Documents/projects/weather-data/.venv/lib/python3.9/site-packages/airflow/example_dags/example_xcomargs.py
[2023-03-23 23:04:08,636] {processor.py:641} INFO - Processing file /Users/gabrielroger/Documents/projects/weather-data/.venv/lib/python3.9/site-packages/airflow/example_dags/example_xcomargs.py for tasks to queue
[2023-03-23 23:04:08,636] {logging_mixin.py:115} INFO - [2023-03-23 23:04:08,636] {dagbag.py:507} INFO - Filling up the DagBag from /Users/gabrielroger/Documents/projects/weather-data/.venv/lib/python3.9/site-packages/airflow/example_dags/example_xcomargs.py
[2023-03-23 23:04:08,654] {processor.py:651} INFO - DAG(s) dict_keys(['example_xcom_args', 'example_xcom_args_with_operators']) retrieved from /Users/gabrielroger/Documents/projects/weather-data/.venv/lib/python3.9/site-packages/airflow/example_dags/example_xcomargs.py
[2023-03-23 23:04:09,029] {logging_mixin.py:115} INFO - [2023-03-23 23:04:09,028] {dag.py:2379} INFO - Sync 2 DAGs
[2023-03-23 23:04:09,035] {logging_mixin.py:115} INFO - [2023-03-23 23:04:09,035] {dag.py:2927} INFO - Setting next_dagrun for example_xcom_args to None, run_after=None
[2023-03-23 23:04:09,035] {logging_mixin.py:115} INFO - [2023-03-23 23:04:09,035] {dag.py:2927} INFO - Setting next_dagrun for example_xcom_args_with_operators to None, run_after=None
[2023-03-23 23:04:09,042] {processor.py:161} INFO - Processing /Users/gabrielroger/Documents/projects/weather-data/.venv/lib/python3.9/site-packages/airflow/example_dags/example_xcomargs.py took 0.406 seconds
[2023-03-23 23:04:46,496] {processor.py:153} INFO - Started process (PID=2192) to work on /Users/gabrielroger/Documents/projects/weather-data/.venv/lib/python3.9/site-packages/airflow/example_dags/example_xcomargs.py
[2023-03-23 23:04:46,496] {processor.py:641} INFO - Processing file /Users/gabrielroger/Documents/projects/weather-data/.venv/lib/python3.9/site-packages/airflow/example_dags/example_xcomargs.py for tasks to queue
[2023-03-23 23:04:46,496] {logging_mixin.py:115} INFO - [2023-03-23 23:04:46,496] {dagbag.py:507} INFO - Filling up the DagBag from /Users/gabrielroger/Documents/projects/weather-data/.venv/lib/python3.9/site-packages/airflow/example_dags/example_xcomargs.py
[2023-03-23 23:04:46,515] {processor.py:651} INFO - DAG(s) dict_keys(['example_xcom_args', 'example_xcom_args_with_operators']) retrieved from /Users/gabrielroger/Documents/projects/weather-data/.venv/lib/python3.9/site-packages/airflow/example_dags/example_xcomargs.py
[2023-03-23 23:04:46,843] {logging_mixin.py:115} INFO - [2023-03-23 23:04:46,843] {dag.py:2379} INFO - Sync 2 DAGs
[2023-03-23 23:04:46,849] {logging_mixin.py:115} INFO - [2023-03-23 23:04:46,849] {dag.py:2927} INFO - Setting next_dagrun for example_xcom_args to None, run_after=None
[2023-03-23 23:04:46,850] {logging_mixin.py:115} INFO - [2023-03-23 23:04:46,850] {dag.py:2927} INFO - Setting next_dagrun for example_xcom_args_with_operators to None, run_after=None
[2023-03-23 23:04:46,856] {processor.py:161} INFO - Processing /Users/gabrielroger/Documents/projects/weather-data/.venv/lib/python3.9/site-packages/airflow/example_dags/example_xcomargs.py took 0.361 seconds
[2023-03-23 23:05:26,431] {processor.py:153} INFO - Started process (PID=2224) to work on /Users/gabrielroger/Documents/projects/weather-data/.venv/lib/python3.9/site-packages/airflow/example_dags/example_xcomargs.py
[2023-03-23 23:05:26,431] {processor.py:641} INFO - Processing file /Users/gabrielroger/Documents/projects/weather-data/.venv/lib/python3.9/site-packages/airflow/example_dags/example_xcomargs.py for tasks to queue
[2023-03-23 23:05:26,431] {logging_mixin.py:115} INFO - [2023-03-23 23:05:26,431] {dagbag.py:507} INFO - Filling up the DagBag from /Users/gabrielroger/Documents/projects/weather-data/.venv/lib/python3.9/site-packages/airflow/example_dags/example_xcomargs.py
[2023-03-23 23:05:26,449] {processor.py:651} INFO - DAG(s) dict_keys(['example_xcom_args', 'example_xcom_args_with_operators']) retrieved from /Users/gabrielroger/Documents/projects/weather-data/.venv/lib/python3.9/site-packages/airflow/example_dags/example_xcomargs.py
[2023-03-23 23:05:26,756] {logging_mixin.py:115} INFO - [2023-03-23 23:05:26,756] {dag.py:2379} INFO - Sync 2 DAGs
[2023-03-23 23:05:26,763] {logging_mixin.py:115} INFO - [2023-03-23 23:05:26,763] {dag.py:2927} INFO - Setting next_dagrun for example_xcom_args to None, run_after=None
[2023-03-23 23:05:26,763] {logging_mixin.py:115} INFO - [2023-03-23 23:05:26,763] {dag.py:2927} INFO - Setting next_dagrun for example_xcom_args_with_operators to None, run_after=None
[2023-03-23 23:05:26,769] {processor.py:161} INFO - Processing /Users/gabrielroger/Documents/projects/weather-data/.venv/lib/python3.9/site-packages/airflow/example_dags/example_xcomargs.py took 0.338 seconds
[2023-03-23 23:06:31,701] {processor.py:153} INFO - Started process (PID=2284) to work on /Users/gabrielroger/Documents/projects/weather-data/.venv/lib/python3.9/site-packages/airflow/example_dags/example_xcomargs.py
[2023-03-23 23:06:31,701] {processor.py:641} INFO - Processing file /Users/gabrielroger/Documents/projects/weather-data/.venv/lib/python3.9/site-packages/airflow/example_dags/example_xcomargs.py for tasks to queue
[2023-03-23 23:06:31,702] {logging_mixin.py:115} INFO - [2023-03-23 23:06:31,701] {dagbag.py:507} INFO - Filling up the DagBag from /Users/gabrielroger/Documents/projects/weather-data/.venv/lib/python3.9/site-packages/airflow/example_dags/example_xcomargs.py
[2023-03-23 23:06:31,719] {processor.py:651} INFO - DAG(s) dict_keys(['example_xcom_args', 'example_xcom_args_with_operators']) retrieved from /Users/gabrielroger/Documents/projects/weather-data/.venv/lib/python3.9/site-packages/airflow/example_dags/example_xcomargs.py
[2023-03-23 23:06:32,033] {logging_mixin.py:115} INFO - [2023-03-23 23:06:32,033] {dag.py:2379} INFO - Sync 2 DAGs
[2023-03-23 23:06:32,040] {logging_mixin.py:115} INFO - [2023-03-23 23:06:32,040] {dag.py:2927} INFO - Setting next_dagrun for example_xcom_args to None, run_after=None
[2023-03-23 23:06:32,040] {logging_mixin.py:115} INFO - [2023-03-23 23:06:32,040] {dag.py:2927} INFO - Setting next_dagrun for example_xcom_args_with_operators to None, run_after=None
[2023-03-23 23:06:32,046] {processor.py:161} INFO - Processing /Users/gabrielroger/Documents/projects/weather-data/.venv/lib/python3.9/site-packages/airflow/example_dags/example_xcomargs.py took 0.345 seconds
[2023-03-23 23:07:23,193] {processor.py:153} INFO - Started process (PID=2322) to work on /Users/gabrielroger/Documents/projects/weather-data/.venv/lib/python3.9/site-packages/airflow/example_dags/example_xcomargs.py
[2023-03-23 23:07:23,194] {processor.py:641} INFO - Processing file /Users/gabrielroger/Documents/projects/weather-data/.venv/lib/python3.9/site-packages/airflow/example_dags/example_xcomargs.py for tasks to queue
[2023-03-23 23:07:23,194] {logging_mixin.py:115} INFO - [2023-03-23 23:07:23,194] {dagbag.py:507} INFO - Filling up the DagBag from /Users/gabrielroger/Documents/projects/weather-data/.venv/lib/python3.9/site-packages/airflow/example_dags/example_xcomargs.py
[2023-03-23 23:07:23,213] {processor.py:651} INFO - DAG(s) dict_keys(['example_xcom_args', 'example_xcom_args_with_operators']) retrieved from /Users/gabrielroger/Documents/projects/weather-data/.venv/lib/python3.9/site-packages/airflow/example_dags/example_xcomargs.py
[2023-03-23 23:07:23,534] {logging_mixin.py:115} INFO - [2023-03-23 23:07:23,534] {dag.py:2379} INFO - Sync 2 DAGs
[2023-03-23 23:07:23,541] {logging_mixin.py:115} INFO - [2023-03-23 23:07:23,541] {dag.py:2927} INFO - Setting next_dagrun for example_xcom_args to None, run_after=None
[2023-03-23 23:07:23,541] {logging_mixin.py:115} INFO - [2023-03-23 23:07:23,541] {dag.py:2927} INFO - Setting next_dagrun for example_xcom_args_with_operators to None, run_after=None
[2023-03-23 23:07:23,548] {processor.py:161} INFO - Processing /Users/gabrielroger/Documents/projects/weather-data/.venv/lib/python3.9/site-packages/airflow/example_dags/example_xcomargs.py took 0.355 seconds
[2023-03-23 23:07:53,440] {processor.py:153} INFO - Started process (PID=2353) to work on /Users/gabrielroger/Documents/projects/weather-data/.venv/lib/python3.9/site-packages/airflow/example_dags/example_xcomargs.py
[2023-03-23 23:07:53,441] {processor.py:641} INFO - Processing file /Users/gabrielroger/Documents/projects/weather-data/.venv/lib/python3.9/site-packages/airflow/example_dags/example_xcomargs.py for tasks to queue
[2023-03-23 23:07:53,441] {logging_mixin.py:115} INFO - [2023-03-23 23:07:53,441] {dagbag.py:507} INFO - Filling up the DagBag from /Users/gabrielroger/Documents/projects/weather-data/.venv/lib/python3.9/site-packages/airflow/example_dags/example_xcomargs.py
[2023-03-23 23:07:53,459] {processor.py:651} INFO - DAG(s) dict_keys(['example_xcom_args', 'example_xcom_args_with_operators']) retrieved from /Users/gabrielroger/Documents/projects/weather-data/.venv/lib/python3.9/site-packages/airflow/example_dags/example_xcomargs.py
[2023-03-23 23:07:53,785] {logging_mixin.py:115} INFO - [2023-03-23 23:07:53,784] {dag.py:2379} INFO - Sync 2 DAGs
[2023-03-23 23:07:53,791] {logging_mixin.py:115} INFO - [2023-03-23 23:07:53,791] {dag.py:2927} INFO - Setting next_dagrun for example_xcom_args to None, run_after=None
[2023-03-23 23:07:53,791] {logging_mixin.py:115} INFO - [2023-03-23 23:07:53,791] {dag.py:2927} INFO - Setting next_dagrun for example_xcom_args_with_operators to None, run_after=None
[2023-03-23 23:07:53,797] {processor.py:161} INFO - Processing /Users/gabrielroger/Documents/projects/weather-data/.venv/lib/python3.9/site-packages/airflow/example_dags/example_xcomargs.py took 0.357 seconds
[2023-03-23 23:08:43,461] {processor.py:153} INFO - Started process (PID=2394) to work on /Users/gabrielroger/Documents/projects/weather-data/.venv/lib/python3.9/site-packages/airflow/example_dags/example_xcomargs.py
[2023-03-23 23:08:43,461] {processor.py:641} INFO - Processing file /Users/gabrielroger/Documents/projects/weather-data/.venv/lib/python3.9/site-packages/airflow/example_dags/example_xcomargs.py for tasks to queue
[2023-03-23 23:08:43,461] {logging_mixin.py:115} INFO - [2023-03-23 23:08:43,461] {dagbag.py:507} INFO - Filling up the DagBag from /Users/gabrielroger/Documents/projects/weather-data/.venv/lib/python3.9/site-packages/airflow/example_dags/example_xcomargs.py
[2023-03-23 23:08:43,481] {processor.py:651} INFO - DAG(s) dict_keys(['example_xcom_args', 'example_xcom_args_with_operators']) retrieved from /Users/gabrielroger/Documents/projects/weather-data/.venv/lib/python3.9/site-packages/airflow/example_dags/example_xcomargs.py
[2023-03-23 23:08:43,798] {logging_mixin.py:115} INFO - [2023-03-23 23:08:43,798] {dag.py:2379} INFO - Sync 2 DAGs
[2023-03-23 23:08:43,805] {logging_mixin.py:115} INFO - [2023-03-23 23:08:43,805] {dag.py:2927} INFO - Setting next_dagrun for example_xcom_args to None, run_after=None
[2023-03-23 23:08:43,805] {logging_mixin.py:115} INFO - [2023-03-23 23:08:43,805] {dag.py:2927} INFO - Setting next_dagrun for example_xcom_args_with_operators to None, run_after=None
[2023-03-23 23:08:43,811] {processor.py:161} INFO - Processing /Users/gabrielroger/Documents/projects/weather-data/.venv/lib/python3.9/site-packages/airflow/example_dags/example_xcomargs.py took 0.350 seconds
[2023-03-23 23:09:27,091] {processor.py:153} INFO - Started process (PID=2425) to work on /Users/gabrielroger/Documents/projects/weather-data/.venv/lib/python3.9/site-packages/airflow/example_dags/example_xcomargs.py
[2023-03-23 23:09:27,091] {processor.py:641} INFO - Processing file /Users/gabrielroger/Documents/projects/weather-data/.venv/lib/python3.9/site-packages/airflow/example_dags/example_xcomargs.py for tasks to queue
[2023-03-23 23:09:27,092] {logging_mixin.py:115} INFO - [2023-03-23 23:09:27,092] {dagbag.py:507} INFO - Filling up the DagBag from /Users/gabrielroger/Documents/projects/weather-data/.venv/lib/python3.9/site-packages/airflow/example_dags/example_xcomargs.py
[2023-03-23 23:09:27,109] {processor.py:651} INFO - DAG(s) dict_keys(['example_xcom_args', 'example_xcom_args_with_operators']) retrieved from /Users/gabrielroger/Documents/projects/weather-data/.venv/lib/python3.9/site-packages/airflow/example_dags/example_xcomargs.py
[2023-03-23 23:09:27,416] {logging_mixin.py:115} INFO - [2023-03-23 23:09:27,416] {dag.py:2379} INFO - Sync 2 DAGs
[2023-03-23 23:09:27,423] {logging_mixin.py:115} INFO - [2023-03-23 23:09:27,423] {dag.py:2927} INFO - Setting next_dagrun for example_xcom_args to None, run_after=None
[2023-03-23 23:09:27,423] {logging_mixin.py:115} INFO - [2023-03-23 23:09:27,423] {dag.py:2927} INFO - Setting next_dagrun for example_xcom_args_with_operators to None, run_after=None
[2023-03-23 23:09:27,430] {processor.py:161} INFO - Processing /Users/gabrielroger/Documents/projects/weather-data/.venv/lib/python3.9/site-packages/airflow/example_dags/example_xcomargs.py took 0.339 seconds
[2023-03-23 23:10:10,170] {processor.py:153} INFO - Started process (PID=2460) to work on /Users/gabrielroger/Documents/projects/weather-data/.venv/lib/python3.9/site-packages/airflow/example_dags/example_xcomargs.py
[2023-03-23 23:10:10,170] {processor.py:641} INFO - Processing file /Users/gabrielroger/Documents/projects/weather-data/.venv/lib/python3.9/site-packages/airflow/example_dags/example_xcomargs.py for tasks to queue
[2023-03-23 23:10:10,170] {logging_mixin.py:115} INFO - [2023-03-23 23:10:10,170] {dagbag.py:507} INFO - Filling up the DagBag from /Users/gabrielroger/Documents/projects/weather-data/.venv/lib/python3.9/site-packages/airflow/example_dags/example_xcomargs.py
[2023-03-23 23:10:10,187] {processor.py:651} INFO - DAG(s) dict_keys(['example_xcom_args', 'example_xcom_args_with_operators']) retrieved from /Users/gabrielroger/Documents/projects/weather-data/.venv/lib/python3.9/site-packages/airflow/example_dags/example_xcomargs.py
[2023-03-23 23:10:10,497] {logging_mixin.py:115} INFO - [2023-03-23 23:10:10,497] {dag.py:2379} INFO - Sync 2 DAGs
[2023-03-23 23:10:10,503] {logging_mixin.py:115} INFO - [2023-03-23 23:10:10,503] {dag.py:2927} INFO - Setting next_dagrun for example_xcom_args to None, run_after=None
[2023-03-23 23:10:10,504] {logging_mixin.py:115} INFO - [2023-03-23 23:10:10,504] {dag.py:2927} INFO - Setting next_dagrun for example_xcom_args_with_operators to None, run_after=None
[2023-03-23 23:10:10,510] {processor.py:161} INFO - Processing /Users/gabrielroger/Documents/projects/weather-data/.venv/lib/python3.9/site-packages/airflow/example_dags/example_xcomargs.py took 0.341 seconds
[2023-03-23 23:11:01,307] {processor.py:153} INFO - Started process (PID=2498) to work on /Users/gabrielroger/Documents/projects/weather-data/.venv/lib/python3.9/site-packages/airflow/example_dags/example_xcomargs.py
[2023-03-23 23:11:01,308] {processor.py:641} INFO - Processing file /Users/gabrielroger/Documents/projects/weather-data/.venv/lib/python3.9/site-packages/airflow/example_dags/example_xcomargs.py for tasks to queue
[2023-03-23 23:11:01,308] {logging_mixin.py:115} INFO - [2023-03-23 23:11:01,308] {dagbag.py:507} INFO - Filling up the DagBag from /Users/gabrielroger/Documents/projects/weather-data/.venv/lib/python3.9/site-packages/airflow/example_dags/example_xcomargs.py
[2023-03-23 23:11:01,326] {processor.py:651} INFO - DAG(s) dict_keys(['example_xcom_args', 'example_xcom_args_with_operators']) retrieved from /Users/gabrielroger/Documents/projects/weather-data/.venv/lib/python3.9/site-packages/airflow/example_dags/example_xcomargs.py
[2023-03-23 23:11:01,650] {logging_mixin.py:115} INFO - [2023-03-23 23:11:01,650] {dag.py:2379} INFO - Sync 2 DAGs
[2023-03-23 23:11:01,657] {logging_mixin.py:115} INFO - [2023-03-23 23:11:01,657] {dag.py:2927} INFO - Setting next_dagrun for example_xcom_args to None, run_after=None
[2023-03-23 23:11:01,657] {logging_mixin.py:115} INFO - [2023-03-23 23:11:01,657] {dag.py:2927} INFO - Setting next_dagrun for example_xcom_args_with_operators to None, run_after=None
[2023-03-23 23:11:01,663] {processor.py:161} INFO - Processing /Users/gabrielroger/Documents/projects/weather-data/.venv/lib/python3.9/site-packages/airflow/example_dags/example_xcomargs.py took 0.357 seconds
