[2023-03-23 22:58:00,419] {processor.py:153} INFO - Started process (PID=1843) to work on /Users/gabrielroger/Documents/projects/weather-data/.venv/lib/python3.9/site-packages/airflow/example_dags/example_branch_datetime_operator.py
[2023-03-23 22:58:00,420] {processor.py:641} INFO - Processing file /Users/gabrielroger/Documents/projects/weather-data/.venv/lib/python3.9/site-packages/airflow/example_dags/example_branch_datetime_operator.py for tasks to queue
[2023-03-23 22:58:00,420] {logging_mixin.py:115} INFO - [2023-03-23 22:58:00,420] {dagbag.py:507} INFO - Filling up the DagBag from /Users/gabrielroger/Documents/projects/weather-data/.venv/lib/python3.9/site-packages/airflow/example_dags/example_branch_datetime_operator.py
[2023-03-23 22:58:00,428] {processor.py:651} INFO - DAG(s) dict_keys(['example_branch_datetime_operator_2']) retrieved from /Users/gabrielroger/Documents/projects/weather-data/.venv/lib/python3.9/site-packages/airflow/example_dags/example_branch_datetime_operator.py
[2023-03-23 22:58:00,458] {logging_mixin.py:115} INFO - [2023-03-23 22:58:00,458] {dag.py:2379} INFO - Sync 1 DAGs
[2023-03-23 22:58:00,466] {logging_mixin.py:115} INFO - [2023-03-23 22:58:00,466] {dag.py:2927} INFO - Setting next_dagrun for example_branch_datetime_operator_2 to 2023-03-23T00:00:00+00:00, run_after=2023-03-24T00:00:00+00:00
[2023-03-23 22:58:00,471] {processor.py:161} INFO - Processing /Users/gabrielroger/Documents/projects/weather-data/.venv/lib/python3.9/site-packages/airflow/example_dags/example_branch_datetime_operator.py took 0.052 seconds
[2023-03-23 22:58:59,405] {processor.py:153} INFO - Started process (PID=1889) to work on /Users/gabrielroger/Documents/projects/weather-data/.venv/lib/python3.9/site-packages/airflow/example_dags/example_branch_datetime_operator.py
[2023-03-23 22:58:59,405] {processor.py:641} INFO - Processing file /Users/gabrielroger/Documents/projects/weather-data/.venv/lib/python3.9/site-packages/airflow/example_dags/example_branch_datetime_operator.py for tasks to queue
[2023-03-23 22:58:59,405] {logging_mixin.py:115} INFO - [2023-03-23 22:58:59,405] {dagbag.py:507} INFO - Filling up the DagBag from /Users/gabrielroger/Documents/projects/weather-data/.venv/lib/python3.9/site-packages/airflow/example_dags/example_branch_datetime_operator.py
[2023-03-23 22:58:59,413] {processor.py:651} INFO - DAG(s) dict_keys(['example_branch_datetime_operator_2']) retrieved from /Users/gabrielroger/Documents/projects/weather-data/.venv/lib/python3.9/site-packages/airflow/example_dags/example_branch_datetime_operator.py
[2023-03-23 22:58:59,443] {logging_mixin.py:115} INFO - [2023-03-23 22:58:59,443] {dag.py:2379} INFO - Sync 1 DAGs
[2023-03-23 22:58:59,450] {logging_mixin.py:115} INFO - [2023-03-23 22:58:59,450] {dag.py:2927} INFO - Setting next_dagrun for example_branch_datetime_operator_2 to 2023-03-23T00:00:00+00:00, run_after=2023-03-24T00:00:00+00:00
[2023-03-23 22:58:59,455] {processor.py:161} INFO - Processing /Users/gabrielroger/Documents/projects/weather-data/.venv/lib/python3.9/site-packages/airflow/example_dags/example_branch_datetime_operator.py took 0.051 seconds
[2023-03-23 23:00:54,667] {processor.py:153} INFO - Started process (PID=1990) to work on /Users/gabrielroger/Documents/projects/weather-data/.venv/lib/python3.9/site-packages/airflow/example_dags/example_branch_datetime_operator.py
[2023-03-23 23:00:54,667] {processor.py:641} INFO - Processing file /Users/gabrielroger/Documents/projects/weather-data/.venv/lib/python3.9/site-packages/airflow/example_dags/example_branch_datetime_operator.py for tasks to queue
[2023-03-23 23:00:54,668] {logging_mixin.py:115} INFO - [2023-03-23 23:00:54,668] {dagbag.py:507} INFO - Filling up the DagBag from /Users/gabrielroger/Documents/projects/weather-data/.venv/lib/python3.9/site-packages/airflow/example_dags/example_branch_datetime_operator.py
[2023-03-23 23:00:54,675] {processor.py:651} INFO - DAG(s) dict_keys(['example_branch_datetime_operator_2']) retrieved from /Users/gabrielroger/Documents/projects/weather-data/.venv/lib/python3.9/site-packages/airflow/example_dags/example_branch_datetime_operator.py
[2023-03-23 23:00:54,704] {logging_mixin.py:115} INFO - [2023-03-23 23:00:54,704] {dag.py:2379} INFO - Sync 1 DAGs
[2023-03-23 23:00:54,712] {logging_mixin.py:115} INFO - [2023-03-23 23:00:54,712] {dag.py:2927} INFO - Setting next_dagrun for example_branch_datetime_operator_2 to 2023-03-23T00:00:00+00:00, run_after=2023-03-24T00:00:00+00:00
[2023-03-23 23:00:54,717] {processor.py:161} INFO - Processing /Users/gabrielroger/Documents/projects/weather-data/.venv/lib/python3.9/site-packages/airflow/example_dags/example_branch_datetime_operator.py took 0.051 seconds
[2023-03-23 23:02:02,393] {processor.py:153} INFO - Started process (PID=2050) to work on /Users/gabrielroger/Documents/projects/weather-data/.venv/lib/python3.9/site-packages/airflow/example_dags/example_branch_datetime_operator.py
[2023-03-23 23:02:02,394] {processor.py:641} INFO - Processing file /Users/gabrielroger/Documents/projects/weather-data/.venv/lib/python3.9/site-packages/airflow/example_dags/example_branch_datetime_operator.py for tasks to queue
[2023-03-23 23:02:02,394] {logging_mixin.py:115} INFO - [2023-03-23 23:02:02,394] {dagbag.py:507} INFO - Filling up the DagBag from /Users/gabrielroger/Documents/projects/weather-data/.venv/lib/python3.9/site-packages/airflow/example_dags/example_branch_datetime_operator.py
[2023-03-23 23:02:02,402] {processor.py:651} INFO - DAG(s) dict_keys(['example_branch_datetime_operator_2']) retrieved from /Users/gabrielroger/Documents/projects/weather-data/.venv/lib/python3.9/site-packages/airflow/example_dags/example_branch_datetime_operator.py
[2023-03-23 23:02:02,431] {logging_mixin.py:115} INFO - [2023-03-23 23:02:02,431] {dag.py:2379} INFO - Sync 1 DAGs
[2023-03-23 23:02:02,438] {logging_mixin.py:115} INFO - [2023-03-23 23:02:02,438] {dag.py:2927} INFO - Setting next_dagrun for example_branch_datetime_operator_2 to 2023-03-23T00:00:00+00:00, run_after=2023-03-24T00:00:00+00:00
[2023-03-23 23:02:02,444] {processor.py:161} INFO - Processing /Users/gabrielroger/Documents/projects/weather-data/.venv/lib/python3.9/site-packages/airflow/example_dags/example_branch_datetime_operator.py took 0.052 seconds
[2023-03-23 23:03:06,495] {processor.py:153} INFO - Started process (PID=2118) to work on /Users/gabrielroger/Documents/projects/weather-data/.venv/lib/python3.9/site-packages/airflow/example_dags/example_branch_datetime_operator.py
[2023-03-23 23:03:06,496] {processor.py:641} INFO - Processing file /Users/gabrielroger/Documents/projects/weather-data/.venv/lib/python3.9/site-packages/airflow/example_dags/example_branch_datetime_operator.py for tasks to queue
[2023-03-23 23:03:06,496] {logging_mixin.py:115} INFO - [2023-03-23 23:03:06,496] {dagbag.py:507} INFO - Filling up the DagBag from /Users/gabrielroger/Documents/projects/weather-data/.venv/lib/python3.9/site-packages/airflow/example_dags/example_branch_datetime_operator.py
[2023-03-23 23:03:06,503] {processor.py:651} INFO - DAG(s) dict_keys(['example_branch_datetime_operator_2']) retrieved from /Users/gabrielroger/Documents/projects/weather-data/.venv/lib/python3.9/site-packages/airflow/example_dags/example_branch_datetime_operator.py
[2023-03-23 23:03:06,534] {logging_mixin.py:115} INFO - [2023-03-23 23:03:06,533] {dag.py:2379} INFO - Sync 1 DAGs
[2023-03-23 23:03:06,542] {logging_mixin.py:115} INFO - [2023-03-23 23:03:06,542] {dag.py:2927} INFO - Setting next_dagrun for example_branch_datetime_operator_2 to 2023-03-23T00:00:00+00:00, run_after=2023-03-24T00:00:00+00:00
[2023-03-23 23:03:06,547] {processor.py:161} INFO - Processing /Users/gabrielroger/Documents/projects/weather-data/.venv/lib/python3.9/site-packages/airflow/example_dags/example_branch_datetime_operator.py took 0.053 seconds
[2023-03-23 23:04:05,732] {processor.py:153} INFO - Started process (PID=2163) to work on /Users/gabrielroger/Documents/projects/weather-data/.venv/lib/python3.9/site-packages/airflow/example_dags/example_branch_datetime_operator.py
[2023-03-23 23:04:05,733] {processor.py:641} INFO - Processing file /Users/gabrielroger/Documents/projects/weather-data/.venv/lib/python3.9/site-packages/airflow/example_dags/example_branch_datetime_operator.py for tasks to queue
[2023-03-23 23:04:05,733] {logging_mixin.py:115} INFO - [2023-03-23 23:04:05,733] {dagbag.py:507} INFO - Filling up the DagBag from /Users/gabrielroger/Documents/projects/weather-data/.venv/lib/python3.9/site-packages/airflow/example_dags/example_branch_datetime_operator.py
[2023-03-23 23:04:05,741] {processor.py:651} INFO - DAG(s) dict_keys(['example_branch_datetime_operator_2']) retrieved from /Users/gabrielroger/Documents/projects/weather-data/.venv/lib/python3.9/site-packages/airflow/example_dags/example_branch_datetime_operator.py
[2023-03-23 23:04:05,771] {logging_mixin.py:115} INFO - [2023-03-23 23:04:05,771] {dag.py:2379} INFO - Sync 1 DAGs
[2023-03-23 23:04:05,778] {logging_mixin.py:115} INFO - [2023-03-23 23:04:05,778] {dag.py:2927} INFO - Setting next_dagrun for example_branch_datetime_operator_2 to 2023-03-23T00:00:00+00:00, run_after=2023-03-24T00:00:00+00:00
[2023-03-23 23:04:05,784] {processor.py:161} INFO - Processing /Users/gabrielroger/Documents/projects/weather-data/.venv/lib/python3.9/site-packages/airflow/example_dags/example_branch_datetime_operator.py took 0.052 seconds
[2023-03-23 23:05:00,895] {processor.py:153} INFO - Started process (PID=2203) to work on /Users/gabrielroger/Documents/projects/weather-data/.venv/lib/python3.9/site-packages/airflow/example_dags/example_branch_datetime_operator.py
[2023-03-23 23:05:00,896] {processor.py:641} INFO - Processing file /Users/gabrielroger/Documents/projects/weather-data/.venv/lib/python3.9/site-packages/airflow/example_dags/example_branch_datetime_operator.py for tasks to queue
[2023-03-23 23:05:00,896] {logging_mixin.py:115} INFO - [2023-03-23 23:05:00,896] {dagbag.py:507} INFO - Filling up the DagBag from /Users/gabrielroger/Documents/projects/weather-data/.venv/lib/python3.9/site-packages/airflow/example_dags/example_branch_datetime_operator.py
[2023-03-23 23:05:00,904] {processor.py:651} INFO - DAG(s) dict_keys(['example_branch_datetime_operator_2']) retrieved from /Users/gabrielroger/Documents/projects/weather-data/.venv/lib/python3.9/site-packages/airflow/example_dags/example_branch_datetime_operator.py
[2023-03-23 23:05:00,934] {logging_mixin.py:115} INFO - [2023-03-23 23:05:00,934] {dag.py:2379} INFO - Sync 1 DAGs
[2023-03-23 23:05:00,941] {logging_mixin.py:115} INFO - [2023-03-23 23:05:00,941] {dag.py:2927} INFO - Setting next_dagrun for example_branch_datetime_operator_2 to 2023-03-23T00:00:00+00:00, run_after=2023-03-24T00:00:00+00:00
[2023-03-23 23:05:00,947] {processor.py:161} INFO - Processing /Users/gabrielroger/Documents/projects/weather-data/.venv/lib/python3.9/site-packages/airflow/example_dags/example_branch_datetime_operator.py took 0.052 seconds
[2023-03-23 23:05:58,777] {processor.py:153} INFO - Started process (PID=2249) to work on /Users/gabrielroger/Documents/projects/weather-data/.venv/lib/python3.9/site-packages/airflow/example_dags/example_branch_datetime_operator.py
[2023-03-23 23:05:58,777] {processor.py:641} INFO - Processing file /Users/gabrielroger/Documents/projects/weather-data/.venv/lib/python3.9/site-packages/airflow/example_dags/example_branch_datetime_operator.py for tasks to queue
[2023-03-23 23:05:58,777] {logging_mixin.py:115} INFO - [2023-03-23 23:05:58,777] {dagbag.py:507} INFO - Filling up the DagBag from /Users/gabrielroger/Documents/projects/weather-data/.venv/lib/python3.9/site-packages/airflow/example_dags/example_branch_datetime_operator.py
[2023-03-23 23:05:58,785] {processor.py:651} INFO - DAG(s) dict_keys(['example_branch_datetime_operator_2']) retrieved from /Users/gabrielroger/Documents/projects/weather-data/.venv/lib/python3.9/site-packages/airflow/example_dags/example_branch_datetime_operator.py
[2023-03-23 23:05:58,814] {logging_mixin.py:115} INFO - [2023-03-23 23:05:58,814] {dag.py:2379} INFO - Sync 1 DAGs
[2023-03-23 23:05:58,822] {logging_mixin.py:115} INFO - [2023-03-23 23:05:58,822] {dag.py:2927} INFO - Setting next_dagrun for example_branch_datetime_operator_2 to 2023-03-23T00:00:00+00:00, run_after=2023-03-24T00:00:00+00:00
[2023-03-23 23:05:58,828] {processor.py:161} INFO - Processing /Users/gabrielroger/Documents/projects/weather-data/.venv/lib/python3.9/site-packages/airflow/example_dags/example_branch_datetime_operator.py took 0.051 seconds
[2023-03-23 23:07:09,466] {processor.py:153} INFO - Started process (PID=2313) to work on /Users/gabrielroger/Documents/projects/weather-data/.venv/lib/python3.9/site-packages/airflow/example_dags/example_branch_datetime_operator.py
[2023-03-23 23:07:09,467] {processor.py:641} INFO - Processing file /Users/gabrielroger/Documents/projects/weather-data/.venv/lib/python3.9/site-packages/airflow/example_dags/example_branch_datetime_operator.py for tasks to queue
[2023-03-23 23:07:09,467] {logging_mixin.py:115} INFO - [2023-03-23 23:07:09,467] {dagbag.py:507} INFO - Filling up the DagBag from /Users/gabrielroger/Documents/projects/weather-data/.venv/lib/python3.9/site-packages/airflow/example_dags/example_branch_datetime_operator.py
[2023-03-23 23:07:09,475] {processor.py:651} INFO - DAG(s) dict_keys(['example_branch_datetime_operator_2']) retrieved from /Users/gabrielroger/Documents/projects/weather-data/.venv/lib/python3.9/site-packages/airflow/example_dags/example_branch_datetime_operator.py
[2023-03-23 23:07:09,505] {logging_mixin.py:115} INFO - [2023-03-23 23:07:09,505] {dag.py:2379} INFO - Sync 1 DAGs
[2023-03-23 23:07:09,513] {logging_mixin.py:115} INFO - [2023-03-23 23:07:09,513] {dag.py:2927} INFO - Setting next_dagrun for example_branch_datetime_operator_2 to 2023-03-23T00:00:00+00:00, run_after=2023-03-24T00:00:00+00:00
[2023-03-23 23:07:09,518] {processor.py:161} INFO - Processing /Users/gabrielroger/Documents/projects/weather-data/.venv/lib/python3.9/site-packages/airflow/example_dags/example_branch_datetime_operator.py took 0.053 seconds
[2023-03-23 23:08:29,580] {processor.py:153} INFO - Started process (PID=2384) to work on /Users/gabrielroger/Documents/projects/weather-data/.venv/lib/python3.9/site-packages/airflow/example_dags/example_branch_datetime_operator.py
[2023-03-23 23:08:29,581] {processor.py:641} INFO - Processing file /Users/gabrielroger/Documents/projects/weather-data/.venv/lib/python3.9/site-packages/airflow/example_dags/example_branch_datetime_operator.py for tasks to queue
[2023-03-23 23:08:29,581] {logging_mixin.py:115} INFO - [2023-03-23 23:08:29,581] {dagbag.py:507} INFO - Filling up the DagBag from /Users/gabrielroger/Documents/projects/weather-data/.venv/lib/python3.9/site-packages/airflow/example_dags/example_branch_datetime_operator.py
[2023-03-23 23:08:29,589] {processor.py:651} INFO - DAG(s) dict_keys(['example_branch_datetime_operator_2']) retrieved from /Users/gabrielroger/Documents/projects/weather-data/.venv/lib/python3.9/site-packages/airflow/example_dags/example_branch_datetime_operator.py
[2023-03-23 23:08:29,619] {logging_mixin.py:115} INFO - [2023-03-23 23:08:29,619] {dag.py:2379} INFO - Sync 1 DAGs
[2023-03-23 23:08:29,627] {logging_mixin.py:115} INFO - [2023-03-23 23:08:29,627] {dag.py:2927} INFO - Setting next_dagrun for example_branch_datetime_operator_2 to 2023-03-23T00:00:00+00:00, run_after=2023-03-24T00:00:00+00:00
[2023-03-23 23:08:29,632] {processor.py:161} INFO - Processing /Users/gabrielroger/Documents/projects/weather-data/.venv/lib/python3.9/site-packages/airflow/example_dags/example_branch_datetime_operator.py took 0.052 seconds
[2023-03-23 23:09:35,862] {processor.py:153} INFO - Started process (PID=2432) to work on /Users/gabrielroger/Documents/projects/weather-data/.venv/lib/python3.9/site-packages/airflow/example_dags/example_branch_datetime_operator.py
[2023-03-23 23:09:35,863] {processor.py:641} INFO - Processing file /Users/gabrielroger/Documents/projects/weather-data/.venv/lib/python3.9/site-packages/airflow/example_dags/example_branch_datetime_operator.py for tasks to queue
[2023-03-23 23:09:35,863] {logging_mixin.py:115} INFO - [2023-03-23 23:09:35,863] {dagbag.py:507} INFO - Filling up the DagBag from /Users/gabrielroger/Documents/projects/weather-data/.venv/lib/python3.9/site-packages/airflow/example_dags/example_branch_datetime_operator.py
[2023-03-23 23:09:35,871] {processor.py:651} INFO - DAG(s) dict_keys(['example_branch_datetime_operator_2']) retrieved from /Users/gabrielroger/Documents/projects/weather-data/.venv/lib/python3.9/site-packages/airflow/example_dags/example_branch_datetime_operator.py
[2023-03-23 23:09:35,901] {logging_mixin.py:115} INFO - [2023-03-23 23:09:35,901] {dag.py:2379} INFO - Sync 1 DAGs
[2023-03-23 23:09:35,909] {logging_mixin.py:115} INFO - [2023-03-23 23:09:35,909] {dag.py:2927} INFO - Setting next_dagrun for example_branch_datetime_operator_2 to 2023-03-23T00:00:00+00:00, run_after=2023-03-24T00:00:00+00:00
[2023-03-23 23:09:35,914] {processor.py:161} INFO - Processing /Users/gabrielroger/Documents/projects/weather-data/.venv/lib/python3.9/site-packages/airflow/example_dags/example_branch_datetime_operator.py took 0.052 seconds
[2023-03-23 23:10:38,135] {processor.py:153} INFO - Started process (PID=2480) to work on /Users/gabrielroger/Documents/projects/weather-data/.venv/lib/python3.9/site-packages/airflow/example_dags/example_branch_datetime_operator.py
[2023-03-23 23:10:38,136] {processor.py:641} INFO - Processing file /Users/gabrielroger/Documents/projects/weather-data/.venv/lib/python3.9/site-packages/airflow/example_dags/example_branch_datetime_operator.py for tasks to queue
[2023-03-23 23:10:38,136] {logging_mixin.py:115} INFO - [2023-03-23 23:10:38,136] {dagbag.py:507} INFO - Filling up the DagBag from /Users/gabrielroger/Documents/projects/weather-data/.venv/lib/python3.9/site-packages/airflow/example_dags/example_branch_datetime_operator.py
[2023-03-23 23:10:38,144] {processor.py:651} INFO - DAG(s) dict_keys(['example_branch_datetime_operator_2']) retrieved from /Users/gabrielroger/Documents/projects/weather-data/.venv/lib/python3.9/site-packages/airflow/example_dags/example_branch_datetime_operator.py
[2023-03-23 23:10:38,174] {logging_mixin.py:115} INFO - [2023-03-23 23:10:38,174] {dag.py:2379} INFO - Sync 1 DAGs
[2023-03-23 23:10:38,181] {logging_mixin.py:115} INFO - [2023-03-23 23:10:38,181] {dag.py:2927} INFO - Setting next_dagrun for example_branch_datetime_operator_2 to 2023-03-23T00:00:00+00:00, run_after=2023-03-24T00:00:00+00:00
[2023-03-23 23:10:38,186] {processor.py:161} INFO - Processing /Users/gabrielroger/Documents/projects/weather-data/.venv/lib/python3.9/site-packages/airflow/example_dags/example_branch_datetime_operator.py took 0.051 seconds
