[2023-03-23 22:57:15,219] {processor.py:153} INFO - Started process (PID=1811) to work on /Users/gabrielroger/Documents/projects/weather-data/.venv/lib/python3.9/site-packages/airflow/example_dags/tutorial_taskflow_api_etl_virtualenv.py
[2023-03-23 22:57:15,219] {processor.py:641} INFO - Processing file /Users/gabrielroger/Documents/projects/weather-data/.venv/lib/python3.9/site-packages/airflow/example_dags/tutorial_taskflow_api_etl_virtualenv.py for tasks to queue
[2023-03-23 22:57:15,219] {logging_mixin.py:115} INFO - [2023-03-23 22:57:15,219] {dagbag.py:507} INFO - Filling up the DagBag from /Users/gabrielroger/Documents/projects/weather-data/.venv/lib/python3.9/site-packages/airflow/example_dags/tutorial_taskflow_api_etl_virtualenv.py
[2023-03-23 22:57:15,233] {logging_mixin.py:115} INFO - [2023-03-23 22:57:15,232] {tutorial_taskflow_api_etl_virtualenv.py:29} WARNING - The tutorial_taskflow_api_etl_virtualenv example DAG requires virtualenv, please install it.
[2023-03-23 22:57:15,233] {processor.py:653} WARNING - No viable dags retrieved from /Users/gabrielroger/Documents/projects/weather-data/.venv/lib/python3.9/site-packages/airflow/example_dags/tutorial_taskflow_api_etl_virtualenv.py
[2023-03-23 22:57:15,252] {processor.py:161} INFO - Processing /Users/gabrielroger/Documents/projects/weather-data/.venv/lib/python3.9/site-packages/airflow/example_dags/tutorial_taskflow_api_etl_virtualenv.py took 0.034 seconds
[2023-03-23 22:58:07,538] {processor.py:153} INFO - Started process (PID=1851) to work on /Users/gabrielroger/Documents/projects/weather-data/.venv/lib/python3.9/site-packages/airflow/example_dags/tutorial_taskflow_api_etl_virtualenv.py
[2023-03-23 22:58:07,539] {processor.py:641} INFO - Processing file /Users/gabrielroger/Documents/projects/weather-data/.venv/lib/python3.9/site-packages/airflow/example_dags/tutorial_taskflow_api_etl_virtualenv.py for tasks to queue
[2023-03-23 22:58:07,539] {logging_mixin.py:115} INFO - [2023-03-23 22:58:07,539] {dagbag.py:507} INFO - Filling up the DagBag from /Users/gabrielroger/Documents/projects/weather-data/.venv/lib/python3.9/site-packages/airflow/example_dags/tutorial_taskflow_api_etl_virtualenv.py
[2023-03-23 22:58:07,552] {logging_mixin.py:115} INFO - [2023-03-23 22:58:07,552] {tutorial_taskflow_api_etl_virtualenv.py:29} WARNING - The tutorial_taskflow_api_etl_virtualenv example DAG requires virtualenv, please install it.
[2023-03-23 22:58:07,552] {processor.py:653} WARNING - No viable dags retrieved from /Users/gabrielroger/Documents/projects/weather-data/.venv/lib/python3.9/site-packages/airflow/example_dags/tutorial_taskflow_api_etl_virtualenv.py
[2023-03-23 22:58:07,571] {processor.py:161} INFO - Processing /Users/gabrielroger/Documents/projects/weather-data/.venv/lib/python3.9/site-packages/airflow/example_dags/tutorial_taskflow_api_etl_virtualenv.py took 0.033 seconds
[2023-03-23 22:58:47,026] {processor.py:153} INFO - Started process (PID=1880) to work on /Users/gabrielroger/Documents/projects/weather-data/.venv/lib/python3.9/site-packages/airflow/example_dags/tutorial_taskflow_api_etl_virtualenv.py
[2023-03-23 22:58:47,027] {processor.py:641} INFO - Processing file /Users/gabrielroger/Documents/projects/weather-data/.venv/lib/python3.9/site-packages/airflow/example_dags/tutorial_taskflow_api_etl_virtualenv.py for tasks to queue
[2023-03-23 22:58:47,027] {logging_mixin.py:115} INFO - [2023-03-23 22:58:47,027] {dagbag.py:507} INFO - Filling up the DagBag from /Users/gabrielroger/Documents/projects/weather-data/.venv/lib/python3.9/site-packages/airflow/example_dags/tutorial_taskflow_api_etl_virtualenv.py
[2023-03-23 22:58:47,040] {logging_mixin.py:115} INFO - [2023-03-23 22:58:47,040] {tutorial_taskflow_api_etl_virtualenv.py:29} WARNING - The tutorial_taskflow_api_etl_virtualenv example DAG requires virtualenv, please install it.
[2023-03-23 22:58:47,040] {processor.py:653} WARNING - No viable dags retrieved from /Users/gabrielroger/Documents/projects/weather-data/.venv/lib/python3.9/site-packages/airflow/example_dags/tutorial_taskflow_api_etl_virtualenv.py
[2023-03-23 22:58:47,059] {processor.py:161} INFO - Processing /Users/gabrielroger/Documents/projects/weather-data/.venv/lib/python3.9/site-packages/airflow/example_dags/tutorial_taskflow_api_etl_virtualenv.py took 0.033 seconds
[2023-03-23 22:59:26,790] {processor.py:153} INFO - Started process (PID=1916) to work on /Users/gabrielroger/Documents/projects/weather-data/.venv/lib/python3.9/site-packages/airflow/example_dags/tutorial_taskflow_api_etl_virtualenv.py
[2023-03-23 22:59:26,791] {processor.py:641} INFO - Processing file /Users/gabrielroger/Documents/projects/weather-data/.venv/lib/python3.9/site-packages/airflow/example_dags/tutorial_taskflow_api_etl_virtualenv.py for tasks to queue
[2023-03-23 22:59:26,791] {logging_mixin.py:115} INFO - [2023-03-23 22:59:26,791] {dagbag.py:507} INFO - Filling up the DagBag from /Users/gabrielroger/Documents/projects/weather-data/.venv/lib/python3.9/site-packages/airflow/example_dags/tutorial_taskflow_api_etl_virtualenv.py
[2023-03-23 22:59:26,804] {logging_mixin.py:115} INFO - [2023-03-23 22:59:26,804] {tutorial_taskflow_api_etl_virtualenv.py:29} WARNING - The tutorial_taskflow_api_etl_virtualenv example DAG requires virtualenv, please install it.
[2023-03-23 22:59:26,804] {processor.py:653} WARNING - No viable dags retrieved from /Users/gabrielroger/Documents/projects/weather-data/.venv/lib/python3.9/site-packages/airflow/example_dags/tutorial_taskflow_api_etl_virtualenv.py
[2023-03-23 22:59:26,823] {processor.py:161} INFO - Processing /Users/gabrielroger/Documents/projects/weather-data/.venv/lib/python3.9/site-packages/airflow/example_dags/tutorial_taskflow_api_etl_virtualenv.py took 0.033 seconds
[2023-03-23 23:00:10,349] {processor.py:153} INFO - Started process (PID=1957) to work on /Users/gabrielroger/Documents/projects/weather-data/.venv/lib/python3.9/site-packages/airflow/example_dags/tutorial_taskflow_api_etl_virtualenv.py
[2023-03-23 23:00:10,350] {processor.py:641} INFO - Processing file /Users/gabrielroger/Documents/projects/weather-data/.venv/lib/python3.9/site-packages/airflow/example_dags/tutorial_taskflow_api_etl_virtualenv.py for tasks to queue
[2023-03-23 23:00:10,350] {logging_mixin.py:115} INFO - [2023-03-23 23:00:10,350] {dagbag.py:507} INFO - Filling up the DagBag from /Users/gabrielroger/Documents/projects/weather-data/.venv/lib/python3.9/site-packages/airflow/example_dags/tutorial_taskflow_api_etl_virtualenv.py
[2023-03-23 23:00:10,363] {logging_mixin.py:115} INFO - [2023-03-23 23:00:10,363] {tutorial_taskflow_api_etl_virtualenv.py:29} WARNING - The tutorial_taskflow_api_etl_virtualenv example DAG requires virtualenv, please install it.
[2023-03-23 23:00:10,363] {processor.py:653} WARNING - No viable dags retrieved from /Users/gabrielroger/Documents/projects/weather-data/.venv/lib/python3.9/site-packages/airflow/example_dags/tutorial_taskflow_api_etl_virtualenv.py
[2023-03-23 23:00:10,383] {processor.py:161} INFO - Processing /Users/gabrielroger/Documents/projects/weather-data/.venv/lib/python3.9/site-packages/airflow/example_dags/tutorial_taskflow_api_etl_virtualenv.py took 0.034 seconds
[2023-03-23 23:01:01,780] {processor.py:153} INFO - Started process (PID=1996) to work on /Users/gabrielroger/Documents/projects/weather-data/.venv/lib/python3.9/site-packages/airflow/example_dags/tutorial_taskflow_api_etl_virtualenv.py
[2023-03-23 23:01:01,781] {processor.py:641} INFO - Processing file /Users/gabrielroger/Documents/projects/weather-data/.venv/lib/python3.9/site-packages/airflow/example_dags/tutorial_taskflow_api_etl_virtualenv.py for tasks to queue
[2023-03-23 23:01:01,781] {logging_mixin.py:115} INFO - [2023-03-23 23:01:01,781] {dagbag.py:507} INFO - Filling up the DagBag from /Users/gabrielroger/Documents/projects/weather-data/.venv/lib/python3.9/site-packages/airflow/example_dags/tutorial_taskflow_api_etl_virtualenv.py
[2023-03-23 23:01:01,793] {logging_mixin.py:115} INFO - [2023-03-23 23:01:01,793] {tutorial_taskflow_api_etl_virtualenv.py:29} WARNING - The tutorial_taskflow_api_etl_virtualenv example DAG requires virtualenv, please install it.
[2023-03-23 23:01:01,793] {processor.py:653} WARNING - No viable dags retrieved from /Users/gabrielroger/Documents/projects/weather-data/.venv/lib/python3.9/site-packages/airflow/example_dags/tutorial_taskflow_api_etl_virtualenv.py
[2023-03-23 23:01:01,812] {processor.py:161} INFO - Processing /Users/gabrielroger/Documents/projects/weather-data/.venv/lib/python3.9/site-packages/airflow/example_dags/tutorial_taskflow_api_etl_virtualenv.py took 0.032 seconds
[2023-03-23 23:01:46,775] {processor.py:153} INFO - Started process (PID=2037) to work on /Users/gabrielroger/Documents/projects/weather-data/.venv/lib/python3.9/site-packages/airflow/example_dags/tutorial_taskflow_api_etl_virtualenv.py
[2023-03-23 23:01:46,776] {processor.py:641} INFO - Processing file /Users/gabrielroger/Documents/projects/weather-data/.venv/lib/python3.9/site-packages/airflow/example_dags/tutorial_taskflow_api_etl_virtualenv.py for tasks to queue
[2023-03-23 23:01:46,776] {logging_mixin.py:115} INFO - [2023-03-23 23:01:46,776] {dagbag.py:507} INFO - Filling up the DagBag from /Users/gabrielroger/Documents/projects/weather-data/.venv/lib/python3.9/site-packages/airflow/example_dags/tutorial_taskflow_api_etl_virtualenv.py
[2023-03-23 23:01:46,788] {logging_mixin.py:115} INFO - [2023-03-23 23:01:46,788] {tutorial_taskflow_api_etl_virtualenv.py:29} WARNING - The tutorial_taskflow_api_etl_virtualenv example DAG requires virtualenv, please install it.
[2023-03-23 23:01:46,788] {processor.py:653} WARNING - No viable dags retrieved from /Users/gabrielroger/Documents/projects/weather-data/.venv/lib/python3.9/site-packages/airflow/example_dags/tutorial_taskflow_api_etl_virtualenv.py
[2023-03-23 23:01:46,808] {processor.py:161} INFO - Processing /Users/gabrielroger/Documents/projects/weather-data/.venv/lib/python3.9/site-packages/airflow/example_dags/tutorial_taskflow_api_etl_virtualenv.py took 0.033 seconds
[2023-03-23 23:02:23,782] {processor.py:153} INFO - Started process (PID=2073) to work on /Users/gabrielroger/Documents/projects/weather-data/.venv/lib/python3.9/site-packages/airflow/example_dags/tutorial_taskflow_api_etl_virtualenv.py
[2023-03-23 23:02:23,783] {processor.py:641} INFO - Processing file /Users/gabrielroger/Documents/projects/weather-data/.venv/lib/python3.9/site-packages/airflow/example_dags/tutorial_taskflow_api_etl_virtualenv.py for tasks to queue
[2023-03-23 23:02:23,783] {logging_mixin.py:115} INFO - [2023-03-23 23:02:23,783] {dagbag.py:507} INFO - Filling up the DagBag from /Users/gabrielroger/Documents/projects/weather-data/.venv/lib/python3.9/site-packages/airflow/example_dags/tutorial_taskflow_api_etl_virtualenv.py
[2023-03-23 23:02:23,796] {logging_mixin.py:115} INFO - [2023-03-23 23:02:23,796] {tutorial_taskflow_api_etl_virtualenv.py:29} WARNING - The tutorial_taskflow_api_etl_virtualenv example DAG requires virtualenv, please install it.
[2023-03-23 23:02:23,796] {processor.py:653} WARNING - No viable dags retrieved from /Users/gabrielroger/Documents/projects/weather-data/.venv/lib/python3.9/site-packages/airflow/example_dags/tutorial_taskflow_api_etl_virtualenv.py
[2023-03-23 23:02:23,816] {processor.py:161} INFO - Processing /Users/gabrielroger/Documents/projects/weather-data/.venv/lib/python3.9/site-packages/airflow/example_dags/tutorial_taskflow_api_etl_virtualenv.py took 0.034 seconds
[2023-03-23 23:03:13,484] {processor.py:153} INFO - Started process (PID=2123) to work on /Users/gabrielroger/Documents/projects/weather-data/.venv/lib/python3.9/site-packages/airflow/example_dags/tutorial_taskflow_api_etl_virtualenv.py
[2023-03-23 23:03:13,485] {processor.py:641} INFO - Processing file /Users/gabrielroger/Documents/projects/weather-data/.venv/lib/python3.9/site-packages/airflow/example_dags/tutorial_taskflow_api_etl_virtualenv.py for tasks to queue
[2023-03-23 23:03:13,485] {logging_mixin.py:115} INFO - [2023-03-23 23:03:13,485] {dagbag.py:507} INFO - Filling up the DagBag from /Users/gabrielroger/Documents/projects/weather-data/.venv/lib/python3.9/site-packages/airflow/example_dags/tutorial_taskflow_api_etl_virtualenv.py
[2023-03-23 23:03:13,497] {logging_mixin.py:115} INFO - [2023-03-23 23:03:13,497] {tutorial_taskflow_api_etl_virtualenv.py:29} WARNING - The tutorial_taskflow_api_etl_virtualenv example DAG requires virtualenv, please install it.
[2023-03-23 23:03:13,497] {processor.py:653} WARNING - No viable dags retrieved from /Users/gabrielroger/Documents/projects/weather-data/.venv/lib/python3.9/site-packages/airflow/example_dags/tutorial_taskflow_api_etl_virtualenv.py
[2023-03-23 23:03:13,517] {processor.py:161} INFO - Processing /Users/gabrielroger/Documents/projects/weather-data/.venv/lib/python3.9/site-packages/airflow/example_dags/tutorial_taskflow_api_etl_virtualenv.py took 0.034 seconds
[2023-03-23 23:03:52,078] {processor.py:153} INFO - Started process (PID=2151) to work on /Users/gabrielroger/Documents/projects/weather-data/.venv/lib/python3.9/site-packages/airflow/example_dags/tutorial_taskflow_api_etl_virtualenv.py
[2023-03-23 23:03:52,079] {processor.py:641} INFO - Processing file /Users/gabrielroger/Documents/projects/weather-data/.venv/lib/python3.9/site-packages/airflow/example_dags/tutorial_taskflow_api_etl_virtualenv.py for tasks to queue
[2023-03-23 23:03:52,079] {logging_mixin.py:115} INFO - [2023-03-23 23:03:52,079] {dagbag.py:507} INFO - Filling up the DagBag from /Users/gabrielroger/Documents/projects/weather-data/.venv/lib/python3.9/site-packages/airflow/example_dags/tutorial_taskflow_api_etl_virtualenv.py
[2023-03-23 23:03:52,092] {logging_mixin.py:115} INFO - [2023-03-23 23:03:52,092] {tutorial_taskflow_api_etl_virtualenv.py:29} WARNING - The tutorial_taskflow_api_etl_virtualenv example DAG requires virtualenv, please install it.
[2023-03-23 23:03:52,092] {processor.py:653} WARNING - No viable dags retrieved from /Users/gabrielroger/Documents/projects/weather-data/.venv/lib/python3.9/site-packages/airflow/example_dags/tutorial_taskflow_api_etl_virtualenv.py
[2023-03-23 23:03:52,111] {processor.py:161} INFO - Processing /Users/gabrielroger/Documents/projects/weather-data/.venv/lib/python3.9/site-packages/airflow/example_dags/tutorial_taskflow_api_etl_virtualenv.py took 0.033 seconds
[2023-03-23 23:04:31,594] {processor.py:153} INFO - Started process (PID=2181) to work on /Users/gabrielroger/Documents/projects/weather-data/.venv/lib/python3.9/site-packages/airflow/example_dags/tutorial_taskflow_api_etl_virtualenv.py
[2023-03-23 23:04:31,595] {processor.py:641} INFO - Processing file /Users/gabrielroger/Documents/projects/weather-data/.venv/lib/python3.9/site-packages/airflow/example_dags/tutorial_taskflow_api_etl_virtualenv.py for tasks to queue
[2023-03-23 23:04:31,595] {logging_mixin.py:115} INFO - [2023-03-23 23:04:31,595] {dagbag.py:507} INFO - Filling up the DagBag from /Users/gabrielroger/Documents/projects/weather-data/.venv/lib/python3.9/site-packages/airflow/example_dags/tutorial_taskflow_api_etl_virtualenv.py
[2023-03-23 23:04:31,607] {logging_mixin.py:115} INFO - [2023-03-23 23:04:31,607] {tutorial_taskflow_api_etl_virtualenv.py:29} WARNING - The tutorial_taskflow_api_etl_virtualenv example DAG requires virtualenv, please install it.
[2023-03-23 23:04:31,608] {processor.py:653} WARNING - No viable dags retrieved from /Users/gabrielroger/Documents/projects/weather-data/.venv/lib/python3.9/site-packages/airflow/example_dags/tutorial_taskflow_api_etl_virtualenv.py
[2023-03-23 23:04:31,627] {processor.py:161} INFO - Processing /Users/gabrielroger/Documents/projects/weather-data/.venv/lib/python3.9/site-packages/airflow/example_dags/tutorial_taskflow_api_etl_virtualenv.py took 0.033 seconds
[2023-03-23 23:05:08,037] {processor.py:153} INFO - Started process (PID=2209) to work on /Users/gabrielroger/Documents/projects/weather-data/.venv/lib/python3.9/site-packages/airflow/example_dags/tutorial_taskflow_api_etl_virtualenv.py
[2023-03-23 23:05:08,038] {processor.py:641} INFO - Processing file /Users/gabrielroger/Documents/projects/weather-data/.venv/lib/python3.9/site-packages/airflow/example_dags/tutorial_taskflow_api_etl_virtualenv.py for tasks to queue
[2023-03-23 23:05:08,038] {logging_mixin.py:115} INFO - [2023-03-23 23:05:08,038] {dagbag.py:507} INFO - Filling up the DagBag from /Users/gabrielroger/Documents/projects/weather-data/.venv/lib/python3.9/site-packages/airflow/example_dags/tutorial_taskflow_api_etl_virtualenv.py
[2023-03-23 23:05:08,050] {logging_mixin.py:115} INFO - [2023-03-23 23:05:08,050] {tutorial_taskflow_api_etl_virtualenv.py:29} WARNING - The tutorial_taskflow_api_etl_virtualenv example DAG requires virtualenv, please install it.
[2023-03-23 23:05:08,050] {processor.py:653} WARNING - No viable dags retrieved from /Users/gabrielroger/Documents/projects/weather-data/.venv/lib/python3.9/site-packages/airflow/example_dags/tutorial_taskflow_api_etl_virtualenv.py
[2023-03-23 23:05:08,069] {processor.py:161} INFO - Processing /Users/gabrielroger/Documents/projects/weather-data/.venv/lib/python3.9/site-packages/airflow/example_dags/tutorial_taskflow_api_etl_virtualenv.py took 0.033 seconds
[2023-03-23 23:05:46,924] {processor.py:153} INFO - Started process (PID=2240) to work on /Users/gabrielroger/Documents/projects/weather-data/.venv/lib/python3.9/site-packages/airflow/example_dags/tutorial_taskflow_api_etl_virtualenv.py
[2023-03-23 23:05:46,924] {processor.py:641} INFO - Processing file /Users/gabrielroger/Documents/projects/weather-data/.venv/lib/python3.9/site-packages/airflow/example_dags/tutorial_taskflow_api_etl_virtualenv.py for tasks to queue
[2023-03-23 23:05:46,924] {logging_mixin.py:115} INFO - [2023-03-23 23:05:46,924] {dagbag.py:507} INFO - Filling up the DagBag from /Users/gabrielroger/Documents/projects/weather-data/.venv/lib/python3.9/site-packages/airflow/example_dags/tutorial_taskflow_api_etl_virtualenv.py
[2023-03-23 23:05:46,936] {logging_mixin.py:115} INFO - [2023-03-23 23:05:46,936] {tutorial_taskflow_api_etl_virtualenv.py:29} WARNING - The tutorial_taskflow_api_etl_virtualenv example DAG requires virtualenv, please install it.
[2023-03-23 23:05:46,936] {processor.py:653} WARNING - No viable dags retrieved from /Users/gabrielroger/Documents/projects/weather-data/.venv/lib/python3.9/site-packages/airflow/example_dags/tutorial_taskflow_api_etl_virtualenv.py
[2023-03-23 23:05:46,955] {processor.py:161} INFO - Processing /Users/gabrielroger/Documents/projects/weather-data/.venv/lib/python3.9/site-packages/airflow/example_dags/tutorial_taskflow_api_etl_virtualenv.py took 0.031 seconds
[2023-03-23 23:06:25,102] {processor.py:153} INFO - Started process (PID=2279) to work on /Users/gabrielroger/Documents/projects/weather-data/.venv/lib/python3.9/site-packages/airflow/example_dags/tutorial_taskflow_api_etl_virtualenv.py
[2023-03-23 23:06:25,103] {processor.py:641} INFO - Processing file /Users/gabrielroger/Documents/projects/weather-data/.venv/lib/python3.9/site-packages/airflow/example_dags/tutorial_taskflow_api_etl_virtualenv.py for tasks to queue
[2023-03-23 23:06:25,103] {logging_mixin.py:115} INFO - [2023-03-23 23:06:25,103] {dagbag.py:507} INFO - Filling up the DagBag from /Users/gabrielroger/Documents/projects/weather-data/.venv/lib/python3.9/site-packages/airflow/example_dags/tutorial_taskflow_api_etl_virtualenv.py
[2023-03-23 23:06:25,117] {logging_mixin.py:115} INFO - [2023-03-23 23:06:25,117] {tutorial_taskflow_api_etl_virtualenv.py:29} WARNING - The tutorial_taskflow_api_etl_virtualenv example DAG requires virtualenv, please install it.
[2023-03-23 23:06:25,117] {processor.py:653} WARNING - No viable dags retrieved from /Users/gabrielroger/Documents/projects/weather-data/.venv/lib/python3.9/site-packages/airflow/example_dags/tutorial_taskflow_api_etl_virtualenv.py
[2023-03-23 23:06:25,138] {processor.py:161} INFO - Processing /Users/gabrielroger/Documents/projects/weather-data/.venv/lib/python3.9/site-packages/airflow/example_dags/tutorial_taskflow_api_etl_virtualenv.py took 0.036 seconds
[2023-03-23 23:07:16,599] {processor.py:153} INFO - Started process (PID=2318) to work on /Users/gabrielroger/Documents/projects/weather-data/.venv/lib/python3.9/site-packages/airflow/example_dags/tutorial_taskflow_api_etl_virtualenv.py
[2023-03-23 23:07:16,599] {processor.py:641} INFO - Processing file /Users/gabrielroger/Documents/projects/weather-data/.venv/lib/python3.9/site-packages/airflow/example_dags/tutorial_taskflow_api_etl_virtualenv.py for tasks to queue
[2023-03-23 23:07:16,599] {logging_mixin.py:115} INFO - [2023-03-23 23:07:16,599] {dagbag.py:507} INFO - Filling up the DagBag from /Users/gabrielroger/Documents/projects/weather-data/.venv/lib/python3.9/site-packages/airflow/example_dags/tutorial_taskflow_api_etl_virtualenv.py
[2023-03-23 23:07:16,612] {logging_mixin.py:115} INFO - [2023-03-23 23:07:16,612] {tutorial_taskflow_api_etl_virtualenv.py:29} WARNING - The tutorial_taskflow_api_etl_virtualenv example DAG requires virtualenv, please install it.
[2023-03-23 23:07:16,612] {processor.py:653} WARNING - No viable dags retrieved from /Users/gabrielroger/Documents/projects/weather-data/.venv/lib/python3.9/site-packages/airflow/example_dags/tutorial_taskflow_api_etl_virtualenv.py
[2023-03-23 23:07:16,631] {processor.py:161} INFO - Processing /Users/gabrielroger/Documents/projects/weather-data/.venv/lib/python3.9/site-packages/airflow/example_dags/tutorial_taskflow_api_etl_virtualenv.py took 0.033 seconds
[2023-03-23 23:07:46,846] {processor.py:153} INFO - Started process (PID=2348) to work on /Users/gabrielroger/Documents/projects/weather-data/.venv/lib/python3.9/site-packages/airflow/example_dags/tutorial_taskflow_api_etl_virtualenv.py
[2023-03-23 23:07:46,847] {processor.py:641} INFO - Processing file /Users/gabrielroger/Documents/projects/weather-data/.venv/lib/python3.9/site-packages/airflow/example_dags/tutorial_taskflow_api_etl_virtualenv.py for tasks to queue
[2023-03-23 23:07:46,847] {logging_mixin.py:115} INFO - [2023-03-23 23:07:46,847] {dagbag.py:507} INFO - Filling up the DagBag from /Users/gabrielroger/Documents/projects/weather-data/.venv/lib/python3.9/site-packages/airflow/example_dags/tutorial_taskflow_api_etl_virtualenv.py
[2023-03-23 23:07:46,861] {logging_mixin.py:115} INFO - [2023-03-23 23:07:46,861] {tutorial_taskflow_api_etl_virtualenv.py:29} WARNING - The tutorial_taskflow_api_etl_virtualenv example DAG requires virtualenv, please install it.
[2023-03-23 23:07:46,861] {processor.py:653} WARNING - No viable dags retrieved from /Users/gabrielroger/Documents/projects/weather-data/.venv/lib/python3.9/site-packages/airflow/example_dags/tutorial_taskflow_api_etl_virtualenv.py
[2023-03-23 23:07:46,881] {processor.py:161} INFO - Processing /Users/gabrielroger/Documents/projects/weather-data/.venv/lib/python3.9/site-packages/airflow/example_dags/tutorial_taskflow_api_etl_virtualenv.py took 0.035 seconds
[2023-03-23 23:08:36,685] {processor.py:153} INFO - Started process (PID=2390) to work on /Users/gabrielroger/Documents/projects/weather-data/.venv/lib/python3.9/site-packages/airflow/example_dags/tutorial_taskflow_api_etl_virtualenv.py
[2023-03-23 23:08:36,685] {processor.py:641} INFO - Processing file /Users/gabrielroger/Documents/projects/weather-data/.venv/lib/python3.9/site-packages/airflow/example_dags/tutorial_taskflow_api_etl_virtualenv.py for tasks to queue
[2023-03-23 23:08:36,686] {logging_mixin.py:115} INFO - [2023-03-23 23:08:36,685] {dagbag.py:507} INFO - Filling up the DagBag from /Users/gabrielroger/Documents/projects/weather-data/.venv/lib/python3.9/site-packages/airflow/example_dags/tutorial_taskflow_api_etl_virtualenv.py
[2023-03-23 23:08:36,698] {logging_mixin.py:115} INFO - [2023-03-23 23:08:36,698] {tutorial_taskflow_api_etl_virtualenv.py:29} WARNING - The tutorial_taskflow_api_etl_virtualenv example DAG requires virtualenv, please install it.
[2023-03-23 23:08:36,698] {processor.py:653} WARNING - No viable dags retrieved from /Users/gabrielroger/Documents/projects/weather-data/.venv/lib/python3.9/site-packages/airflow/example_dags/tutorial_taskflow_api_etl_virtualenv.py
[2023-03-23 23:08:36,718] {processor.py:161} INFO - Processing /Users/gabrielroger/Documents/projects/weather-data/.venv/lib/python3.9/site-packages/airflow/example_dags/tutorial_taskflow_api_etl_virtualenv.py took 0.033 seconds
[2023-03-23 23:09:21,231] {processor.py:153} INFO - Started process (PID=2421) to work on /Users/gabrielroger/Documents/projects/weather-data/.venv/lib/python3.9/site-packages/airflow/example_dags/tutorial_taskflow_api_etl_virtualenv.py
[2023-03-23 23:09:21,231] {processor.py:641} INFO - Processing file /Users/gabrielroger/Documents/projects/weather-data/.venv/lib/python3.9/site-packages/airflow/example_dags/tutorial_taskflow_api_etl_virtualenv.py for tasks to queue
[2023-03-23 23:09:21,231] {logging_mixin.py:115} INFO - [2023-03-23 23:09:21,231] {dagbag.py:507} INFO - Filling up the DagBag from /Users/gabrielroger/Documents/projects/weather-data/.venv/lib/python3.9/site-packages/airflow/example_dags/tutorial_taskflow_api_etl_virtualenv.py
[2023-03-23 23:09:21,244] {logging_mixin.py:115} INFO - [2023-03-23 23:09:21,244] {tutorial_taskflow_api_etl_virtualenv.py:29} WARNING - The tutorial_taskflow_api_etl_virtualenv example DAG requires virtualenv, please install it.
[2023-03-23 23:09:21,244] {processor.py:653} WARNING - No viable dags retrieved from /Users/gabrielroger/Documents/projects/weather-data/.venv/lib/python3.9/site-packages/airflow/example_dags/tutorial_taskflow_api_etl_virtualenv.py
[2023-03-23 23:09:21,263] {processor.py:161} INFO - Processing /Users/gabrielroger/Documents/projects/weather-data/.venv/lib/python3.9/site-packages/airflow/example_dags/tutorial_taskflow_api_etl_virtualenv.py took 0.032 seconds
[2023-03-23 23:10:03,571] {processor.py:153} INFO - Started process (PID=2456) to work on /Users/gabrielroger/Documents/projects/weather-data/.venv/lib/python3.9/site-packages/airflow/example_dags/tutorial_taskflow_api_etl_virtualenv.py
[2023-03-23 23:10:03,571] {processor.py:641} INFO - Processing file /Users/gabrielroger/Documents/projects/weather-data/.venv/lib/python3.9/site-packages/airflow/example_dags/tutorial_taskflow_api_etl_virtualenv.py for tasks to queue
[2023-03-23 23:10:03,571] {logging_mixin.py:115} INFO - [2023-03-23 23:10:03,571] {dagbag.py:507} INFO - Filling up the DagBag from /Users/gabrielroger/Documents/projects/weather-data/.venv/lib/python3.9/site-packages/airflow/example_dags/tutorial_taskflow_api_etl_virtualenv.py
[2023-03-23 23:10:03,583] {logging_mixin.py:115} INFO - [2023-03-23 23:10:03,583] {tutorial_taskflow_api_etl_virtualenv.py:29} WARNING - The tutorial_taskflow_api_etl_virtualenv example DAG requires virtualenv, please install it.
[2023-03-23 23:10:03,583] {processor.py:653} WARNING - No viable dags retrieved from /Users/gabrielroger/Documents/projects/weather-data/.venv/lib/python3.9/site-packages/airflow/example_dags/tutorial_taskflow_api_etl_virtualenv.py
[2023-03-23 23:10:03,602] {processor.py:161} INFO - Processing /Users/gabrielroger/Documents/projects/weather-data/.venv/lib/python3.9/site-packages/airflow/example_dags/tutorial_taskflow_api_etl_virtualenv.py took 0.032 seconds
[2023-03-23 23:10:45,069] {processor.py:153} INFO - Started process (PID=2486) to work on /Users/gabrielroger/Documents/projects/weather-data/.venv/lib/python3.9/site-packages/airflow/example_dags/tutorial_taskflow_api_etl_virtualenv.py
[2023-03-23 23:10:45,070] {processor.py:641} INFO - Processing file /Users/gabrielroger/Documents/projects/weather-data/.venv/lib/python3.9/site-packages/airflow/example_dags/tutorial_taskflow_api_etl_virtualenv.py for tasks to queue
[2023-03-23 23:10:45,070] {logging_mixin.py:115} INFO - [2023-03-23 23:10:45,070] {dagbag.py:507} INFO - Filling up the DagBag from /Users/gabrielroger/Documents/projects/weather-data/.venv/lib/python3.9/site-packages/airflow/example_dags/tutorial_taskflow_api_etl_virtualenv.py
[2023-03-23 23:10:45,083] {logging_mixin.py:115} INFO - [2023-03-23 23:10:45,083] {tutorial_taskflow_api_etl_virtualenv.py:29} WARNING - The tutorial_taskflow_api_etl_virtualenv example DAG requires virtualenv, please install it.
[2023-03-23 23:10:45,083] {processor.py:653} WARNING - No viable dags retrieved from /Users/gabrielroger/Documents/projects/weather-data/.venv/lib/python3.9/site-packages/airflow/example_dags/tutorial_taskflow_api_etl_virtualenv.py
[2023-03-23 23:10:45,103] {processor.py:161} INFO - Processing /Users/gabrielroger/Documents/projects/weather-data/.venv/lib/python3.9/site-packages/airflow/example_dags/tutorial_taskflow_api_etl_virtualenv.py took 0.035 seconds
