[2023-03-23 22:57:16,773] {processor.py:153} INFO - Started process (PID=1812) to work on /Users/gabrielroger/Documents/projects/weather-data/.venv/lib/python3.9/site-packages/airflow/example_dags/tutorial_taskflow_api_etl.py
[2023-03-23 22:57:16,773] {processor.py:641} INFO - Processing file /Users/gabrielroger/Documents/projects/weather-data/.venv/lib/python3.9/site-packages/airflow/example_dags/tutorial_taskflow_api_etl.py for tasks to queue
[2023-03-23 22:57:16,773] {logging_mixin.py:115} INFO - [2023-03-23 22:57:16,773] {dagbag.py:507} INFO - Filling up the DagBag from /Users/gabrielroger/Documents/projects/weather-data/.venv/lib/python3.9/site-packages/airflow/example_dags/tutorial_taskflow_api_etl.py
[2023-03-23 22:57:16,790] {processor.py:651} INFO - DAG(s) dict_keys(['tutorial_taskflow_api_etl']) retrieved from /Users/gabrielroger/Documents/projects/weather-data/.venv/lib/python3.9/site-packages/airflow/example_dags/tutorial_taskflow_api_etl.py
[2023-03-23 22:57:17,102] {logging_mixin.py:115} INFO - [2023-03-23 22:57:17,102] {dag.py:2379} INFO - Sync 1 DAGs
[2023-03-23 22:57:17,109] {logging_mixin.py:115} INFO - [2023-03-23 22:57:17,109] {dag.py:2927} INFO - Setting next_dagrun for tutorial_taskflow_api_etl to None, run_after=None
[2023-03-23 22:57:17,115] {processor.py:161} INFO - Processing /Users/gabrielroger/Documents/projects/weather-data/.venv/lib/python3.9/site-packages/airflow/example_dags/tutorial_taskflow_api_etl.py took 0.342 seconds
[2023-03-23 22:58:08,393] {processor.py:153} INFO - Started process (PID=1852) to work on /Users/gabrielroger/Documents/projects/weather-data/.venv/lib/python3.9/site-packages/airflow/example_dags/tutorial_taskflow_api_etl.py
[2023-03-23 22:58:08,394] {processor.py:641} INFO - Processing file /Users/gabrielroger/Documents/projects/weather-data/.venv/lib/python3.9/site-packages/airflow/example_dags/tutorial_taskflow_api_etl.py for tasks to queue
[2023-03-23 22:58:08,394] {logging_mixin.py:115} INFO - [2023-03-23 22:58:08,394] {dagbag.py:507} INFO - Filling up the DagBag from /Users/gabrielroger/Documents/projects/weather-data/.venv/lib/python3.9/site-packages/airflow/example_dags/tutorial_taskflow_api_etl.py
[2023-03-23 22:58:08,411] {processor.py:651} INFO - DAG(s) dict_keys(['tutorial_taskflow_api_etl']) retrieved from /Users/gabrielroger/Documents/projects/weather-data/.venv/lib/python3.9/site-packages/airflow/example_dags/tutorial_taskflow_api_etl.py
[2023-03-23 22:58:08,773] {logging_mixin.py:115} INFO - [2023-03-23 22:58:08,772] {dag.py:2379} INFO - Sync 1 DAGs
[2023-03-23 22:58:08,779] {logging_mixin.py:115} INFO - [2023-03-23 22:58:08,779] {dag.py:2927} INFO - Setting next_dagrun for tutorial_taskflow_api_etl to None, run_after=None
[2023-03-23 22:58:08,785] {processor.py:161} INFO - Processing /Users/gabrielroger/Documents/projects/weather-data/.venv/lib/python3.9/site-packages/airflow/example_dags/tutorial_taskflow_api_etl.py took 0.393 seconds
[2023-03-23 22:58:47,912] {processor.py:153} INFO - Started process (PID=1881) to work on /Users/gabrielroger/Documents/projects/weather-data/.venv/lib/python3.9/site-packages/airflow/example_dags/tutorial_taskflow_api_etl.py
[2023-03-23 22:58:47,913] {processor.py:641} INFO - Processing file /Users/gabrielroger/Documents/projects/weather-data/.venv/lib/python3.9/site-packages/airflow/example_dags/tutorial_taskflow_api_etl.py for tasks to queue
[2023-03-23 22:58:47,913] {logging_mixin.py:115} INFO - [2023-03-23 22:58:47,913] {dagbag.py:507} INFO - Filling up the DagBag from /Users/gabrielroger/Documents/projects/weather-data/.venv/lib/python3.9/site-packages/airflow/example_dags/tutorial_taskflow_api_etl.py
[2023-03-23 22:58:47,930] {processor.py:651} INFO - DAG(s) dict_keys(['tutorial_taskflow_api_etl']) retrieved from /Users/gabrielroger/Documents/projects/weather-data/.venv/lib/python3.9/site-packages/airflow/example_dags/tutorial_taskflow_api_etl.py
[2023-03-23 22:58:48,235] {logging_mixin.py:115} INFO - [2023-03-23 22:58:48,235] {dag.py:2379} INFO - Sync 1 DAGs
[2023-03-23 22:58:48,242] {logging_mixin.py:115} INFO - [2023-03-23 22:58:48,241] {dag.py:2927} INFO - Setting next_dagrun for tutorial_taskflow_api_etl to None, run_after=None
[2023-03-23 22:58:48,248] {processor.py:161} INFO - Processing /Users/gabrielroger/Documents/projects/weather-data/.venv/lib/python3.9/site-packages/airflow/example_dags/tutorial_taskflow_api_etl.py took 0.336 seconds
[2023-03-23 22:59:28,125] {processor.py:153} INFO - Started process (PID=1917) to work on /Users/gabrielroger/Documents/projects/weather-data/.venv/lib/python3.9/site-packages/airflow/example_dags/tutorial_taskflow_api_etl.py
[2023-03-23 22:59:28,126] {processor.py:641} INFO - Processing file /Users/gabrielroger/Documents/projects/weather-data/.venv/lib/python3.9/site-packages/airflow/example_dags/tutorial_taskflow_api_etl.py for tasks to queue
[2023-03-23 22:59:28,126] {logging_mixin.py:115} INFO - [2023-03-23 22:59:28,126] {dagbag.py:507} INFO - Filling up the DagBag from /Users/gabrielroger/Documents/projects/weather-data/.venv/lib/python3.9/site-packages/airflow/example_dags/tutorial_taskflow_api_etl.py
[2023-03-23 22:59:28,144] {processor.py:651} INFO - DAG(s) dict_keys(['tutorial_taskflow_api_etl']) retrieved from /Users/gabrielroger/Documents/projects/weather-data/.venv/lib/python3.9/site-packages/airflow/example_dags/tutorial_taskflow_api_etl.py
[2023-03-23 22:59:28,449] {logging_mixin.py:115} INFO - [2023-03-23 22:59:28,449] {dag.py:2379} INFO - Sync 1 DAGs
[2023-03-23 22:59:28,455] {logging_mixin.py:115} INFO - [2023-03-23 22:59:28,455] {dag.py:2927} INFO - Setting next_dagrun for tutorial_taskflow_api_etl to None, run_after=None
[2023-03-23 22:59:28,461] {processor.py:161} INFO - Processing /Users/gabrielroger/Documents/projects/weather-data/.venv/lib/python3.9/site-packages/airflow/example_dags/tutorial_taskflow_api_etl.py took 0.336 seconds
[2023-03-23 23:00:11,928] {processor.py:153} INFO - Started process (PID=1958) to work on /Users/gabrielroger/Documents/projects/weather-data/.venv/lib/python3.9/site-packages/airflow/example_dags/tutorial_taskflow_api_etl.py
[2023-03-23 23:00:11,928] {processor.py:641} INFO - Processing file /Users/gabrielroger/Documents/projects/weather-data/.venv/lib/python3.9/site-packages/airflow/example_dags/tutorial_taskflow_api_etl.py for tasks to queue
[2023-03-23 23:00:11,929] {logging_mixin.py:115} INFO - [2023-03-23 23:00:11,929] {dagbag.py:507} INFO - Filling up the DagBag from /Users/gabrielroger/Documents/projects/weather-data/.venv/lib/python3.9/site-packages/airflow/example_dags/tutorial_taskflow_api_etl.py
[2023-03-23 23:00:11,946] {processor.py:651} INFO - DAG(s) dict_keys(['tutorial_taskflow_api_etl']) retrieved from /Users/gabrielroger/Documents/projects/weather-data/.venv/lib/python3.9/site-packages/airflow/example_dags/tutorial_taskflow_api_etl.py
[2023-03-23 23:00:12,264] {logging_mixin.py:115} INFO - [2023-03-23 23:00:12,263] {dag.py:2379} INFO - Sync 1 DAGs
[2023-03-23 23:00:12,271] {logging_mixin.py:115} INFO - [2023-03-23 23:00:12,271] {dag.py:2927} INFO - Setting next_dagrun for tutorial_taskflow_api_etl to None, run_after=None
[2023-03-23 23:00:12,277] {processor.py:161} INFO - Processing /Users/gabrielroger/Documents/projects/weather-data/.venv/lib/python3.9/site-packages/airflow/example_dags/tutorial_taskflow_api_etl.py took 0.350 seconds
[2023-03-23 23:01:03,348] {processor.py:153} INFO - Started process (PID=1997) to work on /Users/gabrielroger/Documents/projects/weather-data/.venv/lib/python3.9/site-packages/airflow/example_dags/tutorial_taskflow_api_etl.py
[2023-03-23 23:01:03,349] {processor.py:641} INFO - Processing file /Users/gabrielroger/Documents/projects/weather-data/.venv/lib/python3.9/site-packages/airflow/example_dags/tutorial_taskflow_api_etl.py for tasks to queue
[2023-03-23 23:01:03,349] {logging_mixin.py:115} INFO - [2023-03-23 23:01:03,349] {dagbag.py:507} INFO - Filling up the DagBag from /Users/gabrielroger/Documents/projects/weather-data/.venv/lib/python3.9/site-packages/airflow/example_dags/tutorial_taskflow_api_etl.py
[2023-03-23 23:01:03,366] {processor.py:651} INFO - DAG(s) dict_keys(['tutorial_taskflow_api_etl']) retrieved from /Users/gabrielroger/Documents/projects/weather-data/.venv/lib/python3.9/site-packages/airflow/example_dags/tutorial_taskflow_api_etl.py
[2023-03-23 23:01:03,674] {logging_mixin.py:115} INFO - [2023-03-23 23:01:03,674] {dag.py:2379} INFO - Sync 1 DAGs
[2023-03-23 23:01:03,681] {logging_mixin.py:115} INFO - [2023-03-23 23:01:03,681] {dag.py:2927} INFO - Setting next_dagrun for tutorial_taskflow_api_etl to None, run_after=None
[2023-03-23 23:01:03,687] {processor.py:161} INFO - Processing /Users/gabrielroger/Documents/projects/weather-data/.venv/lib/python3.9/site-packages/airflow/example_dags/tutorial_taskflow_api_etl.py took 0.339 seconds
[2023-03-23 23:01:48,350] {processor.py:153} INFO - Started process (PID=2038) to work on /Users/gabrielroger/Documents/projects/weather-data/.venv/lib/python3.9/site-packages/airflow/example_dags/tutorial_taskflow_api_etl.py
[2023-03-23 23:01:48,350] {processor.py:641} INFO - Processing file /Users/gabrielroger/Documents/projects/weather-data/.venv/lib/python3.9/site-packages/airflow/example_dags/tutorial_taskflow_api_etl.py for tasks to queue
[2023-03-23 23:01:48,351] {logging_mixin.py:115} INFO - [2023-03-23 23:01:48,351] {dagbag.py:507} INFO - Filling up the DagBag from /Users/gabrielroger/Documents/projects/weather-data/.venv/lib/python3.9/site-packages/airflow/example_dags/tutorial_taskflow_api_etl.py
[2023-03-23 23:01:48,368] {processor.py:651} INFO - DAG(s) dict_keys(['tutorial_taskflow_api_etl']) retrieved from /Users/gabrielroger/Documents/projects/weather-data/.venv/lib/python3.9/site-packages/airflow/example_dags/tutorial_taskflow_api_etl.py
[2023-03-23 23:01:48,675] {logging_mixin.py:115} INFO - [2023-03-23 23:01:48,675] {dag.py:2379} INFO - Sync 1 DAGs
[2023-03-23 23:01:48,681] {logging_mixin.py:115} INFO - [2023-03-23 23:01:48,681] {dag.py:2927} INFO - Setting next_dagrun for tutorial_taskflow_api_etl to None, run_after=None
[2023-03-23 23:01:48,688] {processor.py:161} INFO - Processing /Users/gabrielroger/Documents/projects/weather-data/.venv/lib/python3.9/site-packages/airflow/example_dags/tutorial_taskflow_api_etl.py took 0.339 seconds
[2023-03-23 23:02:25,366] {processor.py:153} INFO - Started process (PID=2074) to work on /Users/gabrielroger/Documents/projects/weather-data/.venv/lib/python3.9/site-packages/airflow/example_dags/tutorial_taskflow_api_etl.py
[2023-03-23 23:02:25,366] {processor.py:641} INFO - Processing file /Users/gabrielroger/Documents/projects/weather-data/.venv/lib/python3.9/site-packages/airflow/example_dags/tutorial_taskflow_api_etl.py for tasks to queue
[2023-03-23 23:02:25,367] {logging_mixin.py:115} INFO - [2023-03-23 23:02:25,367] {dagbag.py:507} INFO - Filling up the DagBag from /Users/gabrielroger/Documents/projects/weather-data/.venv/lib/python3.9/site-packages/airflow/example_dags/tutorial_taskflow_api_etl.py
[2023-03-23 23:02:25,383] {processor.py:651} INFO - DAG(s) dict_keys(['tutorial_taskflow_api_etl']) retrieved from /Users/gabrielroger/Documents/projects/weather-data/.venv/lib/python3.9/site-packages/airflow/example_dags/tutorial_taskflow_api_etl.py
[2023-03-23 23:02:25,694] {logging_mixin.py:115} INFO - [2023-03-23 23:02:25,694] {dag.py:2379} INFO - Sync 1 DAGs
[2023-03-23 23:02:25,702] {logging_mixin.py:115} INFO - [2023-03-23 23:02:25,702] {dag.py:2927} INFO - Setting next_dagrun for tutorial_taskflow_api_etl to None, run_after=None
[2023-03-23 23:02:25,708] {processor.py:161} INFO - Processing /Users/gabrielroger/Documents/projects/weather-data/.venv/lib/python3.9/site-packages/airflow/example_dags/tutorial_taskflow_api_etl.py took 0.343 seconds
[2023-03-23 23:03:14,346] {processor.py:153} INFO - Started process (PID=2124) to work on /Users/gabrielroger/Documents/projects/weather-data/.venv/lib/python3.9/site-packages/airflow/example_dags/tutorial_taskflow_api_etl.py
[2023-03-23 23:03:14,347] {processor.py:641} INFO - Processing file /Users/gabrielroger/Documents/projects/weather-data/.venv/lib/python3.9/site-packages/airflow/example_dags/tutorial_taskflow_api_etl.py for tasks to queue
[2023-03-23 23:03:14,347] {logging_mixin.py:115} INFO - [2023-03-23 23:03:14,347] {dagbag.py:507} INFO - Filling up the DagBag from /Users/gabrielroger/Documents/projects/weather-data/.venv/lib/python3.9/site-packages/airflow/example_dags/tutorial_taskflow_api_etl.py
[2023-03-23 23:03:14,364] {processor.py:651} INFO - DAG(s) dict_keys(['tutorial_taskflow_api_etl']) retrieved from /Users/gabrielroger/Documents/projects/weather-data/.venv/lib/python3.9/site-packages/airflow/example_dags/tutorial_taskflow_api_etl.py
[2023-03-23 23:03:14,730] {logging_mixin.py:115} INFO - [2023-03-23 23:03:14,730] {dag.py:2379} INFO - Sync 1 DAGs
[2023-03-23 23:03:14,737] {logging_mixin.py:115} INFO - [2023-03-23 23:03:14,737] {dag.py:2927} INFO - Setting next_dagrun for tutorial_taskflow_api_etl to None, run_after=None
[2023-03-23 23:03:14,743] {processor.py:161} INFO - Processing /Users/gabrielroger/Documents/projects/weather-data/.venv/lib/python3.9/site-packages/airflow/example_dags/tutorial_taskflow_api_etl.py took 0.397 seconds
[2023-03-23 23:03:53,011] {processor.py:153} INFO - Started process (PID=2152) to work on /Users/gabrielroger/Documents/projects/weather-data/.venv/lib/python3.9/site-packages/airflow/example_dags/tutorial_taskflow_api_etl.py
[2023-03-23 23:03:53,012] {processor.py:641} INFO - Processing file /Users/gabrielroger/Documents/projects/weather-data/.venv/lib/python3.9/site-packages/airflow/example_dags/tutorial_taskflow_api_etl.py for tasks to queue
[2023-03-23 23:03:53,012] {logging_mixin.py:115} INFO - [2023-03-23 23:03:53,012] {dagbag.py:507} INFO - Filling up the DagBag from /Users/gabrielroger/Documents/projects/weather-data/.venv/lib/python3.9/site-packages/airflow/example_dags/tutorial_taskflow_api_etl.py
[2023-03-23 23:03:53,029] {processor.py:651} INFO - DAG(s) dict_keys(['tutorial_taskflow_api_etl']) retrieved from /Users/gabrielroger/Documents/projects/weather-data/.venv/lib/python3.9/site-packages/airflow/example_dags/tutorial_taskflow_api_etl.py
[2023-03-23 23:03:53,338] {logging_mixin.py:115} INFO - [2023-03-23 23:03:53,338] {dag.py:2379} INFO - Sync 1 DAGs
[2023-03-23 23:03:53,345] {logging_mixin.py:115} INFO - [2023-03-23 23:03:53,345] {dag.py:2927} INFO - Setting next_dagrun for tutorial_taskflow_api_etl to None, run_after=None
[2023-03-23 23:03:53,352] {processor.py:161} INFO - Processing /Users/gabrielroger/Documents/projects/weather-data/.venv/lib/python3.9/site-packages/airflow/example_dags/tutorial_taskflow_api_etl.py took 0.341 seconds
[2023-03-23 23:04:32,455] {processor.py:153} INFO - Started process (PID=2182) to work on /Users/gabrielroger/Documents/projects/weather-data/.venv/lib/python3.9/site-packages/airflow/example_dags/tutorial_taskflow_api_etl.py
[2023-03-23 23:04:32,455] {processor.py:641} INFO - Processing file /Users/gabrielroger/Documents/projects/weather-data/.venv/lib/python3.9/site-packages/airflow/example_dags/tutorial_taskflow_api_etl.py for tasks to queue
[2023-03-23 23:04:32,456] {logging_mixin.py:115} INFO - [2023-03-23 23:04:32,456] {dagbag.py:507} INFO - Filling up the DagBag from /Users/gabrielroger/Documents/projects/weather-data/.venv/lib/python3.9/site-packages/airflow/example_dags/tutorial_taskflow_api_etl.py
[2023-03-23 23:04:32,473] {processor.py:651} INFO - DAG(s) dict_keys(['tutorial_taskflow_api_etl']) retrieved from /Users/gabrielroger/Documents/projects/weather-data/.venv/lib/python3.9/site-packages/airflow/example_dags/tutorial_taskflow_api_etl.py
[2023-03-23 23:04:32,831] {logging_mixin.py:115} INFO - [2023-03-23 23:04:32,831] {dag.py:2379} INFO - Sync 1 DAGs
[2023-03-23 23:04:32,837] {logging_mixin.py:115} INFO - [2023-03-23 23:04:32,837] {dag.py:2927} INFO - Setting next_dagrun for tutorial_taskflow_api_etl to None, run_after=None
[2023-03-23 23:04:32,843] {processor.py:161} INFO - Processing /Users/gabrielroger/Documents/projects/weather-data/.venv/lib/python3.9/site-packages/airflow/example_dags/tutorial_taskflow_api_etl.py took 0.389 seconds
[2023-03-23 23:05:09,303] {processor.py:153} INFO - Started process (PID=2210) to work on /Users/gabrielroger/Documents/projects/weather-data/.venv/lib/python3.9/site-packages/airflow/example_dags/tutorial_taskflow_api_etl.py
[2023-03-23 23:05:09,304] {processor.py:641} INFO - Processing file /Users/gabrielroger/Documents/projects/weather-data/.venv/lib/python3.9/site-packages/airflow/example_dags/tutorial_taskflow_api_etl.py for tasks to queue
[2023-03-23 23:05:09,304] {logging_mixin.py:115} INFO - [2023-03-23 23:05:09,304] {dagbag.py:507} INFO - Filling up the DagBag from /Users/gabrielroger/Documents/projects/weather-data/.venv/lib/python3.9/site-packages/airflow/example_dags/tutorial_taskflow_api_etl.py
[2023-03-23 23:05:09,321] {processor.py:651} INFO - DAG(s) dict_keys(['tutorial_taskflow_api_etl']) retrieved from /Users/gabrielroger/Documents/projects/weather-data/.venv/lib/python3.9/site-packages/airflow/example_dags/tutorial_taskflow_api_etl.py
[2023-03-23 23:05:09,631] {logging_mixin.py:115} INFO - [2023-03-23 23:05:09,631] {dag.py:2379} INFO - Sync 1 DAGs
[2023-03-23 23:05:09,638] {logging_mixin.py:115} INFO - [2023-03-23 23:05:09,638] {dag.py:2927} INFO - Setting next_dagrun for tutorial_taskflow_api_etl to None, run_after=None
[2023-03-23 23:05:09,644] {processor.py:161} INFO - Processing /Users/gabrielroger/Documents/projects/weather-data/.venv/lib/python3.9/site-packages/airflow/example_dags/tutorial_taskflow_api_etl.py took 0.341 seconds
[2023-03-23 23:05:47,868] {processor.py:153} INFO - Started process (PID=2241) to work on /Users/gabrielroger/Documents/projects/weather-data/.venv/lib/python3.9/site-packages/airflow/example_dags/tutorial_taskflow_api_etl.py
[2023-03-23 23:05:47,869] {processor.py:641} INFO - Processing file /Users/gabrielroger/Documents/projects/weather-data/.venv/lib/python3.9/site-packages/airflow/example_dags/tutorial_taskflow_api_etl.py for tasks to queue
[2023-03-23 23:05:47,869] {logging_mixin.py:115} INFO - [2023-03-23 23:05:47,869] {dagbag.py:507} INFO - Filling up the DagBag from /Users/gabrielroger/Documents/projects/weather-data/.venv/lib/python3.9/site-packages/airflow/example_dags/tutorial_taskflow_api_etl.py
[2023-03-23 23:05:47,886] {processor.py:651} INFO - DAG(s) dict_keys(['tutorial_taskflow_api_etl']) retrieved from /Users/gabrielroger/Documents/projects/weather-data/.venv/lib/python3.9/site-packages/airflow/example_dags/tutorial_taskflow_api_etl.py
[2023-03-23 23:05:48,195] {logging_mixin.py:115} INFO - [2023-03-23 23:05:48,194] {dag.py:2379} INFO - Sync 1 DAGs
[2023-03-23 23:05:48,201] {logging_mixin.py:115} INFO - [2023-03-23 23:05:48,201] {dag.py:2927} INFO - Setting next_dagrun for tutorial_taskflow_api_etl to None, run_after=None
[2023-03-23 23:05:48,207] {processor.py:161} INFO - Processing /Users/gabrielroger/Documents/projects/weather-data/.venv/lib/python3.9/site-packages/airflow/example_dags/tutorial_taskflow_api_etl.py took 0.339 seconds
[2023-03-23 23:06:26,707] {processor.py:153} INFO - Started process (PID=2281) to work on /Users/gabrielroger/Documents/projects/weather-data/.venv/lib/python3.9/site-packages/airflow/example_dags/tutorial_taskflow_api_etl.py
[2023-03-23 23:06:26,707] {processor.py:641} INFO - Processing file /Users/gabrielroger/Documents/projects/weather-data/.venv/lib/python3.9/site-packages/airflow/example_dags/tutorial_taskflow_api_etl.py for tasks to queue
[2023-03-23 23:06:26,707] {logging_mixin.py:115} INFO - [2023-03-23 23:06:26,707] {dagbag.py:507} INFO - Filling up the DagBag from /Users/gabrielroger/Documents/projects/weather-data/.venv/lib/python3.9/site-packages/airflow/example_dags/tutorial_taskflow_api_etl.py
[2023-03-23 23:06:26,725] {processor.py:651} INFO - DAG(s) dict_keys(['tutorial_taskflow_api_etl']) retrieved from /Users/gabrielroger/Documents/projects/weather-data/.venv/lib/python3.9/site-packages/airflow/example_dags/tutorial_taskflow_api_etl.py
[2023-03-23 23:06:27,058] {logging_mixin.py:115} INFO - [2023-03-23 23:06:27,058] {dag.py:2379} INFO - Sync 1 DAGs
[2023-03-23 23:06:27,065] {logging_mixin.py:115} INFO - [2023-03-23 23:06:27,065] {dag.py:2927} INFO - Setting next_dagrun for tutorial_taskflow_api_etl to None, run_after=None
[2023-03-23 23:06:27,071] {processor.py:161} INFO - Processing /Users/gabrielroger/Documents/projects/weather-data/.venv/lib/python3.9/site-packages/airflow/example_dags/tutorial_taskflow_api_etl.py took 0.364 seconds
[2023-03-23 23:07:18,178] {processor.py:153} INFO - Started process (PID=2319) to work on /Users/gabrielroger/Documents/projects/weather-data/.venv/lib/python3.9/site-packages/airflow/example_dags/tutorial_taskflow_api_etl.py
[2023-03-23 23:07:18,179] {processor.py:641} INFO - Processing file /Users/gabrielroger/Documents/projects/weather-data/.venv/lib/python3.9/site-packages/airflow/example_dags/tutorial_taskflow_api_etl.py for tasks to queue
[2023-03-23 23:07:18,179] {logging_mixin.py:115} INFO - [2023-03-23 23:07:18,179] {dagbag.py:507} INFO - Filling up the DagBag from /Users/gabrielroger/Documents/projects/weather-data/.venv/lib/python3.9/site-packages/airflow/example_dags/tutorial_taskflow_api_etl.py
[2023-03-23 23:07:18,196] {processor.py:651} INFO - DAG(s) dict_keys(['tutorial_taskflow_api_etl']) retrieved from /Users/gabrielroger/Documents/projects/weather-data/.venv/lib/python3.9/site-packages/airflow/example_dags/tutorial_taskflow_api_etl.py
[2023-03-23 23:07:18,504] {logging_mixin.py:115} INFO - [2023-03-23 23:07:18,504] {dag.py:2379} INFO - Sync 1 DAGs
[2023-03-23 23:07:18,510] {logging_mixin.py:115} INFO - [2023-03-23 23:07:18,510] {dag.py:2927} INFO - Setting next_dagrun for tutorial_taskflow_api_etl to None, run_after=None
[2023-03-23 23:07:18,516] {processor.py:161} INFO - Processing /Users/gabrielroger/Documents/projects/weather-data/.venv/lib/python3.9/site-packages/airflow/example_dags/tutorial_taskflow_api_etl.py took 0.339 seconds
[2023-03-23 23:07:48,425] {processor.py:153} INFO - Started process (PID=2349) to work on /Users/gabrielroger/Documents/projects/weather-data/.venv/lib/python3.9/site-packages/airflow/example_dags/tutorial_taskflow_api_etl.py
[2023-03-23 23:07:48,426] {processor.py:641} INFO - Processing file /Users/gabrielroger/Documents/projects/weather-data/.venv/lib/python3.9/site-packages/airflow/example_dags/tutorial_taskflow_api_etl.py for tasks to queue
[2023-03-23 23:07:48,426] {logging_mixin.py:115} INFO - [2023-03-23 23:07:48,426] {dagbag.py:507} INFO - Filling up the DagBag from /Users/gabrielroger/Documents/projects/weather-data/.venv/lib/python3.9/site-packages/airflow/example_dags/tutorial_taskflow_api_etl.py
[2023-03-23 23:07:48,443] {processor.py:651} INFO - DAG(s) dict_keys(['tutorial_taskflow_api_etl']) retrieved from /Users/gabrielroger/Documents/projects/weather-data/.venv/lib/python3.9/site-packages/airflow/example_dags/tutorial_taskflow_api_etl.py
[2023-03-23 23:07:48,772] {logging_mixin.py:115} INFO - [2023-03-23 23:07:48,772] {dag.py:2379} INFO - Sync 1 DAGs
[2023-03-23 23:07:48,779] {logging_mixin.py:115} INFO - [2023-03-23 23:07:48,779] {dag.py:2927} INFO - Setting next_dagrun for tutorial_taskflow_api_etl to None, run_after=None
[2023-03-23 23:07:48,785] {processor.py:161} INFO - Processing /Users/gabrielroger/Documents/projects/weather-data/.venv/lib/python3.9/site-packages/airflow/example_dags/tutorial_taskflow_api_etl.py took 0.360 seconds
[2023-03-23 23:08:38,294] {processor.py:153} INFO - Started process (PID=2391) to work on /Users/gabrielroger/Documents/projects/weather-data/.venv/lib/python3.9/site-packages/airflow/example_dags/tutorial_taskflow_api_etl.py
[2023-03-23 23:08:38,295] {processor.py:641} INFO - Processing file /Users/gabrielroger/Documents/projects/weather-data/.venv/lib/python3.9/site-packages/airflow/example_dags/tutorial_taskflow_api_etl.py for tasks to queue
[2023-03-23 23:08:38,295] {logging_mixin.py:115} INFO - [2023-03-23 23:08:38,295] {dagbag.py:507} INFO - Filling up the DagBag from /Users/gabrielroger/Documents/projects/weather-data/.venv/lib/python3.9/site-packages/airflow/example_dags/tutorial_taskflow_api_etl.py
[2023-03-23 23:08:38,314] {processor.py:651} INFO - DAG(s) dict_keys(['tutorial_taskflow_api_etl']) retrieved from /Users/gabrielroger/Documents/projects/weather-data/.venv/lib/python3.9/site-packages/airflow/example_dags/tutorial_taskflow_api_etl.py
[2023-03-23 23:08:38,702] {logging_mixin.py:115} INFO - [2023-03-23 23:08:38,702] {dag.py:2379} INFO - Sync 1 DAGs
[2023-03-23 23:08:38,709] {logging_mixin.py:115} INFO - [2023-03-23 23:08:38,709] {dag.py:2927} INFO - Setting next_dagrun for tutorial_taskflow_api_etl to None, run_after=None
[2023-03-23 23:08:38,715] {processor.py:161} INFO - Processing /Users/gabrielroger/Documents/projects/weather-data/.venv/lib/python3.9/site-packages/airflow/example_dags/tutorial_taskflow_api_etl.py took 0.421 seconds
[2023-03-23 23:09:22,796] {processor.py:153} INFO - Started process (PID=2422) to work on /Users/gabrielroger/Documents/projects/weather-data/.venv/lib/python3.9/site-packages/airflow/example_dags/tutorial_taskflow_api_etl.py
[2023-03-23 23:09:22,796] {processor.py:641} INFO - Processing file /Users/gabrielroger/Documents/projects/weather-data/.venv/lib/python3.9/site-packages/airflow/example_dags/tutorial_taskflow_api_etl.py for tasks to queue
[2023-03-23 23:09:22,796] {logging_mixin.py:115} INFO - [2023-03-23 23:09:22,796] {dagbag.py:507} INFO - Filling up the DagBag from /Users/gabrielroger/Documents/projects/weather-data/.venv/lib/python3.9/site-packages/airflow/example_dags/tutorial_taskflow_api_etl.py
[2023-03-23 23:09:22,813] {processor.py:651} INFO - DAG(s) dict_keys(['tutorial_taskflow_api_etl']) retrieved from /Users/gabrielroger/Documents/projects/weather-data/.venv/lib/python3.9/site-packages/airflow/example_dags/tutorial_taskflow_api_etl.py
[2023-03-23 23:09:23,118] {logging_mixin.py:115} INFO - [2023-03-23 23:09:23,118] {dag.py:2379} INFO - Sync 1 DAGs
[2023-03-23 23:09:23,125] {logging_mixin.py:115} INFO - [2023-03-23 23:09:23,125] {dag.py:2927} INFO - Setting next_dagrun for tutorial_taskflow_api_etl to None, run_after=None
[2023-03-23 23:09:23,131] {processor.py:161} INFO - Processing /Users/gabrielroger/Documents/projects/weather-data/.venv/lib/python3.9/site-packages/airflow/example_dags/tutorial_taskflow_api_etl.py took 0.335 seconds
[2023-03-23 23:10:05,164] {processor.py:153} INFO - Started process (PID=2457) to work on /Users/gabrielroger/Documents/projects/weather-data/.venv/lib/python3.9/site-packages/airflow/example_dags/tutorial_taskflow_api_etl.py
[2023-03-23 23:10:05,165] {processor.py:641} INFO - Processing file /Users/gabrielroger/Documents/projects/weather-data/.venv/lib/python3.9/site-packages/airflow/example_dags/tutorial_taskflow_api_etl.py for tasks to queue
[2023-03-23 23:10:05,165] {logging_mixin.py:115} INFO - [2023-03-23 23:10:05,165] {dagbag.py:507} INFO - Filling up the DagBag from /Users/gabrielroger/Documents/projects/weather-data/.venv/lib/python3.9/site-packages/airflow/example_dags/tutorial_taskflow_api_etl.py
[2023-03-23 23:10:05,181] {processor.py:651} INFO - DAG(s) dict_keys(['tutorial_taskflow_api_etl']) retrieved from /Users/gabrielroger/Documents/projects/weather-data/.venv/lib/python3.9/site-packages/airflow/example_dags/tutorial_taskflow_api_etl.py
[2023-03-23 23:10:05,487] {logging_mixin.py:115} INFO - [2023-03-23 23:10:05,487] {dag.py:2379} INFO - Sync 1 DAGs
[2023-03-23 23:10:05,493] {logging_mixin.py:115} INFO - [2023-03-23 23:10:05,493] {dag.py:2927} INFO - Setting next_dagrun for tutorial_taskflow_api_etl to None, run_after=None
[2023-03-23 23:10:05,500] {processor.py:161} INFO - Processing /Users/gabrielroger/Documents/projects/weather-data/.venv/lib/python3.9/site-packages/airflow/example_dags/tutorial_taskflow_api_etl.py took 0.336 seconds
[2023-03-23 23:10:46,635] {processor.py:153} INFO - Started process (PID=2487) to work on /Users/gabrielroger/Documents/projects/weather-data/.venv/lib/python3.9/site-packages/airflow/example_dags/tutorial_taskflow_api_etl.py
[2023-03-23 23:10:46,636] {processor.py:641} INFO - Processing file /Users/gabrielroger/Documents/projects/weather-data/.venv/lib/python3.9/site-packages/airflow/example_dags/tutorial_taskflow_api_etl.py for tasks to queue
[2023-03-23 23:10:46,636] {logging_mixin.py:115} INFO - [2023-03-23 23:10:46,636] {dagbag.py:507} INFO - Filling up the DagBag from /Users/gabrielroger/Documents/projects/weather-data/.venv/lib/python3.9/site-packages/airflow/example_dags/tutorial_taskflow_api_etl.py
[2023-03-23 23:10:46,653] {processor.py:651} INFO - DAG(s) dict_keys(['tutorial_taskflow_api_etl']) retrieved from /Users/gabrielroger/Documents/projects/weather-data/.venv/lib/python3.9/site-packages/airflow/example_dags/tutorial_taskflow_api_etl.py
[2023-03-23 23:10:46,963] {logging_mixin.py:115} INFO - [2023-03-23 23:10:46,963] {dag.py:2379} INFO - Sync 1 DAGs
[2023-03-23 23:10:46,969] {logging_mixin.py:115} INFO - [2023-03-23 23:10:46,969] {dag.py:2927} INFO - Setting next_dagrun for tutorial_taskflow_api_etl to None, run_after=None
[2023-03-23 23:10:46,975] {processor.py:161} INFO - Processing /Users/gabrielroger/Documents/projects/weather-data/.venv/lib/python3.9/site-packages/airflow/example_dags/tutorial_taskflow_api_etl.py took 0.340 seconds
