[2023-03-23 22:57:20,263] {processor.py:153} INFO - Started process (PID=1814) to work on /Users/gabrielroger/Documents/projects/weather-data/.venv/lib/python3.9/site-packages/airflow/example_dags/tutorial.py
[2023-03-23 22:57:20,263] {processor.py:641} INFO - Processing file /Users/gabrielroger/Documents/projects/weather-data/.venv/lib/python3.9/site-packages/airflow/example_dags/tutorial.py for tasks to queue
[2023-03-23 22:57:20,264] {logging_mixin.py:115} INFO - [2023-03-23 22:57:20,264] {dagbag.py:507} INFO - Filling up the DagBag from /Users/gabrielroger/Documents/projects/weather-data/.venv/lib/python3.9/site-packages/airflow/example_dags/tutorial.py
[2023-03-23 22:57:20,270] {processor.py:651} INFO - DAG(s) dict_keys(['tutorial']) retrieved from /Users/gabrielroger/Documents/projects/weather-data/.venv/lib/python3.9/site-packages/airflow/example_dags/tutorial.py
[2023-03-23 22:57:20,299] {logging_mixin.py:115} INFO - [2023-03-23 22:57:20,299] {dag.py:2379} INFO - Sync 1 DAGs
[2023-03-23 22:57:20,306] {logging_mixin.py:115} INFO - [2023-03-23 22:57:20,306] {dag.py:2927} INFO - Setting next_dagrun for tutorial to 2023-03-23T01:57:20.306051+00:00, run_after=2023-03-24T01:57:20.306051+00:00
[2023-03-23 22:57:20,311] {processor.py:161} INFO - Processing /Users/gabrielroger/Documents/projects/weather-data/.venv/lib/python3.9/site-packages/airflow/example_dags/tutorial.py took 0.048 seconds
[2023-03-23 22:58:10,933] {processor.py:153} INFO - Started process (PID=1854) to work on /Users/gabrielroger/Documents/projects/weather-data/.venv/lib/python3.9/site-packages/airflow/example_dags/tutorial.py
[2023-03-23 22:58:10,933] {processor.py:641} INFO - Processing file /Users/gabrielroger/Documents/projects/weather-data/.venv/lib/python3.9/site-packages/airflow/example_dags/tutorial.py for tasks to queue
[2023-03-23 22:58:10,934] {logging_mixin.py:115} INFO - [2023-03-23 22:58:10,934] {dagbag.py:507} INFO - Filling up the DagBag from /Users/gabrielroger/Documents/projects/weather-data/.venv/lib/python3.9/site-packages/airflow/example_dags/tutorial.py
[2023-03-23 22:58:10,940] {processor.py:651} INFO - DAG(s) dict_keys(['tutorial']) retrieved from /Users/gabrielroger/Documents/projects/weather-data/.venv/lib/python3.9/site-packages/airflow/example_dags/tutorial.py
[2023-03-23 22:58:10,970] {logging_mixin.py:115} INFO - [2023-03-23 22:58:10,970] {dag.py:2379} INFO - Sync 1 DAGs
[2023-03-23 22:58:10,977] {logging_mixin.py:115} INFO - [2023-03-23 22:58:10,977] {dag.py:2927} INFO - Setting next_dagrun for tutorial to 2023-03-23T01:58:10.976898+00:00, run_after=2023-03-24T01:58:10.976898+00:00
[2023-03-23 22:58:10,982] {processor.py:161} INFO - Processing /Users/gabrielroger/Documents/projects/weather-data/.venv/lib/python3.9/site-packages/airflow/example_dags/tutorial.py took 0.050 seconds
[2023-03-23 22:58:51,403] {processor.py:153} INFO - Started process (PID=1883) to work on /Users/gabrielroger/Documents/projects/weather-data/.venv/lib/python3.9/site-packages/airflow/example_dags/tutorial.py
[2023-03-23 22:58:51,404] {processor.py:641} INFO - Processing file /Users/gabrielroger/Documents/projects/weather-data/.venv/lib/python3.9/site-packages/airflow/example_dags/tutorial.py for tasks to queue
[2023-03-23 22:58:51,404] {logging_mixin.py:115} INFO - [2023-03-23 22:58:51,404] {dagbag.py:507} INFO - Filling up the DagBag from /Users/gabrielroger/Documents/projects/weather-data/.venv/lib/python3.9/site-packages/airflow/example_dags/tutorial.py
[2023-03-23 22:58:51,411] {processor.py:651} INFO - DAG(s) dict_keys(['tutorial']) retrieved from /Users/gabrielroger/Documents/projects/weather-data/.venv/lib/python3.9/site-packages/airflow/example_dags/tutorial.py
[2023-03-23 22:58:51,440] {logging_mixin.py:115} INFO - [2023-03-23 22:58:51,440] {dag.py:2379} INFO - Sync 1 DAGs
[2023-03-23 22:58:51,447] {logging_mixin.py:115} INFO - [2023-03-23 22:58:51,447] {dag.py:2927} INFO - Setting next_dagrun for tutorial to 2023-03-23T01:58:51.447000+00:00, run_after=2023-03-24T01:58:51.447000+00:00
[2023-03-23 22:58:51,452] {processor.py:161} INFO - Processing /Users/gabrielroger/Documents/projects/weather-data/.venv/lib/python3.9/site-packages/airflow/example_dags/tutorial.py took 0.049 seconds
[2023-03-23 22:59:31,617] {processor.py:153} INFO - Started process (PID=1919) to work on /Users/gabrielroger/Documents/projects/weather-data/.venv/lib/python3.9/site-packages/airflow/example_dags/tutorial.py
[2023-03-23 22:59:31,618] {processor.py:641} INFO - Processing file /Users/gabrielroger/Documents/projects/weather-data/.venv/lib/python3.9/site-packages/airflow/example_dags/tutorial.py for tasks to queue
[2023-03-23 22:59:31,618] {logging_mixin.py:115} INFO - [2023-03-23 22:59:31,618] {dagbag.py:507} INFO - Filling up the DagBag from /Users/gabrielroger/Documents/projects/weather-data/.venv/lib/python3.9/site-packages/airflow/example_dags/tutorial.py
[2023-03-23 22:59:31,626] {processor.py:651} INFO - DAG(s) dict_keys(['tutorial']) retrieved from /Users/gabrielroger/Documents/projects/weather-data/.venv/lib/python3.9/site-packages/airflow/example_dags/tutorial.py
[2023-03-23 22:59:31,668] {logging_mixin.py:115} INFO - [2023-03-23 22:59:31,667] {dag.py:2379} INFO - Sync 1 DAGs
[2023-03-23 22:59:31,678] {logging_mixin.py:115} INFO - [2023-03-23 22:59:31,678] {dag.py:2927} INFO - Setting next_dagrun for tutorial to 2023-03-23T01:59:31.678191+00:00, run_after=2023-03-24T01:59:31.678191+00:00
[2023-03-23 22:59:31,688] {processor.py:161} INFO - Processing /Users/gabrielroger/Documents/projects/weather-data/.venv/lib/python3.9/site-packages/airflow/example_dags/tutorial.py took 0.071 seconds
[2023-03-23 23:00:15,343] {processor.py:153} INFO - Started process (PID=1960) to work on /Users/gabrielroger/Documents/projects/weather-data/.venv/lib/python3.9/site-packages/airflow/example_dags/tutorial.py
[2023-03-23 23:00:15,344] {processor.py:641} INFO - Processing file /Users/gabrielroger/Documents/projects/weather-data/.venv/lib/python3.9/site-packages/airflow/example_dags/tutorial.py for tasks to queue
[2023-03-23 23:00:15,344] {logging_mixin.py:115} INFO - [2023-03-23 23:00:15,344] {dagbag.py:507} INFO - Filling up the DagBag from /Users/gabrielroger/Documents/projects/weather-data/.venv/lib/python3.9/site-packages/airflow/example_dags/tutorial.py
[2023-03-23 23:00:15,350] {processor.py:651} INFO - DAG(s) dict_keys(['tutorial']) retrieved from /Users/gabrielroger/Documents/projects/weather-data/.venv/lib/python3.9/site-packages/airflow/example_dags/tutorial.py
[2023-03-23 23:00:15,381] {logging_mixin.py:115} INFO - [2023-03-23 23:00:15,381] {dag.py:2379} INFO - Sync 1 DAGs
[2023-03-23 23:00:15,388] {logging_mixin.py:115} INFO - [2023-03-23 23:00:15,388] {dag.py:2927} INFO - Setting next_dagrun for tutorial to 2023-03-23T02:00:15.387961+00:00, run_after=2023-03-24T02:00:15.387961+00:00
[2023-03-23 23:00:15,393] {processor.py:161} INFO - Processing /Users/gabrielroger/Documents/projects/weather-data/.venv/lib/python3.9/site-packages/airflow/example_dags/tutorial.py took 0.051 seconds
[2023-03-23 23:01:06,816] {processor.py:153} INFO - Started process (PID=1999) to work on /Users/gabrielroger/Documents/projects/weather-data/.venv/lib/python3.9/site-packages/airflow/example_dags/tutorial.py
[2023-03-23 23:01:06,817] {processor.py:641} INFO - Processing file /Users/gabrielroger/Documents/projects/weather-data/.venv/lib/python3.9/site-packages/airflow/example_dags/tutorial.py for tasks to queue
[2023-03-23 23:01:06,817] {logging_mixin.py:115} INFO - [2023-03-23 23:01:06,817] {dagbag.py:507} INFO - Filling up the DagBag from /Users/gabrielroger/Documents/projects/weather-data/.venv/lib/python3.9/site-packages/airflow/example_dags/tutorial.py
[2023-03-23 23:01:06,824] {processor.py:651} INFO - DAG(s) dict_keys(['tutorial']) retrieved from /Users/gabrielroger/Documents/projects/weather-data/.venv/lib/python3.9/site-packages/airflow/example_dags/tutorial.py
[2023-03-23 23:01:06,854] {logging_mixin.py:115} INFO - [2023-03-23 23:01:06,854] {dag.py:2379} INFO - Sync 1 DAGs
[2023-03-23 23:01:06,861] {logging_mixin.py:115} INFO - [2023-03-23 23:01:06,861] {dag.py:2927} INFO - Setting next_dagrun for tutorial to 2023-03-23T02:01:06.861513+00:00, run_after=2023-03-24T02:01:06.861513+00:00
[2023-03-23 23:01:06,867] {processor.py:161} INFO - Processing /Users/gabrielroger/Documents/projects/weather-data/.venv/lib/python3.9/site-packages/airflow/example_dags/tutorial.py took 0.051 seconds
[2023-03-23 23:01:51,861] {processor.py:153} INFO - Started process (PID=2040) to work on /Users/gabrielroger/Documents/projects/weather-data/.venv/lib/python3.9/site-packages/airflow/example_dags/tutorial.py
[2023-03-23 23:01:51,862] {processor.py:641} INFO - Processing file /Users/gabrielroger/Documents/projects/weather-data/.venv/lib/python3.9/site-packages/airflow/example_dags/tutorial.py for tasks to queue
[2023-03-23 23:01:51,862] {logging_mixin.py:115} INFO - [2023-03-23 23:01:51,862] {dagbag.py:507} INFO - Filling up the DagBag from /Users/gabrielroger/Documents/projects/weather-data/.venv/lib/python3.9/site-packages/airflow/example_dags/tutorial.py
[2023-03-23 23:01:51,869] {processor.py:651} INFO - DAG(s) dict_keys(['tutorial']) retrieved from /Users/gabrielroger/Documents/projects/weather-data/.venv/lib/python3.9/site-packages/airflow/example_dags/tutorial.py
[2023-03-23 23:01:51,899] {logging_mixin.py:115} INFO - [2023-03-23 23:01:51,899] {dag.py:2379} INFO - Sync 1 DAGs
[2023-03-23 23:01:51,905] {logging_mixin.py:115} INFO - [2023-03-23 23:01:51,905] {dag.py:2927} INFO - Setting next_dagrun for tutorial to 2023-03-23T02:01:51.905613+00:00, run_after=2023-03-24T02:01:51.905613+00:00
[2023-03-23 23:01:51,911] {processor.py:161} INFO - Processing /Users/gabrielroger/Documents/projects/weather-data/.venv/lib/python3.9/site-packages/airflow/example_dags/tutorial.py took 0.050 seconds
[2023-03-23 23:02:28,774] {processor.py:153} INFO - Started process (PID=2076) to work on /Users/gabrielroger/Documents/projects/weather-data/.venv/lib/python3.9/site-packages/airflow/example_dags/tutorial.py
[2023-03-23 23:02:28,775] {processor.py:641} INFO - Processing file /Users/gabrielroger/Documents/projects/weather-data/.venv/lib/python3.9/site-packages/airflow/example_dags/tutorial.py for tasks to queue
[2023-03-23 23:02:28,775] {logging_mixin.py:115} INFO - [2023-03-23 23:02:28,775] {dagbag.py:507} INFO - Filling up the DagBag from /Users/gabrielroger/Documents/projects/weather-data/.venv/lib/python3.9/site-packages/airflow/example_dags/tutorial.py
[2023-03-23 23:02:28,781] {processor.py:651} INFO - DAG(s) dict_keys(['tutorial']) retrieved from /Users/gabrielroger/Documents/projects/weather-data/.venv/lib/python3.9/site-packages/airflow/example_dags/tutorial.py
[2023-03-23 23:02:28,811] {logging_mixin.py:115} INFO - [2023-03-23 23:02:28,811] {dag.py:2379} INFO - Sync 1 DAGs
[2023-03-23 23:02:28,818] {logging_mixin.py:115} INFO - [2023-03-23 23:02:28,818] {dag.py:2927} INFO - Setting next_dagrun for tutorial to 2023-03-23T02:02:28.818090+00:00, run_after=2023-03-24T02:02:28.818090+00:00
[2023-03-23 23:02:28,825] {processor.py:161} INFO - Processing /Users/gabrielroger/Documents/projects/weather-data/.venv/lib/python3.9/site-packages/airflow/example_dags/tutorial.py took 0.051 seconds
[2023-03-23 23:03:17,884] {processor.py:153} INFO - Started process (PID=2126) to work on /Users/gabrielroger/Documents/projects/weather-data/.venv/lib/python3.9/site-packages/airflow/example_dags/tutorial.py
[2023-03-23 23:03:17,885] {processor.py:641} INFO - Processing file /Users/gabrielroger/Documents/projects/weather-data/.venv/lib/python3.9/site-packages/airflow/example_dags/tutorial.py for tasks to queue
[2023-03-23 23:03:17,885] {logging_mixin.py:115} INFO - [2023-03-23 23:03:17,885] {dagbag.py:507} INFO - Filling up the DagBag from /Users/gabrielroger/Documents/projects/weather-data/.venv/lib/python3.9/site-packages/airflow/example_dags/tutorial.py
[2023-03-23 23:03:17,891] {processor.py:651} INFO - DAG(s) dict_keys(['tutorial']) retrieved from /Users/gabrielroger/Documents/projects/weather-data/.venv/lib/python3.9/site-packages/airflow/example_dags/tutorial.py
[2023-03-23 23:03:17,921] {logging_mixin.py:115} INFO - [2023-03-23 23:03:17,921] {dag.py:2379} INFO - Sync 1 DAGs
[2023-03-23 23:03:17,928] {logging_mixin.py:115} INFO - [2023-03-23 23:03:17,928] {dag.py:2927} INFO - Setting next_dagrun for tutorial to 2023-03-23T02:03:17.928083+00:00, run_after=2023-03-24T02:03:17.928083+00:00
[2023-03-23 23:03:17,933] {processor.py:161} INFO - Processing /Users/gabrielroger/Documents/projects/weather-data/.venv/lib/python3.9/site-packages/airflow/example_dags/tutorial.py took 0.050 seconds
[2023-03-23 23:03:56,461] {processor.py:153} INFO - Started process (PID=2154) to work on /Users/gabrielroger/Documents/projects/weather-data/.venv/lib/python3.9/site-packages/airflow/example_dags/tutorial.py
[2023-03-23 23:03:56,461] {processor.py:641} INFO - Processing file /Users/gabrielroger/Documents/projects/weather-data/.venv/lib/python3.9/site-packages/airflow/example_dags/tutorial.py for tasks to queue
[2023-03-23 23:03:56,461] {logging_mixin.py:115} INFO - [2023-03-23 23:03:56,461] {dagbag.py:507} INFO - Filling up the DagBag from /Users/gabrielroger/Documents/projects/weather-data/.venv/lib/python3.9/site-packages/airflow/example_dags/tutorial.py
[2023-03-23 23:03:56,467] {processor.py:651} INFO - DAG(s) dict_keys(['tutorial']) retrieved from /Users/gabrielroger/Documents/projects/weather-data/.venv/lib/python3.9/site-packages/airflow/example_dags/tutorial.py
[2023-03-23 23:03:56,497] {logging_mixin.py:115} INFO - [2023-03-23 23:03:56,497] {dag.py:2379} INFO - Sync 1 DAGs
[2023-03-23 23:03:56,504] {logging_mixin.py:115} INFO - [2023-03-23 23:03:56,503] {dag.py:2927} INFO - Setting next_dagrun for tutorial to 2023-03-23T02:03:56.503890+00:00, run_after=2023-03-24T02:03:56.503890+00:00
[2023-03-23 23:03:56,509] {processor.py:161} INFO - Processing /Users/gabrielroger/Documents/projects/weather-data/.venv/lib/python3.9/site-packages/airflow/example_dags/tutorial.py took 0.049 seconds
[2023-03-23 23:04:44,857] {processor.py:153} INFO - Started process (PID=2191) to work on /Users/gabrielroger/Documents/projects/weather-data/.venv/lib/python3.9/site-packages/airflow/example_dags/tutorial.py
[2023-03-23 23:04:44,857] {processor.py:641} INFO - Processing file /Users/gabrielroger/Documents/projects/weather-data/.venv/lib/python3.9/site-packages/airflow/example_dags/tutorial.py for tasks to queue
[2023-03-23 23:04:44,857] {logging_mixin.py:115} INFO - [2023-03-23 23:04:44,857] {dagbag.py:507} INFO - Filling up the DagBag from /Users/gabrielroger/Documents/projects/weather-data/.venv/lib/python3.9/site-packages/airflow/example_dags/tutorial.py
[2023-03-23 23:04:44,864] {processor.py:651} INFO - DAG(s) dict_keys(['tutorial']) retrieved from /Users/gabrielroger/Documents/projects/weather-data/.venv/lib/python3.9/site-packages/airflow/example_dags/tutorial.py
[2023-03-23 23:04:44,895] {logging_mixin.py:115} INFO - [2023-03-23 23:04:44,895] {dag.py:2379} INFO - Sync 1 DAGs
[2023-03-23 23:04:44,902] {logging_mixin.py:115} INFO - [2023-03-23 23:04:44,901] {dag.py:2927} INFO - Setting next_dagrun for tutorial to 2023-03-23T02:04:44.901860+00:00, run_after=2023-03-24T02:04:44.901860+00:00
[2023-03-23 23:04:44,909] {processor.py:161} INFO - Processing /Users/gabrielroger/Documents/projects/weather-data/.venv/lib/python3.9/site-packages/airflow/example_dags/tutorial.py took 0.052 seconds
[2023-03-23 23:05:24,866] {processor.py:153} INFO - Started process (PID=2223) to work on /Users/gabrielroger/Documents/projects/weather-data/.venv/lib/python3.9/site-packages/airflow/example_dags/tutorial.py
[2023-03-23 23:05:24,866] {processor.py:641} INFO - Processing file /Users/gabrielroger/Documents/projects/weather-data/.venv/lib/python3.9/site-packages/airflow/example_dags/tutorial.py for tasks to queue
[2023-03-23 23:05:24,866] {logging_mixin.py:115} INFO - [2023-03-23 23:05:24,866] {dagbag.py:507} INFO - Filling up the DagBag from /Users/gabrielroger/Documents/projects/weather-data/.venv/lib/python3.9/site-packages/airflow/example_dags/tutorial.py
[2023-03-23 23:05:24,872] {processor.py:651} INFO - DAG(s) dict_keys(['tutorial']) retrieved from /Users/gabrielroger/Documents/projects/weather-data/.venv/lib/python3.9/site-packages/airflow/example_dags/tutorial.py
[2023-03-23 23:05:24,902] {logging_mixin.py:115} INFO - [2023-03-23 23:05:24,902] {dag.py:2379} INFO - Sync 1 DAGs
[2023-03-23 23:05:24,909] {logging_mixin.py:115} INFO - [2023-03-23 23:05:24,909] {dag.py:2927} INFO - Setting next_dagrun for tutorial to 2023-03-23T02:05:24.908977+00:00, run_after=2023-03-24T02:05:24.908977+00:00
[2023-03-23 23:05:24,914] {processor.py:161} INFO - Processing /Users/gabrielroger/Documents/projects/weather-data/.venv/lib/python3.9/site-packages/airflow/example_dags/tutorial.py took 0.049 seconds
[2023-03-23 23:06:03,545] {processor.py:153} INFO - Started process (PID=2255) to work on /Users/gabrielroger/Documents/projects/weather-data/.venv/lib/python3.9/site-packages/airflow/example_dags/tutorial.py
[2023-03-23 23:06:03,545] {processor.py:641} INFO - Processing file /Users/gabrielroger/Documents/projects/weather-data/.venv/lib/python3.9/site-packages/airflow/example_dags/tutorial.py for tasks to queue
[2023-03-23 23:06:03,545] {logging_mixin.py:115} INFO - [2023-03-23 23:06:03,545] {dagbag.py:507} INFO - Filling up the DagBag from /Users/gabrielroger/Documents/projects/weather-data/.venv/lib/python3.9/site-packages/airflow/example_dags/tutorial.py
[2023-03-23 23:06:03,553] {processor.py:651} INFO - DAG(s) dict_keys(['tutorial']) retrieved from /Users/gabrielroger/Documents/projects/weather-data/.venv/lib/python3.9/site-packages/airflow/example_dags/tutorial.py
[2023-03-23 23:06:03,587] {logging_mixin.py:115} INFO - [2023-03-23 23:06:03,587] {dag.py:2379} INFO - Sync 1 DAGs
[2023-03-23 23:06:03,595] {logging_mixin.py:115} INFO - [2023-03-23 23:06:03,595] {dag.py:2927} INFO - Setting next_dagrun for tutorial to 2023-03-23T02:06:03.595674+00:00, run_after=2023-03-24T02:06:03.595674+00:00
[2023-03-23 23:06:03,602] {processor.py:161} INFO - Processing /Users/gabrielroger/Documents/projects/weather-data/.venv/lib/python3.9/site-packages/airflow/example_dags/tutorial.py took 0.057 seconds
[2023-03-23 23:06:30,131] {processor.py:153} INFO - Started process (PID=2283) to work on /Users/gabrielroger/Documents/projects/weather-data/.venv/lib/python3.9/site-packages/airflow/example_dags/tutorial.py
[2023-03-23 23:06:30,132] {processor.py:641} INFO - Processing file /Users/gabrielroger/Documents/projects/weather-data/.venv/lib/python3.9/site-packages/airflow/example_dags/tutorial.py for tasks to queue
[2023-03-23 23:06:30,132] {logging_mixin.py:115} INFO - [2023-03-23 23:06:30,132] {dagbag.py:507} INFO - Filling up the DagBag from /Users/gabrielroger/Documents/projects/weather-data/.venv/lib/python3.9/site-packages/airflow/example_dags/tutorial.py
[2023-03-23 23:06:30,139] {processor.py:651} INFO - DAG(s) dict_keys(['tutorial']) retrieved from /Users/gabrielroger/Documents/projects/weather-data/.venv/lib/python3.9/site-packages/airflow/example_dags/tutorial.py
[2023-03-23 23:06:30,169] {logging_mixin.py:115} INFO - [2023-03-23 23:06:30,169] {dag.py:2379} INFO - Sync 1 DAGs
[2023-03-23 23:06:30,176] {logging_mixin.py:115} INFO - [2023-03-23 23:06:30,176] {dag.py:2927} INFO - Setting next_dagrun for tutorial to 2023-03-23T02:06:30.175992+00:00, run_after=2023-03-24T02:06:30.175992+00:00
[2023-03-23 23:06:30,181] {processor.py:161} INFO - Processing /Users/gabrielroger/Documents/projects/weather-data/.venv/lib/python3.9/site-packages/airflow/example_dags/tutorial.py took 0.051 seconds
[2023-03-23 23:07:21,604] {processor.py:153} INFO - Started process (PID=2321) to work on /Users/gabrielroger/Documents/projects/weather-data/.venv/lib/python3.9/site-packages/airflow/example_dags/tutorial.py
[2023-03-23 23:07:21,605] {processor.py:641} INFO - Processing file /Users/gabrielroger/Documents/projects/weather-data/.venv/lib/python3.9/site-packages/airflow/example_dags/tutorial.py for tasks to queue
[2023-03-23 23:07:21,605] {logging_mixin.py:115} INFO - [2023-03-23 23:07:21,605] {dagbag.py:507} INFO - Filling up the DagBag from /Users/gabrielroger/Documents/projects/weather-data/.venv/lib/python3.9/site-packages/airflow/example_dags/tutorial.py
[2023-03-23 23:07:21,611] {processor.py:651} INFO - DAG(s) dict_keys(['tutorial']) retrieved from /Users/gabrielroger/Documents/projects/weather-data/.venv/lib/python3.9/site-packages/airflow/example_dags/tutorial.py
[2023-03-23 23:07:21,643] {logging_mixin.py:115} INFO - [2023-03-23 23:07:21,643] {dag.py:2379} INFO - Sync 1 DAGs
[2023-03-23 23:07:21,650] {logging_mixin.py:115} INFO - [2023-03-23 23:07:21,650] {dag.py:2927} INFO - Setting next_dagrun for tutorial to 2023-03-23T02:07:21.650396+00:00, run_after=2023-03-24T02:07:21.650396+00:00
[2023-03-23 23:07:21,656] {processor.py:161} INFO - Processing /Users/gabrielroger/Documents/projects/weather-data/.venv/lib/python3.9/site-packages/airflow/example_dags/tutorial.py took 0.052 seconds
[2023-03-23 23:07:51,857] {processor.py:153} INFO - Started process (PID=2352) to work on /Users/gabrielroger/Documents/projects/weather-data/.venv/lib/python3.9/site-packages/airflow/example_dags/tutorial.py
[2023-03-23 23:07:51,857] {processor.py:641} INFO - Processing file /Users/gabrielroger/Documents/projects/weather-data/.venv/lib/python3.9/site-packages/airflow/example_dags/tutorial.py for tasks to queue
[2023-03-23 23:07:51,857] {logging_mixin.py:115} INFO - [2023-03-23 23:07:51,857] {dagbag.py:507} INFO - Filling up the DagBag from /Users/gabrielroger/Documents/projects/weather-data/.venv/lib/python3.9/site-packages/airflow/example_dags/tutorial.py
[2023-03-23 23:07:51,864] {processor.py:651} INFO - DAG(s) dict_keys(['tutorial']) retrieved from /Users/gabrielroger/Documents/projects/weather-data/.venv/lib/python3.9/site-packages/airflow/example_dags/tutorial.py
[2023-03-23 23:07:51,895] {logging_mixin.py:115} INFO - [2023-03-23 23:07:51,895] {dag.py:2379} INFO - Sync 1 DAGs
[2023-03-23 23:07:51,902] {logging_mixin.py:115} INFO - [2023-03-23 23:07:51,902] {dag.py:2927} INFO - Setting next_dagrun for tutorial to 2023-03-23T02:07:51.902091+00:00, run_after=2023-03-24T02:07:51.902091+00:00
[2023-03-23 23:07:51,908] {processor.py:161} INFO - Processing /Users/gabrielroger/Documents/projects/weather-data/.venv/lib/python3.9/site-packages/airflow/example_dags/tutorial.py took 0.052 seconds
[2023-03-23 23:08:41,875] {processor.py:153} INFO - Started process (PID=2393) to work on /Users/gabrielroger/Documents/projects/weather-data/.venv/lib/python3.9/site-packages/airflow/example_dags/tutorial.py
[2023-03-23 23:08:41,876] {processor.py:641} INFO - Processing file /Users/gabrielroger/Documents/projects/weather-data/.venv/lib/python3.9/site-packages/airflow/example_dags/tutorial.py for tasks to queue
[2023-03-23 23:08:41,876] {logging_mixin.py:115} INFO - [2023-03-23 23:08:41,876] {dagbag.py:507} INFO - Filling up the DagBag from /Users/gabrielroger/Documents/projects/weather-data/.venv/lib/python3.9/site-packages/airflow/example_dags/tutorial.py
[2023-03-23 23:08:41,883] {processor.py:651} INFO - DAG(s) dict_keys(['tutorial']) retrieved from /Users/gabrielroger/Documents/projects/weather-data/.venv/lib/python3.9/site-packages/airflow/example_dags/tutorial.py
[2023-03-23 23:08:41,913] {logging_mixin.py:115} INFO - [2023-03-23 23:08:41,913] {dag.py:2379} INFO - Sync 1 DAGs
[2023-03-23 23:08:41,920] {logging_mixin.py:115} INFO - [2023-03-23 23:08:41,920] {dag.py:2927} INFO - Setting next_dagrun for tutorial to 2023-03-23T02:08:41.919948+00:00, run_after=2023-03-24T02:08:41.919948+00:00
[2023-03-23 23:08:41,925] {processor.py:161} INFO - Processing /Users/gabrielroger/Documents/projects/weather-data/.venv/lib/python3.9/site-packages/airflow/example_dags/tutorial.py took 0.050 seconds
[2023-03-23 23:09:25,530] {processor.py:153} INFO - Started process (PID=2424) to work on /Users/gabrielroger/Documents/projects/weather-data/.venv/lib/python3.9/site-packages/airflow/example_dags/tutorial.py
[2023-03-23 23:09:25,530] {processor.py:641} INFO - Processing file /Users/gabrielroger/Documents/projects/weather-data/.venv/lib/python3.9/site-packages/airflow/example_dags/tutorial.py for tasks to queue
[2023-03-23 23:09:25,531] {logging_mixin.py:115} INFO - [2023-03-23 23:09:25,530] {dagbag.py:507} INFO - Filling up the DagBag from /Users/gabrielroger/Documents/projects/weather-data/.venv/lib/python3.9/site-packages/airflow/example_dags/tutorial.py
[2023-03-23 23:09:25,537] {processor.py:651} INFO - DAG(s) dict_keys(['tutorial']) retrieved from /Users/gabrielroger/Documents/projects/weather-data/.venv/lib/python3.9/site-packages/airflow/example_dags/tutorial.py
[2023-03-23 23:09:25,567] {logging_mixin.py:115} INFO - [2023-03-23 23:09:25,566] {dag.py:2379} INFO - Sync 1 DAGs
[2023-03-23 23:09:25,573] {logging_mixin.py:115} INFO - [2023-03-23 23:09:25,573] {dag.py:2927} INFO - Setting next_dagrun for tutorial to 2023-03-23T02:09:25.573559+00:00, run_after=2023-03-24T02:09:25.573559+00:00
[2023-03-23 23:09:25,579] {processor.py:161} INFO - Processing /Users/gabrielroger/Documents/projects/weather-data/.venv/lib/python3.9/site-packages/airflow/example_dags/tutorial.py took 0.049 seconds
[2023-03-23 23:10:08,590] {processor.py:153} INFO - Started process (PID=2459) to work on /Users/gabrielroger/Documents/projects/weather-data/.venv/lib/python3.9/site-packages/airflow/example_dags/tutorial.py
[2023-03-23 23:10:08,590] {processor.py:641} INFO - Processing file /Users/gabrielroger/Documents/projects/weather-data/.venv/lib/python3.9/site-packages/airflow/example_dags/tutorial.py for tasks to queue
[2023-03-23 23:10:08,590] {logging_mixin.py:115} INFO - [2023-03-23 23:10:08,590] {dagbag.py:507} INFO - Filling up the DagBag from /Users/gabrielroger/Documents/projects/weather-data/.venv/lib/python3.9/site-packages/airflow/example_dags/tutorial.py
[2023-03-23 23:10:08,596] {processor.py:651} INFO - DAG(s) dict_keys(['tutorial']) retrieved from /Users/gabrielroger/Documents/projects/weather-data/.venv/lib/python3.9/site-packages/airflow/example_dags/tutorial.py
[2023-03-23 23:10:08,627] {logging_mixin.py:115} INFO - [2023-03-23 23:10:08,626] {dag.py:2379} INFO - Sync 1 DAGs
[2023-03-23 23:10:08,633] {logging_mixin.py:115} INFO - [2023-03-23 23:10:08,633] {dag.py:2927} INFO - Setting next_dagrun for tutorial to 2023-03-23T02:10:08.633516+00:00, run_after=2023-03-24T02:10:08.633516+00:00
[2023-03-23 23:10:08,639] {processor.py:161} INFO - Processing /Users/gabrielroger/Documents/projects/weather-data/.venv/lib/python3.9/site-packages/airflow/example_dags/tutorial.py took 0.049 seconds
[2023-03-23 23:10:49,383] {processor.py:153} INFO - Started process (PID=2489) to work on /Users/gabrielroger/Documents/projects/weather-data/.venv/lib/python3.9/site-packages/airflow/example_dags/tutorial.py
[2023-03-23 23:10:49,384] {processor.py:641} INFO - Processing file /Users/gabrielroger/Documents/projects/weather-data/.venv/lib/python3.9/site-packages/airflow/example_dags/tutorial.py for tasks to queue
[2023-03-23 23:10:49,385] {logging_mixin.py:115} INFO - [2023-03-23 23:10:49,385] {dagbag.py:507} INFO - Filling up the DagBag from /Users/gabrielroger/Documents/projects/weather-data/.venv/lib/python3.9/site-packages/airflow/example_dags/tutorial.py
[2023-03-23 23:10:49,392] {processor.py:651} INFO - DAG(s) dict_keys(['tutorial']) retrieved from /Users/gabrielroger/Documents/projects/weather-data/.venv/lib/python3.9/site-packages/airflow/example_dags/tutorial.py
[2023-03-23 23:10:49,423] {logging_mixin.py:115} INFO - [2023-03-23 23:10:49,423] {dag.py:2379} INFO - Sync 1 DAGs
[2023-03-23 23:10:49,430] {logging_mixin.py:115} INFO - [2023-03-23 23:10:49,430] {dag.py:2927} INFO - Setting next_dagrun for tutorial to 2023-03-23T02:10:49.430553+00:00, run_after=2023-03-24T02:10:49.430553+00:00
[2023-03-23 23:10:49,436] {processor.py:161} INFO - Processing /Users/gabrielroger/Documents/projects/weather-data/.venv/lib/python3.9/site-packages/airflow/example_dags/tutorial.py took 0.053 seconds
