[2023-03-23 22:57:18,690] {processor.py:153} INFO - Started process (PID=1813) to work on /Users/gabrielroger/Documents/projects/weather-data/.venv/lib/python3.9/site-packages/airflow/example_dags/tutorial_etl_dag.py
[2023-03-23 22:57:18,690] {processor.py:641} INFO - Processing file /Users/gabrielroger/Documents/projects/weather-data/.venv/lib/python3.9/site-packages/airflow/example_dags/tutorial_etl_dag.py for tasks to queue
[2023-03-23 22:57:18,690] {logging_mixin.py:115} INFO - [2023-03-23 22:57:18,690] {dagbag.py:507} INFO - Filling up the DagBag from /Users/gabrielroger/Documents/projects/weather-data/.venv/lib/python3.9/site-packages/airflow/example_dags/tutorial_etl_dag.py
[2023-03-23 22:57:18,703] {processor.py:651} INFO - DAG(s) dict_keys(['tutorial_etl_dag']) retrieved from /Users/gabrielroger/Documents/projects/weather-data/.venv/lib/python3.9/site-packages/airflow/example_dags/tutorial_etl_dag.py
[2023-03-23 22:57:18,732] {logging_mixin.py:115} INFO - [2023-03-23 22:57:18,732] {dag.py:2379} INFO - Sync 1 DAGs
[2023-03-23 22:57:18,740] {logging_mixin.py:115} INFO - [2023-03-23 22:57:18,740] {dag.py:2927} INFO - Setting next_dagrun for tutorial_etl_dag to None, run_after=None
[2023-03-23 22:57:18,746] {processor.py:161} INFO - Processing /Users/gabrielroger/Documents/projects/weather-data/.venv/lib/python3.9/site-packages/airflow/example_dags/tutorial_etl_dag.py took 0.057 seconds
[2023-03-23 22:58:10,343] {processor.py:153} INFO - Started process (PID=1853) to work on /Users/gabrielroger/Documents/projects/weather-data/.venv/lib/python3.9/site-packages/airflow/example_dags/tutorial_etl_dag.py
[2023-03-23 22:58:10,344] {processor.py:641} INFO - Processing file /Users/gabrielroger/Documents/projects/weather-data/.venv/lib/python3.9/site-packages/airflow/example_dags/tutorial_etl_dag.py for tasks to queue
[2023-03-23 22:58:10,344] {logging_mixin.py:115} INFO - [2023-03-23 22:58:10,344] {dagbag.py:507} INFO - Filling up the DagBag from /Users/gabrielroger/Documents/projects/weather-data/.venv/lib/python3.9/site-packages/airflow/example_dags/tutorial_etl_dag.py
[2023-03-23 22:58:10,357] {processor.py:651} INFO - DAG(s) dict_keys(['tutorial_etl_dag']) retrieved from /Users/gabrielroger/Documents/projects/weather-data/.venv/lib/python3.9/site-packages/airflow/example_dags/tutorial_etl_dag.py
[2023-03-23 22:58:10,387] {logging_mixin.py:115} INFO - [2023-03-23 22:58:10,387] {dag.py:2379} INFO - Sync 1 DAGs
[2023-03-23 22:58:10,394] {logging_mixin.py:115} INFO - [2023-03-23 22:58:10,394] {dag.py:2927} INFO - Setting next_dagrun for tutorial_etl_dag to None, run_after=None
[2023-03-23 22:58:10,399] {processor.py:161} INFO - Processing /Users/gabrielroger/Documents/projects/weather-data/.venv/lib/python3.9/site-packages/airflow/example_dags/tutorial_etl_dag.py took 0.056 seconds
[2023-03-23 22:58:49,831] {processor.py:153} INFO - Started process (PID=1882) to work on /Users/gabrielroger/Documents/projects/weather-data/.venv/lib/python3.9/site-packages/airflow/example_dags/tutorial_etl_dag.py
[2023-03-23 22:58:49,832] {processor.py:641} INFO - Processing file /Users/gabrielroger/Documents/projects/weather-data/.venv/lib/python3.9/site-packages/airflow/example_dags/tutorial_etl_dag.py for tasks to queue
[2023-03-23 22:58:49,832] {logging_mixin.py:115} INFO - [2023-03-23 22:58:49,832] {dagbag.py:507} INFO - Filling up the DagBag from /Users/gabrielroger/Documents/projects/weather-data/.venv/lib/python3.9/site-packages/airflow/example_dags/tutorial_etl_dag.py
[2023-03-23 22:58:49,845] {processor.py:651} INFO - DAG(s) dict_keys(['tutorial_etl_dag']) retrieved from /Users/gabrielroger/Documents/projects/weather-data/.venv/lib/python3.9/site-packages/airflow/example_dags/tutorial_etl_dag.py
[2023-03-23 22:58:49,874] {logging_mixin.py:115} INFO - [2023-03-23 22:58:49,874] {dag.py:2379} INFO - Sync 1 DAGs
[2023-03-23 22:58:49,881] {logging_mixin.py:115} INFO - [2023-03-23 22:58:49,881] {dag.py:2927} INFO - Setting next_dagrun for tutorial_etl_dag to None, run_after=None
[2023-03-23 22:58:49,886] {processor.py:161} INFO - Processing /Users/gabrielroger/Documents/projects/weather-data/.venv/lib/python3.9/site-packages/airflow/example_dags/tutorial_etl_dag.py took 0.055 seconds
[2023-03-23 22:59:30,033] {processor.py:153} INFO - Started process (PID=1918) to work on /Users/gabrielroger/Documents/projects/weather-data/.venv/lib/python3.9/site-packages/airflow/example_dags/tutorial_etl_dag.py
[2023-03-23 22:59:30,034] {processor.py:641} INFO - Processing file /Users/gabrielroger/Documents/projects/weather-data/.venv/lib/python3.9/site-packages/airflow/example_dags/tutorial_etl_dag.py for tasks to queue
[2023-03-23 22:59:30,034] {logging_mixin.py:115} INFO - [2023-03-23 22:59:30,034] {dagbag.py:507} INFO - Filling up the DagBag from /Users/gabrielroger/Documents/projects/weather-data/.venv/lib/python3.9/site-packages/airflow/example_dags/tutorial_etl_dag.py
[2023-03-23 22:59:30,047] {processor.py:651} INFO - DAG(s) dict_keys(['tutorial_etl_dag']) retrieved from /Users/gabrielroger/Documents/projects/weather-data/.venv/lib/python3.9/site-packages/airflow/example_dags/tutorial_etl_dag.py
[2023-03-23 22:59:30,076] {logging_mixin.py:115} INFO - [2023-03-23 22:59:30,076] {dag.py:2379} INFO - Sync 1 DAGs
[2023-03-23 22:59:30,084] {logging_mixin.py:115} INFO - [2023-03-23 22:59:30,084] {dag.py:2927} INFO - Setting next_dagrun for tutorial_etl_dag to None, run_after=None
[2023-03-23 22:59:30,088] {processor.py:161} INFO - Processing /Users/gabrielroger/Documents/projects/weather-data/.venv/lib/python3.9/site-packages/airflow/example_dags/tutorial_etl_dag.py took 0.056 seconds
[2023-03-23 23:00:13,853] {processor.py:153} INFO - Started process (PID=1959) to work on /Users/gabrielroger/Documents/projects/weather-data/.venv/lib/python3.9/site-packages/airflow/example_dags/tutorial_etl_dag.py
[2023-03-23 23:00:13,853] {processor.py:641} INFO - Processing file /Users/gabrielroger/Documents/projects/weather-data/.venv/lib/python3.9/site-packages/airflow/example_dags/tutorial_etl_dag.py for tasks to queue
[2023-03-23 23:00:13,853] {logging_mixin.py:115} INFO - [2023-03-23 23:00:13,853] {dagbag.py:507} INFO - Filling up the DagBag from /Users/gabrielroger/Documents/projects/weather-data/.venv/lib/python3.9/site-packages/airflow/example_dags/tutorial_etl_dag.py
[2023-03-23 23:00:13,867] {processor.py:651} INFO - DAG(s) dict_keys(['tutorial_etl_dag']) retrieved from /Users/gabrielroger/Documents/projects/weather-data/.venv/lib/python3.9/site-packages/airflow/example_dags/tutorial_etl_dag.py
[2023-03-23 23:00:13,900] {logging_mixin.py:115} INFO - [2023-03-23 23:00:13,900] {dag.py:2379} INFO - Sync 1 DAGs
[2023-03-23 23:00:13,907] {logging_mixin.py:115} INFO - [2023-03-23 23:00:13,907] {dag.py:2927} INFO - Setting next_dagrun for tutorial_etl_dag to None, run_after=None
[2023-03-23 23:00:13,913] {processor.py:161} INFO - Processing /Users/gabrielroger/Documents/projects/weather-data/.venv/lib/python3.9/site-packages/airflow/example_dags/tutorial_etl_dag.py took 0.060 seconds
[2023-03-23 23:01:05,262] {processor.py:153} INFO - Started process (PID=1998) to work on /Users/gabrielroger/Documents/projects/weather-data/.venv/lib/python3.9/site-packages/airflow/example_dags/tutorial_etl_dag.py
[2023-03-23 23:01:05,263] {processor.py:641} INFO - Processing file /Users/gabrielroger/Documents/projects/weather-data/.venv/lib/python3.9/site-packages/airflow/example_dags/tutorial_etl_dag.py for tasks to queue
[2023-03-23 23:01:05,263] {logging_mixin.py:115} INFO - [2023-03-23 23:01:05,263] {dagbag.py:507} INFO - Filling up the DagBag from /Users/gabrielroger/Documents/projects/weather-data/.venv/lib/python3.9/site-packages/airflow/example_dags/tutorial_etl_dag.py
[2023-03-23 23:01:05,277] {processor.py:651} INFO - DAG(s) dict_keys(['tutorial_etl_dag']) retrieved from /Users/gabrielroger/Documents/projects/weather-data/.venv/lib/python3.9/site-packages/airflow/example_dags/tutorial_etl_dag.py
[2023-03-23 23:01:05,308] {logging_mixin.py:115} INFO - [2023-03-23 23:01:05,308] {dag.py:2379} INFO - Sync 1 DAGs
[2023-03-23 23:01:05,315] {logging_mixin.py:115} INFO - [2023-03-23 23:01:05,315] {dag.py:2927} INFO - Setting next_dagrun for tutorial_etl_dag to None, run_after=None
[2023-03-23 23:01:05,321] {processor.py:161} INFO - Processing /Users/gabrielroger/Documents/projects/weather-data/.venv/lib/python3.9/site-packages/airflow/example_dags/tutorial_etl_dag.py took 0.059 seconds
[2023-03-23 23:01:50,281] {processor.py:153} INFO - Started process (PID=2039) to work on /Users/gabrielroger/Documents/projects/weather-data/.venv/lib/python3.9/site-packages/airflow/example_dags/tutorial_etl_dag.py
[2023-03-23 23:01:50,281] {processor.py:641} INFO - Processing file /Users/gabrielroger/Documents/projects/weather-data/.venv/lib/python3.9/site-packages/airflow/example_dags/tutorial_etl_dag.py for tasks to queue
[2023-03-23 23:01:50,282] {logging_mixin.py:115} INFO - [2023-03-23 23:01:50,282] {dagbag.py:507} INFO - Filling up the DagBag from /Users/gabrielroger/Documents/projects/weather-data/.venv/lib/python3.9/site-packages/airflow/example_dags/tutorial_etl_dag.py
[2023-03-23 23:01:50,295] {processor.py:651} INFO - DAG(s) dict_keys(['tutorial_etl_dag']) retrieved from /Users/gabrielroger/Documents/projects/weather-data/.venv/lib/python3.9/site-packages/airflow/example_dags/tutorial_etl_dag.py
[2023-03-23 23:01:50,325] {logging_mixin.py:115} INFO - [2023-03-23 23:01:50,325] {dag.py:2379} INFO - Sync 1 DAGs
[2023-03-23 23:01:50,333] {logging_mixin.py:115} INFO - [2023-03-23 23:01:50,333] {dag.py:2927} INFO - Setting next_dagrun for tutorial_etl_dag to None, run_after=None
[2023-03-23 23:01:50,337] {processor.py:161} INFO - Processing /Users/gabrielroger/Documents/projects/weather-data/.venv/lib/python3.9/site-packages/airflow/example_dags/tutorial_etl_dag.py took 0.057 seconds
[2023-03-23 23:02:27,245] {processor.py:153} INFO - Started process (PID=2075) to work on /Users/gabrielroger/Documents/projects/weather-data/.venv/lib/python3.9/site-packages/airflow/example_dags/tutorial_etl_dag.py
[2023-03-23 23:02:27,246] {processor.py:641} INFO - Processing file /Users/gabrielroger/Documents/projects/weather-data/.venv/lib/python3.9/site-packages/airflow/example_dags/tutorial_etl_dag.py for tasks to queue
[2023-03-23 23:02:27,246] {logging_mixin.py:115} INFO - [2023-03-23 23:02:27,246] {dagbag.py:507} INFO - Filling up the DagBag from /Users/gabrielroger/Documents/projects/weather-data/.venv/lib/python3.9/site-packages/airflow/example_dags/tutorial_etl_dag.py
[2023-03-23 23:02:27,259] {processor.py:651} INFO - DAG(s) dict_keys(['tutorial_etl_dag']) retrieved from /Users/gabrielroger/Documents/projects/weather-data/.venv/lib/python3.9/site-packages/airflow/example_dags/tutorial_etl_dag.py
[2023-03-23 23:02:27,289] {logging_mixin.py:115} INFO - [2023-03-23 23:02:27,289] {dag.py:2379} INFO - Sync 1 DAGs
[2023-03-23 23:02:27,296] {logging_mixin.py:115} INFO - [2023-03-23 23:02:27,296] {dag.py:2927} INFO - Setting next_dagrun for tutorial_etl_dag to None, run_after=None
[2023-03-23 23:02:27,301] {processor.py:161} INFO - Processing /Users/gabrielroger/Documents/projects/weather-data/.venv/lib/python3.9/site-packages/airflow/example_dags/tutorial_etl_dag.py took 0.056 seconds
[2023-03-23 23:03:16,310] {processor.py:153} INFO - Started process (PID=2125) to work on /Users/gabrielroger/Documents/projects/weather-data/.venv/lib/python3.9/site-packages/airflow/example_dags/tutorial_etl_dag.py
[2023-03-23 23:03:16,311] {processor.py:641} INFO - Processing file /Users/gabrielroger/Documents/projects/weather-data/.venv/lib/python3.9/site-packages/airflow/example_dags/tutorial_etl_dag.py for tasks to queue
[2023-03-23 23:03:16,311] {logging_mixin.py:115} INFO - [2023-03-23 23:03:16,311] {dagbag.py:507} INFO - Filling up the DagBag from /Users/gabrielroger/Documents/projects/weather-data/.venv/lib/python3.9/site-packages/airflow/example_dags/tutorial_etl_dag.py
[2023-03-23 23:03:16,324] {processor.py:651} INFO - DAG(s) dict_keys(['tutorial_etl_dag']) retrieved from /Users/gabrielroger/Documents/projects/weather-data/.venv/lib/python3.9/site-packages/airflow/example_dags/tutorial_etl_dag.py
[2023-03-23 23:03:16,354] {logging_mixin.py:115} INFO - [2023-03-23 23:03:16,354] {dag.py:2379} INFO - Sync 1 DAGs
[2023-03-23 23:03:16,362] {logging_mixin.py:115} INFO - [2023-03-23 23:03:16,362] {dag.py:2927} INFO - Setting next_dagrun for tutorial_etl_dag to None, run_after=None
[2023-03-23 23:03:16,369] {processor.py:161} INFO - Processing /Users/gabrielroger/Documents/projects/weather-data/.venv/lib/python3.9/site-packages/airflow/example_dags/tutorial_etl_dag.py took 0.059 seconds
[2023-03-23 23:03:54,910] {processor.py:153} INFO - Started process (PID=2153) to work on /Users/gabrielroger/Documents/projects/weather-data/.venv/lib/python3.9/site-packages/airflow/example_dags/tutorial_etl_dag.py
[2023-03-23 23:03:54,910] {processor.py:641} INFO - Processing file /Users/gabrielroger/Documents/projects/weather-data/.venv/lib/python3.9/site-packages/airflow/example_dags/tutorial_etl_dag.py for tasks to queue
[2023-03-23 23:03:54,910] {logging_mixin.py:115} INFO - [2023-03-23 23:03:54,910] {dagbag.py:507} INFO - Filling up the DagBag from /Users/gabrielroger/Documents/projects/weather-data/.venv/lib/python3.9/site-packages/airflow/example_dags/tutorial_etl_dag.py
[2023-03-23 23:03:54,924] {processor.py:651} INFO - DAG(s) dict_keys(['tutorial_etl_dag']) retrieved from /Users/gabrielroger/Documents/projects/weather-data/.venv/lib/python3.9/site-packages/airflow/example_dags/tutorial_etl_dag.py
[2023-03-23 23:03:54,954] {logging_mixin.py:115} INFO - [2023-03-23 23:03:54,954] {dag.py:2379} INFO - Sync 1 DAGs
[2023-03-23 23:03:54,961] {logging_mixin.py:115} INFO - [2023-03-23 23:03:54,961] {dag.py:2927} INFO - Setting next_dagrun for tutorial_etl_dag to None, run_after=None
[2023-03-23 23:03:54,966] {processor.py:161} INFO - Processing /Users/gabrielroger/Documents/projects/weather-data/.venv/lib/python3.9/site-packages/airflow/example_dags/tutorial_etl_dag.py took 0.056 seconds
[2023-03-23 23:04:34,317] {processor.py:153} INFO - Started process (PID=2183) to work on /Users/gabrielroger/Documents/projects/weather-data/.venv/lib/python3.9/site-packages/airflow/example_dags/tutorial_etl_dag.py
[2023-03-23 23:04:34,318] {processor.py:641} INFO - Processing file /Users/gabrielroger/Documents/projects/weather-data/.venv/lib/python3.9/site-packages/airflow/example_dags/tutorial_etl_dag.py for tasks to queue
[2023-03-23 23:04:34,318] {logging_mixin.py:115} INFO - [2023-03-23 23:04:34,318] {dagbag.py:507} INFO - Filling up the DagBag from /Users/gabrielroger/Documents/projects/weather-data/.venv/lib/python3.9/site-packages/airflow/example_dags/tutorial_etl_dag.py
[2023-03-23 23:04:34,331] {processor.py:651} INFO - DAG(s) dict_keys(['tutorial_etl_dag']) retrieved from /Users/gabrielroger/Documents/projects/weather-data/.venv/lib/python3.9/site-packages/airflow/example_dags/tutorial_etl_dag.py
[2023-03-23 23:04:34,362] {logging_mixin.py:115} INFO - [2023-03-23 23:04:34,362] {dag.py:2379} INFO - Sync 1 DAGs
[2023-03-23 23:04:34,370] {logging_mixin.py:115} INFO - [2023-03-23 23:04:34,370] {dag.py:2927} INFO - Setting next_dagrun for tutorial_etl_dag to None, run_after=None
[2023-03-23 23:04:34,375] {processor.py:161} INFO - Processing /Users/gabrielroger/Documents/projects/weather-data/.venv/lib/python3.9/site-packages/airflow/example_dags/tutorial_etl_dag.py took 0.058 seconds
[2023-03-23 23:05:23,297] {processor.py:153} INFO - Started process (PID=2221) to work on /Users/gabrielroger/Documents/projects/weather-data/.venv/lib/python3.9/site-packages/airflow/example_dags/tutorial_etl_dag.py
[2023-03-23 23:05:23,298] {processor.py:641} INFO - Processing file /Users/gabrielroger/Documents/projects/weather-data/.venv/lib/python3.9/site-packages/airflow/example_dags/tutorial_etl_dag.py for tasks to queue
[2023-03-23 23:05:23,298] {logging_mixin.py:115} INFO - [2023-03-23 23:05:23,298] {dagbag.py:507} INFO - Filling up the DagBag from /Users/gabrielroger/Documents/projects/weather-data/.venv/lib/python3.9/site-packages/airflow/example_dags/tutorial_etl_dag.py
[2023-03-23 23:05:23,311] {processor.py:651} INFO - DAG(s) dict_keys(['tutorial_etl_dag']) retrieved from /Users/gabrielroger/Documents/projects/weather-data/.venv/lib/python3.9/site-packages/airflow/example_dags/tutorial_etl_dag.py
[2023-03-23 23:05:23,341] {logging_mixin.py:115} INFO - [2023-03-23 23:05:23,341] {dag.py:2379} INFO - Sync 1 DAGs
[2023-03-23 23:05:23,348] {logging_mixin.py:115} INFO - [2023-03-23 23:05:23,348] {dag.py:2927} INFO - Setting next_dagrun for tutorial_etl_dag to None, run_after=None
[2023-03-23 23:05:23,353] {processor.py:161} INFO - Processing /Users/gabrielroger/Documents/projects/weather-data/.venv/lib/python3.9/site-packages/airflow/example_dags/tutorial_etl_dag.py took 0.056 seconds
[2023-03-23 23:06:01,781] {processor.py:153} INFO - Started process (PID=2254) to work on /Users/gabrielroger/Documents/projects/weather-data/.venv/lib/python3.9/site-packages/airflow/example_dags/tutorial_etl_dag.py
[2023-03-23 23:06:01,781] {processor.py:641} INFO - Processing file /Users/gabrielroger/Documents/projects/weather-data/.venv/lib/python3.9/site-packages/airflow/example_dags/tutorial_etl_dag.py for tasks to queue
[2023-03-23 23:06:01,781] {logging_mixin.py:115} INFO - [2023-03-23 23:06:01,781] {dagbag.py:507} INFO - Filling up the DagBag from /Users/gabrielroger/Documents/projects/weather-data/.venv/lib/python3.9/site-packages/airflow/example_dags/tutorial_etl_dag.py
[2023-03-23 23:06:01,794] {processor.py:651} INFO - DAG(s) dict_keys(['tutorial_etl_dag']) retrieved from /Users/gabrielroger/Documents/projects/weather-data/.venv/lib/python3.9/site-packages/airflow/example_dags/tutorial_etl_dag.py
[2023-03-23 23:06:01,823] {logging_mixin.py:115} INFO - [2023-03-23 23:06:01,823] {dag.py:2379} INFO - Sync 1 DAGs
[2023-03-23 23:06:01,830] {logging_mixin.py:115} INFO - [2023-03-23 23:06:01,830] {dag.py:2927} INFO - Setting next_dagrun for tutorial_etl_dag to None, run_after=None
[2023-03-23 23:06:01,835] {processor.py:161} INFO - Processing /Users/gabrielroger/Documents/projects/weather-data/.venv/lib/python3.9/site-packages/airflow/example_dags/tutorial_etl_dag.py took 0.055 seconds
[2023-03-23 23:06:28,654] {processor.py:153} INFO - Started process (PID=2282) to work on /Users/gabrielroger/Documents/projects/weather-data/.venv/lib/python3.9/site-packages/airflow/example_dags/tutorial_etl_dag.py
[2023-03-23 23:06:28,655] {processor.py:641} INFO - Processing file /Users/gabrielroger/Documents/projects/weather-data/.venv/lib/python3.9/site-packages/airflow/example_dags/tutorial_etl_dag.py for tasks to queue
[2023-03-23 23:06:28,655] {logging_mixin.py:115} INFO - [2023-03-23 23:06:28,655] {dagbag.py:507} INFO - Filling up the DagBag from /Users/gabrielroger/Documents/projects/weather-data/.venv/lib/python3.9/site-packages/airflow/example_dags/tutorial_etl_dag.py
[2023-03-23 23:06:28,668] {processor.py:651} INFO - DAG(s) dict_keys(['tutorial_etl_dag']) retrieved from /Users/gabrielroger/Documents/projects/weather-data/.venv/lib/python3.9/site-packages/airflow/example_dags/tutorial_etl_dag.py
[2023-03-23 23:06:28,699] {logging_mixin.py:115} INFO - [2023-03-23 23:06:28,699] {dag.py:2379} INFO - Sync 1 DAGs
[2023-03-23 23:06:28,706] {logging_mixin.py:115} INFO - [2023-03-23 23:06:28,706] {dag.py:2927} INFO - Setting next_dagrun for tutorial_etl_dag to None, run_after=None
[2023-03-23 23:06:28,711] {processor.py:161} INFO - Processing /Users/gabrielroger/Documents/projects/weather-data/.venv/lib/python3.9/site-packages/airflow/example_dags/tutorial_etl_dag.py took 0.057 seconds
[2023-03-23 23:07:20,084] {processor.py:153} INFO - Started process (PID=2320) to work on /Users/gabrielroger/Documents/projects/weather-data/.venv/lib/python3.9/site-packages/airflow/example_dags/tutorial_etl_dag.py
[2023-03-23 23:07:20,085] {processor.py:641} INFO - Processing file /Users/gabrielroger/Documents/projects/weather-data/.venv/lib/python3.9/site-packages/airflow/example_dags/tutorial_etl_dag.py for tasks to queue
[2023-03-23 23:07:20,085] {logging_mixin.py:115} INFO - [2023-03-23 23:07:20,085] {dagbag.py:507} INFO - Filling up the DagBag from /Users/gabrielroger/Documents/projects/weather-data/.venv/lib/python3.9/site-packages/airflow/example_dags/tutorial_etl_dag.py
[2023-03-23 23:07:20,098] {processor.py:651} INFO - DAG(s) dict_keys(['tutorial_etl_dag']) retrieved from /Users/gabrielroger/Documents/projects/weather-data/.venv/lib/python3.9/site-packages/airflow/example_dags/tutorial_etl_dag.py
[2023-03-23 23:07:20,128] {logging_mixin.py:115} INFO - [2023-03-23 23:07:20,128] {dag.py:2379} INFO - Sync 1 DAGs
[2023-03-23 23:07:20,135] {logging_mixin.py:115} INFO - [2023-03-23 23:07:20,135] {dag.py:2927} INFO - Setting next_dagrun for tutorial_etl_dag to None, run_after=None
[2023-03-23 23:07:20,140] {processor.py:161} INFO - Processing /Users/gabrielroger/Documents/projects/weather-data/.venv/lib/python3.9/site-packages/airflow/example_dags/tutorial_etl_dag.py took 0.056 seconds
[2023-03-23 23:07:50,397] {processor.py:153} INFO - Started process (PID=2351) to work on /Users/gabrielroger/Documents/projects/weather-data/.venv/lib/python3.9/site-packages/airflow/example_dags/tutorial_etl_dag.py
[2023-03-23 23:07:50,397] {processor.py:641} INFO - Processing file /Users/gabrielroger/Documents/projects/weather-data/.venv/lib/python3.9/site-packages/airflow/example_dags/tutorial_etl_dag.py for tasks to queue
[2023-03-23 23:07:50,398] {logging_mixin.py:115} INFO - [2023-03-23 23:07:50,398] {dagbag.py:507} INFO - Filling up the DagBag from /Users/gabrielroger/Documents/projects/weather-data/.venv/lib/python3.9/site-packages/airflow/example_dags/tutorial_etl_dag.py
[2023-03-23 23:07:50,411] {processor.py:651} INFO - DAG(s) dict_keys(['tutorial_etl_dag']) retrieved from /Users/gabrielroger/Documents/projects/weather-data/.venv/lib/python3.9/site-packages/airflow/example_dags/tutorial_etl_dag.py
[2023-03-23 23:07:50,441] {logging_mixin.py:115} INFO - [2023-03-23 23:07:50,441] {dag.py:2379} INFO - Sync 1 DAGs
[2023-03-23 23:07:50,448] {logging_mixin.py:115} INFO - [2023-03-23 23:07:50,448] {dag.py:2927} INFO - Setting next_dagrun for tutorial_etl_dag to None, run_after=None
[2023-03-23 23:07:50,453] {processor.py:161} INFO - Processing /Users/gabrielroger/Documents/projects/weather-data/.venv/lib/python3.9/site-packages/airflow/example_dags/tutorial_etl_dag.py took 0.056 seconds
[2023-03-23 23:08:40,287] {processor.py:153} INFO - Started process (PID=2392) to work on /Users/gabrielroger/Documents/projects/weather-data/.venv/lib/python3.9/site-packages/airflow/example_dags/tutorial_etl_dag.py
[2023-03-23 23:08:40,288] {processor.py:641} INFO - Processing file /Users/gabrielroger/Documents/projects/weather-data/.venv/lib/python3.9/site-packages/airflow/example_dags/tutorial_etl_dag.py for tasks to queue
[2023-03-23 23:08:40,288] {logging_mixin.py:115} INFO - [2023-03-23 23:08:40,288] {dagbag.py:507} INFO - Filling up the DagBag from /Users/gabrielroger/Documents/projects/weather-data/.venv/lib/python3.9/site-packages/airflow/example_dags/tutorial_etl_dag.py
[2023-03-23 23:08:40,301] {processor.py:651} INFO - DAG(s) dict_keys(['tutorial_etl_dag']) retrieved from /Users/gabrielroger/Documents/projects/weather-data/.venv/lib/python3.9/site-packages/airflow/example_dags/tutorial_etl_dag.py
[2023-03-23 23:08:40,333] {logging_mixin.py:115} INFO - [2023-03-23 23:08:40,333] {dag.py:2379} INFO - Sync 1 DAGs
[2023-03-23 23:08:40,341] {logging_mixin.py:115} INFO - [2023-03-23 23:08:40,341] {dag.py:2927} INFO - Setting next_dagrun for tutorial_etl_dag to None, run_after=None
[2023-03-23 23:08:40,345] {processor.py:161} INFO - Processing /Users/gabrielroger/Documents/projects/weather-data/.venv/lib/python3.9/site-packages/airflow/example_dags/tutorial_etl_dag.py took 0.058 seconds
[2023-03-23 23:09:24,688] {processor.py:153} INFO - Started process (PID=2423) to work on /Users/gabrielroger/Documents/projects/weather-data/.venv/lib/python3.9/site-packages/airflow/example_dags/tutorial_etl_dag.py
[2023-03-23 23:09:24,689] {processor.py:641} INFO - Processing file /Users/gabrielroger/Documents/projects/weather-data/.venv/lib/python3.9/site-packages/airflow/example_dags/tutorial_etl_dag.py for tasks to queue
[2023-03-23 23:09:24,689] {logging_mixin.py:115} INFO - [2023-03-23 23:09:24,689] {dagbag.py:507} INFO - Filling up the DagBag from /Users/gabrielroger/Documents/projects/weather-data/.venv/lib/python3.9/site-packages/airflow/example_dags/tutorial_etl_dag.py
[2023-03-23 23:09:24,702] {processor.py:651} INFO - DAG(s) dict_keys(['tutorial_etl_dag']) retrieved from /Users/gabrielroger/Documents/projects/weather-data/.venv/lib/python3.9/site-packages/airflow/example_dags/tutorial_etl_dag.py
[2023-03-23 23:09:24,731] {logging_mixin.py:115} INFO - [2023-03-23 23:09:24,731] {dag.py:2379} INFO - Sync 1 DAGs
[2023-03-23 23:09:24,738] {logging_mixin.py:115} INFO - [2023-03-23 23:09:24,738] {dag.py:2927} INFO - Setting next_dagrun for tutorial_etl_dag to None, run_after=None
[2023-03-23 23:09:24,743] {processor.py:161} INFO - Processing /Users/gabrielroger/Documents/projects/weather-data/.venv/lib/python3.9/site-packages/airflow/example_dags/tutorial_etl_dag.py took 0.055 seconds
[2023-03-23 23:10:07,019] {processor.py:153} INFO - Started process (PID=2458) to work on /Users/gabrielroger/Documents/projects/weather-data/.venv/lib/python3.9/site-packages/airflow/example_dags/tutorial_etl_dag.py
[2023-03-23 23:10:07,019] {processor.py:641} INFO - Processing file /Users/gabrielroger/Documents/projects/weather-data/.venv/lib/python3.9/site-packages/airflow/example_dags/tutorial_etl_dag.py for tasks to queue
[2023-03-23 23:10:07,020] {logging_mixin.py:115} INFO - [2023-03-23 23:10:07,020] {dagbag.py:507} INFO - Filling up the DagBag from /Users/gabrielroger/Documents/projects/weather-data/.venv/lib/python3.9/site-packages/airflow/example_dags/tutorial_etl_dag.py
[2023-03-23 23:10:07,033] {processor.py:651} INFO - DAG(s) dict_keys(['tutorial_etl_dag']) retrieved from /Users/gabrielroger/Documents/projects/weather-data/.venv/lib/python3.9/site-packages/airflow/example_dags/tutorial_etl_dag.py
[2023-03-23 23:10:07,062] {logging_mixin.py:115} INFO - [2023-03-23 23:10:07,062] {dag.py:2379} INFO - Sync 1 DAGs
[2023-03-23 23:10:07,069] {logging_mixin.py:115} INFO - [2023-03-23 23:10:07,069] {dag.py:2927} INFO - Setting next_dagrun for tutorial_etl_dag to None, run_after=None
[2023-03-23 23:10:07,074] {processor.py:161} INFO - Processing /Users/gabrielroger/Documents/projects/weather-data/.venv/lib/python3.9/site-packages/airflow/example_dags/tutorial_etl_dag.py took 0.055 seconds
[2023-03-23 23:10:47,909] {processor.py:153} INFO - Started process (PID=2488) to work on /Users/gabrielroger/Documents/projects/weather-data/.venv/lib/python3.9/site-packages/airflow/example_dags/tutorial_etl_dag.py
[2023-03-23 23:10:47,910] {processor.py:641} INFO - Processing file /Users/gabrielroger/Documents/projects/weather-data/.venv/lib/python3.9/site-packages/airflow/example_dags/tutorial_etl_dag.py for tasks to queue
[2023-03-23 23:10:47,911] {logging_mixin.py:115} INFO - [2023-03-23 23:10:47,911] {dagbag.py:507} INFO - Filling up the DagBag from /Users/gabrielroger/Documents/projects/weather-data/.venv/lib/python3.9/site-packages/airflow/example_dags/tutorial_etl_dag.py
[2023-03-23 23:10:47,925] {processor.py:651} INFO - DAG(s) dict_keys(['tutorial_etl_dag']) retrieved from /Users/gabrielroger/Documents/projects/weather-data/.venv/lib/python3.9/site-packages/airflow/example_dags/tutorial_etl_dag.py
[2023-03-23 23:10:47,957] {logging_mixin.py:115} INFO - [2023-03-23 23:10:47,957] {dag.py:2379} INFO - Sync 1 DAGs
[2023-03-23 23:10:47,964] {logging_mixin.py:115} INFO - [2023-03-23 23:10:47,964] {dag.py:2927} INFO - Setting next_dagrun for tutorial_etl_dag to None, run_after=None
[2023-03-23 23:10:47,969] {processor.py:161} INFO - Processing /Users/gabrielroger/Documents/projects/weather-data/.venv/lib/python3.9/site-packages/airflow/example_dags/tutorial_etl_dag.py took 0.060 seconds
