[2023-03-23 22:57:12,077] {processor.py:153} INFO - Started process (PID=1809) to work on /Users/gabrielroger/Documents/projects/weather-data/.venv/lib/python3.9/site-packages/airflow/example_dags/subdags/subdag.py
[2023-03-23 22:57:12,077] {processor.py:641} INFO - Processing file /Users/gabrielroger/Documents/projects/weather-data/.venv/lib/python3.9/site-packages/airflow/example_dags/subdags/subdag.py for tasks to queue
[2023-03-23 22:57:12,077] {logging_mixin.py:115} INFO - [2023-03-23 22:57:12,077] {dagbag.py:507} INFO - Filling up the DagBag from /Users/gabrielroger/Documents/projects/weather-data/.venv/lib/python3.9/site-packages/airflow/example_dags/subdags/subdag.py
[2023-03-23 22:57:12,078] {processor.py:653} WARNING - No viable dags retrieved from /Users/gabrielroger/Documents/projects/weather-data/.venv/lib/python3.9/site-packages/airflow/example_dags/subdags/subdag.py
[2023-03-23 22:57:12,098] {processor.py:161} INFO - Processing /Users/gabrielroger/Documents/projects/weather-data/.venv/lib/python3.9/site-packages/airflow/example_dags/subdags/subdag.py took 0.022 seconds
[2023-03-23 22:58:04,390] {processor.py:153} INFO - Started process (PID=1849) to work on /Users/gabrielroger/Documents/projects/weather-data/.venv/lib/python3.9/site-packages/airflow/example_dags/subdags/subdag.py
[2023-03-23 22:58:04,391] {processor.py:641} INFO - Processing file /Users/gabrielroger/Documents/projects/weather-data/.venv/lib/python3.9/site-packages/airflow/example_dags/subdags/subdag.py for tasks to queue
[2023-03-23 22:58:04,391] {logging_mixin.py:115} INFO - [2023-03-23 22:58:04,391] {dagbag.py:507} INFO - Filling up the DagBag from /Users/gabrielroger/Documents/projects/weather-data/.venv/lib/python3.9/site-packages/airflow/example_dags/subdags/subdag.py
[2023-03-23 22:58:04,392] {processor.py:653} WARNING - No viable dags retrieved from /Users/gabrielroger/Documents/projects/weather-data/.venv/lib/python3.9/site-packages/airflow/example_dags/subdags/subdag.py
[2023-03-23 22:58:04,410] {processor.py:161} INFO - Processing /Users/gabrielroger/Documents/projects/weather-data/.venv/lib/python3.9/site-packages/airflow/example_dags/subdags/subdag.py took 0.021 seconds
[2023-03-23 22:58:43,896] {processor.py:153} INFO - Started process (PID=1878) to work on /Users/gabrielroger/Documents/projects/weather-data/.venv/lib/python3.9/site-packages/airflow/example_dags/subdags/subdag.py
[2023-03-23 22:58:43,897] {processor.py:641} INFO - Processing file /Users/gabrielroger/Documents/projects/weather-data/.venv/lib/python3.9/site-packages/airflow/example_dags/subdags/subdag.py for tasks to queue
[2023-03-23 22:58:43,897] {logging_mixin.py:115} INFO - [2023-03-23 22:58:43,897] {dagbag.py:507} INFO - Filling up the DagBag from /Users/gabrielroger/Documents/projects/weather-data/.venv/lib/python3.9/site-packages/airflow/example_dags/subdags/subdag.py
[2023-03-23 22:58:43,898] {processor.py:653} WARNING - No viable dags retrieved from /Users/gabrielroger/Documents/projects/weather-data/.venv/lib/python3.9/site-packages/airflow/example_dags/subdags/subdag.py
[2023-03-23 22:58:43,916] {processor.py:161} INFO - Processing /Users/gabrielroger/Documents/projects/weather-data/.venv/lib/python3.9/site-packages/airflow/example_dags/subdags/subdag.py took 0.020 seconds
[2023-03-23 22:59:24,376] {processor.py:153} INFO - Started process (PID=1914) to work on /Users/gabrielroger/Documents/projects/weather-data/.venv/lib/python3.9/site-packages/airflow/example_dags/subdags/subdag.py
[2023-03-23 22:59:24,377] {processor.py:641} INFO - Processing file /Users/gabrielroger/Documents/projects/weather-data/.venv/lib/python3.9/site-packages/airflow/example_dags/subdags/subdag.py for tasks to queue
[2023-03-23 22:59:24,377] {logging_mixin.py:115} INFO - [2023-03-23 22:59:24,377] {dagbag.py:507} INFO - Filling up the DagBag from /Users/gabrielroger/Documents/projects/weather-data/.venv/lib/python3.9/site-packages/airflow/example_dags/subdags/subdag.py
[2023-03-23 22:59:24,378] {processor.py:653} WARNING - No viable dags retrieved from /Users/gabrielroger/Documents/projects/weather-data/.venv/lib/python3.9/site-packages/airflow/example_dags/subdags/subdag.py
[2023-03-23 22:59:24,397] {processor.py:161} INFO - Processing /Users/gabrielroger/Documents/projects/weather-data/.venv/lib/python3.9/site-packages/airflow/example_dags/subdags/subdag.py took 0.021 seconds
[2023-03-23 23:00:08,015] {processor.py:153} INFO - Started process (PID=1955) to work on /Users/gabrielroger/Documents/projects/weather-data/.venv/lib/python3.9/site-packages/airflow/example_dags/subdags/subdag.py
[2023-03-23 23:00:08,016] {processor.py:641} INFO - Processing file /Users/gabrielroger/Documents/projects/weather-data/.venv/lib/python3.9/site-packages/airflow/example_dags/subdags/subdag.py for tasks to queue
[2023-03-23 23:00:08,016] {logging_mixin.py:115} INFO - [2023-03-23 23:00:08,016] {dagbag.py:507} INFO - Filling up the DagBag from /Users/gabrielroger/Documents/projects/weather-data/.venv/lib/python3.9/site-packages/airflow/example_dags/subdags/subdag.py
[2023-03-23 23:00:08,017] {processor.py:653} WARNING - No viable dags retrieved from /Users/gabrielroger/Documents/projects/weather-data/.venv/lib/python3.9/site-packages/airflow/example_dags/subdags/subdag.py
[2023-03-23 23:00:08,035] {processor.py:161} INFO - Processing /Users/gabrielroger/Documents/projects/weather-data/.venv/lib/python3.9/site-packages/airflow/example_dags/subdags/subdag.py took 0.021 seconds
[2023-03-23 23:00:58,657] {processor.py:153} INFO - Started process (PID=1993) to work on /Users/gabrielroger/Documents/projects/weather-data/.venv/lib/python3.9/site-packages/airflow/example_dags/subdags/subdag.py
[2023-03-23 23:00:58,658] {processor.py:641} INFO - Processing file /Users/gabrielroger/Documents/projects/weather-data/.venv/lib/python3.9/site-packages/airflow/example_dags/subdags/subdag.py for tasks to queue
[2023-03-23 23:00:58,658] {logging_mixin.py:115} INFO - [2023-03-23 23:00:58,658] {dagbag.py:507} INFO - Filling up the DagBag from /Users/gabrielroger/Documents/projects/weather-data/.venv/lib/python3.9/site-packages/airflow/example_dags/subdags/subdag.py
[2023-03-23 23:00:58,659] {processor.py:653} WARNING - No viable dags retrieved from /Users/gabrielroger/Documents/projects/weather-data/.venv/lib/python3.9/site-packages/airflow/example_dags/subdags/subdag.py
[2023-03-23 23:00:58,677] {processor.py:161} INFO - Processing /Users/gabrielroger/Documents/projects/weather-data/.venv/lib/python3.9/site-packages/airflow/example_dags/subdags/subdag.py took 0.020 seconds
[2023-03-23 23:01:44,335] {processor.py:153} INFO - Started process (PID=2035) to work on /Users/gabrielroger/Documents/projects/weather-data/.venv/lib/python3.9/site-packages/airflow/example_dags/subdags/subdag.py
[2023-03-23 23:01:44,336] {processor.py:641} INFO - Processing file /Users/gabrielroger/Documents/projects/weather-data/.venv/lib/python3.9/site-packages/airflow/example_dags/subdags/subdag.py for tasks to queue
[2023-03-23 23:01:44,337] {logging_mixin.py:115} INFO - [2023-03-23 23:01:44,337] {dagbag.py:507} INFO - Filling up the DagBag from /Users/gabrielroger/Documents/projects/weather-data/.venv/lib/python3.9/site-packages/airflow/example_dags/subdags/subdag.py
[2023-03-23 23:01:44,338] {processor.py:653} WARNING - No viable dags retrieved from /Users/gabrielroger/Documents/projects/weather-data/.venv/lib/python3.9/site-packages/airflow/example_dags/subdags/subdag.py
[2023-03-23 23:01:44,356] {processor.py:161} INFO - Processing /Users/gabrielroger/Documents/projects/weather-data/.venv/lib/python3.9/site-packages/airflow/example_dags/subdags/subdag.py took 0.021 seconds
[2023-03-23 23:02:21,383] {processor.py:153} INFO - Started process (PID=2071) to work on /Users/gabrielroger/Documents/projects/weather-data/.venv/lib/python3.9/site-packages/airflow/example_dags/subdags/subdag.py
[2023-03-23 23:02:21,384] {processor.py:641} INFO - Processing file /Users/gabrielroger/Documents/projects/weather-data/.venv/lib/python3.9/site-packages/airflow/example_dags/subdags/subdag.py for tasks to queue
[2023-03-23 23:02:21,384] {logging_mixin.py:115} INFO - [2023-03-23 23:02:21,384] {dagbag.py:507} INFO - Filling up the DagBag from /Users/gabrielroger/Documents/projects/weather-data/.venv/lib/python3.9/site-packages/airflow/example_dags/subdags/subdag.py
[2023-03-23 23:02:21,385] {processor.py:653} WARNING - No viable dags retrieved from /Users/gabrielroger/Documents/projects/weather-data/.venv/lib/python3.9/site-packages/airflow/example_dags/subdags/subdag.py
[2023-03-23 23:02:21,404] {processor.py:161} INFO - Processing /Users/gabrielroger/Documents/projects/weather-data/.venv/lib/python3.9/site-packages/airflow/example_dags/subdags/subdag.py took 0.021 seconds
[2023-03-23 23:03:10,351] {processor.py:153} INFO - Started process (PID=2121) to work on /Users/gabrielroger/Documents/projects/weather-data/.venv/lib/python3.9/site-packages/airflow/example_dags/subdags/subdag.py
[2023-03-23 23:03:10,352] {processor.py:641} INFO - Processing file /Users/gabrielroger/Documents/projects/weather-data/.venv/lib/python3.9/site-packages/airflow/example_dags/subdags/subdag.py for tasks to queue
[2023-03-23 23:03:10,352] {logging_mixin.py:115} INFO - [2023-03-23 23:03:10,352] {dagbag.py:507} INFO - Filling up the DagBag from /Users/gabrielroger/Documents/projects/weather-data/.venv/lib/python3.9/site-packages/airflow/example_dags/subdags/subdag.py
[2023-03-23 23:03:10,353] {processor.py:653} WARNING - No viable dags retrieved from /Users/gabrielroger/Documents/projects/weather-data/.venv/lib/python3.9/site-packages/airflow/example_dags/subdags/subdag.py
[2023-03-23 23:03:10,372] {processor.py:161} INFO - Processing /Users/gabrielroger/Documents/projects/weather-data/.venv/lib/python3.9/site-packages/airflow/example_dags/subdags/subdag.py took 0.021 seconds
[2023-03-23 23:03:50,557] {processor.py:153} INFO - Started process (PID=2149) to work on /Users/gabrielroger/Documents/projects/weather-data/.venv/lib/python3.9/site-packages/airflow/example_dags/subdags/subdag.py
[2023-03-23 23:03:50,558] {processor.py:641} INFO - Processing file /Users/gabrielroger/Documents/projects/weather-data/.venv/lib/python3.9/site-packages/airflow/example_dags/subdags/subdag.py for tasks to queue
[2023-03-23 23:03:50,558] {logging_mixin.py:115} INFO - [2023-03-23 23:03:50,558] {dagbag.py:507} INFO - Filling up the DagBag from /Users/gabrielroger/Documents/projects/weather-data/.venv/lib/python3.9/site-packages/airflow/example_dags/subdags/subdag.py
[2023-03-23 23:03:50,559] {processor.py:653} WARNING - No viable dags retrieved from /Users/gabrielroger/Documents/projects/weather-data/.venv/lib/python3.9/site-packages/airflow/example_dags/subdags/subdag.py
[2023-03-23 23:03:50,577] {processor.py:161} INFO - Processing /Users/gabrielroger/Documents/projects/weather-data/.venv/lib/python3.9/site-packages/airflow/example_dags/subdags/subdag.py took 0.021 seconds
[2023-03-23 23:04:28,465] {processor.py:153} INFO - Started process (PID=2179) to work on /Users/gabrielroger/Documents/projects/weather-data/.venv/lib/python3.9/site-packages/airflow/example_dags/subdags/subdag.py
[2023-03-23 23:04:28,466] {processor.py:641} INFO - Processing file /Users/gabrielroger/Documents/projects/weather-data/.venv/lib/python3.9/site-packages/airflow/example_dags/subdags/subdag.py for tasks to queue
[2023-03-23 23:04:28,466] {logging_mixin.py:115} INFO - [2023-03-23 23:04:28,466] {dagbag.py:507} INFO - Filling up the DagBag from /Users/gabrielroger/Documents/projects/weather-data/.venv/lib/python3.9/site-packages/airflow/example_dags/subdags/subdag.py
[2023-03-23 23:04:28,467] {processor.py:653} WARNING - No viable dags retrieved from /Users/gabrielroger/Documents/projects/weather-data/.venv/lib/python3.9/site-packages/airflow/example_dags/subdags/subdag.py
[2023-03-23 23:04:28,486] {processor.py:161} INFO - Processing /Users/gabrielroger/Documents/projects/weather-data/.venv/lib/python3.9/site-packages/airflow/example_dags/subdags/subdag.py took 0.021 seconds
[2023-03-23 23:05:05,603] {processor.py:153} INFO - Started process (PID=2207) to work on /Users/gabrielroger/Documents/projects/weather-data/.venv/lib/python3.9/site-packages/airflow/example_dags/subdags/subdag.py
[2023-03-23 23:05:05,604] {processor.py:641} INFO - Processing file /Users/gabrielroger/Documents/projects/weather-data/.venv/lib/python3.9/site-packages/airflow/example_dags/subdags/subdag.py for tasks to queue
[2023-03-23 23:05:05,604] {logging_mixin.py:115} INFO - [2023-03-23 23:05:05,604] {dagbag.py:507} INFO - Filling up the DagBag from /Users/gabrielroger/Documents/projects/weather-data/.venv/lib/python3.9/site-packages/airflow/example_dags/subdags/subdag.py
[2023-03-23 23:05:05,605] {processor.py:653} WARNING - No viable dags retrieved from /Users/gabrielroger/Documents/projects/weather-data/.venv/lib/python3.9/site-packages/airflow/example_dags/subdags/subdag.py
[2023-03-23 23:05:05,623] {processor.py:161} INFO - Processing /Users/gabrielroger/Documents/projects/weather-data/.venv/lib/python3.9/site-packages/airflow/example_dags/subdags/subdag.py took 0.021 seconds
[2023-03-23 23:05:43,883] {processor.py:153} INFO - Started process (PID=2238) to work on /Users/gabrielroger/Documents/projects/weather-data/.venv/lib/python3.9/site-packages/airflow/example_dags/subdags/subdag.py
[2023-03-23 23:05:43,883] {processor.py:641} INFO - Processing file /Users/gabrielroger/Documents/projects/weather-data/.venv/lib/python3.9/site-packages/airflow/example_dags/subdags/subdag.py for tasks to queue
[2023-03-23 23:05:43,883] {logging_mixin.py:115} INFO - [2023-03-23 23:05:43,883] {dagbag.py:507} INFO - Filling up the DagBag from /Users/gabrielroger/Documents/projects/weather-data/.venv/lib/python3.9/site-packages/airflow/example_dags/subdags/subdag.py
[2023-03-23 23:05:43,884] {processor.py:653} WARNING - No viable dags retrieved from /Users/gabrielroger/Documents/projects/weather-data/.venv/lib/python3.9/site-packages/airflow/example_dags/subdags/subdag.py
[2023-03-23 23:05:43,902] {processor.py:161} INFO - Processing /Users/gabrielroger/Documents/projects/weather-data/.venv/lib/python3.9/site-packages/airflow/example_dags/subdags/subdag.py took 0.020 seconds
[2023-03-23 23:06:22,829] {processor.py:153} INFO - Started process (PID=2277) to work on /Users/gabrielroger/Documents/projects/weather-data/.venv/lib/python3.9/site-packages/airflow/example_dags/subdags/subdag.py
[2023-03-23 23:06:22,829] {processor.py:641} INFO - Processing file /Users/gabrielroger/Documents/projects/weather-data/.venv/lib/python3.9/site-packages/airflow/example_dags/subdags/subdag.py for tasks to queue
[2023-03-23 23:06:22,830] {logging_mixin.py:115} INFO - [2023-03-23 23:06:22,830] {dagbag.py:507} INFO - Filling up the DagBag from /Users/gabrielroger/Documents/projects/weather-data/.venv/lib/python3.9/site-packages/airflow/example_dags/subdags/subdag.py
[2023-03-23 23:06:22,830] {processor.py:653} WARNING - No viable dags retrieved from /Users/gabrielroger/Documents/projects/weather-data/.venv/lib/python3.9/site-packages/airflow/example_dags/subdags/subdag.py
[2023-03-23 23:06:22,849] {processor.py:161} INFO - Processing /Users/gabrielroger/Documents/projects/weather-data/.venv/lib/python3.9/site-packages/airflow/example_dags/subdags/subdag.py took 0.020 seconds
[2023-03-23 23:07:13,451] {processor.py:153} INFO - Started process (PID=2316) to work on /Users/gabrielroger/Documents/projects/weather-data/.venv/lib/python3.9/site-packages/airflow/example_dags/subdags/subdag.py
[2023-03-23 23:07:13,452] {processor.py:641} INFO - Processing file /Users/gabrielroger/Documents/projects/weather-data/.venv/lib/python3.9/site-packages/airflow/example_dags/subdags/subdag.py for tasks to queue
[2023-03-23 23:07:13,453] {logging_mixin.py:115} INFO - [2023-03-23 23:07:13,453] {dagbag.py:507} INFO - Filling up the DagBag from /Users/gabrielroger/Documents/projects/weather-data/.venv/lib/python3.9/site-packages/airflow/example_dags/subdags/subdag.py
[2023-03-23 23:07:13,454] {processor.py:653} WARNING - No viable dags retrieved from /Users/gabrielroger/Documents/projects/weather-data/.venv/lib/python3.9/site-packages/airflow/example_dags/subdags/subdag.py
[2023-03-23 23:07:13,472] {processor.py:161} INFO - Processing /Users/gabrielroger/Documents/projects/weather-data/.venv/lib/python3.9/site-packages/airflow/example_dags/subdags/subdag.py took 0.021 seconds
[2023-03-23 23:07:44,456] {processor.py:153} INFO - Started process (PID=2346) to work on /Users/gabrielroger/Documents/projects/weather-data/.venv/lib/python3.9/site-packages/airflow/example_dags/subdags/subdag.py
[2023-03-23 23:07:44,457] {processor.py:641} INFO - Processing file /Users/gabrielroger/Documents/projects/weather-data/.venv/lib/python3.9/site-packages/airflow/example_dags/subdags/subdag.py for tasks to queue
[2023-03-23 23:07:44,457] {logging_mixin.py:115} INFO - [2023-03-23 23:07:44,457] {dagbag.py:507} INFO - Filling up the DagBag from /Users/gabrielroger/Documents/projects/weather-data/.venv/lib/python3.9/site-packages/airflow/example_dags/subdags/subdag.py
[2023-03-23 23:07:44,458] {processor.py:653} WARNING - No viable dags retrieved from /Users/gabrielroger/Documents/projects/weather-data/.venv/lib/python3.9/site-packages/airflow/example_dags/subdags/subdag.py
[2023-03-23 23:07:44,477] {processor.py:161} INFO - Processing /Users/gabrielroger/Documents/projects/weather-data/.venv/lib/python3.9/site-packages/airflow/example_dags/subdags/subdag.py took 0.021 seconds
[2023-03-23 23:08:33,581] {processor.py:153} INFO - Started process (PID=2387) to work on /Users/gabrielroger/Documents/projects/weather-data/.venv/lib/python3.9/site-packages/airflow/example_dags/subdags/subdag.py
[2023-03-23 23:08:33,581] {processor.py:641} INFO - Processing file /Users/gabrielroger/Documents/projects/weather-data/.venv/lib/python3.9/site-packages/airflow/example_dags/subdags/subdag.py for tasks to queue
[2023-03-23 23:08:33,582] {logging_mixin.py:115} INFO - [2023-03-23 23:08:33,582] {dagbag.py:507} INFO - Filling up the DagBag from /Users/gabrielroger/Documents/projects/weather-data/.venv/lib/python3.9/site-packages/airflow/example_dags/subdags/subdag.py
[2023-03-23 23:08:33,583] {processor.py:653} WARNING - No viable dags retrieved from /Users/gabrielroger/Documents/projects/weather-data/.venv/lib/python3.9/site-packages/airflow/example_dags/subdags/subdag.py
[2023-03-23 23:08:33,601] {processor.py:161} INFO - Processing /Users/gabrielroger/Documents/projects/weather-data/.venv/lib/python3.9/site-packages/airflow/example_dags/subdags/subdag.py took 0.021 seconds
[2023-03-23 23:09:18,091] {processor.py:153} INFO - Started process (PID=2419) to work on /Users/gabrielroger/Documents/projects/weather-data/.venv/lib/python3.9/site-packages/airflow/example_dags/subdags/subdag.py
[2023-03-23 23:09:18,091] {processor.py:641} INFO - Processing file /Users/gabrielroger/Documents/projects/weather-data/.venv/lib/python3.9/site-packages/airflow/example_dags/subdags/subdag.py for tasks to queue
[2023-03-23 23:09:18,091] {logging_mixin.py:115} INFO - [2023-03-23 23:09:18,091] {dagbag.py:507} INFO - Filling up the DagBag from /Users/gabrielroger/Documents/projects/weather-data/.venv/lib/python3.9/site-packages/airflow/example_dags/subdags/subdag.py
[2023-03-23 23:09:18,092] {processor.py:653} WARNING - No viable dags retrieved from /Users/gabrielroger/Documents/projects/weather-data/.venv/lib/python3.9/site-packages/airflow/example_dags/subdags/subdag.py
[2023-03-23 23:09:18,111] {processor.py:161} INFO - Processing /Users/gabrielroger/Documents/projects/weather-data/.venv/lib/python3.9/site-packages/airflow/example_dags/subdags/subdag.py took 0.020 seconds
[2023-03-23 23:10:01,167] {processor.py:153} INFO - Started process (PID=2454) to work on /Users/gabrielroger/Documents/projects/weather-data/.venv/lib/python3.9/site-packages/airflow/example_dags/subdags/subdag.py
[2023-03-23 23:10:01,167] {processor.py:641} INFO - Processing file /Users/gabrielroger/Documents/projects/weather-data/.venv/lib/python3.9/site-packages/airflow/example_dags/subdags/subdag.py for tasks to queue
[2023-03-23 23:10:01,167] {logging_mixin.py:115} INFO - [2023-03-23 23:10:01,167] {dagbag.py:507} INFO - Filling up the DagBag from /Users/gabrielroger/Documents/projects/weather-data/.venv/lib/python3.9/site-packages/airflow/example_dags/subdags/subdag.py
[2023-03-23 23:10:01,168] {processor.py:653} WARNING - No viable dags retrieved from /Users/gabrielroger/Documents/projects/weather-data/.venv/lib/python3.9/site-packages/airflow/example_dags/subdags/subdag.py
[2023-03-23 23:10:01,187] {processor.py:161} INFO - Processing /Users/gabrielroger/Documents/projects/weather-data/.venv/lib/python3.9/site-packages/airflow/example_dags/subdags/subdag.py took 0.020 seconds
[2023-03-23 23:10:41,919] {processor.py:153} INFO - Started process (PID=2484) to work on /Users/gabrielroger/Documents/projects/weather-data/.venv/lib/python3.9/site-packages/airflow/example_dags/subdags/subdag.py
[2023-03-23 23:10:41,920] {processor.py:641} INFO - Processing file /Users/gabrielroger/Documents/projects/weather-data/.venv/lib/python3.9/site-packages/airflow/example_dags/subdags/subdag.py for tasks to queue
[2023-03-23 23:10:41,920] {logging_mixin.py:115} INFO - [2023-03-23 23:10:41,920] {dagbag.py:507} INFO - Filling up the DagBag from /Users/gabrielroger/Documents/projects/weather-data/.venv/lib/python3.9/site-packages/airflow/example_dags/subdags/subdag.py
[2023-03-23 23:10:41,921] {processor.py:653} WARNING - No viable dags retrieved from /Users/gabrielroger/Documents/projects/weather-data/.venv/lib/python3.9/site-packages/airflow/example_dags/subdags/subdag.py
[2023-03-23 23:10:41,940] {processor.py:161} INFO - Processing /Users/gabrielroger/Documents/projects/weather-data/.venv/lib/python3.9/site-packages/airflow/example_dags/subdags/subdag.py took 0.021 seconds
