[2023-03-27 21:09:57,244] {taskinstance.py:1159} INFO - Dependencies all met for <TaskInstance: atv.get_hello scheduled__2023-03-27T00:00:00+00:00 [queued]>
[2023-03-27 21:09:57,246] {taskinstance.py:1159} INFO - Dependencies all met for <TaskInstance: atv.get_hello scheduled__2023-03-27T00:00:00+00:00 [queued]>
[2023-03-27 21:09:57,246] {taskinstance.py:1356} INFO - 
--------------------------------------------------------------------------------
[2023-03-27 21:09:57,247] {taskinstance.py:1357} INFO - Starting attempt 1 of 1
[2023-03-27 21:09:57,247] {taskinstance.py:1358} INFO - 
--------------------------------------------------------------------------------
[2023-03-27 21:09:57,252] {taskinstance.py:1377} INFO - Executing <Task(PythonOperator): get_hello> on 2023-03-27 00:00:00+00:00
[2023-03-27 21:09:57,256] {standard_task_runner.py:52} INFO - Started process 6071 to run task
[2023-03-27 21:09:57,259] {standard_task_runner.py:79} INFO - Running: ['airflow', 'tasks', 'run', 'atv', 'get_hello', 'scheduled__2023-03-27T00:00:00+00:00', '--job-id', '26', '--raw', '--subdir', 'DAGS_FOLDER/atv.py', '--cfg-path', '/var/folders/1t/ncp0s87s3bd37gfvks3bsb3w0000gn/T/tmpyc_zyc_g', '--error-file', '/var/folders/1t/ncp0s87s3bd37gfvks3bsb3w0000gn/T/tmpz9rb76kx']
[2023-03-27 21:09:57,260] {standard_task_runner.py:80} INFO - Job 26: Subtask get_hello
[2023-03-27 21:09:57,282] {task_command.py:370} INFO - Running <TaskInstance: atv.get_hello scheduled__2023-03-27T00:00:00+00:00 [running]> on host 1.0.0.127.in-addr.arpa
[2023-03-27 21:09:57,305] {taskinstance.py:1569} INFO - Exporting the following env vars:
AIRFLOW_CTX_DAG_OWNER=airflow
AIRFLOW_CTX_DAG_ID=atv
AIRFLOW_CTX_TASK_ID=get_hello
AIRFLOW_CTX_EXECUTION_DATE=2023-03-27T00:00:00+00:00
AIRFLOW_CTX_TRY_NUMBER=1
AIRFLOW_CTX_DAG_RUN_ID=scheduled__2023-03-27T00:00:00+00:00
[2023-03-27 21:09:57,305] {logging_mixin.py:115} INFO - opa, hello
[2023-03-27 21:09:57,305] {python.py:173} INFO - Done. Returned value was: None
[2023-03-27 21:09:57,309] {taskinstance.py:1395} INFO - Marking task as SUCCESS. dag_id=atv, task_id=get_hello, execution_date=20230327T000000, start_date=20230328T000957, end_date=20230328T000957
[2023-03-27 21:09:57,321] {local_task_job.py:156} INFO - Task exited with return code 0
[2023-03-27 21:09:57,331] {local_task_job.py:273} INFO - 0 downstream tasks scheduled from follow-on schedule check
